[2025-03-26T13:46:15.686+0000] {local_task_job_runner.py:123} INFO - ::group::Pre task execution logs
[2025-03-26T13:46:15.952+0000] {taskinstance.py:2614} INFO - Dependencies all met for dep_context=non-requeueable deps ti=<TaskInstance: containers1_dag.php_app2 scheduled__2025-03-25T01:10:00+00:00 [queued]>
[2025-03-26T13:46:16.030+0000] {taskinstance.py:2614} INFO - Dependencies all met for dep_context=requeueable deps ti=<TaskInstance: containers1_dag.php_app2 scheduled__2025-03-25T01:10:00+00:00 [queued]>
[2025-03-26T13:46:16.032+0000] {taskinstance.py:2867} INFO - Starting attempt 1 of 6
[2025-03-26T13:46:16.147+0000] {taskinstance.py:2890} INFO - Executing <Task(DockerOperator): php_app2> on 2025-03-25 01:10:00+00:00
[2025-03-26T13:46:16.239+0000] {standard_task_runner.py:104} INFO - Running: ['***', 'tasks', 'run', 'containers1_dag', 'php_app2', 'scheduled__2025-03-25T01:10:00+00:00', '--job-id', '51', '--raw', '--subdir', 'DAGS_FOLDER/containers1_dag.py', '--cfg-path', '/tmp/tmp_dytpx87']
[2025-03-26T13:46:16.243+0000] {standard_task_runner.py:105} INFO - Job 51: Subtask php_app2
[2025-03-26T13:46:16.295+0000] {logging_mixin.py:190} WARNING - /home/***/.local/lib/python3.12/site-packages/***/task/task_runner/standard_task_runner.py:70 DeprecationWarning: This process (pid=647) is multi-threaded, use of fork() may lead to deadlocks in the child.
[2025-03-26T13:46:16.297+0000] {standard_task_runner.py:72} INFO - Started process 652 to run task
[2025-03-26T13:46:16.535+0000] {task_command.py:467} INFO - Running <TaskInstance: containers1_dag.php_app2 scheduled__2025-03-25T01:10:00+00:00 [running]> on host 3d581a580455
[2025-03-26T13:46:17.391+0000] {taskinstance.py:3134} INFO - Exporting env vars: AIRFLOW_CTX_DAG_OWNER='andre' AIRFLOW_CTX_DAG_ID='containers1_dag' AIRFLOW_CTX_TASK_ID='php_app2' AIRFLOW_CTX_EXECUTION_DATE='2025-03-25T01:10:00+00:00' AIRFLOW_CTX_TRY_NUMBER='1' AIRFLOW_CTX_DAG_RUN_ID='scheduled__2025-03-25T01:10:00+00:00'
[2025-03-26T13:46:17.393+0000] {taskinstance.py:732} INFO - ::endgroup::
[2025-03-26T13:46:17.813+0000] {docker.py:345} INFO - Starting docker container from image php-app2
[2025-03-26T13:46:17.820+0000] {docker.py:353} WARNING - Using remote engine or docker-in-docker and mounting temporary volume from host is not supported. Falling back to `mount_tmp_dir=False` mode. You can set `mount_tmp_dir` parameter to False to disable mounting and remove the warning
[2025-03-26T13:46:25.822+0000] {docker.py:69} INFO - array(53) {
[2025-03-26T13:46:25.829+0000] {docker.py:69} INFO -   [0]=>
[2025-03-26T13:46:25.830+0000] {docker.py:69} INFO -   object(stdClass)#2 (3) {
[2025-03-26T13:46:25.843+0000] {docker.py:69} INFO -     ["
[2025-03-26T13:46:25.878+0000] {docker.py:69} INFO - contador
[2025-03-26T13:46:25.886+0000] {docker.py:69} INFO - "]=>
[2025-03-26T13:46:25.915+0000] {docker.py:69} INFO -     int(0)
[2025-03-26T13:46:25.932+0000] {docker.py:69} INFO -     ["container"]=>
[2025-03-26T13:46:25.937+0000] {docker.py:69} INFO -     string(8) "php-app1"
[2025-03-26T13:46:26.006+0000] {docker.py:69} INFO -     [
[2025-03-26T13:46:26.007+0000] {docker.py:69} INFO - "timestamp"]=>
[2025-03-26T13:46:26.007+0000] {docker.py:69} INFO -     int(1742852307)
[2025-03-26T13:46:26.076+0000] {docker.py:69} INFO -   }
[2025-03-26T13:46:26.077+0000] {docker.py:69} INFO -   [1]=>
[2025-03-26T13:46:26.081+0000] {docker.py:69} INFO -   object(stdClass)#3 (3) {
[2025-03-26T13:46:26.145+0000] {docker.py:69} INFO -     ["contador"]=>
[2025-03-26T13:46:26.146+0000] {docker.py:69} INFO -     int(1)
[2025-03-26T13:46:26.146+0000] {docker.py:69} INFO -     ["container"]=>
[2025-03-26T13:46:26.147+0000] {docker.py:69} INFO -     string(8) "php-app2"
[2025-03-26T13:46:26.148+0000] {docker.py:69} INFO -     ["timestamp"
[2025-03-26T13:46:26.149+0000] {docker.py:69} INFO - ]=>
[2025-03-26T13:46:26.150+0000] {docker.py:69} INFO -     int(1742852309)
[2025-03-26T13:46:26.150+0000] {docker.py:69} INFO - }
[2025-03-26T13:46:26.151+0000] {docker.py:69} INFO -   [2]=>
[2025-03-26T13:46:26.152+0000] {docker.py:69} INFO -   object(stdClass)#4 (3) {
[2025-03-26T13:46:26.152+0000] {docker.py:69} INFO -     ["contador"]=>
[2025-03-26T13:46:26.153+0000] {docker.py:69} INFO -     int(1)
[2025-03-26T13:46:26.153+0000] {docker.py:69} INFO -     ["container"]=>
[2025-03-26T13:46:26.154+0000] {docker.py:69} INFO -     string(8) "php-app1"
[2025-03-26T13:46:26.154+0000] {docker.py:69} INFO -     ["timestamp"]=>
[2025-03-26T13:46:26.154+0000] {docker.py:69} INFO -     int(1742852311)
[2025-03-26T13:46:26.155+0000] {docker.py:69} INFO -   }
[2025-03-26T13:46:26.155+0000] {docker.py:69} INFO -   [3]=>
[2025-03-26T13:46:26.156+0000] {docker.py:69} INFO -   object(stdClass)#5 (3) {
[2025-03-26T13:46:26.156+0000] {docker.py:69} INFO -     ["contador"]=>
[2025-03-26T13:46:26.157+0000] {docker.py:69} INFO -     int(1)
[2025-03-26T13:46:26.157+0000] {docker.py:69} INFO -     ["container"]=>
[2025-03-26T13:46:26.158+0000] {docker.py:69} INFO -     string(8) "php-app2"
[2025-03-26T13:46:26.159+0000] {docker.py:69} INFO -     [
[2025-03-26T13:46:26.159+0000] {docker.py:69} INFO - "
[2025-03-26T13:46:26.160+0000] {docker.py:69} INFO - timestamp"
[2025-03-26T13:46:26.161+0000] {docker.py:69} INFO - ]=>
[2025-03-26T13:46:26.161+0000] {docker.py:69} INFO - 
[2025-03-26T13:46:26.162+0000] {docker.py:69} INFO - int(1742852314)
[2025-03-26T13:46:26.162+0000] {docker.py:69} INFO -   }
[2025-03-26T13:46:26.163+0000] {docker.py:69} INFO -   [4]=>
[2025-03-26T13:46:26.163+0000] {docker.py:69} INFO - object(stdClass)#6 (3) {
[2025-03-26T13:46:26.164+0000] {docker.py:69} INFO -     ["contador"]=>
[2025-03-26T13:46:26.165+0000] {docker.py:69} INFO - 
[2025-03-26T13:46:26.166+0000] {docker.py:69} INFO - int(1)
[2025-03-26T13:46:26.166+0000] {docker.py:69} INFO -     [
[2025-03-26T13:46:26.167+0000] {docker.py:69} INFO - "
[2025-03-26T13:46:26.168+0000] {docker.py:69} INFO - container"]=>
[2025-03-26T13:46:26.168+0000] {docker.py:69} INFO -     string(8) "
[2025-03-26T13:46:26.169+0000] {docker.py:69} INFO - php-app2
[2025-03-26T13:46:26.169+0000] {docker.py:69} INFO - "
[2025-03-26T13:46:26.170+0000] {docker.py:69} INFO -     [
[2025-03-26T13:46:26.170+0000] {docker.py:69} INFO - "
[2025-03-26T13:46:26.171+0000] {docker.py:69} INFO - timestamp
[2025-03-26T13:46:26.171+0000] {docker.py:69} INFO - "]=>
[2025-03-26T13:46:26.172+0000] {docker.py:69} INFO - 
[2025-03-26T13:46:26.173+0000] {docker.py:69} INFO - int(1742996301)
[2025-03-26T13:46:26.173+0000] {docker.py:69} INFO -   }
[2025-03-26T13:46:26.174+0000] {docker.py:69} INFO -   [5]=>
[2025-03-26T13:46:26.175+0000] {docker.py:69} INFO -   object(stdClass)#7 (3) {
[2025-03-26T13:46:26.175+0000] {docker.py:69} INFO -     ["contador"]=>
[2025-03-26T13:46:26.176+0000] {docker.py:69} INFO -     int(1)
[2025-03-26T13:46:26.176+0000] {docker.py:69} INFO -     ["container"]=>
[2025-03-26T13:46:26.177+0000] {docker.py:69} INFO -     string(8) "php-app1
[2025-03-26T13:46:26.177+0000] {docker.py:69} INFO - "
[2025-03-26T13:46:26.178+0000] {docker.py:69} INFO -     ["timestamp"]=>
[2025-03-26T13:46:26.178+0000] {docker.py:69} INFO - 
[2025-03-26T13:46:26.179+0000] {docker.py:69} INFO - int(1742996302)
[2025-03-26T13:46:26.179+0000] {docker.py:69} INFO -   }
[2025-03-26T13:46:26.180+0000] {docker.py:69} INFO -   [6]=>
[2025-03-26T13:46:26.181+0000] {docker.py:69} INFO -   object(stdClass)#8 (3) {
[2025-03-26T13:46:26.181+0000] {docker.py:69} INFO -     ["contador"]=>
[2025-03-26T13:46:26.182+0000] {docker.py:69} INFO -     int(1)
[2025-03-26T13:46:26.183+0000] {docker.py:69} INFO -     ["container"]=>
[2025-03-26T13:46:26.183+0000] {docker.py:69} INFO -     string(8) "php-app1"
[2025-03-26T13:46:26.187+0000] {docker.py:69} INFO -     ["timestamp"]=>
[2025-03-26T13:46:26.187+0000] {docker.py:69} INFO -     int(1742996302)
[2025-03-26T13:46:26.188+0000] {docker.py:69} INFO -   }
[2025-03-26T13:46:26.188+0000] {docker.py:69} INFO -   [7]=>
[2025-03-26T13:46:26.189+0000] {docker.py:69} INFO -   object(stdClass)#9 (3) {
[2025-03-26T13:46:26.189+0000] {docker.py:69} INFO -     ["contador"]=>
[2025-03-26T13:46:26.191+0000] {docker.py:69} INFO -     int(1)
[2025-03-26T13:46:26.199+0000] {docker.py:69} INFO -     ["container"]=>
[2025-03-26T13:46:26.200+0000] {docker.py:69} INFO -     string(8) "php-app2"
[2025-03-26T13:46:26.200+0000] {docker.py:69} INFO -     ["timestamp"]=>
[2025-03-26T13:46:26.201+0000] {docker.py:69} INFO -     int(1742996303)
[2025-03-26T13:46:26.201+0000] {docker.py:69} INFO -   }
[2025-03-26T13:46:26.202+0000] {docker.py:69} INFO -   [8]=>
[2025-03-26T13:46:26.202+0000] {docker.py:69} INFO -   object(stdClass)#10 (3) {
[2025-03-26T13:46:26.202+0000] {docker.py:69} INFO -     ["contador"]=>
[2025-03-26T13:46:26.203+0000] {docker.py:69} INFO -     int(1)
[2025-03-26T13:46:26.203+0000] {docker.py:69} INFO -     ["container"]=>
[2025-03-26T13:46:26.204+0000] {docker.py:69} INFO -     string(8) "php-app1"
[2025-03-26T13:46:26.204+0000] {docker.py:69} INFO -     ["timestamp"]=>
[2025-03-26T13:46:26.205+0000] {docker.py:69} INFO -     int(1742996304)
[2025-03-26T13:46:26.205+0000] {docker.py:69} INFO -   }
[2025-03-26T13:46:26.207+0000] {docker.py:69} INFO -   [9]=>
[2025-03-26T13:46:26.211+0000] {docker.py:69} INFO -   object(stdClass)#11 (3) {
[2025-03-26T13:46:26.212+0000] {docker.py:69} INFO -     ["contador"]=>
[2025-03-26T13:46:26.217+0000] {docker.py:69} INFO -     int(1)
[2025-03-26T13:46:26.221+0000] {docker.py:69} INFO -     ["container"]=>
[2025-03-26T13:46:26.222+0000] {docker.py:69} INFO -     string(8) "php-app2"
[2025-03-26T13:46:26.223+0000] {docker.py:69} INFO -     ["timestamp"]=>
[2025-03-26T13:46:26.223+0000] {docker.py:69} INFO -     int(1742996305)
[2025-03-26T13:46:26.224+0000] {docker.py:69} INFO -   }
[2025-03-26T13:46:26.225+0000] {docker.py:69} INFO -   [10]=>
[2025-03-26T13:46:26.226+0000] {docker.py:69} INFO -   object(stdClass)#12 (3) {
[2025-03-26T13:46:26.226+0000] {docker.py:69} INFO -     ["contador"]=>
[2025-03-26T13:46:26.226+0000] {docker.py:69} INFO -     int(1)
[2025-03-26T13:46:26.227+0000] {docker.py:69} INFO -     ["container"]=>
[2025-03-26T13:46:26.227+0000] {docker.py:69} INFO -     string(8) "php-app2"
[2025-03-26T13:46:26.229+0000] {docker.py:69} INFO -     ["timestamp"]=>
[2025-03-26T13:46:26.229+0000] {docker.py:69} INFO -     int(1742996305)
[2025-03-26T13:46:26.229+0000] {docker.py:69} INFO -   }
[2025-03-26T13:46:26.230+0000] {docker.py:69} INFO -   [11]=>
[2025-03-26T13:46:26.230+0000] {docker.py:69} INFO -   object(stdClass)#13 (3) {
[2025-03-26T13:46:26.231+0000] {docker.py:69} INFO -     ["contador"]=>
[2025-03-26T13:46:26.232+0000] {docker.py:69} INFO -     int(1)
[2025-03-26T13:46:26.232+0000] {docker.py:69} INFO -     ["container"]=>
[2025-03-26T13:46:26.232+0000] {docker.py:69} INFO -     string(8) "php-app1"
[2025-03-26T13:46:26.233+0000] {docker.py:69} INFO -     ["timestamp"]=>
[2025-03-26T13:46:26.233+0000] {docker.py:69} INFO -     int(1742996305)
[2025-03-26T13:46:26.233+0000] {docker.py:69} INFO -   }
[2025-03-26T13:46:26.234+0000] {docker.py:69} INFO -   [12]=>
[2025-03-26T13:46:26.234+0000] {docker.py:69} INFO -   object(stdClass)#14 (3) {
[2025-03-26T13:46:26.235+0000] {docker.py:69} INFO -     ["contador"]=>
[2025-03-26T13:46:26.235+0000] {docker.py:69} INFO -     int(1)
[2025-03-26T13:46:26.236+0000] {docker.py:69} INFO -     [
[2025-03-26T13:46:26.236+0000] {docker.py:69} INFO - "
[2025-03-26T13:46:26.237+0000] {docker.py:69} INFO - container
[2025-03-26T13:46:26.237+0000] {docker.py:69} INFO - "
[2025-03-26T13:46:26.238+0000] {docker.py:69} INFO - ]=>
[2025-03-26T13:46:26.239+0000] {docker.py:69} INFO - string(8) "
[2025-03-26T13:46:26.239+0000] {docker.py:69} INFO - php-app1
[2025-03-26T13:46:26.240+0000] {docker.py:69} INFO - "
[2025-03-26T13:46:26.240+0000] {docker.py:69} INFO -     [
[2025-03-26T13:46:26.241+0000] {docker.py:69} INFO - "
[2025-03-26T13:46:26.241+0000] {docker.py:69} INFO - timestamp"]=>
[2025-03-26T13:46:26.241+0000] {docker.py:69} INFO -     int(1742996309)
[2025-03-26T13:46:26.242+0000] {docker.py:69} INFO - }
[2025-03-26T13:46:26.242+0000] {docker.py:69} INFO -   [13]=>
[2025-03-26T13:46:26.243+0000] {docker.py:69} INFO - object(stdClass)#15 (3) {
[2025-03-26T13:46:26.243+0000] {docker.py:69} INFO -     ["contador
[2025-03-26T13:46:26.244+0000] {docker.py:69} INFO - "]=>
[2025-03-26T13:46:26.244+0000] {docker.py:69} INFO - 
[2025-03-26T13:46:26.245+0000] {docker.py:69} INFO - int(1)
[2025-03-26T13:46:26.245+0000] {docker.py:69} INFO -     [
[2025-03-26T13:46:26.245+0000] {docker.py:69} INFO - "
[2025-03-26T13:46:26.246+0000] {docker.py:69} INFO - container
[2025-03-26T13:46:26.247+0000] {docker.py:69} INFO - "
[2025-03-26T13:46:26.247+0000] {docker.py:69} INFO - ]=>
[2025-03-26T13:46:26.248+0000] {docker.py:69} INFO - 
[2025-03-26T13:46:26.248+0000] {docker.py:69} INFO - string(8) "
[2025-03-26T13:46:26.248+0000] {docker.py:69} INFO - php-app1"
[2025-03-26T13:46:26.249+0000] {docker.py:69} INFO -     [
[2025-03-26T13:46:26.250+0000] {docker.py:69} INFO - "timestamp"]=>
[2025-03-26T13:46:26.250+0000] {docker.py:69} INFO -     int(1742996309)
[2025-03-26T13:46:26.250+0000] {docker.py:69} INFO - 
[2025-03-26T13:46:26.251+0000] {docker.py:69} INFO - }
[2025-03-26T13:46:26.309+0000] {docker.py:69} INFO -   [14]=>
[2025-03-26T13:46:26.311+0000] {docker.py:69} INFO - 
[2025-03-26T13:46:26.312+0000] {docker.py:69} INFO - object(stdClass)#16 (3) {
[2025-03-26T13:46:26.313+0000] {docker.py:69} INFO -     [
[2025-03-26T13:46:26.313+0000] {docker.py:69} INFO - "
[2025-03-26T13:46:26.315+0000] {docker.py:69} INFO - contador
[2025-03-26T13:46:26.316+0000] {docker.py:69} INFO - "]=>
[2025-03-26T13:46:26.317+0000] {docker.py:69} INFO -     int(1)
[2025-03-26T13:46:26.317+0000] {docker.py:69} INFO -     [
[2025-03-26T13:46:26.318+0000] {docker.py:69} INFO - "
[2025-03-26T13:46:26.318+0000] {docker.py:69} INFO - container
[2025-03-26T13:46:26.320+0000] {docker.py:69} INFO - "
[2025-03-26T13:46:26.320+0000] {docker.py:69} INFO - ]=>
[2025-03-26T13:46:26.321+0000] {docker.py:69} INFO -     string(8) "
[2025-03-26T13:46:26.323+0000] {docker.py:69} INFO - php-app2
[2025-03-26T13:46:26.324+0000] {docker.py:69} INFO - "
[2025-03-26T13:46:26.329+0000] {docker.py:69} INFO -     ["
[2025-03-26T13:46:26.330+0000] {docker.py:69} INFO - timestamp
[2025-03-26T13:46:26.332+0000] {docker.py:69} INFO - "]=>
[2025-03-26T13:46:26.333+0000] {docker.py:69} INFO -     int(1742996309)
[2025-03-26T13:46:26.334+0000] {docker.py:69} INFO - }
[2025-03-26T13:46:26.335+0000] {docker.py:69} INFO -   [15]=>
[2025-03-26T13:46:26.336+0000] {docker.py:69} INFO -   object(stdClass)#17 (3) {
[2025-03-26T13:46:26.338+0000] {docker.py:69} INFO -     [
[2025-03-26T13:46:26.339+0000] {docker.py:69} INFO - "contador"
[2025-03-26T13:46:26.339+0000] {docker.py:69} INFO - ]=>
[2025-03-26T13:46:26.340+0000] {docker.py:69} INFO -     int(1)
[2025-03-26T13:46:26.340+0000] {docker.py:69} INFO -     [
[2025-03-26T13:46:26.342+0000] {docker.py:69} INFO - "
[2025-03-26T13:46:26.346+0000] {docker.py:69} INFO - container"]=>
[2025-03-26T13:46:26.347+0000] {docker.py:69} INFO -     string(8) "php-app2"
[2025-03-26T13:46:26.347+0000] {docker.py:69} INFO -     ["timestamp"]=>
[2025-03-26T13:46:26.348+0000] {docker.py:69} INFO -     int(1742996309)
[2025-03-26T13:46:26.365+0000] {docker.py:69} INFO -   }
[2025-03-26T13:46:26.366+0000] {docker.py:69} INFO -   [16]=>
[2025-03-26T13:46:26.366+0000] {docker.py:69} INFO -   object(stdClass)#18 (3) {
[2025-03-26T13:46:26.367+0000] {docker.py:69} INFO -     ["contador"
[2025-03-26T13:46:26.374+0000] {docker.py:69} INFO - ]=>
[2025-03-26T13:46:26.375+0000] {docker.py:69} INFO -     int(1)
[2025-03-26T13:46:26.376+0000] {docker.py:69} INFO -     ["container"]=>
[2025-03-26T13:46:26.376+0000] {docker.py:69} INFO -     string(8) "php-app1
[2025-03-26T13:46:26.377+0000] {docker.py:69} INFO - "
[2025-03-26T13:46:26.378+0000] {docker.py:69} INFO -     ["
[2025-03-26T13:46:26.379+0000] {docker.py:69} INFO - timestamp
[2025-03-26T13:46:26.379+0000] {docker.py:69} INFO - "]=>
[2025-03-26T13:46:26.380+0000] {docker.py:69} INFO -     int(1742996310)
[2025-03-26T13:46:26.381+0000] {docker.py:69} INFO -   }
[2025-03-26T13:46:26.381+0000] {docker.py:69} INFO -   [17]=>
[2025-03-26T13:46:26.382+0000] {docker.py:69} INFO -   object(stdClass)#19 (3) {
[2025-03-26T13:46:26.383+0000] {docker.py:69} INFO -     ["contador"]=>
[2025-03-26T13:46:26.384+0000] {docker.py:69} INFO -     int(1)
[2025-03-26T13:46:26.386+0000] {docker.py:69} INFO -     ["container"]=>
[2025-03-26T13:46:26.386+0000] {docker.py:69} INFO -     string(8) "php-app2"
[2025-03-26T13:46:26.387+0000] {docker.py:69} INFO -     ["timestamp"]=>
[2025-03-26T13:46:26.387+0000] {docker.py:69} INFO -     int(1742996310)
[2025-03-26T13:46:26.388+0000] {docker.py:69} INFO -   }
[2025-03-26T13:46:26.388+0000] {docker.py:69} INFO -   [18]=>
[2025-03-26T13:46:26.389+0000] {docker.py:69} INFO -   object(stdClass)#20 (3) {
[2025-03-26T13:46:26.390+0000] {docker.py:69} INFO -     ["contador"]=>
[2025-03-26T13:46:26.390+0000] {docker.py:69} INFO -     int(1)
[2025-03-26T13:46:26.391+0000] {docker.py:69} INFO -     ["container"]=>
[2025-03-26T13:46:26.391+0000] {docker.py:69} INFO -     string(8) "php-app2"
[2025-03-26T13:46:26.392+0000] {docker.py:69} INFO -     ["timestamp"]=>
[2025-03-26T13:46:26.392+0000] {docker.py:69} INFO -     int(1742996310)
[2025-03-26T13:46:26.393+0000] {docker.py:69} INFO -   }
[2025-03-26T13:46:26.393+0000] {docker.py:69} INFO -   [19]=>
[2025-03-26T13:46:26.394+0000] {docker.py:69} INFO -   object(stdClass)#21 (3) {
[2025-03-26T13:46:26.394+0000] {docker.py:69} INFO -     ["contador"]=>
[2025-03-26T13:46:26.395+0000] {docker.py:69} INFO -     int(1)
[2025-03-26T13:46:26.396+0000] {docker.py:69} INFO -     [
[2025-03-26T13:46:26.396+0000] {docker.py:69} INFO - "container"]=>
[2025-03-26T13:46:26.397+0000] {docker.py:69} INFO -     string(8) "php-app1"
[2025-03-26T13:46:26.397+0000] {docker.py:69} INFO -     ["timestamp"]=>
[2025-03-26T13:46:26.398+0000] {docker.py:69} INFO -     int(1742996311)
[2025-03-26T13:46:26.399+0000] {docker.py:69} INFO -   }
[2025-03-26T13:46:26.400+0000] {docker.py:69} INFO -   [20]=>
[2025-03-26T13:46:26.401+0000] {docker.py:69} INFO -   object(stdClass)#22 (3) {
[2025-03-26T13:46:26.401+0000] {docker.py:69} INFO -     ["contador"]=>
[2025-03-26T13:46:26.402+0000] {docker.py:69} INFO -     int(1)
[2025-03-26T13:46:26.402+0000] {docker.py:69} INFO -     [
[2025-03-26T13:46:26.403+0000] {docker.py:69} INFO - "container"]=>
[2025-03-26T13:46:26.403+0000] {docker.py:69} INFO -     string(8) "php-app1"
[2025-03-26T13:46:26.404+0000] {docker.py:69} INFO -     ["timestamp
[2025-03-26T13:46:26.404+0000] {docker.py:69} INFO - "]=>
[2025-03-26T13:46:26.405+0000] {docker.py:69} INFO - int(1742996311)
[2025-03-26T13:46:26.405+0000] {docker.py:69} INFO -   }
[2025-03-26T13:46:26.406+0000] {docker.py:69} INFO -   [21]=>
[2025-03-26T13:46:26.406+0000] {docker.py:69} INFO - object(stdClass)#23 (3) {
[2025-03-26T13:46:26.407+0000] {docker.py:69} INFO -     ["
[2025-03-26T13:46:26.407+0000] {docker.py:69} INFO - contador
[2025-03-26T13:46:26.408+0000] {docker.py:69} INFO - "]=>
[2025-03-26T13:46:26.408+0000] {docker.py:69} INFO -     int(1)
[2025-03-26T13:46:26.409+0000] {docker.py:69} INFO -     ["container"]=>
[2025-03-26T13:46:26.409+0000] {docker.py:69} INFO -     string(8) "php-app2"
[2025-03-26T13:46:26.409+0000] {docker.py:69} INFO -     ["timestamp"]=>
[2025-03-26T13:46:26.410+0000] {docker.py:69} INFO -     int(1742996312)
[2025-03-26T13:46:26.410+0000] {docker.py:69} INFO -   }
[2025-03-26T13:46:26.411+0000] {docker.py:69} INFO -   [22]=>
[2025-03-26T13:46:26.412+0000] {docker.py:69} INFO -   object(stdClass)#24 (3) {
[2025-03-26T13:46:26.412+0000] {docker.py:69} INFO -     [
[2025-03-26T13:46:26.413+0000] {docker.py:69} INFO - "contador"]=>
[2025-03-26T13:46:26.413+0000] {docker.py:69} INFO -     int(1)
[2025-03-26T13:46:26.414+0000] {docker.py:69} INFO -     ["
[2025-03-26T13:46:26.415+0000] {docker.py:69} INFO - container"
[2025-03-26T13:46:26.416+0000] {docker.py:69} INFO - ]=>
[2025-03-26T13:46:26.417+0000] {docker.py:69} INFO -     string(8) "php-app1
[2025-03-26T13:46:26.418+0000] {docker.py:69} INFO - "
[2025-03-26T13:46:26.418+0000] {docker.py:69} INFO -     ["timestamp"]=>
[2025-03-26T13:46:26.419+0000] {docker.py:69} INFO -     int(1742996313)
[2025-03-26T13:46:26.419+0000] {docker.py:69} INFO -   }
[2025-03-26T13:46:26.420+0000] {docker.py:69} INFO -   [23]=>
[2025-03-26T13:46:26.420+0000] {docker.py:69} INFO -   object(stdClass)#25 (3) {
[2025-03-26T13:46:26.421+0000] {docker.py:69} INFO -     ["contador"]=>
[2025-03-26T13:46:26.421+0000] {docker.py:69} INFO -     int(1)
[2025-03-26T13:46:26.422+0000] {docker.py:69} INFO -     ["container"]=>
[2025-03-26T13:46:26.422+0000] {docker.py:69} INFO -     string(8) "php-app1"
[2025-03-26T13:46:26.422+0000] {docker.py:69} INFO -     ["timestamp"]=>
[2025-03-26T13:46:26.423+0000] {docker.py:69} INFO -     int(1742996751)
[2025-03-26T13:46:26.423+0000] {docker.py:69} INFO -   }
[2025-03-26T13:46:26.424+0000] {docker.py:69} INFO -   [24]=>
[2025-03-26T13:46:26.424+0000] {docker.py:69} INFO -   object(stdClass)#26 (3) {
[2025-03-26T13:46:26.425+0000] {docker.py:69} INFO -     ["contador"]=>
[2025-03-26T13:46:26.425+0000] {docker.py:69} INFO -     int(1)
[2025-03-26T13:46:26.426+0000] {docker.py:69} INFO -     ["container"]=>
[2025-03-26T13:46:26.426+0000] {docker.py:69} INFO -     string(8) "php-app2"
[2025-03-26T13:46:26.427+0000] {docker.py:69} INFO -     ["timestamp"]=>
[2025-03-26T13:46:26.427+0000] {docker.py:69} INFO -     int(1742996751)
[2025-03-26T13:46:26.431+0000] {docker.py:69} INFO -   }
[2025-03-26T13:46:26.432+0000] {docker.py:69} INFO -   [25]=>
[2025-03-26T13:46:26.432+0000] {docker.py:69} INFO -   object(stdClass)#27 (3) {
[2025-03-26T13:46:26.433+0000] {docker.py:69} INFO -     ["contador"]=>
[2025-03-26T13:46:26.437+0000] {docker.py:69} INFO -     int(1)
[2025-03-26T13:46:26.438+0000] {docker.py:69} INFO -     ["container
[2025-03-26T13:46:26.439+0000] {docker.py:69} INFO - "]=>
[2025-03-26T13:46:26.439+0000] {docker.py:69} INFO - string(8) "
[2025-03-26T13:46:26.440+0000] {docker.py:69} INFO - php-app2"
[2025-03-26T13:46:26.440+0000] {docker.py:69} INFO -     ["timestamp"]=>
[2025-03-26T13:46:26.441+0000] {docker.py:69} INFO -     int(1742996756)
[2025-03-26T13:46:26.441+0000] {docker.py:69} INFO -   }
[2025-03-26T13:46:26.442+0000] {docker.py:69} INFO -   [26]=>
[2025-03-26T13:46:26.442+0000] {docker.py:69} INFO -   object(stdClass)#28 (3) {
[2025-03-26T13:46:26.442+0000] {docker.py:69} INFO -     ["contador"]=>
[2025-03-26T13:46:26.443+0000] {docker.py:69} INFO -     int(1)
[2025-03-26T13:46:26.443+0000] {docker.py:69} INFO -     ["container"]=>
[2025-03-26T13:46:26.444+0000] {docker.py:69} INFO -     string(8) "php-app1"
[2025-03-26T13:46:26.444+0000] {docker.py:69} INFO -     ["
[2025-03-26T13:46:26.445+0000] {docker.py:69} INFO - timestamp
[2025-03-26T13:46:26.445+0000] {docker.py:69} INFO - "
[2025-03-26T13:46:26.446+0000] {docker.py:69} INFO - ]=>
[2025-03-26T13:46:26.446+0000] {docker.py:69} INFO -     int(1742996756)
[2025-03-26T13:46:26.447+0000] {docker.py:69} INFO -   }
[2025-03-26T13:46:26.447+0000] {docker.py:69} INFO -   [27]=>
[2025-03-26T13:46:26.447+0000] {docker.py:69} INFO -   object(stdClass)#29 (3) {
[2025-03-26T13:46:26.447+0000] {docker.py:69} INFO -     ["contador"]=>
[2025-03-26T13:46:26.448+0000] {docker.py:69} INFO -     int(1)
[2025-03-26T13:46:26.448+0000] {docker.py:69} INFO -     ["container"]=>
[2025-03-26T13:46:26.448+0000] {docker.py:69} INFO -     string(8) "php-app1"
[2025-03-26T13:46:26.455+0000] {docker.py:69} INFO -     ["timestamp"]=>
[2025-03-26T13:46:26.456+0000] {docker.py:69} INFO -     int(1742996757)
[2025-03-26T13:46:26.456+0000] {docker.py:69} INFO -   }
[2025-03-26T13:46:26.457+0000] {docker.py:69} INFO -   [28]=>
[2025-03-26T13:46:26.460+0000] {docker.py:69} INFO -   object(stdClass)#30 (3) {
[2025-03-26T13:46:26.463+0000] {docker.py:69} INFO -     ["contador"]=>
[2025-03-26T13:46:26.463+0000] {docker.py:69} INFO -     int(1)
[2025-03-26T13:46:26.464+0000] {docker.py:69} INFO -     ["container"]=>
[2025-03-26T13:46:26.464+0000] {docker.py:69} INFO -     string(8) "php-app2"
[2025-03-26T13:46:26.465+0000] {docker.py:69} INFO -     ["timestamp"]=>
[2025-03-26T13:46:26.465+0000] {docker.py:69} INFO -     int(1742996757)
[2025-03-26T13:46:26.465+0000] {docker.py:69} INFO -   }
[2025-03-26T13:46:26.466+0000] {docker.py:69} INFO -   [29]=>
[2025-03-26T13:46:26.466+0000] {docker.py:69} INFO -   object(stdClass)#31 (3) {
[2025-03-26T13:46:26.467+0000] {docker.py:69} INFO -     ["contador
[2025-03-26T13:46:26.467+0000] {docker.py:69} INFO - "]=>
[2025-03-26T13:46:26.468+0000] {docker.py:69} INFO -     int(1)
[2025-03-26T13:46:26.468+0000] {docker.py:69} INFO -     ["container"]=>
[2025-03-26T13:46:26.468+0000] {docker.py:69} INFO -     string(8) "php-app2"
[2025-03-26T13:46:26.470+0000] {docker.py:69} INFO -     ["timestamp"]=>
[2025-03-26T13:46:26.471+0000] {docker.py:69} INFO -     int(1742996758)
[2025-03-26T13:46:26.471+0000] {docker.py:69} INFO -   }
[2025-03-26T13:46:26.472+0000] {docker.py:69} INFO -   [30]=>
[2025-03-26T13:46:26.472+0000] {docker.py:69} INFO -   object(stdClass)#32 (3) {
[2025-03-26T13:46:26.472+0000] {docker.py:69} INFO -     ["contador"]=>
[2025-03-26T13:46:26.473+0000] {docker.py:69} INFO -     int(1)
[2025-03-26T13:46:26.473+0000] {docker.py:69} INFO -     ["container
[2025-03-26T13:46:26.474+0000] {docker.py:69} INFO - "]=>
[2025-03-26T13:46:26.474+0000] {docker.py:69} INFO -     string(8) "php-app1"
[2025-03-26T13:46:26.474+0000] {docker.py:69} INFO -     ["timestamp"]=>
[2025-03-26T13:46:26.475+0000] {docker.py:69} INFO -     int(1742996760)
[2025-03-26T13:46:26.476+0000] {docker.py:69} INFO -   }
[2025-03-26T13:46:26.476+0000] {docker.py:69} INFO -   [31]=>
[2025-03-26T13:46:26.476+0000] {docker.py:69} INFO -   object(stdClass)#33 (3) {
[2025-03-26T13:46:26.477+0000] {docker.py:69} INFO -     ["contador"]=>
[2025-03-26T13:46:26.477+0000] {docker.py:69} INFO -     int(1)
[2025-03-26T13:46:26.478+0000] {docker.py:69} INFO -     ["container"]=>
[2025-03-26T13:46:26.478+0000] {docker.py:69} INFO -     string(8) "php-app2"
[2025-03-26T13:46:26.478+0000] {docker.py:69} INFO -     ["timestamp"]=>
[2025-03-26T13:46:26.479+0000] {docker.py:69} INFO -     int(1742996760)
[2025-03-26T13:46:26.479+0000] {docker.py:69} INFO -   }
[2025-03-26T13:46:26.479+0000] {docker.py:69} INFO -   [32]=>
[2025-03-26T13:46:26.480+0000] {docker.py:69} INFO -   object(stdClass)#34 (3) {
[2025-03-26T13:46:26.480+0000] {docker.py:69} INFO -     ["contador"]=>
[2025-03-26T13:46:26.481+0000] {docker.py:69} INFO -     int(1)
[2025-03-26T13:46:26.481+0000] {docker.py:69} INFO -     ["container"]=>
[2025-03-26T13:46:26.481+0000] {docker.py:69} INFO -     string(8) "php-app2"
[2025-03-26T13:46:26.482+0000] {docker.py:69} INFO -     ["timestamp"]=>
[2025-03-26T13:46:26.482+0000] {docker.py:69} INFO -     int(1742996761)
[2025-03-26T13:46:26.482+0000] {docker.py:69} INFO -   }
[2025-03-26T13:46:26.483+0000] {docker.py:69} INFO -   [33]=>
[2025-03-26T13:46:26.483+0000] {docker.py:69} INFO - object(stdClass)#35 (3) {
[2025-03-26T13:46:26.484+0000] {docker.py:69} INFO -     ["contador"]=>
[2025-03-26T13:46:26.484+0000] {docker.py:69} INFO -     int(1)
[2025-03-26T13:46:26.484+0000] {docker.py:69} INFO -     ["container"]=>
[2025-03-26T13:46:26.485+0000] {docker.py:69} INFO -     string(8) "php-app1"
[2025-03-26T13:46:26.485+0000] {docker.py:69} INFO -     ["timestamp"]=>
[2025-03-26T13:46:26.486+0000] {docker.py:69} INFO -     int(1742996762)
[2025-03-26T13:46:26.486+0000] {docker.py:69} INFO -   }
[2025-03-26T13:46:26.486+0000] {docker.py:69} INFO -   [34]=>
[2025-03-26T13:46:26.487+0000] {docker.py:69} INFO -   object(stdClass)#36 (3) {
[2025-03-26T13:46:26.487+0000] {docker.py:69} INFO -     [
[2025-03-26T13:46:26.487+0000] {docker.py:69} INFO - "
[2025-03-26T13:46:26.488+0000] {docker.py:69} INFO - contador"]=>
[2025-03-26T13:46:26.488+0000] {docker.py:69} INFO -     int(1)
[2025-03-26T13:46:26.489+0000] {docker.py:69} INFO -     ["container"]=>
[2025-03-26T13:46:26.489+0000] {docker.py:69} INFO -     string(8) "php-app2"
[2025-03-26T13:46:26.489+0000] {docker.py:69} INFO -     ["timestamp"]=>
[2025-03-26T13:46:26.490+0000] {docker.py:69} INFO -     int(1742996762)
[2025-03-26T13:46:26.490+0000] {docker.py:69} INFO -   }
[2025-03-26T13:46:26.491+0000] {docker.py:69} INFO -   [35]=>
[2025-03-26T13:46:26.491+0000] {docker.py:69} INFO -   object(stdClass)#37 (3) {
[2025-03-26T13:46:26.491+0000] {docker.py:69} INFO -     ["contador"]=>
[2025-03-26T13:46:26.492+0000] {docker.py:69} INFO -     int(1)
[2025-03-26T13:46:26.492+0000] {docker.py:69} INFO -     ["container"]=>
[2025-03-26T13:46:26.493+0000] {docker.py:69} INFO -     string(8) "php-app1"
[2025-03-26T13:46:26.493+0000] {docker.py:69} INFO -     ["timestamp"]=>
[2025-03-26T13:46:26.493+0000] {docker.py:69} INFO -     int(1742996763)
[2025-03-26T13:46:26.494+0000] {docker.py:69} INFO -   }
[2025-03-26T13:46:26.494+0000] {docker.py:69} INFO -   [36]=>
[2025-03-26T13:46:26.494+0000] {docker.py:69} INFO -   object(stdClass)#38 (3) {
[2025-03-26T13:46:26.495+0000] {docker.py:69} INFO -     ["contador"]=>
[2025-03-26T13:46:26.495+0000] {docker.py:69} INFO -     int(1)
[2025-03-26T13:46:26.495+0000] {docker.py:69} INFO -     ["container"]=>
[2025-03-26T13:46:26.496+0000] {docker.py:69} INFO -     string(8) "php-app1"
[2025-03-26T13:46:26.496+0000] {docker.py:69} INFO -     ["timestamp"]=>
[2025-03-26T13:46:26.496+0000] {docker.py:69} INFO -     int(1742996763)
[2025-03-26T13:46:26.497+0000] {docker.py:69} INFO -   }
[2025-03-26T13:46:26.497+0000] {docker.py:69} INFO -   [37]=>
[2025-03-26T13:46:26.498+0000] {docker.py:69} INFO -   object(stdClass)#39 (3) {
[2025-03-26T13:46:26.498+0000] {docker.py:69} INFO -     [
[2025-03-26T13:46:26.498+0000] {docker.py:69} INFO - "
[2025-03-26T13:46:26.499+0000] {docker.py:69} INFO - contador
[2025-03-26T13:46:26.499+0000] {docker.py:69} INFO - "
[2025-03-26T13:46:26.500+0000] {docker.py:69} INFO - ]=>
[2025-03-26T13:46:26.500+0000] {docker.py:69} INFO - int(1)
[2025-03-26T13:46:26.501+0000] {docker.py:69} INFO -     [
[2025-03-26T13:46:26.501+0000] {docker.py:69} INFO - "
[2025-03-26T13:46:26.501+0000] {docker.py:69} INFO - container
[2025-03-26T13:46:26.502+0000] {docker.py:69} INFO - "]=>
[2025-03-26T13:46:26.502+0000] {docker.py:69} INFO -     string(8) "php-app2
[2025-03-26T13:46:26.503+0000] {docker.py:69} INFO - "
[2025-03-26T13:46:26.503+0000] {docker.py:69} INFO -     ["
[2025-03-26T13:46:26.504+0000] {docker.py:69} INFO - timestamp
[2025-03-26T13:46:26.504+0000] {docker.py:69} INFO - "
[2025-03-26T13:46:26.505+0000] {docker.py:69} INFO - ]=>
[2025-03-26T13:46:26.505+0000] {docker.py:69} INFO - int(1742996771)
[2025-03-26T13:46:26.506+0000] {docker.py:69} INFO - 
[2025-03-26T13:46:26.506+0000] {docker.py:69} INFO - }
[2025-03-26T13:46:26.507+0000] {docker.py:69} INFO -   [38]=>
[2025-03-26T13:46:26.507+0000] {docker.py:69} INFO - 
[2025-03-26T13:46:26.508+0000] {docker.py:69} INFO - object(stdClass)#40 (3) {
[2025-03-26T13:46:26.508+0000] {docker.py:69} INFO -     [
[2025-03-26T13:46:26.509+0000] {docker.py:69} INFO - "
[2025-03-26T13:46:26.509+0000] {docker.py:69} INFO - contador
[2025-03-26T13:46:26.510+0000] {docker.py:69} INFO - "]=>
[2025-03-26T13:46:26.510+0000] {docker.py:69} INFO - 
[2025-03-26T13:46:26.511+0000] {docker.py:69} INFO - int(1)
[2025-03-26T13:46:26.511+0000] {docker.py:69} INFO -     ["
[2025-03-26T13:46:26.512+0000] {docker.py:69} INFO - container
[2025-03-26T13:46:26.512+0000] {docker.py:69} INFO - "
[2025-03-26T13:46:26.513+0000] {docker.py:69} INFO - ]=>
[2025-03-26T13:46:26.513+0000] {docker.py:69} INFO -     string(8) "php-app2"
[2025-03-26T13:46:26.513+0000] {docker.py:69} INFO -     ["timestamp"]=>
[2025-03-26T13:46:26.514+0000] {docker.py:69} INFO -     int(1742996773)
[2025-03-26T13:46:26.514+0000] {docker.py:69} INFO -   }
[2025-03-26T13:46:26.514+0000] {docker.py:69} INFO -   [39]=>
[2025-03-26T13:46:26.515+0000] {docker.py:69} INFO -   object(stdClass)#41 (3) {
[2025-03-26T13:46:26.515+0000] {docker.py:69} INFO -     ["contador"]=>
[2025-03-26T13:46:26.515+0000] {docker.py:69} INFO -     int(1)
[2025-03-26T13:46:26.516+0000] {docker.py:69} INFO -     ["container"]=>
[2025-03-26T13:46:26.516+0000] {docker.py:69} INFO -     string(8) "php-app1"
[2025-03-26T13:46:26.516+0000] {docker.py:69} INFO -     ["timestamp"]=>
[2025-03-26T13:46:26.517+0000] {docker.py:69} INFO -     int(1742996773)
[2025-03-26T13:46:26.517+0000] {docker.py:69} INFO -   }
[2025-03-26T13:46:26.517+0000] {docker.py:69} INFO -   [40]=>
[2025-03-26T13:46:26.518+0000] {docker.py:69} INFO -   object(stdClass)#42 (3) {
[2025-03-26T13:46:26.518+0000] {docker.py:69} INFO -     ["contador"]=>
[2025-03-26T13:46:26.518+0000] {docker.py:69} INFO -     int(1)
[2025-03-26T13:46:26.519+0000] {docker.py:69} INFO -     ["container"]=>
[2025-03-26T13:46:26.519+0000] {docker.py:69} INFO -     string(8) "php-app1"
[2025-03-26T13:46:26.520+0000] {docker.py:69} INFO -     ["timestamp"]=>
[2025-03-26T13:46:26.520+0000] {docker.py:69} INFO -     int(1742996775)
[2025-03-26T13:46:26.520+0000] {docker.py:69} INFO -   }
[2025-03-26T13:46:26.521+0000] {docker.py:69} INFO -   [41]=>
[2025-03-26T13:46:26.521+0000] {docker.py:69} INFO - object(stdClass)#43 (3) {
[2025-03-26T13:46:26.522+0000] {docker.py:69} INFO -     [
[2025-03-26T13:46:26.522+0000] {docker.py:69} INFO - "contador"
[2025-03-26T13:46:26.523+0000] {docker.py:69} INFO - ]=>
[2025-03-26T13:46:26.523+0000] {docker.py:69} INFO -     int(1)
[2025-03-26T13:46:26.524+0000] {docker.py:69} INFO -     ["container"]=>
[2025-03-26T13:46:26.524+0000] {docker.py:69} INFO -     string(8) "
[2025-03-26T13:46:26.525+0000] {docker.py:69} INFO - php-app2"
[2025-03-26T13:46:26.526+0000] {docker.py:69} INFO -     [
[2025-03-26T13:46:26.528+0000] {docker.py:69} INFO - "timestamp
[2025-03-26T13:46:26.529+0000] {docker.py:69} INFO - "]=>
[2025-03-26T13:46:26.530+0000] {docker.py:69} INFO - int(1742996775)
[2025-03-26T13:46:26.531+0000] {docker.py:69} INFO - }
[2025-03-26T13:46:26.531+0000] {docker.py:69} INFO -   [42]=>
[2025-03-26T13:46:26.532+0000] {docker.py:69} INFO - 
[2025-03-26T13:46:26.532+0000] {docker.py:69} INFO - object(stdClass)#44 (3) {
[2025-03-26T13:46:26.533+0000] {docker.py:69} INFO -     [
[2025-03-26T13:46:26.533+0000] {docker.py:69} INFO - "contador
[2025-03-26T13:46:26.534+0000] {docker.py:69} INFO - "]=>
[2025-03-26T13:46:26.534+0000] {docker.py:69} INFO - 
[2025-03-26T13:46:26.535+0000] {docker.py:69} INFO - int(1)
[2025-03-26T13:46:26.537+0000] {docker.py:69} INFO -     [
[2025-03-26T13:46:26.538+0000] {docker.py:69} INFO - "
[2025-03-26T13:46:26.538+0000] {docker.py:69} INFO - container"
[2025-03-26T13:46:26.539+0000] {docker.py:69} INFO - ]=>
[2025-03-26T13:46:26.539+0000] {docker.py:69} INFO -     string(8) "
[2025-03-26T13:46:26.540+0000] {docker.py:69} INFO - php-app2"
[2025-03-26T13:46:26.540+0000] {docker.py:69} INFO -     ["
[2025-03-26T13:46:26.541+0000] {docker.py:69} INFO - timestamp"
[2025-03-26T13:46:26.542+0000] {docker.py:69} INFO - ]=>
[2025-03-26T13:46:26.542+0000] {docker.py:69} INFO - 
[2025-03-26T13:46:26.543+0000] {docker.py:69} INFO - int(1742996775)
[2025-03-26T13:46:26.543+0000] {docker.py:69} INFO - 
[2025-03-26T13:46:26.545+0000] {docker.py:69} INFO - }
[2025-03-26T13:46:26.546+0000] {docker.py:69} INFO -   [43]=>
[2025-03-26T13:46:26.546+0000] {docker.py:69} INFO -   object(stdClass)#45 (3) {
[2025-03-26T13:46:26.550+0000] {docker.py:69} INFO -     ["
[2025-03-26T13:46:26.551+0000] {docker.py:69} INFO - contador
[2025-03-26T13:46:26.552+0000] {docker.py:69} INFO - "
[2025-03-26T13:46:26.553+0000] {docker.py:69} INFO - ]=>
[2025-03-26T13:46:26.553+0000] {docker.py:69} INFO -     int(1)
[2025-03-26T13:46:26.554+0000] {docker.py:69} INFO -     ["
[2025-03-26T13:46:26.554+0000] {docker.py:69} INFO - container"]=>
[2025-03-26T13:46:26.555+0000] {docker.py:69} INFO - string(8) "
[2025-03-26T13:46:26.558+0000] {docker.py:69} INFO - php-app1
[2025-03-26T13:46:26.558+0000] {docker.py:69} INFO - "
[2025-03-26T13:46:26.568+0000] {docker.py:69} INFO -     [
[2025-03-26T13:46:26.571+0000] {docker.py:69} INFO - "timestamp
[2025-03-26T13:46:26.588+0000] {docker.py:69} INFO - "
[2025-03-26T13:46:26.638+0000] {docker.py:69} INFO - ]=>
[2025-03-26T13:46:26.639+0000] {docker.py:69} INFO - int(1742996777)
[2025-03-26T13:46:26.640+0000] {docker.py:69} INFO - 
[2025-03-26T13:46:26.640+0000] {docker.py:69} INFO - }
[2025-03-26T13:46:26.641+0000] {docker.py:69} INFO -   [44]=>
[2025-03-26T13:46:26.642+0000] {docker.py:69} INFO - 
[2025-03-26T13:46:26.642+0000] {docker.py:69} INFO - object(stdClass)#46 (3) {
[2025-03-26T13:46:26.643+0000] {docker.py:69} INFO -     [
[2025-03-26T13:46:26.644+0000] {docker.py:69} INFO - "contador
[2025-03-26T13:46:26.645+0000] {docker.py:69} INFO - "
[2025-03-26T13:46:26.646+0000] {docker.py:69} INFO - ]=>
[2025-03-26T13:46:26.646+0000] {docker.py:69} INFO -     int(1)
[2025-03-26T13:46:26.647+0000] {docker.py:69} INFO -     ["container
[2025-03-26T13:46:26.648+0000] {docker.py:69} INFO - "]=>
[2025-03-26T13:46:26.649+0000] {docker.py:69} INFO - 
[2025-03-26T13:46:26.649+0000] {docker.py:69} INFO - string(8) "php-app1
[2025-03-26T13:46:26.650+0000] {docker.py:69} INFO - "
[2025-03-26T13:46:26.651+0000] {docker.py:69} INFO -     [
[2025-03-26T13:46:26.653+0000] {docker.py:69} INFO - "
[2025-03-26T13:46:26.654+0000] {docker.py:69} INFO - timestamp"
[2025-03-26T13:46:26.655+0000] {docker.py:69} INFO - ]=>
[2025-03-26T13:46:26.655+0000] {docker.py:69} INFO -     int(1742996779)
[2025-03-26T13:46:26.656+0000] {docker.py:69} INFO -   }
[2025-03-26T13:46:26.657+0000] {docker.py:69} INFO -   [45]=>
[2025-03-26T13:46:26.657+0000] {docker.py:69} INFO - 
[2025-03-26T13:46:26.658+0000] {docker.py:69} INFO - object(stdClass)#47 (3) {
[2025-03-26T13:46:26.659+0000] {docker.py:69} INFO -     [
[2025-03-26T13:46:26.659+0000] {docker.py:69} INFO - "
[2025-03-26T13:46:26.660+0000] {docker.py:69} INFO - contador"]=>
[2025-03-26T13:46:26.661+0000] {docker.py:69} INFO -     int(1)
[2025-03-26T13:46:26.662+0000] {docker.py:69} INFO -     ["
[2025-03-26T13:46:26.663+0000] {docker.py:69} INFO - container
[2025-03-26T13:46:26.663+0000] {docker.py:69} INFO - "]=>
[2025-03-26T13:46:26.664+0000] {docker.py:69} INFO -     string(8) "
[2025-03-26T13:46:26.665+0000] {docker.py:69} INFO - php-app2
[2025-03-26T13:46:26.666+0000] {docker.py:69} INFO - "
[2025-03-26T13:46:26.669+0000] {docker.py:69} INFO -     [
[2025-03-26T13:46:26.671+0000] {docker.py:69} INFO - "
[2025-03-26T13:46:26.672+0000] {docker.py:69} INFO - timestamp
[2025-03-26T13:46:26.672+0000] {docker.py:69} INFO - "]=>
[2025-03-26T13:46:26.673+0000] {docker.py:69} INFO - 
[2025-03-26T13:46:26.674+0000] {docker.py:69} INFO - int(1742996779)
[2025-03-26T13:46:26.675+0000] {docker.py:69} INFO - }
[2025-03-26T13:46:26.676+0000] {docker.py:69} INFO -   [46]=>
[2025-03-26T13:46:26.676+0000] {docker.py:69} INFO -   object(stdClass)#48 (3) {
[2025-03-26T13:46:26.677+0000] {docker.py:69} INFO -     ["contador
[2025-03-26T13:46:26.679+0000] {docker.py:69} INFO - "
[2025-03-26T13:46:26.679+0000] {docker.py:69} INFO - ]=>
[2025-03-26T13:46:26.680+0000] {docker.py:69} INFO - int(1)
[2025-03-26T13:46:26.681+0000] {docker.py:69} INFO -     [
[2025-03-26T13:46:26.683+0000] {docker.py:69} INFO - "container
[2025-03-26T13:46:26.684+0000] {docker.py:69} INFO - "]=>
[2025-03-26T13:46:26.686+0000] {docker.py:69} INFO - string(8) "
[2025-03-26T13:46:26.686+0000] {docker.py:69} INFO - php-app1
[2025-03-26T13:46:26.687+0000] {docker.py:69} INFO - "
[2025-03-26T13:46:26.688+0000] {docker.py:69} INFO -     [
[2025-03-26T13:46:26.688+0000] {docker.py:69} INFO - "
[2025-03-26T13:46:26.689+0000] {docker.py:69} INFO - timestamp
[2025-03-26T13:46:26.690+0000] {docker.py:69} INFO - "
[2025-03-26T13:46:26.691+0000] {docker.py:69} INFO - ]=>
[2025-03-26T13:46:26.692+0000] {docker.py:69} INFO - int(1742996781)
[2025-03-26T13:46:26.693+0000] {docker.py:69} INFO -   }
[2025-03-26T13:46:26.693+0000] {docker.py:69} INFO -   [47]=>
[2025-03-26T13:46:26.694+0000] {docker.py:69} INFO -   object(stdClass)#49 (3) {
[2025-03-26T13:46:26.696+0000] {docker.py:69} INFO -     ["contador"]=>
[2025-03-26T13:46:26.696+0000] {docker.py:69} INFO -     int(1)
[2025-03-26T13:46:26.697+0000] {docker.py:69} INFO -     ["container"]=>
[2025-03-26T13:46:26.698+0000] {docker.py:69} INFO -     string(8) "php-app1"
[2025-03-26T13:46:26.700+0000] {docker.py:69} INFO -     ["timestamp"]=>
[2025-03-26T13:46:26.701+0000] {docker.py:69} INFO - 
[2025-03-26T13:46:26.702+0000] {docker.py:69} INFO - int(1742996781)
[2025-03-26T13:46:26.703+0000] {docker.py:69} INFO - 
[2025-03-26T13:46:26.703+0000] {docker.py:69} INFO - }
[2025-03-26T13:46:26.704+0000] {docker.py:69} INFO -   [48]=>
[2025-03-26T13:46:26.705+0000] {docker.py:69} INFO - object(stdClass)#50 (3) {
[2025-03-26T13:46:26.705+0000] {docker.py:69} INFO -     [
[2025-03-26T13:46:26.706+0000] {docker.py:69} INFO - "contador
[2025-03-26T13:46:26.707+0000] {docker.py:69} INFO - "]=>
[2025-03-26T13:46:26.707+0000] {docker.py:69} INFO -     int(1)
[2025-03-26T13:46:26.708+0000] {docker.py:69} INFO -     ["container"]=>
[2025-03-26T13:46:26.708+0000] {docker.py:69} INFO -     string(8) "php-app2"
[2025-03-26T13:46:26.709+0000] {docker.py:69} INFO -     ["timestamp"]=>
[2025-03-26T13:46:26.709+0000] {docker.py:69} INFO -     int(1742996781)
[2025-03-26T13:46:26.710+0000] {docker.py:69} INFO -   }
[2025-03-26T13:46:26.712+0000] {docker.py:69} INFO -   [49]=>
[2025-03-26T13:46:26.712+0000] {docker.py:69} INFO - object(stdClass)#51 (3) {
[2025-03-26T13:46:26.714+0000] {docker.py:69} INFO -     ["contador"]=>
[2025-03-26T13:46:26.715+0000] {docker.py:69} INFO -     int(1)
[2025-03-26T13:46:26.716+0000] {docker.py:69} INFO -     ["container"]=>
[2025-03-26T13:46:26.718+0000] {docker.py:69} INFO -     string(8) "php-app1"
[2025-03-26T13:46:26.719+0000] {docker.py:69} INFO -     ["timestamp"]=>
[2025-03-26T13:46:26.719+0000] {docker.py:69} INFO -     int(1742996783)
[2025-03-26T13:46:26.720+0000] {docker.py:69} INFO -   }
[2025-03-26T13:46:26.724+0000] {docker.py:69} INFO -   [50]=>
[2025-03-26T13:46:26.726+0000] {docker.py:69} INFO -   object(stdClass)#52 (3) {
[2025-03-26T13:46:26.727+0000] {docker.py:69} INFO -     ["contador"]=>
[2025-03-26T13:46:26.727+0000] {docker.py:69} INFO -     int(1)
[2025-03-26T13:46:26.728+0000] {docker.py:69} INFO -     ["container"]=>
[2025-03-26T13:46:26.729+0000] {docker.py:69} INFO -     string(8) "php-app2"
[2025-03-26T13:46:26.729+0000] {docker.py:69} INFO -     ["timestamp"]=>
[2025-03-26T13:46:26.730+0000] {docker.py:69} INFO -     int(1742996783)
[2025-03-26T13:46:26.730+0000] {docker.py:69} INFO -   }
[2025-03-26T13:46:26.730+0000] {docker.py:69} INFO -   [51]=>
[2025-03-26T13:46:26.731+0000] {docker.py:69} INFO -   object(stdClass)#53 (3) {
[2025-03-26T13:46:26.732+0000] {docker.py:69} INFO -     ["contador"]=>
[2025-03-26T13:46:26.733+0000] {docker.py:69} INFO -     int(1)
[2025-03-26T13:46:26.733+0000] {docker.py:69} INFO -     ["container"]=>
[2025-03-26T13:46:26.734+0000] {docker.py:69} INFO -     string(8) "php-app1"
[2025-03-26T13:46:26.735+0000] {docker.py:69} INFO -     ["timestamp"]=>
[2025-03-26T13:46:26.735+0000] {docker.py:69} INFO -     int(1742996783)
[2025-03-26T13:46:26.736+0000] {docker.py:69} INFO -   }
[2025-03-26T13:46:26.736+0000] {docker.py:69} INFO -   [52]=>
[2025-03-26T13:46:26.736+0000] {docker.py:69} INFO -   array(3) {
[2025-03-26T13:46:26.737+0000] {docker.py:69} INFO -     ["contador"]=>
[2025-03-26T13:46:26.737+0000] {docker.py:69} INFO -     int(1)
[2025-03-26T13:46:26.738+0000] {docker.py:69} INFO -     ["container"]=>
[2025-03-26T13:46:26.738+0000] {docker.py:69} INFO -     string(8) "php-app2"
[2025-03-26T13:46:26.739+0000] {docker.py:69} INFO -     ["timestamp"]=>
[2025-03-26T13:46:26.739+0000] {docker.py:69} INFO -     int(1742996785)
[2025-03-26T13:46:26.739+0000] {docker.py:69} INFO -   }
[2025-03-26T13:46:26.740+0000] {docker.py:69} INFO - }
[2025-03-26T13:46:30.087+0000] {taskinstance.py:341} INFO - ::group::Post task execution logs
[2025-03-26T13:46:30.087+0000] {taskinstance.py:353} INFO - Marking task as SUCCESS. dag_id=containers1_dag, task_id=php_app2, run_id=scheduled__2025-03-25T01:10:00+00:00, execution_date=20250325T011000, start_date=20250326T134615, end_date=20250326T134630
[2025-03-26T13:46:31.139+0000] {local_task_job_runner.py:266} INFO - Task exited with return code 0
[2025-03-26T13:46:31.295+0000] {taskinstance.py:3901} INFO - 0 downstream tasks scheduled from follow-on schedule check
[2025-03-26T13:46:31.344+0000] {local_task_job_runner.py:245} INFO - ::endgroup::
[2025-03-26T13:46:31.425+0000] {standard_task_runner.py:217} INFO - Process not found (most likely exited), stop collecting metrics
