[2025-03-26T13:46:52.683+0000] {local_task_job_runner.py:123} INFO - ::group::Pre task execution logs
[2025-03-26T13:46:52.932+0000] {taskinstance.py:2614} INFO - Dependencies all met for dep_context=non-requeueable deps ti=<TaskInstance: containers1_dag.php_app1 scheduled__2025-03-25T02:25:00+00:00 [queued]>
[2025-03-26T13:46:53.002+0000] {taskinstance.py:2614} INFO - Dependencies all met for dep_context=requeueable deps ti=<TaskInstance: containers1_dag.php_app1 scheduled__2025-03-25T02:25:00+00:00 [queued]>
[2025-03-26T13:46:53.002+0000] {taskinstance.py:2867} INFO - Starting attempt 1 of 6
[2025-03-26T13:46:53.497+0000] {taskinstance.py:2890} INFO - Executing <Task(DockerOperator): php_app1> on 2025-03-25 02:25:00+00:00
[2025-03-26T13:46:53.535+0000] {standard_task_runner.py:104} INFO - Running: ['***', 'tasks', 'run', 'containers1_dag', 'php_app1', 'scheduled__2025-03-25T02:25:00+00:00', '--job-id', '80', '--raw', '--subdir', 'DAGS_FOLDER/containers1_dag.py', '--cfg-path', '/tmp/tmp2ku3acqg']
[2025-03-26T13:46:53.559+0000] {standard_task_runner.py:105} INFO - Job 80: Subtask php_app1
[2025-03-26T13:46:53.583+0000] {logging_mixin.py:190} WARNING - /home/***/.local/lib/python3.12/site-packages/***/task/task_runner/standard_task_runner.py:70 DeprecationWarning: This process (pid=751) is multi-threaded, use of fork() may lead to deadlocks in the child.
[2025-03-26T13:46:53.585+0000] {standard_task_runner.py:72} INFO - Started process 761 to run task
[2025-03-26T13:46:54.300+0000] {task_command.py:467} INFO - Running <TaskInstance: containers1_dag.php_app1 scheduled__2025-03-25T02:25:00+00:00 [running]> on host 3d581a580455
[2025-03-26T13:46:55.933+0000] {taskinstance.py:3134} INFO - Exporting env vars: AIRFLOW_CTX_DAG_OWNER='andre' AIRFLOW_CTX_DAG_ID='containers1_dag' AIRFLOW_CTX_TASK_ID='php_app1' AIRFLOW_CTX_EXECUTION_DATE='2025-03-25T02:25:00+00:00' AIRFLOW_CTX_TRY_NUMBER='1' AIRFLOW_CTX_DAG_RUN_ID='scheduled__2025-03-25T02:25:00+00:00'
[2025-03-26T13:46:55.939+0000] {taskinstance.py:732} INFO - ::endgroup::
[2025-03-26T13:46:56.948+0000] {docker.py:345} INFO - Starting docker container from image php-app1
[2025-03-26T13:46:57.162+0000] {docker.py:353} WARNING - Using remote engine or docker-in-docker and mounting temporary volume from host is not supported. Falling back to `mount_tmp_dir=False` mode. You can set `mount_tmp_dir` parameter to False to disable mounting and remove the warning
[2025-03-26T13:47:01.349+0000] {docker.py:69} INFO - array(82) {
[2025-03-26T13:47:01.357+0000] {docker.py:69} INFO -   [0]=>
[2025-03-26T13:47:01.360+0000] {docker.py:69} INFO -   object(stdClass)#2 (3) {
[2025-03-26T13:47:01.361+0000] {docker.py:69} INFO -     ["contador"]=>
[2025-03-26T13:47:01.403+0000] {docker.py:69} INFO -     int(0)
[2025-03-26T13:47:01.412+0000] {docker.py:69} INFO -     ["container"]=>
[2025-03-26T13:47:01.435+0000] {docker.py:69} INFO -     string(8) "php-app1"
[2025-03-26T13:47:01.470+0000] {docker.py:69} INFO -     ["timestamp"]=>
[2025-03-26T13:47:01.471+0000] {docker.py:69} INFO -     int(1742852307)
[2025-03-26T13:47:01.471+0000] {docker.py:69} INFO -   }
[2025-03-26T13:47:01.488+0000] {docker.py:69} INFO -   [1]=>
[2025-03-26T13:47:01.489+0000] {docker.py:69} INFO -   object(stdClass)#3 (3) {
[2025-03-26T13:47:01.512+0000] {docker.py:69} INFO -     ["contador"]=>
[2025-03-26T13:47:01.513+0000] {docker.py:69} INFO -     int(1)
[2025-03-26T13:47:01.528+0000] {docker.py:69} INFO -     ["container"]=>
[2025-03-26T13:47:01.529+0000] {docker.py:69} INFO -     string(8) "php-app2"
[2025-03-26T13:47:01.549+0000] {docker.py:69} INFO -     ["timestamp"]=>
[2025-03-26T13:47:01.549+0000] {docker.py:69} INFO -     int(1742852309)
[2025-03-26T13:47:01.550+0000] {docker.py:69} INFO -   }
[2025-03-26T13:47:01.620+0000] {docker.py:69} INFO -   [2]=>
[2025-03-26T13:47:01.621+0000] {docker.py:69} INFO -   object(stdClass)#4 (3) {
[2025-03-26T13:47:01.622+0000] {docker.py:69} INFO -     ["contador"]=>
[2025-03-26T13:47:01.678+0000] {docker.py:69} INFO -     int(1)
[2025-03-26T13:47:01.681+0000] {docker.py:69} INFO -     ["container"]=>
[2025-03-26T13:47:01.682+0000] {docker.py:69} INFO -     string(8) "php-app1"
[2025-03-26T13:47:01.692+0000] {docker.py:69} INFO -     ["timestamp"]=>
[2025-03-26T13:47:01.693+0000] {docker.py:69} INFO -     int(1742852311)
[2025-03-26T13:47:01.704+0000] {docker.py:69} INFO -   }
[2025-03-26T13:47:01.705+0000] {docker.py:69} INFO -   [3]=>
[2025-03-26T13:47:01.726+0000] {docker.py:69} INFO -   object(stdClass)#5 (3) {
[2025-03-26T13:47:01.726+0000] {docker.py:69} INFO -     ["contador"]=>
[2025-03-26T13:47:01.727+0000] {docker.py:69} INFO -     int(1)
[2025-03-26T13:47:01.727+0000] {docker.py:69} INFO -     ["container"]=>
[2025-03-26T13:47:01.728+0000] {docker.py:69} INFO -     string(8) "php-app2"
[2025-03-26T13:47:01.729+0000] {docker.py:69} INFO -     ["timestamp"]=>
[2025-03-26T13:47:01.730+0000] {docker.py:69} INFO -     int(1742852314)
[2025-03-26T13:47:01.731+0000] {docker.py:69} INFO -   }
[2025-03-26T13:47:01.731+0000] {docker.py:69} INFO -   [4]=>
[2025-03-26T13:47:01.733+0000] {docker.py:69} INFO -   object(stdClass)#6 (3) {
[2025-03-26T13:47:01.734+0000] {docker.py:69} INFO -     ["contador"]=>
[2025-03-26T13:47:01.735+0000] {docker.py:69} INFO -     int(1)
[2025-03-26T13:47:01.735+0000] {docker.py:69} INFO -     ["container"]=>
[2025-03-26T13:47:01.736+0000] {docker.py:69} INFO -     string(8) "php-app2"
[2025-03-26T13:47:01.736+0000] {docker.py:69} INFO -     ["timestamp"]=>
[2025-03-26T13:47:01.737+0000] {docker.py:69} INFO -     int(1742996301)
[2025-03-26T13:47:01.737+0000] {docker.py:69} INFO -   }
[2025-03-26T13:47:01.738+0000] {docker.py:69} INFO -   [5]=>
[2025-03-26T13:47:01.738+0000] {docker.py:69} INFO -   object(stdClass)#7 (3) {
[2025-03-26T13:47:01.739+0000] {docker.py:69} INFO -     ["contador"]=>
[2025-03-26T13:47:01.739+0000] {docker.py:69} INFO -     int(1)
[2025-03-26T13:47:01.740+0000] {docker.py:69} INFO -     ["container"]=>
[2025-03-26T13:47:01.740+0000] {docker.py:69} INFO -     string(8) "php-app1"
[2025-03-26T13:47:01.741+0000] {docker.py:69} INFO -     ["timestamp"]=>
[2025-03-26T13:47:01.741+0000] {docker.py:69} INFO -     int(1742996302)
[2025-03-26T13:47:01.741+0000] {docker.py:69} INFO -   }
[2025-03-26T13:47:01.742+0000] {docker.py:69} INFO -   [6]=>
[2025-03-26T13:47:01.742+0000] {docker.py:69} INFO -   object(stdClass)#8 (3) {
[2025-03-26T13:47:01.743+0000] {docker.py:69} INFO -     ["contador"]=>
[2025-03-26T13:47:01.743+0000] {docker.py:69} INFO -     int(1)
[2025-03-26T13:47:01.744+0000] {docker.py:69} INFO -     ["container"]=>
[2025-03-26T13:47:01.744+0000] {docker.py:69} INFO -     string(8) "php-app1"
[2025-03-26T13:47:01.744+0000] {docker.py:69} INFO -     ["timestamp"]=>
[2025-03-26T13:47:01.745+0000] {docker.py:69} INFO -     int(1742996302)
[2025-03-26T13:47:01.746+0000] {docker.py:69} INFO -   }
[2025-03-26T13:47:01.746+0000] {docker.py:69} INFO -   [7]=>
[2025-03-26T13:47:01.747+0000] {docker.py:69} INFO -   object(stdClass)#9 (3) {
[2025-03-26T13:47:01.747+0000] {docker.py:69} INFO -     ["contador"]=>
[2025-03-26T13:47:01.748+0000] {docker.py:69} INFO -     int(1)
[2025-03-26T13:47:01.748+0000] {docker.py:69} INFO -     ["container"]=>
[2025-03-26T13:47:01.749+0000] {docker.py:69} INFO -     string(8) "php-app2"
[2025-03-26T13:47:01.749+0000] {docker.py:69} INFO -     ["timestamp"]=>
[2025-03-26T13:47:01.750+0000] {docker.py:69} INFO -     int(1742996303)
[2025-03-26T13:47:01.750+0000] {docker.py:69} INFO -   }
[2025-03-26T13:47:01.750+0000] {docker.py:69} INFO -   [8]=>
[2025-03-26T13:47:01.751+0000] {docker.py:69} INFO -   object(stdClass)#10 (3) {
[2025-03-26T13:47:01.751+0000] {docker.py:69} INFO -     ["contador"]=>
[2025-03-26T13:47:01.752+0000] {docker.py:69} INFO -     int(1)
[2025-03-26T13:47:01.753+0000] {docker.py:69} INFO -     ["container"]=>
[2025-03-26T13:47:01.753+0000] {docker.py:69} INFO -     string(8) "php-app1"
[2025-03-26T13:47:01.754+0000] {docker.py:69} INFO -     ["timestamp
[2025-03-26T13:47:01.754+0000] {docker.py:69} INFO - "]=>
[2025-03-26T13:47:01.755+0000] {docker.py:69} INFO -     int(1742996304)
[2025-03-26T13:47:01.755+0000] {docker.py:69} INFO -   }
[2025-03-26T13:47:01.755+0000] {docker.py:69} INFO -   [9]=>
[2025-03-26T13:47:01.756+0000] {docker.py:69} INFO -   object(stdClass)#11 (3) {
[2025-03-26T13:47:01.756+0000] {docker.py:69} INFO -     ["contador"]=>
[2025-03-26T13:47:01.757+0000] {docker.py:69} INFO -     int(1)
[2025-03-26T13:47:01.757+0000] {docker.py:69} INFO -     ["container"]=>
[2025-03-26T13:47:01.757+0000] {docker.py:69} INFO -     string(8) "php-app2"
[2025-03-26T13:47:01.758+0000] {docker.py:69} INFO -     ["timestamp"]=>
[2025-03-26T13:47:01.758+0000] {docker.py:69} INFO -     int(1742996305)
[2025-03-26T13:47:01.758+0000] {docker.py:69} INFO -   }
[2025-03-26T13:47:01.759+0000] {docker.py:69} INFO -   [10]=>
[2025-03-26T13:47:01.759+0000] {docker.py:69} INFO -   object(stdClass)#12 (3) {
[2025-03-26T13:47:01.760+0000] {docker.py:69} INFO -     ["contador"]=>
[2025-03-26T13:47:01.760+0000] {docker.py:69} INFO -     int(1)
[2025-03-26T13:47:01.761+0000] {docker.py:69} INFO -     ["container"]=>
[2025-03-26T13:47:01.762+0000] {docker.py:69} INFO -     string(8) "php-app2"
[2025-03-26T13:47:01.762+0000] {docker.py:69} INFO -     ["timestamp"]=>
[2025-03-26T13:47:01.763+0000] {docker.py:69} INFO -     int(1742996305)
[2025-03-26T13:47:01.763+0000] {docker.py:69} INFO -   }
[2025-03-26T13:47:01.764+0000] {docker.py:69} INFO -   [11]=>
[2025-03-26T13:47:01.764+0000] {docker.py:69} INFO -   object(stdClass)#13 (3) {
[2025-03-26T13:47:01.764+0000] {docker.py:69} INFO -     ["contador"]=>
[2025-03-26T13:47:01.765+0000] {docker.py:69} INFO -     int(1)
[2025-03-26T13:47:01.765+0000] {docker.py:69} INFO -     ["container"]=>
[2025-03-26T13:47:01.766+0000] {docker.py:69} INFO -     string(8) "php-app1"
[2025-03-26T13:47:01.766+0000] {docker.py:69} INFO -     ["timestamp"]=>
[2025-03-26T13:47:01.767+0000] {docker.py:69} INFO -     int(1742996305)
[2025-03-26T13:47:01.767+0000] {docker.py:69} INFO -   }
[2025-03-26T13:47:01.768+0000] {docker.py:69} INFO -   [12]=>
[2025-03-26T13:47:01.768+0000] {docker.py:69} INFO -   object(stdClass)#14 (3) {
[2025-03-26T13:47:01.768+0000] {docker.py:69} INFO -     ["contador"]=>
[2025-03-26T13:47:01.769+0000] {docker.py:69} INFO -     int(1)
[2025-03-26T13:47:01.769+0000] {docker.py:69} INFO -     ["container"]=>
[2025-03-26T13:47:01.769+0000] {docker.py:69} INFO -     string(8) "php-app1"
[2025-03-26T13:47:01.770+0000] {docker.py:69} INFO -     ["timestamp"]=>
[2025-03-26T13:47:01.770+0000] {docker.py:69} INFO - int(1742996309)
[2025-03-26T13:47:01.771+0000] {docker.py:69} INFO - 
[2025-03-26T13:47:01.771+0000] {docker.py:69} INFO - }
[2025-03-26T13:47:01.772+0000] {docker.py:69} INFO -   [13]=>
[2025-03-26T13:47:01.772+0000] {docker.py:69} INFO - object(stdClass)#15 (3) {
[2025-03-26T13:47:01.773+0000] {docker.py:69} INFO -     [
[2025-03-26T13:47:01.773+0000] {docker.py:69} INFO - "
[2025-03-26T13:47:01.774+0000] {docker.py:69} INFO - contador"
[2025-03-26T13:47:01.774+0000] {docker.py:69} INFO - ]=>
[2025-03-26T13:47:01.775+0000] {docker.py:69} INFO - int(1)
[2025-03-26T13:47:01.775+0000] {docker.py:69} INFO -     ["
[2025-03-26T13:47:01.776+0000] {docker.py:69} INFO - container"]=>
[2025-03-26T13:47:01.776+0000] {docker.py:69} INFO - 
[2025-03-26T13:47:01.776+0000] {docker.py:69} INFO - string(8) "php-app1
[2025-03-26T13:47:01.777+0000] {docker.py:69} INFO - "
[2025-03-26T13:47:01.777+0000] {docker.py:69} INFO -     [
[2025-03-26T13:47:01.778+0000] {docker.py:69} INFO - "
[2025-03-26T13:47:01.778+0000] {docker.py:69} INFO - timestamp
[2025-03-26T13:47:01.779+0000] {docker.py:69} INFO - "
[2025-03-26T13:47:01.779+0000] {docker.py:69} INFO - ]=>
[2025-03-26T13:47:01.780+0000] {docker.py:69} INFO - 
[2025-03-26T13:47:01.780+0000] {docker.py:69} INFO - int(1742996309)
[2025-03-26T13:47:01.780+0000] {docker.py:69} INFO - }
[2025-03-26T13:47:01.781+0000] {docker.py:69} INFO -   [14]=>
[2025-03-26T13:47:01.781+0000] {docker.py:69} INFO - 
[2025-03-26T13:47:01.782+0000] {docker.py:69} INFO - object(stdClass)#16 (3) {
[2025-03-26T13:47:01.782+0000] {docker.py:69} INFO -     ["
[2025-03-26T13:47:01.783+0000] {docker.py:69} INFO - contador"
[2025-03-26T13:47:01.783+0000] {docker.py:69} INFO - ]=>
[2025-03-26T13:47:01.784+0000] {docker.py:69} INFO -     int(1)
[2025-03-26T13:47:01.784+0000] {docker.py:69} INFO -     ["container
[2025-03-26T13:47:01.785+0000] {docker.py:69} INFO - "
[2025-03-26T13:47:01.785+0000] {docker.py:69} INFO - ]=>
[2025-03-26T13:47:01.788+0000] {docker.py:69} INFO -     string(8) "php-app2"
[2025-03-26T13:47:01.788+0000] {docker.py:69} INFO -     [
[2025-03-26T13:47:01.789+0000] {docker.py:69} INFO - "
[2025-03-26T13:47:01.790+0000] {docker.py:69} INFO - timestamp
[2025-03-26T13:47:01.790+0000] {docker.py:69} INFO - "
[2025-03-26T13:47:01.791+0000] {docker.py:69} INFO - ]=>
[2025-03-26T13:47:01.792+0000] {docker.py:69} INFO -     int(1742996309)
[2025-03-26T13:47:01.796+0000] {docker.py:69} INFO - }
[2025-03-26T13:47:01.797+0000] {docker.py:69} INFO -   [15]=>
[2025-03-26T13:47:01.797+0000] {docker.py:69} INFO - 
[2025-03-26T13:47:01.798+0000] {docker.py:69} INFO - object(stdClass)#17 (3) {
[2025-03-26T13:47:01.798+0000] {docker.py:69} INFO -     [
[2025-03-26T13:47:01.799+0000] {docker.py:69} INFO - "
[2025-03-26T13:47:01.799+0000] {docker.py:69} INFO - contador
[2025-03-26T13:47:01.799+0000] {docker.py:69} INFO - "
[2025-03-26T13:47:01.800+0000] {docker.py:69} INFO - ]=>
[2025-03-26T13:47:01.800+0000] {docker.py:69} INFO - 
[2025-03-26T13:47:01.801+0000] {docker.py:69} INFO - int(1)
[2025-03-26T13:47:01.801+0000] {docker.py:69} INFO -     [
[2025-03-26T13:47:01.802+0000] {docker.py:69} INFO - "
[2025-03-26T13:47:01.802+0000] {docker.py:69} INFO - container
[2025-03-26T13:47:01.803+0000] {docker.py:69} INFO - "
[2025-03-26T13:47:01.804+0000] {docker.py:69} INFO - ]=>
[2025-03-26T13:47:01.805+0000] {docker.py:69} INFO - 
[2025-03-26T13:47:01.805+0000] {docker.py:69} INFO - string(8) "
[2025-03-26T13:47:01.807+0000] {docker.py:69} INFO - php-app2
[2025-03-26T13:47:01.808+0000] {docker.py:69} INFO - "
[2025-03-26T13:47:01.809+0000] {docker.py:69} INFO -     [
[2025-03-26T13:47:01.809+0000] {docker.py:69} INFO - "timestamp"
[2025-03-26T13:47:01.810+0000] {docker.py:69} INFO - ]=>
[2025-03-26T13:47:01.811+0000] {docker.py:69} INFO - 
[2025-03-26T13:47:01.812+0000] {docker.py:69} INFO - int(1742996309)
[2025-03-26T13:47:01.813+0000] {docker.py:69} INFO -   }
[2025-03-26T13:47:01.813+0000] {docker.py:69} INFO -   [16]=>
[2025-03-26T13:47:01.814+0000] {docker.py:69} INFO - 
[2025-03-26T13:47:01.814+0000] {docker.py:69} INFO - object(stdClass)#18 (3) {
[2025-03-26T13:47:01.815+0000] {docker.py:69} INFO -     [
[2025-03-26T13:47:01.815+0000] {docker.py:69} INFO - "
[2025-03-26T13:47:01.816+0000] {docker.py:69} INFO - contador
[2025-03-26T13:47:01.816+0000] {docker.py:69} INFO - "
[2025-03-26T13:47:01.817+0000] {docker.py:69} INFO - ]=>
[2025-03-26T13:47:01.817+0000] {docker.py:69} INFO - 
[2025-03-26T13:47:01.818+0000] {docker.py:69} INFO - int(1)
[2025-03-26T13:47:01.818+0000] {docker.py:69} INFO -     [
[2025-03-26T13:47:01.819+0000] {docker.py:69} INFO - "
[2025-03-26T13:47:01.819+0000] {docker.py:69} INFO - container"
[2025-03-26T13:47:01.820+0000] {docker.py:69} INFO - ]=>
[2025-03-26T13:47:01.820+0000] {docker.py:69} INFO - 
[2025-03-26T13:47:01.821+0000] {docker.py:69} INFO - string(8) "php-app1"
[2025-03-26T13:47:01.821+0000] {docker.py:69} INFO -     ["timestamp"]=>
[2025-03-26T13:47:01.822+0000] {docker.py:69} INFO - 
[2025-03-26T13:47:01.822+0000] {docker.py:69} INFO - int(1742996310)
[2025-03-26T13:47:01.823+0000] {docker.py:69} INFO -   }
[2025-03-26T13:47:01.823+0000] {docker.py:69} INFO -   [17]=>
[2025-03-26T13:47:01.824+0000] {docker.py:69} INFO -   object(stdClass)#19 (3) {
[2025-03-26T13:47:01.824+0000] {docker.py:69} INFO -     [
[2025-03-26T13:47:01.825+0000] {docker.py:69} INFO - "contador"
[2025-03-26T13:47:01.825+0000] {docker.py:69} INFO - ]=>
[2025-03-26T13:47:01.826+0000] {docker.py:69} INFO -     int(1)
[2025-03-26T13:47:01.826+0000] {docker.py:69} INFO -     ["
[2025-03-26T13:47:01.827+0000] {docker.py:69} INFO - container
[2025-03-26T13:47:01.828+0000] {docker.py:69} INFO - "]=>
[2025-03-26T13:47:01.828+0000] {docker.py:69} INFO -     string(8) "
[2025-03-26T13:47:01.829+0000] {docker.py:69} INFO - php-app2"
[2025-03-26T13:47:01.830+0000] {docker.py:69} INFO -     [
[2025-03-26T13:47:01.830+0000] {docker.py:69} INFO - "
[2025-03-26T13:47:01.831+0000] {docker.py:69} INFO - timestamp"
[2025-03-26T13:47:01.832+0000] {docker.py:69} INFO - ]=>
[2025-03-26T13:47:01.833+0000] {docker.py:69} INFO - 
[2025-03-26T13:47:01.834+0000] {docker.py:69} INFO - int(1742996310)
[2025-03-26T13:47:01.834+0000] {docker.py:69} INFO - 
[2025-03-26T13:47:01.835+0000] {docker.py:69} INFO - }
[2025-03-26T13:47:01.836+0000] {docker.py:69} INFO -   [18]=>
[2025-03-26T13:47:01.836+0000] {docker.py:69} INFO -   object(stdClass)#20 (3) {
[2025-03-26T13:47:01.837+0000] {docker.py:69} INFO -     ["contador"
[2025-03-26T13:47:01.838+0000] {docker.py:69} INFO - ]=>
[2025-03-26T13:47:01.840+0000] {docker.py:69} INFO - int(1)
[2025-03-26T13:47:01.841+0000] {docker.py:69} INFO -     ["
[2025-03-26T13:47:01.842+0000] {docker.py:69} INFO - container"
[2025-03-26T13:47:01.845+0000] {docker.py:69} INFO - ]=>
[2025-03-26T13:47:01.846+0000] {docker.py:69} INFO - 
[2025-03-26T13:47:01.847+0000] {docker.py:69} INFO - string(8) "php-app2
[2025-03-26T13:47:01.848+0000] {docker.py:69} INFO - "
[2025-03-26T13:47:01.849+0000] {docker.py:69} INFO -     [
[2025-03-26T13:47:01.850+0000] {docker.py:69} INFO - "timestamp
[2025-03-26T13:47:01.851+0000] {docker.py:69} INFO - "
[2025-03-26T13:47:01.852+0000] {docker.py:69} INFO - ]=>
[2025-03-26T13:47:01.853+0000] {docker.py:69} INFO - 
[2025-03-26T13:47:01.854+0000] {docker.py:69} INFO - int(1742996310)
[2025-03-26T13:47:01.855+0000] {docker.py:69} INFO - }
[2025-03-26T13:47:01.856+0000] {docker.py:69} INFO -   [19]=>
[2025-03-26T13:47:01.856+0000] {docker.py:69} INFO -   object(stdClass)#21 (3) {
[2025-03-26T13:47:01.858+0000] {docker.py:69} INFO -     ["contador
[2025-03-26T13:47:01.859+0000] {docker.py:69} INFO - "]=>
[2025-03-26T13:47:01.859+0000] {docker.py:69} INFO - int(1)
[2025-03-26T13:47:01.861+0000] {docker.py:69} INFO -     ["container"
[2025-03-26T13:47:01.862+0000] {docker.py:69} INFO - ]=>
[2025-03-26T13:47:01.862+0000] {docker.py:69} INFO - string(8) "php-app1
[2025-03-26T13:47:01.863+0000] {docker.py:69} INFO - "
[2025-03-26T13:47:01.864+0000] {docker.py:69} INFO -     [
[2025-03-26T13:47:01.864+0000] {docker.py:69} INFO - "timestamp"
[2025-03-26T13:47:01.865+0000] {docker.py:69} INFO - ]=>
[2025-03-26T13:47:01.866+0000] {docker.py:69} INFO -     int(1742996311)
[2025-03-26T13:47:01.867+0000] {docker.py:69} INFO -   }
[2025-03-26T13:47:01.867+0000] {docker.py:69} INFO -   [20]=>
[2025-03-26T13:47:01.868+0000] {docker.py:69} INFO - 
[2025-03-26T13:47:01.869+0000] {docker.py:69} INFO - object(stdClass)#22 (3) {
[2025-03-26T13:47:01.869+0000] {docker.py:69} INFO -     [
[2025-03-26T13:47:01.870+0000] {docker.py:69} INFO - "contador"
[2025-03-26T13:47:01.871+0000] {docker.py:69} INFO - ]=>
[2025-03-26T13:47:01.874+0000] {docker.py:69} INFO -     int(1)
[2025-03-26T13:47:01.875+0000] {docker.py:69} INFO -     [
[2025-03-26T13:47:01.876+0000] {docker.py:69} INFO - "
[2025-03-26T13:47:01.876+0000] {docker.py:69} INFO - container"
[2025-03-26T13:47:01.876+0000] {docker.py:69} INFO - ]=>
[2025-03-26T13:47:01.877+0000] {docker.py:69} INFO - 
[2025-03-26T13:47:01.878+0000] {docker.py:69} INFO - string(8) "
[2025-03-26T13:47:01.879+0000] {docker.py:69} INFO - php-app1
[2025-03-26T13:47:01.880+0000] {docker.py:69} INFO - "
[2025-03-26T13:47:01.881+0000] {docker.py:69} INFO -     [
[2025-03-26T13:47:01.885+0000] {docker.py:69} INFO - "timestamp"
[2025-03-26T13:47:01.886+0000] {docker.py:69} INFO - ]=>
[2025-03-26T13:47:01.891+0000] {docker.py:69} INFO - int(1742996311)
[2025-03-26T13:47:01.892+0000] {docker.py:69} INFO -   }
[2025-03-26T13:47:01.895+0000] {docker.py:69} INFO -   [21]=>
[2025-03-26T13:47:01.896+0000] {docker.py:69} INFO -   object(stdClass)#23 (3) {
[2025-03-26T13:47:01.897+0000] {docker.py:69} INFO -     [
[2025-03-26T13:47:01.898+0000] {docker.py:69} INFO - "contador
[2025-03-26T13:47:01.900+0000] {docker.py:69} INFO - "]=>
[2025-03-26T13:47:01.901+0000] {docker.py:69} INFO - int(1)
[2025-03-26T13:47:01.902+0000] {docker.py:69} INFO -     ["
[2025-03-26T13:47:01.902+0000] {docker.py:69} INFO - container
[2025-03-26T13:47:01.903+0000] {docker.py:69} INFO - "
[2025-03-26T13:47:01.903+0000] {docker.py:69} INFO - ]=>
[2025-03-26T13:47:01.904+0000] {docker.py:69} INFO - string(8) "php-app2"
[2025-03-26T13:47:01.904+0000] {docker.py:69} INFO -     [
[2025-03-26T13:47:01.905+0000] {docker.py:69} INFO - "timestamp"
[2025-03-26T13:47:01.906+0000] {docker.py:69} INFO - ]=>
[2025-03-26T13:47:01.906+0000] {docker.py:69} INFO -     int(1742996312)
[2025-03-26T13:47:01.907+0000] {docker.py:69} INFO - 
[2025-03-26T13:47:01.907+0000] {docker.py:69} INFO - }
[2025-03-26T13:47:01.907+0000] {docker.py:69} INFO -   [22]=>
[2025-03-26T13:47:01.908+0000] {docker.py:69} INFO -   object(stdClass)#24 (3) {
[2025-03-26T13:47:01.908+0000] {docker.py:69} INFO -     [
[2025-03-26T13:47:01.909+0000] {docker.py:69} INFO - "contador
[2025-03-26T13:47:01.909+0000] {docker.py:69} INFO - "
[2025-03-26T13:47:01.910+0000] {docker.py:69} INFO - ]=>
[2025-03-26T13:47:01.910+0000] {docker.py:69} INFO - int(1)
[2025-03-26T13:47:01.911+0000] {docker.py:69} INFO -     ["container
[2025-03-26T13:47:01.912+0000] {docker.py:69} INFO - "
[2025-03-26T13:47:01.913+0000] {docker.py:69} INFO - ]=>
[2025-03-26T13:47:01.913+0000] {docker.py:69} INFO - string(8) "php-app1
[2025-03-26T13:47:01.914+0000] {docker.py:69} INFO - "
[2025-03-26T13:47:01.914+0000] {docker.py:69} INFO -     [
[2025-03-26T13:47:01.916+0000] {docker.py:69} INFO - "timestamp
[2025-03-26T13:47:01.917+0000] {docker.py:69} INFO - "]=>
[2025-03-26T13:47:01.918+0000] {docker.py:69} INFO - 
[2025-03-26T13:47:01.918+0000] {docker.py:69} INFO - int(1742996313)
[2025-03-26T13:47:01.919+0000] {docker.py:69} INFO - }
[2025-03-26T13:47:01.920+0000] {docker.py:69} INFO -   [23]=>
[2025-03-26T13:47:01.921+0000] {docker.py:69} INFO -   object(stdClass)#25 (3) {
[2025-03-26T13:47:01.921+0000] {docker.py:69} INFO -     ["
[2025-03-26T13:47:01.922+0000] {docker.py:69} INFO - contador"
[2025-03-26T13:47:01.922+0000] {docker.py:69} INFO - ]=>
[2025-03-26T13:47:01.923+0000] {docker.py:69} INFO - 
[2025-03-26T13:47:01.924+0000] {docker.py:69} INFO - int(1)
[2025-03-26T13:47:01.925+0000] {docker.py:69} INFO -     [
[2025-03-26T13:47:01.925+0000] {docker.py:69} INFO - "
[2025-03-26T13:47:01.926+0000] {docker.py:69} INFO - container"]=>
[2025-03-26T13:47:01.927+0000] {docker.py:69} INFO - string(8) "php-app1"
[2025-03-26T13:47:01.928+0000] {docker.py:69} INFO -     ["
[2025-03-26T13:47:01.929+0000] {docker.py:69} INFO - timestamp
[2025-03-26T13:47:01.930+0000] {docker.py:69} INFO - "]=>
[2025-03-26T13:47:01.930+0000] {docker.py:69} INFO -     int(1742996751)
[2025-03-26T13:47:01.931+0000] {docker.py:69} INFO - 
[2025-03-26T13:47:01.932+0000] {docker.py:69} INFO - }
[2025-03-26T13:47:01.933+0000] {docker.py:69} INFO -   [24]=>
[2025-03-26T13:47:01.933+0000] {docker.py:69} INFO - 
[2025-03-26T13:47:01.934+0000] {docker.py:69} INFO - object(stdClass)#26 (3) {
[2025-03-26T13:47:01.936+0000] {docker.py:69} INFO -     [
[2025-03-26T13:47:01.937+0000] {docker.py:69} INFO - "contador"]=>
[2025-03-26T13:47:01.938+0000] {docker.py:69} INFO -     int(1)
[2025-03-26T13:47:01.939+0000] {docker.py:69} INFO -     [
[2025-03-26T13:47:01.939+0000] {docker.py:69} INFO - "container
[2025-03-26T13:47:01.940+0000] {docker.py:69} INFO - "
[2025-03-26T13:47:01.941+0000] {docker.py:69} INFO - ]=>
[2025-03-26T13:47:01.942+0000] {docker.py:69} INFO - string(8) "
[2025-03-26T13:47:01.943+0000] {docker.py:69} INFO - php-app2
[2025-03-26T13:47:01.943+0000] {docker.py:69} INFO - "
[2025-03-26T13:47:01.944+0000] {docker.py:69} INFO -     [
[2025-03-26T13:47:01.945+0000] {docker.py:69} INFO - "
[2025-03-26T13:47:01.946+0000] {docker.py:69} INFO - timestamp
[2025-03-26T13:47:01.946+0000] {docker.py:69} INFO - "]=>
[2025-03-26T13:47:01.947+0000] {docker.py:69} INFO -     int(1742996751)
[2025-03-26T13:47:01.948+0000] {docker.py:69} INFO - }
[2025-03-26T13:47:01.949+0000] {docker.py:69} INFO -   [25]=>
[2025-03-26T13:47:01.950+0000] {docker.py:69} INFO - object(stdClass)#27 (3) {
[2025-03-26T13:47:01.952+0000] {docker.py:69} INFO -     ["
[2025-03-26T13:47:01.953+0000] {docker.py:69} INFO - contador"
[2025-03-26T13:47:01.954+0000] {docker.py:69} INFO - ]=>
[2025-03-26T13:47:01.955+0000] {docker.py:69} INFO - 
[2025-03-26T13:47:01.956+0000] {docker.py:69} INFO - int(1)
[2025-03-26T13:47:01.957+0000] {docker.py:69} INFO -     [
[2025-03-26T13:47:01.958+0000] {docker.py:69} INFO - "
[2025-03-26T13:47:01.959+0000] {docker.py:69} INFO - container
[2025-03-26T13:47:01.961+0000] {docker.py:69} INFO - "]=>
[2025-03-26T13:47:01.962+0000] {docker.py:69} INFO -     string(8) "php-app2
[2025-03-26T13:47:01.963+0000] {docker.py:69} INFO - "
[2025-03-26T13:47:01.964+0000] {docker.py:69} INFO -     ["timestamp
[2025-03-26T13:47:01.965+0000] {docker.py:69} INFO - "]=>
[2025-03-26T13:47:01.965+0000] {docker.py:69} INFO - int(1742996756)
[2025-03-26T13:47:01.966+0000] {docker.py:69} INFO -   }
[2025-03-26T13:47:01.967+0000] {docker.py:69} INFO -   [26]=>
[2025-03-26T13:47:01.969+0000] {docker.py:69} INFO - object(stdClass)#28 (3) {
[2025-03-26T13:47:01.970+0000] {docker.py:69} INFO -     [
[2025-03-26T13:47:01.971+0000] {docker.py:69} INFO - "
[2025-03-26T13:47:01.972+0000] {docker.py:69} INFO - contador
[2025-03-26T13:47:01.973+0000] {docker.py:69} INFO - "]=>
[2025-03-26T13:47:01.974+0000] {docker.py:69} INFO - int(1)
[2025-03-26T13:47:01.974+0000] {docker.py:69} INFO -     ["
[2025-03-26T13:47:01.975+0000] {docker.py:69} INFO - container
[2025-03-26T13:47:02.020+0000] {docker.py:69} INFO - "
[2025-03-26T13:47:02.022+0000] {docker.py:69} INFO - ]=>
[2025-03-26T13:47:02.023+0000] {docker.py:69} INFO - string(8) "
[2025-03-26T13:47:02.024+0000] {docker.py:69} INFO - php-app1
[2025-03-26T13:47:02.025+0000] {docker.py:69} INFO - "
[2025-03-26T13:47:02.025+0000] {docker.py:69} INFO -     [
[2025-03-26T13:47:02.026+0000] {docker.py:69} INFO - "timestamp
[2025-03-26T13:47:02.027+0000] {docker.py:69} INFO - "
[2025-03-26T13:47:02.027+0000] {docker.py:69} INFO - ]=>
[2025-03-26T13:47:02.028+0000] {docker.py:69} INFO -     int(1742996756)
[2025-03-26T13:47:02.029+0000] {docker.py:69} INFO - }
[2025-03-26T13:47:02.029+0000] {docker.py:69} INFO -   [27]=>
[2025-03-26T13:47:02.030+0000] {docker.py:69} INFO - object(stdClass)#29 (3) {
[2025-03-26T13:47:02.031+0000] {docker.py:69} INFO -     ["contador
[2025-03-26T13:47:02.031+0000] {docker.py:69} INFO - "]=>
[2025-03-26T13:47:02.032+0000] {docker.py:69} INFO - int(1)
[2025-03-26T13:47:02.033+0000] {docker.py:69} INFO -     ["container"
[2025-03-26T13:47:02.033+0000] {docker.py:69} INFO - ]=>
[2025-03-26T13:47:02.034+0000] {docker.py:69} INFO -     string(8) "
[2025-03-26T13:47:02.035+0000] {docker.py:69} INFO - php-app1
[2025-03-26T13:47:02.035+0000] {docker.py:69} INFO - "
[2025-03-26T13:47:02.036+0000] {docker.py:69} INFO -     ["timestamp"]=>
[2025-03-26T13:47:02.036+0000] {docker.py:69} INFO -     int(1742996757)
[2025-03-26T13:47:02.036+0000] {docker.py:69} INFO -   }
[2025-03-26T13:47:02.037+0000] {docker.py:69} INFO -   [28]=>
[2025-03-26T13:47:02.038+0000] {docker.py:69} INFO - object(stdClass)#30 (3) {
[2025-03-26T13:47:02.038+0000] {docker.py:69} INFO -     ["contador"]=>
[2025-03-26T13:47:02.038+0000] {docker.py:69} INFO -     int(1)
[2025-03-26T13:47:02.039+0000] {docker.py:69} INFO -     ["container"]=>
[2025-03-26T13:47:02.040+0000] {docker.py:69} INFO -     string(8) "php-app2"
[2025-03-26T13:47:02.042+0000] {docker.py:69} INFO -     ["timestamp"]=>
[2025-03-26T13:47:02.043+0000] {docker.py:69} INFO -     int(1742996757)
[2025-03-26T13:47:02.043+0000] {docker.py:69} INFO -   }
[2025-03-26T13:47:02.044+0000] {docker.py:69} INFO -   [29]=>
[2025-03-26T13:47:02.044+0000] {docker.py:69} INFO -   object(stdClass)#31 (3) {
[2025-03-26T13:47:02.045+0000] {docker.py:69} INFO -     ["contador"]=>
[2025-03-26T13:47:02.046+0000] {docker.py:69} INFO -     int(1)
[2025-03-26T13:47:02.047+0000] {docker.py:69} INFO -     ["container"]=>
[2025-03-26T13:47:02.047+0000] {docker.py:69} INFO -     string(8) "php-app2"
[2025-03-26T13:47:02.051+0000] {docker.py:69} INFO -     ["timestamp"]=>
[2025-03-26T13:47:02.052+0000] {docker.py:69} INFO -     int(1742996758)
[2025-03-26T13:47:02.052+0000] {docker.py:69} INFO -   }
[2025-03-26T13:47:02.052+0000] {docker.py:69} INFO -   [30]=>
[2025-03-26T13:47:02.053+0000] {docker.py:69} INFO -   object(stdClass)#32 (3) {
[2025-03-26T13:47:02.055+0000] {docker.py:69} INFO -     ["contador"]=>
[2025-03-26T13:47:02.056+0000] {docker.py:69} INFO -     int(1)
[2025-03-26T13:47:02.057+0000] {docker.py:69} INFO -     ["container"]=>
[2025-03-26T13:47:02.057+0000] {docker.py:69} INFO -     string(8) "php-app1"
[2025-03-26T13:47:02.058+0000] {docker.py:69} INFO -     ["timestamp"]=>
[2025-03-26T13:47:02.058+0000] {docker.py:69} INFO -     int(1742996760)
[2025-03-26T13:47:02.058+0000] {docker.py:69} INFO -   }
[2025-03-26T13:47:02.059+0000] {docker.py:69} INFO -   [31]=>
[2025-03-26T13:47:02.059+0000] {docker.py:69} INFO -   object(stdClass)#33 (3) {
[2025-03-26T13:47:02.060+0000] {docker.py:69} INFO -     ["contador"]=>
[2025-03-26T13:47:02.060+0000] {docker.py:69} INFO -     int(1)
[2025-03-26T13:47:02.061+0000] {docker.py:69} INFO -     ["container"]=>
[2025-03-26T13:47:02.062+0000] {docker.py:69} INFO -     string(8) "php-app2"
[2025-03-26T13:47:02.063+0000] {docker.py:69} INFO -     ["timestamp"]=>
[2025-03-26T13:47:02.063+0000] {docker.py:69} INFO -     int(1742996760)
[2025-03-26T13:47:02.066+0000] {docker.py:69} INFO -   }
[2025-03-26T13:47:02.066+0000] {docker.py:69} INFO -   [32]=>
[2025-03-26T13:47:02.067+0000] {docker.py:69} INFO -   object(stdClass)#34 (3) {
[2025-03-26T13:47:02.068+0000] {docker.py:69} INFO -     ["contador"]=>
[2025-03-26T13:47:02.069+0000] {docker.py:69} INFO -     int(1)
[2025-03-26T13:47:02.070+0000] {docker.py:69} INFO -     ["container"]=>
[2025-03-26T13:47:02.071+0000] {docker.py:69} INFO -     string(8) "php-app2"
[2025-03-26T13:47:02.071+0000] {docker.py:69} INFO -     ["timestamp"]=>
[2025-03-26T13:47:02.071+0000] {docker.py:69} INFO -     int(1742996761)
[2025-03-26T13:47:02.072+0000] {docker.py:69} INFO -   }
[2025-03-26T13:47:02.073+0000] {docker.py:69} INFO -   [33]=>
[2025-03-26T13:47:02.073+0000] {docker.py:69} INFO -   object(stdClass)#35 (3) {
[2025-03-26T13:47:02.079+0000] {docker.py:69} INFO -     ["contador"]=>
[2025-03-26T13:47:02.080+0000] {docker.py:69} INFO -     int(1)
[2025-03-26T13:47:02.084+0000] {docker.py:69} INFO -     ["container"]=>
[2025-03-26T13:47:02.087+0000] {docker.py:69} INFO -     string(8) "php-app1"
[2025-03-26T13:47:02.088+0000] {docker.py:69} INFO -     ["timestamp"]=>
[2025-03-26T13:47:02.088+0000] {docker.py:69} INFO -     int(1742996762)
[2025-03-26T13:47:02.089+0000] {docker.py:69} INFO -   }
[2025-03-26T13:47:02.089+0000] {docker.py:69} INFO -   [34]=>
[2025-03-26T13:47:02.090+0000] {docker.py:69} INFO -   object(stdClass)#36 (3) {
[2025-03-26T13:47:02.092+0000] {docker.py:69} INFO -     ["contador"]=>
[2025-03-26T13:47:02.093+0000] {docker.py:69} INFO -     int(1)
[2025-03-26T13:47:02.093+0000] {docker.py:69} INFO -     ["container"]=>
[2025-03-26T13:47:02.093+0000] {docker.py:69} INFO -     string(8) "php-app2"
[2025-03-26T13:47:02.094+0000] {docker.py:69} INFO -     ["timestamp"]=>
[2025-03-26T13:47:02.097+0000] {docker.py:69} INFO -     int(1742996762)
[2025-03-26T13:47:02.098+0000] {docker.py:69} INFO -   }
[2025-03-26T13:47:02.099+0000] {docker.py:69} INFO -   [35]=>
[2025-03-26T13:47:02.100+0000] {docker.py:69} INFO -   object(stdClass)#37 (3) {
[2025-03-26T13:47:02.104+0000] {docker.py:69} INFO -     ["contador"]=>
[2025-03-26T13:47:02.104+0000] {docker.py:69} INFO -     int(1)
[2025-03-26T13:47:02.105+0000] {docker.py:69} INFO -     ["container"]=>
[2025-03-26T13:47:02.105+0000] {docker.py:69} INFO -     string(8) "php-app1"
[2025-03-26T13:47:02.105+0000] {docker.py:69} INFO -     ["timestamp"]=>
[2025-03-26T13:47:02.106+0000] {docker.py:69} INFO -     int(1742996763)
[2025-03-26T13:47:02.108+0000] {docker.py:69} INFO -   }
[2025-03-26T13:47:02.109+0000] {docker.py:69} INFO -   [36]=>
[2025-03-26T13:47:02.109+0000] {docker.py:69} INFO -   object(stdClass)#38 (3) {
[2025-03-26T13:47:02.110+0000] {docker.py:69} INFO -     ["contador"]=>
[2025-03-26T13:47:02.111+0000] {docker.py:69} INFO -     int(1)
[2025-03-26T13:47:02.112+0000] {docker.py:69} INFO -     ["container"]=>
[2025-03-26T13:47:02.115+0000] {docker.py:69} INFO -     string(8) "php-app1"
[2025-03-26T13:47:02.117+0000] {docker.py:69} INFO -     ["timestamp"]=>
[2025-03-26T13:47:02.118+0000] {docker.py:69} INFO -     int(1742996763)
[2025-03-26T13:47:02.119+0000] {docker.py:69} INFO -   }
[2025-03-26T13:47:02.122+0000] {docker.py:69} INFO -   [37]=>
[2025-03-26T13:47:02.123+0000] {docker.py:69} INFO -   object(stdClass)#39 (3) {
[2025-03-26T13:47:02.123+0000] {docker.py:69} INFO -     ["contador"]=>
[2025-03-26T13:47:02.124+0000] {docker.py:69} INFO -     int(1)
[2025-03-26T13:47:02.124+0000] {docker.py:69} INFO -     ["container"]=>
[2025-03-26T13:47:02.124+0000] {docker.py:69} INFO -     string(8) "php-app2"
[2025-03-26T13:47:02.125+0000] {docker.py:69} INFO -     ["timestamp"]=>
[2025-03-26T13:47:02.128+0000] {docker.py:69} INFO -     int(1742996771)
[2025-03-26T13:47:02.129+0000] {docker.py:69} INFO -   }
[2025-03-26T13:47:02.130+0000] {docker.py:69} INFO -   [38]=>
[2025-03-26T13:47:02.132+0000] {docker.py:69} INFO -   object(stdClass)#40 (3) {
[2025-03-26T13:47:02.133+0000] {docker.py:69} INFO -     ["contador"]=>
[2025-03-26T13:47:02.133+0000] {docker.py:69} INFO -     int(1)
[2025-03-26T13:47:02.133+0000] {docker.py:69} INFO -     ["container"]=>
[2025-03-26T13:47:02.134+0000] {docker.py:69} INFO -     string(8) "php-app2"
[2025-03-26T13:47:02.137+0000] {docker.py:69} INFO -     ["timestamp"]=>
[2025-03-26T13:47:02.138+0000] {docker.py:69} INFO -     int(1742996773)
[2025-03-26T13:47:02.141+0000] {docker.py:69} INFO -   }
[2025-03-26T13:47:02.141+0000] {docker.py:69} INFO -   [39]=>
[2025-03-26T13:47:02.141+0000] {docker.py:69} INFO -   object(stdClass)#41 (3) {
[2025-03-26T13:47:02.142+0000] {docker.py:69} INFO -     ["contador"]=>
[2025-03-26T13:47:02.142+0000] {docker.py:69} INFO -     int(1)
[2025-03-26T13:47:02.146+0000] {docker.py:69} INFO -     ["container"]=>
[2025-03-26T13:47:02.147+0000] {docker.py:69} INFO -     string(8) "php-app1"
[2025-03-26T13:47:02.150+0000] {docker.py:69} INFO -     ["timestamp"]=>
[2025-03-26T13:47:02.151+0000] {docker.py:69} INFO -     int(1742996773)
[2025-03-26T13:47:02.152+0000] {docker.py:69} INFO -   }
[2025-03-26T13:47:02.152+0000] {docker.py:69} INFO -   [40]=>
[2025-03-26T13:47:02.153+0000] {docker.py:69} INFO -   object(stdClass)#42 (3) {
[2025-03-26T13:47:02.153+0000] {docker.py:69} INFO -     ["contador"]=>
[2025-03-26T13:47:02.154+0000] {docker.py:69} INFO -     int(1)
[2025-03-26T13:47:02.154+0000] {docker.py:69} INFO -     ["container"]=>
[2025-03-26T13:47:02.155+0000] {docker.py:69} INFO -     string(8) "php-app1"
[2025-03-26T13:47:02.155+0000] {docker.py:69} INFO -     ["timestamp"]=>
[2025-03-26T13:47:02.156+0000] {docker.py:69} INFO -     int(1742996775)
[2025-03-26T13:47:02.156+0000] {docker.py:69} INFO -   }
[2025-03-26T13:47:02.157+0000] {docker.py:69} INFO -   [41]=>
[2025-03-26T13:47:02.157+0000] {docker.py:69} INFO -   object(stdClass)#43 (3) {
[2025-03-26T13:47:02.157+0000] {docker.py:69} INFO -     ["contador"]=>
[2025-03-26T13:47:02.158+0000] {docker.py:69} INFO -     int(1)
[2025-03-26T13:47:02.158+0000] {docker.py:69} INFO -     ["container"]=>
[2025-03-26T13:47:02.159+0000] {docker.py:69} INFO -     string(8) "php-app2"
[2025-03-26T13:47:02.159+0000] {docker.py:69} INFO -     ["timestamp"]=>
[2025-03-26T13:47:02.160+0000] {docker.py:69} INFO -     int(1742996775)
[2025-03-26T13:47:02.160+0000] {docker.py:69} INFO -   }
[2025-03-26T13:47:02.160+0000] {docker.py:69} INFO -   [42]=>
[2025-03-26T13:47:02.161+0000] {docker.py:69} INFO -   object(stdClass)#44 (3) {
[2025-03-26T13:47:02.162+0000] {docker.py:69} INFO -     ["contador"]=>
[2025-03-26T13:47:02.162+0000] {docker.py:69} INFO -     int(1)
[2025-03-26T13:47:02.164+0000] {docker.py:69} INFO -     ["container"]=>
[2025-03-26T13:47:02.164+0000] {docker.py:69} INFO -     string(8) "php-app2"
[2025-03-26T13:47:02.165+0000] {docker.py:69} INFO -     ["timestamp"]=>
[2025-03-26T13:47:02.166+0000] {docker.py:69} INFO -     int(1742996775)
[2025-03-26T13:47:02.167+0000] {docker.py:69} INFO -   }
[2025-03-26T13:47:02.167+0000] {docker.py:69} INFO -   [43]=>
[2025-03-26T13:47:02.168+0000] {docker.py:69} INFO -   object(stdClass)#45 (3) {
[2025-03-26T13:47:02.169+0000] {docker.py:69} INFO -     ["contador"]=>
[2025-03-26T13:47:02.169+0000] {docker.py:69} INFO -     int(1)
[2025-03-26T13:47:02.170+0000] {docker.py:69} INFO -     ["container"]=>
[2025-03-26T13:47:02.170+0000] {docker.py:69} INFO -     string(8) "php-app1"
[2025-03-26T13:47:02.171+0000] {docker.py:69} INFO -     ["timestamp"]=>
[2025-03-26T13:47:02.171+0000] {docker.py:69} INFO -     int(1742996777)
[2025-03-26T13:47:02.172+0000] {docker.py:69} INFO -   }
[2025-03-26T13:47:02.173+0000] {docker.py:69} INFO -   [44]=>
[2025-03-26T13:47:02.173+0000] {docker.py:69} INFO -   object(stdClass)#46 (3) {
[2025-03-26T13:47:02.173+0000] {docker.py:69} INFO -     ["contador"]=>
[2025-03-26T13:47:02.174+0000] {docker.py:69} INFO -     int(1)
[2025-03-26T13:47:02.174+0000] {docker.py:69} INFO -     ["container"]=>
[2025-03-26T13:47:02.175+0000] {docker.py:69} INFO -     string(8) "php-app1"
[2025-03-26T13:47:02.175+0000] {docker.py:69} INFO -     ["timestamp"]=>
[2025-03-26T13:47:02.176+0000] {docker.py:69} INFO -     int(1742996779)
[2025-03-26T13:47:02.176+0000] {docker.py:69} INFO -   }
[2025-03-26T13:47:02.177+0000] {docker.py:69} INFO -   [45]=>
[2025-03-26T13:47:02.177+0000] {docker.py:69} INFO -   object(stdClass)#47 (3) {
[2025-03-26T13:47:02.178+0000] {docker.py:69} INFO -     ["contador"]=>
[2025-03-26T13:47:02.178+0000] {docker.py:69} INFO -     int(1)
[2025-03-26T13:47:02.179+0000] {docker.py:69} INFO -     ["container"]=>
[2025-03-26T13:47:02.179+0000] {docker.py:69} INFO -     string(8) "php-app2"
[2025-03-26T13:47:02.181+0000] {docker.py:69} INFO -     ["timestamp"]=>
[2025-03-26T13:47:02.181+0000] {docker.py:69} INFO -     int(1742996779)
[2025-03-26T13:47:02.182+0000] {docker.py:69} INFO -   }
[2025-03-26T13:47:02.182+0000] {docker.py:69} INFO -   [46]=>
[2025-03-26T13:47:02.183+0000] {docker.py:69} INFO -   object(stdClass)#48 (3) {
[2025-03-26T13:47:02.184+0000] {docker.py:69} INFO -     ["contador"]=>
[2025-03-26T13:47:02.185+0000] {docker.py:69} INFO -     int(1)
[2025-03-26T13:47:02.185+0000] {docker.py:69} INFO -     ["container"]=>
[2025-03-26T13:47:02.186+0000] {docker.py:69} INFO -     string(8) "php-app1"
[2025-03-26T13:47:02.187+0000] {docker.py:69} INFO -     ["timestamp"]=>
[2025-03-26T13:47:02.187+0000] {docker.py:69} INFO -     int(1742996781)
[2025-03-26T13:47:02.187+0000] {docker.py:69} INFO -   }
[2025-03-26T13:47:02.188+0000] {docker.py:69} INFO -   [47]=>
[2025-03-26T13:47:02.188+0000] {docker.py:69} INFO -   object(stdClass)#49 (3) {
[2025-03-26T13:47:02.189+0000] {docker.py:69} INFO -     ["contador"]=>
[2025-03-26T13:47:02.189+0000] {docker.py:69} INFO -     int(1)
[2025-03-26T13:47:02.190+0000] {docker.py:69} INFO -     ["container"]=>
[2025-03-26T13:47:02.190+0000] {docker.py:69} INFO -     string(8) "php-app1"
[2025-03-26T13:47:02.190+0000] {docker.py:69} INFO -     ["timestamp"]=>
[2025-03-26T13:47:02.191+0000] {docker.py:69} INFO -     int(1742996781)
[2025-03-26T13:47:02.191+0000] {docker.py:69} INFO -   }
[2025-03-26T13:47:02.191+0000] {docker.py:69} INFO -   [48]=>
[2025-03-26T13:47:02.192+0000] {docker.py:69} INFO -   object(stdClass)#50 (3) {
[2025-03-26T13:47:02.192+0000] {docker.py:69} INFO -     ["contador"]=>
[2025-03-26T13:47:02.193+0000] {docker.py:69} INFO -     int(1)
[2025-03-26T13:47:02.193+0000] {docker.py:69} INFO -     ["container"]=>
[2025-03-26T13:47:02.193+0000] {docker.py:69} INFO -     string(8) "php-app2"
[2025-03-26T13:47:02.194+0000] {docker.py:69} INFO -     ["timestamp"]=>
[2025-03-26T13:47:02.194+0000] {docker.py:69} INFO -     int(1742996781)
[2025-03-26T13:47:02.195+0000] {docker.py:69} INFO -   }
[2025-03-26T13:47:02.213+0000] {docker.py:69} INFO -   [49]=>
[2025-03-26T13:47:02.217+0000] {docker.py:69} INFO -   object(stdClass)#51 (3) {
[2025-03-26T13:47:02.218+0000] {docker.py:69} INFO -     ["contador"]=>
[2025-03-26T13:47:02.222+0000] {docker.py:69} INFO -     int(1)
[2025-03-26T13:47:02.222+0000] {docker.py:69} INFO -     ["container"]=>
[2025-03-26T13:47:02.223+0000] {docker.py:69} INFO -     string(8) "php-app1"
[2025-03-26T13:47:02.223+0000] {docker.py:69} INFO -     ["timestamp"]=>
[2025-03-26T13:47:02.224+0000] {docker.py:69} INFO -     int(1742996783)
[2025-03-26T13:47:02.224+0000] {docker.py:69} INFO -   }
[2025-03-26T13:47:02.225+0000] {docker.py:69} INFO -   [50]=>
[2025-03-26T13:47:02.225+0000] {docker.py:69} INFO -   object(stdClass)#52 (3) {
[2025-03-26T13:47:02.225+0000] {docker.py:69} INFO -     ["contador"]=>
[2025-03-26T13:47:02.226+0000] {docker.py:69} INFO -     int(1)
[2025-03-26T13:47:02.227+0000] {docker.py:69} INFO -     ["container"]=>
[2025-03-26T13:47:02.227+0000] {docker.py:69} INFO -     string(8) "php-app2"
[2025-03-26T13:47:02.228+0000] {docker.py:69} INFO -     ["timestamp"]=>
[2025-03-26T13:47:02.228+0000] {docker.py:69} INFO -     int(1742996783)
[2025-03-26T13:47:02.230+0000] {docker.py:69} INFO -   }
[2025-03-26T13:47:02.230+0000] {docker.py:69} INFO -   [51]=>
[2025-03-26T13:47:02.230+0000] {docker.py:69} INFO -   object(stdClass)#53 (3) {
[2025-03-26T13:47:02.231+0000] {docker.py:69} INFO -     ["contador"]=>
[2025-03-26T13:47:02.232+0000] {docker.py:69} INFO -     int(1)
[2025-03-26T13:47:02.233+0000] {docker.py:69} INFO -     ["container"]=>
[2025-03-26T13:47:02.234+0000] {docker.py:69} INFO -     string(8) "php-app1"
[2025-03-26T13:47:02.235+0000] {docker.py:69} INFO -     ["timestamp"]=>
[2025-03-26T13:47:02.235+0000] {docker.py:69} INFO -     int(1742996783)
[2025-03-26T13:47:02.235+0000] {docker.py:69} INFO -   }
[2025-03-26T13:47:02.236+0000] {docker.py:69} INFO -   [52]=>
[2025-03-26T13:47:02.236+0000] {docker.py:69} INFO -   object(stdClass)#54 (3) {
[2025-03-26T13:47:02.236+0000] {docker.py:69} INFO -     ["contador"]=>
[2025-03-26T13:47:02.237+0000] {docker.py:69} INFO -     int(1)
[2025-03-26T13:47:02.237+0000] {docker.py:69} INFO -     ["container"]=>
[2025-03-26T13:47:02.238+0000] {docker.py:69} INFO -     string(8) "php-app2"
[2025-03-26T13:47:02.238+0000] {docker.py:69} INFO -     ["timestamp"]=>
[2025-03-26T13:47:02.238+0000] {docker.py:69} INFO -     int(1742996785)
[2025-03-26T13:47:02.239+0000] {docker.py:69} INFO -   }
[2025-03-26T13:47:02.239+0000] {docker.py:69} INFO -   [53]=>
[2025-03-26T13:47:02.239+0000] {docker.py:69} INFO -   object(stdClass)#55 (3) {
[2025-03-26T13:47:02.240+0000] {docker.py:69} INFO -     ["contador"]=>
[2025-03-26T13:47:02.240+0000] {docker.py:69} INFO -     int(1)
[2025-03-26T13:47:02.241+0000] {docker.py:69} INFO -     ["container"]=>
[2025-03-26T13:47:02.241+0000] {docker.py:69} INFO -     string(8) "php-app2"
[2025-03-26T13:47:02.241+0000] {docker.py:69} INFO -     ["timestamp"]=>
[2025-03-26T13:47:02.242+0000] {docker.py:69} INFO -     int(1742996789)
[2025-03-26T13:47:02.242+0000] {docker.py:69} INFO -   }
[2025-03-26T13:47:02.242+0000] {docker.py:69} INFO -   [54]=>
[2025-03-26T13:47:02.243+0000] {docker.py:69} INFO -   object(stdClass)#56 (3) {
[2025-03-26T13:47:02.243+0000] {docker.py:69} INFO -     ["contador"]=>
[2025-03-26T13:47:02.244+0000] {docker.py:69} INFO -     int(1)
[2025-03-26T13:47:02.244+0000] {docker.py:69} INFO -     ["container"]=>
[2025-03-26T13:47:02.245+0000] {docker.py:69} INFO -     string(8) "php-app1"
[2025-03-26T13:47:02.246+0000] {docker.py:69} INFO -     ["timestamp"]=>
[2025-03-26T13:47:02.247+0000] {docker.py:69} INFO -     int(1742996790)
[2025-03-26T13:47:02.247+0000] {docker.py:69} INFO -   }
[2025-03-26T13:47:02.248+0000] {docker.py:69} INFO -   [55]=>
[2025-03-26T13:47:02.248+0000] {docker.py:69} INFO -   object(stdClass)#57 (3) {
[2025-03-26T13:47:02.249+0000] {docker.py:69} INFO -     ["contador"]=>
[2025-03-26T13:47:02.249+0000] {docker.py:69} INFO -     int(1)
[2025-03-26T13:47:02.249+0000] {docker.py:69} INFO -     ["container"]=>
[2025-03-26T13:47:02.250+0000] {docker.py:69} INFO -     string(8) "php-app1"
[2025-03-26T13:47:02.250+0000] {docker.py:69} INFO -     ["timestamp"]=>
[2025-03-26T13:47:02.251+0000] {docker.py:69} INFO -     int(1742996790)
[2025-03-26T13:47:02.251+0000] {docker.py:69} INFO -   }
[2025-03-26T13:47:02.252+0000] {docker.py:69} INFO -   [56]=>
[2025-03-26T13:47:02.252+0000] {docker.py:69} INFO -   object(stdClass)#58 (3) {
[2025-03-26T13:47:02.252+0000] {docker.py:69} INFO -     ["contador"]=>
[2025-03-26T13:47:02.253+0000] {docker.py:69} INFO -     int(1)
[2025-03-26T13:47:02.253+0000] {docker.py:69} INFO -     ["container"]=>
[2025-03-26T13:47:02.253+0000] {docker.py:69} INFO -     string(8) "php-app2"
[2025-03-26T13:47:02.254+0000] {docker.py:69} INFO -     ["timestamp"]=>
[2025-03-26T13:47:02.254+0000] {docker.py:69} INFO -     int(1742996790)
[2025-03-26T13:47:02.255+0000] {docker.py:69} INFO -   }
[2025-03-26T13:47:02.255+0000] {docker.py:69} INFO -   [57]=>
[2025-03-26T13:47:02.255+0000] {docker.py:69} INFO -   object(stdClass)#59 (3) {
[2025-03-26T13:47:02.256+0000] {docker.py:69} INFO -     ["contador"]=>
[2025-03-26T13:47:02.256+0000] {docker.py:69} INFO -     int(1)
[2025-03-26T13:47:02.257+0000] {docker.py:69} INFO -     ["container"]=>
[2025-03-26T13:47:02.257+0000] {docker.py:69} INFO -     string(8) "php-app2"
[2025-03-26T13:47:02.257+0000] {docker.py:69} INFO -     ["timestamp"]=>
[2025-03-26T13:47:02.258+0000] {docker.py:69} INFO -     int(1742996791)
[2025-03-26T13:47:02.258+0000] {docker.py:69} INFO -   }
[2025-03-26T13:47:02.258+0000] {docker.py:69} INFO -   [58]=>
[2025-03-26T13:47:02.259+0000] {docker.py:69} INFO -   object(stdClass)#60 (3) {
[2025-03-26T13:47:02.259+0000] {docker.py:69} INFO -     ["contador"]=>
[2025-03-26T13:47:02.260+0000] {docker.py:69} INFO -     int(1)
[2025-03-26T13:47:02.261+0000] {docker.py:69} INFO -     ["container"]=>
[2025-03-26T13:47:02.262+0000] {docker.py:69} INFO -     string(8) "php-app1"
[2025-03-26T13:47:02.263+0000] {docker.py:69} INFO -     ["timestamp"]=>
[2025-03-26T13:47:02.264+0000] {docker.py:69} INFO -     int(1742996792)
[2025-03-26T13:47:02.264+0000] {docker.py:69} INFO -   }
[2025-03-26T13:47:02.265+0000] {docker.py:69} INFO -   [59]=>
[2025-03-26T13:47:02.265+0000] {docker.py:69} INFO -   object(stdClass)#61 (3) {
[2025-03-26T13:47:02.266+0000] {docker.py:69} INFO -     ["contador"]=>
[2025-03-26T13:47:02.267+0000] {docker.py:69} INFO -     int(1)
[2025-03-26T13:47:02.267+0000] {docker.py:69} INFO -     ["container"]=>
[2025-03-26T13:47:02.268+0000] {docker.py:69} INFO -     string(8) "php-app1"
[2025-03-26T13:47:02.268+0000] {docker.py:69} INFO -     ["timestamp"]=>
[2025-03-26T13:47:02.268+0000] {docker.py:69} INFO -     int(1742996793)
[2025-03-26T13:47:02.269+0000] {docker.py:69} INFO -   }
[2025-03-26T13:47:02.269+0000] {docker.py:69} INFO -   [60]=>
[2025-03-26T13:47:02.273+0000] {docker.py:69} INFO -   object(stdClass)#62 (3) {
[2025-03-26T13:47:02.273+0000] {docker.py:69} INFO -     ["contador"]=>
[2025-03-26T13:47:02.274+0000] {docker.py:69} INFO -     int(1)
[2025-03-26T13:47:02.274+0000] {docker.py:69} INFO -     ["container"]=>
[2025-03-26T13:47:02.275+0000] {docker.py:69} INFO -     string(8) "php-app2"
[2025-03-26T13:47:02.285+0000] {docker.py:69} INFO -     ["timestamp"]=>
[2025-03-26T13:47:02.286+0000] {docker.py:69} INFO -     int(1742996794)
[2025-03-26T13:47:02.287+0000] {docker.py:69} INFO -   }
[2025-03-26T13:47:02.288+0000] {docker.py:69} INFO -   [61]=>
[2025-03-26T13:47:02.289+0000] {docker.py:69} INFO -   object(stdClass)#63 (3) {
[2025-03-26T13:47:02.290+0000] {docker.py:69} INFO -     ["contador"]=>
[2025-03-26T13:47:02.290+0000] {docker.py:69} INFO -     int(1)
[2025-03-26T13:47:02.291+0000] {docker.py:69} INFO -     ["container"]=>
[2025-03-26T13:47:02.291+0000] {docker.py:69} INFO -     string(8) "php-app1"
[2025-03-26T13:47:02.291+0000] {docker.py:69} INFO -     ["timestamp"]=>
[2025-03-26T13:47:02.292+0000] {docker.py:69} INFO -     int(1742996795)
[2025-03-26T13:47:02.292+0000] {docker.py:69} INFO -   }
[2025-03-26T13:47:02.293+0000] {docker.py:69} INFO -   [62]=>
[2025-03-26T13:47:02.294+0000] {docker.py:69} INFO -   object(stdClass)#64 (3) {
[2025-03-26T13:47:02.294+0000] {docker.py:69} INFO -     ["contador"]=>
[2025-03-26T13:47:02.295+0000] {docker.py:69} INFO -     int(1)
[2025-03-26T13:47:02.295+0000] {docker.py:69} INFO -     ["container"]=>
[2025-03-26T13:47:02.296+0000] {docker.py:69} INFO -     string(8) "php-app1"
[2025-03-26T13:47:02.296+0000] {docker.py:69} INFO -     ["timestamp"]=>
[2025-03-26T13:47:02.297+0000] {docker.py:69} INFO -     int(1742996797)
[2025-03-26T13:47:02.297+0000] {docker.py:69} INFO -   }
[2025-03-26T13:47:02.298+0000] {docker.py:69} INFO -   [63]=>
[2025-03-26T13:47:02.298+0000] {docker.py:69} INFO -   object(stdClass)#65 (3) {
[2025-03-26T13:47:02.299+0000] {docker.py:69} INFO -     ["contador"]=>
[2025-03-26T13:47:02.299+0000] {docker.py:69} INFO -     int(1)
[2025-03-26T13:47:02.299+0000] {docker.py:69} INFO -     ["container"]=>
[2025-03-26T13:47:02.300+0000] {docker.py:69} INFO -     string(8) "php-app2"
[2025-03-26T13:47:02.301+0000] {docker.py:69} INFO -     ["timestamp"]=>
[2025-03-26T13:47:02.301+0000] {docker.py:69} INFO -     int(1742996797)
[2025-03-26T13:47:02.302+0000] {docker.py:69} INFO -   }
[2025-03-26T13:47:02.302+0000] {docker.py:69} INFO -   [64]=>
[2025-03-26T13:47:02.302+0000] {docker.py:69} INFO -   object(stdClass)#66 (3) {
[2025-03-26T13:47:02.303+0000] {docker.py:69} INFO -     ["contador"]=>
[2025-03-26T13:47:02.304+0000] {docker.py:69} INFO -     int(1)
[2025-03-26T13:47:02.304+0000] {docker.py:69} INFO -     ["container"]=>
[2025-03-26T13:47:02.305+0000] {docker.py:69} INFO -     string(8) "php-app2"
[2025-03-26T13:47:02.327+0000] {docker.py:69} INFO -     ["timestamp"]=>
[2025-03-26T13:47:02.329+0000] {docker.py:69} INFO -     int(1742996797)
[2025-03-26T13:47:02.342+0000] {docker.py:69} INFO -   }
[2025-03-26T13:47:02.342+0000] {docker.py:69} INFO -   [65]=>
[2025-03-26T13:47:02.343+0000] {docker.py:69} INFO -   object(stdClass)#67 (3) {
[2025-03-26T13:47:02.368+0000] {docker.py:69} INFO -     ["contador"]=>
[2025-03-26T13:47:02.372+0000] {docker.py:69} INFO -     int(1)
[2025-03-26T13:47:02.373+0000] {docker.py:69} INFO -     ["container"]=>
[2025-03-26T13:47:02.382+0000] {docker.py:69} INFO -     string(8) "php-app1"
[2025-03-26T13:47:02.383+0000] {docker.py:69} INFO -     ["timestamp"]=>
[2025-03-26T13:47:02.385+0000] {docker.py:69} INFO -     int(1742996804)
[2025-03-26T13:47:02.385+0000] {docker.py:69} INFO -   }
[2025-03-26T13:47:02.386+0000] {docker.py:69} INFO -   [66]=>
[2025-03-26T13:47:02.386+0000] {docker.py:69} INFO -   object(stdClass)#68 (3) {
[2025-03-26T13:47:02.387+0000] {docker.py:69} INFO -     ["contador"]=>
[2025-03-26T13:47:02.387+0000] {docker.py:69} INFO -     int(1)
[2025-03-26T13:47:02.388+0000] {docker.py:69} INFO -     ["container"]=>
[2025-03-26T13:47:02.388+0000] {docker.py:69} INFO -     string(8) "php-app2"
[2025-03-26T13:47:02.388+0000] {docker.py:69} INFO -     ["timestamp"]=>
[2025-03-26T13:47:02.389+0000] {docker.py:69} INFO -     int(1742996806)
[2025-03-26T13:47:02.389+0000] {docker.py:69} INFO -   }
[2025-03-26T13:47:02.390+0000] {docker.py:69} INFO -   [67]=>
[2025-03-26T13:47:02.390+0000] {docker.py:69} INFO -   object(stdClass)#69 (3) {
[2025-03-26T13:47:02.390+0000] {docker.py:69} INFO -     ["contador"]=>
[2025-03-26T13:47:02.391+0000] {docker.py:69} INFO -     int(1)
[2025-03-26T13:47:02.391+0000] {docker.py:69} INFO -     ["container"]=>
[2025-03-26T13:47:02.391+0000] {docker.py:69} INFO -     string(8) "php-app2"
[2025-03-26T13:47:02.392+0000] {docker.py:69} INFO -     ["timestamp"]=>
[2025-03-26T13:47:02.392+0000] {docker.py:69} INFO -     int(1742996807)
[2025-03-26T13:47:02.393+0000] {docker.py:69} INFO -   }
[2025-03-26T13:47:02.393+0000] {docker.py:69} INFO -   [68]=>
[2025-03-26T13:47:02.393+0000] {docker.py:69} INFO -   object(stdClass)#70 (3) {
[2025-03-26T13:47:02.395+0000] {docker.py:69} INFO -     ["contador"]=>
[2025-03-26T13:47:02.396+0000] {docker.py:69} INFO -     int(1)
[2025-03-26T13:47:02.397+0000] {docker.py:69} INFO -     ["container"]=>
[2025-03-26T13:47:02.397+0000] {docker.py:69} INFO -     string(8) "php-app1"
[2025-03-26T13:47:02.398+0000] {docker.py:69} INFO -     ["timestamp"]=>
[2025-03-26T13:47:02.399+0000] {docker.py:69} INFO -     int(1742996807)
[2025-03-26T13:47:02.400+0000] {docker.py:69} INFO -   }
[2025-03-26T13:47:02.400+0000] {docker.py:69} INFO -   [69]=>
[2025-03-26T13:47:02.401+0000] {docker.py:69} INFO -   object(stdClass)#71 (3) {
[2025-03-26T13:47:02.401+0000] {docker.py:69} INFO -     ["contador"]=>
[2025-03-26T13:47:02.402+0000] {docker.py:69} INFO -     int(1)
[2025-03-26T13:47:02.402+0000] {docker.py:69} INFO -     ["container"]=>
[2025-03-26T13:47:02.403+0000] {docker.py:69} INFO -     string(8) "php-app2"
[2025-03-26T13:47:02.403+0000] {docker.py:69} INFO -     ["timestamp"]=>
[2025-03-26T13:47:02.403+0000] {docker.py:69} INFO -     int(1742996809)
[2025-03-26T13:47:02.404+0000] {docker.py:69} INFO -   }
[2025-03-26T13:47:02.404+0000] {docker.py:69} INFO -   [70]=>
[2025-03-26T13:47:02.405+0000] {docker.py:69} INFO -   object(stdClass)#72 (3) {
[2025-03-26T13:47:02.405+0000] {docker.py:69} INFO -     ["contador"]=>
[2025-03-26T13:47:02.405+0000] {docker.py:69} INFO -     int(1)
[2025-03-26T13:47:02.407+0000] {docker.py:69} INFO -     ["container"]=>
[2025-03-26T13:47:02.408+0000] {docker.py:69} INFO -     string(8) "php-app1"
[2025-03-26T13:47:02.409+0000] {docker.py:69} INFO -     ["timestamp"]=>
[2025-03-26T13:47:02.410+0000] {docker.py:69} INFO -     int(1742996810)
[2025-03-26T13:47:02.416+0000] {docker.py:69} INFO -   }
[2025-03-26T13:47:02.459+0000] {docker.py:69} INFO -   [71]=>
[2025-03-26T13:47:02.460+0000] {docker.py:69} INFO -   object(stdClass)#73 (3) {
[2025-03-26T13:47:02.460+0000] {docker.py:69} INFO -     ["contador"]=>
[2025-03-26T13:47:02.461+0000] {docker.py:69} INFO -     int(1)
[2025-03-26T13:47:02.461+0000] {docker.py:69} INFO -     ["container"]=>
[2025-03-26T13:47:02.462+0000] {docker.py:69} INFO -     string(8) "php-app1"
[2025-03-26T13:47:02.463+0000] {docker.py:69} INFO -     ["timestamp"]=>
[2025-03-26T13:47:02.463+0000] {docker.py:69} INFO -     int(1742996812)
[2025-03-26T13:47:02.464+0000] {docker.py:69} INFO -   }
[2025-03-26T13:47:02.464+0000] {docker.py:69} INFO -   [72]=>
[2025-03-26T13:47:02.465+0000] {docker.py:69} INFO -   object(stdClass)#74 (3) {
[2025-03-26T13:47:02.465+0000] {docker.py:69} INFO -     ["contador"]=>
[2025-03-26T13:47:02.465+0000] {docker.py:69} INFO -     int(1)
[2025-03-26T13:47:02.466+0000] {docker.py:69} INFO -     ["container"]=>
[2025-03-26T13:47:02.467+0000] {docker.py:69} INFO -     string(8) "php-app2"
[2025-03-26T13:47:02.468+0000] {docker.py:69} INFO -     ["timestamp"]=>
[2025-03-26T13:47:02.469+0000] {docker.py:69} INFO -     int(1742996813)
[2025-03-26T13:47:02.470+0000] {docker.py:69} INFO -   }
[2025-03-26T13:47:02.470+0000] {docker.py:69} INFO -   [73]=>
[2025-03-26T13:47:02.471+0000] {docker.py:69} INFO -   object(stdClass)#75 (3) {
[2025-03-26T13:47:02.471+0000] {docker.py:69} INFO -     ["contador"]=>
[2025-03-26T13:47:02.472+0000] {docker.py:69} INFO -     int(1)
[2025-03-26T13:47:02.472+0000] {docker.py:69} INFO -     ["container"]=>
[2025-03-26T13:47:02.473+0000] {docker.py:69} INFO -     string(8) "php-app1"
[2025-03-26T13:47:02.473+0000] {docker.py:69} INFO -     ["timestamp"]=>
[2025-03-26T13:47:02.473+0000] {docker.py:69} INFO -     int(1742996813)
[2025-03-26T13:47:02.474+0000] {docker.py:69} INFO -   }
[2025-03-26T13:47:02.474+0000] {docker.py:69} INFO -   [74]=>
[2025-03-26T13:47:02.475+0000] {docker.py:69} INFO -   object(stdClass)#76 (3) {
[2025-03-26T13:47:02.475+0000] {docker.py:69} INFO -     ["contador"]=>
[2025-03-26T13:47:02.475+0000] {docker.py:69} INFO -     int(1)
[2025-03-26T13:47:02.476+0000] {docker.py:69} INFO -     ["container"]=>
[2025-03-26T13:47:02.476+0000] {docker.py:69} INFO -     string(8) "php-app2"
[2025-03-26T13:47:02.477+0000] {docker.py:69} INFO -     ["timestamp"]=>
[2025-03-26T13:47:02.477+0000] {docker.py:69} INFO -     int(1742996815)
[2025-03-26T13:47:02.478+0000] {docker.py:69} INFO -   }
[2025-03-26T13:47:02.478+0000] {docker.py:69} INFO -   [75]=>
[2025-03-26T13:47:02.479+0000] {docker.py:69} INFO -   object(stdClass)#77 (3) {
[2025-03-26T13:47:02.479+0000] {docker.py:69} INFO -     ["contador"]=>
[2025-03-26T13:47:02.479+0000] {docker.py:69} INFO -     int(1)
[2025-03-26T13:47:02.480+0000] {docker.py:69} INFO -     ["container"]=>
[2025-03-26T13:47:02.480+0000] {docker.py:69} INFO -     string(8) "php-app1"
[2025-03-26T13:47:02.481+0000] {docker.py:69} INFO -     ["timestamp"]=>
[2025-03-26T13:47:02.489+0000] {docker.py:69} INFO -     int(1742996816)
[2025-03-26T13:47:02.490+0000] {docker.py:69} INFO -   }
[2025-03-26T13:47:02.490+0000] {docker.py:69} INFO -   [76]=>
[2025-03-26T13:47:02.491+0000] {docker.py:69} INFO -   object(stdClass)#78 (3) {
[2025-03-26T13:47:02.491+0000] {docker.py:69} INFO -     ["contador"]=>
[2025-03-26T13:47:02.492+0000] {docker.py:69} INFO -     int(1)
[2025-03-26T13:47:02.492+0000] {docker.py:69} INFO -     ["container"]=>
[2025-03-26T13:47:02.492+0000] {docker.py:69} INFO -     string(8) "php-app2"
[2025-03-26T13:47:02.493+0000] {docker.py:69} INFO -     ["timestamp"]=>
[2025-03-26T13:47:02.494+0000] {docker.py:69} INFO -     int(1742996816)
[2025-03-26T13:47:02.495+0000] {docker.py:69} INFO -   }
[2025-03-26T13:47:02.498+0000] {docker.py:69} INFO -   [77]=>
[2025-03-26T13:47:02.502+0000] {docker.py:69} INFO -   object(stdClass)#79 (3) {
[2025-03-26T13:47:02.502+0000] {docker.py:69} INFO -     ["contador"]=>
[2025-03-26T13:47:02.503+0000] {docker.py:69} INFO -     int(1)
[2025-03-26T13:47:02.503+0000] {docker.py:69} INFO -     ["container"]=>
[2025-03-26T13:47:02.504+0000] {docker.py:69} INFO -     string(8) "php-app1"
[2025-03-26T13:47:02.505+0000] {docker.py:69} INFO -     ["timestamp"]=>
[2025-03-26T13:47:02.506+0000] {docker.py:69} INFO -     int(1742996816)
[2025-03-26T13:47:02.506+0000] {docker.py:69} INFO -   }
[2025-03-26T13:47:02.507+0000] {docker.py:69} INFO -   [78]=>
[2025-03-26T13:47:02.507+0000] {docker.py:69} INFO -   object(stdClass)#80 (3) {
[2025-03-26T13:47:02.508+0000] {docker.py:69} INFO -     ["contador"]=>
[2025-03-26T13:47:02.508+0000] {docker.py:69} INFO -     int(1)
[2025-03-26T13:47:02.508+0000] {docker.py:69} INFO -     ["container"]=>
[2025-03-26T13:47:02.509+0000] {docker.py:69} INFO -     string(8) "php-app1"
[2025-03-26T13:47:02.512+0000] {docker.py:69} INFO -     ["timestamp"]=>
[2025-03-26T13:47:02.525+0000] {docker.py:69} INFO -     int(1742996817)
[2025-03-26T13:47:02.525+0000] {docker.py:69} INFO -   }
[2025-03-26T13:47:02.526+0000] {docker.py:69} INFO -   [79]=>
[2025-03-26T13:47:02.533+0000] {docker.py:69} INFO -   object(stdClass)#81 (3) {
[2025-03-26T13:47:02.534+0000] {docker.py:69} INFO -     ["contador"]=>
[2025-03-26T13:47:02.535+0000] {docker.py:69} INFO -     int(1)
[2025-03-26T13:47:02.536+0000] {docker.py:69} INFO -     ["container"]=>
[2025-03-26T13:47:02.536+0000] {docker.py:69} INFO -     string(8) "php-app2"
[2025-03-26T13:47:02.536+0000] {docker.py:69} INFO -     ["timestamp"]=>
[2025-03-26T13:47:02.537+0000] {docker.py:69} INFO -     int(1742996817)
[2025-03-26T13:47:02.537+0000] {docker.py:69} INFO -   }
[2025-03-26T13:47:02.538+0000] {docker.py:69} INFO -   [80]=>
[2025-03-26T13:47:02.538+0000] {docker.py:69} INFO -   object(stdClass)#82 (3) {
[2025-03-26T13:47:02.538+0000] {docker.py:69} INFO -     ["contador"]=>
[2025-03-26T13:47:02.539+0000] {docker.py:69} INFO -     int(1)
[2025-03-26T13:47:02.539+0000] {docker.py:69} INFO -     ["container"]=>
[2025-03-26T13:47:02.539+0000] {docker.py:69} INFO -     string(8) "php-app2"
[2025-03-26T13:47:02.540+0000] {docker.py:69} INFO -     ["timestamp"]=>
[2025-03-26T13:47:02.540+0000] {docker.py:69} INFO -     int(1742996818)
[2025-03-26T13:47:02.563+0000] {docker.py:69} INFO -   }
[2025-03-26T13:47:02.571+0000] {docker.py:69} INFO -   [81]=>
[2025-03-26T13:47:02.572+0000] {docker.py:69} INFO -   array(3) {
[2025-03-26T13:47:02.572+0000] {docker.py:69} INFO -     ["contador"]=>
[2025-03-26T13:47:02.574+0000] {docker.py:69} INFO -     int(1)
[2025-03-26T13:47:02.575+0000] {docker.py:69} INFO -     ["container"]=>
[2025-03-26T13:47:02.578+0000] {docker.py:69} INFO -     string(8) "php-app1"
[2025-03-26T13:47:02.578+0000] {docker.py:69} INFO -     ["timestamp"]=>
[2025-03-26T13:47:02.579+0000] {docker.py:69} INFO -     int(1742996821)
[2025-03-26T13:47:02.584+0000] {docker.py:69} INFO -   }
[2025-03-26T13:47:02.584+0000] {docker.py:69} INFO - }
[2025-03-26T13:47:03.055+0000] {taskinstance.py:341} INFO - ::group::Post task execution logs
[2025-03-26T13:47:03.056+0000] {taskinstance.py:353} INFO - Marking task as SUCCESS. dag_id=containers1_dag, task_id=php_app1, run_id=scheduled__2025-03-25T02:25:00+00:00, execution_date=20250325T022500, start_date=20250326T134652, end_date=20250326T134703
[2025-03-26T13:47:03.641+0000] {local_task_job_runner.py:266} INFO - Task exited with return code 0
[2025-03-26T13:47:03.770+0000] {taskinstance.py:3901} INFO - 0 downstream tasks scheduled from follow-on schedule check
[2025-03-26T13:47:03.790+0000] {local_task_job_runner.py:245} INFO - ::endgroup::
[2025-03-26T13:47:03.823+0000] {standard_task_runner.py:217} INFO - Process not found (most likely exited), stop collecting metrics
