[2025-03-26T13:47:24.701+0000] {local_task_job_runner.py:123} INFO - ::group::Pre task execution logs
[2025-03-26T13:47:25.103+0000] {taskinstance.py:2614} INFO - Dependencies all met for dep_context=non-requeueable deps ti=<TaskInstance: containers1_dag.php_app2 scheduled__2025-03-25T03:25:00+00:00 [queued]>
[2025-03-26T13:47:25.397+0000] {taskinstance.py:2614} INFO - Dependencies all met for dep_context=requeueable deps ti=<TaskInstance: containers1_dag.php_app2 scheduled__2025-03-25T03:25:00+00:00 [queued]>
[2025-03-26T13:47:25.611+0000] {taskinstance.py:2867} INFO - Starting attempt 1 of 6
[2025-03-26T13:47:26.025+0000] {taskinstance.py:2890} INFO - Executing <Task(DockerOperator): php_app2> on 2025-03-25 03:25:00+00:00
[2025-03-26T13:47:26.307+0000] {logging_mixin.py:190} WARNING - /home/***/.local/lib/python3.12/site-packages/***/task/task_runner/standard_task_runner.py:70 DeprecationWarning: This process (pid=836) is multi-threaded, use of fork() may lead to deadlocks in the child.
[2025-03-26T13:47:26.309+0000] {standard_task_runner.py:72} INFO - Started process 848 to run task
[2025-03-26T13:47:26.428+0000] {standard_task_runner.py:104} INFO - Running: ['***', 'tasks', 'run', 'containers1_dag', 'php_app2', 'scheduled__2025-03-25T03:25:00+00:00', '--job-id', '103', '--raw', '--subdir', 'DAGS_FOLDER/containers1_dag.py', '--cfg-path', '/tmp/tmpt_1h7tuh']
[2025-03-26T13:47:26.435+0000] {standard_task_runner.py:105} INFO - Job 103: Subtask php_app2
[2025-03-26T13:47:27.519+0000] {task_command.py:467} INFO - Running <TaskInstance: containers1_dag.php_app2 scheduled__2025-03-25T03:25:00+00:00 [running]> on host 3d581a580455
[2025-03-26T13:47:29.076+0000] {taskinstance.py:3134} INFO - Exporting env vars: AIRFLOW_CTX_DAG_OWNER='andre' AIRFLOW_CTX_DAG_ID='containers1_dag' AIRFLOW_CTX_TASK_ID='php_app2' AIRFLOW_CTX_EXECUTION_DATE='2025-03-25T03:25:00+00:00' AIRFLOW_CTX_TRY_NUMBER='1' AIRFLOW_CTX_DAG_RUN_ID='scheduled__2025-03-25T03:25:00+00:00'
[2025-03-26T13:47:29.077+0000] {taskinstance.py:732} INFO - ::endgroup::
[2025-03-26T13:47:29.576+0000] {docker.py:345} INFO - Starting docker container from image php-app2
[2025-03-26T13:47:29.708+0000] {docker.py:353} WARNING - Using remote engine or docker-in-docker and mounting temporary volume from host is not supported. Falling back to `mount_tmp_dir=False` mode. You can set `mount_tmp_dir` parameter to False to disable mounting and remove the warning
[2025-03-26T13:47:35.380+0000] {docker.py:69} INFO - array(105) {
[2025-03-26T13:47:35.380+0000] {docker.py:69} INFO -   [0]=>
[2025-03-26T13:47:35.402+0000] {docker.py:69} INFO - 
[2025-03-26T13:47:35.568+0000] {docker.py:69} INFO - object(stdClass)#2 (3) {
[2025-03-26T13:47:35.581+0000] {docker.py:69} INFO -     [
[2025-03-26T13:47:35.589+0000] {docker.py:69} INFO - "
[2025-03-26T13:47:35.598+0000] {docker.py:69} INFO - contador
[2025-03-26T13:47:35.601+0000] {docker.py:69} INFO - "
[2025-03-26T13:47:35.607+0000] {docker.py:69} INFO - ]=>
[2025-03-26T13:47:35.608+0000] {docker.py:69} INFO - 
[2025-03-26T13:47:35.728+0000] {docker.py:69} INFO - int(0)
[2025-03-26T13:47:35.729+0000] {docker.py:69} INFO -     [
[2025-03-26T13:47:35.732+0000] {docker.py:69} INFO - "
[2025-03-26T13:47:35.733+0000] {docker.py:69} INFO - container
[2025-03-26T13:47:35.733+0000] {docker.py:69} INFO - "
[2025-03-26T13:47:35.734+0000] {docker.py:69} INFO - ]=>
[2025-03-26T13:47:35.736+0000] {docker.py:69} INFO - 
[2025-03-26T13:47:35.737+0000] {docker.py:69} INFO - string(8) "
[2025-03-26T13:47:35.738+0000] {docker.py:69} INFO - php-app1
[2025-03-26T13:47:35.741+0000] {docker.py:69} INFO - "
[2025-03-26T13:47:35.743+0000] {docker.py:69} INFO -     [
[2025-03-26T13:47:35.743+0000] {docker.py:69} INFO - "
[2025-03-26T13:47:35.744+0000] {docker.py:69} INFO - timestamp
[2025-03-26T13:47:35.745+0000] {docker.py:69} INFO - "
[2025-03-26T13:47:35.746+0000] {docker.py:69} INFO - ]=>
[2025-03-26T13:47:35.746+0000] {docker.py:69} INFO - 
[2025-03-26T13:47:35.747+0000] {docker.py:69} INFO - int(1742852307)
[2025-03-26T13:47:35.748+0000] {docker.py:69} INFO - 
[2025-03-26T13:47:35.748+0000] {docker.py:69} INFO - }
[2025-03-26T13:47:35.749+0000] {docker.py:69} INFO -   [1]=>
[2025-03-26T13:47:35.750+0000] {docker.py:69} INFO - 
[2025-03-26T13:47:35.751+0000] {docker.py:69} INFO - object(stdClass)#3 (3) {
[2025-03-26T13:47:35.751+0000] {docker.py:69} INFO -     [
[2025-03-26T13:47:35.752+0000] {docker.py:69} INFO - "
[2025-03-26T13:47:35.752+0000] {docker.py:69} INFO - contador
[2025-03-26T13:47:35.753+0000] {docker.py:69} INFO - "
[2025-03-26T13:47:35.753+0000] {docker.py:69} INFO - ]=>
[2025-03-26T13:47:35.754+0000] {docker.py:69} INFO - 
[2025-03-26T13:47:35.754+0000] {docker.py:69} INFO - int(1)
[2025-03-26T13:47:35.755+0000] {docker.py:69} INFO -     [
[2025-03-26T13:47:35.755+0000] {docker.py:69} INFO - "
[2025-03-26T13:47:35.756+0000] {docker.py:69} INFO - container
[2025-03-26T13:47:35.756+0000] {docker.py:69} INFO - "
[2025-03-26T13:47:35.757+0000] {docker.py:69} INFO - ]=>
[2025-03-26T13:47:35.757+0000] {docker.py:69} INFO - 
[2025-03-26T13:47:35.758+0000] {docker.py:69} INFO - string(8) "
[2025-03-26T13:47:35.758+0000] {docker.py:69} INFO - php-app2
[2025-03-26T13:47:35.759+0000] {docker.py:69} INFO - "
[2025-03-26T13:47:35.760+0000] {docker.py:69} INFO -     [
[2025-03-26T13:47:35.760+0000] {docker.py:69} INFO - "
[2025-03-26T13:47:35.761+0000] {docker.py:69} INFO - timestamp
[2025-03-26T13:47:35.762+0000] {docker.py:69} INFO - "
[2025-03-26T13:47:35.762+0000] {docker.py:69} INFO - ]=>
[2025-03-26T13:47:35.763+0000] {docker.py:69} INFO - 
[2025-03-26T13:47:35.764+0000] {docker.py:69} INFO - int(1742852309)
[2025-03-26T13:47:35.765+0000] {docker.py:69} INFO - 
[2025-03-26T13:47:35.768+0000] {docker.py:69} INFO - }
[2025-03-26T13:47:35.769+0000] {docker.py:69} INFO -   [2]=>
[2025-03-26T13:47:35.769+0000] {docker.py:69} INFO - 
[2025-03-26T13:47:35.770+0000] {docker.py:69} INFO - object(stdClass)#4 (3) {
[2025-03-26T13:47:35.771+0000] {docker.py:69} INFO -     [
[2025-03-26T13:47:35.771+0000] {docker.py:69} INFO - "
[2025-03-26T13:47:35.772+0000] {docker.py:69} INFO - contador
[2025-03-26T13:47:35.772+0000] {docker.py:69} INFO - "
[2025-03-26T13:47:35.773+0000] {docker.py:69} INFO - ]=>
[2025-03-26T13:47:35.773+0000] {docker.py:69} INFO - 
[2025-03-26T13:47:35.774+0000] {docker.py:69} INFO - int(1)
[2025-03-26T13:47:35.775+0000] {docker.py:69} INFO -     [
[2025-03-26T13:47:35.776+0000] {docker.py:69} INFO - "
[2025-03-26T13:47:35.776+0000] {docker.py:69} INFO - container
[2025-03-26T13:47:35.777+0000] {docker.py:69} INFO - "
[2025-03-26T13:47:35.778+0000] {docker.py:69} INFO - ]=>
[2025-03-26T13:47:35.779+0000] {docker.py:69} INFO - 
[2025-03-26T13:47:35.780+0000] {docker.py:69} INFO - string(8) "
[2025-03-26T13:47:36.039+0000] {docker.py:69} INFO - php-app1
[2025-03-26T13:47:36.040+0000] {docker.py:69} INFO - "
[2025-03-26T13:47:36.206+0000] {docker.py:69} INFO -     [
[2025-03-26T13:47:36.249+0000] {docker.py:69} INFO - "
[2025-03-26T13:47:36.369+0000] {docker.py:69} INFO - timestamp
[2025-03-26T13:47:36.398+0000] {docker.py:69} INFO - "
[2025-03-26T13:47:36.398+0000] {docker.py:69} INFO - ]=>
[2025-03-26T13:47:36.399+0000] {docker.py:69} INFO - 
[2025-03-26T13:47:36.457+0000] {docker.py:69} INFO - int(1742852311)
[2025-03-26T13:47:36.466+0000] {docker.py:69} INFO - 
[2025-03-26T13:47:36.467+0000] {docker.py:69} INFO - }
[2025-03-26T13:47:36.475+0000] {docker.py:69} INFO -   [3]=>
[2025-03-26T13:47:36.519+0000] {docker.py:69} INFO - 
[2025-03-26T13:47:36.521+0000] {docker.py:69} INFO - object(stdClass)#5 (3) {
[2025-03-26T13:47:36.522+0000] {docker.py:69} INFO -     [
[2025-03-26T13:47:36.536+0000] {docker.py:69} INFO - "
[2025-03-26T13:47:36.537+0000] {docker.py:69} INFO - contador
[2025-03-26T13:47:36.580+0000] {docker.py:69} INFO - "
[2025-03-26T13:47:36.581+0000] {docker.py:69} INFO - ]=>
[2025-03-26T13:47:36.581+0000] {docker.py:69} INFO - 
[2025-03-26T13:47:36.587+0000] {docker.py:69} INFO - int(1)
[2025-03-26T13:47:36.588+0000] {docker.py:69} INFO -     [
[2025-03-26T13:47:36.625+0000] {docker.py:69} INFO - "
[2025-03-26T13:47:36.626+0000] {docker.py:69} INFO - container
[2025-03-26T13:47:36.638+0000] {docker.py:69} INFO - "
[2025-03-26T13:47:36.705+0000] {docker.py:69} INFO - ]=>
[2025-03-26T13:47:36.713+0000] {docker.py:69} INFO - 
[2025-03-26T13:47:36.726+0000] {docker.py:69} INFO - string(8) "
[2025-03-26T13:47:36.729+0000] {docker.py:69} INFO - php-app2
[2025-03-26T13:47:36.731+0000] {docker.py:69} INFO - "
[2025-03-26T13:47:36.734+0000] {docker.py:69} INFO -     [
[2025-03-26T13:47:36.734+0000] {docker.py:69} INFO - "
[2025-03-26T13:47:36.735+0000] {docker.py:69} INFO - timestamp
[2025-03-26T13:47:36.738+0000] {docker.py:69} INFO - "
[2025-03-26T13:47:36.741+0000] {docker.py:69} INFO - ]=>
[2025-03-26T13:47:36.743+0000] {docker.py:69} INFO - 
[2025-03-26T13:47:36.744+0000] {docker.py:69} INFO - int(1742852314)
[2025-03-26T13:47:36.748+0000] {docker.py:69} INFO - 
[2025-03-26T13:47:36.748+0000] {docker.py:69} INFO - }
[2025-03-26T13:47:36.749+0000] {docker.py:69} INFO -   [4]=>
[2025-03-26T13:47:36.749+0000] {docker.py:69} INFO - 
[2025-03-26T13:47:36.750+0000] {docker.py:69} INFO - object(stdClass)#6 (3) {
[2025-03-26T13:47:36.761+0000] {docker.py:69} INFO -     [
[2025-03-26T13:47:36.762+0000] {docker.py:69} INFO - "
[2025-03-26T13:47:36.762+0000] {docker.py:69} INFO - contador
[2025-03-26T13:47:36.763+0000] {docker.py:69} INFO - "
[2025-03-26T13:47:36.769+0000] {docker.py:69} INFO - ]=>
[2025-03-26T13:47:36.770+0000] {docker.py:69} INFO - 
[2025-03-26T13:47:36.773+0000] {docker.py:69} INFO - int(1)
[2025-03-26T13:47:36.773+0000] {docker.py:69} INFO -     [
[2025-03-26T13:47:36.774+0000] {docker.py:69} INFO - "
[2025-03-26T13:47:36.775+0000] {docker.py:69} INFO - container
[2025-03-26T13:47:36.776+0000] {docker.py:69} INFO - "
[2025-03-26T13:47:36.776+0000] {docker.py:69} INFO - ]=>
[2025-03-26T13:47:36.777+0000] {docker.py:69} INFO - 
[2025-03-26T13:47:36.777+0000] {docker.py:69} INFO - string(8) "
[2025-03-26T13:47:36.778+0000] {docker.py:69} INFO - php-app2
[2025-03-26T13:47:36.778+0000] {docker.py:69} INFO - "
[2025-03-26T13:47:36.781+0000] {docker.py:69} INFO -     [
[2025-03-26T13:47:36.782+0000] {docker.py:69} INFO - "
[2025-03-26T13:47:36.783+0000] {docker.py:69} INFO - timestamp
[2025-03-26T13:47:36.784+0000] {docker.py:69} INFO - "
[2025-03-26T13:47:36.784+0000] {docker.py:69} INFO - ]=>
[2025-03-26T13:47:36.784+0000] {docker.py:69} INFO - 
[2025-03-26T13:47:36.785+0000] {docker.py:69} INFO - int(1742996301)
[2025-03-26T13:47:36.785+0000] {docker.py:69} INFO - 
[2025-03-26T13:47:36.786+0000] {docker.py:69} INFO - }
[2025-03-26T13:47:36.790+0000] {docker.py:69} INFO -   [5]=>
[2025-03-26T13:47:36.790+0000] {docker.py:69} INFO - 
[2025-03-26T13:47:36.791+0000] {docker.py:69} INFO - object(stdClass)#7 (3) {
[2025-03-26T13:47:36.791+0000] {docker.py:69} INFO -     [
[2025-03-26T13:47:36.791+0000] {docker.py:69} INFO - "
[2025-03-26T13:47:36.792+0000] {docker.py:69} INFO - contador
[2025-03-26T13:47:36.792+0000] {docker.py:69} INFO - "
[2025-03-26T13:47:36.793+0000] {docker.py:69} INFO - ]=>
[2025-03-26T13:47:36.793+0000] {docker.py:69} INFO - 
[2025-03-26T13:47:36.794+0000] {docker.py:69} INFO - int(1)
[2025-03-26T13:47:36.797+0000] {docker.py:69} INFO -     [
[2025-03-26T13:47:36.798+0000] {docker.py:69} INFO - "
[2025-03-26T13:47:36.800+0000] {docker.py:69} INFO - container
[2025-03-26T13:47:36.801+0000] {docker.py:69} INFO - "
[2025-03-26T13:47:36.801+0000] {docker.py:69} INFO - ]=>
[2025-03-26T13:47:36.802+0000] {docker.py:69} INFO - 
[2025-03-26T13:47:36.805+0000] {docker.py:69} INFO - string(8) "
[2025-03-26T13:47:36.806+0000] {docker.py:69} INFO - php-app1
[2025-03-26T13:47:36.809+0000] {docker.py:69} INFO - "
[2025-03-26T13:47:36.810+0000] {docker.py:69} INFO -     [
[2025-03-26T13:47:36.815+0000] {docker.py:69} INFO - "
[2025-03-26T13:47:36.816+0000] {docker.py:69} INFO - timestamp
[2025-03-26T13:47:36.818+0000] {docker.py:69} INFO - "
[2025-03-26T13:47:36.819+0000] {docker.py:69} INFO - ]=>
[2025-03-26T13:47:36.820+0000] {docker.py:69} INFO - 
[2025-03-26T13:47:36.820+0000] {docker.py:69} INFO - int(1742996302)
[2025-03-26T13:47:36.830+0000] {docker.py:69} INFO - 
[2025-03-26T13:47:36.831+0000] {docker.py:69} INFO - }
[2025-03-26T13:47:36.832+0000] {docker.py:69} INFO -   [6]=>
[2025-03-26T13:47:36.832+0000] {docker.py:69} INFO - 
[2025-03-26T13:47:36.833+0000] {docker.py:69} INFO - object(stdClass)#8 (3) {
[2025-03-26T13:47:36.833+0000] {docker.py:69} INFO -     [
[2025-03-26T13:47:36.834+0000] {docker.py:69} INFO - "
[2025-03-26T13:47:36.835+0000] {docker.py:69} INFO - contador
[2025-03-26T13:47:36.838+0000] {docker.py:69} INFO - "
[2025-03-26T13:47:36.839+0000] {docker.py:69} INFO - ]=>
[2025-03-26T13:47:36.839+0000] {docker.py:69} INFO - 
[2025-03-26T13:47:36.841+0000] {docker.py:69} INFO - int(1)
[2025-03-26T13:47:36.843+0000] {docker.py:69} INFO -     [
[2025-03-26T13:47:36.847+0000] {docker.py:69} INFO - "
[2025-03-26T13:47:36.848+0000] {docker.py:69} INFO - container
[2025-03-26T13:47:36.850+0000] {docker.py:69} INFO - "
[2025-03-26T13:47:36.857+0000] {docker.py:69} INFO - ]=>
[2025-03-26T13:47:36.858+0000] {docker.py:69} INFO - 
[2025-03-26T13:47:36.875+0000] {docker.py:69} INFO - string(8) "
[2025-03-26T13:47:36.876+0000] {docker.py:69} INFO - php-app1
[2025-03-26T13:47:36.876+0000] {docker.py:69} INFO - "
[2025-03-26T13:47:36.890+0000] {docker.py:69} INFO -     [
[2025-03-26T13:47:36.923+0000] {docker.py:69} INFO - "
[2025-03-26T13:47:36.942+0000] {docker.py:69} INFO - timestamp
[2025-03-26T13:47:36.943+0000] {docker.py:69} INFO - "
[2025-03-26T13:47:36.952+0000] {docker.py:69} INFO - ]=>
[2025-03-26T13:47:36.953+0000] {docker.py:69} INFO - 
[2025-03-26T13:47:36.966+0000] {docker.py:69} INFO - int(1742996302)
[2025-03-26T13:47:36.967+0000] {docker.py:69} INFO - 
[2025-03-26T13:47:36.967+0000] {docker.py:69} INFO - }
[2025-03-26T13:47:36.968+0000] {docker.py:69} INFO -   [7]=>
[2025-03-26T13:47:36.968+0000] {docker.py:69} INFO - 
[2025-03-26T13:47:36.969+0000] {docker.py:69} INFO - object(stdClass)#9 (3) {
[2025-03-26T13:47:36.978+0000] {docker.py:69} INFO -     [
[2025-03-26T13:47:36.980+0000] {docker.py:69} INFO - "
[2025-03-26T13:47:36.981+0000] {docker.py:69} INFO - contador
[2025-03-26T13:47:36.981+0000] {docker.py:69} INFO - "
[2025-03-26T13:47:36.982+0000] {docker.py:69} INFO - ]=>
[2025-03-26T13:47:37.038+0000] {docker.py:69} INFO - 
[2025-03-26T13:47:37.039+0000] {docker.py:69} INFO - int(1)
[2025-03-26T13:47:37.039+0000] {docker.py:69} INFO -     [
[2025-03-26T13:47:37.040+0000] {docker.py:69} INFO - "
[2025-03-26T13:47:37.073+0000] {docker.py:69} INFO - container
[2025-03-26T13:47:37.075+0000] {docker.py:69} INFO - "
[2025-03-26T13:47:37.075+0000] {docker.py:69} INFO - ]=>
[2025-03-26T13:47:37.076+0000] {docker.py:69} INFO - 
[2025-03-26T13:47:37.077+0000] {docker.py:69} INFO - string(8) "
[2025-03-26T13:47:37.077+0000] {docker.py:69} INFO - php-app2
[2025-03-26T13:47:37.078+0000] {docker.py:69} INFO - "
[2025-03-26T13:47:37.079+0000] {docker.py:69} INFO -     [
[2025-03-26T13:47:37.079+0000] {docker.py:69} INFO - "
[2025-03-26T13:47:37.083+0000] {docker.py:69} INFO - timestamp
[2025-03-26T13:47:37.084+0000] {docker.py:69} INFO - "
[2025-03-26T13:47:37.084+0000] {docker.py:69} INFO - ]=>
[2025-03-26T13:47:37.085+0000] {docker.py:69} INFO - 
[2025-03-26T13:47:37.086+0000] {docker.py:69} INFO - int(1742996303)
[2025-03-26T13:47:37.088+0000] {docker.py:69} INFO - 
[2025-03-26T13:47:37.088+0000] {docker.py:69} INFO - }
[2025-03-26T13:47:37.089+0000] {docker.py:69} INFO -   [8]=>
[2025-03-26T13:47:37.089+0000] {docker.py:69} INFO - 
[2025-03-26T13:47:37.090+0000] {docker.py:69} INFO - object(stdClass)#10 (3) {
[2025-03-26T13:47:37.090+0000] {docker.py:69} INFO -     [
[2025-03-26T13:47:37.091+0000] {docker.py:69} INFO - "
[2025-03-26T13:47:37.091+0000] {docker.py:69} INFO - contador
[2025-03-26T13:47:37.092+0000] {docker.py:69} INFO - "
[2025-03-26T13:47:37.092+0000] {docker.py:69} INFO - ]=>
[2025-03-26T13:47:37.093+0000] {docker.py:69} INFO - 
[2025-03-26T13:47:37.094+0000] {docker.py:69} INFO - int(1)
[2025-03-26T13:47:37.094+0000] {docker.py:69} INFO -     [
[2025-03-26T13:47:37.095+0000] {docker.py:69} INFO - "
[2025-03-26T13:47:37.095+0000] {docker.py:69} INFO - container
[2025-03-26T13:47:37.096+0000] {docker.py:69} INFO - "
[2025-03-26T13:47:37.096+0000] {docker.py:69} INFO - ]=>
[2025-03-26T13:47:37.097+0000] {docker.py:69} INFO - 
[2025-03-26T13:47:37.097+0000] {docker.py:69} INFO - string(8) "
[2025-03-26T13:47:37.098+0000] {docker.py:69} INFO - php-app1
[2025-03-26T13:47:37.098+0000] {docker.py:69} INFO - "
[2025-03-26T13:47:37.099+0000] {docker.py:69} INFO -     [
[2025-03-26T13:47:37.100+0000] {docker.py:69} INFO - "
[2025-03-26T13:47:37.100+0000] {docker.py:69} INFO - timestamp
[2025-03-26T13:47:37.101+0000] {docker.py:69} INFO - "
[2025-03-26T13:47:37.101+0000] {docker.py:69} INFO - ]=>
[2025-03-26T13:47:37.102+0000] {docker.py:69} INFO - 
[2025-03-26T13:47:37.103+0000] {docker.py:69} INFO - int(1742996304)
[2025-03-26T13:47:37.103+0000] {docker.py:69} INFO - 
[2025-03-26T13:47:37.104+0000] {docker.py:69} INFO - }
[2025-03-26T13:47:37.104+0000] {docker.py:69} INFO -   [9]=>
[2025-03-26T13:47:37.105+0000] {docker.py:69} INFO - 
[2025-03-26T13:47:37.105+0000] {docker.py:69} INFO - object(stdClass)#11 (3) {
[2025-03-26T13:47:37.106+0000] {docker.py:69} INFO -     [
[2025-03-26T13:47:37.106+0000] {docker.py:69} INFO - "
[2025-03-26T13:47:37.107+0000] {docker.py:69} INFO - contador
[2025-03-26T13:47:37.107+0000] {docker.py:69} INFO - "
[2025-03-26T13:47:37.108+0000] {docker.py:69} INFO - ]=>
[2025-03-26T13:47:37.108+0000] {docker.py:69} INFO - 
[2025-03-26T13:47:37.109+0000] {docker.py:69} INFO - int(1)
[2025-03-26T13:47:37.109+0000] {docker.py:69} INFO -     [
[2025-03-26T13:47:37.110+0000] {docker.py:69} INFO - "
[2025-03-26T13:47:37.110+0000] {docker.py:69} INFO - container
[2025-03-26T13:47:37.110+0000] {docker.py:69} INFO - "
[2025-03-26T13:47:37.111+0000] {docker.py:69} INFO - ]=>
[2025-03-26T13:47:37.112+0000] {docker.py:69} INFO - 
[2025-03-26T13:47:37.112+0000] {docker.py:69} INFO - string(8) "
[2025-03-26T13:47:37.113+0000] {docker.py:69} INFO - php-app2
[2025-03-26T13:47:37.113+0000] {docker.py:69} INFO - "
[2025-03-26T13:47:37.113+0000] {docker.py:69} INFO -     [
[2025-03-26T13:47:37.114+0000] {docker.py:69} INFO - "
[2025-03-26T13:47:37.114+0000] {docker.py:69} INFO - timestamp
[2025-03-26T13:47:37.115+0000] {docker.py:69} INFO - "
[2025-03-26T13:47:37.115+0000] {docker.py:69} INFO - ]=>
[2025-03-26T13:47:37.116+0000] {docker.py:69} INFO - 
[2025-03-26T13:47:37.116+0000] {docker.py:69} INFO - int(1742996305)
[2025-03-26T13:47:37.117+0000] {docker.py:69} INFO - 
[2025-03-26T13:47:37.117+0000] {docker.py:69} INFO - }
[2025-03-26T13:47:37.118+0000] {docker.py:69} INFO -   [10]=>
[2025-03-26T13:47:37.118+0000] {docker.py:69} INFO -   object(stdClass)#12 (3) {
[2025-03-26T13:47:37.119+0000] {docker.py:69} INFO -     ["contador"]=>
[2025-03-26T13:47:37.119+0000] {docker.py:69} INFO -     int(1)
[2025-03-26T13:47:37.119+0000] {docker.py:69} INFO -     ["container"]=>
[2025-03-26T13:47:37.120+0000] {docker.py:69} INFO -     string(8) "php-app2"
[2025-03-26T13:47:37.120+0000] {docker.py:69} INFO -     ["timestamp"]=>
[2025-03-26T13:47:37.121+0000] {docker.py:69} INFO -     int(1742996305)
[2025-03-26T13:47:37.121+0000] {docker.py:69} INFO -   }
[2025-03-26T13:47:37.122+0000] {docker.py:69} INFO -   [11]=>
[2025-03-26T13:47:37.122+0000] {docker.py:69} INFO -   object(stdClass)#13 (3) {
[2025-03-26T13:47:37.123+0000] {docker.py:69} INFO -     ["contador"]=>
[2025-03-26T13:47:37.123+0000] {docker.py:69} INFO -     int(1)
[2025-03-26T13:47:37.123+0000] {docker.py:69} INFO -     ["container"]=>
[2025-03-26T13:47:37.124+0000] {docker.py:69} INFO -     string(8) "php-app1"
[2025-03-26T13:47:37.124+0000] {docker.py:69} INFO -     ["timestamp"]=>
[2025-03-26T13:47:37.124+0000] {docker.py:69} INFO -     int(1742996305)
[2025-03-26T13:47:37.125+0000] {docker.py:69} INFO -   }
[2025-03-26T13:47:37.125+0000] {docker.py:69} INFO -   [12]=>
[2025-03-26T13:47:37.125+0000] {docker.py:69} INFO -   object(stdClass)#14 (3) {
[2025-03-26T13:47:37.126+0000] {docker.py:69} INFO -     ["contador"]=>
[2025-03-26T13:47:37.126+0000] {docker.py:69} INFO -     int(1)
[2025-03-26T13:47:37.126+0000] {docker.py:69} INFO -     ["container"]=>
[2025-03-26T13:47:37.127+0000] {docker.py:69} INFO -     string(8) "php-app1"
[2025-03-26T13:47:37.127+0000] {docker.py:69} INFO -     ["timestamp"]=>
[2025-03-26T13:47:37.128+0000] {docker.py:69} INFO -     int(1742996309)
[2025-03-26T13:47:37.128+0000] {docker.py:69} INFO -   }
[2025-03-26T13:47:37.128+0000] {docker.py:69} INFO -   [13]=>
[2025-03-26T13:47:37.129+0000] {docker.py:69} INFO -   object(stdClass)#15 (3) {
[2025-03-26T13:47:37.129+0000] {docker.py:69} INFO -     ["contador"]=>
[2025-03-26T13:47:37.129+0000] {docker.py:69} INFO -     int(1)
[2025-03-26T13:47:37.130+0000] {docker.py:69} INFO -     ["container"]=>
[2025-03-26T13:47:37.130+0000] {docker.py:69} INFO -     string(8) "php-app1"
[2025-03-26T13:47:37.130+0000] {docker.py:69} INFO -     ["timestamp"]=>
[2025-03-26T13:47:37.131+0000] {docker.py:69} INFO -     int(1742996309)
[2025-03-26T13:47:37.133+0000] {docker.py:69} INFO -   }
[2025-03-26T13:47:37.134+0000] {docker.py:69} INFO -   [14]=>
[2025-03-26T13:47:37.134+0000] {docker.py:69} INFO -   object(stdClass)#16 (3) {
[2025-03-26T13:47:37.134+0000] {docker.py:69} INFO -     ["contador"]=>
[2025-03-26T13:47:37.135+0000] {docker.py:69} INFO -     int(1)
[2025-03-26T13:47:37.135+0000] {docker.py:69} INFO -     ["container"]=>
[2025-03-26T13:47:37.135+0000] {docker.py:69} INFO -     string(8) "php-app2"
[2025-03-26T13:47:37.136+0000] {docker.py:69} INFO -     ["timestamp"]=>
[2025-03-26T13:47:37.136+0000] {docker.py:69} INFO -     int(1742996309)
[2025-03-26T13:47:37.139+0000] {docker.py:69} INFO -   }
[2025-03-26T13:47:37.140+0000] {docker.py:69} INFO -   [15]=>
[2025-03-26T13:47:37.140+0000] {docker.py:69} INFO -   object(stdClass)#17 (3) {
[2025-03-26T13:47:37.140+0000] {docker.py:69} INFO -     ["contador"]=>
[2025-03-26T13:47:37.141+0000] {docker.py:69} INFO -     int(1)
[2025-03-26T13:47:37.141+0000] {docker.py:69} INFO -     ["container"]=>
[2025-03-26T13:47:37.141+0000] {docker.py:69} INFO -     string(8) "php-app2"
[2025-03-26T13:47:37.142+0000] {docker.py:69} INFO -     ["timestamp"]=>
[2025-03-26T13:47:37.144+0000] {docker.py:69} INFO -     int(1742996309)
[2025-03-26T13:47:37.144+0000] {docker.py:69} INFO -   }
[2025-03-26T13:47:37.145+0000] {docker.py:69} INFO -   [16]=>
[2025-03-26T13:47:37.145+0000] {docker.py:69} INFO -   object(stdClass)#18 (3) {
[2025-03-26T13:47:37.145+0000] {docker.py:69} INFO -     ["contador"]=>
[2025-03-26T13:47:37.146+0000] {docker.py:69} INFO -     int(1)
[2025-03-26T13:47:37.146+0000] {docker.py:69} INFO -     ["container"]=>
[2025-03-26T13:47:37.147+0000] {docker.py:69} INFO -     string(8) "php-app1"
[2025-03-26T13:47:37.147+0000] {docker.py:69} INFO -     ["timestamp"]=>
[2025-03-26T13:47:37.147+0000] {docker.py:69} INFO -     int(1742996310)
[2025-03-26T13:47:37.148+0000] {docker.py:69} INFO -   }
[2025-03-26T13:47:37.148+0000] {docker.py:69} INFO -   [17]=>
[2025-03-26T13:47:37.148+0000] {docker.py:69} INFO -   object(stdClass)#19 (3) {
[2025-03-26T13:47:37.149+0000] {docker.py:69} INFO -     ["contador"]=>
[2025-03-26T13:47:37.149+0000] {docker.py:69} INFO -     int(1)
[2025-03-26T13:47:37.150+0000] {docker.py:69} INFO -     ["container"]=>
[2025-03-26T13:47:37.150+0000] {docker.py:69} INFO -     string(8) "php-app2"
[2025-03-26T13:47:37.150+0000] {docker.py:69} INFO -     ["timestamp"]=>
[2025-03-26T13:47:37.151+0000] {docker.py:69} INFO -     int(1742996310)
[2025-03-26T13:47:37.151+0000] {docker.py:69} INFO -   }
[2025-03-26T13:47:37.151+0000] {docker.py:69} INFO -   [18]=>
[2025-03-26T13:47:37.152+0000] {docker.py:69} INFO -   object(stdClass)#20 (3) {
[2025-03-26T13:47:37.152+0000] {docker.py:69} INFO -     ["contador"]=>
[2025-03-26T13:47:37.152+0000] {docker.py:69} INFO -     int(1)
[2025-03-26T13:47:37.153+0000] {docker.py:69} INFO -     ["container"]=>
[2025-03-26T13:47:37.153+0000] {docker.py:69} INFO -     string(8) "php-app2"
[2025-03-26T13:47:37.154+0000] {docker.py:69} INFO -     ["timestamp"]=>
[2025-03-26T13:47:37.154+0000] {docker.py:69} INFO -     int(1742996310)
[2025-03-26T13:47:37.154+0000] {docker.py:69} INFO -   }
[2025-03-26T13:47:37.155+0000] {docker.py:69} INFO -   [19]=>
[2025-03-26T13:47:37.155+0000] {docker.py:69} INFO -   object(stdClass)#21 (3) {
[2025-03-26T13:47:37.155+0000] {docker.py:69} INFO -     ["contador"]=>
[2025-03-26T13:47:37.156+0000] {docker.py:69} INFO -     int(1)
[2025-03-26T13:47:37.156+0000] {docker.py:69} INFO -     ["container"]=>
[2025-03-26T13:47:37.156+0000] {docker.py:69} INFO -     string(8) "php-app1"
[2025-03-26T13:47:37.157+0000] {docker.py:69} INFO -     ["timestamp"]=>
[2025-03-26T13:47:37.157+0000] {docker.py:69} INFO -     int(1742996311)
[2025-03-26T13:47:37.157+0000] {docker.py:69} INFO -   }
[2025-03-26T13:47:37.158+0000] {docker.py:69} INFO -   [20]=>
[2025-03-26T13:47:37.158+0000] {docker.py:69} INFO -   object(stdClass)#22 (3) {
[2025-03-26T13:47:37.159+0000] {docker.py:69} INFO -     ["contador"]=>
[2025-03-26T13:47:37.159+0000] {docker.py:69} INFO -     int(1)
[2025-03-26T13:47:37.159+0000] {docker.py:69} INFO -     ["container"]=>
[2025-03-26T13:47:37.160+0000] {docker.py:69} INFO -     string(8) "php-app1"
[2025-03-26T13:47:37.160+0000] {docker.py:69} INFO -     ["timestamp"]=>
[2025-03-26T13:47:37.160+0000] {docker.py:69} INFO -     int(1742996311)
[2025-03-26T13:47:37.161+0000] {docker.py:69} INFO -   }
[2025-03-26T13:47:37.161+0000] {docker.py:69} INFO -   [21]=>
[2025-03-26T13:47:37.161+0000] {docker.py:69} INFO -   object(stdClass)#23 (3) {
[2025-03-26T13:47:37.162+0000] {docker.py:69} INFO -     ["contador"]=>
[2025-03-26T13:47:37.162+0000] {docker.py:69} INFO -     int(1)
[2025-03-26T13:47:37.162+0000] {docker.py:69} INFO -     ["container"]=>
[2025-03-26T13:47:37.163+0000] {docker.py:69} INFO -     string(8) "php-app2"
[2025-03-26T13:47:37.163+0000] {docker.py:69} INFO -     ["timestamp"]=>
[2025-03-26T13:47:37.163+0000] {docker.py:69} INFO -     int(1742996312)
[2025-03-26T13:47:37.164+0000] {docker.py:69} INFO -   }
[2025-03-26T13:47:37.164+0000] {docker.py:69} INFO -   [22]=>
[2025-03-26T13:47:37.164+0000] {docker.py:69} INFO -   object(stdClass)#24 (3) {
[2025-03-26T13:47:37.165+0000] {docker.py:69} INFO -     ["contador"]=>
[2025-03-26T13:47:37.165+0000] {docker.py:69} INFO -     int(1)
[2025-03-26T13:47:37.165+0000] {docker.py:69} INFO -     ["container"]=>
[2025-03-26T13:47:37.166+0000] {docker.py:69} INFO -     string(8) "php-app1"
[2025-03-26T13:47:37.166+0000] {docker.py:69} INFO -     ["timestamp"]=>
[2025-03-26T13:47:37.167+0000] {docker.py:69} INFO -     int(1742996313)
[2025-03-26T13:47:37.167+0000] {docker.py:69} INFO -   }
[2025-03-26T13:47:37.167+0000] {docker.py:69} INFO -   [23]=>
[2025-03-26T13:47:37.168+0000] {docker.py:69} INFO -   object(stdClass)#25 (3) {
[2025-03-26T13:47:37.168+0000] {docker.py:69} INFO -     ["contador"]=>
[2025-03-26T13:47:37.168+0000] {docker.py:69} INFO -     int(1)
[2025-03-26T13:47:37.169+0000] {docker.py:69} INFO -     ["container"]=>
[2025-03-26T13:47:37.169+0000] {docker.py:69} INFO -     string(8) "php-app1"
[2025-03-26T13:47:37.169+0000] {docker.py:69} INFO -     ["timestamp"]=>
[2025-03-26T13:47:37.170+0000] {docker.py:69} INFO -     int(1742996751)
[2025-03-26T13:47:37.170+0000] {docker.py:69} INFO -   }
[2025-03-26T13:47:37.170+0000] {docker.py:69} INFO -   [24]=>
[2025-03-26T13:47:37.171+0000] {docker.py:69} INFO -   object(stdClass)#26 (3) {
[2025-03-26T13:47:37.171+0000] {docker.py:69} INFO -     ["contador"]=>
[2025-03-26T13:47:37.171+0000] {docker.py:69} INFO -     int(1)
[2025-03-26T13:47:37.172+0000] {docker.py:69} INFO -     ["container"]=>
[2025-03-26T13:47:37.172+0000] {docker.py:69} INFO -     string(8) "php-app2"
[2025-03-26T13:47:37.172+0000] {docker.py:69} INFO -     ["timestamp"]=>
[2025-03-26T13:47:37.173+0000] {docker.py:69} INFO -     int(1742996751)
[2025-03-26T13:47:37.173+0000] {docker.py:69} INFO -   }
[2025-03-26T13:47:37.174+0000] {docker.py:69} INFO -   [25]=>
[2025-03-26T13:47:37.174+0000] {docker.py:69} INFO -   object(stdClass)#27 (3) {
[2025-03-26T13:47:37.174+0000] {docker.py:69} INFO -     ["contador"]=>
[2025-03-26T13:47:37.175+0000] {docker.py:69} INFO -     int(1)
[2025-03-26T13:47:37.175+0000] {docker.py:69} INFO -     ["container"]=>
[2025-03-26T13:47:37.175+0000] {docker.py:69} INFO -     string(8) "php-app2"
[2025-03-26T13:47:37.176+0000] {docker.py:69} INFO -     ["timestamp"]=>
[2025-03-26T13:47:37.176+0000] {docker.py:69} INFO -     int(1742996756)
[2025-03-26T13:47:37.176+0000] {docker.py:69} INFO -   }
[2025-03-26T13:47:37.177+0000] {docker.py:69} INFO -   [26]=>
[2025-03-26T13:47:37.177+0000] {docker.py:69} INFO -   object(stdClass)#28 (3) {
[2025-03-26T13:47:37.178+0000] {docker.py:69} INFO -     ["contador"]=>
[2025-03-26T13:47:37.178+0000] {docker.py:69} INFO -     int(1)
[2025-03-26T13:47:37.178+0000] {docker.py:69} INFO -     ["container"]=>
[2025-03-26T13:47:37.179+0000] {docker.py:69} INFO -     string(8) "php-app1"
[2025-03-26T13:47:37.180+0000] {docker.py:69} INFO -     ["timestamp"]=>
[2025-03-26T13:47:37.180+0000] {docker.py:69} INFO -     int(1742996756)
[2025-03-26T13:47:37.180+0000] {docker.py:69} INFO -   }
[2025-03-26T13:47:37.181+0000] {docker.py:69} INFO -   [27]=>
[2025-03-26T13:47:37.181+0000] {docker.py:69} INFO -   object(stdClass)#29 (3) {
[2025-03-26T13:47:37.182+0000] {docker.py:69} INFO -     ["contador"]=>
[2025-03-26T13:47:37.182+0000] {docker.py:69} INFO -     int(1)
[2025-03-26T13:47:37.183+0000] {docker.py:69} INFO -     ["container"]=>
[2025-03-26T13:47:37.187+0000] {docker.py:69} INFO -     string(8) "php-app1"
[2025-03-26T13:47:37.188+0000] {docker.py:69} INFO -     ["timestamp"]=>
[2025-03-26T13:47:37.190+0000] {docker.py:69} INFO -     int(1742996757)
[2025-03-26T13:47:37.190+0000] {docker.py:69} INFO -   }
[2025-03-26T13:47:37.190+0000] {docker.py:69} INFO -   [28]=>
[2025-03-26T13:47:37.191+0000] {docker.py:69} INFO -   object(stdClass)#30 (3) {
[2025-03-26T13:47:37.196+0000] {docker.py:69} INFO -     ["contador"]=>
[2025-03-26T13:47:37.197+0000] {docker.py:69} INFO -     int(1)
[2025-03-26T13:47:37.197+0000] {docker.py:69} INFO -     ["container"]=>
[2025-03-26T13:47:37.197+0000] {docker.py:69} INFO -     string(8) "php-app2"
[2025-03-26T13:47:37.198+0000] {docker.py:69} INFO -     ["timestamp"]=>
[2025-03-26T13:47:37.199+0000] {docker.py:69} INFO -     int(1742996757)
[2025-03-26T13:47:37.200+0000] {docker.py:69} INFO -   }
[2025-03-26T13:47:37.204+0000] {docker.py:69} INFO -   [29]=>
[2025-03-26T13:47:37.204+0000] {docker.py:69} INFO -   object(stdClass)#31 (3) {
[2025-03-26T13:47:37.205+0000] {docker.py:69} INFO -     ["contador"]=>
[2025-03-26T13:47:37.205+0000] {docker.py:69} INFO -     int(1)
[2025-03-26T13:47:37.206+0000] {docker.py:69} INFO -     ["container"]=>
[2025-03-26T13:47:37.207+0000] {docker.py:69} INFO -     string(8) "php-app2"
[2025-03-26T13:47:37.207+0000] {docker.py:69} INFO -     ["timestamp"]=>
[2025-03-26T13:47:37.208+0000] {docker.py:69} INFO -     int(1742996758)
[2025-03-26T13:47:37.208+0000] {docker.py:69} INFO -   }
[2025-03-26T13:47:37.208+0000] {docker.py:69} INFO -   [30]=>
[2025-03-26T13:47:37.209+0000] {docker.py:69} INFO -   object(stdClass)#32 (3) {
[2025-03-26T13:47:37.209+0000] {docker.py:69} INFO -     ["contador"]=>
[2025-03-26T13:47:37.210+0000] {docker.py:69} INFO -     int(1)
[2025-03-26T13:47:37.210+0000] {docker.py:69} INFO -     ["container"]=>
[2025-03-26T13:47:37.210+0000] {docker.py:69} INFO -     string(8) "php-app1"
[2025-03-26T13:47:37.211+0000] {docker.py:69} INFO -     ["timestamp"]=>
[2025-03-26T13:47:37.211+0000] {docker.py:69} INFO -     int(1742996760)
[2025-03-26T13:47:37.211+0000] {docker.py:69} INFO -   }
[2025-03-26T13:47:37.214+0000] {docker.py:69} INFO -   [31]=>
[2025-03-26T13:47:37.215+0000] {docker.py:69} INFO -   object(stdClass)#33 (3) {
[2025-03-26T13:47:37.216+0000] {docker.py:69} INFO -     ["contador"]=>
[2025-03-26T13:47:37.216+0000] {docker.py:69} INFO -     int(1)
[2025-03-26T13:47:37.217+0000] {docker.py:69} INFO -     ["container"]=>
[2025-03-26T13:47:37.217+0000] {docker.py:69} INFO -     string(8) "php-app2"
[2025-03-26T13:47:37.218+0000] {docker.py:69} INFO -     ["timestamp"]=>
[2025-03-26T13:47:37.218+0000] {docker.py:69} INFO -     int(1742996760)
[2025-03-26T13:47:37.218+0000] {docker.py:69} INFO -   }
[2025-03-26T13:47:37.219+0000] {docker.py:69} INFO -   [32]=>
[2025-03-26T13:47:37.222+0000] {docker.py:69} INFO -   object(stdClass)#34 (3) {
[2025-03-26T13:47:37.223+0000] {docker.py:69} INFO -     ["contador"]=>
[2025-03-26T13:47:37.223+0000] {docker.py:69} INFO -     int(1)
[2025-03-26T13:47:37.224+0000] {docker.py:69} INFO -     ["container"]=>
[2025-03-26T13:47:37.224+0000] {docker.py:69} INFO -     string(8) "php-app2"
[2025-03-26T13:47:37.224+0000] {docker.py:69} INFO -     ["timestamp"]=>
[2025-03-26T13:47:37.225+0000] {docker.py:69} INFO -     int(1742996761)
[2025-03-26T13:47:37.225+0000] {docker.py:69} INFO -   }
[2025-03-26T13:47:37.225+0000] {docker.py:69} INFO -   [33]=>
[2025-03-26T13:47:37.227+0000] {docker.py:69} INFO -   object(stdClass)#35 (3) {
[2025-03-26T13:47:37.228+0000] {docker.py:69} INFO -     ["contador"]=>
[2025-03-26T13:47:37.228+0000] {docker.py:69} INFO -     int(1)
[2025-03-26T13:47:37.228+0000] {docker.py:69} INFO -     ["container"]=>
[2025-03-26T13:47:37.233+0000] {docker.py:69} INFO -     string(8) "php-app1"
[2025-03-26T13:47:37.234+0000] {docker.py:69} INFO -     ["timestamp"]=>
[2025-03-26T13:47:37.234+0000] {docker.py:69} INFO -     int(1742996762)
[2025-03-26T13:47:37.235+0000] {docker.py:69} INFO -   }
[2025-03-26T13:47:37.235+0000] {docker.py:69} INFO -   [34]=>
[2025-03-26T13:47:37.236+0000] {docker.py:69} INFO -   object(stdClass)#36 (3) {
[2025-03-26T13:47:37.236+0000] {docker.py:69} INFO -     ["contador"]=>
[2025-03-26T13:47:37.238+0000] {docker.py:69} INFO -     int(1)
[2025-03-26T13:47:37.239+0000] {docker.py:69} INFO -     ["container"]=>
[2025-03-26T13:47:37.241+0000] {docker.py:69} INFO -     string(8) "php-app2"
[2025-03-26T13:47:37.242+0000] {docker.py:69} INFO -     ["timestamp"]=>
[2025-03-26T13:47:37.300+0000] {docker.py:69} INFO -     int(1742996762)
[2025-03-26T13:47:37.300+0000] {docker.py:69} INFO -   }
[2025-03-26T13:47:37.308+0000] {docker.py:69} INFO -   [35]=>
[2025-03-26T13:47:37.308+0000] {docker.py:69} INFO -   object(stdClass)#37 (3) {
[2025-03-26T13:47:37.309+0000] {docker.py:69} INFO -     ["contador"]=>
[2025-03-26T13:47:37.316+0000] {docker.py:69} INFO -     int(1)
[2025-03-26T13:47:37.318+0000] {docker.py:69} INFO -     ["container"]=>
[2025-03-26T13:47:37.318+0000] {docker.py:69} INFO -     string(8) "php-app1"
[2025-03-26T13:47:37.319+0000] {docker.py:69} INFO -     ["timestamp"]=>
[2025-03-26T13:47:37.325+0000] {docker.py:69} INFO -     int(1742996763)
[2025-03-26T13:47:37.326+0000] {docker.py:69} INFO -   }
[2025-03-26T13:47:37.331+0000] {docker.py:69} INFO -   [36]=>
[2025-03-26T13:47:37.332+0000] {docker.py:69} INFO -   object(stdClass)#38 (3) {
[2025-03-26T13:47:37.332+0000] {docker.py:69} INFO -     ["contador"]=>
[2025-03-26T13:47:37.333+0000] {docker.py:69} INFO -     int(1)
[2025-03-26T13:47:37.341+0000] {docker.py:69} INFO -     ["container"]=>
[2025-03-26T13:47:37.352+0000] {docker.py:69} INFO -     string(8) "php-app1"
[2025-03-26T13:47:37.352+0000] {docker.py:69} INFO -     ["timestamp"]=>
[2025-03-26T13:47:37.353+0000] {docker.py:69} INFO -     int(1742996763)
[2025-03-26T13:47:37.360+0000] {docker.py:69} INFO -   }
[2025-03-26T13:47:37.361+0000] {docker.py:69} INFO -   [37]=>
[2025-03-26T13:47:37.405+0000] {docker.py:69} INFO -   object(stdClass)#39 (3) {
[2025-03-26T13:47:37.405+0000] {docker.py:69} INFO -     ["contador"]=>
[2025-03-26T13:47:37.406+0000] {docker.py:69} INFO -     int(1)
[2025-03-26T13:47:37.407+0000] {docker.py:69} INFO -     ["container"]=>
[2025-03-26T13:47:37.408+0000] {docker.py:69} INFO -     string(8) "php-app2"
[2025-03-26T13:47:37.410+0000] {docker.py:69} INFO -     ["timestamp"]=>
[2025-03-26T13:47:37.412+0000] {docker.py:69} INFO -     int(1742996771)
[2025-03-26T13:47:37.413+0000] {docker.py:69} INFO -   }
[2025-03-26T13:47:37.413+0000] {docker.py:69} INFO -   [38]=>
[2025-03-26T13:47:37.414+0000] {docker.py:69} INFO -   object(stdClass)#40 (3) {
[2025-03-26T13:47:37.417+0000] {docker.py:69} INFO -     ["contador"]=>
[2025-03-26T13:47:37.417+0000] {docker.py:69} INFO -     int(1)
[2025-03-26T13:47:37.418+0000] {docker.py:69} INFO -     ["container"]=>
[2025-03-26T13:47:37.433+0000] {docker.py:69} INFO -     string(8) "php-app2"
[2025-03-26T13:47:37.433+0000] {docker.py:69} INFO -     ["timestamp"]=>
[2025-03-26T13:47:37.444+0000] {docker.py:69} INFO -     int(1742996773)
[2025-03-26T13:47:37.445+0000] {docker.py:69} INFO -   }
[2025-03-26T13:47:37.445+0000] {docker.py:69} INFO -   [39]=>
[2025-03-26T13:47:37.445+0000] {docker.py:69} INFO -   object(stdClass)#41 (3) {
[2025-03-26T13:47:37.446+0000] {docker.py:69} INFO -     ["contador"]=>
[2025-03-26T13:47:37.446+0000] {docker.py:69} INFO -     int(1)
[2025-03-26T13:47:37.447+0000] {docker.py:69} INFO -     ["container"]=>
[2025-03-26T13:47:37.632+0000] {docker.py:69} INFO -     string(8) "php-app1"
[2025-03-26T13:47:37.633+0000] {docker.py:69} INFO -     ["timestamp"]=>
[2025-03-26T13:47:37.638+0000] {docker.py:69} INFO -     int(1742996773)
[2025-03-26T13:47:37.640+0000] {docker.py:69} INFO -   }
[2025-03-26T13:47:37.803+0000] {docker.py:69} INFO -   [40]=>
[2025-03-26T13:47:37.804+0000] {docker.py:69} INFO -   object(stdClass)#42 (3) {
[2025-03-26T13:47:37.804+0000] {docker.py:69} INFO -     ["contador"]=>
[2025-03-26T13:47:37.805+0000] {docker.py:69} INFO -     int(1)
[2025-03-26T13:47:37.805+0000] {docker.py:69} INFO -     ["container"]=>
[2025-03-26T13:47:37.809+0000] {docker.py:69} INFO -     string(8) "php-app1"
[2025-03-26T13:47:37.810+0000] {docker.py:69} INFO -     ["timestamp"]=>
[2025-03-26T13:47:37.811+0000] {docker.py:69} INFO -     int(1742996775)
[2025-03-26T13:47:37.812+0000] {docker.py:69} INFO -   }
[2025-03-26T13:47:37.812+0000] {docker.py:69} INFO -   [41]=>
[2025-03-26T13:47:37.812+0000] {docker.py:69} INFO -   object(stdClass)#43 (3) {
[2025-03-26T13:47:37.813+0000] {docker.py:69} INFO -     ["contador"]=>
[2025-03-26T13:47:37.818+0000] {docker.py:69} INFO -     int(1)
[2025-03-26T13:47:37.819+0000] {docker.py:69} INFO -     ["container"]=>
[2025-03-26T13:47:37.826+0000] {docker.py:69} INFO -     string(8) "php-app2"
[2025-03-26T13:47:37.827+0000] {docker.py:69} INFO -     ["timestamp"]=>
[2025-03-26T13:47:37.827+0000] {docker.py:69} INFO -     int(1742996775)
[2025-03-26T13:47:37.831+0000] {docker.py:69} INFO -   }
[2025-03-26T13:47:37.832+0000] {docker.py:69} INFO -   [42]=>
[2025-03-26T13:47:37.835+0000] {docker.py:69} INFO -   object(stdClass)#44 (3) {
[2025-03-26T13:47:37.838+0000] {docker.py:69} INFO -     ["contador"]=>
[2025-03-26T13:47:37.838+0000] {docker.py:69} INFO -     int(1)
[2025-03-26T13:47:37.838+0000] {docker.py:69} INFO -     ["container"]=>
[2025-03-26T13:47:37.842+0000] {docker.py:69} INFO -     string(8) "php-app2"
[2025-03-26T13:47:37.843+0000] {docker.py:69} INFO -     ["timestamp"]=>
[2025-03-26T13:47:37.848+0000] {docker.py:69} INFO -     int(1742996775)
[2025-03-26T13:47:37.850+0000] {docker.py:69} INFO -   }
[2025-03-26T13:47:37.851+0000] {docker.py:69} INFO -   [43]=>
[2025-03-26T13:47:37.851+0000] {docker.py:69} INFO -   object(stdClass)#45 (3) {
[2025-03-26T13:47:37.852+0000] {docker.py:69} INFO -     ["contador"]=>
[2025-03-26T13:47:37.853+0000] {docker.py:69} INFO -     int(1)
[2025-03-26T13:47:37.857+0000] {docker.py:69} INFO -     ["container"]=>
[2025-03-26T13:47:37.858+0000] {docker.py:69} INFO -     string(8) "php-app1"
[2025-03-26T13:47:37.860+0000] {docker.py:69} INFO -     ["timestamp"]=>
[2025-03-26T13:47:37.860+0000] {docker.py:69} INFO -     int(1742996777)
[2025-03-26T13:47:37.861+0000] {docker.py:69} INFO -   }
[2025-03-26T13:47:37.910+0000] {docker.py:69} INFO -   [44]=>
[2025-03-26T13:47:37.911+0000] {docker.py:69} INFO -   object(stdClass)#46 (3) {
[2025-03-26T13:47:38.023+0000] {docker.py:69} INFO -     ["contador"]=>
[2025-03-26T13:47:38.023+0000] {docker.py:69} INFO -     int(1)
[2025-03-26T13:47:38.024+0000] {docker.py:69} INFO -     ["container"]=>
[2025-03-26T13:47:38.024+0000] {docker.py:69} INFO -     string(8) "php-app1"
[2025-03-26T13:47:38.030+0000] {docker.py:69} INFO -     ["timestamp"]=>
[2025-03-26T13:47:38.032+0000] {docker.py:69} INFO -     int(1742996779)
[2025-03-26T13:47:38.032+0000] {docker.py:69} INFO -   }
[2025-03-26T13:47:38.033+0000] {docker.py:69} INFO -   [45]=>
[2025-03-26T13:47:38.033+0000] {docker.py:69} INFO -   object(stdClass)#47 (3) {
[2025-03-26T13:47:38.034+0000] {docker.py:69} INFO -     ["contador"]=>
[2025-03-26T13:47:38.035+0000] {docker.py:69} INFO -     int(1)
[2025-03-26T13:47:38.037+0000] {docker.py:69} INFO -     ["container"]=>
[2025-03-26T13:47:38.038+0000] {docker.py:69} INFO -     string(8) "php-app2"
[2025-03-26T13:47:38.046+0000] {docker.py:69} INFO -     ["timestamp"]=>
[2025-03-26T13:47:38.048+0000] {docker.py:69} INFO -     int(1742996779)
[2025-03-26T13:47:38.049+0000] {docker.py:69} INFO -   }
[2025-03-26T13:47:38.050+0000] {docker.py:69} INFO -   [46]=>
[2025-03-26T13:47:38.050+0000] {docker.py:69} INFO -   object(stdClass)#48 (3) {
[2025-03-26T13:47:38.051+0000] {docker.py:69} INFO -     ["contador"]=>
[2025-03-26T13:47:38.052+0000] {docker.py:69} INFO -     int(1)
[2025-03-26T13:47:38.053+0000] {docker.py:69} INFO -     ["container"]=>
[2025-03-26T13:47:38.053+0000] {docker.py:69} INFO -     string(8) "php-app1"
[2025-03-26T13:47:38.054+0000] {docker.py:69} INFO -     ["timestamp"]=>
[2025-03-26T13:47:38.055+0000] {docker.py:69} INFO -     int(1742996781)
[2025-03-26T13:47:38.055+0000] {docker.py:69} INFO -   }
[2025-03-26T13:47:38.056+0000] {docker.py:69} INFO -   [47]=>
[2025-03-26T13:47:38.058+0000] {docker.py:69} INFO -   object(stdClass)#49 (3) {
[2025-03-26T13:47:38.059+0000] {docker.py:69} INFO -     ["contador"]=>
[2025-03-26T13:47:38.059+0000] {docker.py:69} INFO -     int(1)
[2025-03-26T13:47:38.060+0000] {docker.py:69} INFO -     ["container"]=>
[2025-03-26T13:47:38.060+0000] {docker.py:69} INFO -     string(8) "php-app1"
[2025-03-26T13:47:38.061+0000] {docker.py:69} INFO -     ["timestamp"]=>
[2025-03-26T13:47:38.061+0000] {docker.py:69} INFO -     int(1742996781)
[2025-03-26T13:47:38.061+0000] {docker.py:69} INFO -   }
[2025-03-26T13:47:38.062+0000] {docker.py:69} INFO -   [48]=>
[2025-03-26T13:47:38.062+0000] {docker.py:69} INFO -   object(stdClass)#50 (3) {
[2025-03-26T13:47:38.062+0000] {docker.py:69} INFO -     ["contador"]=>
[2025-03-26T13:47:38.063+0000] {docker.py:69} INFO -     int(1)
[2025-03-26T13:47:38.063+0000] {docker.py:69} INFO -     ["container"]=>
[2025-03-26T13:47:38.064+0000] {docker.py:69} INFO -     string(8) "php-app2"
[2025-03-26T13:47:38.064+0000] {docker.py:69} INFO -     ["timestamp"]=>
[2025-03-26T13:47:38.064+0000] {docker.py:69} INFO -     int(1742996781)
[2025-03-26T13:47:38.065+0000] {docker.py:69} INFO -   }
[2025-03-26T13:47:38.065+0000] {docker.py:69} INFO -   [49]=>
[2025-03-26T13:47:38.066+0000] {docker.py:69} INFO -   object(stdClass)#51 (3) {
[2025-03-26T13:47:38.066+0000] {docker.py:69} INFO -     ["contador"]=>
[2025-03-26T13:47:38.067+0000] {docker.py:69} INFO -     int(1)
[2025-03-26T13:47:38.067+0000] {docker.py:69} INFO -     ["container"]=>
[2025-03-26T13:47:38.068+0000] {docker.py:69} INFO -     string(8) "php-app1"
[2025-03-26T13:47:38.068+0000] {docker.py:69} INFO -     ["timestamp"]=>
[2025-03-26T13:47:38.069+0000] {docker.py:69} INFO -     int(1742996783)
[2025-03-26T13:47:38.069+0000] {docker.py:69} INFO -   }
[2025-03-26T13:47:38.070+0000] {docker.py:69} INFO -   [50]=>
[2025-03-26T13:47:38.070+0000] {docker.py:69} INFO -   object(stdClass)#52 (3) {
[2025-03-26T13:47:38.071+0000] {docker.py:69} INFO -     ["contador"]=>
[2025-03-26T13:47:38.071+0000] {docker.py:69} INFO -     int(1)
[2025-03-26T13:47:38.072+0000] {docker.py:69} INFO -     ["container"]=>
[2025-03-26T13:47:38.072+0000] {docker.py:69} INFO -     string(8) "php-app2"
[2025-03-26T13:47:38.073+0000] {docker.py:69} INFO -     ["timestamp"]=>
[2025-03-26T13:47:38.073+0000] {docker.py:69} INFO -     int(1742996783)
[2025-03-26T13:47:38.073+0000] {docker.py:69} INFO -   }
[2025-03-26T13:47:38.074+0000] {docker.py:69} INFO -   [51]=>
[2025-03-26T13:47:38.074+0000] {docker.py:69} INFO -   object(stdClass)#53 (3) {
[2025-03-26T13:47:38.075+0000] {docker.py:69} INFO -     ["contador"]=>
[2025-03-26T13:47:38.075+0000] {docker.py:69} INFO -     int(1)
[2025-03-26T13:47:38.076+0000] {docker.py:69} INFO -     ["container"]=>
[2025-03-26T13:47:38.076+0000] {docker.py:69} INFO -     string(8) "php-app1"
[2025-03-26T13:47:38.077+0000] {docker.py:69} INFO -     ["timestamp"]=>
[2025-03-26T13:47:38.077+0000] {docker.py:69} INFO -     int(1742996783)
[2025-03-26T13:47:38.078+0000] {docker.py:69} INFO -   }
[2025-03-26T13:47:38.078+0000] {docker.py:69} INFO -   [52]=>
[2025-03-26T13:47:38.078+0000] {docker.py:69} INFO -   object(stdClass)#54 (3) {
[2025-03-26T13:47:38.079+0000] {docker.py:69} INFO -     ["contador"]=>
[2025-03-26T13:47:38.079+0000] {docker.py:69} INFO -     int(1)
[2025-03-26T13:47:38.080+0000] {docker.py:69} INFO -     ["container"]=>
[2025-03-26T13:47:38.080+0000] {docker.py:69} INFO -     string(8) "php-app2"
[2025-03-26T13:47:38.080+0000] {docker.py:69} INFO -     ["timestamp"]=>
[2025-03-26T13:47:38.081+0000] {docker.py:69} INFO -     int(1742996785)
[2025-03-26T13:47:38.081+0000] {docker.py:69} INFO -   }
[2025-03-26T13:47:38.081+0000] {docker.py:69} INFO -   [53]=>
[2025-03-26T13:47:38.082+0000] {docker.py:69} INFO -   object(stdClass)#55 (3) {
[2025-03-26T13:47:38.082+0000] {docker.py:69} INFO -     ["contador"]=>
[2025-03-26T13:47:38.083+0000] {docker.py:69} INFO -     int(1)
[2025-03-26T13:47:38.083+0000] {docker.py:69} INFO -     ["container"]=>
[2025-03-26T13:47:38.083+0000] {docker.py:69} INFO -     string(8) "php-app2"
[2025-03-26T13:47:38.084+0000] {docker.py:69} INFO -     ["timestamp"]=>
[2025-03-26T13:47:38.089+0000] {docker.py:69} INFO -     int(1742996789)
[2025-03-26T13:47:38.089+0000] {docker.py:69} INFO -   }
[2025-03-26T13:47:38.090+0000] {docker.py:69} INFO -   [54]=>
[2025-03-26T13:47:38.090+0000] {docker.py:69} INFO -   object(stdClass)#56 (3) {
[2025-03-26T13:47:38.091+0000] {docker.py:69} INFO -     ["contador"]=>
[2025-03-26T13:47:38.091+0000] {docker.py:69} INFO -     int(1)
[2025-03-26T13:47:38.091+0000] {docker.py:69} INFO -     ["container"]=>
[2025-03-26T13:47:38.092+0000] {docker.py:69} INFO -     string(8) "php-app1"
[2025-03-26T13:47:38.092+0000] {docker.py:69} INFO -     ["timestamp"]=>
[2025-03-26T13:47:38.093+0000] {docker.py:69} INFO -     int(1742996790)
[2025-03-26T13:47:38.093+0000] {docker.py:69} INFO -   }
[2025-03-26T13:47:38.094+0000] {docker.py:69} INFO -   [55]=>
[2025-03-26T13:47:38.094+0000] {docker.py:69} INFO -   object(stdClass)#57 (3) {
[2025-03-26T13:47:38.094+0000] {docker.py:69} INFO -     ["contador"]=>
[2025-03-26T13:47:38.095+0000] {docker.py:69} INFO -     int(1)
[2025-03-26T13:47:38.095+0000] {docker.py:69} INFO -     ["container"]=>
[2025-03-26T13:47:38.096+0000] {docker.py:69} INFO -     string(8) "php-app1"
[2025-03-26T13:47:38.096+0000] {docker.py:69} INFO -     ["timestamp"]=>
[2025-03-26T13:47:38.097+0000] {docker.py:69} INFO -     int(1742996790)
[2025-03-26T13:47:38.099+0000] {docker.py:69} INFO -   }
[2025-03-26T13:47:38.100+0000] {docker.py:69} INFO -   [56]=>
[2025-03-26T13:47:38.100+0000] {docker.py:69} INFO -   object(stdClass)#58 (3) {
[2025-03-26T13:47:38.100+0000] {docker.py:69} INFO -     ["contador"]=>
[2025-03-26T13:47:38.103+0000] {docker.py:69} INFO -     int(1)
[2025-03-26T13:47:38.103+0000] {docker.py:69} INFO -     ["container"]=>
[2025-03-26T13:47:38.104+0000] {docker.py:69} INFO -     string(8) "php-app2"
[2025-03-26T13:47:38.104+0000] {docker.py:69} INFO -     ["timestamp"]=>
[2025-03-26T13:47:38.105+0000] {docker.py:69} INFO -     int(1742996790)
[2025-03-26T13:47:38.107+0000] {docker.py:69} INFO -   }
[2025-03-26T13:47:38.117+0000] {docker.py:69} INFO -   [57]=>
[2025-03-26T13:47:38.118+0000] {docker.py:69} INFO -   object(stdClass)#59 (3) {
[2025-03-26T13:47:38.118+0000] {docker.py:69} INFO -     ["contador"]=>
[2025-03-26T13:47:38.119+0000] {docker.py:69} INFO -     int(1)
[2025-03-26T13:47:38.120+0000] {docker.py:69} INFO -     ["container"]=>
[2025-03-26T13:47:38.121+0000] {docker.py:69} INFO -     string(8) "php-app2"
[2025-03-26T13:47:38.124+0000] {docker.py:69} INFO -     ["timestamp"]=>
[2025-03-26T13:47:38.125+0000] {docker.py:69} INFO -     int(1742996791)
[2025-03-26T13:47:38.126+0000] {docker.py:69} INFO -   }
[2025-03-26T13:47:38.127+0000] {docker.py:69} INFO -   [58]=>
[2025-03-26T13:47:38.180+0000] {docker.py:69} INFO -   object(stdClass)#60 (3) {
[2025-03-26T13:47:38.181+0000] {docker.py:69} INFO -     ["contador"]=>
[2025-03-26T13:47:38.181+0000] {docker.py:69} INFO -     int(1)
[2025-03-26T13:47:38.183+0000] {docker.py:69} INFO -     ["container"]=>
[2025-03-26T13:47:38.185+0000] {docker.py:69} INFO -     string(8) "php-app1"
[2025-03-26T13:47:38.186+0000] {docker.py:69} INFO -     ["timestamp"]=>
[2025-03-26T13:47:38.187+0000] {docker.py:69} INFO -     int(1742996792)
[2025-03-26T13:47:38.189+0000] {docker.py:69} INFO -   }
[2025-03-26T13:47:38.190+0000] {docker.py:69} INFO -   [59]=>
[2025-03-26T13:47:38.191+0000] {docker.py:69} INFO -   object(stdClass)#61 (3) {
[2025-03-26T13:47:38.199+0000] {docker.py:69} INFO -     ["contador"]=>
[2025-03-26T13:47:38.200+0000] {docker.py:69} INFO -     int(1)
[2025-03-26T13:47:38.200+0000] {docker.py:69} INFO -     ["container"]=>
[2025-03-26T13:47:38.201+0000] {docker.py:69} INFO -     string(8) "php-app1"
[2025-03-26T13:47:38.201+0000] {docker.py:69} INFO -     ["timestamp"]=>
[2025-03-26T13:47:38.202+0000] {docker.py:69} INFO -     int(1742996793)
[2025-03-26T13:47:38.209+0000] {docker.py:69} INFO -   }
[2025-03-26T13:47:38.210+0000] {docker.py:69} INFO -   [60]=>
[2025-03-26T13:47:38.213+0000] {docker.py:69} INFO -   object(stdClass)#62 (3) {
[2025-03-26T13:47:38.214+0000] {docker.py:69} INFO -     ["contador"]=>
[2025-03-26T13:47:38.214+0000] {docker.py:69} INFO -     int(1)
[2025-03-26T13:47:38.215+0000] {docker.py:69} INFO -     ["container"]=>
[2025-03-26T13:47:38.216+0000] {docker.py:69} INFO -     string(8) "php-app2"
[2025-03-26T13:47:38.217+0000] {docker.py:69} INFO -     ["timestamp"]=>
[2025-03-26T13:47:38.218+0000] {docker.py:69} INFO -     int(1742996794)
[2025-03-26T13:47:38.218+0000] {docker.py:69} INFO -   }
[2025-03-26T13:47:38.221+0000] {docker.py:69} INFO -   [61]=>
[2025-03-26T13:47:38.224+0000] {docker.py:69} INFO -   object(stdClass)#63 (3) {
[2025-03-26T13:47:38.225+0000] {docker.py:69} INFO -     ["contador"]=>
[2025-03-26T13:47:38.225+0000] {docker.py:69} INFO -     int(1)
[2025-03-26T13:47:38.225+0000] {docker.py:69} INFO -     ["container"]=>
[2025-03-26T13:47:38.226+0000] {docker.py:69} INFO -     string(8) "php-app1"
[2025-03-26T13:47:38.244+0000] {docker.py:69} INFO -     ["timestamp"]=>
[2025-03-26T13:47:38.245+0000] {docker.py:69} INFO -     int(1742996795)
[2025-03-26T13:47:38.255+0000] {docker.py:69} INFO -   }
[2025-03-26T13:47:38.258+0000] {docker.py:69} INFO -   [62]=>
[2025-03-26T13:47:38.265+0000] {docker.py:69} INFO -   object(stdClass)#64 (3) {
[2025-03-26T13:47:38.270+0000] {docker.py:69} INFO -     ["contador"]=>
[2025-03-26T13:47:38.301+0000] {docker.py:69} INFO -     int(1)
[2025-03-26T13:47:38.301+0000] {docker.py:69} INFO -     ["container"]=>
[2025-03-26T13:47:38.302+0000] {docker.py:69} INFO -     string(8) "php-app1"
[2025-03-26T13:47:38.302+0000] {docker.py:69} INFO -     ["timestamp"]=>
[2025-03-26T13:47:38.303+0000] {docker.py:69} INFO -     int(1742996797)
[2025-03-26T13:47:38.303+0000] {docker.py:69} INFO -   }
[2025-03-26T13:47:38.303+0000] {docker.py:69} INFO -   [63]=>
[2025-03-26T13:47:38.304+0000] {docker.py:69} INFO -   object(stdClass)#65 (3) {
[2025-03-26T13:47:38.304+0000] {docker.py:69} INFO -     ["contador"]=>
[2025-03-26T13:47:38.304+0000] {docker.py:69} INFO -     int(1)
[2025-03-26T13:47:38.305+0000] {docker.py:69} INFO -     ["container"]=>
[2025-03-26T13:47:38.305+0000] {docker.py:69} INFO -     string(8) "php-app2"
[2025-03-26T13:47:38.305+0000] {docker.py:69} INFO -     ["timestamp"]=>
[2025-03-26T13:47:38.306+0000] {docker.py:69} INFO -     int(1742996797)
[2025-03-26T13:47:38.306+0000] {docker.py:69} INFO -   }
[2025-03-26T13:47:38.307+0000] {docker.py:69} INFO -   [64]=>
[2025-03-26T13:47:38.307+0000] {docker.py:69} INFO -   object(stdClass)#66 (3) {
[2025-03-26T13:47:38.307+0000] {docker.py:69} INFO -     ["contador"]=>
[2025-03-26T13:47:38.308+0000] {docker.py:69} INFO -     int(1)
[2025-03-26T13:47:38.308+0000] {docker.py:69} INFO -     ["container"]=>
[2025-03-26T13:47:38.308+0000] {docker.py:69} INFO -     string(8) "php-app2"
[2025-03-26T13:47:38.309+0000] {docker.py:69} INFO -     ["timestamp"]=>
[2025-03-26T13:47:38.309+0000] {docker.py:69} INFO -     int(1742996797)
[2025-03-26T13:47:38.309+0000] {docker.py:69} INFO -   }
[2025-03-26T13:47:38.310+0000] {docker.py:69} INFO -   [65]=>
[2025-03-26T13:47:38.310+0000] {docker.py:69} INFO -   object(stdClass)#67 (3) {
[2025-03-26T13:47:38.310+0000] {docker.py:69} INFO -     ["contador"]=>
[2025-03-26T13:47:38.311+0000] {docker.py:69} INFO -     int(1)
[2025-03-26T13:47:38.311+0000] {docker.py:69} INFO -     ["container"]=>
[2025-03-26T13:47:38.312+0000] {docker.py:69} INFO -     string(8) "php-app1"
[2025-03-26T13:47:38.312+0000] {docker.py:69} INFO -     ["timestamp"]=>
[2025-03-26T13:47:38.312+0000] {docker.py:69} INFO -     int(1742996804)
[2025-03-26T13:47:38.313+0000] {docker.py:69} INFO -   }
[2025-03-26T13:47:38.313+0000] {docker.py:69} INFO -   [66]=>
[2025-03-26T13:47:38.313+0000] {docker.py:69} INFO -   object(stdClass)#68 (3) {
[2025-03-26T13:47:38.314+0000] {docker.py:69} INFO -     ["contador"]=>
[2025-03-26T13:47:38.314+0000] {docker.py:69} INFO -     int(1)
[2025-03-26T13:47:38.314+0000] {docker.py:69} INFO -     ["container"]=>
[2025-03-26T13:47:38.315+0000] {docker.py:69} INFO -     string(8) "php-app2"
[2025-03-26T13:47:38.315+0000] {docker.py:69} INFO -     ["timestamp"]=>
[2025-03-26T13:47:38.315+0000] {docker.py:69} INFO -     int(1742996806)
[2025-03-26T13:47:38.316+0000] {docker.py:69} INFO -   }
[2025-03-26T13:47:38.316+0000] {docker.py:69} INFO -   [67]=>
[2025-03-26T13:47:38.317+0000] {docker.py:69} INFO -   object(stdClass)#69 (3) {
[2025-03-26T13:47:38.317+0000] {docker.py:69} INFO -     ["contador"]=>
[2025-03-26T13:47:38.317+0000] {docker.py:69} INFO -     int(1)
[2025-03-26T13:47:38.318+0000] {docker.py:69} INFO -     ["container"]=>
[2025-03-26T13:47:38.318+0000] {docker.py:69} INFO -     string(8) "php-app2"
[2025-03-26T13:47:38.319+0000] {docker.py:69} INFO -     ["timestamp"]=>
[2025-03-26T13:47:38.319+0000] {docker.py:69} INFO -     int(1742996807)
[2025-03-26T13:47:38.319+0000] {docker.py:69} INFO -   }
[2025-03-26T13:47:38.320+0000] {docker.py:69} INFO -   [68]=>
[2025-03-26T13:47:38.320+0000] {docker.py:69} INFO -   object(stdClass)#70 (3) {
[2025-03-26T13:47:38.321+0000] {docker.py:69} INFO -     ["contador"]=>
[2025-03-26T13:47:38.321+0000] {docker.py:69} INFO -     int(1)
[2025-03-26T13:47:38.321+0000] {docker.py:69} INFO -     ["container"]=>
[2025-03-26T13:47:38.322+0000] {docker.py:69} INFO -     string(8) "php-app1"
[2025-03-26T13:47:38.322+0000] {docker.py:69} INFO -     ["timestamp"]=>
[2025-03-26T13:47:38.323+0000] {docker.py:69} INFO -     int(1742996807)
[2025-03-26T13:47:38.323+0000] {docker.py:69} INFO -   }
[2025-03-26T13:47:38.324+0000] {docker.py:69} INFO -   [69]=>
[2025-03-26T13:47:38.324+0000] {docker.py:69} INFO -   object(stdClass)#71 (3) {
[2025-03-26T13:47:38.325+0000] {docker.py:69} INFO -     ["contador"]=>
[2025-03-26T13:47:38.325+0000] {docker.py:69} INFO -     int(1)
[2025-03-26T13:47:38.325+0000] {docker.py:69} INFO -     ["container"]=>
[2025-03-26T13:47:38.326+0000] {docker.py:69} INFO -     string(8) "php-app2"
[2025-03-26T13:47:38.326+0000] {docker.py:69} INFO -     ["timestamp"]=>
[2025-03-26T13:47:38.327+0000] {docker.py:69} INFO -     int(1742996809)
[2025-03-26T13:47:38.327+0000] {docker.py:69} INFO -   }
[2025-03-26T13:47:38.327+0000] {docker.py:69} INFO -   [70]=>
[2025-03-26T13:47:38.328+0000] {docker.py:69} INFO -   object(stdClass)#72 (3) {
[2025-03-26T13:47:38.328+0000] {docker.py:69} INFO -     ["contador"]=>
[2025-03-26T13:47:38.328+0000] {docker.py:69} INFO -     int(1)
[2025-03-26T13:47:38.329+0000] {docker.py:69} INFO -     ["container"]=>
[2025-03-26T13:47:38.329+0000] {docker.py:69} INFO -     string(8) "php-app1"
[2025-03-26T13:47:38.330+0000] {docker.py:69} INFO -     ["timestamp"]=>
[2025-03-26T13:47:38.330+0000] {docker.py:69} INFO -     int(1742996810)
[2025-03-26T13:47:38.330+0000] {docker.py:69} INFO -   }
[2025-03-26T13:47:38.331+0000] {docker.py:69} INFO -   [71]=>
[2025-03-26T13:47:38.331+0000] {docker.py:69} INFO -   object(stdClass)#73 (3) {
[2025-03-26T13:47:38.332+0000] {docker.py:69} INFO -     ["contador"]=>
[2025-03-26T13:47:38.332+0000] {docker.py:69} INFO -     int(1)
[2025-03-26T13:47:38.332+0000] {docker.py:69} INFO -     ["container"]=>
[2025-03-26T13:47:38.333+0000] {docker.py:69} INFO -     string(8) "php-app1"
[2025-03-26T13:47:38.333+0000] {docker.py:69} INFO -     ["timestamp"]=>
[2025-03-26T13:47:38.333+0000] {docker.py:69} INFO -     int(1742996812)
[2025-03-26T13:47:38.334+0000] {docker.py:69} INFO -   }
[2025-03-26T13:47:38.334+0000] {docker.py:69} INFO -   [72]=>
[2025-03-26T13:47:38.334+0000] {docker.py:69} INFO -   object(stdClass)#74 (3) {
[2025-03-26T13:47:38.335+0000] {docker.py:69} INFO -     ["contador"]=>
[2025-03-26T13:47:38.335+0000] {docker.py:69} INFO -     int(1)
[2025-03-26T13:47:38.336+0000] {docker.py:69} INFO -     ["container"]=>
[2025-03-26T13:47:38.340+0000] {docker.py:69} INFO -     string(8) "php-app2"
[2025-03-26T13:47:38.340+0000] {docker.py:69} INFO -     ["timestamp"]=>
[2025-03-26T13:47:38.341+0000] {docker.py:69} INFO -     int(1742996813)
[2025-03-26T13:47:38.341+0000] {docker.py:69} INFO -   }
[2025-03-26T13:47:38.342+0000] {docker.py:69} INFO -   [73]=>
[2025-03-26T13:47:38.400+0000] {docker.py:69} INFO -   object(stdClass)#75 (3) {
[2025-03-26T13:47:38.401+0000] {docker.py:69} INFO -     ["contador"]=>
[2025-03-26T13:47:38.406+0000] {docker.py:69} INFO -     int(1)
[2025-03-26T13:47:38.406+0000] {docker.py:69} INFO -     ["container"]=>
[2025-03-26T13:47:38.407+0000] {docker.py:69} INFO -     string(8) "php-app1"
[2025-03-26T13:47:38.407+0000] {docker.py:69} INFO -     ["timestamp"]=>
[2025-03-26T13:47:38.407+0000] {docker.py:69} INFO -     int(1742996813)
[2025-03-26T13:47:38.408+0000] {docker.py:69} INFO -   }
[2025-03-26T13:47:38.408+0000] {docker.py:69} INFO -   [74]=>
[2025-03-26T13:47:38.408+0000] {docker.py:69} INFO -   object(stdClass)#76 (3) {
[2025-03-26T13:47:38.409+0000] {docker.py:69} INFO -     ["contador"]=>
[2025-03-26T13:47:38.409+0000] {docker.py:69} INFO -     int(1)
[2025-03-26T13:47:38.409+0000] {docker.py:69} INFO -     ["container"]=>
[2025-03-26T13:47:38.410+0000] {docker.py:69} INFO -     string(8) "php-app2"
[2025-03-26T13:47:38.410+0000] {docker.py:69} INFO -     ["timestamp"]=>
[2025-03-26T13:47:38.410+0000] {docker.py:69} INFO -     int(1742996815)
[2025-03-26T13:47:38.411+0000] {docker.py:69} INFO -   }
[2025-03-26T13:47:38.411+0000] {docker.py:69} INFO -   [75]=>
[2025-03-26T13:47:38.411+0000] {docker.py:69} INFO -   object(stdClass)#77 (3) {
[2025-03-26T13:47:38.412+0000] {docker.py:69} INFO -     ["contador"]=>
[2025-03-26T13:47:38.416+0000] {docker.py:69} INFO -     int(1)
[2025-03-26T13:47:38.416+0000] {docker.py:69} INFO -     ["container"]=>
[2025-03-26T13:47:38.417+0000] {docker.py:69} INFO -     string(8) "php-app1"
[2025-03-26T13:47:38.417+0000] {docker.py:69} INFO -     ["timestamp"]=>
[2025-03-26T13:47:38.418+0000] {docker.py:69} INFO -     int(1742996816)
[2025-03-26T13:47:38.418+0000] {docker.py:69} INFO -   }
[2025-03-26T13:47:38.419+0000] {docker.py:69} INFO -   [76]=>
[2025-03-26T13:47:38.420+0000] {docker.py:69} INFO -   object(stdClass)#78 (3) {
[2025-03-26T13:47:38.420+0000] {docker.py:69} INFO -     ["contador"]=>
[2025-03-26T13:47:38.421+0000] {docker.py:69} INFO -     int(1)
[2025-03-26T13:47:38.421+0000] {docker.py:69} INFO -     ["container"]=>
[2025-03-26T13:47:38.422+0000] {docker.py:69} INFO -     string(8) "php-app2"
[2025-03-26T13:47:38.422+0000] {docker.py:69} INFO -     ["timestamp"]=>
[2025-03-26T13:47:38.423+0000] {docker.py:69} INFO -     int(1742996816)
[2025-03-26T13:47:38.423+0000] {docker.py:69} INFO -   }
[2025-03-26T13:47:38.423+0000] {docker.py:69} INFO -   [77]=>
[2025-03-26T13:47:38.424+0000] {docker.py:69} INFO -   object(stdClass)#79 (3) {
[2025-03-26T13:47:38.424+0000] {docker.py:69} INFO -     ["contador"]=>
[2025-03-26T13:47:38.425+0000] {docker.py:69} INFO -     int(1)
[2025-03-26T13:47:38.425+0000] {docker.py:69} INFO -     ["container"]=>
[2025-03-26T13:47:38.426+0000] {docker.py:69} INFO -     string(8) "php-app1"
[2025-03-26T13:47:38.426+0000] {docker.py:69} INFO -     ["timestamp"]=>
[2025-03-26T13:47:38.426+0000] {docker.py:69} INFO -     int(1742996816)
[2025-03-26T13:47:38.427+0000] {docker.py:69} INFO -   }
[2025-03-26T13:47:38.427+0000] {docker.py:69} INFO -   [78]=>
[2025-03-26T13:47:38.427+0000] {docker.py:69} INFO -   object(stdClass)#80 (3) {
[2025-03-26T13:47:38.428+0000] {docker.py:69} INFO -     ["contador"]=>
[2025-03-26T13:47:38.428+0000] {docker.py:69} INFO -     int(1)
[2025-03-26T13:47:38.428+0000] {docker.py:69} INFO -     ["container"]=>
[2025-03-26T13:47:38.429+0000] {docker.py:69} INFO -     string(8) "php-app1"
[2025-03-26T13:47:38.429+0000] {docker.py:69} INFO -     ["timestamp"]=>
[2025-03-26T13:47:38.430+0000] {docker.py:69} INFO -     int(1742996817)
[2025-03-26T13:47:38.430+0000] {docker.py:69} INFO -   }
[2025-03-26T13:47:38.430+0000] {docker.py:69} INFO -   [79]=>
[2025-03-26T13:47:38.431+0000] {docker.py:69} INFO -   object(stdClass)#81 (3) {
[2025-03-26T13:47:38.431+0000] {docker.py:69} INFO -     ["contador"]=>
[2025-03-26T13:47:38.432+0000] {docker.py:69} INFO -     int(1)
[2025-03-26T13:47:38.432+0000] {docker.py:69} INFO -     ["container"]=>
[2025-03-26T13:47:38.433+0000] {docker.py:69} INFO -     string(8) "php-app2"
[2025-03-26T13:47:38.433+0000] {docker.py:69} INFO -     ["timestamp"]=>
[2025-03-26T13:47:38.434+0000] {docker.py:69} INFO -     int(1742996817)
[2025-03-26T13:47:38.434+0000] {docker.py:69} INFO -   }
[2025-03-26T13:47:38.435+0000] {docker.py:69} INFO -   [80]=>
[2025-03-26T13:47:38.435+0000] {docker.py:69} INFO -   object(stdClass)#82 (3) {
[2025-03-26T13:47:38.435+0000] {docker.py:69} INFO -     ["contador"]=>
[2025-03-26T13:47:38.436+0000] {docker.py:69} INFO -     int(1)
[2025-03-26T13:47:38.436+0000] {docker.py:69} INFO -     ["container"]=>
[2025-03-26T13:47:38.437+0000] {docker.py:69} INFO -     string(8) "php-app2"
[2025-03-26T13:47:38.437+0000] {docker.py:69} INFO -     ["timestamp"]=>
[2025-03-26T13:47:38.437+0000] {docker.py:69} INFO -     int(1742996818)
[2025-03-26T13:47:38.438+0000] {docker.py:69} INFO -   }
[2025-03-26T13:47:38.438+0000] {docker.py:69} INFO -   [81]=>
[2025-03-26T13:47:38.438+0000] {docker.py:69} INFO -   object(stdClass)#83 (3) {
[2025-03-26T13:47:38.439+0000] {docker.py:69} INFO -     ["contador"]=>
[2025-03-26T13:47:38.439+0000] {docker.py:69} INFO -     int(1)
[2025-03-26T13:47:38.440+0000] {docker.py:69} INFO -     ["container"]=>
[2025-03-26T13:47:38.440+0000] {docker.py:69} INFO -     string(8) "php-app1"
[2025-03-26T13:47:38.441+0000] {docker.py:69} INFO -     ["timestamp"]=>
[2025-03-26T13:47:38.441+0000] {docker.py:69} INFO -     int(1742996821)
[2025-03-26T13:47:38.442+0000] {docker.py:69} INFO -   }
[2025-03-26T13:47:38.442+0000] {docker.py:69} INFO -   [82]=>
[2025-03-26T13:47:38.443+0000] {docker.py:69} INFO -   object(stdClass)#84 (3) {
[2025-03-26T13:47:38.443+0000] {docker.py:69} INFO -     ["contador"]=>
[2025-03-26T13:47:38.444+0000] {docker.py:69} INFO -     int(1)
[2025-03-26T13:47:38.444+0000] {docker.py:69} INFO -     ["container"]=>
[2025-03-26T13:47:38.445+0000] {docker.py:69} INFO -     string(8) "php-app1"
[2025-03-26T13:47:38.446+0000] {docker.py:69} INFO -     ["timestamp"]=>
[2025-03-26T13:47:38.446+0000] {docker.py:69} INFO -     int(1742996824)
[2025-03-26T13:47:38.447+0000] {docker.py:69} INFO -   }
[2025-03-26T13:47:38.447+0000] {docker.py:69} INFO -   [83]=>
[2025-03-26T13:47:38.447+0000] {docker.py:69} INFO -   object(stdClass)#85 (3) {
[2025-03-26T13:47:38.448+0000] {docker.py:69} INFO -     ["contador"]=>
[2025-03-26T13:47:38.448+0000] {docker.py:69} INFO -     int(1)
[2025-03-26T13:47:38.448+0000] {docker.py:69} INFO -     ["container"]=>
[2025-03-26T13:47:38.449+0000] {docker.py:69} INFO -     string(8) "php-app2"
[2025-03-26T13:47:38.449+0000] {docker.py:69} INFO -     ["timestamp"]=>
[2025-03-26T13:47:38.450+0000] {docker.py:69} INFO -     int(1742996825)
[2025-03-26T13:47:38.450+0000] {docker.py:69} INFO -   }
[2025-03-26T13:47:38.451+0000] {docker.py:69} INFO -   [84]=>
[2025-03-26T13:47:38.451+0000] {docker.py:69} INFO -   object(stdClass)#86 (3) {
[2025-03-26T13:47:38.451+0000] {docker.py:69} INFO -     ["contador"]=>
[2025-03-26T13:47:38.452+0000] {docker.py:69} INFO -     int(1)
[2025-03-26T13:47:38.452+0000] {docker.py:69} INFO -     ["container"]=>
[2025-03-26T13:47:38.452+0000] {docker.py:69} INFO -     string(8) "php-app2"
[2025-03-26T13:47:38.453+0000] {docker.py:69} INFO -     ["timestamp"]=>
[2025-03-26T13:47:38.453+0000] {docker.py:69} INFO -     int(1742996826)
[2025-03-26T13:47:38.454+0000] {docker.py:69} INFO -   }
[2025-03-26T13:47:38.454+0000] {docker.py:69} INFO -   [85]=>
[2025-03-26T13:47:38.454+0000] {docker.py:69} INFO -   object(stdClass)#87 (3) {
[2025-03-26T13:47:38.455+0000] {docker.py:69} INFO -     ["contador"]=>
[2025-03-26T13:47:38.455+0000] {docker.py:69} INFO -     int(1)
[2025-03-26T13:47:38.455+0000] {docker.py:69} INFO -     ["container"]=>
[2025-03-26T13:47:38.456+0000] {docker.py:69} INFO -     string(8) "php-app2"
[2025-03-26T13:47:38.456+0000] {docker.py:69} INFO -     ["timestamp"]=>
[2025-03-26T13:47:38.457+0000] {docker.py:69} INFO -     int(1742996826)
[2025-03-26T13:47:38.457+0000] {docker.py:69} INFO -   }
[2025-03-26T13:47:38.457+0000] {docker.py:69} INFO -   [86]=>
[2025-03-26T13:47:38.458+0000] {docker.py:69} INFO -   object(stdClass)#88 (3) {
[2025-03-26T13:47:38.458+0000] {docker.py:69} INFO -     ["contador"]=>
[2025-03-26T13:47:38.458+0000] {docker.py:69} INFO -     int(1)
[2025-03-26T13:47:38.459+0000] {docker.py:69} INFO -     ["container"]=>
[2025-03-26T13:47:38.459+0000] {docker.py:69} INFO -     string(8) "php-app1"
[2025-03-26T13:47:38.460+0000] {docker.py:69} INFO -     ["timestamp"]=>
[2025-03-26T13:47:38.460+0000] {docker.py:69} INFO -     int(1742996827)
[2025-03-26T13:47:38.460+0000] {docker.py:69} INFO -   }
[2025-03-26T13:47:38.461+0000] {docker.py:69} INFO -   [87]=>
[2025-03-26T13:47:38.461+0000] {docker.py:69} INFO -   object(stdClass)#89 (3) {
[2025-03-26T13:47:38.461+0000] {docker.py:69} INFO -     ["contador"]=>
[2025-03-26T13:47:38.462+0000] {docker.py:69} INFO -     int(1)
[2025-03-26T13:47:38.462+0000] {docker.py:69} INFO -     ["container"]=>
[2025-03-26T13:47:38.462+0000] {docker.py:69} INFO -     string(8) "php-app2"
[2025-03-26T13:47:38.463+0000] {docker.py:69} INFO -     ["timestamp"]=>
[2025-03-26T13:47:38.463+0000] {docker.py:69} INFO -     int(1742996828)
[2025-03-26T13:47:38.464+0000] {docker.py:69} INFO -   }
[2025-03-26T13:47:38.464+0000] {docker.py:69} INFO -   [88]=>
[2025-03-26T13:47:38.464+0000] {docker.py:69} INFO -   object(stdClass)#90 (3) {
[2025-03-26T13:47:38.465+0000] {docker.py:69} INFO -     ["contador"]=>
[2025-03-26T13:47:38.465+0000] {docker.py:69} INFO -     int(1)
[2025-03-26T13:47:38.466+0000] {docker.py:69} INFO -     ["container"]=>
[2025-03-26T13:47:38.467+0000] {docker.py:69} INFO -     string(8) "php-app1"
[2025-03-26T13:47:38.467+0000] {docker.py:69} INFO -     ["timestamp"]=>
[2025-03-26T13:47:38.467+0000] {docker.py:69} INFO -     int(1742996828)
[2025-03-26T13:47:38.468+0000] {docker.py:69} INFO -   }
[2025-03-26T13:47:38.468+0000] {docker.py:69} INFO -   [89]=>
[2025-03-26T13:47:38.468+0000] {docker.py:69} INFO -   object(stdClass)#91 (3) {
[2025-03-26T13:47:38.469+0000] {docker.py:69} INFO -     ["contador"]=>
[2025-03-26T13:47:38.469+0000] {docker.py:69} INFO -     int(1)
[2025-03-26T13:47:38.469+0000] {docker.py:69} INFO -     ["container"]=>
[2025-03-26T13:47:38.470+0000] {docker.py:69} INFO -     string(8) "php-app2"
[2025-03-26T13:47:38.470+0000] {docker.py:69} INFO -     ["timestamp"]=>
[2025-03-26T13:47:38.470+0000] {docker.py:69} INFO -     int(1742996829)
[2025-03-26T13:47:38.471+0000] {docker.py:69} INFO -   }
[2025-03-26T13:47:38.471+0000] {docker.py:69} INFO -   [90]=>
[2025-03-26T13:47:38.472+0000] {docker.py:69} INFO -   object(stdClass)#92 (3) {
[2025-03-26T13:47:38.472+0000] {docker.py:69} INFO -     ["contador"]=>
[2025-03-26T13:47:38.472+0000] {docker.py:69} INFO -     int(1)
[2025-03-26T13:47:38.473+0000] {docker.py:69} INFO -     ["container"]=>
[2025-03-26T13:47:38.473+0000] {docker.py:69} INFO -     string(8) "php-app1"
[2025-03-26T13:47:38.473+0000] {docker.py:69} INFO -     ["timestamp"]=>
[2025-03-26T13:47:38.474+0000] {docker.py:69} INFO -     int(1742996829)
[2025-03-26T13:47:38.474+0000] {docker.py:69} INFO -   }
[2025-03-26T13:47:38.474+0000] {docker.py:69} INFO -   [91]=>
[2025-03-26T13:47:38.475+0000] {docker.py:69} INFO -   object(stdClass)#93 (3) {
[2025-03-26T13:47:38.475+0000] {docker.py:69} INFO -     ["contador"]=>
[2025-03-26T13:47:38.475+0000] {docker.py:69} INFO -     int(1)
[2025-03-26T13:47:38.478+0000] {docker.py:69} INFO -     ["container"]=>
[2025-03-26T13:47:38.479+0000] {docker.py:69} INFO -     string(8) "php-app2"
[2025-03-26T13:47:38.480+0000] {docker.py:69} INFO -     ["timestamp"]=>
[2025-03-26T13:47:38.481+0000] {docker.py:69} INFO -     int(1742996838)
[2025-03-26T13:47:38.482+0000] {docker.py:69} INFO -   }
[2025-03-26T13:47:38.482+0000] {docker.py:69} INFO -   [92]=>
[2025-03-26T13:47:38.482+0000] {docker.py:69} INFO -   object(stdClass)#94 (3) {
[2025-03-26T13:47:38.483+0000] {docker.py:69} INFO -     ["contador"]=>
[2025-03-26T13:47:38.483+0000] {docker.py:69} INFO -     int(1)
[2025-03-26T13:47:38.484+0000] {docker.py:69} INFO -     ["container"]=>
[2025-03-26T13:47:38.484+0000] {docker.py:69} INFO -     string(8) "php-app1"
[2025-03-26T13:47:38.485+0000] {docker.py:69} INFO -     ["timestamp"]=>
[2025-03-26T13:47:38.488+0000] {docker.py:69} INFO -     int(1742996841)
[2025-03-26T13:47:38.488+0000] {docker.py:69} INFO -   }
[2025-03-26T13:47:38.489+0000] {docker.py:69} INFO -   [93]=>
[2025-03-26T13:47:38.489+0000] {docker.py:69} INFO -   object(stdClass)#95 (3) {
[2025-03-26T13:47:38.494+0000] {docker.py:69} INFO -     ["contador"]=>
[2025-03-26T13:47:38.495+0000] {docker.py:69} INFO -     int(1)
[2025-03-26T13:47:38.501+0000] {docker.py:69} INFO -     ["container"]=>
[2025-03-26T13:47:38.501+0000] {docker.py:69} INFO -     string(8) "php-app2"
[2025-03-26T13:47:38.502+0000] {docker.py:69} INFO -     ["timestamp"]=>
[2025-03-26T13:47:38.506+0000] {docker.py:69} INFO -     int(1742996842)
[2025-03-26T13:47:38.506+0000] {docker.py:69} INFO -   }
[2025-03-26T13:47:38.507+0000] {docker.py:69} INFO -   [94]=>
[2025-03-26T13:47:38.511+0000] {docker.py:69} INFO -   object(stdClass)#96 (3) {
[2025-03-26T13:47:38.513+0000] {docker.py:69} INFO -     ["contador"]=>
[2025-03-26T13:47:38.513+0000] {docker.py:69} INFO -     int(1)
[2025-03-26T13:47:38.513+0000] {docker.py:69} INFO -     ["container"]=>
[2025-03-26T13:47:38.514+0000] {docker.py:69} INFO -     string(8) "php-app1"
[2025-03-26T13:47:38.514+0000] {docker.py:69} INFO -     ["timestamp"]=>
[2025-03-26T13:47:38.514+0000] {docker.py:69} INFO -     int(1742996843)
[2025-03-26T13:47:38.515+0000] {docker.py:69} INFO -   }
[2025-03-26T13:47:38.517+0000] {docker.py:69} INFO -   [95]=>
[2025-03-26T13:47:38.517+0000] {docker.py:69} INFO -   object(stdClass)#97 (3) {
[2025-03-26T13:47:38.521+0000] {docker.py:69} INFO -     ["contador"]=>
[2025-03-26T13:47:38.529+0000] {docker.py:69} INFO -     int(1)
[2025-03-26T13:47:38.530+0000] {docker.py:69} INFO -     ["container"]=>
[2025-03-26T13:47:38.533+0000] {docker.py:69} INFO -     string(8) "php-app2"
[2025-03-26T13:47:38.533+0000] {docker.py:69} INFO -     ["timestamp"]=>
[2025-03-26T13:47:38.534+0000] {docker.py:69} INFO -     int(1742996843)
[2025-03-26T13:47:38.534+0000] {docker.py:69} INFO -   }
[2025-03-26T13:47:38.534+0000] {docker.py:69} INFO -   [96]=>
[2025-03-26T13:47:38.535+0000] {docker.py:69} INFO -   object(stdClass)#98 (3) {
[2025-03-26T13:47:38.535+0000] {docker.py:69} INFO -     ["contador"]=>
[2025-03-26T13:47:38.536+0000] {docker.py:69} INFO -     int(1)
[2025-03-26T13:47:38.536+0000] {docker.py:69} INFO -     ["container"]=>
[2025-03-26T13:47:38.536+0000] {docker.py:69} INFO -     string(8) "php-app1"
[2025-03-26T13:47:38.537+0000] {docker.py:69} INFO -     ["timestamp"]=>
[2025-03-26T13:47:38.538+0000] {docker.py:69} INFO -     int(1742996844)
[2025-03-26T13:47:38.539+0000] {docker.py:69} INFO -   }
[2025-03-26T13:47:38.539+0000] {docker.py:69} INFO -   [97]=>
[2025-03-26T13:47:38.539+0000] {docker.py:69} INFO -   object(stdClass)#99 (3) {
[2025-03-26T13:47:38.540+0000] {docker.py:69} INFO -     ["contador"]=>
[2025-03-26T13:47:38.540+0000] {docker.py:69} INFO -     int(1)
[2025-03-26T13:47:38.540+0000] {docker.py:69} INFO -     ["container"]=>
[2025-03-26T13:47:38.541+0000] {docker.py:69} INFO -     string(8) "php-app1"
[2025-03-26T13:47:38.544+0000] {docker.py:69} INFO -     ["timestamp"]=>
[2025-03-26T13:47:38.544+0000] {docker.py:69} INFO -     int(1742996849)
[2025-03-26T13:47:38.545+0000] {docker.py:69} INFO -   }
[2025-03-26T13:47:38.546+0000] {docker.py:69} INFO -   [98]=>
[2025-03-26T13:47:38.547+0000] {docker.py:69} INFO -   object(stdClass)#100 (3) {
[2025-03-26T13:47:38.547+0000] {docker.py:69} INFO -     ["contador"]=>
[2025-03-26T13:47:38.547+0000] {docker.py:69} INFO -     int(1)
[2025-03-26T13:47:38.548+0000] {docker.py:69} INFO -     ["container"]=>
[2025-03-26T13:47:38.550+0000] {docker.py:69} INFO -     string(8) "php-app2"
[2025-03-26T13:47:38.550+0000] {docker.py:69} INFO -     ["timestamp"]=>
[2025-03-26T13:47:38.551+0000] {docker.py:69} INFO -     int(1742996849)
[2025-03-26T13:47:38.551+0000] {docker.py:69} INFO -   }
[2025-03-26T13:47:38.551+0000] {docker.py:69} INFO -   [99]=>
[2025-03-26T13:47:38.552+0000] {docker.py:69} INFO -   object(stdClass)#101 (3) {
[2025-03-26T13:47:38.552+0000] {docker.py:69} INFO -     ["contador"]=>
[2025-03-26T13:47:38.552+0000] {docker.py:69} INFO -     int(1)
[2025-03-26T13:47:38.553+0000] {docker.py:69} INFO -     ["container"]=>
[2025-03-26T13:47:38.553+0000] {docker.py:69} INFO -     string(8) "php-app2"
[2025-03-26T13:47:38.553+0000] {docker.py:69} INFO -     ["timestamp"]=>
[2025-03-26T13:47:38.554+0000] {docker.py:69} INFO -     int(1742996849)
[2025-03-26T13:47:38.554+0000] {docker.py:69} INFO -   }
[2025-03-26T13:47:38.554+0000] {docker.py:69} INFO -   [100]=>
[2025-03-26T13:47:38.554+0000] {docker.py:69} INFO -   object(stdClass)#102 (3) {
[2025-03-26T13:47:38.555+0000] {docker.py:69} INFO -     ["contador"]=>
[2025-03-26T13:47:38.555+0000] {docker.py:69} INFO -     int(1)
[2025-03-26T13:47:38.555+0000] {docker.py:69} INFO -     ["container"]=>
[2025-03-26T13:47:38.556+0000] {docker.py:69} INFO -     string(8) "php-app2"
[2025-03-26T13:47:38.556+0000] {docker.py:69} INFO -     ["timestamp"]=>
[2025-03-26T13:47:38.557+0000] {docker.py:69} INFO -     int(1742996850)
[2025-03-26T13:47:38.558+0000] {docker.py:69} INFO -   }
[2025-03-26T13:47:38.558+0000] {docker.py:69} INFO -   [101]=>
[2025-03-26T13:47:38.558+0000] {docker.py:69} INFO -   object(stdClass)#103 (3) {
[2025-03-26T13:47:38.559+0000] {docker.py:69} INFO -     ["contador"]=>
[2025-03-26T13:47:38.559+0000] {docker.py:69} INFO -     int(1)
[2025-03-26T13:47:38.559+0000] {docker.py:69} INFO -     ["container"]=>
[2025-03-26T13:47:38.560+0000] {docker.py:69} INFO -     string(8) "php-app1"
[2025-03-26T13:47:38.560+0000] {docker.py:69} INFO -     ["timestamp"]=>
[2025-03-26T13:47:38.560+0000] {docker.py:69} INFO -     int(1742996850)
[2025-03-26T13:47:38.561+0000] {docker.py:69} INFO -   }
[2025-03-26T13:47:38.561+0000] {docker.py:69} INFO -   [102]=>
[2025-03-26T13:47:38.563+0000] {docker.py:69} INFO -   object(stdClass)#104 (3) {
[2025-03-26T13:47:38.563+0000] {docker.py:69} INFO -     ["contador"]=>
[2025-03-26T13:47:38.564+0000] {docker.py:69} INFO -     int(1)
[2025-03-26T13:47:38.564+0000] {docker.py:69} INFO -     ["container"]=>
[2025-03-26T13:47:38.564+0000] {docker.py:69} INFO -     string(8) "php-app1"
[2025-03-26T13:47:38.565+0000] {docker.py:69} INFO -     ["timestamp"]=>
[2025-03-26T13:47:38.565+0000] {docker.py:69} INFO -     int(1742996851)
[2025-03-26T13:47:38.565+0000] {docker.py:69} INFO -   }
[2025-03-26T13:47:38.566+0000] {docker.py:69} INFO -   [103]=>
[2025-03-26T13:47:38.567+0000] {docker.py:69} INFO -   object(stdClass)#105 (3) {
[2025-03-26T13:47:38.568+0000] {docker.py:69} INFO -     ["contador"]=>
[2025-03-26T13:47:38.568+0000] {docker.py:69} INFO -     int(1)
[2025-03-26T13:47:38.568+0000] {docker.py:69} INFO -     ["container"]=>
[2025-03-26T13:47:38.569+0000] {docker.py:69} INFO -     string(8) "php-app2"
[2025-03-26T13:47:38.569+0000] {docker.py:69} INFO -     ["timestamp"]=>
[2025-03-26T13:47:38.569+0000] {docker.py:69} INFO -     int(1742996854)
[2025-03-26T13:47:38.570+0000] {docker.py:69} INFO -   }
[2025-03-26T13:47:38.570+0000] {docker.py:69} INFO -   [104]=>
[2025-03-26T13:47:38.570+0000] {docker.py:69} INFO -   array(3) {
[2025-03-26T13:47:38.570+0000] {docker.py:69} INFO -     ["contador"]=>
[2025-03-26T13:47:38.571+0000] {docker.py:69} INFO -     int(1)
[2025-03-26T13:47:38.571+0000] {docker.py:69} INFO -     ["container"]=>
[2025-03-26T13:47:38.571+0000] {docker.py:69} INFO -     string(8) "php-app2"
[2025-03-26T13:47:38.572+0000] {docker.py:69} INFO -     ["timestamp"]=>
[2025-03-26T13:47:38.572+0000] {docker.py:69} INFO -     int(1742996855)
[2025-03-26T13:47:38.572+0000] {docker.py:69} INFO -   }
[2025-03-26T13:47:38.573+0000] {docker.py:69} INFO - }
[2025-03-26T13:47:38.856+0000] {taskinstance.py:341} INFO - ::group::Post task execution logs
[2025-03-26T13:47:38.856+0000] {taskinstance.py:353} INFO - Marking task as SUCCESS. dag_id=containers1_dag, task_id=php_app2, run_id=scheduled__2025-03-25T03:25:00+00:00, execution_date=20250325T032500, start_date=20250326T134725, end_date=20250326T134738
[2025-03-26T13:47:39.171+0000] {local_task_job_runner.py:266} INFO - Task exited with return code 0
[2025-03-26T13:47:39.404+0000] {taskinstance.py:3901} INFO - 0 downstream tasks scheduled from follow-on schedule check
[2025-03-26T13:47:39.438+0000] {local_task_job_runner.py:245} INFO - ::endgroup::
