[2025-03-26T13:48:22.809+0000] {local_task_job_runner.py:123} INFO - ::group::Pre task execution logs
[2025-03-26T13:48:23.069+0000] {taskinstance.py:2614} INFO - Dependencies all met for dep_context=non-requeueable deps ti=<TaskInstance: containers1_dag.php_app2 scheduled__2025-03-25T05:05:00+00:00 [queued]>
[2025-03-26T13:48:23.140+0000] {taskinstance.py:2614} INFO - Dependencies all met for dep_context=requeueable deps ti=<TaskInstance: containers1_dag.php_app2 scheduled__2025-03-25T05:05:00+00:00 [queued]>
[2025-03-26T13:48:23.140+0000] {taskinstance.py:2867} INFO - Starting attempt 1 of 6
[2025-03-26T13:48:24.212+0000] {taskinstance.py:2890} INFO - Executing <Task(DockerOperator): php_app2> on 2025-03-25 05:05:00+00:00
[2025-03-26T13:48:24.585+0000] {logging_mixin.py:190} WARNING - /home/***/.local/lib/python3.12/site-packages/***/task/task_runner/standard_task_runner.py:70 DeprecationWarning: This process (pid=990) is multi-threaded, use of fork() may lead to deadlocks in the child.
[2025-03-26T13:48:24.607+0000] {standard_task_runner.py:72} INFO - Started process 1011 to run task
[2025-03-26T13:48:24.619+0000] {standard_task_runner.py:104} INFO - Running: ['***', 'tasks', 'run', 'containers1_dag', 'php_app2', 'scheduled__2025-03-25T05:05:00+00:00', '--job-id', '146', '--raw', '--subdir', 'DAGS_FOLDER/containers1_dag.py', '--cfg-path', '/tmp/tmpzpuo88nc']
[2025-03-26T13:48:24.664+0000] {standard_task_runner.py:105} INFO - Job 146: Subtask php_app2
[2025-03-26T13:48:25.496+0000] {task_command.py:467} INFO - Running <TaskInstance: containers1_dag.php_app2 scheduled__2025-03-25T05:05:00+00:00 [running]> on host 3d581a580455
[2025-03-26T13:48:28.210+0000] {taskinstance.py:3134} INFO - Exporting env vars: AIRFLOW_CTX_DAG_OWNER='andre' AIRFLOW_CTX_DAG_ID='containers1_dag' AIRFLOW_CTX_TASK_ID='php_app2' AIRFLOW_CTX_EXECUTION_DATE='2025-03-25T05:05:00+00:00' AIRFLOW_CTX_TRY_NUMBER='1' AIRFLOW_CTX_DAG_RUN_ID='scheduled__2025-03-25T05:05:00+00:00'
[2025-03-26T13:48:28.238+0000] {taskinstance.py:732} INFO - ::endgroup::
[2025-03-26T13:48:28.620+0000] {docker.py:345} INFO - Starting docker container from image php-app2
[2025-03-26T13:48:28.680+0000] {docker.py:353} WARNING - Using remote engine or docker-in-docker and mounting temporary volume from host is not supported. Falling back to `mount_tmp_dir=False` mode. You can set `mount_tmp_dir` parameter to False to disable mounting and remove the warning
[2025-03-26T13:48:37.234+0000] {docker.py:69} INFO - array(149) {
[2025-03-26T13:48:37.235+0000] {docker.py:69} INFO -   [0]=>
[2025-03-26T13:48:37.235+0000] {docker.py:69} INFO -   object(stdClass)#2 (3) {
[2025-03-26T13:48:37.236+0000] {docker.py:69} INFO -     ["contador"]=>
[2025-03-26T13:48:37.237+0000] {docker.py:69} INFO -     int(0)
[2025-03-26T13:48:37.252+0000] {docker.py:69} INFO -     ["container"]=>
[2025-03-26T13:48:37.262+0000] {docker.py:69} INFO -     string(8) "php-app1"
[2025-03-26T13:48:37.263+0000] {docker.py:69} INFO -     ["timestamp"]=>
[2025-03-26T13:48:37.264+0000] {docker.py:69} INFO -     int(1742852307)
[2025-03-26T13:48:37.270+0000] {docker.py:69} INFO -   }
[2025-03-26T13:48:37.340+0000] {docker.py:69} INFO -   [1]=>
[2025-03-26T13:48:37.353+0000] {docker.py:69} INFO -   object(stdClass)#3 (3) {
[2025-03-26T13:48:37.354+0000] {docker.py:69} INFO -     ["contador"]=>
[2025-03-26T13:48:37.357+0000] {docker.py:69} INFO -     int(1)
[2025-03-26T13:48:37.360+0000] {docker.py:69} INFO -     ["container"]=>
[2025-03-26T13:48:37.361+0000] {docker.py:69} INFO -     string(8) "php-app2"
[2025-03-26T13:48:37.361+0000] {docker.py:69} INFO -     ["timestamp"]=>
[2025-03-26T13:48:37.362+0000] {docker.py:69} INFO -     int(1742852309)
[2025-03-26T13:48:37.364+0000] {docker.py:69} INFO -   }
[2025-03-26T13:48:37.367+0000] {docker.py:69} INFO -   [2]=>
[2025-03-26T13:48:37.368+0000] {docker.py:69} INFO -   object(stdClass)#4 (3) {
[2025-03-26T13:48:37.368+0000] {docker.py:69} INFO -     ["contador"]=>
[2025-03-26T13:48:37.369+0000] {docker.py:69} INFO -     int(1)
[2025-03-26T13:48:37.369+0000] {docker.py:69} INFO -     ["container"]=>
[2025-03-26T13:48:37.370+0000] {docker.py:69} INFO -     string(8) "php-app1"
[2025-03-26T13:48:37.370+0000] {docker.py:69} INFO -     ["timestamp"]=>
[2025-03-26T13:48:37.370+0000] {docker.py:69} INFO -     int(1742852311)
[2025-03-26T13:48:37.373+0000] {docker.py:69} INFO -   }
[2025-03-26T13:48:37.381+0000] {docker.py:69} INFO -   [3]=>
[2025-03-26T13:48:37.381+0000] {docker.py:69} INFO -   object(stdClass)#5 (3) {
[2025-03-26T13:48:37.382+0000] {docker.py:69} INFO -     ["contador"]=>
[2025-03-26T13:48:37.382+0000] {docker.py:69} INFO -     int(1)
[2025-03-26T13:48:37.383+0000] {docker.py:69} INFO -     ["container"]=>
[2025-03-26T13:48:37.383+0000] {docker.py:69} INFO -     string(8) "php-app2"
[2025-03-26T13:48:37.384+0000] {docker.py:69} INFO -     ["timestamp"]=>
[2025-03-26T13:48:37.384+0000] {docker.py:69} INFO -     int(1742852314)
[2025-03-26T13:48:37.385+0000] {docker.py:69} INFO -   }
[2025-03-26T13:48:37.385+0000] {docker.py:69} INFO -   [4]=>
[2025-03-26T13:48:37.385+0000] {docker.py:69} INFO -   object(stdClass)#6 (3) {
[2025-03-26T13:48:37.386+0000] {docker.py:69} INFO -     ["contador"]=>
[2025-03-26T13:48:37.386+0000] {docker.py:69} INFO -     int(1)
[2025-03-26T13:48:37.387+0000] {docker.py:69} INFO -     ["container"]=>
[2025-03-26T13:48:37.387+0000] {docker.py:69} INFO -     string(8) "php-app2"
[2025-03-26T13:48:37.387+0000] {docker.py:69} INFO -     ["timestamp"]=>
[2025-03-26T13:48:37.388+0000] {docker.py:69} INFO -     int(1742996301)
[2025-03-26T13:48:37.388+0000] {docker.py:69} INFO -   }
[2025-03-26T13:48:37.389+0000] {docker.py:69} INFO -   [5]=>
[2025-03-26T13:48:37.389+0000] {docker.py:69} INFO -   object(stdClass)#7 (3) {
[2025-03-26T13:48:37.389+0000] {docker.py:69} INFO -     ["contador"]=>
[2025-03-26T13:48:37.390+0000] {docker.py:69} INFO -     int(1)
[2025-03-26T13:48:37.390+0000] {docker.py:69} INFO -     ["container"]=>
[2025-03-26T13:48:37.390+0000] {docker.py:69} INFO -     string(8) "php-app1"
[2025-03-26T13:48:37.391+0000] {docker.py:69} INFO -     ["timestamp"]=>
[2025-03-26T13:48:37.391+0000] {docker.py:69} INFO -     int(1742996302)
[2025-03-26T13:48:37.392+0000] {docker.py:69} INFO -   }
[2025-03-26T13:48:37.392+0000] {docker.py:69} INFO -   [6]=>
[2025-03-26T13:48:37.393+0000] {docker.py:69} INFO -   object(stdClass)#8 (3) {
[2025-03-26T13:48:37.393+0000] {docker.py:69} INFO -     ["contador"]=>
[2025-03-26T13:48:37.393+0000] {docker.py:69} INFO -     int(1)
[2025-03-26T13:48:37.394+0000] {docker.py:69} INFO -     ["container"]=>
[2025-03-26T13:48:37.395+0000] {docker.py:69} INFO -     string(8) "php-app1"
[2025-03-26T13:48:37.396+0000] {docker.py:69} INFO -     ["timestamp"]=>
[2025-03-26T13:48:37.397+0000] {docker.py:69} INFO -     int(1742996302)
[2025-03-26T13:48:37.398+0000] {docker.py:69} INFO -   }
[2025-03-26T13:48:37.398+0000] {docker.py:69} INFO -   [7]=>
[2025-03-26T13:48:37.399+0000] {docker.py:69} INFO -   object(stdClass)#9 (3) {
[2025-03-26T13:48:37.399+0000] {docker.py:69} INFO -     ["contador"]=>
[2025-03-26T13:48:37.399+0000] {docker.py:69} INFO -     int(1)
[2025-03-26T13:48:37.400+0000] {docker.py:69} INFO -     ["container"]=>
[2025-03-26T13:48:37.400+0000] {docker.py:69} INFO -     string(8) "php-app2"
[2025-03-26T13:48:37.401+0000] {docker.py:69} INFO -     ["timestamp"]=>
[2025-03-26T13:48:37.401+0000] {docker.py:69} INFO -     int(1742996303)
[2025-03-26T13:48:37.402+0000] {docker.py:69} INFO -   }
[2025-03-26T13:48:37.402+0000] {docker.py:69} INFO -   [8]=>
[2025-03-26T13:48:37.402+0000] {docker.py:69} INFO -   object(stdClass)#10 (3) {
[2025-03-26T13:48:37.403+0000] {docker.py:69} INFO -     ["contador"]=>
[2025-03-26T13:48:37.403+0000] {docker.py:69} INFO -     int(1)
[2025-03-26T13:48:37.404+0000] {docker.py:69} INFO -     ["container"]=>
[2025-03-26T13:48:37.404+0000] {docker.py:69} INFO -     string(8) "php-app1"
[2025-03-26T13:48:37.405+0000] {docker.py:69} INFO -     ["timestamp"]=>
[2025-03-26T13:48:37.406+0000] {docker.py:69} INFO -     int(1742996304)
[2025-03-26T13:48:37.406+0000] {docker.py:69} INFO -   }
[2025-03-26T13:48:37.407+0000] {docker.py:69} INFO -   [9]=>
[2025-03-26T13:48:37.408+0000] {docker.py:69} INFO -   object(stdClass)#11 (3) {
[2025-03-26T13:48:37.408+0000] {docker.py:69} INFO -     ["contador"]=>
[2025-03-26T13:48:37.409+0000] {docker.py:69} INFO -     int(1)
[2025-03-26T13:48:37.409+0000] {docker.py:69} INFO -     ["container"]=>
[2025-03-26T13:48:37.412+0000] {docker.py:69} INFO -     string(8) "php-app2"
[2025-03-26T13:48:37.413+0000] {docker.py:69} INFO -     ["timestamp"]=>
[2025-03-26T13:48:37.414+0000] {docker.py:69} INFO -     int(1742996305)
[2025-03-26T13:48:37.414+0000] {docker.py:69} INFO -   }
[2025-03-26T13:48:37.415+0000] {docker.py:69} INFO -   [10]=>
[2025-03-26T13:48:37.415+0000] {docker.py:69} INFO -   object(stdClass)#12 (3) {
[2025-03-26T13:48:37.416+0000] {docker.py:69} INFO -     ["contador"]=>
[2025-03-26T13:48:37.416+0000] {docker.py:69} INFO -     int(1)
[2025-03-26T13:48:37.417+0000] {docker.py:69} INFO -     ["container"]=>
[2025-03-26T13:48:37.417+0000] {docker.py:69} INFO -     string(8) "php-app2"
[2025-03-26T13:48:37.418+0000] {docker.py:69} INFO -     ["timestamp"]=>
[2025-03-26T13:48:37.418+0000] {docker.py:69} INFO -     int(1742996305)
[2025-03-26T13:48:37.418+0000] {docker.py:69} INFO -   }
[2025-03-26T13:48:37.419+0000] {docker.py:69} INFO -   [11]=>
[2025-03-26T13:48:37.420+0000] {docker.py:69} INFO -   object(stdClass)#13 (3) {
[2025-03-26T13:48:37.420+0000] {docker.py:69} INFO -     ["contador"]=>
[2025-03-26T13:48:37.421+0000] {docker.py:69} INFO -     int(1)
[2025-03-26T13:48:37.421+0000] {docker.py:69} INFO -     ["container"]=>
[2025-03-26T13:48:37.422+0000] {docker.py:69} INFO -     string(8) "php-app1"
[2025-03-26T13:48:37.422+0000] {docker.py:69} INFO -     ["timestamp"]=>
[2025-03-26T13:48:37.423+0000] {docker.py:69} INFO -     int(1742996305)
[2025-03-26T13:48:37.423+0000] {docker.py:69} INFO -   }
[2025-03-26T13:48:37.424+0000] {docker.py:69} INFO -   [12]=>
[2025-03-26T13:48:37.424+0000] {docker.py:69} INFO -   object(stdClass)#14 (3) {
[2025-03-26T13:48:37.425+0000] {docker.py:69} INFO -     ["contador"]=>
[2025-03-26T13:48:37.425+0000] {docker.py:69} INFO -     int(1)
[2025-03-26T13:48:37.425+0000] {docker.py:69} INFO -     ["container"]=>
[2025-03-26T13:48:37.426+0000] {docker.py:69} INFO -     string(8) "php-app1"
[2025-03-26T13:48:37.426+0000] {docker.py:69} INFO -     ["timestamp"]=>
[2025-03-26T13:48:37.427+0000] {docker.py:69} INFO -     int(1742996309)
[2025-03-26T13:48:37.427+0000] {docker.py:69} INFO -   }
[2025-03-26T13:48:37.428+0000] {docker.py:69} INFO -   [13]=>
[2025-03-26T13:48:37.429+0000] {docker.py:69} INFO -   object(stdClass)#15 (3) {
[2025-03-26T13:48:37.429+0000] {docker.py:69} INFO -     ["contador"]=>
[2025-03-26T13:48:37.430+0000] {docker.py:69} INFO -     int(1)
[2025-03-26T13:48:37.430+0000] {docker.py:69} INFO -     ["container"]=>
[2025-03-26T13:48:37.431+0000] {docker.py:69} INFO -     string(8) "php-app1"
[2025-03-26T13:48:37.431+0000] {docker.py:69} INFO -     ["timestamp"]=>
[2025-03-26T13:48:37.432+0000] {docker.py:69} INFO -     int(1742996309)
[2025-03-26T13:48:37.432+0000] {docker.py:69} INFO -   }
[2025-03-26T13:48:37.433+0000] {docker.py:69} INFO -   [14]=>
[2025-03-26T13:48:37.433+0000] {docker.py:69} INFO -   object(stdClass)#16 (3) {
[2025-03-26T13:48:37.434+0000] {docker.py:69} INFO -     ["contador"]=>
[2025-03-26T13:48:37.434+0000] {docker.py:69} INFO -     int(1)
[2025-03-26T13:48:37.435+0000] {docker.py:69} INFO -     ["container"]=>
[2025-03-26T13:48:37.436+0000] {docker.py:69} INFO -     string(8) "php-app2"
[2025-03-26T13:48:37.436+0000] {docker.py:69} INFO -     ["timestamp"]=>
[2025-03-26T13:48:37.437+0000] {docker.py:69} INFO -     int(1742996309)
[2025-03-26T13:48:37.437+0000] {docker.py:69} INFO -   }
[2025-03-26T13:48:37.438+0000] {docker.py:69} INFO -   [15]=>
[2025-03-26T13:48:37.438+0000] {docker.py:69} INFO -   object(stdClass)#17 (3) {
[2025-03-26T13:48:37.439+0000] {docker.py:69} INFO -     ["contador"]=>
[2025-03-26T13:48:37.439+0000] {docker.py:69} INFO -     int(1)
[2025-03-26T13:48:37.439+0000] {docker.py:69} INFO -     ["container"]=>
[2025-03-26T13:48:37.440+0000] {docker.py:69} INFO -     string(8) "php-app2"
[2025-03-26T13:48:37.440+0000] {docker.py:69} INFO -     ["timestamp"]=>
[2025-03-26T13:48:37.441+0000] {docker.py:69} INFO -     int(1742996309)
[2025-03-26T13:48:37.441+0000] {docker.py:69} INFO -   }
[2025-03-26T13:48:37.441+0000] {docker.py:69} INFO -   [16]=>
[2025-03-26T13:48:37.442+0000] {docker.py:69} INFO -   object(stdClass)#18 (3) {
[2025-03-26T13:48:37.442+0000] {docker.py:69} INFO -     ["contador"]=>
[2025-03-26T13:48:37.443+0000] {docker.py:69} INFO -     int(1)
[2025-03-26T13:48:37.443+0000] {docker.py:69} INFO -     ["container"]=>
[2025-03-26T13:48:37.444+0000] {docker.py:69} INFO -     string(8) "php-app1"
[2025-03-26T13:48:37.444+0000] {docker.py:69} INFO -     ["timestamp"]=>
[2025-03-26T13:48:37.444+0000] {docker.py:69} INFO -     int(1742996310)
[2025-03-26T13:48:37.445+0000] {docker.py:69} INFO -   }
[2025-03-26T13:48:37.445+0000] {docker.py:69} INFO -   [17]=>
[2025-03-26T13:48:37.446+0000] {docker.py:69} INFO -   object(stdClass)#19 (3) {
[2025-03-26T13:48:37.446+0000] {docker.py:69} INFO -     ["contador"]=>
[2025-03-26T13:48:37.446+0000] {docker.py:69} INFO -     int(1)
[2025-03-26T13:48:37.447+0000] {docker.py:69} INFO -     ["container"]=>
[2025-03-26T13:48:37.447+0000] {docker.py:69} INFO -     string(8) "php-app2"
[2025-03-26T13:48:37.561+0000] {docker.py:69} INFO -     ["timestamp"]=>
[2025-03-26T13:48:37.562+0000] {docker.py:69} INFO -     int(1742996310)
[2025-03-26T13:48:37.562+0000] {docker.py:69} INFO -   }
[2025-03-26T13:48:37.563+0000] {docker.py:69} INFO -   [18]=>
[2025-03-26T13:48:37.622+0000] {docker.py:69} INFO -   object(stdClass)#20 (3) {
[2025-03-26T13:48:37.623+0000] {docker.py:69} INFO -     ["contador"]=>
[2025-03-26T13:48:37.656+0000] {docker.py:69} INFO -     int(1)
[2025-03-26T13:48:37.657+0000] {docker.py:69} INFO -     ["container"]=>
[2025-03-26T13:48:37.660+0000] {docker.py:69} INFO -     string(8) "php-app2"
[2025-03-26T13:48:37.663+0000] {docker.py:69} INFO -     ["timestamp"]=>
[2025-03-26T13:48:37.665+0000] {docker.py:69} INFO -     int(1742996310)
[2025-03-26T13:48:37.666+0000] {docker.py:69} INFO -   }
[2025-03-26T13:48:37.669+0000] {docker.py:69} INFO -   [19]=>
[2025-03-26T13:48:37.673+0000] {docker.py:69} INFO -   object(stdClass)#21 (3) {
[2025-03-26T13:48:37.673+0000] {docker.py:69} INFO -     [
[2025-03-26T13:48:37.680+0000] {docker.py:69} INFO - "contador"]=>
[2025-03-26T13:48:37.680+0000] {docker.py:69} INFO -     int(1)
[2025-03-26T13:48:37.681+0000] {docker.py:69} INFO -     ["container"]=>
[2025-03-26T13:48:37.687+0000] {docker.py:69} INFO -     string(8) "php-app1"
[2025-03-26T13:48:37.687+0000] {docker.py:69} INFO -     ["timestamp"]=>
[2025-03-26T13:48:37.688+0000] {docker.py:69} INFO -     int(1742996311)
[2025-03-26T13:48:37.688+0000] {docker.py:69} INFO -   }
[2025-03-26T13:48:37.689+0000] {docker.py:69} INFO -   [20]=>
[2025-03-26T13:48:37.689+0000] {docker.py:69} INFO -   object(stdClass)#22 (3) {
[2025-03-26T13:48:37.689+0000] {docker.py:69} INFO -     ["contador"]=>
[2025-03-26T13:48:37.690+0000] {docker.py:69} INFO -     int(1)
[2025-03-26T13:48:37.690+0000] {docker.py:69} INFO -     ["container"]=>
[2025-03-26T13:48:37.691+0000] {docker.py:69} INFO -     string(8) "php-app1"
[2025-03-26T13:48:37.694+0000] {docker.py:69} INFO -     ["timestamp"]=>
[2025-03-26T13:48:37.695+0000] {docker.py:69} INFO -     int(1742996311)
[2025-03-26T13:48:37.695+0000] {docker.py:69} INFO -   }
[2025-03-26T13:48:37.696+0000] {docker.py:69} INFO -   [21]=>
[2025-03-26T13:48:37.696+0000] {docker.py:69} INFO -   object(stdClass)#23 (3) {
[2025-03-26T13:48:37.697+0000] {docker.py:69} INFO -     ["contador"]=>
[2025-03-26T13:48:37.698+0000] {docker.py:69} INFO -     int(1)
[2025-03-26T13:48:37.702+0000] {docker.py:69} INFO -     ["container"]=>
[2025-03-26T13:48:37.703+0000] {docker.py:69} INFO -     string(8) "php-app2"
[2025-03-26T13:48:37.703+0000] {docker.py:69} INFO -     ["timestamp"]=>
[2025-03-26T13:48:37.704+0000] {docker.py:69} INFO -     int(1742996312)
[2025-03-26T13:48:37.705+0000] {docker.py:69} INFO -   }
[2025-03-26T13:48:37.705+0000] {docker.py:69} INFO -   [22]=>
[2025-03-26T13:48:37.706+0000] {docker.py:69} INFO -   object(stdClass)#24 (3) {
[2025-03-26T13:48:37.706+0000] {docker.py:69} INFO -     ["contador"]=>
[2025-03-26T13:48:37.706+0000] {docker.py:69} INFO -     int(1)
[2025-03-26T13:48:37.707+0000] {docker.py:69} INFO -     ["container"]=>
[2025-03-26T13:48:37.708+0000] {docker.py:69} INFO -     string(8) "php-app1"
[2025-03-26T13:48:37.708+0000] {docker.py:69} INFO -     ["timestamp"]=>
[2025-03-26T13:48:37.709+0000] {docker.py:69} INFO -     int(1742996313)
[2025-03-26T13:48:37.711+0000] {docker.py:69} INFO -   }
[2025-03-26T13:48:37.711+0000] {docker.py:69} INFO -   [23]=>
[2025-03-26T13:48:37.713+0000] {docker.py:69} INFO -   object(stdClass)#25 (3) {
[2025-03-26T13:48:37.713+0000] {docker.py:69} INFO -     ["contador"]=>
[2025-03-26T13:48:37.714+0000] {docker.py:69} INFO -     int(1)
[2025-03-26T13:48:37.714+0000] {docker.py:69} INFO -     ["container"]=>
[2025-03-26T13:48:37.715+0000] {docker.py:69} INFO -     string(8) "php-app1"
[2025-03-26T13:48:37.715+0000] {docker.py:69} INFO -     ["timestamp"]=>
[2025-03-26T13:48:37.715+0000] {docker.py:69} INFO -     int(1742996751)
[2025-03-26T13:48:37.716+0000] {docker.py:69} INFO -   }
[2025-03-26T13:48:37.717+0000] {docker.py:69} INFO -   [24]=>
[2025-03-26T13:48:37.718+0000] {docker.py:69} INFO -   object(stdClass)#26 (3) {
[2025-03-26T13:48:37.718+0000] {docker.py:69} INFO -     ["contador"]=>
[2025-03-26T13:48:37.718+0000] {docker.py:69} INFO -     int(1)
[2025-03-26T13:48:37.719+0000] {docker.py:69} INFO -     ["container"]=>
[2025-03-26T13:48:37.724+0000] {docker.py:69} INFO -     string(8) "php-app2"
[2025-03-26T13:48:37.724+0000] {docker.py:69} INFO -     ["timestamp"]=>
[2025-03-26T13:48:37.725+0000] {docker.py:69} INFO -     int(1742996751)
[2025-03-26T13:48:37.725+0000] {docker.py:69} INFO -   }
[2025-03-26T13:48:37.726+0000] {docker.py:69} INFO -   [25]=>
[2025-03-26T13:48:37.729+0000] {docker.py:69} INFO -   object(stdClass)#27 (3) {
[2025-03-26T13:48:37.730+0000] {docker.py:69} INFO -     ["contador"]=>
[2025-03-26T13:48:37.730+0000] {docker.py:69} INFO -     int(1)
[2025-03-26T13:48:37.732+0000] {docker.py:69} INFO -     ["container"]=>
[2025-03-26T13:48:37.733+0000] {docker.py:69} INFO -     string(8) "php-app2"
[2025-03-26T13:48:37.738+0000] {docker.py:69} INFO -     ["timestamp"]=>
[2025-03-26T13:48:37.738+0000] {docker.py:69} INFO -     int(1742996756)
[2025-03-26T13:48:37.739+0000] {docker.py:69} INFO -   }
[2025-03-26T13:48:37.739+0000] {docker.py:69} INFO -   [26]=>
[2025-03-26T13:48:37.739+0000] {docker.py:69} INFO -   object(stdClass)#28 (3) {
[2025-03-26T13:48:37.740+0000] {docker.py:69} INFO -     ["contador"]=>
[2025-03-26T13:48:37.750+0000] {docker.py:69} INFO -     int(1)
[2025-03-26T13:48:37.750+0000] {docker.py:69} INFO -     ["container"]=>
[2025-03-26T13:48:37.751+0000] {docker.py:69} INFO -     string(8) "php-app1"
[2025-03-26T13:48:37.751+0000] {docker.py:69} INFO -     ["timestamp"]=>
[2025-03-26T13:48:37.755+0000] {docker.py:69} INFO -     int(1742996756)
[2025-03-26T13:48:37.756+0000] {docker.py:69} INFO -   }
[2025-03-26T13:48:37.760+0000] {docker.py:69} INFO -   [27]=>
[2025-03-26T13:48:37.763+0000] {docker.py:69} INFO -   object(stdClass)#29 (3) {
[2025-03-26T13:48:37.766+0000] {docker.py:69} INFO -     ["contador"]=>
[2025-03-26T13:48:37.768+0000] {docker.py:69} INFO -     int(1)
[2025-03-26T13:48:37.768+0000] {docker.py:69} INFO -     ["container"]=>
[2025-03-26T13:48:37.771+0000] {docker.py:69} INFO -     string(8) "php-app1"
[2025-03-26T13:48:37.772+0000] {docker.py:69} INFO -     ["timestamp"]=>
[2025-03-26T13:48:37.773+0000] {docker.py:69} INFO -     int(1742996757)
[2025-03-26T13:48:37.776+0000] {docker.py:69} INFO -   }
[2025-03-26T13:48:37.777+0000] {docker.py:69} INFO -   [28]=>
[2025-03-26T13:48:37.778+0000] {docker.py:69} INFO -   object(stdClass)#30 (3) {
[2025-03-26T13:48:37.780+0000] {docker.py:69} INFO -     ["contador"]=>
[2025-03-26T13:48:37.780+0000] {docker.py:69} INFO -     int(1)
[2025-03-26T13:48:37.786+0000] {docker.py:69} INFO -     ["container"]=>
[2025-03-26T13:48:37.787+0000] {docker.py:69} INFO -     string(8) "php-app2"
[2025-03-26T13:48:37.790+0000] {docker.py:69} INFO -     ["timestamp"]=>
[2025-03-26T13:48:37.792+0000] {docker.py:69} INFO -     int(1742996757)
[2025-03-26T13:48:37.794+0000] {docker.py:69} INFO -   }
[2025-03-26T13:48:37.799+0000] {docker.py:69} INFO -   [29]=>
[2025-03-26T13:48:37.800+0000] {docker.py:69} INFO -   object(stdClass)#31 (3) {
[2025-03-26T13:48:37.803+0000] {docker.py:69} INFO -     ["contador"]=>
[2025-03-26T13:48:37.808+0000] {docker.py:69} INFO -     int(1)
[2025-03-26T13:48:37.809+0000] {docker.py:69} INFO -     ["container"]=>
[2025-03-26T13:48:37.809+0000] {docker.py:69} INFO -     string(8) "php-app2"
[2025-03-26T13:48:37.811+0000] {docker.py:69} INFO -     ["timestamp"]=>
[2025-03-26T13:48:37.820+0000] {docker.py:69} INFO -     int(1742996758)
[2025-03-26T13:48:37.823+0000] {docker.py:69} INFO -   }
[2025-03-26T13:48:37.825+0000] {docker.py:69} INFO -   [30]=>
[2025-03-26T13:48:37.846+0000] {docker.py:69} INFO -   object(stdClass)#32 (3) {
[2025-03-26T13:48:37.848+0000] {docker.py:69} INFO -     ["contador"]=>
[2025-03-26T13:48:37.849+0000] {docker.py:69} INFO -     int(1)
[2025-03-26T13:48:37.850+0000] {docker.py:69} INFO -     ["container"]=>
[2025-03-26T13:48:37.852+0000] {docker.py:69} INFO -     string(8) "php-app1"
[2025-03-26T13:48:37.853+0000] {docker.py:69} INFO -     ["timestamp"]=>
[2025-03-26T13:48:37.854+0000] {docker.py:69} INFO -     int(1742996760)
[2025-03-26T13:48:37.855+0000] {docker.py:69} INFO -   }
[2025-03-26T13:48:37.856+0000] {docker.py:69} INFO -   [31]=>
[2025-03-26T13:48:37.857+0000] {docker.py:69} INFO -   object(stdClass)#33 (3) {
[2025-03-26T13:48:37.858+0000] {docker.py:69} INFO -     ["contador"]=>
[2025-03-26T13:48:37.860+0000] {docker.py:69} INFO -     int(1)
[2025-03-26T13:48:37.861+0000] {docker.py:69} INFO -     ["container"]=>
[2025-03-26T13:48:37.862+0000] {docker.py:69} INFO -     string(8) "php-app2"
[2025-03-26T13:48:37.863+0000] {docker.py:69} INFO -     ["timestamp"]=>
[2025-03-26T13:48:37.865+0000] {docker.py:69} INFO -     int(1742996760)
[2025-03-26T13:48:37.865+0000] {docker.py:69} INFO -   }
[2025-03-26T13:48:37.866+0000] {docker.py:69} INFO -   [32]=>
[2025-03-26T13:48:37.866+0000] {docker.py:69} INFO -   object(stdClass)#34 (3) {
[2025-03-26T13:48:37.866+0000] {docker.py:69} INFO -     ["contador"]=>
[2025-03-26T13:48:37.867+0000] {docker.py:69} INFO -     int(1)
[2025-03-26T13:48:37.867+0000] {docker.py:69} INFO -     ["container"]=>
[2025-03-26T13:48:37.868+0000] {docker.py:69} INFO -     string(8) "php-app2"
[2025-03-26T13:48:37.868+0000] {docker.py:69} INFO -     ["timestamp"]=>
[2025-03-26T13:48:37.869+0000] {docker.py:69} INFO -     int(1742996761)
[2025-03-26T13:48:37.869+0000] {docker.py:69} INFO -   }
[2025-03-26T13:48:37.870+0000] {docker.py:69} INFO -   [33]=>
[2025-03-26T13:48:37.870+0000] {docker.py:69} INFO -   object(stdClass)#35 (3) {
[2025-03-26T13:48:37.871+0000] {docker.py:69} INFO -     ["contador"]=>
[2025-03-26T13:48:37.871+0000] {docker.py:69} INFO -     int(1)
[2025-03-26T13:48:37.872+0000] {docker.py:69} INFO -     ["container"]=>
[2025-03-26T13:48:37.872+0000] {docker.py:69} INFO -     string(8) "php-app1"
[2025-03-26T13:48:37.873+0000] {docker.py:69} INFO -     ["timestamp"]=>
[2025-03-26T13:48:37.873+0000] {docker.py:69} INFO -     int(1742996762)
[2025-03-26T13:48:37.873+0000] {docker.py:69} INFO -   }
[2025-03-26T13:48:37.874+0000] {docker.py:69} INFO -   [34]=>
[2025-03-26T13:48:37.874+0000] {docker.py:69} INFO -   object(stdClass)#36 (3) {
[2025-03-26T13:48:37.875+0000] {docker.py:69} INFO -     ["contador"]=>
[2025-03-26T13:48:37.875+0000] {docker.py:69} INFO -     int(1)
[2025-03-26T13:48:37.875+0000] {docker.py:69} INFO -     ["container"]=>
[2025-03-26T13:48:37.876+0000] {docker.py:69} INFO -     string(8) "php-app2"
[2025-03-26T13:48:37.876+0000] {docker.py:69} INFO -     ["timestamp"]=>
[2025-03-26T13:48:37.877+0000] {docker.py:69} INFO -     int(1742996762)
[2025-03-26T13:48:37.877+0000] {docker.py:69} INFO -   }
[2025-03-26T13:48:37.878+0000] {docker.py:69} INFO -   [35]=>
[2025-03-26T13:48:37.879+0000] {docker.py:69} INFO -   object(stdClass)#37 (3) {
[2025-03-26T13:48:37.880+0000] {docker.py:69} INFO -     ["contador"]=>
[2025-03-26T13:48:37.881+0000] {docker.py:69} INFO -     int(1)
[2025-03-26T13:48:37.882+0000] {docker.py:69} INFO -     ["container"]=>
[2025-03-26T13:48:37.882+0000] {docker.py:69} INFO -     string(8) "php-app1"
[2025-03-26T13:48:37.883+0000] {docker.py:69} INFO -     ["timestamp"]=>
[2025-03-26T13:48:37.884+0000] {docker.py:69} INFO -     int(1742996763)
[2025-03-26T13:48:37.885+0000] {docker.py:69} INFO -   }
[2025-03-26T13:48:37.885+0000] {docker.py:69} INFO -   [36]=>
[2025-03-26T13:48:37.885+0000] {docker.py:69} INFO -   object(stdClass)#38 (3) {
[2025-03-26T13:48:37.887+0000] {docker.py:69} INFO -     ["contador"]=>
[2025-03-26T13:48:37.888+0000] {docker.py:69} INFO -     int(1)
[2025-03-26T13:48:37.889+0000] {docker.py:69} INFO -     ["container"]=>
[2025-03-26T13:48:37.889+0000] {docker.py:69} INFO -     string(8) "php-app1"
[2025-03-26T13:48:37.890+0000] {docker.py:69} INFO -     ["timestamp"]=>
[2025-03-26T13:48:37.890+0000] {docker.py:69} INFO -     int(1742996763)
[2025-03-26T13:48:37.891+0000] {docker.py:69} INFO -   }
[2025-03-26T13:48:37.891+0000] {docker.py:69} INFO -   [37]=>
[2025-03-26T13:48:37.895+0000] {docker.py:69} INFO -   object(stdClass)#39 (3) {
[2025-03-26T13:48:37.896+0000] {docker.py:69} INFO -     ["contador"]=>
[2025-03-26T13:48:37.896+0000] {docker.py:69} INFO -     int(1)
[2025-03-26T13:48:37.897+0000] {docker.py:69} INFO -     ["container"]=>
[2025-03-26T13:48:37.898+0000] {docker.py:69} INFO -     string(8) "php-app2"
[2025-03-26T13:48:37.899+0000] {docker.py:69} INFO -     ["timestamp"]=>
[2025-03-26T13:48:37.899+0000] {docker.py:69} INFO -     int(1742996771)
[2025-03-26T13:48:37.899+0000] {docker.py:69} INFO -   }
[2025-03-26T13:48:37.900+0000] {docker.py:69} INFO -   [38]=>
[2025-03-26T13:48:37.900+0000] {docker.py:69} INFO -   object(stdClass)#40 (3) {
[2025-03-26T13:48:37.901+0000] {docker.py:69} INFO -     ["contador"]=>
[2025-03-26T13:48:37.901+0000] {docker.py:69} INFO -     int(1)
[2025-03-26T13:48:37.902+0000] {docker.py:69} INFO -     ["container"]=>
[2025-03-26T13:48:37.902+0000] {docker.py:69} INFO -     string(8) "php-app2"
[2025-03-26T13:48:37.902+0000] {docker.py:69} INFO -     ["timestamp"]=>
[2025-03-26T13:48:37.903+0000] {docker.py:69} INFO -     int(1742996773)
[2025-03-26T13:48:37.903+0000] {docker.py:69} INFO -   }
[2025-03-26T13:48:37.903+0000] {docker.py:69} INFO -   [39]=>
[2025-03-26T13:48:37.904+0000] {docker.py:69} INFO -   object(stdClass)#41 (3) {
[2025-03-26T13:48:37.904+0000] {docker.py:69} INFO -     ["contador"]=>
[2025-03-26T13:48:37.905+0000] {docker.py:69} INFO -     int(1)
[2025-03-26T13:48:37.905+0000] {docker.py:69} INFO -     ["container"]=>
[2025-03-26T13:48:37.906+0000] {docker.py:69} INFO -     string(8) "php-app1"
[2025-03-26T13:48:37.906+0000] {docker.py:69} INFO -     ["timestamp"]=>
[2025-03-26T13:48:37.907+0000] {docker.py:69} INFO -     int(1742996773)
[2025-03-26T13:48:37.907+0000] {docker.py:69} INFO -   }
[2025-03-26T13:48:37.907+0000] {docker.py:69} INFO -   [40]=>
[2025-03-26T13:48:37.908+0000] {docker.py:69} INFO -   object(stdClass)#42 (3) {
[2025-03-26T13:48:37.908+0000] {docker.py:69} INFO -     ["contador"]=>
[2025-03-26T13:48:37.909+0000] {docker.py:69} INFO -     int(1)
[2025-03-26T13:48:37.909+0000] {docker.py:69} INFO -     ["container"]=>
[2025-03-26T13:48:37.910+0000] {docker.py:69} INFO -     string(8) "php-app1"
[2025-03-26T13:48:37.910+0000] {docker.py:69} INFO -     ["timestamp"]=>
[2025-03-26T13:48:37.910+0000] {docker.py:69} INFO -     int(1742996775)
[2025-03-26T13:48:37.911+0000] {docker.py:69} INFO -   }
[2025-03-26T13:48:37.911+0000] {docker.py:69} INFO -   [41]=>
[2025-03-26T13:48:37.912+0000] {docker.py:69} INFO -   object(stdClass)#43 (3) {
[2025-03-26T13:48:37.912+0000] {docker.py:69} INFO -     ["contador"]=>
[2025-03-26T13:48:37.912+0000] {docker.py:69} INFO -     int(1)
[2025-03-26T13:48:37.913+0000] {docker.py:69} INFO -     ["container"]=>
[2025-03-26T13:48:37.913+0000] {docker.py:69} INFO -     string(8) "php-app2"
[2025-03-26T13:48:37.914+0000] {docker.py:69} INFO -     ["timestamp"]=>
[2025-03-26T13:48:37.914+0000] {docker.py:69} INFO -     int(1742996775)
[2025-03-26T13:48:37.914+0000] {docker.py:69} INFO -   }
[2025-03-26T13:48:37.915+0000] {docker.py:69} INFO -   [42]=>
[2025-03-26T13:48:37.915+0000] {docker.py:69} INFO -   object(stdClass)#44 (3) {
[2025-03-26T13:48:37.915+0000] {docker.py:69} INFO -     ["contador"]=>
[2025-03-26T13:48:37.916+0000] {docker.py:69} INFO -     int(1)
[2025-03-26T13:48:37.916+0000] {docker.py:69} INFO -     ["container"]=>
[2025-03-26T13:48:37.917+0000] {docker.py:69} INFO -     string(8) "php-app2"
[2025-03-26T13:48:37.917+0000] {docker.py:69} INFO -     ["timestamp"]=>
[2025-03-26T13:48:37.917+0000] {docker.py:69} INFO -     int(1742996775)
[2025-03-26T13:48:37.918+0000] {docker.py:69} INFO -   }
[2025-03-26T13:48:37.918+0000] {docker.py:69} INFO -   [43]=>
[2025-03-26T13:48:37.918+0000] {docker.py:69} INFO -   object(stdClass)#45 (3) {
[2025-03-26T13:48:37.919+0000] {docker.py:69} INFO -     ["contador"]=>
[2025-03-26T13:48:37.919+0000] {docker.py:69} INFO -     int(1)
[2025-03-26T13:48:37.919+0000] {docker.py:69} INFO -     ["container"]=>
[2025-03-26T13:48:37.920+0000] {docker.py:69} INFO -     string(8) "php-app1"
[2025-03-26T13:48:37.920+0000] {docker.py:69} INFO -     ["timestamp"]=>
[2025-03-26T13:48:37.921+0000] {docker.py:69} INFO -     int(1742996777)
[2025-03-26T13:48:37.921+0000] {docker.py:69} INFO -   }
[2025-03-26T13:48:37.921+0000] {docker.py:69} INFO -   [44]=>
[2025-03-26T13:48:37.922+0000] {docker.py:69} INFO -   object(stdClass)#46 (3) {
[2025-03-26T13:48:37.922+0000] {docker.py:69} INFO -     ["contador"]=>
[2025-03-26T13:48:37.922+0000] {docker.py:69} INFO -     int(1)
[2025-03-26T13:48:37.923+0000] {docker.py:69} INFO -     ["container"]=>
[2025-03-26T13:48:37.923+0000] {docker.py:69} INFO -     string(8) "php-app1"
[2025-03-26T13:48:37.924+0000] {docker.py:69} INFO -     ["timestamp"]=>
[2025-03-26T13:48:37.924+0000] {docker.py:69} INFO -     int(1742996779)
[2025-03-26T13:48:37.924+0000] {docker.py:69} INFO -   }
[2025-03-26T13:48:37.925+0000] {docker.py:69} INFO -   [45]=>
[2025-03-26T13:48:37.925+0000] {docker.py:69} INFO -   object(stdClass)#47 (3) {
[2025-03-26T13:48:37.926+0000] {docker.py:69} INFO -     ["contador"]=>
[2025-03-26T13:48:37.926+0000] {docker.py:69} INFO -     int(1)
[2025-03-26T13:48:37.926+0000] {docker.py:69} INFO -     ["container"]=>
[2025-03-26T13:48:37.927+0000] {docker.py:69} INFO -     string(8) "php-app2"
[2025-03-26T13:48:37.927+0000] {docker.py:69} INFO -     ["timestamp"]=>
[2025-03-26T13:48:37.927+0000] {docker.py:69} INFO -     int(1742996779)
[2025-03-26T13:48:37.928+0000] {docker.py:69} INFO -   }
[2025-03-26T13:48:37.928+0000] {docker.py:69} INFO -   [46]=>
[2025-03-26T13:48:37.929+0000] {docker.py:69} INFO -   object(stdClass)#48 (3) {
[2025-03-26T13:48:37.929+0000] {docker.py:69} INFO -     ["contador"]=>
[2025-03-26T13:48:37.929+0000] {docker.py:69} INFO -     int(1)
[2025-03-26T13:48:37.930+0000] {docker.py:69} INFO -     ["container"]=>
[2025-03-26T13:48:37.930+0000] {docker.py:69} INFO -     string(8) "php-app1"
[2025-03-26T13:48:37.930+0000] {docker.py:69} INFO -     ["timestamp"]=>
[2025-03-26T13:48:37.931+0000] {docker.py:69} INFO -     int(1742996781)
[2025-03-26T13:48:37.931+0000] {docker.py:69} INFO -   }
[2025-03-26T13:48:37.932+0000] {docker.py:69} INFO -   [47]=>
[2025-03-26T13:48:37.932+0000] {docker.py:69} INFO -   object(stdClass)#49 (3) {
[2025-03-26T13:48:37.932+0000] {docker.py:69} INFO -     ["contador"]=>
[2025-03-26T13:48:37.933+0000] {docker.py:69} INFO -     int(1)
[2025-03-26T13:48:37.933+0000] {docker.py:69} INFO -     ["container"]=>
[2025-03-26T13:48:37.933+0000] {docker.py:69} INFO -     string(8) "php-app1"
[2025-03-26T13:48:37.934+0000] {docker.py:69} INFO -     ["timestamp"]=>
[2025-03-26T13:48:37.934+0000] {docker.py:69} INFO -     int(1742996781)
[2025-03-26T13:48:37.934+0000] {docker.py:69} INFO -   }
[2025-03-26T13:48:37.935+0000] {docker.py:69} INFO -   [48]=>
[2025-03-26T13:48:37.935+0000] {docker.py:69} INFO -   object(stdClass)#50 (3) {
[2025-03-26T13:48:37.935+0000] {docker.py:69} INFO -     ["contador"]=>
[2025-03-26T13:48:37.936+0000] {docker.py:69} INFO -     int(1)
[2025-03-26T13:48:37.936+0000] {docker.py:69} INFO -     ["container"]=>
[2025-03-26T13:48:37.937+0000] {docker.py:69} INFO -     string(8) "php-app2"
[2025-03-26T13:48:37.937+0000] {docker.py:69} INFO -     ["timestamp"]=>
[2025-03-26T13:48:37.937+0000] {docker.py:69} INFO -     int(1742996781)
[2025-03-26T13:48:37.938+0000] {docker.py:69} INFO -   }
[2025-03-26T13:48:37.938+0000] {docker.py:69} INFO -   [49]=>
[2025-03-26T13:48:37.939+0000] {docker.py:69} INFO -   object(stdClass)#51 (3) {
[2025-03-26T13:48:37.939+0000] {docker.py:69} INFO -     ["contador"]=>
[2025-03-26T13:48:37.939+0000] {docker.py:69} INFO -     int(1)
[2025-03-26T13:48:37.940+0000] {docker.py:69} INFO -     ["container"]=>
[2025-03-26T13:48:37.940+0000] {docker.py:69} INFO -     string(8) "php-app1"
[2025-03-26T13:48:37.940+0000] {docker.py:69} INFO -     ["timestamp"]=>
[2025-03-26T13:48:37.941+0000] {docker.py:69} INFO -     int(1742996783)
[2025-03-26T13:48:37.941+0000] {docker.py:69} INFO -   }
[2025-03-26T13:48:37.941+0000] {docker.py:69} INFO -   [50]=>
[2025-03-26T13:48:37.942+0000] {docker.py:69} INFO -   object(stdClass)#52 (3) {
[2025-03-26T13:48:37.942+0000] {docker.py:69} INFO -     ["contador"]=>
[2025-03-26T13:48:37.942+0000] {docker.py:69} INFO -     int(1)
[2025-03-26T13:48:37.943+0000] {docker.py:69} INFO -     ["container"]=>
[2025-03-26T13:48:37.943+0000] {docker.py:69} INFO -     string(8) "php-app2"
[2025-03-26T13:48:37.943+0000] {docker.py:69} INFO -     ["timestamp"]=>
[2025-03-26T13:48:37.944+0000] {docker.py:69} INFO -     int(1742996783)
[2025-03-26T13:48:37.944+0000] {docker.py:69} INFO -   }
[2025-03-26T13:48:37.944+0000] {docker.py:69} INFO -   [51]=>
[2025-03-26T13:48:37.945+0000] {docker.py:69} INFO -   object(stdClass)#53 (3) {
[2025-03-26T13:48:37.945+0000] {docker.py:69} INFO -     ["contador"]=>
[2025-03-26T13:48:37.946+0000] {docker.py:69} INFO -     int(1)
[2025-03-26T13:48:37.946+0000] {docker.py:69} INFO -     ["container"]=>
[2025-03-26T13:48:37.946+0000] {docker.py:69} INFO -     string(8) "php-app1"
[2025-03-26T13:48:37.946+0000] {docker.py:69} INFO -     ["timestamp"]=>
[2025-03-26T13:48:37.947+0000] {docker.py:69} INFO -     int(1742996783)
[2025-03-26T13:48:37.947+0000] {docker.py:69} INFO -   }
[2025-03-26T13:48:37.948+0000] {docker.py:69} INFO -   [52]=>
[2025-03-26T13:48:37.948+0000] {docker.py:69} INFO -   object(stdClass)#54 (3) {
[2025-03-26T13:48:37.948+0000] {docker.py:69} INFO -     ["contador"]=>
[2025-03-26T13:48:37.949+0000] {docker.py:69} INFO -     int(1)
[2025-03-26T13:48:37.949+0000] {docker.py:69} INFO -     ["container"]=>
[2025-03-26T13:48:37.949+0000] {docker.py:69} INFO -     string(8) "php-app2"
[2025-03-26T13:48:37.950+0000] {docker.py:69} INFO -     ["timestamp"]=>
[2025-03-26T13:48:37.950+0000] {docker.py:69} INFO -     int(1742996785)
[2025-03-26T13:48:37.950+0000] {docker.py:69} INFO -   }
[2025-03-26T13:48:37.951+0000] {docker.py:69} INFO -   [53]=>
[2025-03-26T13:48:37.951+0000] {docker.py:69} INFO -   object(stdClass)#55 (3) {
[2025-03-26T13:48:37.951+0000] {docker.py:69} INFO -     ["contador"]=>
[2025-03-26T13:48:37.952+0000] {docker.py:69} INFO -     int(1)
[2025-03-26T13:48:37.952+0000] {docker.py:69} INFO -     ["container"]=>
[2025-03-26T13:48:37.954+0000] {docker.py:69} INFO -     string(8) "php-app2"
[2025-03-26T13:48:37.955+0000] {docker.py:69} INFO -     ["timestamp"]=>
[2025-03-26T13:48:37.956+0000] {docker.py:69} INFO -     int(1742996789)
[2025-03-26T13:48:37.961+0000] {docker.py:69} INFO -   }
[2025-03-26T13:48:37.961+0000] {docker.py:69} INFO -   [54]=>
[2025-03-26T13:48:37.962+0000] {docker.py:69} INFO -   object(stdClass)#56 (3) {
[2025-03-26T13:48:37.962+0000] {docker.py:69} INFO -     ["contador"]=>
[2025-03-26T13:48:37.963+0000] {docker.py:69} INFO -     int(1)
[2025-03-26T13:48:37.963+0000] {docker.py:69} INFO -     ["container"]=>
[2025-03-26T13:48:37.963+0000] {docker.py:69} INFO -     string(8) "php-app1"
[2025-03-26T13:48:37.964+0000] {docker.py:69} INFO -     ["timestamp"]=>
[2025-03-26T13:48:37.964+0000] {docker.py:69} INFO -     int(1742996790)
[2025-03-26T13:48:37.965+0000] {docker.py:69} INFO -   }
[2025-03-26T13:48:37.965+0000] {docker.py:69} INFO -   [55]=>
[2025-03-26T13:48:37.965+0000] {docker.py:69} INFO -   object(stdClass)#57 (3) {
[2025-03-26T13:48:37.966+0000] {docker.py:69} INFO -     ["contador"]=>
[2025-03-26T13:48:37.967+0000] {docker.py:69} INFO -     int(1)
[2025-03-26T13:48:37.967+0000] {docker.py:69} INFO -     ["container"]=>
[2025-03-26T13:48:37.969+0000] {docker.py:69} INFO -     string(8) "php-app1"
[2025-03-26T13:48:37.970+0000] {docker.py:69} INFO -     ["timestamp"]=>
[2025-03-26T13:48:37.971+0000] {docker.py:69} INFO -     int(1742996790)
[2025-03-26T13:48:37.972+0000] {docker.py:69} INFO -   }
[2025-03-26T13:48:37.972+0000] {docker.py:69} INFO -   [56]=>
[2025-03-26T13:48:37.973+0000] {docker.py:69} INFO -   object(stdClass)#58 (3) {
[2025-03-26T13:48:37.974+0000] {docker.py:69} INFO -     ["contador"]=>
[2025-03-26T13:48:37.974+0000] {docker.py:69} INFO -     int(1)
[2025-03-26T13:48:37.975+0000] {docker.py:69} INFO -     ["container"]=>
[2025-03-26T13:48:37.975+0000] {docker.py:69} INFO -     string(8) "php-app2"
[2025-03-26T13:48:37.976+0000] {docker.py:69} INFO -     ["timestamp"]=>
[2025-03-26T13:48:37.976+0000] {docker.py:69} INFO -     int(1742996790)
[2025-03-26T13:48:37.977+0000] {docker.py:69} INFO -   }
[2025-03-26T13:48:37.977+0000] {docker.py:69} INFO -   [57]=>
[2025-03-26T13:48:37.978+0000] {docker.py:69} INFO -   object(stdClass)#59 (3) {
[2025-03-26T13:48:37.978+0000] {docker.py:69} INFO -     ["contador"]=>
[2025-03-26T13:48:37.979+0000] {docker.py:69} INFO -     int(1)
[2025-03-26T13:48:37.979+0000] {docker.py:69} INFO -     ["container"]=>
[2025-03-26T13:48:37.982+0000] {docker.py:69} INFO -     string(8) "php-app2"
[2025-03-26T13:48:37.982+0000] {docker.py:69} INFO -     ["timestamp"]=>
[2025-03-26T13:48:37.983+0000] {docker.py:69} INFO -     int(1742996791)
[2025-03-26T13:48:37.984+0000] {docker.py:69} INFO -   }
[2025-03-26T13:48:37.985+0000] {docker.py:69} INFO -   [58]=>
[2025-03-26T13:48:37.986+0000] {docker.py:69} INFO -   object(stdClass)#60 (3) {
[2025-03-26T13:48:37.986+0000] {docker.py:69} INFO -     ["contador"]=>
[2025-03-26T13:48:37.987+0000] {docker.py:69} INFO -     int(1)
[2025-03-26T13:48:37.987+0000] {docker.py:69} INFO -     ["container"]=>
[2025-03-26T13:48:37.988+0000] {docker.py:69} INFO -     string(8) "php-app1"
[2025-03-26T13:48:37.988+0000] {docker.py:69} INFO -     ["timestamp"]=>
[2025-03-26T13:48:37.988+0000] {docker.py:69} INFO -     int(1742996792)
[2025-03-26T13:48:37.989+0000] {docker.py:69} INFO -   }
[2025-03-26T13:48:37.989+0000] {docker.py:69} INFO -   [59]=>
[2025-03-26T13:48:37.990+0000] {docker.py:69} INFO -   object(stdClass)#61 (3) {
[2025-03-26T13:48:37.990+0000] {docker.py:69} INFO -     ["contador"]=>
[2025-03-26T13:48:37.990+0000] {docker.py:69} INFO -     int(1)
[2025-03-26T13:48:37.991+0000] {docker.py:69} INFO -     ["container"]=>
[2025-03-26T13:48:37.991+0000] {docker.py:69} INFO -     string(8) "php-app1"
[2025-03-26T13:48:37.992+0000] {docker.py:69} INFO -     ["timestamp"]=>
[2025-03-26T13:48:37.992+0000] {docker.py:69} INFO -     int(1742996793)
[2025-03-26T13:48:37.993+0000] {docker.py:69} INFO -   }
[2025-03-26T13:48:37.993+0000] {docker.py:69} INFO -   [60]=>
[2025-03-26T13:48:37.994+0000] {docker.py:69} INFO -   object(stdClass)#62 (3) {
[2025-03-26T13:48:37.994+0000] {docker.py:69} INFO -     ["contador"]=>
[2025-03-26T13:48:37.995+0000] {docker.py:69} INFO -     int(1)
[2025-03-26T13:48:37.995+0000] {docker.py:69} INFO -     ["container"]=>
[2025-03-26T13:48:37.996+0000] {docker.py:69} INFO -     string(8) "php-app2"
[2025-03-26T13:48:37.997+0000] {docker.py:69} INFO -     ["timestamp"]=>
[2025-03-26T13:48:37.997+0000] {docker.py:69} INFO -     int(1742996794)
[2025-03-26T13:48:37.997+0000] {docker.py:69} INFO -   }
[2025-03-26T13:48:37.998+0000] {docker.py:69} INFO -   [61]=>
[2025-03-26T13:48:37.998+0000] {docker.py:69} INFO -   object(stdClass)#63 (3) {
[2025-03-26T13:48:37.999+0000] {docker.py:69} INFO -     ["contador"]=>
[2025-03-26T13:48:38.000+0000] {docker.py:69} INFO -     int(1)
[2025-03-26T13:48:38.001+0000] {docker.py:69} INFO -     ["container"]=>
[2025-03-26T13:48:38.001+0000] {docker.py:69} INFO -     string(8) "php-app1"
[2025-03-26T13:48:38.002+0000] {docker.py:69} INFO -     ["timestamp"]=>
[2025-03-26T13:48:38.003+0000] {docker.py:69} INFO -     int(1742996795)
[2025-03-26T13:48:38.003+0000] {docker.py:69} INFO -   }
[2025-03-26T13:48:38.004+0000] {docker.py:69} INFO -   [62]=>
[2025-03-26T13:48:38.004+0000] {docker.py:69} INFO -   object(stdClass)#64 (3) {
[2025-03-26T13:48:38.005+0000] {docker.py:69} INFO -     ["contador"]=>
[2025-03-26T13:48:38.005+0000] {docker.py:69} INFO -     int(1)
[2025-03-26T13:48:38.006+0000] {docker.py:69} INFO -     ["container"]=>
[2025-03-26T13:48:38.006+0000] {docker.py:69} INFO -     string(8) "php-app1"
[2025-03-26T13:48:38.006+0000] {docker.py:69} INFO -     ["timestamp"]=>
[2025-03-26T13:48:38.007+0000] {docker.py:69} INFO -     int(1742996797)
[2025-03-26T13:48:38.007+0000] {docker.py:69} INFO -   }
[2025-03-26T13:48:38.008+0000] {docker.py:69} INFO -   [63]=>
[2025-03-26T13:48:38.009+0000] {docker.py:69} INFO -   object(stdClass)#65 (3) {
[2025-03-26T13:48:38.010+0000] {docker.py:69} INFO -     ["contador"]=>
[2025-03-26T13:48:38.011+0000] {docker.py:69} INFO -     int(1)
[2025-03-26T13:48:38.012+0000] {docker.py:69} INFO -     ["container"]=>
[2025-03-26T13:48:38.013+0000] {docker.py:69} INFO -     string(8) "php-app2"
[2025-03-26T13:48:38.013+0000] {docker.py:69} INFO -     ["timestamp"]=>
[2025-03-26T13:48:38.014+0000] {docker.py:69} INFO -     int(1742996797)
[2025-03-26T13:48:38.014+0000] {docker.py:69} INFO -   }
[2025-03-26T13:48:38.015+0000] {docker.py:69} INFO -   [64]=>
[2025-03-26T13:48:38.015+0000] {docker.py:69} INFO -   object(stdClass)#66 (3) {
[2025-03-26T13:48:38.015+0000] {docker.py:69} INFO -     ["contador"]=>
[2025-03-26T13:48:38.016+0000] {docker.py:69} INFO -     int(1)
[2025-03-26T13:48:38.016+0000] {docker.py:69} INFO -     ["container"]=>
[2025-03-26T13:48:38.017+0000] {docker.py:69} INFO -     string(8) "php-app2"
[2025-03-26T13:48:38.017+0000] {docker.py:69} INFO -     ["timestamp"]=>
[2025-03-26T13:48:38.017+0000] {docker.py:69} INFO -     int(1742996797)
[2025-03-26T13:48:38.018+0000] {docker.py:69} INFO -   }
[2025-03-26T13:48:38.021+0000] {docker.py:69} INFO -   [65]=>
[2025-03-26T13:48:38.021+0000] {docker.py:69} INFO -   object(stdClass)#67 (3) {
[2025-03-26T13:48:38.022+0000] {docker.py:69} INFO -     ["contador"]=>
[2025-03-26T13:48:38.028+0000] {docker.py:69} INFO -     int(1)
[2025-03-26T13:48:38.037+0000] {docker.py:69} INFO -     ["container"]=>
[2025-03-26T13:48:38.038+0000] {docker.py:69} INFO -     string(8) "php-app1"
[2025-03-26T13:48:38.042+0000] {docker.py:69} INFO -     ["timestamp"]=>
[2025-03-26T13:48:38.043+0000] {docker.py:69} INFO -     int(1742996804)
[2025-03-26T13:48:38.048+0000] {docker.py:69} INFO -   }
[2025-03-26T13:48:38.051+0000] {docker.py:69} INFO -   [66]=>
[2025-03-26T13:48:38.052+0000] {docker.py:69} INFO -   object(stdClass)#68 (3) {
[2025-03-26T13:48:38.052+0000] {docker.py:69} INFO -     ["contador"]=>
[2025-03-26T13:48:38.053+0000] {docker.py:69} INFO -     int(1)
[2025-03-26T13:48:38.053+0000] {docker.py:69} INFO -     ["container"]=>
[2025-03-26T13:48:38.054+0000] {docker.py:69} INFO -     string(8) "php-app2"
[2025-03-26T13:48:38.054+0000] {docker.py:69} INFO -     ["timestamp"]=>
[2025-03-26T13:48:38.054+0000] {docker.py:69} INFO -     int(1742996806)
[2025-03-26T13:48:38.055+0000] {docker.py:69} INFO -   }
[2025-03-26T13:48:38.055+0000] {docker.py:69} INFO -   [67]=>
[2025-03-26T13:48:38.056+0000] {docker.py:69} INFO -   object(stdClass)#69 (3) {
[2025-03-26T13:48:38.056+0000] {docker.py:69} INFO -     ["contador"]=>
[2025-03-26T13:48:38.057+0000] {docker.py:69} INFO -     int(1)
[2025-03-26T13:48:38.057+0000] {docker.py:69} INFO -     ["container"]=>
[2025-03-26T13:48:38.057+0000] {docker.py:69} INFO -     string(8) "php-app2"
[2025-03-26T13:48:38.058+0000] {docker.py:69} INFO -     ["timestamp"]=>
[2025-03-26T13:48:38.058+0000] {docker.py:69} INFO -     int(1742996807)
[2025-03-26T13:48:38.059+0000] {docker.py:69} INFO -   }
[2025-03-26T13:48:38.059+0000] {docker.py:69} INFO -   [68]=>
[2025-03-26T13:48:38.059+0000] {docker.py:69} INFO -   object(stdClass)#70 (3) {
[2025-03-26T13:48:38.060+0000] {docker.py:69} INFO -     ["contador"]=>
[2025-03-26T13:48:38.060+0000] {docker.py:69} INFO -     int(1)
[2025-03-26T13:48:38.061+0000] {docker.py:69} INFO -     ["container"]=>
[2025-03-26T13:48:38.062+0000] {docker.py:69} INFO -     string(8) "php-app1"
[2025-03-26T13:48:38.062+0000] {docker.py:69} INFO -     ["timestamp"]=>
[2025-03-26T13:48:38.063+0000] {docker.py:69} INFO -     int(1742996807)
[2025-03-26T13:48:38.063+0000] {docker.py:69} INFO -   }
[2025-03-26T13:48:38.064+0000] {docker.py:69} INFO -   [69]=>
[2025-03-26T13:48:38.064+0000] {docker.py:69} INFO -   object(stdClass)#71 (3) {
[2025-03-26T13:48:38.065+0000] {docker.py:69} INFO -     ["contador"]=>
[2025-03-26T13:48:38.065+0000] {docker.py:69} INFO -     int(1)
[2025-03-26T13:48:38.066+0000] {docker.py:69} INFO -     ["container"]=>
[2025-03-26T13:48:38.067+0000] {docker.py:69} INFO -     string(8) "php-app2"
[2025-03-26T13:48:38.068+0000] {docker.py:69} INFO -     ["timestamp"]=>
[2025-03-26T13:48:38.069+0000] {docker.py:69} INFO -     int(1742996809)
[2025-03-26T13:48:38.069+0000] {docker.py:69} INFO -   }
[2025-03-26T13:48:38.070+0000] {docker.py:69} INFO -   [70]=>
[2025-03-26T13:48:38.071+0000] {docker.py:69} INFO -   object(stdClass)#72 (3) {
[2025-03-26T13:48:38.071+0000] {docker.py:69} INFO -     ["contador"]=>
[2025-03-26T13:48:38.072+0000] {docker.py:69} INFO -     int(1)
[2025-03-26T13:48:38.072+0000] {docker.py:69} INFO -     ["container"]=>
[2025-03-26T13:48:38.073+0000] {docker.py:69} INFO -     string(8) "php-app1"
[2025-03-26T13:48:38.073+0000] {docker.py:69} INFO -     ["timestamp"]=>
[2025-03-26T13:48:38.074+0000] {docker.py:69} INFO -     int(1742996810)
[2025-03-26T13:48:38.074+0000] {docker.py:69} INFO -   }
[2025-03-26T13:48:38.075+0000] {docker.py:69} INFO -   [71]=>
[2025-03-26T13:48:38.079+0000] {docker.py:69} INFO -   object(stdClass)#73 (3) {
[2025-03-26T13:48:38.083+0000] {docker.py:69} INFO -     ["contador"]=>
[2025-03-26T13:48:38.126+0000] {docker.py:69} INFO -     int(1)
[2025-03-26T13:48:38.127+0000] {docker.py:69} INFO -     ["container"]=>
[2025-03-26T13:48:38.127+0000] {docker.py:69} INFO -     string(8) "php-app1"
[2025-03-26T13:48:38.128+0000] {docker.py:69} INFO -     ["timestamp"]=>
[2025-03-26T13:48:38.144+0000] {docker.py:69} INFO -     int(1742996812)
[2025-03-26T13:48:38.145+0000] {docker.py:69} INFO -   }
[2025-03-26T13:48:38.170+0000] {docker.py:69} INFO -   [72]=>
[2025-03-26T13:48:38.185+0000] {docker.py:69} INFO -   object(stdClass)#74 (3) {
[2025-03-26T13:48:38.186+0000] {docker.py:69} INFO -     ["contador"]=>
[2025-03-26T13:48:38.186+0000] {docker.py:69} INFO -     int(1)
[2025-03-26T13:48:38.187+0000] {docker.py:69} INFO -     ["container"]=>
[2025-03-26T13:48:38.187+0000] {docker.py:69} INFO -     string(8) "php-app2"
[2025-03-26T13:48:38.188+0000] {docker.py:69} INFO -     ["timestamp"]=>
[2025-03-26T13:48:38.189+0000] {docker.py:69} INFO -     int(1742996813)
[2025-03-26T13:48:38.190+0000] {docker.py:69} INFO -   }
[2025-03-26T13:48:38.190+0000] {docker.py:69} INFO -   [73]=>
[2025-03-26T13:48:38.191+0000] {docker.py:69} INFO -   object(stdClass)#75 (3) {
[2025-03-26T13:48:38.191+0000] {docker.py:69} INFO -     ["contador"]=>
[2025-03-26T13:48:38.192+0000] {docker.py:69} INFO -     int(1)
[2025-03-26T13:48:38.192+0000] {docker.py:69} INFO -     ["container"]=>
[2025-03-26T13:48:38.193+0000] {docker.py:69} INFO -     string(8) "php-app1"
[2025-03-26T13:48:38.193+0000] {docker.py:69} INFO -     ["timestamp"]=>
[2025-03-26T13:48:38.195+0000] {docker.py:69} INFO -     int(1742996813)
[2025-03-26T13:48:38.195+0000] {docker.py:69} INFO -   }
[2025-03-26T13:48:38.196+0000] {docker.py:69} INFO -   [74]=>
[2025-03-26T13:48:38.196+0000] {docker.py:69} INFO -   object(stdClass)#76 (3) {
[2025-03-26T13:48:38.197+0000] {docker.py:69} INFO -     ["contador"]=>
[2025-03-26T13:48:38.197+0000] {docker.py:69} INFO -     int(1)
[2025-03-26T13:48:38.199+0000] {docker.py:69} INFO -     ["container"]=>
[2025-03-26T13:48:38.201+0000] {docker.py:69} INFO -     string(8) "php-app2"
[2025-03-26T13:48:38.212+0000] {docker.py:69} INFO -     ["timestamp"]=>
[2025-03-26T13:48:38.228+0000] {docker.py:69} INFO -     int(1742996815)
[2025-03-26T13:48:38.241+0000] {docker.py:69} INFO -   }
[2025-03-26T13:48:38.242+0000] {docker.py:69} INFO -   [75]=>
[2025-03-26T13:48:38.260+0000] {docker.py:69} INFO -   object(stdClass)#77 (3) {
[2025-03-26T13:48:38.261+0000] {docker.py:69} INFO -     ["contador"]=>
[2025-03-26T13:48:38.261+0000] {docker.py:69} INFO -     int(1)
[2025-03-26T13:48:38.263+0000] {docker.py:69} INFO -     ["container"]=>
[2025-03-26T13:48:38.265+0000] {docker.py:69} INFO -     string(8) "php-app1"
[2025-03-26T13:48:38.265+0000] {docker.py:69} INFO -     ["timestamp"]=>
[2025-03-26T13:48:38.266+0000] {docker.py:69} INFO -     int(1742996816)
[2025-03-26T13:48:38.267+0000] {docker.py:69} INFO -   }
[2025-03-26T13:48:38.267+0000] {docker.py:69} INFO -   [76]=>
[2025-03-26T13:48:38.274+0000] {docker.py:69} INFO -   object(stdClass)#78 (3) {
[2025-03-26T13:48:38.302+0000] {docker.py:69} INFO -     ["contador"]=>
[2025-03-26T13:48:38.302+0000] {docker.py:69} INFO -     int(1)
[2025-03-26T13:48:38.303+0000] {docker.py:69} INFO -     ["container"]=>
[2025-03-26T13:48:38.303+0000] {docker.py:69} INFO -     string(8) "php-app2"
[2025-03-26T13:48:38.304+0000] {docker.py:69} INFO -     ["timestamp"]=>
[2025-03-26T13:48:38.305+0000] {docker.py:69} INFO -     int(1742996816)
[2025-03-26T13:48:38.306+0000] {docker.py:69} INFO -   }
[2025-03-26T13:48:38.306+0000] {docker.py:69} INFO -   [77]=>
[2025-03-26T13:48:38.307+0000] {docker.py:69} INFO -   object(stdClass)#79 (3) {
[2025-03-26T13:48:38.307+0000] {docker.py:69} INFO -     ["contador"]=>
[2025-03-26T13:48:38.308+0000] {docker.py:69} INFO -     int(1)
[2025-03-26T13:48:38.308+0000] {docker.py:69} INFO -     ["container"]=>
[2025-03-26T13:48:38.309+0000] {docker.py:69} INFO -     string(8) "php-app1"
[2025-03-26T13:48:38.309+0000] {docker.py:69} INFO -     ["timestamp"]=>
[2025-03-26T13:48:38.310+0000] {docker.py:69} INFO -     int(1742996816)
[2025-03-26T13:48:38.310+0000] {docker.py:69} INFO -   }
[2025-03-26T13:48:38.310+0000] {docker.py:69} INFO -   [78]=>
[2025-03-26T13:48:38.311+0000] {docker.py:69} INFO -   object(stdClass)#80 (3) {
[2025-03-26T13:48:38.311+0000] {docker.py:69} INFO -     ["contador"]=>
[2025-03-26T13:48:38.312+0000] {docker.py:69} INFO -     int(1)
[2025-03-26T13:48:38.312+0000] {docker.py:69} INFO -     ["container"]=>
[2025-03-26T13:48:38.312+0000] {docker.py:69} INFO -     string(8) "php-app1"
[2025-03-26T13:48:38.313+0000] {docker.py:69} INFO -     ["timestamp"]=>
[2025-03-26T13:48:38.314+0000] {docker.py:69} INFO -     int(1742996817)
[2025-03-26T13:48:38.314+0000] {docker.py:69} INFO -   }
[2025-03-26T13:48:38.315+0000] {docker.py:69} INFO -   [79]=>
[2025-03-26T13:48:38.315+0000] {docker.py:69} INFO -   object(stdClass)#81 (3) {
[2025-03-26T13:48:38.315+0000] {docker.py:69} INFO -     ["contador"]=>
[2025-03-26T13:48:38.316+0000] {docker.py:69} INFO -     int(1)
[2025-03-26T13:48:38.316+0000] {docker.py:69} INFO -     ["container"]=>
[2025-03-26T13:48:38.317+0000] {docker.py:69} INFO -     string(8) "php-app2"
[2025-03-26T13:48:38.317+0000] {docker.py:69} INFO -     ["timestamp"]=>
[2025-03-26T13:48:38.318+0000] {docker.py:69} INFO -     int(1742996817)
[2025-03-26T13:48:38.318+0000] {docker.py:69} INFO -   }
[2025-03-26T13:48:38.318+0000] {docker.py:69} INFO -   [80]=>
[2025-03-26T13:48:38.319+0000] {docker.py:69} INFO -   object(stdClass)#82 (3) {
[2025-03-26T13:48:38.320+0000] {docker.py:69} INFO -     ["contador"]=>
[2025-03-26T13:48:38.320+0000] {docker.py:69} INFO -     int(1)
[2025-03-26T13:48:38.321+0000] {docker.py:69} INFO -     ["container"]=>
[2025-03-26T13:48:38.322+0000] {docker.py:69} INFO -     string(8) "php-app2"
[2025-03-26T13:48:38.324+0000] {docker.py:69} INFO -     ["timestamp"]=>
[2025-03-26T13:48:38.325+0000] {docker.py:69} INFO -     int(1742996818)
[2025-03-26T13:48:38.325+0000] {docker.py:69} INFO -   }
[2025-03-26T13:48:38.326+0000] {docker.py:69} INFO -   [81]=>
[2025-03-26T13:48:38.331+0000] {docker.py:69} INFO -   object(stdClass)#83 (3) {
[2025-03-26T13:48:38.331+0000] {docker.py:69} INFO -     ["contador"]=>
[2025-03-26T13:48:38.332+0000] {docker.py:69} INFO -     int(1)
[2025-03-26T13:48:38.332+0000] {docker.py:69} INFO -     ["container"]=>
[2025-03-26T13:48:38.333+0000] {docker.py:69} INFO -     string(8) "php-app1"
[2025-03-26T13:48:38.333+0000] {docker.py:69} INFO -     ["timestamp"]=>
[2025-03-26T13:48:38.334+0000] {docker.py:69} INFO -     int(1742996821)
[2025-03-26T13:48:38.334+0000] {docker.py:69} INFO -   }
[2025-03-26T13:48:38.335+0000] {docker.py:69} INFO -   [82]=>
[2025-03-26T13:48:38.335+0000] {docker.py:69} INFO -   object(stdClass)#84 (3) {
[2025-03-26T13:48:38.335+0000] {docker.py:69} INFO -     ["contador"]=>
[2025-03-26T13:48:38.336+0000] {docker.py:69} INFO -     int(1)
[2025-03-26T13:48:38.336+0000] {docker.py:69} INFO -     ["container"]=>
[2025-03-26T13:48:38.337+0000] {docker.py:69} INFO -     string(8) "php-app1"
[2025-03-26T13:48:38.337+0000] {docker.py:69} INFO -     ["timestamp"]=>
[2025-03-26T13:48:38.338+0000] {docker.py:69} INFO -     int(1742996824)
[2025-03-26T13:48:38.338+0000] {docker.py:69} INFO -   }
[2025-03-26T13:48:38.339+0000] {docker.py:69} INFO -   [83]=>
[2025-03-26T13:48:38.339+0000] {docker.py:69} INFO -   object(stdClass)#85 (3) {
[2025-03-26T13:48:38.340+0000] {docker.py:69} INFO -     ["contador"]=>
[2025-03-26T13:48:38.340+0000] {docker.py:69} INFO -     int(1)
[2025-03-26T13:48:38.341+0000] {docker.py:69} INFO -     ["container"]=>
[2025-03-26T13:48:38.341+0000] {docker.py:69} INFO -     string(8) "php-app2"
[2025-03-26T13:48:38.342+0000] {docker.py:69} INFO -     ["timestamp"]=>
[2025-03-26T13:48:38.346+0000] {docker.py:69} INFO -     int(1742996825)
[2025-03-26T13:48:38.347+0000] {docker.py:69} INFO -   }
[2025-03-26T13:48:38.349+0000] {docker.py:69} INFO -   [84]=>
[2025-03-26T13:48:38.349+0000] {docker.py:69} INFO -   object(stdClass)#86 (3) {
[2025-03-26T13:48:38.350+0000] {docker.py:69} INFO -     ["contador"]=>
[2025-03-26T13:48:38.350+0000] {docker.py:69} INFO -     int(1)
[2025-03-26T13:48:38.350+0000] {docker.py:69} INFO -     ["container"]=>
[2025-03-26T13:48:38.351+0000] {docker.py:69} INFO -     string(8) "php-app2"
[2025-03-26T13:48:38.352+0000] {docker.py:69} INFO -     ["timestamp"]=>
[2025-03-26T13:48:38.352+0000] {docker.py:69} INFO -     int(1742996826)
[2025-03-26T13:48:38.353+0000] {docker.py:69} INFO -   }
[2025-03-26T13:48:38.354+0000] {docker.py:69} INFO -   [85]=>
[2025-03-26T13:48:38.354+0000] {docker.py:69} INFO -   object(stdClass)#87 (3) {
[2025-03-26T13:48:38.355+0000] {docker.py:69} INFO -     ["contador"]=>
[2025-03-26T13:48:38.356+0000] {docker.py:69} INFO -     int(1)
[2025-03-26T13:48:38.360+0000] {docker.py:69} INFO -     ["container"]=>
[2025-03-26T13:48:38.362+0000] {docker.py:69} INFO -     string(8) "php-app2"
[2025-03-26T13:48:38.371+0000] {docker.py:69} INFO -     ["timestamp"]=>
[2025-03-26T13:48:38.388+0000] {docker.py:69} INFO -     int(1742996826)
[2025-03-26T13:48:38.396+0000] {docker.py:69} INFO -   }
[2025-03-26T13:48:38.405+0000] {docker.py:69} INFO -   [86]=>
[2025-03-26T13:48:38.406+0000] {docker.py:69} INFO -   object(stdClass)#88 (3) {
[2025-03-26T13:48:38.406+0000] {docker.py:69} INFO -     ["contador"]=>
[2025-03-26T13:48:38.407+0000] {docker.py:69} INFO -     int(1)
[2025-03-26T13:48:38.407+0000] {docker.py:69} INFO -     ["container"]=>
[2025-03-26T13:48:38.408+0000] {docker.py:69} INFO -     string(8) "php-app1"
[2025-03-26T13:48:38.408+0000] {docker.py:69} INFO -     ["timestamp"]=>
[2025-03-26T13:48:38.409+0000] {docker.py:69} INFO -     int(1742996827)
[2025-03-26T13:48:38.409+0000] {docker.py:69} INFO -   }
[2025-03-26T13:48:38.410+0000] {docker.py:69} INFO -   [87]=>
[2025-03-26T13:48:38.411+0000] {docker.py:69} INFO -   object(stdClass)#89 (3) {
[2025-03-26T13:48:38.411+0000] {docker.py:69} INFO -     ["contador"]=>
[2025-03-26T13:48:38.414+0000] {docker.py:69} INFO -     int(1)
[2025-03-26T13:48:38.415+0000] {docker.py:69} INFO -     ["container"]=>
[2025-03-26T13:48:38.416+0000] {docker.py:69} INFO -     string(8) "php-app2"
[2025-03-26T13:48:38.416+0000] {docker.py:69} INFO -     ["timestamp"]=>
[2025-03-26T13:48:38.417+0000] {docker.py:69} INFO -     int(1742996828)
[2025-03-26T13:48:38.417+0000] {docker.py:69} INFO -   }
[2025-03-26T13:48:38.418+0000] {docker.py:69} INFO -   [88]=>
[2025-03-26T13:48:38.418+0000] {docker.py:69} INFO -   object(stdClass)#90 (3) {
[2025-03-26T13:48:38.419+0000] {docker.py:69} INFO -     ["contador"]=>
[2025-03-26T13:48:38.419+0000] {docker.py:69} INFO -     int(1)
[2025-03-26T13:48:38.420+0000] {docker.py:69} INFO -     ["container"]=>
[2025-03-26T13:48:38.420+0000] {docker.py:69} INFO -     string(8) "php-app1"
[2025-03-26T13:48:38.421+0000] {docker.py:69} INFO -     ["timestamp"]=>
[2025-03-26T13:48:38.421+0000] {docker.py:69} INFO -     int(1742996828)
[2025-03-26T13:48:38.422+0000] {docker.py:69} INFO -   }
[2025-03-26T13:48:38.422+0000] {docker.py:69} INFO -   [89]=>
[2025-03-26T13:48:38.423+0000] {docker.py:69} INFO -   object(stdClass)#91 (3) {
[2025-03-26T13:48:38.423+0000] {docker.py:69} INFO -     ["contador"]=>
[2025-03-26T13:48:38.424+0000] {docker.py:69} INFO -     int(1)
[2025-03-26T13:48:38.424+0000] {docker.py:69} INFO -     ["container"]=>
[2025-03-26T13:48:38.425+0000] {docker.py:69} INFO -     string(8) "php-app2"
[2025-03-26T13:48:38.425+0000] {docker.py:69} INFO -     ["timestamp"]=>
[2025-03-26T13:48:38.426+0000] {docker.py:69} INFO -     int(1742996829)
[2025-03-26T13:48:38.426+0000] {docker.py:69} INFO -   }
[2025-03-26T13:48:38.426+0000] {docker.py:69} INFO -   [90]=>
[2025-03-26T13:48:38.427+0000] {docker.py:69} INFO -   object(stdClass)#92 (3) {
[2025-03-26T13:48:38.427+0000] {docker.py:69} INFO -     ["contador"]=>
[2025-03-26T13:48:38.428+0000] {docker.py:69} INFO -     int(1)
[2025-03-26T13:48:38.428+0000] {docker.py:69} INFO -     ["container"]=>
[2025-03-26T13:48:38.429+0000] {docker.py:69} INFO -     string(8) "php-app1"
[2025-03-26T13:48:38.429+0000] {docker.py:69} INFO -     ["timestamp"]=>
[2025-03-26T13:48:38.430+0000] {docker.py:69} INFO -     int(1742996829)
[2025-03-26T13:48:38.431+0000] {docker.py:69} INFO -   }
[2025-03-26T13:48:38.431+0000] {docker.py:69} INFO -   [91]=>
[2025-03-26T13:48:38.432+0000] {docker.py:69} INFO -   object(stdClass)#93 (3) {
[2025-03-26T13:48:38.432+0000] {docker.py:69} INFO -     ["contador"]=>
[2025-03-26T13:48:38.433+0000] {docker.py:69} INFO -     int(1)
[2025-03-26T13:48:38.433+0000] {docker.py:69} INFO -     ["container"]=>
[2025-03-26T13:48:38.434+0000] {docker.py:69} INFO -     string(8) "php-app2"
[2025-03-26T13:48:38.434+0000] {docker.py:69} INFO -     ["timestamp"]=>
[2025-03-26T13:48:38.435+0000] {docker.py:69} INFO -     int(1742996838)
[2025-03-26T13:48:38.435+0000] {docker.py:69} INFO -   }
[2025-03-26T13:48:38.436+0000] {docker.py:69} INFO -   [92]=>
[2025-03-26T13:48:38.436+0000] {docker.py:69} INFO -   object(stdClass)#94 (3) {
[2025-03-26T13:48:38.436+0000] {docker.py:69} INFO -     ["contador"]=>
[2025-03-26T13:48:38.437+0000] {docker.py:69} INFO -     int(1)
[2025-03-26T13:48:38.437+0000] {docker.py:69} INFO -     ["container"]=>
[2025-03-26T13:48:38.438+0000] {docker.py:69} INFO -     string(8) "php-app1"
[2025-03-26T13:48:38.438+0000] {docker.py:69} INFO -     ["timestamp"]=>
[2025-03-26T13:48:38.439+0000] {docker.py:69} INFO -     int(1742996841)
[2025-03-26T13:48:38.439+0000] {docker.py:69} INFO -   }
[2025-03-26T13:48:38.440+0000] {docker.py:69} INFO -   [93]=>
[2025-03-26T13:48:38.440+0000] {docker.py:69} INFO -   object(stdClass)#95 (3) {
[2025-03-26T13:48:38.441+0000] {docker.py:69} INFO -     ["contador"]=>
[2025-03-26T13:48:38.441+0000] {docker.py:69} INFO -     int(1)
[2025-03-26T13:48:38.442+0000] {docker.py:69} INFO -     ["container"]=>
[2025-03-26T13:48:38.442+0000] {docker.py:69} INFO -     string(8) "php-app2"
[2025-03-26T13:48:38.442+0000] {docker.py:69} INFO -     ["timestamp"]=>
[2025-03-26T13:48:38.443+0000] {docker.py:69} INFO -     int(1742996842)
[2025-03-26T13:48:38.443+0000] {docker.py:69} INFO -   }
[2025-03-26T13:48:38.444+0000] {docker.py:69} INFO -   [94]=>
[2025-03-26T13:48:38.445+0000] {docker.py:69} INFO -   object(stdClass)#96 (3) {
[2025-03-26T13:48:38.451+0000] {docker.py:69} INFO -     ["contador"]=>
[2025-03-26T13:48:38.453+0000] {docker.py:69} INFO -     int(1)
[2025-03-26T13:48:38.454+0000] {docker.py:69} INFO -     ["container"]=>
[2025-03-26T13:48:38.455+0000] {docker.py:69} INFO -     string(8) "php-app1"
[2025-03-26T13:48:38.455+0000] {docker.py:69} INFO -     ["timestamp"]=>
[2025-03-26T13:48:38.455+0000] {docker.py:69} INFO -     int(1742996843)
[2025-03-26T13:48:38.456+0000] {docker.py:69} INFO -   }
[2025-03-26T13:48:38.456+0000] {docker.py:69} INFO -   [95]=>
[2025-03-26T13:48:38.457+0000] {docker.py:69} INFO -   object(stdClass)#97 (3) {
[2025-03-26T13:48:38.457+0000] {docker.py:69} INFO -     ["contador"]=>
[2025-03-26T13:48:38.457+0000] {docker.py:69} INFO -     int(1)
[2025-03-26T13:48:38.458+0000] {docker.py:69} INFO -     ["container"]=>
[2025-03-26T13:48:38.458+0000] {docker.py:69} INFO -     string(8) "php-app2"
[2025-03-26T13:48:38.459+0000] {docker.py:69} INFO -     ["timestamp"]=>
[2025-03-26T13:48:38.459+0000] {docker.py:69} INFO -     int(1742996843)
[2025-03-26T13:48:38.460+0000] {docker.py:69} INFO -   }
[2025-03-26T13:48:38.460+0000] {docker.py:69} INFO -   [96]=>
[2025-03-26T13:48:38.461+0000] {docker.py:69} INFO -   object(stdClass)#98 (3) {
[2025-03-26T13:48:38.461+0000] {docker.py:69} INFO -     ["contador"]=>
[2025-03-26T13:48:38.462+0000] {docker.py:69} INFO -     int(1)
[2025-03-26T13:48:38.462+0000] {docker.py:69} INFO -     ["container"]=>
[2025-03-26T13:48:38.462+0000] {docker.py:69} INFO -     string(8) "php-app1"
[2025-03-26T13:48:38.463+0000] {docker.py:69} INFO -     ["timestamp"]=>
[2025-03-26T13:48:38.463+0000] {docker.py:69} INFO -     int(1742996844)
[2025-03-26T13:48:38.463+0000] {docker.py:69} INFO -   }
[2025-03-26T13:48:38.464+0000] {docker.py:69} INFO -   [97]=>
[2025-03-26T13:48:38.464+0000] {docker.py:69} INFO -   object(stdClass)#99 (3) {
[2025-03-26T13:48:38.465+0000] {docker.py:69} INFO -     ["contador"]=>
[2025-03-26T13:48:38.465+0000] {docker.py:69} INFO -     int(1)
[2025-03-26T13:48:38.466+0000] {docker.py:69} INFO -     ["container"]=>
[2025-03-26T13:48:38.466+0000] {docker.py:69} INFO -     string(8) "php-app1"
[2025-03-26T13:48:38.467+0000] {docker.py:69} INFO -     ["timestamp"]=>
[2025-03-26T13:48:38.467+0000] {docker.py:69} INFO -     int(1742996849)
[2025-03-26T13:48:38.468+0000] {docker.py:69} INFO -   }
[2025-03-26T13:48:38.468+0000] {docker.py:69} INFO -   [98]=>
[2025-03-26T13:48:38.469+0000] {docker.py:69} INFO -   object(stdClass)#100 (3) {
[2025-03-26T13:48:38.469+0000] {docker.py:69} INFO -     ["contador"]=>
[2025-03-26T13:48:38.469+0000] {docker.py:69} INFO -     int(1)
[2025-03-26T13:48:38.470+0000] {docker.py:69} INFO -     ["container"]=>
[2025-03-26T13:48:38.470+0000] {docker.py:69} INFO -     string(8) "php-app2"
[2025-03-26T13:48:38.470+0000] {docker.py:69} INFO -     ["timestamp"]=>
[2025-03-26T13:48:38.471+0000] {docker.py:69} INFO -     int(1742996849)
[2025-03-26T13:48:38.471+0000] {docker.py:69} INFO -   }
[2025-03-26T13:48:38.471+0000] {docker.py:69} INFO -   [99]=>
[2025-03-26T13:48:38.472+0000] {docker.py:69} INFO -   object(stdClass)#101 (3) {
[2025-03-26T13:48:38.472+0000] {docker.py:69} INFO -     ["contador"]=>
[2025-03-26T13:48:38.473+0000] {docker.py:69} INFO -     int(1)
[2025-03-26T13:48:38.473+0000] {docker.py:69} INFO -     ["container"]=>
[2025-03-26T13:48:38.473+0000] {docker.py:69} INFO -     string(8) "php-app2"
[2025-03-26T13:48:38.474+0000] {docker.py:69} INFO -     ["timestamp"]=>
[2025-03-26T13:48:38.474+0000] {docker.py:69} INFO -     int(1742996849)
[2025-03-26T13:48:38.475+0000] {docker.py:69} INFO -   }
[2025-03-26T13:48:38.475+0000] {docker.py:69} INFO -   [100]=>
[2025-03-26T13:48:38.476+0000] {docker.py:69} INFO -   object(stdClass)#102 (3) {
[2025-03-26T13:48:38.476+0000] {docker.py:69} INFO -     ["contador"]=>
[2025-03-26T13:48:38.477+0000] {docker.py:69} INFO -     int(1)
[2025-03-26T13:48:38.477+0000] {docker.py:69} INFO -     ["container"]=>
[2025-03-26T13:48:38.478+0000] {docker.py:69} INFO -     string(8) "php-app2"
[2025-03-26T13:48:38.478+0000] {docker.py:69} INFO -     ["timestamp"]=>
[2025-03-26T13:48:38.478+0000] {docker.py:69} INFO -     int(1742996850)
[2025-03-26T13:48:38.479+0000] {docker.py:69} INFO -   }
[2025-03-26T13:48:38.479+0000] {docker.py:69} INFO -   [101]=>
[2025-03-26T13:48:38.479+0000] {docker.py:69} INFO -   object(stdClass)#103 (3) {
[2025-03-26T13:48:38.480+0000] {docker.py:69} INFO -     ["contador"]=>
[2025-03-26T13:48:38.480+0000] {docker.py:69} INFO -     int(1)
[2025-03-26T13:48:38.482+0000] {docker.py:69} INFO -     ["container"]=>
[2025-03-26T13:48:38.482+0000] {docker.py:69} INFO -     string(8) "php-app1"
[2025-03-26T13:48:38.483+0000] {docker.py:69} INFO -     ["timestamp"]=>
[2025-03-26T13:48:38.483+0000] {docker.py:69} INFO -     int(1742996850)
[2025-03-26T13:48:38.484+0000] {docker.py:69} INFO -   }
[2025-03-26T13:48:38.484+0000] {docker.py:69} INFO -   [102]=>
[2025-03-26T13:48:38.484+0000] {docker.py:69} INFO -   object(stdClass)#104 (3) {
[2025-03-26T13:48:38.485+0000] {docker.py:69} INFO -     ["contador"]=>
[2025-03-26T13:48:38.486+0000] {docker.py:69} INFO -     int(1)
[2025-03-26T13:48:38.486+0000] {docker.py:69} INFO -     ["container"]=>
[2025-03-26T13:48:38.487+0000] {docker.py:69} INFO -     string(8) "php-app1"
[2025-03-26T13:48:38.488+0000] {docker.py:69} INFO -     ["timestamp"]=>
[2025-03-26T13:48:38.489+0000] {docker.py:69} INFO -     int(1742996851)
[2025-03-26T13:48:38.490+0000] {docker.py:69} INFO -   }
[2025-03-26T13:48:38.491+0000] {docker.py:69} INFO -   [103]=>
[2025-03-26T13:48:38.491+0000] {docker.py:69} INFO -   object(stdClass)#105 (3) {
[2025-03-26T13:48:38.491+0000] {docker.py:69} INFO -     ["contador"]=>
[2025-03-26T13:48:38.492+0000] {docker.py:69} INFO -     int(1)
[2025-03-26T13:48:38.493+0000] {docker.py:69} INFO -     ["container"]=>
[2025-03-26T13:48:38.494+0000] {docker.py:69} INFO -     string(8) "php-app2"
[2025-03-26T13:48:38.494+0000] {docker.py:69} INFO -     ["timestamp"]=>
[2025-03-26T13:48:38.495+0000] {docker.py:69} INFO -     int(1742996854)
[2025-03-26T13:48:38.496+0000] {docker.py:69} INFO -   }
[2025-03-26T13:48:38.497+0000] {docker.py:69} INFO -   [104]=>
[2025-03-26T13:48:38.497+0000] {docker.py:69} INFO -   object(stdClass)#106 (3) {
[2025-03-26T13:48:38.498+0000] {docker.py:69} INFO -     ["contador"]=>
[2025-03-26T13:48:38.498+0000] {docker.py:69} INFO -     int(1)
[2025-03-26T13:48:38.499+0000] {docker.py:69} INFO -     ["container"]=>
[2025-03-26T13:48:38.499+0000] {docker.py:69} INFO -     string(8) "php-app2"
[2025-03-26T13:48:38.499+0000] {docker.py:69} INFO -     ["timestamp"]=>
[2025-03-26T13:48:38.500+0000] {docker.py:69} INFO -     int(1742996855)
[2025-03-26T13:48:38.500+0000] {docker.py:69} INFO -   }
[2025-03-26T13:48:38.501+0000] {docker.py:69} INFO -   [105]=>
[2025-03-26T13:48:38.502+0000] {docker.py:69} INFO -   object(stdClass)#107 (3) {
[2025-03-26T13:48:38.503+0000] {docker.py:69} INFO -     ["contador"]=>
[2025-03-26T13:48:38.506+0000] {docker.py:69} INFO -     int(1)
[2025-03-26T13:48:38.506+0000] {docker.py:69} INFO -     ["container"]=>
[2025-03-26T13:48:38.506+0000] {docker.py:69} INFO -     string(8) "php-app1"
[2025-03-26T13:48:38.507+0000] {docker.py:69} INFO -     ["timestamp"]=>
[2025-03-26T13:48:38.507+0000] {docker.py:69} INFO -     int(1742996856)
[2025-03-26T13:48:38.507+0000] {docker.py:69} INFO -   }
[2025-03-26T13:48:38.507+0000] {docker.py:69} INFO -   [106]=>
[2025-03-26T13:48:38.508+0000] {docker.py:69} INFO -   object(stdClass)#108 (3) {
[2025-03-26T13:48:38.508+0000] {docker.py:69} INFO -     ["contador"]=>
[2025-03-26T13:48:38.509+0000] {docker.py:69} INFO -     int(1)
[2025-03-26T13:48:38.509+0000] {docker.py:69} INFO -     ["container"]=>
[2025-03-26T13:48:38.509+0000] {docker.py:69} INFO -     string(8) "php-app1"
[2025-03-26T13:48:38.510+0000] {docker.py:69} INFO -     ["timestamp"]=>
[2025-03-26T13:48:38.510+0000] {docker.py:69} INFO -     int(1742996856)
[2025-03-26T13:48:38.510+0000] {docker.py:69} INFO -   }
[2025-03-26T13:48:38.511+0000] {docker.py:69} INFO -   [107]=>
[2025-03-26T13:48:38.511+0000] {docker.py:69} INFO -   object(stdClass)#109 (3) {
[2025-03-26T13:48:38.512+0000] {docker.py:69} INFO -     ["contador"]=>
[2025-03-26T13:48:38.512+0000] {docker.py:69} INFO -     int(1)
[2025-03-26T13:48:38.512+0000] {docker.py:69} INFO -     ["container"]=>
[2025-03-26T13:48:38.512+0000] {docker.py:69} INFO -     string(8) "php-app2"
[2025-03-26T13:48:38.513+0000] {docker.py:69} INFO -     ["timestamp"]=>
[2025-03-26T13:48:38.513+0000] {docker.py:69} INFO -     int(1742996859)
[2025-03-26T13:48:38.513+0000] {docker.py:69} INFO -   }
[2025-03-26T13:48:38.514+0000] {docker.py:69} INFO -   [108]=>
[2025-03-26T13:48:38.514+0000] {docker.py:69} INFO -   object(stdClass)#110 (3) {
[2025-03-26T13:48:38.514+0000] {docker.py:69} INFO -     ["contador"]=>
[2025-03-26T13:48:38.515+0000] {docker.py:69} INFO -     int(1)
[2025-03-26T13:48:38.516+0000] {docker.py:69} INFO -     ["container"]=>
[2025-03-26T13:48:38.517+0000] {docker.py:69} INFO -     string(8) "php-app2"
[2025-03-26T13:48:38.518+0000] {docker.py:69} INFO -     ["timestamp"]=>
[2025-03-26T13:48:38.519+0000] {docker.py:69} INFO -     int(1742996860)
[2025-03-26T13:48:38.519+0000] {docker.py:69} INFO -   }
[2025-03-26T13:48:38.519+0000] {docker.py:69} INFO -   [109]=>
[2025-03-26T13:48:38.520+0000] {docker.py:69} INFO -   object(stdClass)#111 (3) {
[2025-03-26T13:48:38.524+0000] {docker.py:69} INFO -     ["contador"]=>
[2025-03-26T13:48:38.524+0000] {docker.py:69} INFO -     int(1)
[2025-03-26T13:48:38.525+0000] {docker.py:69} INFO -     ["container"]=>
[2025-03-26T13:48:38.525+0000] {docker.py:69} INFO -     string(8) "php-app2"
[2025-03-26T13:48:38.525+0000] {docker.py:69} INFO -     ["timestamp"]=>
[2025-03-26T13:48:38.526+0000] {docker.py:69} INFO -     int(1742996861)
[2025-03-26T13:48:38.528+0000] {docker.py:69} INFO -   }
[2025-03-26T13:48:38.528+0000] {docker.py:69} INFO -   [110]=>
[2025-03-26T13:48:38.528+0000] {docker.py:69} INFO -   object(stdClass)#112 (3) {
[2025-03-26T13:48:38.529+0000] {docker.py:69} INFO -     ["contador"]=>
[2025-03-26T13:48:38.529+0000] {docker.py:69} INFO -     int(1)
[2025-03-26T13:48:38.529+0000] {docker.py:69} INFO -     ["container"]=>
[2025-03-26T13:48:38.530+0000] {docker.py:69} INFO -     string(8) "php-app1"
[2025-03-26T13:48:38.533+0000] {docker.py:69} INFO -     ["timestamp"]=>
[2025-03-26T13:48:38.534+0000] {docker.py:69} INFO -     int(1742996861)
[2025-03-26T13:48:38.534+0000] {docker.py:69} INFO -   }
[2025-03-26T13:48:38.535+0000] {docker.py:69} INFO -   [111]=>
[2025-03-26T13:48:38.535+0000] {docker.py:69} INFO -   object(stdClass)#113 (3) {
[2025-03-26T13:48:38.536+0000] {docker.py:69} INFO -     ["contador"]=>
[2025-03-26T13:48:38.536+0000] {docker.py:69} INFO -     int(1)
[2025-03-26T13:48:38.537+0000] {docker.py:69} INFO -     ["container"]=>
[2025-03-26T13:48:38.537+0000] {docker.py:69} INFO -     string(8) "php-app1"
[2025-03-26T13:48:38.538+0000] {docker.py:69} INFO -     ["timestamp"]=>
[2025-03-26T13:48:38.539+0000] {docker.py:69} INFO -     int(1742996862)
[2025-03-26T13:48:38.539+0000] {docker.py:69} INFO -   }
[2025-03-26T13:48:38.540+0000] {docker.py:69} INFO -   [112]=>
[2025-03-26T13:48:38.542+0000] {docker.py:69} INFO -   object(stdClass)#114 (3) {
[2025-03-26T13:48:38.544+0000] {docker.py:69} INFO -     ["contador"]=>
[2025-03-26T13:48:38.544+0000] {docker.py:69} INFO -     int(1)
[2025-03-26T13:48:38.545+0000] {docker.py:69} INFO -     ["container"]=>
[2025-03-26T13:48:38.545+0000] {docker.py:69} INFO -     string(8) "php-app1"
[2025-03-26T13:48:38.547+0000] {docker.py:69} INFO -     ["timestamp"]=>
[2025-03-26T13:48:38.548+0000] {docker.py:69} INFO -     int(1742996863)
[2025-03-26T13:48:38.550+0000] {docker.py:69} INFO -   }
[2025-03-26T13:48:38.551+0000] {docker.py:69} INFO -   [113]=>
[2025-03-26T13:48:38.553+0000] {docker.py:69} INFO -   object(stdClass)#115 (3) {
[2025-03-26T13:48:38.553+0000] {docker.py:69} INFO -     ["contador"]=>
[2025-03-26T13:48:38.554+0000] {docker.py:69} INFO -     int(1)
[2025-03-26T13:48:38.555+0000] {docker.py:69} INFO -     ["container"]=>
[2025-03-26T13:48:38.555+0000] {docker.py:69} INFO -     string(8) "php-app1"
[2025-03-26T13:48:38.556+0000] {docker.py:69} INFO -     ["timestamp"]=>
[2025-03-26T13:48:38.556+0000] {docker.py:69} INFO -     int(1742996873)
[2025-03-26T13:48:38.557+0000] {docker.py:69} INFO -   }
[2025-03-26T13:48:38.560+0000] {docker.py:69} INFO -   [114]=>
[2025-03-26T13:48:38.560+0000] {docker.py:69} INFO -   object(stdClass)#116 (3) {
[2025-03-26T13:48:38.561+0000] {docker.py:69} INFO -     ["contador"]=>
[2025-03-26T13:48:38.562+0000] {docker.py:69} INFO -     int(1)
[2025-03-26T13:48:38.562+0000] {docker.py:69} INFO -     ["container"]=>
[2025-03-26T13:48:38.563+0000] {docker.py:69} INFO -     string(8) "php-app1"
[2025-03-26T13:48:38.563+0000] {docker.py:69} INFO -     ["timestamp"]=>
[2025-03-26T13:48:38.564+0000] {docker.py:69} INFO -     int(1742996874)
[2025-03-26T13:48:38.565+0000] {docker.py:69} INFO -   }
[2025-03-26T13:48:38.565+0000] {docker.py:69} INFO -   [115]=>
[2025-03-26T13:48:38.566+0000] {docker.py:69} INFO - object(stdClass)#117 (3) {
[2025-03-26T13:48:38.567+0000] {docker.py:69} INFO -     ["contador"]=>
[2025-03-26T13:48:38.568+0000] {docker.py:69} INFO -     int(1)
[2025-03-26T13:48:38.569+0000] {docker.py:69} INFO -     ["container"]=>
[2025-03-26T13:48:38.570+0000] {docker.py:69} INFO -     string(8) "php-app2"
[2025-03-26T13:48:38.571+0000] {docker.py:69} INFO -     ["timestamp"]=>
[2025-03-26T13:48:38.572+0000] {docker.py:69} INFO -     int(1742996875)
[2025-03-26T13:48:38.572+0000] {docker.py:69} INFO -   }
[2025-03-26T13:48:38.573+0000] {docker.py:69} INFO -   [116]=>
[2025-03-26T13:48:38.573+0000] {docker.py:69} INFO -   object(stdClass)#118 (3) {
[2025-03-26T13:48:38.574+0000] {docker.py:69} INFO -     ["contador"]=>
[2025-03-26T13:48:38.574+0000] {docker.py:69} INFO -     int(1)
[2025-03-26T13:48:38.575+0000] {docker.py:69} INFO -     ["container"]=>
[2025-03-26T13:48:38.575+0000] {docker.py:69} INFO -     string(8) "php-app2"
[2025-03-26T13:48:38.575+0000] {docker.py:69} INFO -     ["timestamp"]=>
[2025-03-26T13:48:38.576+0000] {docker.py:69} INFO -     int(1742996876)
[2025-03-26T13:48:38.577+0000] {docker.py:69} INFO -   }
[2025-03-26T13:48:38.578+0000] {docker.py:69} INFO -   [117]=>
[2025-03-26T13:48:38.578+0000] {docker.py:69} INFO -   object(stdClass)#119 (3) {
[2025-03-26T13:48:38.579+0000] {docker.py:69} INFO -     ["contador"]=>
[2025-03-26T13:48:38.579+0000] {docker.py:69} INFO -     int(1)
[2025-03-26T13:48:38.581+0000] {docker.py:69} INFO -     ["container"]=>
[2025-03-26T13:48:38.581+0000] {docker.py:69} INFO -     string(8) "php-app2"
[2025-03-26T13:48:38.582+0000] {docker.py:69} INFO -     ["timestamp"]=>
[2025-03-26T13:48:38.583+0000] {docker.py:69} INFO -     int(1742996876)
[2025-03-26T13:48:38.583+0000] {docker.py:69} INFO -   }
[2025-03-26T13:48:38.584+0000] {docker.py:69} INFO -   [118]=>
[2025-03-26T13:48:38.584+0000] {docker.py:69} INFO -   object(stdClass)#120 (3) {
[2025-03-26T13:48:38.585+0000] {docker.py:69} INFO -     ["contador"]=>
[2025-03-26T13:48:38.585+0000] {docker.py:69} INFO -     int(1)
[2025-03-26T13:48:38.586+0000] {docker.py:69} INFO -     ["container"]=>
[2025-03-26T13:48:38.587+0000] {docker.py:69} INFO -     string(8) "php-app2"
[2025-03-26T13:48:38.588+0000] {docker.py:69} INFO -     ["timestamp"]=>
[2025-03-26T13:48:38.589+0000] {docker.py:69} INFO -     int(1742996876)
[2025-03-26T13:48:38.592+0000] {docker.py:69} INFO -   }
[2025-03-26T13:48:38.593+0000] {docker.py:69} INFO -   [119]=>
[2025-03-26T13:48:38.597+0000] {docker.py:69} INFO - object(stdClass)#121 (3) {
[2025-03-26T13:48:38.599+0000] {docker.py:69} INFO -     ["contador"]=>
[2025-03-26T13:48:38.599+0000] {docker.py:69} INFO -     int(1)
[2025-03-26T13:48:38.600+0000] {docker.py:69} INFO -     ["container"]=>
[2025-03-26T13:48:38.603+0000] {docker.py:69} INFO -     string(8) "php-app1"
[2025-03-26T13:48:38.604+0000] {docker.py:69} INFO -     ["timestamp"]=>
[2025-03-26T13:48:38.605+0000] {docker.py:69} INFO -     int(1742996880)
[2025-03-26T13:48:38.605+0000] {docker.py:69} INFO -   }
[2025-03-26T13:48:38.606+0000] {docker.py:69} INFO -   [120]=>
[2025-03-26T13:48:38.606+0000] {docker.py:69} INFO -   object(stdClass)#122 (3) {
[2025-03-26T13:48:38.606+0000] {docker.py:69} INFO -     ["contador"]=>
[2025-03-26T13:48:38.607+0000] {docker.py:69} INFO -     int(1)
[2025-03-26T13:48:38.607+0000] {docker.py:69} INFO -     ["container"]=>
[2025-03-26T13:48:38.609+0000] {docker.py:69} INFO -     string(8) "php-app1"
[2025-03-26T13:48:38.609+0000] {docker.py:69} INFO -     ["timestamp"]=>
[2025-03-26T13:48:38.610+0000] {docker.py:69} INFO -     int(1742996880)
[2025-03-26T13:48:38.611+0000] {docker.py:69} INFO -   }
[2025-03-26T13:48:38.611+0000] {docker.py:69} INFO -   [121]=>
[2025-03-26T13:48:38.611+0000] {docker.py:69} INFO -   object(stdClass)#123 (3) {
[2025-03-26T13:48:38.612+0000] {docker.py:69} INFO -     ["contador"]=>
[2025-03-26T13:48:38.613+0000] {docker.py:69} INFO -     int(1)
[2025-03-26T13:48:38.613+0000] {docker.py:69} INFO -     ["container"]=>
[2025-03-26T13:48:38.614+0000] {docker.py:69} INFO -     string(8) "php-app1"
[2025-03-26T13:48:38.614+0000] {docker.py:69} INFO -     ["timestamp"]=>
[2025-03-26T13:48:38.614+0000] {docker.py:69} INFO -     int(1742996882)
[2025-03-26T13:48:38.615+0000] {docker.py:69} INFO -   }
[2025-03-26T13:48:38.615+0000] {docker.py:69} INFO -   [122]=>
[2025-03-26T13:48:38.616+0000] {docker.py:69} INFO -   object(stdClass)#124 (3) {
[2025-03-26T13:48:38.616+0000] {docker.py:69} INFO -     ["contador"]=>
[2025-03-26T13:48:38.616+0000] {docker.py:69} INFO -     int(1)
[2025-03-26T13:48:38.617+0000] {docker.py:69} INFO -     ["container"]=>
[2025-03-26T13:48:38.617+0000] {docker.py:69} INFO -     string(8) "php-app2"
[2025-03-26T13:48:38.618+0000] {docker.py:69} INFO -     ["timestamp"
[2025-03-26T13:48:38.618+0000] {docker.py:69} INFO - ]=>
[2025-03-26T13:48:38.619+0000] {docker.py:69} INFO - int(1742996882)
[2025-03-26T13:48:38.620+0000] {docker.py:69} INFO -   }
[2025-03-26T13:48:38.621+0000] {docker.py:69} INFO -   [123]=>
[2025-03-26T13:48:38.621+0000] {docker.py:69} INFO -   object(stdClass)#125 (3) {
[2025-03-26T13:48:38.622+0000] {docker.py:69} INFO -     ["contador"]=>
[2025-03-26T13:48:38.624+0000] {docker.py:69} INFO -     int(1)
[2025-03-26T13:48:38.625+0000] {docker.py:69} INFO -     ["container"]=>
[2025-03-26T13:48:38.625+0000] {docker.py:69} INFO -     string(8) "php-app1"
[2025-03-26T13:48:38.626+0000] {docker.py:69} INFO -     ["timestamp"]=>
[2025-03-26T13:48:38.628+0000] {docker.py:69} INFO -     int(1742996882)
[2025-03-26T13:48:38.628+0000] {docker.py:69} INFO -   }
[2025-03-26T13:48:38.629+0000] {docker.py:69} INFO -   [124]=>
[2025-03-26T13:48:38.629+0000] {docker.py:69} INFO -   object(stdClass)#126 (3) {
[2025-03-26T13:48:38.630+0000] {docker.py:69} INFO -     ["contador"]=>
[2025-03-26T13:48:38.630+0000] {docker.py:69} INFO -     int(1)
[2025-03-26T13:48:38.631+0000] {docker.py:69} INFO -     ["container"]=>
[2025-03-26T13:48:38.631+0000] {docker.py:69} INFO -     string(8) "php-app1"
[2025-03-26T13:48:38.632+0000] {docker.py:69} INFO -     ["timestamp"]=>
[2025-03-26T13:48:38.632+0000] {docker.py:69} INFO -     int(1742996883)
[2025-03-26T13:48:38.632+0000] {docker.py:69} INFO -   }
[2025-03-26T13:48:38.633+0000] {docker.py:69} INFO -   [125]=>
[2025-03-26T13:48:38.633+0000] {docker.py:69} INFO -   object(stdClass)#127 (3) {
[2025-03-26T13:48:38.634+0000] {docker.py:69} INFO -     ["contador"]=>
[2025-03-26T13:48:38.635+0000] {docker.py:69} INFO -     int(1)
[2025-03-26T13:48:38.637+0000] {docker.py:69} INFO -     ["container"]=>
[2025-03-26T13:48:38.638+0000] {docker.py:69} INFO -     string(8) "php-app2"
[2025-03-26T13:48:38.639+0000] {docker.py:69} INFO -     ["timestamp"]=>
[2025-03-26T13:48:38.639+0000] {docker.py:69} INFO -     int(1742996884)
[2025-03-26T13:48:38.640+0000] {docker.py:69} INFO -   }
[2025-03-26T13:48:38.641+0000] {docker.py:69} INFO -   [126]=>
[2025-03-26T13:48:38.641+0000] {docker.py:69} INFO -   object(stdClass)#128 (3) {
[2025-03-26T13:48:38.642+0000] {docker.py:69} INFO -     ["contador"]=>
[2025-03-26T13:48:38.642+0000] {docker.py:69} INFO -     int(1)
[2025-03-26T13:48:38.643+0000] {docker.py:69} INFO -     ["container"]=>
[2025-03-26T13:48:38.643+0000] {docker.py:69} INFO -     string(8) "php-app2"
[2025-03-26T13:48:38.644+0000] {docker.py:69} INFO -     ["timestamp"]=>
[2025-03-26T13:48:38.644+0000] {docker.py:69} INFO -     int(1742996887)
[2025-03-26T13:48:38.645+0000] {docker.py:69} INFO -   }
[2025-03-26T13:48:38.645+0000] {docker.py:69} INFO -   [127]=>
[2025-03-26T13:48:38.646+0000] {docker.py:69} INFO -   object(stdClass)#129 (3) {
[2025-03-26T13:48:38.646+0000] {docker.py:69} INFO -     ["contador"]=>
[2025-03-26T13:48:38.647+0000] {docker.py:69} INFO -     int(1)
[2025-03-26T13:48:38.647+0000] {docker.py:69} INFO -     ["container"]=>
[2025-03-26T13:48:38.647+0000] {docker.py:69} INFO -     string(8) "php-app2"
[2025-03-26T13:48:38.648+0000] {docker.py:69} INFO -     ["timestamp"]=>
[2025-03-26T13:48:38.648+0000] {docker.py:69} INFO -     int(1742996888)
[2025-03-26T13:48:38.648+0000] {docker.py:69} INFO -   }
[2025-03-26T13:48:38.649+0000] {docker.py:69} INFO -   [128]=>
[2025-03-26T13:48:38.649+0000] {docker.py:69} INFO -   object(stdClass)#130 (3) {
[2025-03-26T13:48:38.649+0000] {docker.py:69} INFO -     ["contador"]=>
[2025-03-26T13:48:38.650+0000] {docker.py:69} INFO -     int(1)
[2025-03-26T13:48:38.650+0000] {docker.py:69} INFO -     ["container"]=>
[2025-03-26T13:48:38.651+0000] {docker.py:69} INFO -     string(8) "php-app1"
[2025-03-26T13:48:38.651+0000] {docker.py:69} INFO -     ["timestamp"]=>
[2025-03-26T13:48:38.651+0000] {docker.py:69} INFO -     int(1742996888)
[2025-03-26T13:48:38.652+0000] {docker.py:69} INFO -   }
[2025-03-26T13:48:38.652+0000] {docker.py:69} INFO -   [129]=>
[2025-03-26T13:48:38.653+0000] {docker.py:69} INFO -   object(stdClass)#131 (3) {
[2025-03-26T13:48:38.654+0000] {docker.py:69} INFO -     ["contador"]=>
[2025-03-26T13:48:38.655+0000] {docker.py:69} INFO -     int(1)
[2025-03-26T13:48:38.655+0000] {docker.py:69} INFO -     ["container"]=>
[2025-03-26T13:48:38.656+0000] {docker.py:69} INFO -     string(8) "php-app2"
[2025-03-26T13:48:38.656+0000] {docker.py:69} INFO -     ["timestamp"]=>
[2025-03-26T13:48:38.657+0000] {docker.py:69} INFO -     int(1742996891)
[2025-03-26T13:48:38.657+0000] {docker.py:69} INFO -   }
[2025-03-26T13:48:38.658+0000] {docker.py:69} INFO -   [130]=>
[2025-03-26T13:48:38.662+0000] {docker.py:69} INFO - object(stdClass)#132 (3) {
[2025-03-26T13:48:38.663+0000] {docker.py:69} INFO -     ["contador"]=>
[2025-03-26T13:48:38.664+0000] {docker.py:69} INFO -     int(1)
[2025-03-26T13:48:38.664+0000] {docker.py:69} INFO -     ["container"]=>
[2025-03-26T13:48:38.665+0000] {docker.py:69} INFO -     string(8) "php-app1"
[2025-03-26T13:48:38.665+0000] {docker.py:69} INFO -     ["timestamp"]=>
[2025-03-26T13:48:38.666+0000] {docker.py:69} INFO -     int(1742996892)
[2025-03-26T13:48:38.666+0000] {docker.py:69} INFO -   }
[2025-03-26T13:48:38.667+0000] {docker.py:69} INFO -   [131]=>
[2025-03-26T13:48:38.667+0000] {docker.py:69} INFO -   object(stdClass)#133 (3) {
[2025-03-26T13:48:38.668+0000] {docker.py:69} INFO -     ["contador"]=>
[2025-03-26T13:48:38.668+0000] {docker.py:69} INFO -     int(1)
[2025-03-26T13:48:38.669+0000] {docker.py:69} INFO -     ["container"]=>
[2025-03-26T13:48:38.675+0000] {docker.py:69} INFO -     string(8) "php-app2"
[2025-03-26T13:48:38.676+0000] {docker.py:69} INFO -     ["timestamp"]=>
[2025-03-26T13:48:38.676+0000] {docker.py:69} INFO -     int(1742996893)
[2025-03-26T13:48:38.677+0000] {docker.py:69} INFO -   }
[2025-03-26T13:48:38.679+0000] {docker.py:69} INFO -   [132]=>
[2025-03-26T13:48:38.680+0000] {docker.py:69} INFO -   object(stdClass)#134 (3) {
[2025-03-26T13:48:38.681+0000] {docker.py:69} INFO -     ["contador"]=>
[2025-03-26T13:48:38.681+0000] {docker.py:69} INFO -     int(1)
[2025-03-26T13:48:38.681+0000] {docker.py:69} INFO -     ["container"]=>
[2025-03-26T13:48:38.682+0000] {docker.py:69} INFO -     string(8) "php-app1"
[2025-03-26T13:48:38.690+0000] {docker.py:69} INFO -     ["timestamp"]=>
[2025-03-26T13:48:38.696+0000] {docker.py:69} INFO -     int(1742996893)
[2025-03-26T13:48:38.697+0000] {docker.py:69} INFO -   }
[2025-03-26T13:48:38.698+0000] {docker.py:69} INFO -   [133]=>
[2025-03-26T13:48:38.699+0000] {docker.py:69} INFO -   object(stdClass)#135 (3) {
[2025-03-26T13:48:38.699+0000] {docker.py:69} INFO -     ["contador"]=>
[2025-03-26T13:48:38.700+0000] {docker.py:69} INFO -     int(1)
[2025-03-26T13:48:38.700+0000] {docker.py:69} INFO -     ["container"]=>
[2025-03-26T13:48:38.701+0000] {docker.py:69} INFO -     string(8) "php-app2"
[2025-03-26T13:48:38.701+0000] {docker.py:69} INFO -     ["timestamp"]=>
[2025-03-26T13:48:38.702+0000] {docker.py:69} INFO -     int(1742996895)
[2025-03-26T13:48:38.702+0000] {docker.py:69} INFO -   }
[2025-03-26T13:48:38.703+0000] {docker.py:69} INFO -   [134]=>
[2025-03-26T13:48:38.704+0000] {docker.py:69} INFO - object(stdClass)#136 (3) {
[2025-03-26T13:48:38.705+0000] {docker.py:69} INFO -     ["contador"]=>
[2025-03-26T13:48:38.705+0000] {docker.py:69} INFO -     int(1)
[2025-03-26T13:48:38.706+0000] {docker.py:69} INFO -     ["container"]=>
[2025-03-26T13:48:38.706+0000] {docker.py:69} INFO -     string(8) "php-app1"
[2025-03-26T13:48:38.707+0000] {docker.py:69} INFO -     ["timestamp"]=>
[2025-03-26T13:48:38.707+0000] {docker.py:69} INFO -     int(1742996895)
[2025-03-26T13:48:38.708+0000] {docker.py:69} INFO -   }
[2025-03-26T13:48:38.708+0000] {docker.py:69} INFO -   [135]=>
[2025-03-26T13:48:38.709+0000] {docker.py:69} INFO -   object(stdClass)#137 (3) {
[2025-03-26T13:48:38.710+0000] {docker.py:69} INFO -     ["contador"]=>
[2025-03-26T13:48:38.711+0000] {docker.py:69} INFO -     int(1)
[2025-03-26T13:48:38.712+0000] {docker.py:69} INFO -     ["container"]=>
[2025-03-26T13:48:38.713+0000] {docker.py:69} INFO -     string(8) "php-app2"
[2025-03-26T13:48:38.713+0000] {docker.py:69} INFO -     ["timestamp"]=>
[2025-03-26T13:48:38.714+0000] {docker.py:69} INFO -     int(1742996896)
[2025-03-26T13:48:38.714+0000] {docker.py:69} INFO -   }
[2025-03-26T13:48:38.715+0000] {docker.py:69} INFO -   [136]=>
[2025-03-26T13:48:38.716+0000] {docker.py:69} INFO -   object(stdClass)#138 (3) {
[2025-03-26T13:48:38.716+0000] {docker.py:69} INFO -     ["contador"]=>
[2025-03-26T13:48:38.717+0000] {docker.py:69} INFO -     int(1)
[2025-03-26T13:48:38.718+0000] {docker.py:69} INFO -     ["container"]=>
[2025-03-26T13:48:38.718+0000] {docker.py:69} INFO -     string(8) "php-app1"
[2025-03-26T13:48:38.719+0000] {docker.py:69} INFO -     ["timestamp"]=>
[2025-03-26T13:48:38.719+0000] {docker.py:69} INFO -     int(1742996896)
[2025-03-26T13:48:38.727+0000] {docker.py:69} INFO -   }
[2025-03-26T13:48:38.728+0000] {docker.py:69} INFO -   [137]=>
[2025-03-26T13:48:38.728+0000] {docker.py:69} INFO -   object(stdClass)#139 (3) {
[2025-03-26T13:48:38.729+0000] {docker.py:69} INFO -     ["contador"]=>
[2025-03-26T13:48:38.729+0000] {docker.py:69} INFO -     int(1)
[2025-03-26T13:48:38.730+0000] {docker.py:69} INFO -     ["container"]=>
[2025-03-26T13:48:38.730+0000] {docker.py:69} INFO -     string(8) "php-app1"
[2025-03-26T13:48:38.730+0000] {docker.py:69} INFO -     ["timestamp"]=>
[2025-03-26T13:48:38.731+0000] {docker.py:69} INFO -     int(1742996902)
[2025-03-26T13:48:38.731+0000] {docker.py:69} INFO -   }
[2025-03-26T13:48:38.732+0000] {docker.py:69} INFO -   [138]=>
[2025-03-26T13:48:38.732+0000] {docker.py:69} INFO -   object(stdClass)#140 (3) {
[2025-03-26T13:48:38.732+0000] {docker.py:69} INFO -     ["contador"]=>
[2025-03-26T13:48:38.733+0000] {docker.py:69} INFO -     int(1)
[2025-03-26T13:48:38.733+0000] {docker.py:69} INFO -     ["container"]=>
[2025-03-26T13:48:38.734+0000] {docker.py:69} INFO -     string(8) "php-app2"
[2025-03-26T13:48:38.734+0000] {docker.py:69} INFO -     ["timestamp"]=>
[2025-03-26T13:48:38.735+0000] {docker.py:69} INFO -     int(1742996903)
[2025-03-26T13:48:38.735+0000] {docker.py:69} INFO -   }
[2025-03-26T13:48:38.735+0000] {docker.py:69} INFO -   [139]=>
[2025-03-26T13:48:38.737+0000] {docker.py:69} INFO -   object(stdClass)#141 (3) {
[2025-03-26T13:48:38.738+0000] {docker.py:69} INFO -     ["contador"]=>
[2025-03-26T13:48:38.739+0000] {docker.py:69} INFO -     int(1)
[2025-03-26T13:48:38.739+0000] {docker.py:69} INFO -     ["container"]=>
[2025-03-26T13:48:38.740+0000] {docker.py:69} INFO -     string(8) "php-app1"
[2025-03-26T13:48:38.740+0000] {docker.py:69} INFO -     ["timestamp"]=>
[2025-03-26T13:48:38.741+0000] {docker.py:69} INFO -     int(1742996904)
[2025-03-26T13:48:38.743+0000] {docker.py:69} INFO -   }
[2025-03-26T13:48:38.743+0000] {docker.py:69} INFO -   [140]=>
[2025-03-26T13:48:38.744+0000] {docker.py:69} INFO -   object(stdClass)#142 (3) {
[2025-03-26T13:48:38.745+0000] {docker.py:69} INFO -     ["contador"]=>
[2025-03-26T13:48:38.745+0000] {docker.py:69} INFO -     int(1)
[2025-03-26T13:48:38.746+0000] {docker.py:69} INFO -     ["container"]=>
[2025-03-26T13:48:38.746+0000] {docker.py:69} INFO -     string(8) "php-app2"
[2025-03-26T13:48:38.747+0000] {docker.py:69} INFO -     ["timestamp"]=>
[2025-03-26T13:48:38.748+0000] {docker.py:69} INFO -     int(1742996904)
[2025-03-26T13:48:38.748+0000] {docker.py:69} INFO -   }
[2025-03-26T13:48:38.749+0000] {docker.py:69} INFO -   [141]=>
[2025-03-26T13:48:38.749+0000] {docker.py:69} INFO -   object(stdClass)#143 (3) {
[2025-03-26T13:48:38.750+0000] {docker.py:69} INFO -     ["contador"]=>
[2025-03-26T13:48:38.750+0000] {docker.py:69} INFO -     int(1)
[2025-03-26T13:48:38.751+0000] {docker.py:69} INFO -     ["container"]=>
[2025-03-26T13:48:38.751+0000] {docker.py:69} INFO -     string(8) "php-app2"
[2025-03-26T13:48:38.752+0000] {docker.py:69} INFO -     ["timestamp"]=>
[2025-03-26T13:48:38.752+0000] {docker.py:69} INFO -     int(1742996906)
[2025-03-26T13:48:38.753+0000] {docker.py:69} INFO -   }
[2025-03-26T13:48:38.753+0000] {docker.py:69} INFO -   [142]=>
[2025-03-26T13:48:38.754+0000] {docker.py:69} INFO -   object(stdClass)#144 (3) {
[2025-03-26T13:48:38.754+0000] {docker.py:69} INFO -     ["contador"]=>
[2025-03-26T13:48:38.755+0000] {docker.py:69} INFO -     int(1)
[2025-03-26T13:48:38.755+0000] {docker.py:69} INFO -     ["container"]=>
[2025-03-26T13:48:38.756+0000] {docker.py:69} INFO - string(8) "php-app1"
[2025-03-26T13:48:38.756+0000] {docker.py:69} INFO -     ["timestamp"]=>
[2025-03-26T13:48:38.757+0000] {docker.py:69} INFO -     int(1742996907)
[2025-03-26T13:48:38.757+0000] {docker.py:69} INFO -   }
[2025-03-26T13:48:38.758+0000] {docker.py:69} INFO -   [143]=>
[2025-03-26T13:48:38.758+0000] {docker.py:69} INFO -   object(stdClass)#145 (3) {
[2025-03-26T13:48:38.759+0000] {docker.py:69} INFO -     ["contador"]=>
[2025-03-26T13:48:38.759+0000] {docker.py:69} INFO -     int(1)
[2025-03-26T13:48:38.760+0000] {docker.py:69} INFO -     ["container"]=>
[2025-03-26T13:48:38.760+0000] {docker.py:69} INFO -     string(8) "php-app1"
[2025-03-26T13:48:38.761+0000] {docker.py:69} INFO -     ["timestamp"]=>
[2025-03-26T13:48:38.761+0000] {docker.py:69} INFO -     int(1742996908)
[2025-03-26T13:48:38.762+0000] {docker.py:69} INFO -   }
[2025-03-26T13:48:38.762+0000] {docker.py:69} INFO -   [144]=>
[2025-03-26T13:48:38.763+0000] {docker.py:69} INFO -   object(stdClass)#146 (3) {
[2025-03-26T13:48:38.763+0000] {docker.py:69} INFO -     ["contador"]=>
[2025-03-26T13:48:38.764+0000] {docker.py:69} INFO -     int(1)
[2025-03-26T13:48:38.764+0000] {docker.py:69} INFO -     ["container"]=>
[2025-03-26T13:48:38.765+0000] {docker.py:69} INFO -     string(8) "php-app2"
[2025-03-26T13:48:38.765+0000] {docker.py:69} INFO -     ["timestamp
[2025-03-26T13:48:38.766+0000] {docker.py:69} INFO - "]=>
[2025-03-26T13:48:38.766+0000] {docker.py:69} INFO -     int(1742996908)
[2025-03-26T13:48:38.767+0000] {docker.py:69} INFO -   }
[2025-03-26T13:48:38.767+0000] {docker.py:69} INFO -   [145]=>
[2025-03-26T13:48:38.768+0000] {docker.py:69} INFO -   object(stdClass)#147 (3) {
[2025-03-26T13:48:38.768+0000] {docker.py:69} INFO -     ["contador"]=>
[2025-03-26T13:48:38.769+0000] {docker.py:69} INFO -     int(1)
[2025-03-26T13:48:38.769+0000] {docker.py:69} INFO -     ["container"]=>
[2025-03-26T13:48:38.769+0000] {docker.py:69} INFO -     string(8) "php-app1"
[2025-03-26T13:48:38.770+0000] {docker.py:69} INFO -     ["timestamp"]=>
[2025-03-26T13:48:38.770+0000] {docker.py:69} INFO -     int(1742996909)
[2025-03-26T13:48:38.771+0000] {docker.py:69} INFO -   }
[2025-03-26T13:48:38.771+0000] {docker.py:69} INFO -   [146]=>
[2025-03-26T13:48:38.772+0000] {docker.py:69} INFO -   object(stdClass)#148 (3) {
[2025-03-26T13:48:38.772+0000] {docker.py:69} INFO -     ["contador"]=>
[2025-03-26T13:48:38.772+0000] {docker.py:69} INFO -     int(1)
[2025-03-26T13:48:38.773+0000] {docker.py:69} INFO -     ["container"]=>
[2025-03-26T13:48:38.773+0000] {docker.py:69} INFO -     string(8) "php-app2"
[2025-03-26T13:48:38.774+0000] {docker.py:69} INFO -     ["timestamp"]=>
[2025-03-26T13:48:38.774+0000] {docker.py:69} INFO -     int(1742996911)
[2025-03-26T13:48:38.776+0000] {docker.py:69} INFO -   }
[2025-03-26T13:48:38.776+0000] {docker.py:69} INFO -   [147]=>
[2025-03-26T13:48:38.777+0000] {docker.py:69} INFO -   object(stdClass)#149 (3) {
[2025-03-26T13:48:38.777+0000] {docker.py:69} INFO -     ["contador"]=>
[2025-03-26T13:48:38.778+0000] {docker.py:69} INFO -     int(1)
[2025-03-26T13:48:38.778+0000] {docker.py:69} INFO -     ["container"]=>
[2025-03-26T13:48:38.779+0000] {docker.py:69} INFO -     string(8) "php-app1"
[2025-03-26T13:48:38.780+0000] {docker.py:69} INFO -     ["timestamp"]=>
[2025-03-26T13:48:38.781+0000] {docker.py:69} INFO -     int(1742996912)
[2025-03-26T13:48:38.781+0000] {docker.py:69} INFO -   }
[2025-03-26T13:48:38.781+0000] {docker.py:69} INFO -   [148]=>
[2025-03-26T13:48:38.782+0000] {docker.py:69} INFO -   array(3) {
[2025-03-26T13:48:38.782+0000] {docker.py:69} INFO -     ["contador"]=>
[2025-03-26T13:48:38.783+0000] {docker.py:69} INFO -     int(1)
[2025-03-26T13:48:38.783+0000] {docker.py:69} INFO -     ["container"]=>
[2025-03-26T13:48:38.784+0000] {docker.py:69} INFO -     string(8) "php-app2"
[2025-03-26T13:48:38.784+0000] {docker.py:69} INFO -     ["timestamp"]=>
[2025-03-26T13:48:38.784+0000] {docker.py:69} INFO -     int(1742996916)
[2025-03-26T13:48:38.785+0000] {docker.py:69} INFO -   }
[2025-03-26T13:48:38.785+0000] {docker.py:69} INFO - }
[2025-03-26T13:48:39.723+0000] {taskinstance.py:341} INFO - ::group::Post task execution logs
[2025-03-26T13:48:39.725+0000] {taskinstance.py:353} INFO - Marking task as SUCCESS. dag_id=containers1_dag, task_id=php_app2, run_id=scheduled__2025-03-25T05:05:00+00:00, execution_date=20250325T050500, start_date=20250326T134823, end_date=20250326T134839
[2025-03-26T13:48:41.333+0000] {local_task_job_runner.py:266} INFO - Task exited with return code 0
[2025-03-26T13:48:41.901+0000] {taskinstance.py:3901} INFO - 0 downstream tasks scheduled from follow-on schedule check
[2025-03-26T13:48:42.005+0000] {local_task_job_runner.py:245} INFO - ::endgroup::
