[2025-03-26T13:46:15.771+0000] {local_task_job_runner.py:123} INFO - ::group::Pre task execution logs
[2025-03-26T13:46:15.985+0000] {taskinstance.py:2614} INFO - Dependencies all met for dep_context=non-requeueable deps ti=<TaskInstance: containers1_dag.php_app1 scheduled__2025-03-25T01:10:00+00:00 [queued]>
[2025-03-26T13:46:16.236+0000] {taskinstance.py:2614} INFO - Dependencies all met for dep_context=requeueable deps ti=<TaskInstance: containers1_dag.php_app1 scheduled__2025-03-25T01:10:00+00:00 [queued]>
[2025-03-26T13:46:16.237+0000] {taskinstance.py:2867} INFO - Starting attempt 1 of 6
[2025-03-26T13:46:16.530+0000] {taskinstance.py:2890} INFO - Executing <Task(DockerOperator): php_app1> on 2025-03-25 01:10:00+00:00
[2025-03-26T13:46:16.577+0000] {standard_task_runner.py:104} INFO - Running: ['***', 'tasks', 'run', 'containers1_dag', 'php_app1', 'scheduled__2025-03-25T01:10:00+00:00', '--job-id', '50', '--raw', '--subdir', 'DAGS_FOLDER/containers1_dag.py', '--cfg-path', '/tmp/tmp73p31v_3']
[2025-03-26T13:46:16.593+0000] {standard_task_runner.py:105} INFO - Job 50: Subtask php_app1
[2025-03-26T13:46:16.591+0000] {logging_mixin.py:190} WARNING - /home/***/.local/lib/python3.12/site-packages/***/task/task_runner/standard_task_runner.py:70 DeprecationWarning: This process (pid=646) is multi-threaded, use of fork() may lead to deadlocks in the child.
[2025-03-26T13:46:16.600+0000] {standard_task_runner.py:72} INFO - Started process 654 to run task
[2025-03-26T13:46:17.082+0000] {task_command.py:467} INFO - Running <TaskInstance: containers1_dag.php_app1 scheduled__2025-03-25T01:10:00+00:00 [running]> on host 3d581a580455
[2025-03-26T13:46:17.894+0000] {taskinstance.py:3134} INFO - Exporting env vars: AIRFLOW_CTX_DAG_OWNER='andre' AIRFLOW_CTX_DAG_ID='containers1_dag' AIRFLOW_CTX_TASK_ID='php_app1' AIRFLOW_CTX_EXECUTION_DATE='2025-03-25T01:10:00+00:00' AIRFLOW_CTX_TRY_NUMBER='1' AIRFLOW_CTX_DAG_RUN_ID='scheduled__2025-03-25T01:10:00+00:00'
[2025-03-26T13:46:17.895+0000] {taskinstance.py:732} INFO - ::endgroup::
[2025-03-26T13:46:18.017+0000] {docker.py:345} INFO - Starting docker container from image php-app1
[2025-03-26T13:46:18.038+0000] {docker.py:353} WARNING - Using remote engine or docker-in-docker and mounting temporary volume from host is not supported. Falling back to `mount_tmp_dir=False` mode. You can set `mount_tmp_dir` parameter to False to disable mounting and remove the warning
[2025-03-26T13:46:23.730+0000] {docker.py:69} INFO - array(52) {
[2025-03-26T13:46:23.733+0000] {docker.py:69} INFO -   [0]=>
[2025-03-26T13:46:23.748+0000] {docker.py:69} INFO - 
[2025-03-26T13:46:23.752+0000] {docker.py:69} INFO - object(stdClass)#2 (3) {
[2025-03-26T13:46:23.753+0000] {docker.py:69} INFO -     [
[2025-03-26T13:46:23.754+0000] {docker.py:69} INFO - "
[2025-03-26T13:46:23.829+0000] {docker.py:69} INFO - contador
[2025-03-26T13:46:23.836+0000] {docker.py:69} INFO - "
[2025-03-26T13:46:23.842+0000] {docker.py:69} INFO - ]=>
[2025-03-26T13:46:23.861+0000] {docker.py:69} INFO -     int(0)
[2025-03-26T13:46:23.899+0000] {docker.py:69} INFO -     [
[2025-03-26T13:46:23.905+0000] {docker.py:69} INFO - "container"
[2025-03-26T13:46:23.914+0000] {docker.py:69} INFO - ]=>
[2025-03-26T13:46:23.916+0000] {docker.py:69} INFO -     string(8) "php-app1"
[2025-03-26T13:46:23.917+0000] {docker.py:69} INFO -     [
[2025-03-26T13:46:23.925+0000] {docker.py:69} INFO - "timestamp
[2025-03-26T13:46:23.931+0000] {docker.py:69} INFO - "]=>
[2025-03-26T13:46:23.931+0000] {docker.py:69} INFO - int(1742852307)
[2025-03-26T13:46:23.932+0000] {docker.py:69} INFO - 
[2025-03-26T13:46:23.932+0000] {docker.py:69} INFO - }
[2025-03-26T13:46:23.944+0000] {docker.py:69} INFO -   [1]=>
[2025-03-26T13:46:23.945+0000] {docker.py:69} INFO - 
[2025-03-26T13:46:23.946+0000] {docker.py:69} INFO - object(stdClass)#3 (3) {
[2025-03-26T13:46:23.948+0000] {docker.py:69} INFO -     [
[2025-03-26T13:46:23.984+0000] {docker.py:69} INFO - "contador"
[2025-03-26T13:46:24.007+0000] {docker.py:69} INFO - ]=>
[2025-03-26T13:46:24.008+0000] {docker.py:69} INFO - int(1)
[2025-03-26T13:46:24.014+0000] {docker.py:69} INFO -     [
[2025-03-26T13:46:24.017+0000] {docker.py:69} INFO - "
[2025-03-26T13:46:24.025+0000] {docker.py:69} INFO - container"
[2025-03-26T13:46:24.026+0000] {docker.py:69} INFO - ]=>
[2025-03-26T13:46:24.026+0000] {docker.py:69} INFO - string(8) "php-app2
[2025-03-26T13:46:24.026+0000] {docker.py:69} INFO - "
[2025-03-26T13:46:24.027+0000] {docker.py:69} INFO -     [
[2025-03-26T13:46:24.027+0000] {docker.py:69} INFO - "timestamp"
[2025-03-26T13:46:24.028+0000] {docker.py:69} INFO - ]=>
[2025-03-26T13:46:24.041+0000] {docker.py:69} INFO -     int(1742852309)
[2025-03-26T13:46:24.051+0000] {docker.py:69} INFO -   }
[2025-03-26T13:46:24.052+0000] {docker.py:69} INFO -   [2]=>
[2025-03-26T13:46:24.055+0000] {docker.py:69} INFO - object(stdClass)#4 (3) {
[2025-03-26T13:46:24.058+0000] {docker.py:69} INFO -     ["
[2025-03-26T13:46:24.065+0000] {docker.py:69} INFO - contador"]=>
[2025-03-26T13:46:24.066+0000] {docker.py:69} INFO - 
[2025-03-26T13:46:24.068+0000] {docker.py:69} INFO - int(1)
[2025-03-26T13:46:24.070+0000] {docker.py:69} INFO -     [
[2025-03-26T13:46:24.114+0000] {docker.py:69} INFO - "container
[2025-03-26T13:46:24.115+0000] {docker.py:69} INFO - "
[2025-03-26T13:46:24.116+0000] {docker.py:69} INFO - ]=>
[2025-03-26T13:46:24.118+0000] {docker.py:69} INFO -     string(8) "
[2025-03-26T13:46:24.119+0000] {docker.py:69} INFO - php-app1"
[2025-03-26T13:46:24.120+0000] {docker.py:69} INFO -     ["timestamp"
[2025-03-26T13:46:24.120+0000] {docker.py:69} INFO - ]=>
[2025-03-26T13:46:24.121+0000] {docker.py:69} INFO -     int(1742852311)
[2025-03-26T13:46:24.122+0000] {docker.py:69} INFO - }
[2025-03-26T13:46:24.122+0000] {docker.py:69} INFO -   [3]=>
[2025-03-26T13:46:24.123+0000] {docker.py:69} INFO -   object(stdClass)#5 (3) {
[2025-03-26T13:46:24.123+0000] {docker.py:69} INFO -     [
[2025-03-26T13:46:24.124+0000] {docker.py:69} INFO - "contador"
[2025-03-26T13:46:24.124+0000] {docker.py:69} INFO - ]=>
[2025-03-26T13:46:24.125+0000] {docker.py:69} INFO - int(1)
[2025-03-26T13:46:24.125+0000] {docker.py:69} INFO -     ["container"
[2025-03-26T13:46:24.126+0000] {docker.py:69} INFO - ]=>
[2025-03-26T13:46:24.126+0000] {docker.py:69} INFO - 
[2025-03-26T13:46:24.127+0000] {docker.py:69} INFO - string(8) "
[2025-03-26T13:46:24.128+0000] {docker.py:69} INFO - php-app2"
[2025-03-26T13:46:24.128+0000] {docker.py:69} INFO -     [
[2025-03-26T13:46:24.129+0000] {docker.py:69} INFO - "timestamp"]=>
[2025-03-26T13:46:24.129+0000] {docker.py:69} INFO - 
[2025-03-26T13:46:24.130+0000] {docker.py:69} INFO - int(1742852314)
[2025-03-26T13:46:24.130+0000] {docker.py:69} INFO -   }
[2025-03-26T13:46:24.132+0000] {docker.py:69} INFO -   [4]=>
[2025-03-26T13:46:24.133+0000] {docker.py:69} INFO -   object(stdClass)#6 (3) {
[2025-03-26T13:46:24.134+0000] {docker.py:69} INFO -     [
[2025-03-26T13:46:24.134+0000] {docker.py:69} INFO - "
[2025-03-26T13:46:24.135+0000] {docker.py:69} INFO - contador
[2025-03-26T13:46:24.135+0000] {docker.py:69} INFO - "
[2025-03-26T13:46:24.136+0000] {docker.py:69} INFO - ]=>
[2025-03-26T13:46:24.136+0000] {docker.py:69} INFO - int(1)
[2025-03-26T13:46:24.137+0000] {docker.py:69} INFO -     ["
[2025-03-26T13:46:24.137+0000] {docker.py:69} INFO - container
[2025-03-26T13:46:24.138+0000] {docker.py:69} INFO - "]=>
[2025-03-26T13:46:24.138+0000] {docker.py:69} INFO - 
[2025-03-26T13:46:24.139+0000] {docker.py:69} INFO - string(8) "
[2025-03-26T13:46:24.139+0000] {docker.py:69} INFO - php-app2"
[2025-03-26T13:46:24.140+0000] {docker.py:69} INFO -     ["timestamp"]=>
[2025-03-26T13:46:24.140+0000] {docker.py:69} INFO -     int(1742996301)
[2025-03-26T13:46:24.140+0000] {docker.py:69} INFO -   }
[2025-03-26T13:46:24.141+0000] {docker.py:69} INFO -   [5]=>
[2025-03-26T13:46:24.141+0000] {docker.py:69} INFO -   object(stdClass)#7 (3) {
[2025-03-26T13:46:24.141+0000] {docker.py:69} INFO -     ["contador
[2025-03-26T13:46:24.142+0000] {docker.py:69} INFO - "
[2025-03-26T13:46:24.142+0000] {docker.py:69} INFO - ]=>
[2025-03-26T13:46:24.143+0000] {docker.py:69} INFO -     int(1)
[2025-03-26T13:46:24.143+0000] {docker.py:69} INFO -     ["container
[2025-03-26T13:46:24.144+0000] {docker.py:69} INFO - "]=>
[2025-03-26T13:46:24.145+0000] {docker.py:69} INFO -     string(8) "
[2025-03-26T13:46:24.163+0000] {docker.py:69} INFO - php-app1
[2025-03-26T13:46:24.164+0000] {docker.py:69} INFO - "
[2025-03-26T13:46:24.170+0000] {docker.py:69} INFO -     ["timestamp"
[2025-03-26T13:46:24.172+0000] {docker.py:69} INFO - ]=>
[2025-03-26T13:46:24.184+0000] {docker.py:69} INFO - int(1742996302)
[2025-03-26T13:46:24.188+0000] {docker.py:69} INFO - 
[2025-03-26T13:46:24.190+0000] {docker.py:69} INFO - }
[2025-03-26T13:46:24.190+0000] {docker.py:69} INFO -   [6]=>
[2025-03-26T13:46:24.210+0000] {docker.py:69} INFO -   object(stdClass)#8 (3) {
[2025-03-26T13:46:24.211+0000] {docker.py:69} INFO -     ["contador"]=>
[2025-03-26T13:46:24.211+0000] {docker.py:69} INFO -     int(1)
[2025-03-26T13:46:24.211+0000] {docker.py:69} INFO -     ["container"]=>
[2025-03-26T13:46:24.212+0000] {docker.py:69} INFO -     string(8) "php-app1"
[2025-03-26T13:46:24.223+0000] {docker.py:69} INFO -     ["timestamp"]=>
[2025-03-26T13:46:24.223+0000] {docker.py:69} INFO -     int(1742996302)
[2025-03-26T13:46:24.224+0000] {docker.py:69} INFO -   }
[2025-03-26T13:46:24.224+0000] {docker.py:69} INFO -   [7]=>
[2025-03-26T13:46:24.224+0000] {docker.py:69} INFO -   object(stdClass)#9 (3) {
[2025-03-26T13:46:24.225+0000] {docker.py:69} INFO -     ["contador"]=>
[2025-03-26T13:46:24.225+0000] {docker.py:69} INFO -     int(1)
[2025-03-26T13:46:24.225+0000] {docker.py:69} INFO -     ["container"]=>
[2025-03-26T13:46:24.226+0000] {docker.py:69} INFO -     string(8) "php-app2"
[2025-03-26T13:46:24.226+0000] {docker.py:69} INFO -     ["timestamp"]=>
[2025-03-26T13:46:24.227+0000] {docker.py:69} INFO -     int(1742996303)
[2025-03-26T13:46:24.227+0000] {docker.py:69} INFO -   }
[2025-03-26T13:46:24.228+0000] {docker.py:69} INFO -   [8]=>
[2025-03-26T13:46:24.228+0000] {docker.py:69} INFO -   object(stdClass)#10 (3) {
[2025-03-26T13:46:24.228+0000] {docker.py:69} INFO -     ["contador"]=>
[2025-03-26T13:46:24.229+0000] {docker.py:69} INFO -     int(1)
[2025-03-26T13:46:24.229+0000] {docker.py:69} INFO -     ["container"]=>
[2025-03-26T13:46:24.231+0000] {docker.py:69} INFO -     string(8) "php-app1"
[2025-03-26T13:46:24.231+0000] {docker.py:69} INFO -     ["timestamp"]=>
[2025-03-26T13:46:24.232+0000] {docker.py:69} INFO -     int(1742996304)
[2025-03-26T13:46:24.232+0000] {docker.py:69} INFO -   }
[2025-03-26T13:46:24.232+0000] {docker.py:69} INFO -   [9]=>
[2025-03-26T13:46:24.233+0000] {docker.py:69} INFO -   object(stdClass)#11 (3) {
[2025-03-26T13:46:24.233+0000] {docker.py:69} INFO -     ["contador"]=>
[2025-03-26T13:46:24.233+0000] {docker.py:69} INFO -     int(1)
[2025-03-26T13:46:24.234+0000] {docker.py:69} INFO -     ["container"]=>
[2025-03-26T13:46:24.234+0000] {docker.py:69} INFO -     string(8) "php-app2"
[2025-03-26T13:46:24.234+0000] {docker.py:69} INFO -     ["timestamp"]=>
[2025-03-26T13:46:24.235+0000] {docker.py:69} INFO -     int(1742996305)
[2025-03-26T13:46:24.235+0000] {docker.py:69} INFO -   }
[2025-03-26T13:46:24.235+0000] {docker.py:69} INFO -   [10]=>
[2025-03-26T13:46:24.236+0000] {docker.py:69} INFO -   object(stdClass)#12 (3) {
[2025-03-26T13:46:24.236+0000] {docker.py:69} INFO -     ["contador"]=>
[2025-03-26T13:46:24.237+0000] {docker.py:69} INFO -     int(1)
[2025-03-26T13:46:24.237+0000] {docker.py:69} INFO -     ["container"]=>
[2025-03-26T13:46:24.237+0000] {docker.py:69} INFO -     string(8) "php-app2"
[2025-03-26T13:46:24.239+0000] {docker.py:69} INFO -     ["timestamp"]=>
[2025-03-26T13:46:24.239+0000] {docker.py:69} INFO -     int(1742996305)
[2025-03-26T13:46:24.239+0000] {docker.py:69} INFO -   }
[2025-03-26T13:46:24.240+0000] {docker.py:69} INFO -   [11]=>
[2025-03-26T13:46:24.240+0000] {docker.py:69} INFO -   object(stdClass)#13 (3) {
[2025-03-26T13:46:24.241+0000] {docker.py:69} INFO -     ["contador"]=>
[2025-03-26T13:46:24.241+0000] {docker.py:69} INFO -     int(1)
[2025-03-26T13:46:24.241+0000] {docker.py:69} INFO -     ["container"]=>
[2025-03-26T13:46:24.242+0000] {docker.py:69} INFO -     string(8) "php-app1"
[2025-03-26T13:46:24.242+0000] {docker.py:69} INFO -     ["timestamp"]=>
[2025-03-26T13:46:24.243+0000] {docker.py:69} INFO -     int(1742996305)
[2025-03-26T13:46:24.243+0000] {docker.py:69} INFO -   }
[2025-03-26T13:46:24.243+0000] {docker.py:69} INFO -   [12]=>
[2025-03-26T13:46:24.244+0000] {docker.py:69} INFO -   object(stdClass)#14 (3) {
[2025-03-26T13:46:24.244+0000] {docker.py:69} INFO -     ["contador"]=>
[2025-03-26T13:46:24.245+0000] {docker.py:69} INFO -     int(1)
[2025-03-26T13:46:24.245+0000] {docker.py:69} INFO -     ["container"]=>
[2025-03-26T13:46:24.247+0000] {docker.py:69} INFO -     string(8) "php-app1"
[2025-03-26T13:46:24.247+0000] {docker.py:69} INFO -     ["timestamp"]=>
[2025-03-26T13:46:24.248+0000] {docker.py:69} INFO -     int(1742996309)
[2025-03-26T13:46:24.248+0000] {docker.py:69} INFO -   }
[2025-03-26T13:46:24.248+0000] {docker.py:69} INFO -   [13]=>
[2025-03-26T13:46:24.249+0000] {docker.py:69} INFO -   object(stdClass)#15 (3) {
[2025-03-26T13:46:24.249+0000] {docker.py:69} INFO -     ["contador"]=>
[2025-03-26T13:46:24.249+0000] {docker.py:69} INFO -     int(1)
[2025-03-26T13:46:24.250+0000] {docker.py:69} INFO -     ["container"]=>
[2025-03-26T13:46:24.250+0000] {docker.py:69} INFO -     string(8) "php-app1"
[2025-03-26T13:46:24.250+0000] {docker.py:69} INFO -     ["timestamp"]=>
[2025-03-26T13:46:24.251+0000] {docker.py:69} INFO -     int(1742996309)
[2025-03-26T13:46:24.251+0000] {docker.py:69} INFO -   }
[2025-03-26T13:46:24.252+0000] {docker.py:69} INFO -   [14]=>
[2025-03-26T13:46:24.252+0000] {docker.py:69} INFO -   object(stdClass)#16 (3) {
[2025-03-26T13:46:24.252+0000] {docker.py:69} INFO -     ["contador"]=>
[2025-03-26T13:46:24.253+0000] {docker.py:69} INFO -     int(1)
[2025-03-26T13:46:24.253+0000] {docker.py:69} INFO -     ["container"]=>
[2025-03-26T13:46:24.253+0000] {docker.py:69} INFO -     string(8) "php-app2"
[2025-03-26T13:46:24.255+0000] {docker.py:69} INFO -     ["timestamp"]=>
[2025-03-26T13:46:24.255+0000] {docker.py:69} INFO -     int(1742996309)
[2025-03-26T13:46:24.256+0000] {docker.py:69} INFO -   }
[2025-03-26T13:46:24.256+0000] {docker.py:69} INFO -   [15]=>
[2025-03-26T13:46:24.257+0000] {docker.py:69} INFO -   object(stdClass)#17 (3) {
[2025-03-26T13:46:24.259+0000] {docker.py:69} INFO -     ["contador"]=>
[2025-03-26T13:46:24.261+0000] {docker.py:69} INFO -     int(1)
[2025-03-26T13:46:24.262+0000] {docker.py:69} INFO -     ["container"]=>
[2025-03-26T13:46:24.263+0000] {docker.py:69} INFO -     string(8) "php-app2"
[2025-03-26T13:46:24.263+0000] {docker.py:69} INFO -     ["timestamp"]=>
[2025-03-26T13:46:24.264+0000] {docker.py:69} INFO -     int(1742996309)
[2025-03-26T13:46:24.266+0000] {docker.py:69} INFO -   }
[2025-03-26T13:46:24.267+0000] {docker.py:69} INFO -   [16]=>
[2025-03-26T13:46:24.268+0000] {docker.py:69} INFO -   object(stdClass)#18 (3) {
[2025-03-26T13:46:24.268+0000] {docker.py:69} INFO -     ["contador"]=>
[2025-03-26T13:46:24.269+0000] {docker.py:69} INFO -     int(1)
[2025-03-26T13:46:24.269+0000] {docker.py:69} INFO -     ["container"]=>
[2025-03-26T13:46:24.270+0000] {docker.py:69} INFO -     string(8) "php-app1"
[2025-03-26T13:46:24.272+0000] {docker.py:69} INFO -     ["timestamp"]=>
[2025-03-26T13:46:24.275+0000] {docker.py:69} INFO -     int(1742996310)
[2025-03-26T13:46:24.277+0000] {docker.py:69} INFO -   }
[2025-03-26T13:46:24.278+0000] {docker.py:69} INFO -   [17]=>
[2025-03-26T13:46:24.279+0000] {docker.py:69} INFO -   object(stdClass)#19 (3) {
[2025-03-26T13:46:24.280+0000] {docker.py:69} INFO -     ["contador"]=>
[2025-03-26T13:46:24.281+0000] {docker.py:69} INFO -     int(1)
[2025-03-26T13:46:24.281+0000] {docker.py:69} INFO -     ["container"]=>
[2025-03-26T13:46:24.282+0000] {docker.py:69} INFO -     string(8) "php-app2"
[2025-03-26T13:46:24.283+0000] {docker.py:69} INFO -     [
[2025-03-26T13:46:24.285+0000] {docker.py:69} INFO - "timestamp"]=>
[2025-03-26T13:46:24.286+0000] {docker.py:69} INFO -     int(1742996310)
[2025-03-26T13:46:24.287+0000] {docker.py:69} INFO -   }
[2025-03-26T13:46:24.287+0000] {docker.py:69} INFO -   [18]=>
[2025-03-26T13:46:24.288+0000] {docker.py:69} INFO -   object(stdClass)#20 (3) {
[2025-03-26T13:46:24.288+0000] {docker.py:69} INFO -     ["contador"]=>
[2025-03-26T13:46:24.288+0000] {docker.py:69} INFO -     int(1)
[2025-03-26T13:46:24.289+0000] {docker.py:69} INFO -     ["container"]=>
[2025-03-26T13:46:24.289+0000] {docker.py:69} INFO -     string(8) "php-app2"
[2025-03-26T13:46:24.290+0000] {docker.py:69} INFO -     ["timestamp"]=>
[2025-03-26T13:46:24.290+0000] {docker.py:69} INFO -     int(1742996310)
[2025-03-26T13:46:24.291+0000] {docker.py:69} INFO -   }
[2025-03-26T13:46:24.291+0000] {docker.py:69} INFO -   [19]=>
[2025-03-26T13:46:24.292+0000] {docker.py:69} INFO -   object(stdClass)#21 (3) {
[2025-03-26T13:46:24.292+0000] {docker.py:69} INFO -     ["contador"]=>
[2025-03-26T13:46:24.293+0000] {docker.py:69} INFO -     int(1)
[2025-03-26T13:46:24.293+0000] {docker.py:69} INFO -     ["container"]=>
[2025-03-26T13:46:24.294+0000] {docker.py:69} INFO -     string(8) "php-app1"
[2025-03-26T13:46:24.294+0000] {docker.py:69} INFO -     ["timestamp"]=>
[2025-03-26T13:46:24.295+0000] {docker.py:69} INFO -     int(1742996311)
[2025-03-26T13:46:24.295+0000] {docker.py:69} INFO -   }
[2025-03-26T13:46:24.296+0000] {docker.py:69} INFO -   [20]=>
[2025-03-26T13:46:24.296+0000] {docker.py:69} INFO -   object(stdClass)#22 (3) {
[2025-03-26T13:46:24.297+0000] {docker.py:69} INFO -     ["contador"]=>
[2025-03-26T13:46:24.297+0000] {docker.py:69} INFO -     int(1)
[2025-03-26T13:46:24.297+0000] {docker.py:69} INFO -     ["container"]=>
[2025-03-26T13:46:24.298+0000] {docker.py:69} INFO -     string(8) "php-app1"
[2025-03-26T13:46:24.298+0000] {docker.py:69} INFO -     ["timestamp"]=>
[2025-03-26T13:46:24.299+0000] {docker.py:69} INFO -     int(1742996311)
[2025-03-26T13:46:24.299+0000] {docker.py:69} INFO -   }
[2025-03-26T13:46:24.300+0000] {docker.py:69} INFO -   [21]=>
[2025-03-26T13:46:24.300+0000] {docker.py:69} INFO -   object(stdClass)#23 (3) {
[2025-03-26T13:46:24.301+0000] {docker.py:69} INFO -     ["contador"]=>
[2025-03-26T13:46:24.302+0000] {docker.py:69} INFO -     int(1)
[2025-03-26T13:46:24.302+0000] {docker.py:69} INFO -     ["container"]=>
[2025-03-26T13:46:24.303+0000] {docker.py:69} INFO -     string(8) "php-app2"
[2025-03-26T13:46:24.303+0000] {docker.py:69} INFO -     ["timestamp"]=>
[2025-03-26T13:46:24.304+0000] {docker.py:69} INFO -     int(1742996312)
[2025-03-26T13:46:24.304+0000] {docker.py:69} INFO -   }
[2025-03-26T13:46:24.305+0000] {docker.py:69} INFO -   [22]=>
[2025-03-26T13:46:24.305+0000] {docker.py:69} INFO -   object(stdClass)#24 (3) {
[2025-03-26T13:46:24.306+0000] {docker.py:69} INFO -     ["contador"]=>
[2025-03-26T13:46:24.306+0000] {docker.py:69} INFO -     int(1)
[2025-03-26T13:46:24.307+0000] {docker.py:69} INFO -     ["container"]=>
[2025-03-26T13:46:24.307+0000] {docker.py:69} INFO -     string(8) "php-app1"
[2025-03-26T13:46:24.308+0000] {docker.py:69} INFO -     ["timestamp"]=>
[2025-03-26T13:46:24.309+0000] {docker.py:69} INFO -     int(1742996313)
[2025-03-26T13:46:24.310+0000] {docker.py:69} INFO -   }
[2025-03-26T13:46:24.311+0000] {docker.py:69} INFO -   [23]=>
[2025-03-26T13:46:24.312+0000] {docker.py:69} INFO -   object(stdClass)#25 (3) {
[2025-03-26T13:46:24.314+0000] {docker.py:69} INFO -     ["contador"]=>
[2025-03-26T13:46:24.315+0000] {docker.py:69} INFO -     int(1)
[2025-03-26T13:46:24.316+0000] {docker.py:69} INFO -     ["container"]=>
[2025-03-26T13:46:24.316+0000] {docker.py:69} INFO -     string(8) "php-app1"
[2025-03-26T13:46:24.317+0000] {docker.py:69} INFO -     ["timestamp"]=>
[2025-03-26T13:46:24.317+0000] {docker.py:69} INFO -     int(1742996751)
[2025-03-26T13:46:24.317+0000] {docker.py:69} INFO -   }
[2025-03-26T13:46:24.318+0000] {docker.py:69} INFO -   [24]=>
[2025-03-26T13:46:24.318+0000] {docker.py:69} INFO -   object(stdClass)#26 (3) {
[2025-03-26T13:46:24.319+0000] {docker.py:69} INFO -     ["contador"]=>
[2025-03-26T13:46:24.319+0000] {docker.py:69} INFO -     int(1)
[2025-03-26T13:46:24.320+0000] {docker.py:69} INFO -     ["container"]=>
[2025-03-26T13:46:24.320+0000] {docker.py:69} INFO -     string(8) "php-app2"
[2025-03-26T13:46:24.320+0000] {docker.py:69} INFO -     ["timestamp"]=>
[2025-03-26T13:46:24.321+0000] {docker.py:69} INFO -     int(1742996751)
[2025-03-26T13:46:24.321+0000] {docker.py:69} INFO -   }
[2025-03-26T13:46:24.322+0000] {docker.py:69} INFO -   [25]=>
[2025-03-26T13:46:24.322+0000] {docker.py:69} INFO -   object(stdClass)#27 (3) {
[2025-03-26T13:46:24.322+0000] {docker.py:69} INFO -     ["contador"]=>
[2025-03-26T13:46:24.323+0000] {docker.py:69} INFO -     int(1)
[2025-03-26T13:46:24.323+0000] {docker.py:69} INFO -     ["container"]=>
[2025-03-26T13:46:24.323+0000] {docker.py:69} INFO -     string(8) "php-app2"
[2025-03-26T13:46:24.324+0000] {docker.py:69} INFO -     ["timestamp"]=>
[2025-03-26T13:46:24.324+0000] {docker.py:69} INFO -     int(1742996756)
[2025-03-26T13:46:24.325+0000] {docker.py:69} INFO -   }
[2025-03-26T13:46:24.325+0000] {docker.py:69} INFO -   [26]=>
[2025-03-26T13:46:24.325+0000] {docker.py:69} INFO -   object(stdClass)#28 (3) {
[2025-03-26T13:46:24.326+0000] {docker.py:69} INFO -     ["contador"]=>
[2025-03-26T13:46:24.326+0000] {docker.py:69} INFO -     int(1)
[2025-03-26T13:46:24.327+0000] {docker.py:69} INFO -     ["container"]=>
[2025-03-26T13:46:24.327+0000] {docker.py:69} INFO -     string(8) "php-app1"
[2025-03-26T13:46:24.327+0000] {docker.py:69} INFO -     ["timestamp"]=>
[2025-03-26T13:46:24.328+0000] {docker.py:69} INFO -     int(1742996756)
[2025-03-26T13:46:24.328+0000] {docker.py:69} INFO -   }
[2025-03-26T13:46:24.328+0000] {docker.py:69} INFO -   [27]=>
[2025-03-26T13:46:24.329+0000] {docker.py:69} INFO -   object(stdClass)#29 (3) {
[2025-03-26T13:46:24.329+0000] {docker.py:69} INFO -     ["contador"]=>
[2025-03-26T13:46:24.330+0000] {docker.py:69} INFO -     int(1)
[2025-03-26T13:46:24.330+0000] {docker.py:69} INFO -     ["container"]=>
[2025-03-26T13:46:24.330+0000] {docker.py:69} INFO -     string(8) "php-app1"
[2025-03-26T13:46:24.331+0000] {docker.py:69} INFO -     ["timestamp"]=>
[2025-03-26T13:46:24.331+0000] {docker.py:69} INFO -     int(1742996757)
[2025-03-26T13:46:24.334+0000] {docker.py:69} INFO -   }
[2025-03-26T13:46:24.335+0000] {docker.py:69} INFO -   [28]=>
[2025-03-26T13:46:24.336+0000] {docker.py:69} INFO -   object(stdClass)#30 (3) {
[2025-03-26T13:46:24.336+0000] {docker.py:69} INFO -     ["contador"]=>
[2025-03-26T13:46:24.337+0000] {docker.py:69} INFO -     int(1)
[2025-03-26T13:46:24.337+0000] {docker.py:69} INFO -     ["container"]=>
[2025-03-26T13:46:24.337+0000] {docker.py:69} INFO -     string(8) "php-app2"
[2025-03-26T13:46:24.338+0000] {docker.py:69} INFO -     ["timestamp"]=>
[2025-03-26T13:46:24.338+0000] {docker.py:69} INFO -     int(1742996757)
[2025-03-26T13:46:24.339+0000] {docker.py:69} INFO -   }
[2025-03-26T13:46:24.339+0000] {docker.py:69} INFO -   [29]=>
[2025-03-26T13:46:24.339+0000] {docker.py:69} INFO -   object(stdClass)#31 (3) {
[2025-03-26T13:46:24.340+0000] {docker.py:69} INFO -     ["contador"]=>
[2025-03-26T13:46:24.340+0000] {docker.py:69} INFO -     int(1)
[2025-03-26T13:46:24.340+0000] {docker.py:69} INFO -     ["container"]=>
[2025-03-26T13:46:24.341+0000] {docker.py:69} INFO -     string(8) "php-app2"
[2025-03-26T13:46:24.341+0000] {docker.py:69} INFO -     ["timestamp"]=>
[2025-03-26T13:46:24.342+0000] {docker.py:69} INFO -     int(1742996758)
[2025-03-26T13:46:24.343+0000] {docker.py:69} INFO -   }
[2025-03-26T13:46:24.343+0000] {docker.py:69} INFO -   [30]=>
[2025-03-26T13:46:24.343+0000] {docker.py:69} INFO -   object(stdClass)#32 (3) {
[2025-03-26T13:46:24.344+0000] {docker.py:69} INFO -     ["contador"]=>
[2025-03-26T13:46:24.344+0000] {docker.py:69} INFO -     int(1)
[2025-03-26T13:46:24.345+0000] {docker.py:69} INFO -     ["container"]=>
[2025-03-26T13:46:24.345+0000] {docker.py:69} INFO -     string(8) "php-app1"
[2025-03-26T13:46:24.346+0000] {docker.py:69} INFO -     ["timestamp"]=>
[2025-03-26T13:46:24.346+0000] {docker.py:69} INFO -     int(1742996760)
[2025-03-26T13:46:24.347+0000] {docker.py:69} INFO -   }
[2025-03-26T13:46:24.347+0000] {docker.py:69} INFO -   [31]=>
[2025-03-26T13:46:24.348+0000] {docker.py:69} INFO -   object(stdClass)#33 (3) {
[2025-03-26T13:46:24.348+0000] {docker.py:69} INFO -     ["contador"]=>
[2025-03-26T13:46:24.349+0000] {docker.py:69} INFO -     int(1)
[2025-03-26T13:46:24.351+0000] {docker.py:69} INFO -     ["container"]=>
[2025-03-26T13:46:24.351+0000] {docker.py:69} INFO -     string(8) "php-app2"
[2025-03-26T13:46:24.357+0000] {docker.py:69} INFO -     ["timestamp"]=>
[2025-03-26T13:46:24.358+0000] {docker.py:69} INFO -     int(1742996760)
[2025-03-26T13:46:24.358+0000] {docker.py:69} INFO -   }
[2025-03-26T13:46:24.359+0000] {docker.py:69} INFO -   [32]=>
[2025-03-26T13:46:24.360+0000] {docker.py:69} INFO -   object(stdClass)#34 (3) {
[2025-03-26T13:46:24.362+0000] {docker.py:69} INFO -     ["contador"]=>
[2025-03-26T13:46:24.363+0000] {docker.py:69} INFO -     int(1)
[2025-03-26T13:46:24.364+0000] {docker.py:69} INFO -     ["container"]=>
[2025-03-26T13:46:24.365+0000] {docker.py:69} INFO -     string(8) "php-app2"
[2025-03-26T13:46:24.366+0000] {docker.py:69} INFO -     ["timestamp"]=>
[2025-03-26T13:46:24.367+0000] {docker.py:69} INFO -     int(1742996761)
[2025-03-26T13:46:24.367+0000] {docker.py:69} INFO -   }
[2025-03-26T13:46:24.368+0000] {docker.py:69} INFO -   [33]=>
[2025-03-26T13:46:24.369+0000] {docker.py:69} INFO -   object(stdClass)#35 (3) {
[2025-03-26T13:46:24.369+0000] {docker.py:69} INFO -     ["contador"]=>
[2025-03-26T13:46:24.371+0000] {docker.py:69} INFO -     int(1)
[2025-03-26T13:46:24.371+0000] {docker.py:69} INFO -     ["container"]=>
[2025-03-26T13:46:24.373+0000] {docker.py:69} INFO -     string(8) "php-app1"
[2025-03-26T13:46:24.373+0000] {docker.py:69} INFO -     ["timestamp"]=>
[2025-03-26T13:46:24.374+0000] {docker.py:69} INFO -     int(1742996762)
[2025-03-26T13:46:24.374+0000] {docker.py:69} INFO -   }
[2025-03-26T13:46:24.374+0000] {docker.py:69} INFO -   [34]=>
[2025-03-26T13:46:24.375+0000] {docker.py:69} INFO -   object(stdClass)#36 (3) {
[2025-03-26T13:46:24.375+0000] {docker.py:69} INFO -     ["contador"]=>
[2025-03-26T13:46:24.376+0000] {docker.py:69} INFO -     int(1)
[2025-03-26T13:46:24.376+0000] {docker.py:69} INFO -     ["container"]=>
[2025-03-26T13:46:24.377+0000] {docker.py:69} INFO -     string(8) "php-app2"
[2025-03-26T13:46:24.378+0000] {docker.py:69} INFO -     ["timestamp"]=>
[2025-03-26T13:46:24.378+0000] {docker.py:69} INFO -     int(1742996762)
[2025-03-26T13:46:24.379+0000] {docker.py:69} INFO -   }
[2025-03-26T13:46:24.379+0000] {docker.py:69} INFO -   [35]=>
[2025-03-26T13:46:24.379+0000] {docker.py:69} INFO -   object(stdClass)#37 (3) {
[2025-03-26T13:46:24.381+0000] {docker.py:69} INFO -     ["contador"]=>
[2025-03-26T13:46:24.381+0000] {docker.py:69} INFO -     int(1)
[2025-03-26T13:46:24.382+0000] {docker.py:69} INFO -     ["container"]=>
[2025-03-26T13:46:24.382+0000] {docker.py:69} INFO -     string(8) "php-app1"
[2025-03-26T13:46:24.385+0000] {docker.py:69} INFO -     ["timestamp"]=>
[2025-03-26T13:46:24.386+0000] {docker.py:69} INFO -     int(1742996763)
[2025-03-26T13:46:24.387+0000] {docker.py:69} INFO -   }
[2025-03-26T13:46:24.387+0000] {docker.py:69} INFO -   [36]=>
[2025-03-26T13:46:24.388+0000] {docker.py:69} INFO -   object(stdClass)#38 (3) {
[2025-03-26T13:46:24.388+0000] {docker.py:69} INFO -     ["contador"]=>
[2025-03-26T13:46:24.388+0000] {docker.py:69} INFO -     int(1)
[2025-03-26T13:46:24.390+0000] {docker.py:69} INFO -     ["container"]=>
[2025-03-26T13:46:24.390+0000] {docker.py:69} INFO -     string(8) "php-app1"
[2025-03-26T13:46:24.391+0000] {docker.py:69} INFO -     ["timestamp"]=>
[2025-03-26T13:46:24.391+0000] {docker.py:69} INFO -     int(1742996763)
[2025-03-26T13:46:24.392+0000] {docker.py:69} INFO -   }
[2025-03-26T13:46:24.392+0000] {docker.py:69} INFO -   [37]=>
[2025-03-26T13:46:24.408+0000] {docker.py:69} INFO -   object(stdClass)#39 (3) {
[2025-03-26T13:46:24.408+0000] {docker.py:69} INFO -     ["contador"]=>
[2025-03-26T13:46:24.409+0000] {docker.py:69} INFO -     int(1)
[2025-03-26T13:46:24.409+0000] {docker.py:69} INFO -     ["container"]=>
[2025-03-26T13:46:24.410+0000] {docker.py:69} INFO -     string(8) "php-app2"
[2025-03-26T13:46:24.410+0000] {docker.py:69} INFO -     ["timestamp"]=>
[2025-03-26T13:46:24.411+0000] {docker.py:69} INFO -     int(1742996771)
[2025-03-26T13:46:24.411+0000] {docker.py:69} INFO -   }
[2025-03-26T13:46:24.414+0000] {docker.py:69} INFO -   [38]=>
[2025-03-26T13:46:24.415+0000] {docker.py:69} INFO -   object(stdClass)#40 (3) {
[2025-03-26T13:46:24.415+0000] {docker.py:69} INFO -     ["contador"]=>
[2025-03-26T13:46:24.416+0000] {docker.py:69} INFO -     int(1)
[2025-03-26T13:46:24.416+0000] {docker.py:69} INFO -     ["container"]=>
[2025-03-26T13:46:24.416+0000] {docker.py:69} INFO -     string(8) "php-app2"
[2025-03-26T13:46:24.419+0000] {docker.py:69} INFO -     ["timestamp"]=>
[2025-03-26T13:46:24.419+0000] {docker.py:69} INFO -     int(1742996773)
[2025-03-26T13:46:24.420+0000] {docker.py:69} INFO -   }
[2025-03-26T13:46:24.421+0000] {docker.py:69} INFO -   [39]=>
[2025-03-26T13:46:24.421+0000] {docker.py:69} INFO -   object(stdClass)#41 (3) {
[2025-03-26T13:46:24.422+0000] {docker.py:69} INFO -     ["contador"]=>
[2025-03-26T13:46:24.422+0000] {docker.py:69} INFO -     int(1)
[2025-03-26T13:46:24.422+0000] {docker.py:69} INFO -     ["container"]=>
[2025-03-26T13:46:24.423+0000] {docker.py:69} INFO -     string(8) "php-app1"
[2025-03-26T13:46:24.424+0000] {docker.py:69} INFO -     ["timestamp"]=>
[2025-03-26T13:46:24.424+0000] {docker.py:69} INFO -     int(1742996773)
[2025-03-26T13:46:24.425+0000] {docker.py:69} INFO -   }
[2025-03-26T13:46:24.425+0000] {docker.py:69} INFO -   [40]=>
[2025-03-26T13:46:24.427+0000] {docker.py:69} INFO -   object(stdClass)#42 (3) {
[2025-03-26T13:46:24.428+0000] {docker.py:69} INFO -     ["contador"]=>
[2025-03-26T13:46:24.429+0000] {docker.py:69} INFO -     int(1)
[2025-03-26T13:46:24.429+0000] {docker.py:69} INFO -     ["container"]=>
[2025-03-26T13:46:24.430+0000] {docker.py:69} INFO -     string(8) "php-app1"
[2025-03-26T13:46:24.430+0000] {docker.py:69} INFO -     ["timestamp"]=>
[2025-03-26T13:46:24.431+0000] {docker.py:69} INFO -     int(1742996775)
[2025-03-26T13:46:24.431+0000] {docker.py:69} INFO -   }
[2025-03-26T13:46:24.432+0000] {docker.py:69} INFO -   [41]=>
[2025-03-26T13:46:24.433+0000] {docker.py:69} INFO -   object(stdClass)#43 (3) {
[2025-03-26T13:46:24.434+0000] {docker.py:69} INFO -     ["contador"]=>
[2025-03-26T13:46:24.435+0000] {docker.py:69} INFO -     int(1)
[2025-03-26T13:46:24.435+0000] {docker.py:69} INFO -     ["container"]=>
[2025-03-26T13:46:24.436+0000] {docker.py:69} INFO -     string(8) "php-app2"
[2025-03-26T13:46:24.436+0000] {docker.py:69} INFO -     ["timestamp"]=>
[2025-03-26T13:46:24.437+0000] {docker.py:69} INFO -     int(1742996775)
[2025-03-26T13:46:24.438+0000] {docker.py:69} INFO -   }
[2025-03-26T13:46:24.438+0000] {docker.py:69} INFO -   [42]=>
[2025-03-26T13:46:24.439+0000] {docker.py:69} INFO -   object(stdClass)#44 (3) {
[2025-03-26T13:46:24.439+0000] {docker.py:69} INFO -     ["contador"]=>
[2025-03-26T13:46:24.440+0000] {docker.py:69} INFO -     int(1)
[2025-03-26T13:46:24.440+0000] {docker.py:69} INFO -     ["container"]=>
[2025-03-26T13:46:24.441+0000] {docker.py:69} INFO -     string(8) "php-app2"
[2025-03-26T13:46:24.441+0000] {docker.py:69} INFO -     ["timestamp"]=>
[2025-03-26T13:46:24.442+0000] {docker.py:69} INFO -     int(1742996775)
[2025-03-26T13:46:24.442+0000] {docker.py:69} INFO -   }
[2025-03-26T13:46:24.443+0000] {docker.py:69} INFO -   [43]=>
[2025-03-26T13:46:24.443+0000] {docker.py:69} INFO -   object(stdClass)#45 (3) {
[2025-03-26T13:46:24.443+0000] {docker.py:69} INFO -     ["contador"]=>
[2025-03-26T13:46:24.444+0000] {docker.py:69} INFO -     int(1)
[2025-03-26T13:46:24.444+0000] {docker.py:69} INFO -     ["container"]=>
[2025-03-26T13:46:24.445+0000] {docker.py:69} INFO -     string(8) "php-app1"
[2025-03-26T13:46:24.446+0000] {docker.py:69} INFO -     ["timestamp"]=>
[2025-03-26T13:46:24.446+0000] {docker.py:69} INFO -     int(1742996777)
[2025-03-26T13:46:24.446+0000] {docker.py:69} INFO -   }
[2025-03-26T13:46:24.447+0000] {docker.py:69} INFO -   [44]=>
[2025-03-26T13:46:24.447+0000] {docker.py:69} INFO -   object(stdClass)#46 (3) {
[2025-03-26T13:46:24.448+0000] {docker.py:69} INFO -     ["contador"]=>
[2025-03-26T13:46:24.449+0000] {docker.py:69} INFO -     int(1)
[2025-03-26T13:46:24.449+0000] {docker.py:69} INFO -     ["container"]=>
[2025-03-26T13:46:24.450+0000] {docker.py:69} INFO -     string(8) "php-app1"
[2025-03-26T13:46:24.450+0000] {docker.py:69} INFO -     ["timestamp"]=>
[2025-03-26T13:46:24.451+0000] {docker.py:69} INFO -     int(1742996779)
[2025-03-26T13:46:24.451+0000] {docker.py:69} INFO -   }
[2025-03-26T13:46:24.452+0000] {docker.py:69} INFO -   [45]=>
[2025-03-26T13:46:24.452+0000] {docker.py:69} INFO -   object(stdClass)#47 (3) {
[2025-03-26T13:46:24.452+0000] {docker.py:69} INFO -     ["contador"]=>
[2025-03-26T13:46:24.453+0000] {docker.py:69} INFO -     int(1)
[2025-03-26T13:46:24.453+0000] {docker.py:69} INFO -     ["container"]=>
[2025-03-26T13:46:24.453+0000] {docker.py:69} INFO -     string(8) "php-app2"
[2025-03-26T13:46:24.454+0000] {docker.py:69} INFO -     ["timestamp"]=>
[2025-03-26T13:46:24.454+0000] {docker.py:69} INFO -     int(1742996779)
[2025-03-26T13:46:24.454+0000] {docker.py:69} INFO -   }
[2025-03-26T13:46:24.455+0000] {docker.py:69} INFO -   [46]=>
[2025-03-26T13:46:24.455+0000] {docker.py:69} INFO -   object(stdClass)#48 (3) {
[2025-03-26T13:46:24.455+0000] {docker.py:69} INFO -     ["contador"]=>
[2025-03-26T13:46:24.455+0000] {docker.py:69} INFO -     int(1)
[2025-03-26T13:46:24.456+0000] {docker.py:69} INFO -     ["container"]=>
[2025-03-26T13:46:24.456+0000] {docker.py:69} INFO -     string(8) "php-app1"
[2025-03-26T13:46:24.456+0000] {docker.py:69} INFO -     ["timestamp"]=>
[2025-03-26T13:46:24.457+0000] {docker.py:69} INFO -     int(1742996781)
[2025-03-26T13:46:24.457+0000] {docker.py:69} INFO -   }
[2025-03-26T13:46:24.457+0000] {docker.py:69} INFO -   [47]=>
[2025-03-26T13:46:24.458+0000] {docker.py:69} INFO -   object(stdClass)#49 (3) {
[2025-03-26T13:46:24.458+0000] {docker.py:69} INFO -     ["contador"]=>
[2025-03-26T13:46:24.458+0000] {docker.py:69} INFO -     int(1)
[2025-03-26T13:46:24.458+0000] {docker.py:69} INFO -     ["container"]=>
[2025-03-26T13:46:24.459+0000] {docker.py:69} INFO -     string(8) "php-app1"
[2025-03-26T13:46:24.459+0000] {docker.py:69} INFO -     ["timestamp"]=>
[2025-03-26T13:46:24.460+0000] {docker.py:69} INFO -     int(1742996781)
[2025-03-26T13:46:24.460+0000] {docker.py:69} INFO -   }
[2025-03-26T13:46:24.460+0000] {docker.py:69} INFO -   [48]=>
[2025-03-26T13:46:24.461+0000] {docker.py:69} INFO -   object(stdClass)#50 (3) {
[2025-03-26T13:46:24.462+0000] {docker.py:69} INFO -     ["contador"]=>
[2025-03-26T13:46:24.462+0000] {docker.py:69} INFO -     int(1)
[2025-03-26T13:46:24.463+0000] {docker.py:69} INFO -     ["container"]=>
[2025-03-26T13:46:24.463+0000] {docker.py:69} INFO -     string(8) "php-app2"
[2025-03-26T13:46:24.464+0000] {docker.py:69} INFO -     ["timestamp"]=>
[2025-03-26T13:46:24.464+0000] {docker.py:69} INFO -     int(1742996781)
[2025-03-26T13:46:24.465+0000] {docker.py:69} INFO -   }
[2025-03-26T13:46:24.465+0000] {docker.py:69} INFO -   [49]=>
[2025-03-26T13:46:24.466+0000] {docker.py:69} INFO -   object(stdClass)#51 (3) {
[2025-03-26T13:46:24.467+0000] {docker.py:69} INFO -     ["contador"]=>
[2025-03-26T13:46:24.467+0000] {docker.py:69} INFO -     int(1)
[2025-03-26T13:46:24.467+0000] {docker.py:69} INFO -     ["container"]=>
[2025-03-26T13:46:24.468+0000] {docker.py:69} INFO -     string(8) "php-app1"
[2025-03-26T13:46:24.468+0000] {docker.py:69} INFO -     ["timestamp"]=>
[2025-03-26T13:46:24.468+0000] {docker.py:69} INFO -     int(1742996783)
[2025-03-26T13:46:24.469+0000] {docker.py:69} INFO -   }
[2025-03-26T13:46:24.469+0000] {docker.py:69} INFO -   [50]=>
[2025-03-26T13:46:24.469+0000] {docker.py:69} INFO -   object(stdClass)#52 (3) {
[2025-03-26T13:46:24.470+0000] {docker.py:69} INFO -     ["contador"]=>
[2025-03-26T13:46:24.470+0000] {docker.py:69} INFO -     int(1)
[2025-03-26T13:46:24.470+0000] {docker.py:69} INFO -     ["container"]=>
[2025-03-26T13:46:24.471+0000] {docker.py:69} INFO -     string(8) "php-app2"
[2025-03-26T13:46:24.471+0000] {docker.py:69} INFO -     ["timestamp"]=>
[2025-03-26T13:46:24.471+0000] {docker.py:69} INFO -     int(1742996783)
[2025-03-26T13:46:24.472+0000] {docker.py:69} INFO -   }
[2025-03-26T13:46:24.472+0000] {docker.py:69} INFO -   [51]=>
[2025-03-26T13:46:24.472+0000] {docker.py:69} INFO -   array(3) {
[2025-03-26T13:46:24.473+0000] {docker.py:69} INFO -     ["contador"]=>
[2025-03-26T13:46:24.473+0000] {docker.py:69} INFO -     int(1)
[2025-03-26T13:46:24.473+0000] {docker.py:69} INFO -     ["container"]=>
[2025-03-26T13:46:24.473+0000] {docker.py:69} INFO -     string(8) "php-app1"
[2025-03-26T13:46:24.474+0000] {docker.py:69} INFO -     ["timestamp"]=>
[2025-03-26T13:46:24.474+0000] {docker.py:69} INFO -     int(1742996783)
[2025-03-26T13:46:24.474+0000] {docker.py:69} INFO -   }
[2025-03-26T13:46:24.475+0000] {docker.py:69} INFO - }
[2025-03-26T13:46:27.926+0000] {taskinstance.py:341} INFO - ::group::Post task execution logs
[2025-03-26T13:46:27.927+0000] {taskinstance.py:353} INFO - Marking task as SUCCESS. dag_id=containers1_dag, task_id=php_app1, run_id=scheduled__2025-03-25T01:10:00+00:00, execution_date=20250325T011000, start_date=20250326T134616, end_date=20250326T134627
[2025-03-26T13:46:28.158+0000] {local_task_job_runner.py:266} INFO - Task exited with return code 0
[2025-03-26T13:46:28.255+0000] {taskinstance.py:3901} INFO - 0 downstream tasks scheduled from follow-on schedule check
[2025-03-26T13:46:28.326+0000] {local_task_job_runner.py:245} INFO - ::endgroup::
