[2025-03-26T13:47:02.370+0000] {local_task_job_runner.py:123} INFO - ::group::Pre task execution logs
[2025-03-26T13:47:02.551+0000] {taskinstance.py:2614} INFO - Dependencies all met for dep_context=non-requeueable deps ti=<TaskInstance: containers1_dag.php_app2 scheduled__2025-03-25T02:40:00+00:00 [queued]>
[2025-03-26T13:47:02.578+0000] {taskinstance.py:2614} INFO - Dependencies all met for dep_context=requeueable deps ti=<TaskInstance: containers1_dag.php_app2 scheduled__2025-03-25T02:40:00+00:00 [queued]>
[2025-03-26T13:47:02.579+0000] {taskinstance.py:2867} INFO - Starting attempt 1 of 6
[2025-03-26T13:47:02.759+0000] {taskinstance.py:2890} INFO - Executing <Task(DockerOperator): php_app2> on 2025-03-25 02:40:00+00:00
[2025-03-26T13:47:02.914+0000] {standard_task_runner.py:104} INFO - Running: ['***', 'tasks', 'run', 'containers1_dag', 'php_app2', 'scheduled__2025-03-25T02:40:00+00:00', '--job-id', '86', '--raw', '--subdir', 'DAGS_FOLDER/containers1_dag.py', '--cfg-path', '/tmp/tmpb9pxvdow']
[2025-03-26T13:47:02.947+0000] {standard_task_runner.py:105} INFO - Job 86: Subtask php_app2
[2025-03-26T13:47:02.947+0000] {logging_mixin.py:190} WARNING - /home/***/.local/lib/python3.12/site-packages/***/task/task_runner/standard_task_runner.py:70 DeprecationWarning: This process (pid=776) is multi-threaded, use of fork() may lead to deadlocks in the child.
[2025-03-26T13:47:02.959+0000] {standard_task_runner.py:72} INFO - Started process 794 to run task
[2025-03-26T13:47:03.477+0000] {task_command.py:467} INFO - Running <TaskInstance: containers1_dag.php_app2 scheduled__2025-03-25T02:40:00+00:00 [running]> on host 3d581a580455
[2025-03-26T13:47:04.315+0000] {taskinstance.py:3134} INFO - Exporting env vars: AIRFLOW_CTX_DAG_OWNER='andre' AIRFLOW_CTX_DAG_ID='containers1_dag' AIRFLOW_CTX_TASK_ID='php_app2' AIRFLOW_CTX_EXECUTION_DATE='2025-03-25T02:40:00+00:00' AIRFLOW_CTX_TRY_NUMBER='1' AIRFLOW_CTX_DAG_RUN_ID='scheduled__2025-03-25T02:40:00+00:00'
[2025-03-26T13:47:04.316+0000] {taskinstance.py:732} INFO - ::endgroup::
[2025-03-26T13:47:04.555+0000] {docker.py:345} INFO - Starting docker container from image php-app2
[2025-03-26T13:47:04.568+0000] {docker.py:353} WARNING - Using remote engine or docker-in-docker and mounting temporary volume from host is not supported. Falling back to `mount_tmp_dir=False` mode. You can set `mount_tmp_dir` parameter to False to disable mounting and remove the warning
[2025-03-26T13:47:09.518+0000] {docker.py:69} INFO - array(90) {
[2025-03-26T13:47:09.518+0000] {docker.py:69} INFO -   [0]=>
[2025-03-26T13:47:09.519+0000] {docker.py:69} INFO -   object(stdClass)#2 (3) {
[2025-03-26T13:47:09.520+0000] {docker.py:69} INFO -     ["contador"
[2025-03-26T13:47:09.524+0000] {docker.py:69} INFO - ]=>
[2025-03-26T13:47:09.525+0000] {docker.py:69} INFO -     int(0)
[2025-03-26T13:47:09.526+0000] {docker.py:69} INFO -     ["
[2025-03-26T13:47:09.566+0000] {docker.py:69} INFO - container
[2025-03-26T13:47:09.571+0000] {docker.py:69} INFO - "
[2025-03-26T13:47:09.585+0000] {docker.py:69} INFO - ]=>
[2025-03-26T13:47:09.610+0000] {docker.py:69} INFO - 
[2025-03-26T13:47:09.618+0000] {docker.py:69} INFO - string(8) "
[2025-03-26T13:47:09.628+0000] {docker.py:69} INFO - php-app1"
[2025-03-26T13:47:09.629+0000] {docker.py:69} INFO -     [
[2025-03-26T13:47:09.665+0000] {docker.py:69} INFO - "
[2025-03-26T13:47:09.677+0000] {docker.py:69} INFO - timestamp
[2025-03-26T13:47:09.728+0000] {docker.py:69} INFO - "]=>
[2025-03-26T13:47:09.729+0000] {docker.py:69} INFO -     int(1742852307)
[2025-03-26T13:47:09.730+0000] {docker.py:69} INFO -   }
[2025-03-26T13:47:09.730+0000] {docker.py:69} INFO -   [1]=>
[2025-03-26T13:47:09.731+0000] {docker.py:69} INFO - 
[2025-03-26T13:47:09.767+0000] {docker.py:69} INFO - object(stdClass)#3 (3) {
[2025-03-26T13:47:09.770+0000] {docker.py:69} INFO -     [
[2025-03-26T13:47:09.771+0000] {docker.py:69} INFO - "
[2025-03-26T13:47:09.777+0000] {docker.py:69} INFO - contador"]=>
[2025-03-26T13:47:09.778+0000] {docker.py:69} INFO - int(1)
[2025-03-26T13:47:09.779+0000] {docker.py:69} INFO -     [
[2025-03-26T13:47:09.779+0000] {docker.py:69} INFO - "
[2025-03-26T13:47:09.780+0000] {docker.py:69} INFO - container
[2025-03-26T13:47:09.781+0000] {docker.py:69} INFO - "
[2025-03-26T13:47:09.782+0000] {docker.py:69} INFO - ]=>
[2025-03-26T13:47:09.782+0000] {docker.py:69} INFO - string(8) "
[2025-03-26T13:47:09.783+0000] {docker.py:69} INFO - php-app2
[2025-03-26T13:47:09.784+0000] {docker.py:69} INFO - "
[2025-03-26T13:47:09.785+0000] {docker.py:69} INFO -     [
[2025-03-26T13:47:09.786+0000] {docker.py:69} INFO - "timestamp
[2025-03-26T13:47:09.787+0000] {docker.py:69} INFO - "
[2025-03-26T13:47:09.787+0000] {docker.py:69} INFO - ]=>
[2025-03-26T13:47:09.788+0000] {docker.py:69} INFO - int(1742852309)
[2025-03-26T13:47:09.788+0000] {docker.py:69} INFO -   }
[2025-03-26T13:47:09.789+0000] {docker.py:69} INFO -   [2]=>
[2025-03-26T13:47:09.789+0000] {docker.py:69} INFO - object(stdClass)#4 (3) {
[2025-03-26T13:47:09.790+0000] {docker.py:69} INFO -     [
[2025-03-26T13:47:09.790+0000] {docker.py:69} INFO - "
[2025-03-26T13:47:09.791+0000] {docker.py:69} INFO - contador
[2025-03-26T13:47:09.791+0000] {docker.py:69} INFO - "
[2025-03-26T13:47:09.792+0000] {docker.py:69} INFO - ]=>
[2025-03-26T13:47:09.792+0000] {docker.py:69} INFO -     int(1)
[2025-03-26T13:47:09.793+0000] {docker.py:69} INFO -     [
[2025-03-26T13:47:09.793+0000] {docker.py:69} INFO - "
[2025-03-26T13:47:09.794+0000] {docker.py:69} INFO - container"
[2025-03-26T13:47:09.794+0000] {docker.py:69} INFO - ]=>
[2025-03-26T13:47:09.795+0000] {docker.py:69} INFO -     string(8) "
[2025-03-26T13:47:09.795+0000] {docker.py:69} INFO - php-app1
[2025-03-26T13:47:09.795+0000] {docker.py:69} INFO - "
[2025-03-26T13:47:09.796+0000] {docker.py:69} INFO -     [
[2025-03-26T13:47:09.798+0000] {docker.py:69} INFO - "timestamp
[2025-03-26T13:47:09.798+0000] {docker.py:69} INFO - "
[2025-03-26T13:47:09.799+0000] {docker.py:69} INFO - ]=>
[2025-03-26T13:47:09.799+0000] {docker.py:69} INFO -     int(1742852311)
[2025-03-26T13:47:09.799+0000] {docker.py:69} INFO -   }
[2025-03-26T13:47:09.800+0000] {docker.py:69} INFO -   [3]=>
[2025-03-26T13:47:09.800+0000] {docker.py:69} INFO -   object(stdClass)#5 (3) {
[2025-03-26T13:47:09.801+0000] {docker.py:69} INFO -     [
[2025-03-26T13:47:09.802+0000] {docker.py:69} INFO - "
[2025-03-26T13:47:09.803+0000] {docker.py:69} INFO - contador
[2025-03-26T13:47:09.803+0000] {docker.py:69} INFO - "]=>
[2025-03-26T13:47:09.804+0000] {docker.py:69} INFO -     int(1)
[2025-03-26T13:47:09.804+0000] {docker.py:69} INFO -     ["container
[2025-03-26T13:47:09.805+0000] {docker.py:69} INFO - "
[2025-03-26T13:47:09.805+0000] {docker.py:69} INFO - ]=>
[2025-03-26T13:47:09.806+0000] {docker.py:69} INFO -     string(8) "
[2025-03-26T13:47:09.806+0000] {docker.py:69} INFO - php-app2"
[2025-03-26T13:47:09.807+0000] {docker.py:69} INFO -     ["
[2025-03-26T13:47:09.807+0000] {docker.py:69} INFO - timestamp
[2025-03-26T13:47:09.808+0000] {docker.py:69} INFO - "
[2025-03-26T13:47:09.808+0000] {docker.py:69} INFO - ]=>
[2025-03-26T13:47:09.809+0000] {docker.py:69} INFO -     int(1742852314)
[2025-03-26T13:47:09.809+0000] {docker.py:69} INFO -   }
[2025-03-26T13:47:09.809+0000] {docker.py:69} INFO -   [4]=>
[2025-03-26T13:47:09.810+0000] {docker.py:69} INFO -   object(stdClass)#6 (3) {
[2025-03-26T13:47:09.810+0000] {docker.py:69} INFO -     ["contador
[2025-03-26T13:47:09.811+0000] {docker.py:69} INFO - "]=>
[2025-03-26T13:47:09.811+0000] {docker.py:69} INFO -     int(1)
[2025-03-26T13:47:09.811+0000] {docker.py:69} INFO -     ["
[2025-03-26T13:47:09.812+0000] {docker.py:69} INFO - container"
[2025-03-26T13:47:09.812+0000] {docker.py:69} INFO - ]=>
[2025-03-26T13:47:09.813+0000] {docker.py:69} INFO - string(8) "php-app2
[2025-03-26T13:47:09.813+0000] {docker.py:69} INFO - "
[2025-03-26T13:47:09.814+0000] {docker.py:69} INFO -     ["timestamp"]=>
[2025-03-26T13:47:09.814+0000] {docker.py:69} INFO -     int(1742996301)
[2025-03-26T13:47:09.815+0000] {docker.py:69} INFO - }
[2025-03-26T13:47:09.815+0000] {docker.py:69} INFO -   [5]=>
[2025-03-26T13:47:09.816+0000] {docker.py:69} INFO - object(stdClass)#7 (3) {
[2025-03-26T13:47:09.816+0000] {docker.py:69} INFO -     ["contador"]=>
[2025-03-26T13:47:09.818+0000] {docker.py:69} INFO - int(1)
[2025-03-26T13:47:09.818+0000] {docker.py:69} INFO -     [
[2025-03-26T13:47:09.819+0000] {docker.py:69} INFO - "container
[2025-03-26T13:47:09.820+0000] {docker.py:69} INFO - "]=>
[2025-03-26T13:47:09.820+0000] {docker.py:69} INFO - string(8) "
[2025-03-26T13:47:09.821+0000] {docker.py:69} INFO - php-app1"
[2025-03-26T13:47:09.821+0000] {docker.py:69} INFO -     ["timestamp"]=>
[2025-03-26T13:47:09.822+0000] {docker.py:69} INFO -     int(1742996302)
[2025-03-26T13:47:09.822+0000] {docker.py:69} INFO -   }
[2025-03-26T13:47:09.822+0000] {docker.py:69} INFO -   [6]=>
[2025-03-26T13:47:09.823+0000] {docker.py:69} INFO -   object(stdClass)#8 (3) {
[2025-03-26T13:47:09.823+0000] {docker.py:69} INFO -     ["contador"]=>
[2025-03-26T13:47:09.824+0000] {docker.py:69} INFO -     int(1)
[2025-03-26T13:47:09.824+0000] {docker.py:69} INFO -     ["
[2025-03-26T13:47:09.824+0000] {docker.py:69} INFO - container"]=>
[2025-03-26T13:47:09.825+0000] {docker.py:69} INFO - 
[2025-03-26T13:47:09.825+0000] {docker.py:69} INFO - string(8) "php-app1"
[2025-03-26T13:47:09.825+0000] {docker.py:69} INFO -     ["timestamp"]=>
[2025-03-26T13:47:09.826+0000] {docker.py:69} INFO -     int(1742996302)
[2025-03-26T13:47:09.826+0000] {docker.py:69} INFO -   }
[2025-03-26T13:47:09.827+0000] {docker.py:69} INFO -   [7]=>
[2025-03-26T13:47:09.827+0000] {docker.py:69} INFO -   object(stdClass)#9 (3) {
[2025-03-26T13:47:09.827+0000] {docker.py:69} INFO -     ["contador"]=>
[2025-03-26T13:47:09.828+0000] {docker.py:69} INFO - int(1)
[2025-03-26T13:47:09.828+0000] {docker.py:69} INFO -     ["container"
[2025-03-26T13:47:09.828+0000] {docker.py:69} INFO - ]=>
[2025-03-26T13:47:09.829+0000] {docker.py:69} INFO -     string(8) "php-app2
[2025-03-26T13:47:09.829+0000] {docker.py:69} INFO - "
[2025-03-26T13:47:09.830+0000] {docker.py:69} INFO -     [
[2025-03-26T13:47:09.830+0000] {docker.py:69} INFO - "timestamp
[2025-03-26T13:47:09.830+0000] {docker.py:69} INFO - "]=>
[2025-03-26T13:47:09.831+0000] {docker.py:69} INFO - 
[2025-03-26T13:47:09.832+0000] {docker.py:69} INFO - int(1742996303)
[2025-03-26T13:47:09.832+0000] {docker.py:69} INFO -   }
[2025-03-26T13:47:09.833+0000] {docker.py:69} INFO -   [8]=>
[2025-03-26T13:47:09.833+0000] {docker.py:69} INFO -   object(stdClass)#10 (3) {
[2025-03-26T13:47:09.834+0000] {docker.py:69} INFO -     [
[2025-03-26T13:47:09.834+0000] {docker.py:69} INFO - "contador"
[2025-03-26T13:47:09.834+0000] {docker.py:69} INFO - ]=>
[2025-03-26T13:47:09.835+0000] {docker.py:69} INFO -     int(1)
[2025-03-26T13:47:09.835+0000] {docker.py:69} INFO -     ["
[2025-03-26T13:47:09.836+0000] {docker.py:69} INFO - container"]=>
[2025-03-26T13:47:09.837+0000] {docker.py:69} INFO - 
[2025-03-26T13:47:09.837+0000] {docker.py:69} INFO - string(8) "
[2025-03-26T13:47:09.838+0000] {docker.py:69} INFO - php-app1"
[2025-03-26T13:47:09.839+0000] {docker.py:69} INFO -     ["timestamp"]=>
[2025-03-26T13:47:09.839+0000] {docker.py:69} INFO -     int(1742996304)
[2025-03-26T13:47:09.840+0000] {docker.py:69} INFO -   }
[2025-03-26T13:47:09.840+0000] {docker.py:69} INFO -   [9]=>
[2025-03-26T13:47:09.841+0000] {docker.py:69} INFO -   object(stdClass)#11 (3) {
[2025-03-26T13:47:09.841+0000] {docker.py:69} INFO -     [
[2025-03-26T13:47:09.842+0000] {docker.py:69} INFO - "contador"]=>
[2025-03-26T13:47:09.842+0000] {docker.py:69} INFO -     int(1)
[2025-03-26T13:47:09.843+0000] {docker.py:69} INFO -     ["
[2025-03-26T13:47:09.843+0000] {docker.py:69} INFO - container
[2025-03-26T13:47:09.844+0000] {docker.py:69} INFO - "
[2025-03-26T13:47:09.844+0000] {docker.py:69} INFO - ]=>
[2025-03-26T13:47:09.845+0000] {docker.py:69} INFO - 
[2025-03-26T13:47:09.845+0000] {docker.py:69} INFO - string(8) "php-app2"
[2025-03-26T13:47:09.846+0000] {docker.py:69} INFO -     ["timestamp"]=>
[2025-03-26T13:47:09.846+0000] {docker.py:69} INFO -     int(1742996305)
[2025-03-26T13:47:09.847+0000] {docker.py:69} INFO -   }
[2025-03-26T13:47:09.848+0000] {docker.py:69} INFO -   [10]=>
[2025-03-26T13:47:09.848+0000] {docker.py:69} INFO -   object(stdClass)#12 (3) {
[2025-03-26T13:47:09.849+0000] {docker.py:69} INFO -     [
[2025-03-26T13:47:09.849+0000] {docker.py:69} INFO - "
[2025-03-26T13:47:09.850+0000] {docker.py:69} INFO - contador
[2025-03-26T13:47:09.851+0000] {docker.py:69} INFO - "]=>
[2025-03-26T13:47:09.851+0000] {docker.py:69} INFO -     int(1)
[2025-03-26T13:47:09.852+0000] {docker.py:69} INFO -     [
[2025-03-26T13:47:09.853+0000] {docker.py:69} INFO - "
[2025-03-26T13:47:09.854+0000] {docker.py:69} INFO - container
[2025-03-26T13:47:09.854+0000] {docker.py:69} INFO - "]=>
[2025-03-26T13:47:09.855+0000] {docker.py:69} INFO -     string(8) "php-app2"
[2025-03-26T13:47:09.855+0000] {docker.py:69} INFO -     ["timestamp"]=>
[2025-03-26T13:47:09.856+0000] {docker.py:69} INFO -     int(1742996305)
[2025-03-26T13:47:09.856+0000] {docker.py:69} INFO - }
[2025-03-26T13:47:09.856+0000] {docker.py:69} INFO -   [11]=>
[2025-03-26T13:47:09.857+0000] {docker.py:69} INFO -   object(stdClass)#13 (3) {
[2025-03-26T13:47:09.858+0000] {docker.py:69} INFO -     ["contador
[2025-03-26T13:47:09.858+0000] {docker.py:69} INFO - "
[2025-03-26T13:47:09.859+0000] {docker.py:69} INFO - ]=>
[2025-03-26T13:47:09.859+0000] {docker.py:69} INFO -     int(1)
[2025-03-26T13:47:09.860+0000] {docker.py:69} INFO -     [
[2025-03-26T13:47:09.860+0000] {docker.py:69} INFO - "
[2025-03-26T13:47:09.861+0000] {docker.py:69} INFO - container"
[2025-03-26T13:47:09.861+0000] {docker.py:69} INFO - ]=>
[2025-03-26T13:47:09.861+0000] {docker.py:69} INFO - string(8) "php-app1
[2025-03-26T13:47:09.862+0000] {docker.py:69} INFO - "
[2025-03-26T13:47:09.862+0000] {docker.py:69} INFO -     ["timestamp"]=>
[2025-03-26T13:47:09.863+0000] {docker.py:69} INFO -     int(1742996305)
[2025-03-26T13:47:09.863+0000] {docker.py:69} INFO -   }
[2025-03-26T13:47:09.864+0000] {docker.py:69} INFO -   [12]=>
[2025-03-26T13:47:09.864+0000] {docker.py:69} INFO -   object(stdClass)#14 (3) {
[2025-03-26T13:47:09.865+0000] {docker.py:69} INFO -     ["contador"]=>
[2025-03-26T13:47:09.866+0000] {docker.py:69} INFO -     int(1)
[2025-03-26T13:47:09.866+0000] {docker.py:69} INFO -     ["container"]=>
[2025-03-26T13:47:09.867+0000] {docker.py:69} INFO -     string(8) "php-app1"
[2025-03-26T13:47:09.868+0000] {docker.py:69} INFO -     ["timestamp
[2025-03-26T13:47:09.869+0000] {docker.py:69} INFO - "]=>
[2025-03-26T13:47:09.870+0000] {docker.py:69} INFO - 
[2025-03-26T13:47:09.871+0000] {docker.py:69} INFO - int(1742996309)
[2025-03-26T13:47:09.871+0000] {docker.py:69} INFO - 
[2025-03-26T13:47:09.872+0000] {docker.py:69} INFO - }
[2025-03-26T13:47:09.872+0000] {docker.py:69} INFO -   [13]=>
[2025-03-26T13:47:09.873+0000] {docker.py:69} INFO -   object(stdClass)#15 (3) {
[2025-03-26T13:47:09.873+0000] {docker.py:69} INFO -     ["contador"]=>
[2025-03-26T13:47:09.874+0000] {docker.py:69} INFO -     int(1)
[2025-03-26T13:47:09.874+0000] {docker.py:69} INFO -     ["
[2025-03-26T13:47:09.875+0000] {docker.py:69} INFO - container"
[2025-03-26T13:47:09.875+0000] {docker.py:69} INFO - ]=>
[2025-03-26T13:47:09.876+0000] {docker.py:69} INFO - string(8) "php-app1
[2025-03-26T13:47:09.878+0000] {docker.py:69} INFO - "
[2025-03-26T13:47:09.878+0000] {docker.py:69} INFO -     [
[2025-03-26T13:47:09.879+0000] {docker.py:69} INFO - "timestamp"
[2025-03-26T13:47:09.880+0000] {docker.py:69} INFO - ]=>
[2025-03-26T13:47:09.881+0000] {docker.py:69} INFO -     int(1742996309)
[2025-03-26T13:47:09.881+0000] {docker.py:69} INFO -   }
[2025-03-26T13:47:09.882+0000] {docker.py:69} INFO -   [14]=>
[2025-03-26T13:47:09.883+0000] {docker.py:69} INFO - 
[2025-03-26T13:47:09.883+0000] {docker.py:69} INFO - object(stdClass)#16 (3) {
[2025-03-26T13:47:09.884+0000] {docker.py:69} INFO -     ["
[2025-03-26T13:47:09.884+0000] {docker.py:69} INFO - contador
[2025-03-26T13:47:09.885+0000] {docker.py:69} INFO - "]=>
[2025-03-26T13:47:09.885+0000] {docker.py:69} INFO - int(1)
[2025-03-26T13:47:09.886+0000] {docker.py:69} INFO -     [
[2025-03-26T13:47:09.887+0000] {docker.py:69} INFO - "
[2025-03-26T13:47:09.888+0000] {docker.py:69} INFO - container"
[2025-03-26T13:47:09.889+0000] {docker.py:69} INFO - ]=>
[2025-03-26T13:47:09.889+0000] {docker.py:69} INFO -     string(8) "php-app2"
[2025-03-26T13:47:09.890+0000] {docker.py:69} INFO -     ["
[2025-03-26T13:47:09.890+0000] {docker.py:69} INFO - timestamp
[2025-03-26T13:47:09.891+0000] {docker.py:69} INFO - "
[2025-03-26T13:47:09.891+0000] {docker.py:69} INFO - ]=>
[2025-03-26T13:47:09.892+0000] {docker.py:69} INFO -     int(1742996309)
[2025-03-26T13:47:09.892+0000] {docker.py:69} INFO - }
[2025-03-26T13:47:09.893+0000] {docker.py:69} INFO -   [15]=>
[2025-03-26T13:47:09.893+0000] {docker.py:69} INFO - object(stdClass)#17 (3) {
[2025-03-26T13:47:09.894+0000] {docker.py:69} INFO -     ["contador
[2025-03-26T13:47:09.894+0000] {docker.py:69} INFO - "]=>
[2025-03-26T13:47:09.895+0000] {docker.py:69} INFO -     int(1)
[2025-03-26T13:47:09.897+0000] {docker.py:69} INFO -     ["container
[2025-03-26T13:47:09.897+0000] {docker.py:69} INFO - "
[2025-03-26T13:47:09.898+0000] {docker.py:69} INFO - ]=>
[2025-03-26T13:47:09.899+0000] {docker.py:69} INFO -     string(8) "php-app2"
[2025-03-26T13:47:09.900+0000] {docker.py:69} INFO -     [
[2025-03-26T13:47:09.900+0000] {docker.py:69} INFO - "
[2025-03-26T13:47:09.901+0000] {docker.py:69} INFO - timestamp"]=>
[2025-03-26T13:47:09.902+0000] {docker.py:69} INFO - int(1742996309)
[2025-03-26T13:47:09.902+0000] {docker.py:69} INFO -   }
[2025-03-26T13:47:09.903+0000] {docker.py:69} INFO -   [16]=>
[2025-03-26T13:47:09.903+0000] {docker.py:69} INFO -   object(stdClass)#18 (3) {
[2025-03-26T13:47:09.903+0000] {docker.py:69} INFO -     ["contador"]=>
[2025-03-26T13:47:09.904+0000] {docker.py:69} INFO -     int(1)
[2025-03-26T13:47:09.904+0000] {docker.py:69} INFO -     ["container
[2025-03-26T13:47:09.905+0000] {docker.py:69} INFO - "]=>
[2025-03-26T13:47:09.906+0000] {docker.py:69} INFO - string(8) "php-app1"
[2025-03-26T13:47:09.907+0000] {docker.py:69} INFO -     ["timestamp"]=>
[2025-03-26T13:47:09.908+0000] {docker.py:69} INFO -     int(1742996310)
[2025-03-26T13:47:09.909+0000] {docker.py:69} INFO - }
[2025-03-26T13:47:09.909+0000] {docker.py:69} INFO -   [17]=>
[2025-03-26T13:47:09.910+0000] {docker.py:69} INFO -   object(stdClass)#19 (3) {
[2025-03-26T13:47:09.910+0000] {docker.py:69} INFO -     ["contador
[2025-03-26T13:47:09.911+0000] {docker.py:69} INFO - "]=>
[2025-03-26T13:47:09.911+0000] {docker.py:69} INFO -     int(1)
[2025-03-26T13:47:09.912+0000] {docker.py:69} INFO -     ["container
[2025-03-26T13:47:09.912+0000] {docker.py:69} INFO - "]=>
[2025-03-26T13:47:09.913+0000] {docker.py:69} INFO - string(8) "php-app2"
[2025-03-26T13:47:09.913+0000] {docker.py:69} INFO -     ["timestamp
[2025-03-26T13:47:09.914+0000] {docker.py:69} INFO - "
[2025-03-26T13:47:09.915+0000] {docker.py:69} INFO - ]=>
[2025-03-26T13:47:09.915+0000] {docker.py:69} INFO -     int(1742996310)
[2025-03-26T13:47:09.916+0000] {docker.py:69} INFO - }
[2025-03-26T13:47:09.916+0000] {docker.py:69} INFO -   [18]=>
[2025-03-26T13:47:09.917+0000] {docker.py:69} INFO - object(stdClass)#20 (3) {
[2025-03-26T13:47:09.917+0000] {docker.py:69} INFO -     ["contador"
[2025-03-26T13:47:09.918+0000] {docker.py:69} INFO - ]=>
[2025-03-26T13:47:09.918+0000] {docker.py:69} INFO -     int(1)
[2025-03-26T13:47:09.918+0000] {docker.py:69} INFO -     ["container"
[2025-03-26T13:47:09.919+0000] {docker.py:69} INFO - ]=>
[2025-03-26T13:47:09.919+0000] {docker.py:69} INFO -     string(8) "
[2025-03-26T13:47:09.920+0000] {docker.py:69} INFO - php-app2
[2025-03-26T13:47:09.920+0000] {docker.py:69} INFO - "
[2025-03-26T13:47:09.921+0000] {docker.py:69} INFO -     [
[2025-03-26T13:47:09.922+0000] {docker.py:69} INFO - "
[2025-03-26T13:47:09.923+0000] {docker.py:69} INFO - timestamp"]=>
[2025-03-26T13:47:09.923+0000] {docker.py:69} INFO -     int(1742996310)
[2025-03-26T13:47:09.924+0000] {docker.py:69} INFO - 
[2025-03-26T13:47:09.924+0000] {docker.py:69} INFO - }
[2025-03-26T13:47:09.925+0000] {docker.py:69} INFO -   [19]=>
[2025-03-26T13:47:09.925+0000] {docker.py:69} INFO - 
[2025-03-26T13:47:09.926+0000] {docker.py:69} INFO - object(stdClass)#21 (3) {
[2025-03-26T13:47:09.926+0000] {docker.py:69} INFO -     [
[2025-03-26T13:47:09.927+0000] {docker.py:69} INFO - "
[2025-03-26T13:47:09.927+0000] {docker.py:69} INFO - contador
[2025-03-26T13:47:09.928+0000] {docker.py:69} INFO - "
[2025-03-26T13:47:09.928+0000] {docker.py:69} INFO - ]=>
[2025-03-26T13:47:09.928+0000] {docker.py:69} INFO -     int(1)
[2025-03-26T13:47:09.929+0000] {docker.py:69} INFO -     [
[2025-03-26T13:47:09.929+0000] {docker.py:69} INFO - "container"]=>
[2025-03-26T13:47:09.930+0000] {docker.py:69} INFO -     string(8) "
[2025-03-26T13:47:09.930+0000] {docker.py:69} INFO - php-app1
[2025-03-26T13:47:09.930+0000] {docker.py:69} INFO - "
[2025-03-26T13:47:09.931+0000] {docker.py:69} INFO -     [
[2025-03-26T13:47:09.932+0000] {docker.py:69} INFO - "
[2025-03-26T13:47:09.932+0000] {docker.py:69} INFO - timestamp"
[2025-03-26T13:47:09.933+0000] {docker.py:69} INFO - ]=>
[2025-03-26T13:47:09.934+0000] {docker.py:69} INFO -     int(1742996311)
[2025-03-26T13:47:09.934+0000] {docker.py:69} INFO -   }
[2025-03-26T13:47:09.935+0000] {docker.py:69} INFO -   [20]=>
[2025-03-26T13:47:09.935+0000] {docker.py:69} INFO -   object(stdClass)#22 (3) {
[2025-03-26T13:47:09.936+0000] {docker.py:69} INFO -     ["contador
[2025-03-26T13:47:09.936+0000] {docker.py:69} INFO - "]=>
[2025-03-26T13:47:09.937+0000] {docker.py:69} INFO -     int(1)
[2025-03-26T13:47:09.937+0000] {docker.py:69} INFO -     ["container"]=>
[2025-03-26T13:47:09.938+0000] {docker.py:69} INFO -     string(8) "php-app1
[2025-03-26T13:47:09.938+0000] {docker.py:69} INFO - "
[2025-03-26T13:47:09.939+0000] {docker.py:69} INFO -     ["
[2025-03-26T13:47:09.939+0000] {docker.py:69} INFO - timestamp
[2025-03-26T13:47:09.940+0000] {docker.py:69} INFO - "]=>
[2025-03-26T13:47:09.940+0000] {docker.py:69} INFO -     int(1742996311)
[2025-03-26T13:47:09.941+0000] {docker.py:69} INFO - }
[2025-03-26T13:47:09.941+0000] {docker.py:69} INFO -   [21]=>
[2025-03-26T13:47:09.942+0000] {docker.py:69} INFO - object(stdClass)#23 (3) {
[2025-03-26T13:47:09.942+0000] {docker.py:69} INFO -     ["contador"]=>
[2025-03-26T13:47:09.943+0000] {docker.py:69} INFO - int(1)
[2025-03-26T13:47:09.943+0000] {docker.py:69} INFO -     [
[2025-03-26T13:47:09.944+0000] {docker.py:69} INFO - "container"
[2025-03-26T13:47:09.944+0000] {docker.py:69} INFO - ]=>
[2025-03-26T13:47:09.945+0000] {docker.py:69} INFO -     string(8) "php-app2"
[2025-03-26T13:47:09.945+0000] {docker.py:69} INFO -     ["
[2025-03-26T13:47:09.945+0000] {docker.py:69} INFO - timestamp"
[2025-03-26T13:47:09.946+0000] {docker.py:69} INFO - ]=>
[2025-03-26T13:47:09.946+0000] {docker.py:69} INFO - 
[2025-03-26T13:47:09.947+0000] {docker.py:69} INFO - int(1742996312)
[2025-03-26T13:47:09.947+0000] {docker.py:69} INFO -   }
[2025-03-26T13:47:09.947+0000] {docker.py:69} INFO -   [22]=>
[2025-03-26T13:47:09.948+0000] {docker.py:69} INFO -   object(stdClass)#24 (3) {
[2025-03-26T13:47:09.948+0000] {docker.py:69} INFO -     [
[2025-03-26T13:47:09.949+0000] {docker.py:69} INFO - "
[2025-03-26T13:47:09.950+0000] {docker.py:69} INFO - contador"]=>
[2025-03-26T13:47:09.950+0000] {docker.py:69} INFO - 
[2025-03-26T13:47:09.951+0000] {docker.py:69} INFO - int(1)
[2025-03-26T13:47:09.951+0000] {docker.py:69} INFO -     ["container
[2025-03-26T13:47:09.952+0000] {docker.py:69} INFO - "
[2025-03-26T13:47:09.953+0000] {docker.py:69} INFO - ]=>
[2025-03-26T13:47:09.954+0000] {docker.py:69} INFO - 
[2025-03-26T13:47:09.955+0000] {docker.py:69} INFO - string(8) "php-app1
[2025-03-26T13:47:09.955+0000] {docker.py:69} INFO - "
[2025-03-26T13:47:09.956+0000] {docker.py:69} INFO -     ["timestamp"
[2025-03-26T13:47:09.957+0000] {docker.py:69} INFO - ]=>
[2025-03-26T13:47:09.957+0000] {docker.py:69} INFO -     int(1742996313)
[2025-03-26T13:47:09.957+0000] {docker.py:69} INFO -   }
[2025-03-26T13:47:09.958+0000] {docker.py:69} INFO -   [23]=>
[2025-03-26T13:47:09.958+0000] {docker.py:69} INFO -   object(stdClass)#25 (3) {
[2025-03-26T13:47:09.958+0000] {docker.py:69} INFO -     [
[2025-03-26T13:47:09.959+0000] {docker.py:69} INFO - "contador"]=>
[2025-03-26T13:47:09.959+0000] {docker.py:69} INFO - int(1)
[2025-03-26T13:47:09.960+0000] {docker.py:69} INFO -     [
[2025-03-26T13:47:09.960+0000] {docker.py:69} INFO - "container
[2025-03-26T13:47:09.961+0000] {docker.py:69} INFO - "]=>
[2025-03-26T13:47:09.961+0000] {docker.py:69} INFO - string(8) "php-app1
[2025-03-26T13:47:09.962+0000] {docker.py:69} INFO - "
[2025-03-26T13:47:09.962+0000] {docker.py:69} INFO -     ["
[2025-03-26T13:47:09.962+0000] {docker.py:69} INFO - timestamp
[2025-03-26T13:47:09.963+0000] {docker.py:69} INFO - "
[2025-03-26T13:47:09.964+0000] {docker.py:69} INFO - ]=>
[2025-03-26T13:47:09.964+0000] {docker.py:69} INFO -     int(1742996751)
[2025-03-26T13:47:09.965+0000] {docker.py:69} INFO -   }
[2025-03-26T13:47:09.965+0000] {docker.py:69} INFO -   [24]=>
[2025-03-26T13:47:09.966+0000] {docker.py:69} INFO -   object(stdClass)#26 (3) {
[2025-03-26T13:47:09.966+0000] {docker.py:69} INFO -     [
[2025-03-26T13:47:09.967+0000] {docker.py:69} INFO - "
[2025-03-26T13:47:09.967+0000] {docker.py:69} INFO - contador"]=>
[2025-03-26T13:47:09.968+0000] {docker.py:69} INFO -     int(1)
[2025-03-26T13:47:09.969+0000] {docker.py:69} INFO -     ["
[2025-03-26T13:47:09.970+0000] {docker.py:69} INFO - container
[2025-03-26T13:47:09.971+0000] {docker.py:69} INFO - "]=>
[2025-03-26T13:47:09.972+0000] {docker.py:69} INFO -     string(8) "php-app2"
[2025-03-26T13:47:09.972+0000] {docker.py:69} INFO -     [
[2025-03-26T13:47:09.973+0000] {docker.py:69} INFO - "timestamp"
[2025-03-26T13:47:09.973+0000] {docker.py:69} INFO - ]=>
[2025-03-26T13:47:09.974+0000] {docker.py:69} INFO -     int(1742996751)
[2025-03-26T13:47:09.975+0000] {docker.py:69} INFO -   }
[2025-03-26T13:47:09.975+0000] {docker.py:69} INFO -   [25]=>
[2025-03-26T13:47:09.976+0000] {docker.py:69} INFO -   object(stdClass)#27 (3) {
[2025-03-26T13:47:09.976+0000] {docker.py:69} INFO -     ["contador
[2025-03-26T13:47:09.977+0000] {docker.py:69} INFO - "]=>
[2025-03-26T13:47:09.978+0000] {docker.py:69} INFO - int(1)
[2025-03-26T13:47:09.978+0000] {docker.py:69} INFO -     [
[2025-03-26T13:47:09.979+0000] {docker.py:69} INFO - "container
[2025-03-26T13:47:09.979+0000] {docker.py:69} INFO - "
[2025-03-26T13:47:09.980+0000] {docker.py:69} INFO - ]=>
[2025-03-26T13:47:09.980+0000] {docker.py:69} INFO - string(8) "php-app2
[2025-03-26T13:47:09.981+0000] {docker.py:69} INFO - "
[2025-03-26T13:47:09.982+0000] {docker.py:69} INFO -     ["timestamp"]=>
[2025-03-26T13:47:09.983+0000] {docker.py:69} INFO -     int(1742996756)
[2025-03-26T13:47:09.984+0000] {docker.py:69} INFO - }
[2025-03-26T13:47:09.985+0000] {docker.py:69} INFO -   [26]=>
[2025-03-26T13:47:09.986+0000] {docker.py:69} INFO - object(stdClass)#28 (3) {
[2025-03-26T13:47:09.987+0000] {docker.py:69} INFO -     ["contador"
[2025-03-26T13:47:09.988+0000] {docker.py:69} INFO - ]=>
[2025-03-26T13:47:09.988+0000] {docker.py:69} INFO -     int(1)
[2025-03-26T13:47:09.991+0000] {docker.py:69} INFO -     ["container"]=>
[2025-03-26T13:47:09.992+0000] {docker.py:69} INFO -     string(8) "
[2025-03-26T13:47:09.992+0000] {docker.py:69} INFO - php-app1
[2025-03-26T13:47:09.993+0000] {docker.py:69} INFO - "
[2025-03-26T13:47:09.994+0000] {docker.py:69} INFO -     [
[2025-03-26T13:47:09.994+0000] {docker.py:69} INFO - "timestamp
[2025-03-26T13:47:09.995+0000] {docker.py:69} INFO - "
[2025-03-26T13:47:09.995+0000] {docker.py:69} INFO - ]=>
[2025-03-26T13:47:09.996+0000] {docker.py:69} INFO - 
[2025-03-26T13:47:09.996+0000] {docker.py:69} INFO - int(1742996756)
[2025-03-26T13:47:09.997+0000] {docker.py:69} INFO -   }
[2025-03-26T13:47:09.997+0000] {docker.py:69} INFO -   [27]=>
[2025-03-26T13:47:09.997+0000] {docker.py:69} INFO -   object(stdClass)#29 (3) {
[2025-03-26T13:47:09.998+0000] {docker.py:69} INFO -     ["contador"]=>
[2025-03-26T13:47:09.998+0000] {docker.py:69} INFO -     int(1)
[2025-03-26T13:47:09.999+0000] {docker.py:69} INFO -     ["container"]=>
[2025-03-26T13:47:09.999+0000] {docker.py:69} INFO -     string(8) "php-app1"
[2025-03-26T13:47:10.000+0000] {docker.py:69} INFO -     ["timestamp"]=>
[2025-03-26T13:47:10.000+0000] {docker.py:69} INFO -     int(1742996757)
[2025-03-26T13:47:10.000+0000] {docker.py:69} INFO - 
[2025-03-26T13:47:10.001+0000] {docker.py:69} INFO - }
[2025-03-26T13:47:10.002+0000] {docker.py:69} INFO -   [28]=>
[2025-03-26T13:47:10.002+0000] {docker.py:69} INFO - 
[2025-03-26T13:47:10.003+0000] {docker.py:69} INFO - object(stdClass)#30 (3) {
[2025-03-26T13:47:10.003+0000] {docker.py:69} INFO -     [
[2025-03-26T13:47:10.004+0000] {docker.py:69} INFO - "
[2025-03-26T13:47:10.004+0000] {docker.py:69} INFO - contador
[2025-03-26T13:47:10.005+0000] {docker.py:69} INFO - "
[2025-03-26T13:47:10.006+0000] {docker.py:69} INFO - ]=>
[2025-03-26T13:47:10.008+0000] {docker.py:69} INFO - int(1)
[2025-03-26T13:47:10.009+0000] {docker.py:69} INFO -     ["container"]=>
[2025-03-26T13:47:10.010+0000] {docker.py:69} INFO -     string(8) "php-app2"
[2025-03-26T13:47:10.011+0000] {docker.py:69} INFO -     ["timestamp"]=>
[2025-03-26T13:47:10.011+0000] {docker.py:69} INFO -     int(1742996757)
[2025-03-26T13:47:10.012+0000] {docker.py:69} INFO -   }
[2025-03-26T13:47:10.013+0000] {docker.py:69} INFO -   [29]=>
[2025-03-26T13:47:10.013+0000] {docker.py:69} INFO -   object(stdClass)#31 (3) {
[2025-03-26T13:47:10.014+0000] {docker.py:69} INFO -     ["contador"]=>
[2025-03-26T13:47:10.014+0000] {docker.py:69} INFO -     int(1)
[2025-03-26T13:47:10.015+0000] {docker.py:69} INFO -     ["container"]=>
[2025-03-26T13:47:10.015+0000] {docker.py:69} INFO -     string(8) "php-app2"
[2025-03-26T13:47:10.016+0000] {docker.py:69} INFO -     ["timestamp"]=>
[2025-03-26T13:47:10.016+0000] {docker.py:69} INFO -     int(1742996758)
[2025-03-26T13:47:10.016+0000] {docker.py:69} INFO -   }
[2025-03-26T13:47:10.017+0000] {docker.py:69} INFO -   [30]=>
[2025-03-26T13:47:10.017+0000] {docker.py:69} INFO -   object(stdClass)#32 (3) {
[2025-03-26T13:47:10.018+0000] {docker.py:69} INFO -     ["contador"]=>
[2025-03-26T13:47:10.018+0000] {docker.py:69} INFO -     int(1)
[2025-03-26T13:47:10.019+0000] {docker.py:69} INFO -     ["container"]=>
[2025-03-26T13:47:10.019+0000] {docker.py:69} INFO -     string(8) "php-app1"
[2025-03-26T13:47:10.019+0000] {docker.py:69} INFO -     ["timestamp"]=>
[2025-03-26T13:47:10.020+0000] {docker.py:69} INFO -     int(1742996760)
[2025-03-26T13:47:10.020+0000] {docker.py:69} INFO -   }
[2025-03-26T13:47:10.020+0000] {docker.py:69} INFO -   [31]=>
[2025-03-26T13:47:10.021+0000] {docker.py:69} INFO -   object(stdClass)#33 (3) {
[2025-03-26T13:47:10.021+0000] {docker.py:69} INFO -     ["contador"]=>
[2025-03-26T13:47:10.021+0000] {docker.py:69} INFO -     int(1)
[2025-03-26T13:47:10.022+0000] {docker.py:69} INFO -     ["container"]=>
[2025-03-26T13:47:10.022+0000] {docker.py:69} INFO -     string(8) "php-app2"
[2025-03-26T13:47:10.023+0000] {docker.py:69} INFO -     ["timestamp"]=>
[2025-03-26T13:47:10.023+0000] {docker.py:69} INFO -     int(1742996760)
[2025-03-26T13:47:10.023+0000] {docker.py:69} INFO -   }
[2025-03-26T13:47:10.024+0000] {docker.py:69} INFO -   [32]=>
[2025-03-26T13:47:10.024+0000] {docker.py:69} INFO -   object(stdClass)#34 (3) {
[2025-03-26T13:47:10.025+0000] {docker.py:69} INFO -     ["contador"]=>
[2025-03-26T13:47:10.025+0000] {docker.py:69} INFO -     int(1)
[2025-03-26T13:47:10.025+0000] {docker.py:69} INFO -     ["container"]=>
[2025-03-26T13:47:10.026+0000] {docker.py:69} INFO -     string(8) "php-app2"
[2025-03-26T13:47:10.026+0000] {docker.py:69} INFO -     ["timestamp"]=>
[2025-03-26T13:47:10.026+0000] {docker.py:69} INFO -     int(1742996761)
[2025-03-26T13:47:10.027+0000] {docker.py:69} INFO -   }
[2025-03-26T13:47:10.027+0000] {docker.py:69} INFO -   [33]=>
[2025-03-26T13:47:10.028+0000] {docker.py:69} INFO -   object(stdClass)#35 (3) {
[2025-03-26T13:47:10.028+0000] {docker.py:69} INFO -     ["contador"]=>
[2025-03-26T13:47:10.028+0000] {docker.py:69} INFO -     int(1)
[2025-03-26T13:47:10.029+0000] {docker.py:69} INFO -     ["container"]=>
[2025-03-26T13:47:10.036+0000] {docker.py:69} INFO -     string(8) "php-app1"
[2025-03-26T13:47:10.037+0000] {docker.py:69} INFO -     ["timestamp"]=>
[2025-03-26T13:47:10.049+0000] {docker.py:69} INFO -     int(1742996762)
[2025-03-26T13:47:10.050+0000] {docker.py:69} INFO -   }
[2025-03-26T13:47:10.051+0000] {docker.py:69} INFO -   [34]=>
[2025-03-26T13:47:10.080+0000] {docker.py:69} INFO -   object(stdClass)#36 (3) {
[2025-03-26T13:47:10.081+0000] {docker.py:69} INFO -     ["contador"]=>
[2025-03-26T13:47:10.104+0000] {docker.py:69} INFO -     int(1)
[2025-03-26T13:47:10.105+0000] {docker.py:69} INFO -     ["container"]=>
[2025-03-26T13:47:10.105+0000] {docker.py:69} INFO -     string(8) "php-app2"
[2025-03-26T13:47:10.106+0000] {docker.py:69} INFO -     ["timestamp"]=>
[2025-03-26T13:47:10.106+0000] {docker.py:69} INFO -     int(1742996762)
[2025-03-26T13:47:10.107+0000] {docker.py:69} INFO -   }
[2025-03-26T13:47:10.128+0000] {docker.py:69} INFO -   [35]=>
[2025-03-26T13:47:10.129+0000] {docker.py:69} INFO -   object(stdClass)#37 (3) {
[2025-03-26T13:47:10.129+0000] {docker.py:69} INFO -     ["contador"]=>
[2025-03-26T13:47:10.130+0000] {docker.py:69} INFO -     int(1)
[2025-03-26T13:47:10.131+0000] {docker.py:69} INFO -     ["container"]=>
[2025-03-26T13:47:10.138+0000] {docker.py:69} INFO -     string(8) "php-app1"
[2025-03-26T13:47:10.139+0000] {docker.py:69} INFO -     ["timestamp"]=>
[2025-03-26T13:47:10.139+0000] {docker.py:69} INFO -     int(1742996763)
[2025-03-26T13:47:10.139+0000] {docker.py:69} INFO -   }
[2025-03-26T13:47:10.140+0000] {docker.py:69} INFO -   [36]=>
[2025-03-26T13:47:10.140+0000] {docker.py:69} INFO -   object(stdClass)#38 (3) {
[2025-03-26T13:47:10.140+0000] {docker.py:69} INFO -     ["contador"]=>
[2025-03-26T13:47:10.141+0000] {docker.py:69} INFO -     int(1)
[2025-03-26T13:47:10.147+0000] {docker.py:69} INFO -     ["container"]=>
[2025-03-26T13:47:10.147+0000] {docker.py:69} INFO -     string(8) "php-app1"
[2025-03-26T13:47:10.147+0000] {docker.py:69} INFO -     ["timestamp"]=>
[2025-03-26T13:47:10.148+0000] {docker.py:69} INFO -     int(1742996763)
[2025-03-26T13:47:10.148+0000] {docker.py:69} INFO -   }
[2025-03-26T13:47:10.165+0000] {docker.py:69} INFO -   [37]=>
[2025-03-26T13:47:10.165+0000] {docker.py:69} INFO -   object(stdClass)#39 (3) {
[2025-03-26T13:47:10.166+0000] {docker.py:69} INFO -     ["contador"]=>
[2025-03-26T13:47:10.167+0000] {docker.py:69} INFO -     int(1)
[2025-03-26T13:47:10.167+0000] {docker.py:69} INFO -     ["container"]=>
[2025-03-26T13:47:10.168+0000] {docker.py:69} INFO -     string(8) "php-app2"
[2025-03-26T13:47:10.170+0000] {docker.py:69} INFO -     ["timestamp"]=>
[2025-03-26T13:47:10.170+0000] {docker.py:69} INFO -     int(1742996771)
[2025-03-26T13:47:10.171+0000] {docker.py:69} INFO -   }
[2025-03-26T13:47:10.171+0000] {docker.py:69} INFO -   [38]=>
[2025-03-26T13:47:10.172+0000] {docker.py:69} INFO -   object(stdClass)#40 (3) {
[2025-03-26T13:47:10.172+0000] {docker.py:69} INFO -     ["contador"]=>
[2025-03-26T13:47:10.173+0000] {docker.py:69} INFO -     int(1)
[2025-03-26T13:47:10.173+0000] {docker.py:69} INFO -     ["container"]=>
[2025-03-26T13:47:10.174+0000] {docker.py:69} INFO -     string(8) "php-app2"
[2025-03-26T13:47:10.174+0000] {docker.py:69} INFO -     ["timestamp"]=>
[2025-03-26T13:47:10.174+0000] {docker.py:69} INFO -     int(1742996773)
[2025-03-26T13:47:10.175+0000] {docker.py:69} INFO -   }
[2025-03-26T13:47:10.176+0000] {docker.py:69} INFO -   [39]=>
[2025-03-26T13:47:10.178+0000] {docker.py:69} INFO -   object(stdClass)#41 (3) {
[2025-03-26T13:47:10.179+0000] {docker.py:69} INFO -     ["contador"]=>
[2025-03-26T13:47:10.179+0000] {docker.py:69} INFO -     int(1)
[2025-03-26T13:47:10.180+0000] {docker.py:69} INFO -     ["container"]=>
[2025-03-26T13:47:10.180+0000] {docker.py:69} INFO -     string(8) "php-app1"
[2025-03-26T13:47:10.181+0000] {docker.py:69} INFO -     ["timestamp"]=>
[2025-03-26T13:47:10.181+0000] {docker.py:69} INFO -     int(1742996773)
[2025-03-26T13:47:10.181+0000] {docker.py:69} INFO -   }
[2025-03-26T13:47:10.182+0000] {docker.py:69} INFO -   [40]=>
[2025-03-26T13:47:10.183+0000] {docker.py:69} INFO -   object(stdClass)#42 (3) {
[2025-03-26T13:47:10.183+0000] {docker.py:69} INFO -     ["contador"]=>
[2025-03-26T13:47:10.184+0000] {docker.py:69} INFO -     int(1)
[2025-03-26T13:47:10.185+0000] {docker.py:69} INFO -     ["container"]=>
[2025-03-26T13:47:10.185+0000] {docker.py:69} INFO -     string(8) "php-app1"
[2025-03-26T13:47:10.188+0000] {docker.py:69} INFO -     ["timestamp"]=>
[2025-03-26T13:47:10.189+0000] {docker.py:69} INFO -     int(1742996775)
[2025-03-26T13:47:10.189+0000] {docker.py:69} INFO -   }
[2025-03-26T13:47:10.189+0000] {docker.py:69} INFO -   [41]=>
[2025-03-26T13:47:10.190+0000] {docker.py:69} INFO -   object(stdClass)#43 (3) {
[2025-03-26T13:47:10.190+0000] {docker.py:69} INFO -     ["contador"]=>
[2025-03-26T13:47:10.190+0000] {docker.py:69} INFO -     int(1)
[2025-03-26T13:47:10.191+0000] {docker.py:69} INFO -     ["container"]=>
[2025-03-26T13:47:10.191+0000] {docker.py:69} INFO -     string(8) "php-app2"
[2025-03-26T13:47:10.192+0000] {docker.py:69} INFO -     ["timestamp"]=>
[2025-03-26T13:47:10.192+0000] {docker.py:69} INFO -     int(1742996775)
[2025-03-26T13:47:10.192+0000] {docker.py:69} INFO -   }
[2025-03-26T13:47:10.193+0000] {docker.py:69} INFO -   [42]=>
[2025-03-26T13:47:10.193+0000] {docker.py:69} INFO -   object(stdClass)#44 (3) {
[2025-03-26T13:47:10.194+0000] {docker.py:69} INFO -     ["contador"]=>
[2025-03-26T13:47:10.194+0000] {docker.py:69} INFO -     int(1)
[2025-03-26T13:47:10.195+0000] {docker.py:69} INFO -     ["container"]=>
[2025-03-26T13:47:10.195+0000] {docker.py:69} INFO -     string(8) "php-app2"
[2025-03-26T13:47:10.196+0000] {docker.py:69} INFO -     ["timestamp"]=>
[2025-03-26T13:47:10.196+0000] {docker.py:69} INFO -     int(1742996775)
[2025-03-26T13:47:10.197+0000] {docker.py:69} INFO -   }
[2025-03-26T13:47:10.197+0000] {docker.py:69} INFO -   [43]=>
[2025-03-26T13:47:10.198+0000] {docker.py:69} INFO -   object(stdClass)#45 (3) {
[2025-03-26T13:47:10.199+0000] {docker.py:69} INFO -     ["contador"]=>
[2025-03-26T13:47:10.199+0000] {docker.py:69} INFO -     int(1)
[2025-03-26T13:47:10.200+0000] {docker.py:69} INFO -     ["container"]=>
[2025-03-26T13:47:10.200+0000] {docker.py:69} INFO -     string(8) "php-app1"
[2025-03-26T13:47:10.201+0000] {docker.py:69} INFO -     ["timestamp"]=>
[2025-03-26T13:47:10.203+0000] {docker.py:69} INFO -     int(1742996777)
[2025-03-26T13:47:10.203+0000] {docker.py:69} INFO -   }
[2025-03-26T13:47:10.203+0000] {docker.py:69} INFO -   [44]=>
[2025-03-26T13:47:10.204+0000] {docker.py:69} INFO -   object(stdClass)#46 (3) {
[2025-03-26T13:47:10.204+0000] {docker.py:69} INFO -     ["contador"]=>
[2025-03-26T13:47:10.205+0000] {docker.py:69} INFO -     int(1)
[2025-03-26T13:47:10.205+0000] {docker.py:69} INFO -     ["container"]=>
[2025-03-26T13:47:10.207+0000] {docker.py:69} INFO -     string(8) "php-app1"
[2025-03-26T13:47:10.207+0000] {docker.py:69} INFO -     ["timestamp"]=>
[2025-03-26T13:47:10.208+0000] {docker.py:69} INFO -     int(1742996779)
[2025-03-26T13:47:10.209+0000] {docker.py:69} INFO -   }
[2025-03-26T13:47:10.209+0000] {docker.py:69} INFO -   [45]=>
[2025-03-26T13:47:10.209+0000] {docker.py:69} INFO -   object(stdClass)#47 (3) {
[2025-03-26T13:47:10.210+0000] {docker.py:69} INFO -     ["contador"]=>
[2025-03-26T13:47:10.210+0000] {docker.py:69} INFO -     int(1)
[2025-03-26T13:47:10.210+0000] {docker.py:69} INFO -     ["container"]=>
[2025-03-26T13:47:10.211+0000] {docker.py:69} INFO -     string(8) "php-app2"
[2025-03-26T13:47:10.211+0000] {docker.py:69} INFO -     ["timestamp"]=>
[2025-03-26T13:47:10.212+0000] {docker.py:69} INFO -     int(1742996779)
[2025-03-26T13:47:10.212+0000] {docker.py:69} INFO -   }
[2025-03-26T13:47:10.213+0000] {docker.py:69} INFO -   [46]=>
[2025-03-26T13:47:10.213+0000] {docker.py:69} INFO -   object(stdClass)#48 (3) {
[2025-03-26T13:47:10.214+0000] {docker.py:69} INFO -     ["contador"]=>
[2025-03-26T13:47:10.214+0000] {docker.py:69} INFO -     int(1)
[2025-03-26T13:47:10.215+0000] {docker.py:69} INFO -     ["container"]=>
[2025-03-26T13:47:10.215+0000] {docker.py:69} INFO -     string(8) "php-app1"
[2025-03-26T13:47:10.216+0000] {docker.py:69} INFO -     ["timestamp"]=>
[2025-03-26T13:47:10.216+0000] {docker.py:69} INFO -     int(1742996781)
[2025-03-26T13:47:10.217+0000] {docker.py:69} INFO -   }
[2025-03-26T13:47:10.217+0000] {docker.py:69} INFO -   [47]=>
[2025-03-26T13:47:10.220+0000] {docker.py:69} INFO -   object(stdClass)#49 (3) {
[2025-03-26T13:47:10.220+0000] {docker.py:69} INFO -     ["contador"]=>
[2025-03-26T13:47:10.221+0000] {docker.py:69} INFO -     int(1)
[2025-03-26T13:47:10.224+0000] {docker.py:69} INFO -     ["container"]=>
[2025-03-26T13:47:10.224+0000] {docker.py:69} INFO -     string(8) "php-app1"
[2025-03-26T13:47:10.225+0000] {docker.py:69} INFO -     ["timestamp"]=>
[2025-03-26T13:47:10.225+0000] {docker.py:69} INFO -     int(1742996781)
[2025-03-26T13:47:10.225+0000] {docker.py:69} INFO -   }
[2025-03-26T13:47:10.226+0000] {docker.py:69} INFO -   [48]=>
[2025-03-26T13:47:10.229+0000] {docker.py:69} INFO -   object(stdClass)#50 (3) {
[2025-03-26T13:47:10.230+0000] {docker.py:69} INFO -     ["contador"]=>
[2025-03-26T13:47:10.230+0000] {docker.py:69} INFO -     int(1)
[2025-03-26T13:47:10.231+0000] {docker.py:69} INFO -     ["container"]=>
[2025-03-26T13:47:10.231+0000] {docker.py:69} INFO -     string(8) "php-app2"
[2025-03-26T13:47:10.232+0000] {docker.py:69} INFO -     ["timestamp"]=>
[2025-03-26T13:47:10.237+0000] {docker.py:69} INFO -     int(1742996781)
[2025-03-26T13:47:10.237+0000] {docker.py:69} INFO -   }
[2025-03-26T13:47:10.238+0000] {docker.py:69} INFO -   [49]=>
[2025-03-26T13:47:10.244+0000] {docker.py:69} INFO -   object(stdClass)#51 (3) {
[2025-03-26T13:47:10.244+0000] {docker.py:69} INFO -     ["contador"]=>
[2025-03-26T13:47:10.244+0000] {docker.py:69} INFO -     int(1)
[2025-03-26T13:47:10.245+0000] {docker.py:69} INFO -     ["container"]=>
[2025-03-26T13:47:10.245+0000] {docker.py:69} INFO -     string(8) "php-app1"
[2025-03-26T13:47:10.246+0000] {docker.py:69} INFO -     ["timestamp"]=>
[2025-03-26T13:47:10.247+0000] {docker.py:69} INFO -     int(1742996783)
[2025-03-26T13:47:10.248+0000] {docker.py:69} INFO -   }
[2025-03-26T13:47:10.248+0000] {docker.py:69} INFO -   [50]=>
[2025-03-26T13:47:10.249+0000] {docker.py:69} INFO -   object(stdClass)#52 (3) {
[2025-03-26T13:47:10.250+0000] {docker.py:69} INFO -     ["contador"]=>
[2025-03-26T13:47:10.250+0000] {docker.py:69} INFO -     int(1)
[2025-03-26T13:47:10.251+0000] {docker.py:69} INFO -     ["container"]=>
[2025-03-26T13:47:10.262+0000] {docker.py:69} INFO -     string(8) "php-app2"
[2025-03-26T13:47:10.262+0000] {docker.py:69} INFO -     ["timestamp"]=>
[2025-03-26T13:47:10.263+0000] {docker.py:69} INFO -     int(1742996783)
[2025-03-26T13:47:10.263+0000] {docker.py:69} INFO -   }
[2025-03-26T13:47:10.264+0000] {docker.py:69} INFO -   [51]=>
[2025-03-26T13:47:10.267+0000] {docker.py:69} INFO -   object(stdClass)#53 (3) {
[2025-03-26T13:47:10.268+0000] {docker.py:69} INFO -     ["contador"]=>
[2025-03-26T13:47:10.268+0000] {docker.py:69} INFO -     int(1)
[2025-03-26T13:47:10.268+0000] {docker.py:69} INFO -     ["container"]=>
[2025-03-26T13:47:10.269+0000] {docker.py:69} INFO -     string(8) "php-app1"
[2025-03-26T13:47:10.269+0000] {docker.py:69} INFO -     ["timestamp"]=>
[2025-03-26T13:47:10.269+0000] {docker.py:69} INFO -     int(1742996783)
[2025-03-26T13:47:10.270+0000] {docker.py:69} INFO -   }
[2025-03-26T13:47:10.288+0000] {docker.py:69} INFO -   [52]=>
[2025-03-26T13:47:10.289+0000] {docker.py:69} INFO -   object(stdClass)#54 (3) {
[2025-03-26T13:47:10.289+0000] {docker.py:69} INFO -     ["contador"]=>
[2025-03-26T13:47:10.289+0000] {docker.py:69} INFO -     int(1)
[2025-03-26T13:47:10.290+0000] {docker.py:69} INFO -     ["container"]=>
[2025-03-26T13:47:10.290+0000] {docker.py:69} INFO -     string(8) "php-app2"
[2025-03-26T13:47:10.290+0000] {docker.py:69} INFO -     ["timestamp"]=>
[2025-03-26T13:47:10.291+0000] {docker.py:69} INFO -     int(1742996785)
[2025-03-26T13:47:10.300+0000] {docker.py:69} INFO -   }
[2025-03-26T13:47:10.300+0000] {docker.py:69} INFO -   [53]=>
[2025-03-26T13:47:10.301+0000] {docker.py:69} INFO -   object(stdClass)#55 (3) {
[2025-03-26T13:47:10.304+0000] {docker.py:69} INFO -     ["contador"]=>
[2025-03-26T13:47:10.305+0000] {docker.py:69} INFO -     int(1)
[2025-03-26T13:47:10.305+0000] {docker.py:69} INFO -     ["container"]=>
[2025-03-26T13:47:10.310+0000] {docker.py:69} INFO -     string(8) "php-app2"
[2025-03-26T13:47:10.310+0000] {docker.py:69} INFO -     ["timestamp"]=>
[2025-03-26T13:47:10.311+0000] {docker.py:69} INFO -     int(1742996789)
[2025-03-26T13:47:10.320+0000] {docker.py:69} INFO -   }
[2025-03-26T13:47:10.321+0000] {docker.py:69} INFO -   [54]=>
[2025-03-26T13:47:10.339+0000] {docker.py:69} INFO -   object(stdClass)#56 (3) {
[2025-03-26T13:47:10.341+0000] {docker.py:69} INFO -     ["contador"]=>
[2025-03-26T13:47:10.341+0000] {docker.py:69} INFO -     int(1)
[2025-03-26T13:47:10.342+0000] {docker.py:69} INFO -     ["container"]=>
[2025-03-26T13:47:10.342+0000] {docker.py:69} INFO -     string(8) "php-app1"
[2025-03-26T13:47:10.342+0000] {docker.py:69} INFO -     ["timestamp"]=>
[2025-03-26T13:47:10.343+0000] {docker.py:69} INFO -     int(1742996790)
[2025-03-26T13:47:10.343+0000] {docker.py:69} INFO -   }
[2025-03-26T13:47:10.344+0000] {docker.py:69} INFO -   [55]=>
[2025-03-26T13:47:10.345+0000] {docker.py:69} INFO -   object(stdClass)#57 (3) {
[2025-03-26T13:47:10.346+0000] {docker.py:69} INFO -     ["contador"]=>
[2025-03-26T13:47:10.346+0000] {docker.py:69} INFO -     int(1)
[2025-03-26T13:47:10.347+0000] {docker.py:69} INFO -     ["container"]=>
[2025-03-26T13:47:10.347+0000] {docker.py:69} INFO -     string(8) "php-app1"
[2025-03-26T13:47:10.348+0000] {docker.py:69} INFO -     ["timestamp"]=>
[2025-03-26T13:47:10.348+0000] {docker.py:69} INFO -     int(1742996790)
[2025-03-26T13:47:10.349+0000] {docker.py:69} INFO -   }
[2025-03-26T13:47:10.349+0000] {docker.py:69} INFO -   [56]=>
[2025-03-26T13:47:10.351+0000] {docker.py:69} INFO -   object(stdClass)#58 (3) {
[2025-03-26T13:47:10.354+0000] {docker.py:69} INFO -     ["contador"]=>
[2025-03-26T13:47:10.357+0000] {docker.py:69} INFO -     int(1)
[2025-03-26T13:47:10.358+0000] {docker.py:69} INFO -     ["container"]=>
[2025-03-26T13:47:10.358+0000] {docker.py:69} INFO -     string(8) "php-app2"
[2025-03-26T13:47:10.358+0000] {docker.py:69} INFO -     ["timestamp"]=>
[2025-03-26T13:47:10.359+0000] {docker.py:69} INFO -     int(1742996790)
[2025-03-26T13:47:10.363+0000] {docker.py:69} INFO -   }
[2025-03-26T13:47:10.367+0000] {docker.py:69} INFO -   [57]=>
[2025-03-26T13:47:10.368+0000] {docker.py:69} INFO -   object(stdClass)#59 (3) {
[2025-03-26T13:47:10.373+0000] {docker.py:69} INFO -     ["contador"]=>
[2025-03-26T13:47:10.386+0000] {docker.py:69} INFO -     int(1)
[2025-03-26T13:47:10.387+0000] {docker.py:69} INFO -     ["container"]=>
[2025-03-26T13:47:10.388+0000] {docker.py:69} INFO -     string(8) "php-app2"
[2025-03-26T13:47:10.388+0000] {docker.py:69} INFO -     ["timestamp"]=>
[2025-03-26T13:47:10.388+0000] {docker.py:69} INFO -     int(1742996791)
[2025-03-26T13:47:10.389+0000] {docker.py:69} INFO -   }
[2025-03-26T13:47:10.389+0000] {docker.py:69} INFO -   [58]=>
[2025-03-26T13:47:10.390+0000] {docker.py:69} INFO -   object(stdClass)#60 (3) {
[2025-03-26T13:47:10.390+0000] {docker.py:69} INFO -     ["contador"]=>
[2025-03-26T13:47:10.391+0000] {docker.py:69} INFO -     int(1)
[2025-03-26T13:47:10.391+0000] {docker.py:69} INFO -     ["container"]=>
[2025-03-26T13:47:10.392+0000] {docker.py:69} INFO -     string(8) "php-app1"
[2025-03-26T13:47:10.392+0000] {docker.py:69} INFO -     ["timestamp"]=>
[2025-03-26T13:47:10.392+0000] {docker.py:69} INFO -     int(1742996792)
[2025-03-26T13:47:10.393+0000] {docker.py:69} INFO -   }
[2025-03-26T13:47:10.393+0000] {docker.py:69} INFO -   [59]=>
[2025-03-26T13:47:10.394+0000] {docker.py:69} INFO -   object(stdClass)#61 (3) {
[2025-03-26T13:47:10.394+0000] {docker.py:69} INFO -     ["contador"]=>
[2025-03-26T13:47:10.395+0000] {docker.py:69} INFO -     int(1)
[2025-03-26T13:47:10.396+0000] {docker.py:69} INFO -     ["container"]=>
[2025-03-26T13:47:10.397+0000] {docker.py:69} INFO -     string(8) "php-app1"
[2025-03-26T13:47:10.397+0000] {docker.py:69} INFO -     ["timestamp"]=>
[2025-03-26T13:47:10.398+0000] {docker.py:69} INFO -     int(1742996793)
[2025-03-26T13:47:10.398+0000] {docker.py:69} INFO -   }
[2025-03-26T13:47:10.400+0000] {docker.py:69} INFO -   [60]=>
[2025-03-26T13:47:10.400+0000] {docker.py:69} INFO -   object(stdClass)#62 (3) {
[2025-03-26T13:47:10.400+0000] {docker.py:69} INFO -     ["contador"]=>
[2025-03-26T13:47:10.401+0000] {docker.py:69} INFO -     int(1)
[2025-03-26T13:47:10.401+0000] {docker.py:69} INFO -     ["container"]=>
[2025-03-26T13:47:10.402+0000] {docker.py:69} INFO -     string(8) "php-app2"
[2025-03-26T13:47:10.403+0000] {docker.py:69} INFO -     ["timestamp"]=>
[2025-03-26T13:47:10.404+0000] {docker.py:69} INFO -     int(1742996794)
[2025-03-26T13:47:10.404+0000] {docker.py:69} INFO -   }
[2025-03-26T13:47:10.405+0000] {docker.py:69} INFO -   [61]=>
[2025-03-26T13:47:10.405+0000] {docker.py:69} INFO -   object(stdClass)#63 (3) {
[2025-03-26T13:47:10.406+0000] {docker.py:69} INFO -     ["contador"]=>
[2025-03-26T13:47:10.406+0000] {docker.py:69} INFO -     int(1)
[2025-03-26T13:47:10.406+0000] {docker.py:69} INFO -     ["container"]=>
[2025-03-26T13:47:10.407+0000] {docker.py:69} INFO -     string(8) "php-app1"
[2025-03-26T13:47:10.407+0000] {docker.py:69} INFO -     ["timestamp"]=>
[2025-03-26T13:47:10.408+0000] {docker.py:69} INFO -     int(1742996795)
[2025-03-26T13:47:10.408+0000] {docker.py:69} INFO -   }
[2025-03-26T13:47:10.408+0000] {docker.py:69} INFO -   [62]=>
[2025-03-26T13:47:10.409+0000] {docker.py:69} INFO -   object(stdClass)#64 (3) {
[2025-03-26T13:47:10.409+0000] {docker.py:69} INFO -     ["contador"]=>
[2025-03-26T13:47:10.410+0000] {docker.py:69} INFO -     int(1)
[2025-03-26T13:47:10.410+0000] {docker.py:69} INFO -     ["container"]=>
[2025-03-26T13:47:10.411+0000] {docker.py:69} INFO -     string(8) "php-app1"
[2025-03-26T13:47:10.412+0000] {docker.py:69} INFO -     ["timestamp"]=>
[2025-03-26T13:47:10.413+0000] {docker.py:69} INFO -     int(1742996797)
[2025-03-26T13:47:10.413+0000] {docker.py:69} INFO -   }
[2025-03-26T13:47:10.414+0000] {docker.py:69} INFO -   [63]=>
[2025-03-26T13:47:10.415+0000] {docker.py:69} INFO -   object(stdClass)#65 (3) {
[2025-03-26T13:47:10.416+0000] {docker.py:69} INFO -     ["contador"]=>
[2025-03-26T13:47:10.416+0000] {docker.py:69} INFO -     int(1)
[2025-03-26T13:47:10.416+0000] {docker.py:69} INFO -     ["container"]=>
[2025-03-26T13:47:10.417+0000] {docker.py:69} INFO -     string(8) "php-app2"
[2025-03-26T13:47:10.418+0000] {docker.py:69} INFO -     ["timestamp"]=>
[2025-03-26T13:47:10.418+0000] {docker.py:69} INFO -     int(1742996797)
[2025-03-26T13:47:10.419+0000] {docker.py:69} INFO -   }
[2025-03-26T13:47:10.420+0000] {docker.py:69} INFO -   [64]=>
[2025-03-26T13:47:10.420+0000] {docker.py:69} INFO -   object(stdClass)#66 (3) {
[2025-03-26T13:47:10.420+0000] {docker.py:69} INFO -     ["contador"]=>
[2025-03-26T13:47:10.421+0000] {docker.py:69} INFO -     int(1)
[2025-03-26T13:47:10.421+0000] {docker.py:69} INFO -     ["container"]=>
[2025-03-26T13:47:10.421+0000] {docker.py:69} INFO -     string(8) "php-app2"
[2025-03-26T13:47:10.422+0000] {docker.py:69} INFO -     ["timestamp"]=>
[2025-03-26T13:47:10.428+0000] {docker.py:69} INFO -     int(1742996797)
[2025-03-26T13:47:10.429+0000] {docker.py:69} INFO -   }
[2025-03-26T13:47:10.429+0000] {docker.py:69} INFO -   [65]=>
[2025-03-26T13:47:10.430+0000] {docker.py:69} INFO -   object(stdClass)#67 (3) {
[2025-03-26T13:47:10.431+0000] {docker.py:69} INFO -     ["contador"]=>
[2025-03-26T13:47:10.431+0000] {docker.py:69} INFO -     int(1)
[2025-03-26T13:47:10.432+0000] {docker.py:69} INFO -     ["container"]=>
[2025-03-26T13:47:10.432+0000] {docker.py:69} INFO -     string(8) "php-app1"
[2025-03-26T13:47:10.433+0000] {docker.py:69} INFO -     ["timestamp"]=>
[2025-03-26T13:47:10.433+0000] {docker.py:69} INFO -     int(1742996804)
[2025-03-26T13:47:10.433+0000] {docker.py:69} INFO -   }
[2025-03-26T13:47:10.434+0000] {docker.py:69} INFO -   [66]=>
[2025-03-26T13:47:10.434+0000] {docker.py:69} INFO -   object(stdClass)#68 (3) {
[2025-03-26T13:47:10.435+0000] {docker.py:69} INFO -     ["contador"]=>
[2025-03-26T13:47:10.435+0000] {docker.py:69} INFO -     int(1)
[2025-03-26T13:47:10.435+0000] {docker.py:69} INFO -     ["container"]=>
[2025-03-26T13:47:10.436+0000] {docker.py:69} INFO -     string(8) "php-app2"
[2025-03-26T13:47:10.436+0000] {docker.py:69} INFO -     ["timestamp"]=>
[2025-03-26T13:47:10.436+0000] {docker.py:69} INFO -     int(1742996806)
[2025-03-26T13:47:10.437+0000] {docker.py:69} INFO -   }
[2025-03-26T13:47:10.437+0000] {docker.py:69} INFO -   [67]=>
[2025-03-26T13:47:10.438+0000] {docker.py:69} INFO -   object(stdClass)#69 (3) {
[2025-03-26T13:47:10.438+0000] {docker.py:69} INFO -     ["contador"]=>
[2025-03-26T13:47:10.439+0000] {docker.py:69} INFO -     int(1)
[2025-03-26T13:47:10.439+0000] {docker.py:69} INFO -     ["container"]=>
[2025-03-26T13:47:10.440+0000] {docker.py:69} INFO -     string(8) "php-app2"
[2025-03-26T13:47:10.440+0000] {docker.py:69} INFO -     ["timestamp"]=>
[2025-03-26T13:47:10.440+0000] {docker.py:69} INFO -     int(1742996807)
[2025-03-26T13:47:10.441+0000] {docker.py:69} INFO -   }
[2025-03-26T13:47:10.441+0000] {docker.py:69} INFO -   [68]=>
[2025-03-26T13:47:10.441+0000] {docker.py:69} INFO -   object(stdClass)#70 (3) {
[2025-03-26T13:47:10.442+0000] {docker.py:69} INFO -     ["contador"]=>
[2025-03-26T13:47:10.442+0000] {docker.py:69} INFO -     int(1)
[2025-03-26T13:47:10.442+0000] {docker.py:69} INFO -     ["container"]=>
[2025-03-26T13:47:10.443+0000] {docker.py:69} INFO -     string(8) "php-app1"
[2025-03-26T13:47:10.443+0000] {docker.py:69} INFO -     ["timestamp"]=>
[2025-03-26T13:47:10.443+0000] {docker.py:69} INFO -     int(1742996807)
[2025-03-26T13:47:10.444+0000] {docker.py:69} INFO -   }
[2025-03-26T13:47:10.444+0000] {docker.py:69} INFO -   [69]=>
[2025-03-26T13:47:10.445+0000] {docker.py:69} INFO -   object(stdClass)#71 (3) {
[2025-03-26T13:47:10.446+0000] {docker.py:69} INFO -     ["contador"]=>
[2025-03-26T13:47:10.446+0000] {docker.py:69} INFO -     int(1)
[2025-03-26T13:47:10.446+0000] {docker.py:69} INFO -     ["container"]=>
[2025-03-26T13:47:10.447+0000] {docker.py:69} INFO -     string(8) "php-app2"
[2025-03-26T13:47:10.447+0000] {docker.py:69} INFO -     ["timestamp"]=>
[2025-03-26T13:47:10.448+0000] {docker.py:69} INFO -     int(1742996809)
[2025-03-26T13:47:10.448+0000] {docker.py:69} INFO -   }
[2025-03-26T13:47:10.448+0000] {docker.py:69} INFO -   [70]=>
[2025-03-26T13:47:10.449+0000] {docker.py:69} INFO -   object(stdClass)#72 (3) {
[2025-03-26T13:47:10.449+0000] {docker.py:69} INFO -     ["contador"]=>
[2025-03-26T13:47:10.449+0000] {docker.py:69} INFO -     int(1)
[2025-03-26T13:47:10.449+0000] {docker.py:69} INFO -     ["container"]=>
[2025-03-26T13:47:10.450+0000] {docker.py:69} INFO -     string(8) "php-app1"
[2025-03-26T13:47:10.450+0000] {docker.py:69} INFO -     ["timestamp"]=>
[2025-03-26T13:47:10.450+0000] {docker.py:69} INFO -     int(1742996810)
[2025-03-26T13:47:10.451+0000] {docker.py:69} INFO -   }
[2025-03-26T13:47:10.451+0000] {docker.py:69} INFO -   [71]=>
[2025-03-26T13:47:10.452+0000] {docker.py:69} INFO -   object(stdClass)#73 (3) {
[2025-03-26T13:47:10.452+0000] {docker.py:69} INFO -     ["contador"]=>
[2025-03-26T13:47:10.452+0000] {docker.py:69} INFO -     int(1)
[2025-03-26T13:47:10.453+0000] {docker.py:69} INFO -     ["container"]=>
[2025-03-26T13:47:10.453+0000] {docker.py:69} INFO -     string(8) "php-app1"
[2025-03-26T13:47:10.453+0000] {docker.py:69} INFO -     ["timestamp"]=>
[2025-03-26T13:47:10.454+0000] {docker.py:69} INFO -     int(1742996812)
[2025-03-26T13:47:10.455+0000] {docker.py:69} INFO -   }
[2025-03-26T13:47:10.456+0000] {docker.py:69} INFO -   [72]=>
[2025-03-26T13:47:10.458+0000] {docker.py:69} INFO -   object(stdClass)#74 (3) {
[2025-03-26T13:47:10.458+0000] {docker.py:69} INFO -     ["contador"]=>
[2025-03-26T13:47:10.459+0000] {docker.py:69} INFO -     int(1)
[2025-03-26T13:47:10.460+0000] {docker.py:69} INFO -     ["container"]=>
[2025-03-26T13:47:10.460+0000] {docker.py:69} INFO -     string(8) "php-app2"
[2025-03-26T13:47:10.461+0000] {docker.py:69} INFO -     ["timestamp"]=>
[2025-03-26T13:47:10.462+0000] {docker.py:69} INFO -     int(1742996813)
[2025-03-26T13:47:10.462+0000] {docker.py:69} INFO -   }
[2025-03-26T13:47:10.463+0000] {docker.py:69} INFO -   [73]=>
[2025-03-26T13:47:10.465+0000] {docker.py:69} INFO -   object(stdClass)#75 (3) {
[2025-03-26T13:47:10.465+0000] {docker.py:69} INFO -     ["contador"]=>
[2025-03-26T13:47:10.466+0000] {docker.py:69} INFO -     int(1)
[2025-03-26T13:47:10.467+0000] {docker.py:69} INFO -     ["container"]=>
[2025-03-26T13:47:10.468+0000] {docker.py:69} INFO -     string(8) "php-app1"
[2025-03-26T13:47:10.468+0000] {docker.py:69} INFO -     ["timestamp"]=>
[2025-03-26T13:47:10.469+0000] {docker.py:69} INFO -     int(1742996813)
[2025-03-26T13:47:10.469+0000] {docker.py:69} INFO -   }
[2025-03-26T13:47:10.470+0000] {docker.py:69} INFO -   [74]=>
[2025-03-26T13:47:10.470+0000] {docker.py:69} INFO -   object(stdClass)#76 (3) {
[2025-03-26T13:47:10.471+0000] {docker.py:69} INFO -     ["contador"]=>
[2025-03-26T13:47:10.471+0000] {docker.py:69} INFO -     int(1)
[2025-03-26T13:47:10.471+0000] {docker.py:69} INFO -     ["container"]=>
[2025-03-26T13:47:10.472+0000] {docker.py:69} INFO -     string(8) "php-app2"
[2025-03-26T13:47:10.472+0000] {docker.py:69} INFO -     ["timestamp"]=>
[2025-03-26T13:47:10.473+0000] {docker.py:69} INFO -     int(1742996815)
[2025-03-26T13:47:10.473+0000] {docker.py:69} INFO -   }
[2025-03-26T13:47:10.474+0000] {docker.py:69} INFO -   [75]=>
[2025-03-26T13:47:10.475+0000] {docker.py:69} INFO -   object(stdClass)#77 (3) {
[2025-03-26T13:47:10.476+0000] {docker.py:69} INFO -     ["contador"]=>
[2025-03-26T13:47:10.476+0000] {docker.py:69} INFO -     int(1)
[2025-03-26T13:47:10.476+0000] {docker.py:69} INFO -     ["container"]=>
[2025-03-26T13:47:10.477+0000] {docker.py:69} INFO -     string(8) "php-app1"
[2025-03-26T13:47:10.477+0000] {docker.py:69} INFO -     ["timestamp"]=>
[2025-03-26T13:47:10.478+0000] {docker.py:69} INFO -     int(1742996816)
[2025-03-26T13:47:10.479+0000] {docker.py:69} INFO -   }
[2025-03-26T13:47:10.479+0000] {docker.py:69} INFO -   [76]=>
[2025-03-26T13:47:10.480+0000] {docker.py:69} INFO -   object(stdClass)#78 (3) {
[2025-03-26T13:47:10.481+0000] {docker.py:69} INFO -     ["contador"]=>
[2025-03-26T13:47:10.482+0000] {docker.py:69} INFO -     int(1)
[2025-03-26T13:47:10.484+0000] {docker.py:69} INFO -     ["container"]=>
[2025-03-26T13:47:10.484+0000] {docker.py:69} INFO -     string(8) "php-app2"
[2025-03-26T13:47:10.485+0000] {docker.py:69} INFO -     ["timestamp"]=>
[2025-03-26T13:47:10.485+0000] {docker.py:69} INFO -     int(1742996816)
[2025-03-26T13:47:10.486+0000] {docker.py:69} INFO -   }
[2025-03-26T13:47:10.486+0000] {docker.py:69} INFO -   [77]=>
[2025-03-26T13:47:10.486+0000] {docker.py:69} INFO -   object(stdClass)#79 (3) {
[2025-03-26T13:47:10.487+0000] {docker.py:69} INFO -     ["contador"]=>
[2025-03-26T13:47:10.487+0000] {docker.py:69} INFO -     int(1)
[2025-03-26T13:47:10.487+0000] {docker.py:69} INFO -     ["container"]=>
[2025-03-26T13:47:10.487+0000] {docker.py:69} INFO -     string(8) "php-app1"
[2025-03-26T13:47:10.488+0000] {docker.py:69} INFO -     ["timestamp"]=>
[2025-03-26T13:47:10.488+0000] {docker.py:69} INFO -     int(1742996816)
[2025-03-26T13:47:10.489+0000] {docker.py:69} INFO -   }
[2025-03-26T13:47:10.489+0000] {docker.py:69} INFO -   [78]=>
[2025-03-26T13:47:10.489+0000] {docker.py:69} INFO -   object(stdClass)#80 (3) {
[2025-03-26T13:47:10.490+0000] {docker.py:69} INFO -     ["contador"]=>
[2025-03-26T13:47:10.490+0000] {docker.py:69} INFO -     int(1)
[2025-03-26T13:47:10.491+0000] {docker.py:69} INFO -     ["container"]=>
[2025-03-26T13:47:10.491+0000] {docker.py:69} INFO -     string(8) "php-app1"
[2025-03-26T13:47:10.491+0000] {docker.py:69} INFO -     ["timestamp"]=>
[2025-03-26T13:47:10.492+0000] {docker.py:69} INFO -     int(1742996817)
[2025-03-26T13:47:10.492+0000] {docker.py:69} INFO -   }
[2025-03-26T13:47:10.493+0000] {docker.py:69} INFO -   [79]=>
[2025-03-26T13:47:10.493+0000] {docker.py:69} INFO -   object(stdClass)#81 (3) {
[2025-03-26T13:47:10.493+0000] {docker.py:69} INFO -     ["contador"]=>
[2025-03-26T13:47:10.494+0000] {docker.py:69} INFO -     int(1)
[2025-03-26T13:47:10.495+0000] {docker.py:69} INFO -     ["container"]=>
[2025-03-26T13:47:10.495+0000] {docker.py:69} INFO -     string(8) "php-app2"
[2025-03-26T13:47:10.497+0000] {docker.py:69} INFO -     ["timestamp"]=>
[2025-03-26T13:47:10.498+0000] {docker.py:69} INFO -     int(1742996817)
[2025-03-26T13:47:10.498+0000] {docker.py:69} INFO -   }
[2025-03-26T13:47:10.499+0000] {docker.py:69} INFO -   [80]=>
[2025-03-26T13:47:10.499+0000] {docker.py:69} INFO -   object(stdClass)#82 (3) {
[2025-03-26T13:47:10.500+0000] {docker.py:69} INFO -     ["contador"]=>
[2025-03-26T13:47:10.500+0000] {docker.py:69} INFO -     int(1)
[2025-03-26T13:47:10.500+0000] {docker.py:69} INFO -     ["container"]=>
[2025-03-26T13:47:10.501+0000] {docker.py:69} INFO -     string(8) "php-app2"
[2025-03-26T13:47:10.506+0000] {docker.py:69} INFO -     ["timestamp"]=>
[2025-03-26T13:47:10.507+0000] {docker.py:69} INFO -     int(1742996818)
[2025-03-26T13:47:10.508+0000] {docker.py:69} INFO -   }
[2025-03-26T13:47:10.509+0000] {docker.py:69} INFO -   [81]=>
[2025-03-26T13:47:10.509+0000] {docker.py:69} INFO -   object(stdClass)#83 (3) {
[2025-03-26T13:47:10.510+0000] {docker.py:69} INFO -     ["contador"]=>
[2025-03-26T13:47:10.510+0000] {docker.py:69} INFO -     int(1)
[2025-03-26T13:47:10.510+0000] {docker.py:69} INFO -     ["container"]=>
[2025-03-26T13:47:10.511+0000] {docker.py:69} INFO -     string(8) "php-app1"
[2025-03-26T13:47:10.512+0000] {docker.py:69} INFO -     ["timestamp"]=>
[2025-03-26T13:47:10.513+0000] {docker.py:69} INFO -     int(1742996821)
[2025-03-26T13:47:10.514+0000] {docker.py:69} INFO -   }
[2025-03-26T13:47:10.514+0000] {docker.py:69} INFO -   [82]=>
[2025-03-26T13:47:10.515+0000] {docker.py:69} INFO -   object(stdClass)#84 (3) {
[2025-03-26T13:47:10.515+0000] {docker.py:69} INFO -     ["contador"]=>
[2025-03-26T13:47:10.516+0000] {docker.py:69} INFO -     int(1)
[2025-03-26T13:47:10.519+0000] {docker.py:69} INFO -     ["container"]=>
[2025-03-26T13:47:10.519+0000] {docker.py:69} INFO -     string(8) "php-app1"
[2025-03-26T13:47:10.520+0000] {docker.py:69} INFO -     ["timestamp"]=>
[2025-03-26T13:47:10.520+0000] {docker.py:69} INFO -     int(1742996824)
[2025-03-26T13:47:10.521+0000] {docker.py:69} INFO -   }
[2025-03-26T13:47:10.521+0000] {docker.py:69} INFO -   [83]=>
[2025-03-26T13:47:10.521+0000] {docker.py:69} INFO -   object(stdClass)#85 (3) {
[2025-03-26T13:47:10.522+0000] {docker.py:69} INFO -     ["contador"]=>
[2025-03-26T13:47:10.522+0000] {docker.py:69} INFO -     int(1)
[2025-03-26T13:47:10.523+0000] {docker.py:69} INFO -     ["container"]=>
[2025-03-26T13:47:10.523+0000] {docker.py:69} INFO -     string(8) "php-app2"
[2025-03-26T13:47:10.523+0000] {docker.py:69} INFO -     ["timestamp"]=>
[2025-03-26T13:47:10.523+0000] {docker.py:69} INFO -     int(1742996825)
[2025-03-26T13:47:10.524+0000] {docker.py:69} INFO -   }
[2025-03-26T13:47:10.524+0000] {docker.py:69} INFO -   [84]=>
[2025-03-26T13:47:10.524+0000] {docker.py:69} INFO -   object(stdClass)#86 (3) {
[2025-03-26T13:47:10.525+0000] {docker.py:69} INFO -     ["contador"]=>
[2025-03-26T13:47:10.525+0000] {docker.py:69} INFO -     int(1)
[2025-03-26T13:47:10.526+0000] {docker.py:69} INFO -     ["container"]=>
[2025-03-26T13:47:10.526+0000] {docker.py:69} INFO -     string(8) "php-app2"
[2025-03-26T13:47:10.556+0000] {docker.py:69} INFO -     ["timestamp"]=>
[2025-03-26T13:47:10.556+0000] {docker.py:69} INFO -     int(1742996826)
[2025-03-26T13:47:10.557+0000] {docker.py:69} INFO -   }
[2025-03-26T13:47:10.557+0000] {docker.py:69} INFO -   [85]=>
[2025-03-26T13:47:10.557+0000] {docker.py:69} INFO -   object(stdClass)#87 (3) {
[2025-03-26T13:47:10.558+0000] {docker.py:69} INFO -     ["contador"]=>
[2025-03-26T13:47:10.558+0000] {docker.py:69} INFO -     int(1)
[2025-03-26T13:47:10.559+0000] {docker.py:69} INFO -     ["container"]=>
[2025-03-26T13:47:10.560+0000] {docker.py:69} INFO -     string(8) "php-app2"
[2025-03-26T13:47:10.560+0000] {docker.py:69} INFO -     ["timestamp"]=>
[2025-03-26T13:47:10.561+0000] {docker.py:69} INFO -     int(1742996826)
[2025-03-26T13:47:10.561+0000] {docker.py:69} INFO -   }
[2025-03-26T13:47:10.561+0000] {docker.py:69} INFO -   [86]=>
[2025-03-26T13:47:10.562+0000] {docker.py:69} INFO -   object(stdClass)#88 (3) {
[2025-03-26T13:47:10.562+0000] {docker.py:69} INFO -     ["contador"]=>
[2025-03-26T13:47:10.562+0000] {docker.py:69} INFO -     int(1)
[2025-03-26T13:47:10.563+0000] {docker.py:69} INFO -     ["container"]=>
[2025-03-26T13:47:10.563+0000] {docker.py:69} INFO -     string(8) "php-app1"
[2025-03-26T13:47:10.564+0000] {docker.py:69} INFO -     ["timestamp"]=>
[2025-03-26T13:47:10.564+0000] {docker.py:69} INFO -     int(1742996827)
[2025-03-26T13:47:10.565+0000] {docker.py:69} INFO -   }
[2025-03-26T13:47:10.566+0000] {docker.py:69} INFO -   [87]=>
[2025-03-26T13:47:10.567+0000] {docker.py:69} INFO -   object(stdClass)#89 (3) {
[2025-03-26T13:47:10.567+0000] {docker.py:69} INFO -     ["contador"]=>
[2025-03-26T13:47:10.567+0000] {docker.py:69} INFO -     int(1)
[2025-03-26T13:47:10.568+0000] {docker.py:69} INFO -     ["container"]=>
[2025-03-26T13:47:10.568+0000] {docker.py:69} INFO -     string(8) "php-app2"
[2025-03-26T13:47:10.568+0000] {docker.py:69} INFO -     ["timestamp"]=>
[2025-03-26T13:47:10.569+0000] {docker.py:69} INFO -     int(1742996828)
[2025-03-26T13:47:10.569+0000] {docker.py:69} INFO -   }
[2025-03-26T13:47:10.570+0000] {docker.py:69} INFO -   [88]=>
[2025-03-26T13:47:10.571+0000] {docker.py:69} INFO -   object(stdClass)#90 (3) {
[2025-03-26T13:47:10.571+0000] {docker.py:69} INFO -     ["contador"]=>
[2025-03-26T13:47:10.571+0000] {docker.py:69} INFO -     int(1)
[2025-03-26T13:47:10.572+0000] {docker.py:69} INFO -     ["container"]=>
[2025-03-26T13:47:10.572+0000] {docker.py:69} INFO -     string(8) "php-app1"
[2025-03-26T13:47:10.573+0000] {docker.py:69} INFO -     ["timestamp"]=>
[2025-03-26T13:47:10.573+0000] {docker.py:69} INFO -     int(1742996828)
[2025-03-26T13:47:10.573+0000] {docker.py:69} INFO -   }
[2025-03-26T13:47:10.574+0000] {docker.py:69} INFO -   [89]=>
[2025-03-26T13:47:10.574+0000] {docker.py:69} INFO -   array(3) {
[2025-03-26T13:47:10.575+0000] {docker.py:69} INFO -     ["contador"]=>
[2025-03-26T13:47:10.575+0000] {docker.py:69} INFO -     int(1)
[2025-03-26T13:47:10.575+0000] {docker.py:69} INFO -     ["container"]=>
[2025-03-26T13:47:10.576+0000] {docker.py:69} INFO -     string(8) "php-app2"
[2025-03-26T13:47:10.576+0000] {docker.py:69} INFO -     ["timestamp"]=>
[2025-03-26T13:47:10.576+0000] {docker.py:69} INFO -     int(1742996829)
[2025-03-26T13:47:10.577+0000] {docker.py:69} INFO -   }
[2025-03-26T13:47:10.577+0000] {docker.py:69} INFO - }
[2025-03-26T13:47:11.062+0000] {taskinstance.py:341} INFO - ::group::Post task execution logs
[2025-03-26T13:47:11.063+0000] {taskinstance.py:353} INFO - Marking task as SUCCESS. dag_id=containers1_dag, task_id=php_app2, run_id=scheduled__2025-03-25T02:40:00+00:00, execution_date=20250325T024000, start_date=20250326T134702, end_date=20250326T134711
[2025-03-26T13:47:11.155+0000] {local_task_job_runner.py:266} INFO - Task exited with return code 0
[2025-03-26T13:47:11.184+0000] {taskinstance.py:3901} INFO - 0 downstream tasks scheduled from follow-on schedule check
[2025-03-26T13:47:11.189+0000] {local_task_job_runner.py:245} INFO - ::endgroup::
