[2025-03-26T13:48:06.258+0000] {local_task_job_runner.py:123} INFO - ::group::Pre task execution logs
[2025-03-26T13:48:06.375+0000] {taskinstance.py:2614} INFO - Dependencies all met for dep_context=non-requeueable deps ti=<TaskInstance: containers1_dag.php_app2 scheduled__2025-03-25T04:25:00+00:00 [queued]>
[2025-03-26T13:48:06.395+0000] {taskinstance.py:2614} INFO - Dependencies all met for dep_context=requeueable deps ti=<TaskInstance: containers1_dag.php_app2 scheduled__2025-03-25T04:25:00+00:00 [queued]>
[2025-03-26T13:48:06.396+0000] {taskinstance.py:2867} INFO - Starting attempt 1 of 6
[2025-03-26T13:48:06.545+0000] {taskinstance.py:2890} INFO - Executing <Task(DockerOperator): php_app2> on 2025-03-25 04:25:00+00:00
[2025-03-26T13:48:06.744+0000] {standard_task_runner.py:104} INFO - Running: ['***', 'tasks', 'run', 'containers1_dag', 'php_app2', 'scheduled__2025-03-25T04:25:00+00:00', '--job-id', '128', '--raw', '--subdir', 'DAGS_FOLDER/containers1_dag.py', '--cfg-path', '/tmp/tmp1ahpls9z']
[2025-03-26T13:48:06.790+0000] {standard_task_runner.py:105} INFO - Job 128: Subtask php_app2
[2025-03-26T13:48:06.846+0000] {logging_mixin.py:190} WARNING - /home/***/.local/lib/python3.12/site-packages/***/task/task_runner/standard_task_runner.py:70 DeprecationWarning: This process (pid=944) is multi-threaded, use of fork() may lead to deadlocks in the child.
[2025-03-26T13:48:06.848+0000] {standard_task_runner.py:72} INFO - Started process 952 to run task
[2025-03-26T13:48:08.083+0000] {task_command.py:467} INFO - Running <TaskInstance: containers1_dag.php_app2 scheduled__2025-03-25T04:25:00+00:00 [running]> on host 3d581a580455
[2025-03-26T13:48:09.105+0000] {taskinstance.py:3134} INFO - Exporting env vars: AIRFLOW_CTX_DAG_OWNER='andre' AIRFLOW_CTX_DAG_ID='containers1_dag' AIRFLOW_CTX_TASK_ID='php_app2' AIRFLOW_CTX_EXECUTION_DATE='2025-03-25T04:25:00+00:00' AIRFLOW_CTX_TRY_NUMBER='1' AIRFLOW_CTX_DAG_RUN_ID='scheduled__2025-03-25T04:25:00+00:00'
[2025-03-26T13:48:09.106+0000] {taskinstance.py:732} INFO - ::endgroup::
[2025-03-26T13:48:09.479+0000] {docker.py:345} INFO - Starting docker container from image php-app2
[2025-03-26T13:48:09.634+0000] {docker.py:353} WARNING - Using remote engine or docker-in-docker and mounting temporary volume from host is not supported. Falling back to `mount_tmp_dir=False` mode. You can set `mount_tmp_dir` parameter to False to disable mounting and remove the warning
[2025-03-26T13:48:11.418+0000] {docker.py:69} INFO - array(130) {
[2025-03-26T13:48:11.419+0000] {docker.py:69} INFO -   [0]=>
[2025-03-26T13:48:11.437+0000] {docker.py:69} INFO -   object(stdClass)#2 (3) {
[2025-03-26T13:48:11.442+0000] {docker.py:69} INFO -     ["contador
[2025-03-26T13:48:11.443+0000] {docker.py:69} INFO - "
[2025-03-26T13:48:11.446+0000] {docker.py:69} INFO - ]=>
[2025-03-26T13:48:11.446+0000] {docker.py:69} INFO -     int(0)
[2025-03-26T13:48:11.447+0000] {docker.py:69} INFO -     ["
[2025-03-26T13:48:11.453+0000] {docker.py:69} INFO - container
[2025-03-26T13:48:11.459+0000] {docker.py:69} INFO - "
[2025-03-26T13:48:11.459+0000] {docker.py:69} INFO - ]=>
[2025-03-26T13:48:11.460+0000] {docker.py:69} INFO - string(8) "php-app1
[2025-03-26T13:48:11.460+0000] {docker.py:69} INFO - "
[2025-03-26T13:48:11.460+0000] {docker.py:69} INFO -     ["timestamp"
[2025-03-26T13:48:11.461+0000] {docker.py:69} INFO - ]=>
[2025-03-26T13:48:11.470+0000] {docker.py:69} INFO -     int(1742852307)
[2025-03-26T13:48:11.471+0000] {docker.py:69} INFO -   }
[2025-03-26T13:48:11.471+0000] {docker.py:69} INFO -   [1]=>
[2025-03-26T13:48:11.472+0000] {docker.py:69} INFO -   object(stdClass)#3 (3) {
[2025-03-26T13:48:11.473+0000] {docker.py:69} INFO -     ["contador"]=>
[2025-03-26T13:48:11.479+0000] {docker.py:69} INFO -     int(1)
[2025-03-26T13:48:11.480+0000] {docker.py:69} INFO -     ["container"]=>
[2025-03-26T13:48:11.480+0000] {docker.py:69} INFO -     string(8) "php-app2"
[2025-03-26T13:48:11.481+0000] {docker.py:69} INFO -     ["timestamp"]=>
[2025-03-26T13:48:11.481+0000] {docker.py:69} INFO -     int(1742852309)
[2025-03-26T13:48:11.485+0000] {docker.py:69} INFO - }
[2025-03-26T13:48:11.486+0000] {docker.py:69} INFO -   [2]=>
[2025-03-26T13:48:11.487+0000] {docker.py:69} INFO -   object(stdClass)#4 (3) {
[2025-03-26T13:48:11.489+0000] {docker.py:69} INFO -     ["contador"]=>
[2025-03-26T13:48:11.490+0000] {docker.py:69} INFO -     int(1)
[2025-03-26T13:48:11.490+0000] {docker.py:69} INFO -     [
[2025-03-26T13:48:11.493+0000] {docker.py:69} INFO - "container"]=>
[2025-03-26T13:48:11.496+0000] {docker.py:69} INFO - string(8) "php-app1
[2025-03-26T13:48:11.498+0000] {docker.py:69} INFO - "
[2025-03-26T13:48:11.499+0000] {docker.py:69} INFO -     [
[2025-03-26T13:48:11.502+0000] {docker.py:69} INFO - "timestamp"]=>
[2025-03-26T13:48:11.502+0000] {docker.py:69} INFO -     int(1742852311)
[2025-03-26T13:48:11.503+0000] {docker.py:69} INFO -   }
[2025-03-26T13:48:11.508+0000] {docker.py:69} INFO -   [3]=>
[2025-03-26T13:48:11.509+0000] {docker.py:69} INFO - 
[2025-03-26T13:48:11.509+0000] {docker.py:69} INFO - object(stdClass)#5 (3) {
[2025-03-26T13:48:11.513+0000] {docker.py:69} INFO -     ["
[2025-03-26T13:48:11.517+0000] {docker.py:69} INFO - contador
[2025-03-26T13:48:11.519+0000] {docker.py:69} INFO - "
[2025-03-26T13:48:11.522+0000] {docker.py:69} INFO - ]=>
[2025-03-26T13:48:11.522+0000] {docker.py:69} INFO -     int(1)
[2025-03-26T13:48:11.524+0000] {docker.py:69} INFO -     ["
[2025-03-26T13:48:11.525+0000] {docker.py:69} INFO - container
[2025-03-26T13:48:11.525+0000] {docker.py:69} INFO - "
[2025-03-26T13:48:11.526+0000] {docker.py:69} INFO - ]=>
[2025-03-26T13:48:11.526+0000] {docker.py:69} INFO -     string(8) "
[2025-03-26T13:48:11.527+0000] {docker.py:69} INFO - php-app2"
[2025-03-26T13:48:11.530+0000] {docker.py:69} INFO -     ["
[2025-03-26T13:48:11.531+0000] {docker.py:69} INFO - timestamp"
[2025-03-26T13:48:11.544+0000] {docker.py:69} INFO - ]=>
[2025-03-26T13:48:11.545+0000] {docker.py:69} INFO - 
[2025-03-26T13:48:11.563+0000] {docker.py:69} INFO - int(1742852314)
[2025-03-26T13:48:11.564+0000] {docker.py:69} INFO -   }
[2025-03-26T13:48:11.565+0000] {docker.py:69} INFO -   [4]=>
[2025-03-26T13:48:11.565+0000] {docker.py:69} INFO - 
[2025-03-26T13:48:11.566+0000] {docker.py:69} INFO - object(stdClass)#6 (3) {
[2025-03-26T13:48:11.566+0000] {docker.py:69} INFO -     ["contador"]=>
[2025-03-26T13:48:11.567+0000] {docker.py:69} INFO -     int(1)
[2025-03-26T13:48:11.568+0000] {docker.py:69} INFO -     ["
[2025-03-26T13:48:11.569+0000] {docker.py:69} INFO - container
[2025-03-26T13:48:11.569+0000] {docker.py:69} INFO - "]=>
[2025-03-26T13:48:11.570+0000] {docker.py:69} INFO - string(8) "
[2025-03-26T13:48:11.571+0000] {docker.py:69} INFO - php-app2
[2025-03-26T13:48:11.571+0000] {docker.py:69} INFO - "
[2025-03-26T13:48:11.572+0000] {docker.py:69} INFO -     [
[2025-03-26T13:48:11.573+0000] {docker.py:69} INFO - "
[2025-03-26T13:48:11.574+0000] {docker.py:69} INFO - timestamp"
[2025-03-26T13:48:11.574+0000] {docker.py:69} INFO - ]=>
[2025-03-26T13:48:11.575+0000] {docker.py:69} INFO -     int(1742996301)
[2025-03-26T13:48:11.576+0000] {docker.py:69} INFO - }
[2025-03-26T13:48:11.576+0000] {docker.py:69} INFO -   [5]=>
[2025-03-26T13:48:11.577+0000] {docker.py:69} INFO - object(stdClass)#7 (3) {
[2025-03-26T13:48:11.578+0000] {docker.py:69} INFO -     ["contador"]=>
[2025-03-26T13:48:11.579+0000] {docker.py:69} INFO - 
[2025-03-26T13:48:11.579+0000] {docker.py:69} INFO - int(1)
[2025-03-26T13:48:11.580+0000] {docker.py:69} INFO -     ["
[2025-03-26T13:48:11.581+0000] {docker.py:69} INFO - container"]=>
[2025-03-26T13:48:11.581+0000] {docker.py:69} INFO - 
[2025-03-26T13:48:11.582+0000] {docker.py:69} INFO - string(8) "
[2025-03-26T13:48:11.583+0000] {docker.py:69} INFO - php-app1"
[2025-03-26T13:48:11.584+0000] {docker.py:69} INFO -     ["timestamp
[2025-03-26T13:48:11.585+0000] {docker.py:69} INFO - "]=>
[2025-03-26T13:48:11.585+0000] {docker.py:69} INFO - 
[2025-03-26T13:48:11.586+0000] {docker.py:69} INFO - int(1742996302)
[2025-03-26T13:48:11.587+0000] {docker.py:69} INFO -   }
[2025-03-26T13:48:11.588+0000] {docker.py:69} INFO -   [6]=>
[2025-03-26T13:48:11.588+0000] {docker.py:69} INFO -   object(stdClass)#8 (3) {
[2025-03-26T13:48:11.589+0000] {docker.py:69} INFO -     ["
[2025-03-26T13:48:11.589+0000] {docker.py:69} INFO - contador
[2025-03-26T13:48:11.590+0000] {docker.py:69} INFO - "
[2025-03-26T13:48:11.590+0000] {docker.py:69} INFO - ]=>
[2025-03-26T13:48:11.591+0000] {docker.py:69} INFO -     int(1)
[2025-03-26T13:48:11.592+0000] {docker.py:69} INFO -     ["container
[2025-03-26T13:48:11.597+0000] {docker.py:69} INFO - "
[2025-03-26T13:48:11.640+0000] {docker.py:69} INFO - ]=>
[2025-03-26T13:48:11.646+0000] {docker.py:69} INFO - 
[2025-03-26T13:48:11.647+0000] {docker.py:69} INFO - string(8) "php-app1"
[2025-03-26T13:48:11.648+0000] {docker.py:69} INFO -     ["timestamp
[2025-03-26T13:48:11.649+0000] {docker.py:69} INFO - "]=>
[2025-03-26T13:48:11.649+0000] {docker.py:69} INFO -     int(1742996302)
[2025-03-26T13:48:11.650+0000] {docker.py:69} INFO -   }
[2025-03-26T13:48:11.650+0000] {docker.py:69} INFO -   [7]=>
[2025-03-26T13:48:11.651+0000] {docker.py:69} INFO -   object(stdClass)#9 (3) {
[2025-03-26T13:48:11.652+0000] {docker.py:69} INFO -     ["contador"]=>
[2025-03-26T13:48:11.652+0000] {docker.py:69} INFO -     int(1)
[2025-03-26T13:48:11.652+0000] {docker.py:69} INFO -     ["container"]=>
[2025-03-26T13:48:11.653+0000] {docker.py:69} INFO -     string(8) "php-app2"
[2025-03-26T13:48:11.653+0000] {docker.py:69} INFO -     ["timestamp"]=>
[2025-03-26T13:48:11.654+0000] {docker.py:69} INFO -     int(1742996303)
[2025-03-26T13:48:11.654+0000] {docker.py:69} INFO -   }
[2025-03-26T13:48:11.658+0000] {docker.py:69} INFO -   [8]=>
[2025-03-26T13:48:11.659+0000] {docker.py:69} INFO -   object(stdClass)#10 (3) {
[2025-03-26T13:48:11.659+0000] {docker.py:69} INFO -     ["contador"]=>
[2025-03-26T13:48:11.660+0000] {docker.py:69} INFO -     int(1)
[2025-03-26T13:48:11.660+0000] {docker.py:69} INFO -     ["container"]=>
[2025-03-26T13:48:11.661+0000] {docker.py:69} INFO -     string(8) "php-app1"
[2025-03-26T13:48:11.662+0000] {docker.py:69} INFO -     ["timestamp"]=>
[2025-03-26T13:48:11.665+0000] {docker.py:69} INFO -     int(1742996304)
[2025-03-26T13:48:11.666+0000] {docker.py:69} INFO -   }
[2025-03-26T13:48:11.666+0000] {docker.py:69} INFO -   [9]=>
[2025-03-26T13:48:11.667+0000] {docker.py:69} INFO -   object(stdClass)#11 (3) {
[2025-03-26T13:48:11.667+0000] {docker.py:69} INFO -     ["contador"]=>
[2025-03-26T13:48:11.668+0000] {docker.py:69} INFO -     int(1)
[2025-03-26T13:48:11.671+0000] {docker.py:69} INFO -     ["container"]=>
[2025-03-26T13:48:11.672+0000] {docker.py:69} INFO -     string(8) "php-app2"
[2025-03-26T13:48:11.672+0000] {docker.py:69} INFO -     ["timestamp"
[2025-03-26T13:48:11.673+0000] {docker.py:69} INFO - ]=>
[2025-03-26T13:48:11.674+0000] {docker.py:69} INFO -     int(1742996305)
[2025-03-26T13:48:11.675+0000] {docker.py:69} INFO -   }
[2025-03-26T13:48:11.675+0000] {docker.py:69} INFO -   [10]=>
[2025-03-26T13:48:11.675+0000] {docker.py:69} INFO -   object(stdClass)#12 (3) {
[2025-03-26T13:48:11.679+0000] {docker.py:69} INFO -     ["contador"]=>
[2025-03-26T13:48:11.681+0000] {docker.py:69} INFO -     int(1)
[2025-03-26T13:48:11.682+0000] {docker.py:69} INFO -     [
[2025-03-26T13:48:11.683+0000] {docker.py:69} INFO - "container"
[2025-03-26T13:48:11.684+0000] {docker.py:69} INFO - ]=>
[2025-03-26T13:48:11.684+0000] {docker.py:69} INFO - 
[2025-03-26T13:48:11.685+0000] {docker.py:69} INFO - string(8) "
[2025-03-26T13:48:11.685+0000] {docker.py:69} INFO - php-app2"
[2025-03-26T13:48:11.686+0000] {docker.py:69} INFO -     ["timestamp"]=>
[2025-03-26T13:48:11.686+0000] {docker.py:69} INFO -     int(1742996305)
[2025-03-26T13:48:11.687+0000] {docker.py:69} INFO -   }
[2025-03-26T13:48:11.687+0000] {docker.py:69} INFO -   [11]=>
[2025-03-26T13:48:11.688+0000] {docker.py:69} INFO -   object(stdClass)#13 (3) {
[2025-03-26T13:48:11.694+0000] {docker.py:69} INFO -     ["contador"]=>
[2025-03-26T13:48:11.697+0000] {docker.py:69} INFO -     int(1)
[2025-03-26T13:48:11.697+0000] {docker.py:69} INFO -     ["container"]=>
[2025-03-26T13:48:11.698+0000] {docker.py:69} INFO -     string(8) "php-app1"
[2025-03-26T13:48:11.701+0000] {docker.py:69} INFO -     ["timestamp"]=>
[2025-03-26T13:48:11.702+0000] {docker.py:69} INFO -     int(1742996305)
[2025-03-26T13:48:11.702+0000] {docker.py:69} INFO -   }
[2025-03-26T13:48:11.704+0000] {docker.py:69} INFO -   [12]=>
[2025-03-26T13:48:11.714+0000] {docker.py:69} INFO -   object(stdClass)#14 (3) {
[2025-03-26T13:48:11.715+0000] {docker.py:69} INFO -     ["contador"]=>
[2025-03-26T13:48:11.715+0000] {docker.py:69} INFO -     int(1)
[2025-03-26T13:48:11.716+0000] {docker.py:69} INFO -     ["container"]=>
[2025-03-26T13:48:11.716+0000] {docker.py:69} INFO -     string(8) "php-app1"
[2025-03-26T13:48:11.722+0000] {docker.py:69} INFO -     ["timestamp"]=>
[2025-03-26T13:48:11.723+0000] {docker.py:69} INFO -     int(1742996309)
[2025-03-26T13:48:11.725+0000] {docker.py:69} INFO -   }
[2025-03-26T13:48:11.727+0000] {docker.py:69} INFO -   [13]=>
[2025-03-26T13:48:11.727+0000] {docker.py:69} INFO -   object(stdClass)#15 (3) {
[2025-03-26T13:48:11.729+0000] {docker.py:69} INFO -     ["contador"]=>
[2025-03-26T13:48:11.741+0000] {docker.py:69} INFO -     int(1)
[2025-03-26T13:48:11.742+0000] {docker.py:69} INFO -     ["container"]=>
[2025-03-26T13:48:11.746+0000] {docker.py:69} INFO -     string(8) "php-app1"
[2025-03-26T13:48:11.746+0000] {docker.py:69} INFO -     ["timestamp"]=>
[2025-03-26T13:48:11.747+0000] {docker.py:69} INFO -     int(1742996309)
[2025-03-26T13:48:11.753+0000] {docker.py:69} INFO -   }
[2025-03-26T13:48:11.754+0000] {docker.py:69} INFO -   [14]=>
[2025-03-26T13:48:11.754+0000] {docker.py:69} INFO -   object(stdClass)#16 (3) {
[2025-03-26T13:48:11.754+0000] {docker.py:69} INFO -     ["contador"]=>
[2025-03-26T13:48:11.755+0000] {docker.py:69} INFO -     int(1)
[2025-03-26T13:48:11.757+0000] {docker.py:69} INFO -     ["
[2025-03-26T13:48:11.758+0000] {docker.py:69} INFO - container"]=>
[2025-03-26T13:48:11.758+0000] {docker.py:69} INFO -     string(8) "
[2025-03-26T13:48:11.759+0000] {docker.py:69} INFO - php-app2"
[2025-03-26T13:48:11.759+0000] {docker.py:69} INFO -     [
[2025-03-26T13:48:11.760+0000] {docker.py:69} INFO - "timestamp"]=>
[2025-03-26T13:48:11.761+0000] {docker.py:69} INFO -     int(1742996309)
[2025-03-26T13:48:11.761+0000] {docker.py:69} INFO -   }
[2025-03-26T13:48:11.762+0000] {docker.py:69} INFO -   [15]=>
[2025-03-26T13:48:11.762+0000] {docker.py:69} INFO -   object(stdClass)#17 (3) {
[2025-03-26T13:48:11.763+0000] {docker.py:69} INFO -     ["contador
[2025-03-26T13:48:11.763+0000] {docker.py:69} INFO - "]=>
[2025-03-26T13:48:11.764+0000] {docker.py:69} INFO - 
[2025-03-26T13:48:11.764+0000] {docker.py:69} INFO - int(1)
[2025-03-26T13:48:11.765+0000] {docker.py:69} INFO -     [
[2025-03-26T13:48:11.765+0000] {docker.py:69} INFO - "
[2025-03-26T13:48:11.766+0000] {docker.py:69} INFO - container
[2025-03-26T13:48:11.766+0000] {docker.py:69} INFO - "]=>
[2025-03-26T13:48:11.767+0000] {docker.py:69} INFO - 
[2025-03-26T13:48:11.767+0000] {docker.py:69} INFO - string(8) "php-app2
[2025-03-26T13:48:11.768+0000] {docker.py:69} INFO - "
[2025-03-26T13:48:11.768+0000] {docker.py:69} INFO -     [
[2025-03-26T13:48:11.769+0000] {docker.py:69} INFO - "timestamp
[2025-03-26T13:48:11.769+0000] {docker.py:69} INFO - "
[2025-03-26T13:48:11.770+0000] {docker.py:69} INFO - ]=>
[2025-03-26T13:48:11.770+0000] {docker.py:69} INFO - 
[2025-03-26T13:48:11.771+0000] {docker.py:69} INFO - int(1742996309)
[2025-03-26T13:48:11.771+0000] {docker.py:69} INFO -   }
[2025-03-26T13:48:11.772+0000] {docker.py:69} INFO -   [16]=>
[2025-03-26T13:48:11.773+0000] {docker.py:69} INFO - 
[2025-03-26T13:48:11.773+0000] {docker.py:69} INFO - object(stdClass)#18 (3) {
[2025-03-26T13:48:11.776+0000] {docker.py:69} INFO -     [
[2025-03-26T13:48:11.777+0000] {docker.py:69} INFO - "
[2025-03-26T13:48:11.779+0000] {docker.py:69} INFO - contador"
[2025-03-26T13:48:11.780+0000] {docker.py:69} INFO - ]=>
[2025-03-26T13:48:11.781+0000] {docker.py:69} INFO -     int(1)
[2025-03-26T13:48:11.782+0000] {docker.py:69} INFO -     ["container"
[2025-03-26T13:48:11.782+0000] {docker.py:69} INFO - ]=>
[2025-03-26T13:48:11.783+0000] {docker.py:69} INFO - 
[2025-03-26T13:48:11.786+0000] {docker.py:69} INFO - string(8) "
[2025-03-26T13:48:11.787+0000] {docker.py:69} INFO - php-app1"
[2025-03-26T13:48:11.787+0000] {docker.py:69} INFO -     [
[2025-03-26T13:48:11.788+0000] {docker.py:69} INFO - "timestamp"]=>
[2025-03-26T13:48:11.789+0000] {docker.py:69} INFO -     int(1742996310)
[2025-03-26T13:48:11.790+0000] {docker.py:69} INFO -   }
[2025-03-26T13:48:11.790+0000] {docker.py:69} INFO -   [17]=>
[2025-03-26T13:48:11.790+0000] {docker.py:69} INFO -   object(stdClass)#19 (3) {
[2025-03-26T13:48:11.791+0000] {docker.py:69} INFO -     ["contador"]=>
[2025-03-26T13:48:11.791+0000] {docker.py:69} INFO -     int(1)
[2025-03-26T13:48:11.792+0000] {docker.py:69} INFO -     ["container"]=>
[2025-03-26T13:48:11.792+0000] {docker.py:69} INFO -     string(8) "php-app2"
[2025-03-26T13:48:11.793+0000] {docker.py:69} INFO -     ["timestamp"]=>
[2025-03-26T13:48:11.793+0000] {docker.py:69} INFO -     int(1742996310)
[2025-03-26T13:48:11.793+0000] {docker.py:69} INFO -   }
[2025-03-26T13:48:11.794+0000] {docker.py:69} INFO -   [18]=>
[2025-03-26T13:48:11.794+0000] {docker.py:69} INFO -   object(stdClass)#20 (3) {
[2025-03-26T13:48:11.795+0000] {docker.py:69} INFO -     ["contador"]=>
[2025-03-26T13:48:11.795+0000] {docker.py:69} INFO -     int(1)
[2025-03-26T13:48:11.796+0000] {docker.py:69} INFO -     ["container"]=>
[2025-03-26T13:48:11.796+0000] {docker.py:69} INFO -     string(8) "php-app2"
[2025-03-26T13:48:11.797+0000] {docker.py:69} INFO -     [
[2025-03-26T13:48:11.798+0000] {docker.py:69} INFO - "timestamp"]=>
[2025-03-26T13:48:11.799+0000] {docker.py:69} INFO -     int(1742996310)
[2025-03-26T13:48:11.799+0000] {docker.py:69} INFO - 
[2025-03-26T13:48:11.800+0000] {docker.py:69} INFO - }
[2025-03-26T13:48:11.800+0000] {docker.py:69} INFO -   [19]=>
[2025-03-26T13:48:11.801+0000] {docker.py:69} INFO - object(stdClass)#21 (3) {
[2025-03-26T13:48:11.801+0000] {docker.py:69} INFO -     [
[2025-03-26T13:48:11.802+0000] {docker.py:69} INFO - "contador"
[2025-03-26T13:48:11.802+0000] {docker.py:69} INFO - ]=>
[2025-03-26T13:48:11.803+0000] {docker.py:69} INFO -     int(1)
[2025-03-26T13:48:11.803+0000] {docker.py:69} INFO -     [
[2025-03-26T13:48:11.804+0000] {docker.py:69} INFO - "
[2025-03-26T13:48:11.804+0000] {docker.py:69} INFO - container"]=>
[2025-03-26T13:48:11.805+0000] {docker.py:69} INFO - string(8) "
[2025-03-26T13:48:11.805+0000] {docker.py:69} INFO - php-app1"
[2025-03-26T13:48:11.806+0000] {docker.py:69} INFO -     ["
[2025-03-26T13:48:11.806+0000] {docker.py:69} INFO - timestamp"]=>
[2025-03-26T13:48:11.807+0000] {docker.py:69} INFO -     int(1742996311)
[2025-03-26T13:48:11.807+0000] {docker.py:69} INFO -   }
[2025-03-26T13:48:11.808+0000] {docker.py:69} INFO -   [20]=>
[2025-03-26T13:48:11.809+0000] {docker.py:69} INFO -   object(stdClass)#22 (3) {
[2025-03-26T13:48:11.809+0000] {docker.py:69} INFO -     [
[2025-03-26T13:48:11.810+0000] {docker.py:69} INFO - "
[2025-03-26T13:48:11.811+0000] {docker.py:69} INFO - contador"]=>
[2025-03-26T13:48:11.811+0000] {docker.py:69} INFO -     int(1)
[2025-03-26T13:48:11.812+0000] {docker.py:69} INFO -     [
[2025-03-26T13:48:11.812+0000] {docker.py:69} INFO - "container
[2025-03-26T13:48:11.812+0000] {docker.py:69} INFO - "]=>
[2025-03-26T13:48:11.813+0000] {docker.py:69} INFO -     string(8) "php-app1
[2025-03-26T13:48:11.814+0000] {docker.py:69} INFO - "
[2025-03-26T13:48:11.814+0000] {docker.py:69} INFO -     ["
[2025-03-26T13:48:11.815+0000] {docker.py:69} INFO - timestamp"
[2025-03-26T13:48:11.815+0000] {docker.py:69} INFO - ]=>
[2025-03-26T13:48:11.816+0000] {docker.py:69} INFO -     int(1742996311)
[2025-03-26T13:48:11.816+0000] {docker.py:69} INFO - }
[2025-03-26T13:48:11.817+0000] {docker.py:69} INFO -   [21]=>
[2025-03-26T13:48:11.817+0000] {docker.py:69} INFO - 
[2025-03-26T13:48:11.818+0000] {docker.py:69} INFO - object(stdClass)#23 (3) {
[2025-03-26T13:48:11.818+0000] {docker.py:69} INFO -     [
[2025-03-26T13:48:11.819+0000] {docker.py:69} INFO - "contador
[2025-03-26T13:48:11.819+0000] {docker.py:69} INFO - "]=>
[2025-03-26T13:48:11.819+0000] {docker.py:69} INFO - int(1)
[2025-03-26T13:48:11.820+0000] {docker.py:69} INFO -     ["
[2025-03-26T13:48:11.821+0000] {docker.py:69} INFO - container"]=>
[2025-03-26T13:48:11.822+0000] {docker.py:69} INFO - string(8) "
[2025-03-26T13:48:11.822+0000] {docker.py:69} INFO - php-app2"
[2025-03-26T13:48:11.823+0000] {docker.py:69} INFO -     [
[2025-03-26T13:48:11.823+0000] {docker.py:69} INFO - "timestamp"
[2025-03-26T13:48:11.824+0000] {docker.py:69} INFO - ]=>
[2025-03-26T13:48:11.824+0000] {docker.py:69} INFO - 
[2025-03-26T13:48:11.825+0000] {docker.py:69} INFO - int(1742996312)
[2025-03-26T13:48:11.825+0000] {docker.py:69} INFO -   }
[2025-03-26T13:48:11.826+0000] {docker.py:69} INFO -   [22]=>
[2025-03-26T13:48:11.827+0000] {docker.py:69} INFO -   object(stdClass)#24 (3) {
[2025-03-26T13:48:11.827+0000] {docker.py:69} INFO -     ["contador"]=>
[2025-03-26T13:48:11.828+0000] {docker.py:69} INFO -     int(1)
[2025-03-26T13:48:11.831+0000] {docker.py:69} INFO -     ["container"]=>
[2025-03-26T13:48:11.831+0000] {docker.py:69} INFO -     string(8) "
[2025-03-26T13:48:11.831+0000] {docker.py:69} INFO - php-app1"
[2025-03-26T13:48:11.832+0000] {docker.py:69} INFO -     ["timestamp"]=>
[2025-03-26T13:48:11.832+0000] {docker.py:69} INFO -     int(1742996313)
[2025-03-26T13:48:11.833+0000] {docker.py:69} INFO -   }
[2025-03-26T13:48:11.833+0000] {docker.py:69} INFO -   [23]=>
[2025-03-26T13:48:11.834+0000] {docker.py:69} INFO - object(stdClass)#25 (3) {
[2025-03-26T13:48:11.834+0000] {docker.py:69} INFO -     [
[2025-03-26T13:48:11.835+0000] {docker.py:69} INFO - "
[2025-03-26T13:48:11.835+0000] {docker.py:69} INFO - contador
[2025-03-26T13:48:11.836+0000] {docker.py:69} INFO - "]=>
[2025-03-26T13:48:11.836+0000] {docker.py:69} INFO -     int(1)
[2025-03-26T13:48:11.837+0000] {docker.py:69} INFO -     ["container"]=>
[2025-03-26T13:48:11.837+0000] {docker.py:69} INFO -     string(8) "php-app1"
[2025-03-26T13:48:11.838+0000] {docker.py:69} INFO -     ["timestamp"]=>
[2025-03-26T13:48:11.838+0000] {docker.py:69} INFO -     int(1742996751)
[2025-03-26T13:48:11.839+0000] {docker.py:69} INFO -   }
[2025-03-26T13:48:11.840+0000] {docker.py:69} INFO -   [24]=>
[2025-03-26T13:48:11.841+0000] {docker.py:69} INFO -   object(stdClass)#26 (3) {
[2025-03-26T13:48:11.841+0000] {docker.py:69} INFO -     ["contador"]=>
[2025-03-26T13:48:11.842+0000] {docker.py:69} INFO -     int(1)
[2025-03-26T13:48:11.842+0000] {docker.py:69} INFO -     ["container"]=>
[2025-03-26T13:48:11.843+0000] {docker.py:69} INFO -     string(8) "php-app2"
[2025-03-26T13:48:11.846+0000] {docker.py:69} INFO -     ["timestamp"]=>
[2025-03-26T13:48:11.847+0000] {docker.py:69} INFO -     int(1742996751)
[2025-03-26T13:48:11.847+0000] {docker.py:69} INFO -   }
[2025-03-26T13:48:11.848+0000] {docker.py:69} INFO -   [25]=>
[2025-03-26T13:48:11.848+0000] {docker.py:69} INFO -   object(stdClass)#27 (3) {
[2025-03-26T13:48:11.849+0000] {docker.py:69} INFO -     ["contador"]=>
[2025-03-26T13:48:11.850+0000] {docker.py:69} INFO -     int(1)
[2025-03-26T13:48:11.850+0000] {docker.py:69} INFO -     ["container"]=>
[2025-03-26T13:48:11.851+0000] {docker.py:69} INFO -     string(8) "php-app2"
[2025-03-26T13:48:11.851+0000] {docker.py:69} INFO -     ["timestamp"
[2025-03-26T13:48:11.852+0000] {docker.py:69} INFO - ]=>
[2025-03-26T13:48:11.852+0000] {docker.py:69} INFO -     int(1742996756)
[2025-03-26T13:48:11.855+0000] {docker.py:69} INFO -   }
[2025-03-26T13:48:11.856+0000] {docker.py:69} INFO -   [26]=>
[2025-03-26T13:48:11.856+0000] {docker.py:69} INFO -   object(stdClass)#28 (3) {
[2025-03-26T13:48:11.857+0000] {docker.py:69} INFO -     ["contador"]=>
[2025-03-26T13:48:11.858+0000] {docker.py:69} INFO -     int(1)
[2025-03-26T13:48:11.859+0000] {docker.py:69} INFO -     ["container"]=>
[2025-03-26T13:48:11.860+0000] {docker.py:69} INFO -     string(8) "php-app1"
[2025-03-26T13:48:11.860+0000] {docker.py:69} INFO -     ["timestamp"]=>
[2025-03-26T13:48:11.861+0000] {docker.py:69} INFO -     int(1742996756)
[2025-03-26T13:48:11.876+0000] {docker.py:69} INFO -   }
[2025-03-26T13:48:11.881+0000] {docker.py:69} INFO -   [27]=>
[2025-03-26T13:48:11.882+0000] {docker.py:69} INFO -   object(stdClass)#29 (3) {
[2025-03-26T13:48:11.883+0000] {docker.py:69} INFO -     ["contador"]=>
[2025-03-26T13:48:11.883+0000] {docker.py:69} INFO -     int(1)
[2025-03-26T13:48:11.884+0000] {docker.py:69} INFO -     ["container"]=>
[2025-03-26T13:48:11.884+0000] {docker.py:69} INFO -     string(8) "php-app1"
[2025-03-26T13:48:11.885+0000] {docker.py:69} INFO -     ["timestamp"]=>
[2025-03-26T13:48:11.885+0000] {docker.py:69} INFO -     int(1742996757)
[2025-03-26T13:48:11.886+0000] {docker.py:69} INFO -   }
[2025-03-26T13:48:11.886+0000] {docker.py:69} INFO -   [28]=>
[2025-03-26T13:48:11.887+0000] {docker.py:69} INFO -   object(stdClass)#30 (3) {
[2025-03-26T13:48:11.887+0000] {docker.py:69} INFO -     ["contador"]=>
[2025-03-26T13:48:11.887+0000] {docker.py:69} INFO -     int(1)
[2025-03-26T13:48:11.888+0000] {docker.py:69} INFO -     ["container"]=>
[2025-03-26T13:48:11.889+0000] {docker.py:69} INFO -     string(8) "php-app2"
[2025-03-26T13:48:11.889+0000] {docker.py:69} INFO -     ["timestamp"]=>
[2025-03-26T13:48:11.890+0000] {docker.py:69} INFO -     int(1742996757)
[2025-03-26T13:48:11.890+0000] {docker.py:69} INFO -   }
[2025-03-26T13:48:11.894+0000] {docker.py:69} INFO -   [29]=>
[2025-03-26T13:48:11.895+0000] {docker.py:69} INFO -   object(stdClass)#31 (3) {
[2025-03-26T13:48:11.895+0000] {docker.py:69} INFO -     ["contador"]=>
[2025-03-26T13:48:11.896+0000] {docker.py:69} INFO -     int(1)
[2025-03-26T13:48:11.897+0000] {docker.py:69} INFO -     ["container"]=>
[2025-03-26T13:48:11.897+0000] {docker.py:69} INFO -     string(8) "php-app2"
[2025-03-26T13:48:11.898+0000] {docker.py:69} INFO -     ["timestamp"]=>
[2025-03-26T13:48:11.904+0000] {docker.py:69} INFO -     int(1742996758)
[2025-03-26T13:48:11.905+0000] {docker.py:69} INFO -   }
[2025-03-26T13:48:11.905+0000] {docker.py:69} INFO -   [30]=>
[2025-03-26T13:48:11.906+0000] {docker.py:69} INFO -   object(stdClass)#32 (3) {
[2025-03-26T13:48:11.906+0000] {docker.py:69} INFO -     ["
[2025-03-26T13:48:11.907+0000] {docker.py:69} INFO - contador
[2025-03-26T13:48:11.915+0000] {docker.py:69} INFO - "]=>
[2025-03-26T13:48:11.916+0000] {docker.py:69} INFO - int(1)
[2025-03-26T13:48:11.916+0000] {docker.py:69} INFO -     [
[2025-03-26T13:48:11.917+0000] {docker.py:69} INFO - "
[2025-03-26T13:48:11.917+0000] {docker.py:69} INFO - container
[2025-03-26T13:48:11.922+0000] {docker.py:69} INFO - "
[2025-03-26T13:48:11.923+0000] {docker.py:69} INFO - ]=>
[2025-03-26T13:48:11.923+0000] {docker.py:69} INFO - 
[2025-03-26T13:48:11.924+0000] {docker.py:69} INFO - string(8) "
[2025-03-26T13:48:11.979+0000] {docker.py:69} INFO - php-app1
[2025-03-26T13:48:11.980+0000] {docker.py:69} INFO - "
[2025-03-26T13:48:11.984+0000] {docker.py:69} INFO -     [
[2025-03-26T13:48:11.985+0000] {docker.py:69} INFO - "
[2025-03-26T13:48:11.988+0000] {docker.py:69} INFO - timestamp
[2025-03-26T13:48:11.989+0000] {docker.py:69} INFO - "
[2025-03-26T13:48:11.990+0000] {docker.py:69} INFO - ]=>
[2025-03-26T13:48:11.990+0000] {docker.py:69} INFO - 
[2025-03-26T13:48:11.997+0000] {docker.py:69} INFO - int(1742996760)
[2025-03-26T13:48:11.997+0000] {docker.py:69} INFO - 
[2025-03-26T13:48:11.998+0000] {docker.py:69} INFO - }
[2025-03-26T13:48:11.999+0000] {docker.py:69} INFO -   [31]=>
[2025-03-26T13:48:11.999+0000] {docker.py:69} INFO - 
[2025-03-26T13:48:12.000+0000] {docker.py:69} INFO - object(stdClass)#33 (3) {
[2025-03-26T13:48:12.001+0000] {docker.py:69} INFO -     [
[2025-03-26T13:48:12.003+0000] {docker.py:69} INFO - "
[2025-03-26T13:48:12.004+0000] {docker.py:69} INFO - contador
[2025-03-26T13:48:12.007+0000] {docker.py:69} INFO - "
[2025-03-26T13:48:12.008+0000] {docker.py:69} INFO - ]=>
[2025-03-26T13:48:12.012+0000] {docker.py:69} INFO -     int(1)
[2025-03-26T13:48:12.013+0000] {docker.py:69} INFO -     [
[2025-03-26T13:48:12.014+0000] {docker.py:69} INFO - "
[2025-03-26T13:48:12.014+0000] {docker.py:69} INFO - container
[2025-03-26T13:48:12.019+0000] {docker.py:69} INFO - "
[2025-03-26T13:48:12.020+0000] {docker.py:69} INFO - ]=>
[2025-03-26T13:48:12.021+0000] {docker.py:69} INFO -     string(8) "php-app2"
[2025-03-26T13:48:12.022+0000] {docker.py:69} INFO -     ["timestamp"]=>
[2025-03-26T13:48:12.024+0000] {docker.py:69} INFO -     int(1742996760)
[2025-03-26T13:48:12.025+0000] {docker.py:69} INFO -   }
[2025-03-26T13:48:12.025+0000] {docker.py:69} INFO -   [32]=>
[2025-03-26T13:48:12.026+0000] {docker.py:69} INFO -   object(stdClass)#34 (3) {
[2025-03-26T13:48:12.026+0000] {docker.py:69} INFO -     ["contador"]=>
[2025-03-26T13:48:12.027+0000] {docker.py:69} INFO -     int(1)
[2025-03-26T13:48:12.028+0000] {docker.py:69} INFO -     ["container"]=>
[2025-03-26T13:48:12.028+0000] {docker.py:69} INFO -     string(8) "php-app2"
[2025-03-26T13:48:12.029+0000] {docker.py:69} INFO -     ["timestamp"]=>
[2025-03-26T13:48:12.029+0000] {docker.py:69} INFO -     int(1742996761)
[2025-03-26T13:48:12.030+0000] {docker.py:69} INFO -   }
[2025-03-26T13:48:12.030+0000] {docker.py:69} INFO -   [33]=>
[2025-03-26T13:48:12.031+0000] {docker.py:69} INFO -   object(stdClass)#35 (3) {
[2025-03-26T13:48:12.032+0000] {docker.py:69} INFO -     ["contador"]=>
[2025-03-26T13:48:12.032+0000] {docker.py:69} INFO -     int(1)
[2025-03-26T13:48:12.033+0000] {docker.py:69} INFO -     ["container"]=>
[2025-03-26T13:48:12.033+0000] {docker.py:69} INFO -     string(8) "php-app1"
[2025-03-26T13:48:12.033+0000] {docker.py:69} INFO -     ["timestamp"]=>
[2025-03-26T13:48:12.034+0000] {docker.py:69} INFO -     int(1742996762)
[2025-03-26T13:48:12.035+0000] {docker.py:69} INFO -   }
[2025-03-26T13:48:12.036+0000] {docker.py:69} INFO -   [34]=>
[2025-03-26T13:48:12.037+0000] {docker.py:69} INFO -   object(stdClass)#36 (3) {
[2025-03-26T13:48:12.038+0000] {docker.py:69} INFO -     ["contador"]=>
[2025-03-26T13:48:12.038+0000] {docker.py:69} INFO -     int(1)
[2025-03-26T13:48:12.039+0000] {docker.py:69} INFO -     ["container"]=>
[2025-03-26T13:48:12.039+0000] {docker.py:69} INFO -     string(8) "php-app2"
[2025-03-26T13:48:12.040+0000] {docker.py:69} INFO -     ["timestamp"]=>
[2025-03-26T13:48:12.041+0000] {docker.py:69} INFO -     int(1742996762)
[2025-03-26T13:48:12.041+0000] {docker.py:69} INFO -   }
[2025-03-26T13:48:12.044+0000] {docker.py:69} INFO -   [35]=>
[2025-03-26T13:48:12.044+0000] {docker.py:69} INFO -   object(stdClass)#37 (3) {
[2025-03-26T13:48:12.045+0000] {docker.py:69} INFO -     [
[2025-03-26T13:48:12.045+0000] {docker.py:69} INFO - "
[2025-03-26T13:48:12.046+0000] {docker.py:69} INFO - contador
[2025-03-26T13:48:12.046+0000] {docker.py:69} INFO - "
[2025-03-26T13:48:12.047+0000] {docker.py:69} INFO - ]=>
[2025-03-26T13:48:12.047+0000] {docker.py:69} INFO - 
[2025-03-26T13:48:12.048+0000] {docker.py:69} INFO - int(1)
[2025-03-26T13:48:12.049+0000] {docker.py:69} INFO -     [
[2025-03-26T13:48:12.050+0000] {docker.py:69} INFO - "
[2025-03-26T13:48:12.050+0000] {docker.py:69} INFO - container
[2025-03-26T13:48:12.051+0000] {docker.py:69} INFO - "
[2025-03-26T13:48:12.052+0000] {docker.py:69} INFO - ]=>
[2025-03-26T13:48:12.053+0000] {docker.py:69} INFO - 
[2025-03-26T13:48:12.057+0000] {docker.py:69} INFO - string(8) "
[2025-03-26T13:48:12.058+0000] {docker.py:69} INFO - php-app1
[2025-03-26T13:48:12.058+0000] {docker.py:69} INFO - "
[2025-03-26T13:48:12.059+0000] {docker.py:69} INFO -     ["timestamp"]=>
[2025-03-26T13:48:12.059+0000] {docker.py:69} INFO -     int(1742996763)
[2025-03-26T13:48:12.060+0000] {docker.py:69} INFO -   }
[2025-03-26T13:48:12.060+0000] {docker.py:69} INFO -   [36]=>
[2025-03-26T13:48:12.061+0000] {docker.py:69} INFO -   object(stdClass)#38 (3) {
[2025-03-26T13:48:12.062+0000] {docker.py:69} INFO -     ["contador"]=>
[2025-03-26T13:48:12.062+0000] {docker.py:69} INFO -     int(1)
[2025-03-26T13:48:12.063+0000] {docker.py:69} INFO -     ["container"]=>
[2025-03-26T13:48:12.063+0000] {docker.py:69} INFO -     string(8) "php-app1"
[2025-03-26T13:48:12.064+0000] {docker.py:69} INFO -     ["timestamp"]=>
[2025-03-26T13:48:12.064+0000] {docker.py:69} INFO -     int(1742996763)
[2025-03-26T13:48:12.065+0000] {docker.py:69} INFO -   }
[2025-03-26T13:48:12.065+0000] {docker.py:69} INFO -   [37]=>
[2025-03-26T13:48:12.066+0000] {docker.py:69} INFO -   object(stdClass)#39 (3) {
[2025-03-26T13:48:12.066+0000] {docker.py:69} INFO -     ["contador"]=>
[2025-03-26T13:48:12.067+0000] {docker.py:69} INFO -     int(1)
[2025-03-26T13:48:12.067+0000] {docker.py:69} INFO -     ["container"]=>
[2025-03-26T13:48:12.068+0000] {docker.py:69} INFO - string(8) "php-app2"
[2025-03-26T13:48:12.069+0000] {docker.py:69} INFO -     ["timestamp"]=>
[2025-03-26T13:48:12.069+0000] {docker.py:69} INFO -     int(1742996771)
[2025-03-26T13:48:12.070+0000] {docker.py:69} INFO -   }
[2025-03-26T13:48:12.070+0000] {docker.py:69} INFO -   [38]=>
[2025-03-26T13:48:12.071+0000] {docker.py:69} INFO - 
[2025-03-26T13:48:12.072+0000] {docker.py:69} INFO - object(stdClass)#40 (3) {
[2025-03-26T13:48:12.072+0000] {docker.py:69} INFO -     ["contador"]=>
[2025-03-26T13:48:12.073+0000] {docker.py:69} INFO -     int(1)
[2025-03-26T13:48:12.074+0000] {docker.py:69} INFO -     ["container"]=>
[2025-03-26T13:48:12.074+0000] {docker.py:69} INFO -     string(8) "php-app2"
[2025-03-26T13:48:12.075+0000] {docker.py:69} INFO -     ["timestamp"]=>
[2025-03-26T13:48:12.075+0000] {docker.py:69} INFO -     int(1742996773)
[2025-03-26T13:48:12.076+0000] {docker.py:69} INFO -   }
[2025-03-26T13:48:12.076+0000] {docker.py:69} INFO -   [39]=>
[2025-03-26T13:48:12.077+0000] {docker.py:69} INFO -   object(stdClass)#41 (3) {
[2025-03-26T13:48:12.077+0000] {docker.py:69} INFO -     ["contador
[2025-03-26T13:48:12.078+0000] {docker.py:69} INFO - "
[2025-03-26T13:48:12.079+0000] {docker.py:69} INFO - ]=>
[2025-03-26T13:48:12.079+0000] {docker.py:69} INFO - 
[2025-03-26T13:48:12.080+0000] {docker.py:69} INFO - int(1)
[2025-03-26T13:48:12.081+0000] {docker.py:69} INFO -     [
[2025-03-26T13:48:12.081+0000] {docker.py:69} INFO - "
[2025-03-26T13:48:12.082+0000] {docker.py:69} INFO - container
[2025-03-26T13:48:12.101+0000] {docker.py:69} INFO - "
[2025-03-26T13:48:12.102+0000] {docker.py:69} INFO - ]=>
[2025-03-26T13:48:12.107+0000] {docker.py:69} INFO - 
[2025-03-26T13:48:12.107+0000] {docker.py:69} INFO - string(8) "php-app1"
[2025-03-26T13:48:12.108+0000] {docker.py:69} INFO -     ["timestamp"]=>
[2025-03-26T13:48:12.114+0000] {docker.py:69} INFO -     int(1742996773)
[2025-03-26T13:48:12.115+0000] {docker.py:69} INFO -   }
[2025-03-26T13:48:12.119+0000] {docker.py:69} INFO -   [40]=>
[2025-03-26T13:48:12.120+0000] {docker.py:69} INFO -   object(stdClass)#42 (3) {
[2025-03-26T13:48:12.121+0000] {docker.py:69} INFO -     ["contador"]=>
[2025-03-26T13:48:12.122+0000] {docker.py:69} INFO -     int(1)
[2025-03-26T13:48:12.122+0000] {docker.py:69} INFO -     ["container"]=>
[2025-03-26T13:48:12.126+0000] {docker.py:69} INFO -     string(8) "php-app1"
[2025-03-26T13:48:12.127+0000] {docker.py:69} INFO -     ["timestamp"]=>
[2025-03-26T13:48:12.130+0000] {docker.py:69} INFO -     int(1742996775)
[2025-03-26T13:48:12.135+0000] {docker.py:69} INFO -   }
[2025-03-26T13:48:12.136+0000] {docker.py:69} INFO -   [41]=>
[2025-03-26T13:48:12.137+0000] {docker.py:69} INFO -   object(stdClass)#43 (3) {
[2025-03-26T13:48:12.137+0000] {docker.py:69} INFO -     ["contador"]=>
[2025-03-26T13:48:12.137+0000] {docker.py:69} INFO -     int(1)
[2025-03-26T13:48:12.139+0000] {docker.py:69} INFO -     ["container"]=>
[2025-03-26T13:48:12.140+0000] {docker.py:69} INFO -     string(8) "php-app2"
[2025-03-26T13:48:12.141+0000] {docker.py:69} INFO -     ["timestamp"]=>
[2025-03-26T13:48:12.142+0000] {docker.py:69} INFO -     int(1742996775)
[2025-03-26T13:48:12.142+0000] {docker.py:69} INFO -   }
[2025-03-26T13:48:12.203+0000] {docker.py:69} INFO -   [42]=>
[2025-03-26T13:48:12.204+0000] {docker.py:69} INFO -   object(stdClass)#44 (3) {
[2025-03-26T13:48:12.204+0000] {docker.py:69} INFO -     ["contador"]=>
[2025-03-26T13:48:12.205+0000] {docker.py:69} INFO -     int(1)
[2025-03-26T13:48:12.205+0000] {docker.py:69} INFO -     ["container"]=>
[2025-03-26T13:48:12.206+0000] {docker.py:69} INFO -     string(8) "php-app2"
[2025-03-26T13:48:12.206+0000] {docker.py:69} INFO -     ["timestamp"]=>
[2025-03-26T13:48:12.207+0000] {docker.py:69} INFO -     int(1742996775)
[2025-03-26T13:48:12.207+0000] {docker.py:69} INFO -   }
[2025-03-26T13:48:12.207+0000] {docker.py:69} INFO -   [43]=>
[2025-03-26T13:48:12.208+0000] {docker.py:69} INFO -   object(stdClass)#45 (3) {
[2025-03-26T13:48:12.210+0000] {docker.py:69} INFO -     ["contador"]=>
[2025-03-26T13:48:12.212+0000] {docker.py:69} INFO -     int(1)
[2025-03-26T13:48:12.212+0000] {docker.py:69} INFO -     ["container"]=>
[2025-03-26T13:48:12.213+0000] {docker.py:69} INFO -     string(8) "php-app1"
[2025-03-26T13:48:12.213+0000] {docker.py:69} INFO -     ["timestamp"]=>
[2025-03-26T13:48:12.214+0000] {docker.py:69} INFO -     int(1742996777)
[2025-03-26T13:48:12.218+0000] {docker.py:69} INFO -   }
[2025-03-26T13:48:12.218+0000] {docker.py:69} INFO -   [44]=>
[2025-03-26T13:48:12.219+0000] {docker.py:69} INFO -   object(stdClass)#46 (3) {
[2025-03-26T13:48:12.219+0000] {docker.py:69} INFO -     ["contador"]=>
[2025-03-26T13:48:12.220+0000] {docker.py:69} INFO -     int(1)
[2025-03-26T13:48:12.224+0000] {docker.py:69} INFO -     ["container"]=>
[2025-03-26T13:48:12.224+0000] {docker.py:69} INFO -     string(8) "php-app1"
[2025-03-26T13:48:12.225+0000] {docker.py:69} INFO -     ["timestamp"]=>
[2025-03-26T13:48:12.225+0000] {docker.py:69} INFO -     int(1742996779)
[2025-03-26T13:48:12.225+0000] {docker.py:69} INFO -   }
[2025-03-26T13:48:12.226+0000] {docker.py:69} INFO -   [45]=>
[2025-03-26T13:48:12.228+0000] {docker.py:69} INFO -   object(stdClass)#47 (3) {
[2025-03-26T13:48:12.229+0000] {docker.py:69} INFO -     ["contador"]=>
[2025-03-26T13:48:12.229+0000] {docker.py:69} INFO -     int(1)
[2025-03-26T13:48:12.229+0000] {docker.py:69} INFO -     ["container"]=>
[2025-03-26T13:48:12.230+0000] {docker.py:69} INFO -     string(8) "php-app2"
[2025-03-26T13:48:12.230+0000] {docker.py:69} INFO -     ["timestamp"]=>
[2025-03-26T13:48:12.231+0000] {docker.py:69} INFO -     int(1742996779)
[2025-03-26T13:48:12.255+0000] {docker.py:69} INFO -   }
[2025-03-26T13:48:12.258+0000] {docker.py:69} INFO -   [46]=>
[2025-03-26T13:48:12.258+0000] {docker.py:69} INFO -   object(stdClass)#48 (3) {
[2025-03-26T13:48:12.259+0000] {docker.py:69} INFO -     ["contador"]=>
[2025-03-26T13:48:12.259+0000] {docker.py:69} INFO -     int(1)
[2025-03-26T13:48:12.260+0000] {docker.py:69} INFO -     ["container"]=>
[2025-03-26T13:48:12.260+0000] {docker.py:69} INFO -     string(8) "php-app1"
[2025-03-26T13:48:12.260+0000] {docker.py:69} INFO -     ["timestamp"]=>
[2025-03-26T13:48:12.261+0000] {docker.py:69} INFO -     int(1742996781)
[2025-03-26T13:48:12.261+0000] {docker.py:69} INFO -   }
[2025-03-26T13:48:12.262+0000] {docker.py:69} INFO -   [47]=>
[2025-03-26T13:48:12.262+0000] {docker.py:69} INFO -   object(stdClass)#49 (3) {
[2025-03-26T13:48:12.263+0000] {docker.py:69} INFO -     ["contador"]=>
[2025-03-26T13:48:12.267+0000] {docker.py:69} INFO -     int(1)
[2025-03-26T13:48:12.267+0000] {docker.py:69} INFO -     ["container"]=>
[2025-03-26T13:48:12.268+0000] {docker.py:69} INFO -     string(8) "php-app1"
[2025-03-26T13:48:12.268+0000] {docker.py:69} INFO -     ["timestamp"]=>
[2025-03-26T13:48:12.268+0000] {docker.py:69} INFO -     int(1742996781)
[2025-03-26T13:48:12.269+0000] {docker.py:69} INFO -   }
[2025-03-26T13:48:12.270+0000] {docker.py:69} INFO -   [48]=>
[2025-03-26T13:48:12.271+0000] {docker.py:69} INFO -   object(stdClass)#50 (3) {
[2025-03-26T13:48:12.276+0000] {docker.py:69} INFO -     ["contador"]=>
[2025-03-26T13:48:12.276+0000] {docker.py:69} INFO -     int(1)
[2025-03-26T13:48:12.277+0000] {docker.py:69} INFO -     ["container"]=>
[2025-03-26T13:48:12.277+0000] {docker.py:69} INFO -     string(8) "php-app2"
[2025-03-26T13:48:12.277+0000] {docker.py:69} INFO -     ["timestamp"]=>
[2025-03-26T13:48:12.278+0000] {docker.py:69} INFO -     int(1742996781)
[2025-03-26T13:48:12.278+0000] {docker.py:69} INFO -   }
[2025-03-26T13:48:12.279+0000] {docker.py:69} INFO -   [49]=>
[2025-03-26T13:48:12.279+0000] {docker.py:69} INFO -   object(stdClass)#51 (3) {
[2025-03-26T13:48:12.279+0000] {docker.py:69} INFO -     ["contador"]=>
[2025-03-26T13:48:12.280+0000] {docker.py:69} INFO -     int(1)
[2025-03-26T13:48:12.280+0000] {docker.py:69} INFO -     ["container"]=>
[2025-03-26T13:48:12.281+0000] {docker.py:69} INFO -     string(8) "php-app1"
[2025-03-26T13:48:12.282+0000] {docker.py:69} INFO -     ["timestamp"]=>
[2025-03-26T13:48:12.282+0000] {docker.py:69} INFO -     int(1742996783)
[2025-03-26T13:48:12.282+0000] {docker.py:69} INFO -   }
[2025-03-26T13:48:12.283+0000] {docker.py:69} INFO -   [50]=>
[2025-03-26T13:48:12.283+0000] {docker.py:69} INFO -   object(stdClass)#52 (3) {
[2025-03-26T13:48:12.285+0000] {docker.py:69} INFO -     ["contador"]=>
[2025-03-26T13:48:12.285+0000] {docker.py:69} INFO -     int(1)
[2025-03-26T13:48:12.286+0000] {docker.py:69} INFO -     ["container"]=>
[2025-03-26T13:48:12.286+0000] {docker.py:69} INFO -     string(8) "php-app2"
[2025-03-26T13:48:12.287+0000] {docker.py:69} INFO -     ["timestamp"]=>
[2025-03-26T13:48:12.288+0000] {docker.py:69} INFO -     int(1742996783)
[2025-03-26T13:48:12.288+0000] {docker.py:69} INFO -   }
[2025-03-26T13:48:12.289+0000] {docker.py:69} INFO -   [51]=>
[2025-03-26T13:48:12.290+0000] {docker.py:69} INFO -   object(stdClass)#53 (3) {
[2025-03-26T13:48:12.290+0000] {docker.py:69} INFO -     ["contador"]=>
[2025-03-26T13:48:12.291+0000] {docker.py:69} INFO -     int(1)
[2025-03-26T13:48:12.291+0000] {docker.py:69} INFO -     ["container"]=>
[2025-03-26T13:48:12.292+0000] {docker.py:69} INFO -     string(8) "php-app1"
[2025-03-26T13:48:12.292+0000] {docker.py:69} INFO -     ["timestamp"]=>
[2025-03-26T13:48:12.293+0000] {docker.py:69} INFO -     int(1742996783)
[2025-03-26T13:48:12.293+0000] {docker.py:69} INFO -   }
[2025-03-26T13:48:12.294+0000] {docker.py:69} INFO -   [52]=>
[2025-03-26T13:48:12.294+0000] {docker.py:69} INFO -   object(stdClass)#54 (3) {
[2025-03-26T13:48:12.295+0000] {docker.py:69} INFO -     ["contador"]=>
[2025-03-26T13:48:12.295+0000] {docker.py:69} INFO -     int(1)
[2025-03-26T13:48:12.296+0000] {docker.py:69} INFO -     ["container"]=>
[2025-03-26T13:48:12.297+0000] {docker.py:69} INFO -     string(8) "php-app2"
[2025-03-26T13:48:12.297+0000] {docker.py:69} INFO -     ["timestamp"]=>
[2025-03-26T13:48:12.298+0000] {docker.py:69} INFO -     int(1742996785)
[2025-03-26T13:48:12.298+0000] {docker.py:69} INFO -   }
[2025-03-26T13:48:12.298+0000] {docker.py:69} INFO -   [53]=>
[2025-03-26T13:48:12.299+0000] {docker.py:69} INFO -   object(stdClass)#55 (3) {
[2025-03-26T13:48:12.299+0000] {docker.py:69} INFO -     ["contador"]=>
[2025-03-26T13:48:12.299+0000] {docker.py:69} INFO -     int(1)
[2025-03-26T13:48:12.300+0000] {docker.py:69} INFO -     ["container"]=>
[2025-03-26T13:48:12.300+0000] {docker.py:69} INFO -     string(8) "php-app2"
[2025-03-26T13:48:12.301+0000] {docker.py:69} INFO -     ["timestamp"]=>
[2025-03-26T13:48:12.302+0000] {docker.py:69} INFO -     int(1742996789)
[2025-03-26T13:48:12.303+0000] {docker.py:69} INFO -   }
[2025-03-26T13:48:12.304+0000] {docker.py:69} INFO -   [54]=>
[2025-03-26T13:48:12.305+0000] {docker.py:69} INFO -   object(stdClass)#56 (3) {
[2025-03-26T13:48:12.306+0000] {docker.py:69} INFO -     ["contador"]=>
[2025-03-26T13:48:12.306+0000] {docker.py:69} INFO -     int(1)
[2025-03-26T13:48:12.306+0000] {docker.py:69} INFO -     ["container"]=>
[2025-03-26T13:48:12.307+0000] {docker.py:69} INFO -     string(8) "php-app1"
[2025-03-26T13:48:12.310+0000] {docker.py:69} INFO -     ["timestamp"]=>
[2025-03-26T13:48:12.311+0000] {docker.py:69} INFO -     int(1742996790)
[2025-03-26T13:48:12.313+0000] {docker.py:69} INFO -   }
[2025-03-26T13:48:12.316+0000] {docker.py:69} INFO -   [55]=>
[2025-03-26T13:48:12.316+0000] {docker.py:69} INFO -   object(stdClass)#57 (3) {
[2025-03-26T13:48:12.317+0000] {docker.py:69} INFO -     ["contador"]=>
[2025-03-26T13:48:12.317+0000] {docker.py:69} INFO -     int(1)
[2025-03-26T13:48:12.318+0000] {docker.py:69} INFO -     ["container"]=>
[2025-03-26T13:48:12.318+0000] {docker.py:69} INFO -     string(8) "php-app1"
[2025-03-26T13:48:12.319+0000] {docker.py:69} INFO -     ["timestamp"]=>
[2025-03-26T13:48:12.319+0000] {docker.py:69} INFO -     int(1742996790)
[2025-03-26T13:48:12.320+0000] {docker.py:69} INFO -   }
[2025-03-26T13:48:12.320+0000] {docker.py:69} INFO -   [56]=>
[2025-03-26T13:48:12.321+0000] {docker.py:69} INFO -   object(stdClass)#58 (3) {
[2025-03-26T13:48:12.321+0000] {docker.py:69} INFO -     ["contador"]=>
[2025-03-26T13:48:12.322+0000] {docker.py:69} INFO -     int(1)
[2025-03-26T13:48:12.322+0000] {docker.py:69} INFO -     ["container"]=>
[2025-03-26T13:48:12.323+0000] {docker.py:69} INFO -     string(8) "php-app2"
[2025-03-26T13:48:12.323+0000] {docker.py:69} INFO -     ["timestamp"]=>
[2025-03-26T13:48:12.324+0000] {docker.py:69} INFO -     int(1742996790)
[2025-03-26T13:48:12.324+0000] {docker.py:69} INFO -   }
[2025-03-26T13:48:12.325+0000] {docker.py:69} INFO -   [57]=>
[2025-03-26T13:48:12.325+0000] {docker.py:69} INFO -   object(stdClass)#59 (3) {
[2025-03-26T13:48:12.326+0000] {docker.py:69} INFO -     ["contador"]=>
[2025-03-26T13:48:12.326+0000] {docker.py:69} INFO -     int(1)
[2025-03-26T13:48:12.327+0000] {docker.py:69} INFO -     ["container"]=>
[2025-03-26T13:48:12.328+0000] {docker.py:69} INFO -     string(8) "php-app2"
[2025-03-26T13:48:12.329+0000] {docker.py:69} INFO -     ["timestamp"]=>
[2025-03-26T13:48:12.331+0000] {docker.py:69} INFO -     int(1742996791)
[2025-03-26T13:48:12.332+0000] {docker.py:69} INFO -   }
[2025-03-26T13:48:12.336+0000] {docker.py:69} INFO -   [58]=>
[2025-03-26T13:48:12.337+0000] {docker.py:69} INFO -   object(stdClass)#60 (3) {
[2025-03-26T13:48:12.338+0000] {docker.py:69} INFO -     ["contador"]=>
[2025-03-26T13:48:12.340+0000] {docker.py:69} INFO -     int(1)
[2025-03-26T13:48:12.343+0000] {docker.py:69} INFO -     ["container"]=>
[2025-03-26T13:48:12.347+0000] {docker.py:69} INFO -     string(8) "php-app1"
[2025-03-26T13:48:12.351+0000] {docker.py:69} INFO -     ["timestamp"]=>
[2025-03-26T13:48:12.354+0000] {docker.py:69} INFO -     int(1742996792)
[2025-03-26T13:48:12.354+0000] {docker.py:69} INFO -   }
[2025-03-26T13:48:12.355+0000] {docker.py:69} INFO -   [59]=>
[2025-03-26T13:48:12.359+0000] {docker.py:69} INFO -   object(stdClass)#61 (3) {
[2025-03-26T13:48:12.360+0000] {docker.py:69} INFO -     ["contador"]=>
[2025-03-26T13:48:12.362+0000] {docker.py:69} INFO -     int(1)
[2025-03-26T13:48:12.363+0000] {docker.py:69} INFO -     ["container"]=>
[2025-03-26T13:48:12.364+0000] {docker.py:69} INFO -     string(8) "php-app1"
[2025-03-26T13:48:12.364+0000] {docker.py:69} INFO -     ["timestamp"]=>
[2025-03-26T13:48:12.365+0000] {docker.py:69} INFO -     int(1742996793)
[2025-03-26T13:48:12.365+0000] {docker.py:69} INFO -   }
[2025-03-26T13:48:12.366+0000] {docker.py:69} INFO -   [60]=>
[2025-03-26T13:48:12.366+0000] {docker.py:69} INFO -   object(stdClass)#62 (3) {
[2025-03-26T13:48:12.367+0000] {docker.py:69} INFO -     ["contador"]=>
[2025-03-26T13:48:12.367+0000] {docker.py:69} INFO -     int(1)
[2025-03-26T13:48:12.368+0000] {docker.py:69} INFO -     ["container"]=>
[2025-03-26T13:48:12.368+0000] {docker.py:69} INFO -     string(8) "php-app2"
[2025-03-26T13:48:12.369+0000] {docker.py:69} INFO -     ["timestamp"]=>
[2025-03-26T13:48:12.369+0000] {docker.py:69} INFO -     int(1742996794)
[2025-03-26T13:48:12.370+0000] {docker.py:69} INFO -   }
[2025-03-26T13:48:12.370+0000] {docker.py:69} INFO -   [61]=>
[2025-03-26T13:48:12.371+0000] {docker.py:69} INFO -   object(stdClass)#63 (3) {
[2025-03-26T13:48:12.371+0000] {docker.py:69} INFO -     ["contador"]=>
[2025-03-26T13:48:12.372+0000] {docker.py:69} INFO -     int(1)
[2025-03-26T13:48:12.372+0000] {docker.py:69} INFO -     ["container"]=>
[2025-03-26T13:48:12.372+0000] {docker.py:69} INFO -     string(8) "php-app1"
[2025-03-26T13:48:12.373+0000] {docker.py:69} INFO -     ["timestamp"]=>
[2025-03-26T13:48:12.373+0000] {docker.py:69} INFO -     int(1742996795)
[2025-03-26T13:48:12.374+0000] {docker.py:69} INFO -   }
[2025-03-26T13:48:12.374+0000] {docker.py:69} INFO -   [62]=>
[2025-03-26T13:48:12.375+0000] {docker.py:69} INFO -   object(stdClass)#64 (3) {
[2025-03-26T13:48:12.375+0000] {docker.py:69} INFO -     ["contador"]=>
[2025-03-26T13:48:12.375+0000] {docker.py:69} INFO -     int(1)
[2025-03-26T13:48:12.376+0000] {docker.py:69} INFO -     ["container"]=>
[2025-03-26T13:48:12.376+0000] {docker.py:69} INFO -     string(8) "php-app1"
[2025-03-26T13:48:12.377+0000] {docker.py:69} INFO -     ["timestamp"]=>
[2025-03-26T13:48:12.377+0000] {docker.py:69} INFO -     int(1742996797)
[2025-03-26T13:48:12.378+0000] {docker.py:69} INFO -   }
[2025-03-26T13:48:12.378+0000] {docker.py:69} INFO -   [63]=>
[2025-03-26T13:48:12.378+0000] {docker.py:69} INFO -   object(stdClass)#65 (3) {
[2025-03-26T13:48:12.379+0000] {docker.py:69} INFO -     ["contador"]=>
[2025-03-26T13:48:12.379+0000] {docker.py:69} INFO -     int(1)
[2025-03-26T13:48:12.380+0000] {docker.py:69} INFO -     ["container"]=>
[2025-03-26T13:48:12.380+0000] {docker.py:69} INFO -     string(8) "php-app2"
[2025-03-26T13:48:12.380+0000] {docker.py:69} INFO -     ["timestamp"]=>
[2025-03-26T13:48:12.381+0000] {docker.py:69} INFO -     int(1742996797)
[2025-03-26T13:48:12.381+0000] {docker.py:69} INFO -   }
[2025-03-26T13:48:12.382+0000] {docker.py:69} INFO -   [64]=>
[2025-03-26T13:48:12.382+0000] {docker.py:69} INFO -   object(stdClass)#66 (3) {
[2025-03-26T13:48:12.383+0000] {docker.py:69} INFO -     [
[2025-03-26T13:48:12.383+0000] {docker.py:69} INFO - "contador"]=>
[2025-03-26T13:48:12.384+0000] {docker.py:69} INFO -     int(1)
[2025-03-26T13:48:12.384+0000] {docker.py:69} INFO -     ["container"]=>
[2025-03-26T13:48:12.385+0000] {docker.py:69} INFO -     string(8) "php-app2"
[2025-03-26T13:48:12.385+0000] {docker.py:69} INFO -     ["timestamp"]=>
[2025-03-26T13:48:12.385+0000] {docker.py:69} INFO -     int(1742996797)
[2025-03-26T13:48:12.386+0000] {docker.py:69} INFO -   }
[2025-03-26T13:48:12.387+0000] {docker.py:69} INFO -   [65]=>
[2025-03-26T13:48:12.387+0000] {docker.py:69} INFO -   object(stdClass)#67 (3) {
[2025-03-26T13:48:12.388+0000] {docker.py:69} INFO -     ["contador"]=>
[2025-03-26T13:48:12.388+0000] {docker.py:69} INFO -     int(1)
[2025-03-26T13:48:12.389+0000] {docker.py:69} INFO -     ["container"]=>
[2025-03-26T13:48:12.389+0000] {docker.py:69} INFO -     string(8) "php-app1"
[2025-03-26T13:48:12.390+0000] {docker.py:69} INFO -     ["timestamp"]=>
[2025-03-26T13:48:12.390+0000] {docker.py:69} INFO -     int(1742996804)
[2025-03-26T13:48:12.391+0000] {docker.py:69} INFO -   }
[2025-03-26T13:48:12.391+0000] {docker.py:69} INFO -   [66]=>
[2025-03-26T13:48:12.392+0000] {docker.py:69} INFO -   object(stdClass)#68 (3) {
[2025-03-26T13:48:12.392+0000] {docker.py:69} INFO -     ["contador"]=>
[2025-03-26T13:48:12.393+0000] {docker.py:69} INFO -     int(1)
[2025-03-26T13:48:12.393+0000] {docker.py:69} INFO -     ["container"]=>
[2025-03-26T13:48:12.395+0000] {docker.py:69} INFO -     string(8) "php-app2"
[2025-03-26T13:48:12.396+0000] {docker.py:69} INFO -     ["timestamp"]=>
[2025-03-26T13:48:12.396+0000] {docker.py:69} INFO -     int(1742996806)
[2025-03-26T13:48:12.402+0000] {docker.py:69} INFO -   }
[2025-03-26T13:48:12.403+0000] {docker.py:69} INFO -   [67]=>
[2025-03-26T13:48:12.403+0000] {docker.py:69} INFO -   object(stdClass)#69 (3) {
[2025-03-26T13:48:12.404+0000] {docker.py:69} INFO -     ["contador"]=>
[2025-03-26T13:48:12.404+0000] {docker.py:69} INFO -     int(1)
[2025-03-26T13:48:12.405+0000] {docker.py:69} INFO -     ["container"]=>
[2025-03-26T13:48:12.405+0000] {docker.py:69} INFO -     string(8) "php-app2"
[2025-03-26T13:48:12.406+0000] {docker.py:69} INFO -     ["timestamp"]=>
[2025-03-26T13:48:12.406+0000] {docker.py:69} INFO -     int(1742996807)
[2025-03-26T13:48:12.406+0000] {docker.py:69} INFO -   }
[2025-03-26T13:48:12.407+0000] {docker.py:69} INFO -   [68]=>
[2025-03-26T13:48:12.407+0000] {docker.py:69} INFO -   object(stdClass)#70 (3) {
[2025-03-26T13:48:12.408+0000] {docker.py:69} INFO -     ["contador"]=>
[2025-03-26T13:48:12.408+0000] {docker.py:69} INFO -     int(1)
[2025-03-26T13:48:12.409+0000] {docker.py:69} INFO -     ["container"]=>
[2025-03-26T13:48:12.409+0000] {docker.py:69} INFO -     string(8) "php-app1"
[2025-03-26T13:48:12.409+0000] {docker.py:69} INFO -     ["timestamp"]=>
[2025-03-26T13:48:12.410+0000] {docker.py:69} INFO -     int(1742996807)
[2025-03-26T13:48:12.410+0000] {docker.py:69} INFO -   }
[2025-03-26T13:48:12.410+0000] {docker.py:69} INFO -   [69]=>
[2025-03-26T13:48:12.411+0000] {docker.py:69} INFO -   object(stdClass)#71 (3) {
[2025-03-26T13:48:12.411+0000] {docker.py:69} INFO -     ["contador"]=>
[2025-03-26T13:48:12.412+0000] {docker.py:69} INFO -     int(1)
[2025-03-26T13:48:12.412+0000] {docker.py:69} INFO -     ["container"]=>
[2025-03-26T13:48:12.412+0000] {docker.py:69} INFO -     string(8) "php-app2"
[2025-03-26T13:48:12.413+0000] {docker.py:69} INFO -     ["timestamp"]=>
[2025-03-26T13:48:12.413+0000] {docker.py:69} INFO -     int(1742996809)
[2025-03-26T13:48:12.413+0000] {docker.py:69} INFO -   }
[2025-03-26T13:48:12.414+0000] {docker.py:69} INFO -   [70]=>
[2025-03-26T13:48:12.414+0000] {docker.py:69} INFO -   object(stdClass)#72 (3) {
[2025-03-26T13:48:12.415+0000] {docker.py:69} INFO -     ["contador"]=>
[2025-03-26T13:48:12.415+0000] {docker.py:69} INFO -     int(1)
[2025-03-26T13:48:12.416+0000] {docker.py:69} INFO -     ["container"]=>
[2025-03-26T13:48:12.416+0000] {docker.py:69} INFO -     string(8) "php-app1"
[2025-03-26T13:48:12.416+0000] {docker.py:69} INFO -     ["timestamp"]=>
[2025-03-26T13:48:12.417+0000] {docker.py:69} INFO -     int(1742996810)
[2025-03-26T13:48:12.417+0000] {docker.py:69} INFO -   }
[2025-03-26T13:48:12.418+0000] {docker.py:69} INFO -   [71]=>
[2025-03-26T13:48:12.418+0000] {docker.py:69} INFO -   object(stdClass)#73 (3) {
[2025-03-26T13:48:12.418+0000] {docker.py:69} INFO -     ["contador"]=>
[2025-03-26T13:48:12.419+0000] {docker.py:69} INFO -     int(1)
[2025-03-26T13:48:12.419+0000] {docker.py:69} INFO -     ["container"]=>
[2025-03-26T13:48:12.419+0000] {docker.py:69} INFO -     string(8) "php-app1"
[2025-03-26T13:48:12.420+0000] {docker.py:69} INFO -     ["timestamp"]=>
[2025-03-26T13:48:12.420+0000] {docker.py:69} INFO -     int(1742996812)
[2025-03-26T13:48:12.421+0000] {docker.py:69} INFO -   }
[2025-03-26T13:48:12.421+0000] {docker.py:69} INFO -   [72]=>
[2025-03-26T13:48:12.422+0000] {docker.py:69} INFO -   object(stdClass)#74 (3) {
[2025-03-26T13:48:12.422+0000] {docker.py:69} INFO -     ["contador"]=>
[2025-03-26T13:48:12.422+0000] {docker.py:69} INFO -     int(1)
[2025-03-26T13:48:12.423+0000] {docker.py:69} INFO -     ["container"]=>
[2025-03-26T13:48:12.423+0000] {docker.py:69} INFO -     string(8) "php-app2"
[2025-03-26T13:48:12.424+0000] {docker.py:69} INFO -     ["timestamp"]=>
[2025-03-26T13:48:12.424+0000] {docker.py:69} INFO -     int(1742996813)
[2025-03-26T13:48:12.425+0000] {docker.py:69} INFO -   }
[2025-03-26T13:48:12.426+0000] {docker.py:69} INFO -   [73]=>
[2025-03-26T13:48:12.427+0000] {docker.py:69} INFO -   object(stdClass)#75 (3) {
[2025-03-26T13:48:12.427+0000] {docker.py:69} INFO -     ["contador"]=>
[2025-03-26T13:48:12.428+0000] {docker.py:69} INFO -     int(1)
[2025-03-26T13:48:12.428+0000] {docker.py:69} INFO -     ["container"]=>
[2025-03-26T13:48:12.429+0000] {docker.py:69} INFO -     string(8) "php-app1"
[2025-03-26T13:48:12.429+0000] {docker.py:69} INFO -     ["timestamp"]=>
[2025-03-26T13:48:12.429+0000] {docker.py:69} INFO -     int(1742996813)
[2025-03-26T13:48:12.430+0000] {docker.py:69} INFO -   }
[2025-03-26T13:48:12.430+0000] {docker.py:69} INFO -   [74]=>
[2025-03-26T13:48:12.431+0000] {docker.py:69} INFO -   object(stdClass)#76 (3) {
[2025-03-26T13:48:12.431+0000] {docker.py:69} INFO -     ["contador"]=>
[2025-03-26T13:48:12.432+0000] {docker.py:69} INFO -     int(1)
[2025-03-26T13:48:12.432+0000] {docker.py:69} INFO -     ["container"]=>
[2025-03-26T13:48:12.432+0000] {docker.py:69} INFO -     string(8) "php-app2"
[2025-03-26T13:48:12.433+0000] {docker.py:69} INFO -     ["timestamp"]=>
[2025-03-26T13:48:12.433+0000] {docker.py:69} INFO -     int(1742996815)
[2025-03-26T13:48:12.434+0000] {docker.py:69} INFO -   }
[2025-03-26T13:48:12.434+0000] {docker.py:69} INFO -   [75]=>
[2025-03-26T13:48:12.434+0000] {docker.py:69} INFO -   object(stdClass)#77 (3) {
[2025-03-26T13:48:12.435+0000] {docker.py:69} INFO -     ["contador"]=>
[2025-03-26T13:48:12.435+0000] {docker.py:69} INFO -     int(1)
[2025-03-26T13:48:12.436+0000] {docker.py:69} INFO -     ["container"]=>
[2025-03-26T13:48:12.436+0000] {docker.py:69} INFO -     string(8) "php-app1"
[2025-03-26T13:48:12.436+0000] {docker.py:69} INFO -     ["timestamp"]=>
[2025-03-26T13:48:12.437+0000] {docker.py:69} INFO -     int(1742996816)
[2025-03-26T13:48:12.437+0000] {docker.py:69} INFO -   }
[2025-03-26T13:48:12.438+0000] {docker.py:69} INFO -   [76]=>
[2025-03-26T13:48:12.438+0000] {docker.py:69} INFO -   object(stdClass)#78 (3) {
[2025-03-26T13:48:12.438+0000] {docker.py:69} INFO -     ["contador"]=>
[2025-03-26T13:48:12.439+0000] {docker.py:69} INFO -     int(1)
[2025-03-26T13:48:12.439+0000] {docker.py:69} INFO -     ["container"]=>
[2025-03-26T13:48:12.440+0000] {docker.py:69} INFO -     string(8) "php-app2"
[2025-03-26T13:48:12.440+0000] {docker.py:69} INFO -     ["timestamp"]=>
[2025-03-26T13:48:12.440+0000] {docker.py:69} INFO -     int(1742996816)
[2025-03-26T13:48:12.441+0000] {docker.py:69} INFO -   }
[2025-03-26T13:48:12.441+0000] {docker.py:69} INFO -   [77]=>
[2025-03-26T13:48:12.441+0000] {docker.py:69} INFO -   object(stdClass)#79 (3) {
[2025-03-26T13:48:12.442+0000] {docker.py:69} INFO -     ["contador"]=>
[2025-03-26T13:48:12.442+0000] {docker.py:69} INFO -     int(1)
[2025-03-26T13:48:12.442+0000] {docker.py:69} INFO -     ["container"]=>
[2025-03-26T13:48:12.443+0000] {docker.py:69} INFO -     string(8) "php-app1"
[2025-03-26T13:48:12.443+0000] {docker.py:69} INFO -     ["timestamp"]=>
[2025-03-26T13:48:12.443+0000] {docker.py:69} INFO -     int(1742996816)
[2025-03-26T13:48:12.444+0000] {docker.py:69} INFO -   }
[2025-03-26T13:48:12.444+0000] {docker.py:69} INFO -   [78]=>
[2025-03-26T13:48:12.444+0000] {docker.py:69} INFO -   object(stdClass)#80 (3) {
[2025-03-26T13:48:12.445+0000] {docker.py:69} INFO -     ["contador"]=>
[2025-03-26T13:48:12.446+0000] {docker.py:69} INFO -     int(1)
[2025-03-26T13:48:12.446+0000] {docker.py:69} INFO -     ["container"]=>
[2025-03-26T13:48:12.446+0000] {docker.py:69} INFO -     string(8) "php-app1"
[2025-03-26T13:48:12.447+0000] {docker.py:69} INFO -     ["timestamp"]=>
[2025-03-26T13:48:12.447+0000] {docker.py:69} INFO -     int(1742996817)
[2025-03-26T13:48:12.448+0000] {docker.py:69} INFO -   }
[2025-03-26T13:48:12.449+0000] {docker.py:69} INFO -   [79]=>
[2025-03-26T13:48:12.449+0000] {docker.py:69} INFO -   object(stdClass)#81 (3) {
[2025-03-26T13:48:12.450+0000] {docker.py:69} INFO -     ["contador"]=>
[2025-03-26T13:48:12.450+0000] {docker.py:69} INFO -     int(1)
[2025-03-26T13:48:12.450+0000] {docker.py:69} INFO -     ["container"]=>
[2025-03-26T13:48:12.451+0000] {docker.py:69} INFO -     string(8) "php-app2"
[2025-03-26T13:48:12.451+0000] {docker.py:69} INFO -     ["timestamp"]=>
[2025-03-26T13:48:12.451+0000] {docker.py:69} INFO -     int(1742996817)
[2025-03-26T13:48:12.452+0000] {docker.py:69} INFO -   }
[2025-03-26T13:48:12.453+0000] {docker.py:69} INFO -   [80]=>
[2025-03-26T13:48:12.453+0000] {docker.py:69} INFO -   object(stdClass)#82 (3) {
[2025-03-26T13:48:12.453+0000] {docker.py:69} INFO -     ["contador"]=>
[2025-03-26T13:48:12.454+0000] {docker.py:69} INFO -     int(1)
[2025-03-26T13:48:12.455+0000] {docker.py:69} INFO -     ["container"]=>
[2025-03-26T13:48:12.455+0000] {docker.py:69} INFO -     string(8) "php-app2"
[2025-03-26T13:48:12.456+0000] {docker.py:69} INFO -     ["timestamp"]=>
[2025-03-26T13:48:12.456+0000] {docker.py:69} INFO -     int(1742996818)
[2025-03-26T13:48:12.457+0000] {docker.py:69} INFO -   }
[2025-03-26T13:48:12.457+0000] {docker.py:69} INFO -   [81]=>
[2025-03-26T13:48:12.457+0000] {docker.py:69} INFO -   object(stdClass)#83 (3) {
[2025-03-26T13:48:12.458+0000] {docker.py:69} INFO -     ["contador"]=>
[2025-03-26T13:48:12.458+0000] {docker.py:69} INFO -     int(1)
[2025-03-26T13:48:12.459+0000] {docker.py:69} INFO -     ["container"]=>
[2025-03-26T13:48:12.459+0000] {docker.py:69} INFO -     string(8) "php-app1"
[2025-03-26T13:48:12.460+0000] {docker.py:69} INFO -     ["timestamp"]=>
[2025-03-26T13:48:12.460+0000] {docker.py:69} INFO -     int(1742996821)
[2025-03-26T13:48:12.461+0000] {docker.py:69} INFO -   }
[2025-03-26T13:48:12.461+0000] {docker.py:69} INFO -   [82]=>
[2025-03-26T13:48:12.463+0000] {docker.py:69} INFO -   object(stdClass)#84 (3) {
[2025-03-26T13:48:12.463+0000] {docker.py:69} INFO -     ["contador"]=>
[2025-03-26T13:48:12.464+0000] {docker.py:69} INFO -     int(1)
[2025-03-26T13:48:12.464+0000] {docker.py:69} INFO -     ["container"]=>
[2025-03-26T13:48:12.465+0000] {docker.py:69} INFO -     string(8) "php-app1"
[2025-03-26T13:48:12.465+0000] {docker.py:69} INFO -     ["timestamp"]=>
[2025-03-26T13:48:12.465+0000] {docker.py:69} INFO -     int(1742996824)
[2025-03-26T13:48:12.468+0000] {docker.py:69} INFO -   }
[2025-03-26T13:48:12.468+0000] {docker.py:69} INFO -   [83]=>
[2025-03-26T13:48:12.469+0000] {docker.py:69} INFO -   object(stdClass)#85 (3) {
[2025-03-26T13:48:12.469+0000] {docker.py:69} INFO -     ["contador"]=>
[2025-03-26T13:48:12.470+0000] {docker.py:69} INFO -     int(1)
[2025-03-26T13:48:12.495+0000] {docker.py:69} INFO -     ["container"]=>
[2025-03-26T13:48:12.496+0000] {docker.py:69} INFO -     string(8) "php-app2"
[2025-03-26T13:48:12.503+0000] {docker.py:69} INFO -     ["timestamp"]=>
[2025-03-26T13:48:12.510+0000] {docker.py:69} INFO -     int(1742996825)
[2025-03-26T13:48:12.512+0000] {docker.py:69} INFO -   }
[2025-03-26T13:48:12.513+0000] {docker.py:69} INFO -   [84]=>
[2025-03-26T13:48:12.514+0000] {docker.py:69} INFO -   object(stdClass)#86 (3) {
[2025-03-26T13:48:12.515+0000] {docker.py:69} INFO -     ["contador"]=>
[2025-03-26T13:48:12.515+0000] {docker.py:69} INFO -     int(1)
[2025-03-26T13:48:12.515+0000] {docker.py:69} INFO -     ["container"]=>
[2025-03-26T13:48:12.516+0000] {docker.py:69} INFO -     string(8) "php-app2"
[2025-03-26T13:48:12.516+0000] {docker.py:69} INFO -     ["timestamp"]=>
[2025-03-26T13:48:12.517+0000] {docker.py:69} INFO -     int(1742996826)
[2025-03-26T13:48:12.517+0000] {docker.py:69} INFO -   }
[2025-03-26T13:48:12.518+0000] {docker.py:69} INFO -   [85]=>
[2025-03-26T13:48:12.518+0000] {docker.py:69} INFO -   object(stdClass)#87 (3) {
[2025-03-26T13:48:12.518+0000] {docker.py:69} INFO -     ["contador"]=>
[2025-03-26T13:48:12.519+0000] {docker.py:69} INFO -     int(1)
[2025-03-26T13:48:12.519+0000] {docker.py:69} INFO -     ["container"]=>
[2025-03-26T13:48:12.519+0000] {docker.py:69} INFO -     string(8) "php-app2"
[2025-03-26T13:48:12.520+0000] {docker.py:69} INFO -     ["timestamp"]=>
[2025-03-26T13:48:12.520+0000] {docker.py:69} INFO -     int(1742996826)
[2025-03-26T13:48:12.521+0000] {docker.py:69} INFO -   }
[2025-03-26T13:48:12.521+0000] {docker.py:69} INFO -   [86]=>
[2025-03-26T13:48:12.522+0000] {docker.py:69} INFO -   object(stdClass)#88 (3) {
[2025-03-26T13:48:12.522+0000] {docker.py:69} INFO -     ["contador"]=>
[2025-03-26T13:48:12.522+0000] {docker.py:69} INFO -     int(1)
[2025-03-26T13:48:12.523+0000] {docker.py:69} INFO -     ["container"]=>
[2025-03-26T13:48:12.523+0000] {docker.py:69} INFO -     string(8) "php-app1"
[2025-03-26T13:48:12.533+0000] {docker.py:69} INFO -     ["timestamp"]=>
[2025-03-26T13:48:12.534+0000] {docker.py:69} INFO -     int(1742996827)
[2025-03-26T13:48:12.534+0000] {docker.py:69} INFO -   }
[2025-03-26T13:48:12.534+0000] {docker.py:69} INFO -   [87]=>
[2025-03-26T13:48:12.535+0000] {docker.py:69} INFO -   object(stdClass)#89 (3) {
[2025-03-26T13:48:12.535+0000] {docker.py:69} INFO -     ["contador"]=>
[2025-03-26T13:48:12.535+0000] {docker.py:69} INFO -     int(1)
[2025-03-26T13:48:12.536+0000] {docker.py:69} INFO -     ["container"]=>
[2025-03-26T13:48:12.536+0000] {docker.py:69} INFO -     string(8) "php-app2"
[2025-03-26T13:48:12.536+0000] {docker.py:69} INFO -     ["timestamp"]=>
[2025-03-26T13:48:12.537+0000] {docker.py:69} INFO -     int(1742996828)
[2025-03-26T13:48:12.537+0000] {docker.py:69} INFO -   }
[2025-03-26T13:48:12.538+0000] {docker.py:69} INFO -   [88]=>
[2025-03-26T13:48:12.538+0000] {docker.py:69} INFO -   object(stdClass)#90 (3) {
[2025-03-26T13:48:12.539+0000] {docker.py:69} INFO -     ["contador"]=>
[2025-03-26T13:48:12.539+0000] {docker.py:69} INFO -     int(1)
[2025-03-26T13:48:12.539+0000] {docker.py:69} INFO -     ["container"]=>
[2025-03-26T13:48:12.540+0000] {docker.py:69} INFO -     string(8) "php-app1"
[2025-03-26T13:48:12.540+0000] {docker.py:69} INFO -     ["timestamp"]=>
[2025-03-26T13:48:12.540+0000] {docker.py:69} INFO -     int(1742996828)
[2025-03-26T13:48:12.541+0000] {docker.py:69} INFO -   }
[2025-03-26T13:48:12.541+0000] {docker.py:69} INFO -   [89]=>
[2025-03-26T13:48:12.541+0000] {docker.py:69} INFO -   object(stdClass)#91 (3) {
[2025-03-26T13:48:12.542+0000] {docker.py:69} INFO -     ["contador"]=>
[2025-03-26T13:48:12.542+0000] {docker.py:69} INFO -     int(1)
[2025-03-26T13:48:12.542+0000] {docker.py:69} INFO -     ["container"]=>
[2025-03-26T13:48:12.542+0000] {docker.py:69} INFO -     string(8) "php-app2"
[2025-03-26T13:48:12.543+0000] {docker.py:69} INFO -     ["timestamp"]=>
[2025-03-26T13:48:12.543+0000] {docker.py:69} INFO -     int(1742996829)
[2025-03-26T13:48:12.543+0000] {docker.py:69} INFO -   }
[2025-03-26T13:48:12.544+0000] {docker.py:69} INFO -   [90]=>
[2025-03-26T13:48:12.544+0000] {docker.py:69} INFO -   object(stdClass)#92 (3) {
[2025-03-26T13:48:12.544+0000] {docker.py:69} INFO -     ["contador"]=>
[2025-03-26T13:48:12.545+0000] {docker.py:69} INFO -     int(1)
[2025-03-26T13:48:12.545+0000] {docker.py:69} INFO -     ["container"]=>
[2025-03-26T13:48:12.545+0000] {docker.py:69} INFO -     string(8) "php-app1"
[2025-03-26T13:48:12.546+0000] {docker.py:69} INFO -     ["timestamp"]=>
[2025-03-26T13:48:12.546+0000] {docker.py:69} INFO -     int(1742996829)
[2025-03-26T13:48:12.552+0000] {docker.py:69} INFO -   }
[2025-03-26T13:48:12.553+0000] {docker.py:69} INFO -   [91]=>
[2025-03-26T13:48:12.553+0000] {docker.py:69} INFO -   object(stdClass)#93 (3) {
[2025-03-26T13:48:12.554+0000] {docker.py:69} INFO -     ["contador"]=>
[2025-03-26T13:48:12.559+0000] {docker.py:69} INFO -     int(1)
[2025-03-26T13:48:12.560+0000] {docker.py:69} INFO -     ["container"]=>
[2025-03-26T13:48:12.570+0000] {docker.py:69} INFO -     string(8) "php-app2"
[2025-03-26T13:48:12.571+0000] {docker.py:69} INFO -     ["timestamp"]=>
[2025-03-26T13:48:12.572+0000] {docker.py:69} INFO -     int(1742996838)
[2025-03-26T13:48:12.573+0000] {docker.py:69} INFO -   }
[2025-03-26T13:48:12.633+0000] {docker.py:69} INFO -   [92]=>
[2025-03-26T13:48:12.633+0000] {docker.py:69} INFO -   object(stdClass)#94 (3) {
[2025-03-26T13:48:12.634+0000] {docker.py:69} INFO -     ["contador"]=>
[2025-03-26T13:48:12.647+0000] {docker.py:69} INFO -     int(1)
[2025-03-26T13:48:12.648+0000] {docker.py:69} INFO -     ["container"]=>
[2025-03-26T13:48:12.696+0000] {docker.py:69} INFO -     string(8) "php-app1"
[2025-03-26T13:48:12.708+0000] {docker.py:69} INFO -     ["timestamp"]=>
[2025-03-26T13:48:12.708+0000] {docker.py:69} INFO -     int(1742996841)
[2025-03-26T13:48:12.721+0000] {docker.py:69} INFO -   }
[2025-03-26T13:48:12.722+0000] {docker.py:69} INFO -   [93]=>
[2025-03-26T13:48:12.722+0000] {docker.py:69} INFO -   object(stdClass)#95 (3) {
[2025-03-26T13:48:12.722+0000] {docker.py:69} INFO -     ["contador"]=>
[2025-03-26T13:48:12.723+0000] {docker.py:69} INFO -     int(1)
[2025-03-26T13:48:12.723+0000] {docker.py:69} INFO -     ["container"]=>
[2025-03-26T13:48:12.724+0000] {docker.py:69} INFO -     string(8) "php-app2"
[2025-03-26T13:48:12.724+0000] {docker.py:69} INFO -     ["timestamp"]=>
[2025-03-26T13:48:12.725+0000] {docker.py:69} INFO -     int(1742996842)
[2025-03-26T13:48:12.725+0000] {docker.py:69} INFO -   }
[2025-03-26T13:48:12.725+0000] {docker.py:69} INFO -   [94]=>
[2025-03-26T13:48:12.726+0000] {docker.py:69} INFO -   object(stdClass)#96 (3) {
[2025-03-26T13:48:12.726+0000] {docker.py:69} INFO -     ["contador"]=>
[2025-03-26T13:48:12.726+0000] {docker.py:69} INFO -     int(1)
[2025-03-26T13:48:12.727+0000] {docker.py:69} INFO -     ["container"]=>
[2025-03-26T13:48:12.727+0000] {docker.py:69} INFO -     string(8) "php-app1"
[2025-03-26T13:48:12.728+0000] {docker.py:69} INFO -     ["timestamp"]=>
[2025-03-26T13:48:12.728+0000] {docker.py:69} INFO -     int(1742996843)
[2025-03-26T13:48:12.729+0000] {docker.py:69} INFO -   }
[2025-03-26T13:48:12.729+0000] {docker.py:69} INFO -   [95]=>
[2025-03-26T13:48:12.730+0000] {docker.py:69} INFO -   object(stdClass)#97 (3) {
[2025-03-26T13:48:12.730+0000] {docker.py:69} INFO -     ["contador"]=>
[2025-03-26T13:48:12.730+0000] {docker.py:69} INFO -     int(1)
[2025-03-26T13:48:12.731+0000] {docker.py:69} INFO -     ["container"]=>
[2025-03-26T13:48:12.731+0000] {docker.py:69} INFO -     string(8) "php-app2"
[2025-03-26T13:48:12.732+0000] {docker.py:69} INFO -     ["timestamp"]=>
[2025-03-26T13:48:12.732+0000] {docker.py:69} INFO -     int(1742996843)
[2025-03-26T13:48:12.732+0000] {docker.py:69} INFO -   }
[2025-03-26T13:48:12.733+0000] {docker.py:69} INFO -   [96]=>
[2025-03-26T13:48:12.733+0000] {docker.py:69} INFO -   object(stdClass)#98 (3) {
[2025-03-26T13:48:12.734+0000] {docker.py:69} INFO -     ["contador"]=>
[2025-03-26T13:48:12.734+0000] {docker.py:69} INFO -     int(1)
[2025-03-26T13:48:12.735+0000] {docker.py:69} INFO -     ["container"]=>
[2025-03-26T13:48:12.735+0000] {docker.py:69} INFO -     string(8) "php-app1"
[2025-03-26T13:48:12.735+0000] {docker.py:69} INFO -     ["timestamp"]=>
[2025-03-26T13:48:12.736+0000] {docker.py:69} INFO -     int(1742996844)
[2025-03-26T13:48:12.736+0000] {docker.py:69} INFO -   }
[2025-03-26T13:48:12.737+0000] {docker.py:69} INFO -   [97]=>
[2025-03-26T13:48:12.737+0000] {docker.py:69} INFO -   object(stdClass)#99 (3) {
[2025-03-26T13:48:12.737+0000] {docker.py:69} INFO -     ["contador"]=>
[2025-03-26T13:48:12.738+0000] {docker.py:69} INFO -     int(1)
[2025-03-26T13:48:12.740+0000] {docker.py:69} INFO -     ["container"]=>
[2025-03-26T13:48:12.740+0000] {docker.py:69} INFO -     string(8) "php-app1"
[2025-03-26T13:48:12.740+0000] {docker.py:69} INFO -     ["timestamp"]=>
[2025-03-26T13:48:12.741+0000] {docker.py:69} INFO -     int(1742996849)
[2025-03-26T13:48:12.813+0000] {docker.py:69} INFO -   }
[2025-03-26T13:48:12.814+0000] {docker.py:69} INFO -   [98]=>
[2025-03-26T13:48:12.814+0000] {docker.py:69} INFO -   object(stdClass)#100 (3) {
[2025-03-26T13:48:12.815+0000] {docker.py:69} INFO -     ["contador"]=>
[2025-03-26T13:48:12.815+0000] {docker.py:69} INFO -     int(1)
[2025-03-26T13:48:12.815+0000] {docker.py:69} INFO -     ["container"]=>
[2025-03-26T13:48:12.816+0000] {docker.py:69} INFO -     string(8) "php-app2"
[2025-03-26T13:48:12.816+0000] {docker.py:69} INFO -     ["timestamp"]=>
[2025-03-26T13:48:12.817+0000] {docker.py:69} INFO -     int(1742996849)
[2025-03-26T13:48:12.817+0000] {docker.py:69} INFO -   }
[2025-03-26T13:48:12.818+0000] {docker.py:69} INFO -   [99]=>
[2025-03-26T13:48:12.818+0000] {docker.py:69} INFO -   object(stdClass)#101 (3) {
[2025-03-26T13:48:12.819+0000] {docker.py:69} INFO -     ["contador"]=>
[2025-03-26T13:48:12.819+0000] {docker.py:69} INFO -     int(1)
[2025-03-26T13:48:12.819+0000] {docker.py:69} INFO -     ["container"]=>
[2025-03-26T13:48:12.820+0000] {docker.py:69} INFO -     string(8) "php-app2"
[2025-03-26T13:48:12.820+0000] {docker.py:69} INFO -     ["timestamp"]=>
[2025-03-26T13:48:12.821+0000] {docker.py:69} INFO -     int(1742996849)
[2025-03-26T13:48:12.821+0000] {docker.py:69} INFO -   }
[2025-03-26T13:48:12.822+0000] {docker.py:69} INFO -   [100]=>
[2025-03-26T13:48:12.822+0000] {docker.py:69} INFO -   object(stdClass)#102 (3) {
[2025-03-26T13:48:12.822+0000] {docker.py:69} INFO -     ["contador"]=>
[2025-03-26T13:48:12.823+0000] {docker.py:69} INFO -     int(1)
[2025-03-26T13:48:12.823+0000] {docker.py:69} INFO -     ["container"]=>
[2025-03-26T13:48:12.824+0000] {docker.py:69} INFO -     string(8) "php-app2"
[2025-03-26T13:48:12.824+0000] {docker.py:69} INFO -     ["timestamp"]=>
[2025-03-26T13:48:12.825+0000] {docker.py:69} INFO -     int(1742996850)
[2025-03-26T13:48:12.825+0000] {docker.py:69} INFO -   }
[2025-03-26T13:48:12.825+0000] {docker.py:69} INFO -   [101]=>
[2025-03-26T13:48:12.826+0000] {docker.py:69} INFO -   object(stdClass)#103 (3) {
[2025-03-26T13:48:12.826+0000] {docker.py:69} INFO -     ["contador"]=>
[2025-03-26T13:48:12.827+0000] {docker.py:69} INFO -     int(1)
[2025-03-26T13:48:12.827+0000] {docker.py:69} INFO -     ["container"]=>
[2025-03-26T13:48:12.828+0000] {docker.py:69} INFO -     string(8) "php-app1"
[2025-03-26T13:48:12.828+0000] {docker.py:69} INFO -     ["timestamp"]=>
[2025-03-26T13:48:12.829+0000] {docker.py:69} INFO -     int(1742996850)
[2025-03-26T13:48:12.829+0000] {docker.py:69} INFO -   }
[2025-03-26T13:48:12.829+0000] {docker.py:69} INFO -   [102]=>
[2025-03-26T13:48:12.830+0000] {docker.py:69} INFO -   object(stdClass)#104 (3) {
[2025-03-26T13:48:12.830+0000] {docker.py:69} INFO -     ["contador"]=>
[2025-03-26T13:48:12.831+0000] {docker.py:69} INFO -     int(1)
[2025-03-26T13:48:12.832+0000] {docker.py:69} INFO -     ["container"]=>
[2025-03-26T13:48:12.832+0000] {docker.py:69} INFO -     string(8) "php-app1"
[2025-03-26T13:48:12.833+0000] {docker.py:69} INFO -     ["timestamp"]=>
[2025-03-26T13:48:12.833+0000] {docker.py:69} INFO -     int(1742996851)
[2025-03-26T13:48:12.834+0000] {docker.py:69} INFO -   }
[2025-03-26T13:48:12.834+0000] {docker.py:69} INFO -   [103]=>
[2025-03-26T13:48:12.835+0000] {docker.py:69} INFO -   object(stdClass)#105 (3) {
[2025-03-26T13:48:12.835+0000] {docker.py:69} INFO -     ["contador"]=>
[2025-03-26T13:48:12.836+0000] {docker.py:69} INFO -     int(1)
[2025-03-26T13:48:12.836+0000] {docker.py:69} INFO -     ["container"]=>
[2025-03-26T13:48:12.837+0000] {docker.py:69} INFO -     string(8) "php-app2"
[2025-03-26T13:48:12.838+0000] {docker.py:69} INFO -     ["timestamp"]=>
[2025-03-26T13:48:12.838+0000] {docker.py:69} INFO -     int(1742996854)
[2025-03-26T13:48:12.839+0000] {docker.py:69} INFO -   }
[2025-03-26T13:48:12.839+0000] {docker.py:69} INFO -   [104]=>
[2025-03-26T13:48:12.840+0000] {docker.py:69} INFO -   object(stdClass)#106 (3) {
[2025-03-26T13:48:12.840+0000] {docker.py:69} INFO -     ["contador"]=>
[2025-03-26T13:48:12.841+0000] {docker.py:69} INFO -     int(1)
[2025-03-26T13:48:12.841+0000] {docker.py:69} INFO -     ["container"]=>
[2025-03-26T13:48:12.841+0000] {docker.py:69} INFO -     string(8) "php-app2"
[2025-03-26T13:48:12.842+0000] {docker.py:69} INFO -     ["timestamp"]=>
[2025-03-26T13:48:12.842+0000] {docker.py:69} INFO -     int(1742996855)
[2025-03-26T13:48:12.843+0000] {docker.py:69} INFO -   }
[2025-03-26T13:48:12.843+0000] {docker.py:69} INFO -   [105]=>
[2025-03-26T13:48:12.843+0000] {docker.py:69} INFO -   object(stdClass)#107 (3) {
[2025-03-26T13:48:12.844+0000] {docker.py:69} INFO -     ["contador"]=>
[2025-03-26T13:48:12.844+0000] {docker.py:69} INFO -     int(1)
[2025-03-26T13:48:12.845+0000] {docker.py:69} INFO -     ["container"]=>
[2025-03-26T13:48:12.845+0000] {docker.py:69} INFO -     string(8) "php-app1"
[2025-03-26T13:48:12.846+0000] {docker.py:69} INFO -     ["timestamp"]=>
[2025-03-26T13:48:12.846+0000] {docker.py:69} INFO -     int(1742996856)
[2025-03-26T13:48:12.846+0000] {docker.py:69} INFO -   }
[2025-03-26T13:48:12.847+0000] {docker.py:69} INFO -   [106]=>
[2025-03-26T13:48:12.847+0000] {docker.py:69} INFO -   object(stdClass)#108 (3) {
[2025-03-26T13:48:12.847+0000] {docker.py:69} INFO -     ["contador"]=>
[2025-03-26T13:48:12.848+0000] {docker.py:69} INFO -     int(1)
[2025-03-26T13:48:12.848+0000] {docker.py:69} INFO -     ["container"]=>
[2025-03-26T13:48:12.849+0000] {docker.py:69} INFO -     string(8) "php-app1"
[2025-03-26T13:48:12.870+0000] {docker.py:69} INFO -     ["timestamp"]=>
[2025-03-26T13:48:12.885+0000] {docker.py:69} INFO -     int(1742996856)
[2025-03-26T13:48:12.885+0000] {docker.py:69} INFO -   }
[2025-03-26T13:48:12.886+0000] {docker.py:69} INFO -   [107]=>
[2025-03-26T13:48:12.886+0000] {docker.py:69} INFO -   object(stdClass)#109 (3) {
[2025-03-26T13:48:12.886+0000] {docker.py:69} INFO -     ["contador"]=>
[2025-03-26T13:48:12.890+0000] {docker.py:69} INFO -     int(1)
[2025-03-26T13:48:12.890+0000] {docker.py:69} INFO -     ["container"]=>
[2025-03-26T13:48:12.968+0000] {docker.py:69} INFO -     string(8) "php-app2"
[2025-03-26T13:48:12.969+0000] {docker.py:69} INFO -     ["timestamp"]=>
[2025-03-26T13:48:12.969+0000] {docker.py:69} INFO -     int(1742996859)
[2025-03-26T13:48:12.970+0000] {docker.py:69} INFO -   }
[2025-03-26T13:48:12.970+0000] {docker.py:69} INFO -   [108]=>
[2025-03-26T13:48:12.971+0000] {docker.py:69} INFO -   object(stdClass)#110 (3) {
[2025-03-26T13:48:12.971+0000] {docker.py:69} INFO -     ["contador"]=>
[2025-03-26T13:48:12.972+0000] {docker.py:69} INFO -     int(1)
[2025-03-26T13:48:12.973+0000] {docker.py:69} INFO -     ["container"]=>
[2025-03-26T13:48:12.973+0000] {docker.py:69} INFO -     string(8) "php-app2"
[2025-03-26T13:48:12.973+0000] {docker.py:69} INFO -     ["timestamp"]=>
[2025-03-26T13:48:12.974+0000] {docker.py:69} INFO -     int(1742996860)
[2025-03-26T13:48:12.974+0000] {docker.py:69} INFO -   }
[2025-03-26T13:48:12.975+0000] {docker.py:69} INFO -   [109]=>
[2025-03-26T13:48:12.975+0000] {docker.py:69} INFO -   object(stdClass)#111 (3) {
[2025-03-26T13:48:12.975+0000] {docker.py:69} INFO -     ["contador"]=>
[2025-03-26T13:48:12.976+0000] {docker.py:69} INFO -     int(1)
[2025-03-26T13:48:12.976+0000] {docker.py:69} INFO -     ["container"]=>
[2025-03-26T13:48:12.977+0000] {docker.py:69} INFO -     string(8) "php-app2"
[2025-03-26T13:48:12.977+0000] {docker.py:69} INFO -     ["timestamp"]=>
[2025-03-26T13:48:13.019+0000] {docker.py:69} INFO -     int(1742996861)
[2025-03-26T13:48:13.020+0000] {docker.py:69} INFO -   }
[2025-03-26T13:48:13.020+0000] {docker.py:69} INFO -   [110]=>
[2025-03-26T13:48:13.020+0000] {docker.py:69} INFO -   object(stdClass)#112 (3) {
[2025-03-26T13:48:13.021+0000] {docker.py:69} INFO -     ["contador"]=>
[2025-03-26T13:48:13.022+0000] {docker.py:69} INFO -     int(1)
[2025-03-26T13:48:13.022+0000] {docker.py:69} INFO -     ["container"]=>
[2025-03-26T13:48:13.023+0000] {docker.py:69} INFO -     string(8) "php-app1"
[2025-03-26T13:48:13.023+0000] {docker.py:69} INFO -     ["timestamp"]=>
[2025-03-26T13:48:13.024+0000] {docker.py:69} INFO -     int(1742996861)
[2025-03-26T13:48:13.024+0000] {docker.py:69} INFO -   }
[2025-03-26T13:48:13.025+0000] {docker.py:69} INFO -   [111]=>
[2025-03-26T13:48:13.025+0000] {docker.py:69} INFO -   object(stdClass)#113 (3) {
[2025-03-26T13:48:13.025+0000] {docker.py:69} INFO -     ["contador"]=>
[2025-03-26T13:48:13.026+0000] {docker.py:69} INFO -     int(1)
[2025-03-26T13:48:13.026+0000] {docker.py:69} INFO -     ["container"]=>
[2025-03-26T13:48:13.028+0000] {docker.py:69} INFO -     string(8) "php-app1"
[2025-03-26T13:48:13.029+0000] {docker.py:69} INFO -     ["timestamp"]=>
[2025-03-26T13:48:13.030+0000] {docker.py:69} INFO -     int(1742996862)
[2025-03-26T13:48:13.030+0000] {docker.py:69} INFO -   }
[2025-03-26T13:48:13.030+0000] {docker.py:69} INFO -   [112]=>
[2025-03-26T13:48:13.031+0000] {docker.py:69} INFO -   object(stdClass)#114 (3) {
[2025-03-26T13:48:13.031+0000] {docker.py:69} INFO -     ["contador"]=>
[2025-03-26T13:48:13.031+0000] {docker.py:69} INFO -     int(1)
[2025-03-26T13:48:13.032+0000] {docker.py:69} INFO -     ["container"]=>
[2025-03-26T13:48:13.032+0000] {docker.py:69} INFO -     string(8) "php-app1"
[2025-03-26T13:48:13.033+0000] {docker.py:69} INFO -     ["timestamp"]=>
[2025-03-26T13:48:13.033+0000] {docker.py:69} INFO -     int(1742996863)
[2025-03-26T13:48:13.035+0000] {docker.py:69} INFO -   }
[2025-03-26T13:48:13.035+0000] {docker.py:69} INFO -   [113]=>
[2025-03-26T13:48:13.036+0000] {docker.py:69} INFO -   object(stdClass)#115 (3) {
[2025-03-26T13:48:13.036+0000] {docker.py:69} INFO -     ["contador"]=>
[2025-03-26T13:48:13.037+0000] {docker.py:69} INFO -     int(1)
[2025-03-26T13:48:13.037+0000] {docker.py:69} INFO -     ["container"]=>
[2025-03-26T13:48:13.038+0000] {docker.py:69} INFO -     string(8) "php-app1"
[2025-03-26T13:48:13.038+0000] {docker.py:69} INFO -     ["timestamp"]=>
[2025-03-26T13:48:13.039+0000] {docker.py:69} INFO -     int(1742996873)
[2025-03-26T13:48:13.039+0000] {docker.py:69} INFO -   }
[2025-03-26T13:48:13.040+0000] {docker.py:69} INFO -   [114]=>
[2025-03-26T13:48:13.040+0000] {docker.py:69} INFO -   object(stdClass)#116 (3) {
[2025-03-26T13:48:13.041+0000] {docker.py:69} INFO -     ["contador"]=>
[2025-03-26T13:48:13.041+0000] {docker.py:69} INFO -     int(1)
[2025-03-26T13:48:13.042+0000] {docker.py:69} INFO -     ["container"]=>
[2025-03-26T13:48:13.042+0000] {docker.py:69} INFO -     string(8) "php-app1"
[2025-03-26T13:48:13.043+0000] {docker.py:69} INFO -     [
[2025-03-26T13:48:13.044+0000] {docker.py:69} INFO - "timestamp"]=>
[2025-03-26T13:48:13.044+0000] {docker.py:69} INFO -     int(1742996874)
[2025-03-26T13:48:13.045+0000] {docker.py:69} INFO -   }
[2025-03-26T13:48:13.045+0000] {docker.py:69} INFO -   [115]=>
[2025-03-26T13:48:13.045+0000] {docker.py:69} INFO -   object(stdClass)#117 (3) {
[2025-03-26T13:48:13.046+0000] {docker.py:69} INFO -     ["contador"]=>
[2025-03-26T13:48:13.046+0000] {docker.py:69} INFO -     int(1)
[2025-03-26T13:48:13.047+0000] {docker.py:69} INFO -     ["container"]=>
[2025-03-26T13:48:13.047+0000] {docker.py:69} INFO -     string(8) "php-app2"
[2025-03-26T13:48:13.048+0000] {docker.py:69} INFO -     ["timestamp"]=>
[2025-03-26T13:48:13.048+0000] {docker.py:69} INFO -     int(1742996875)
[2025-03-26T13:48:13.048+0000] {docker.py:69} INFO -   }
[2025-03-26T13:48:13.049+0000] {docker.py:69} INFO -   [116]=>
[2025-03-26T13:48:13.049+0000] {docker.py:69} INFO -   object(stdClass)#118 (3) {
[2025-03-26T13:48:13.050+0000] {docker.py:69} INFO -     ["contador"]=>
[2025-03-26T13:48:13.050+0000] {docker.py:69} INFO -     int(1)
[2025-03-26T13:48:13.051+0000] {docker.py:69} INFO -     ["container"]=>
[2025-03-26T13:48:13.051+0000] {docker.py:69} INFO -     string(8) "php-app2"
[2025-03-26T13:48:13.051+0000] {docker.py:69} INFO -     ["timestamp"]=>
[2025-03-26T13:48:13.052+0000] {docker.py:69} INFO -     int(1742996876)
[2025-03-26T13:48:13.052+0000] {docker.py:69} INFO -   }
[2025-03-26T13:48:13.052+0000] {docker.py:69} INFO -   [117]=>
[2025-03-26T13:48:13.053+0000] {docker.py:69} INFO -   object(stdClass)#119 (3) {
[2025-03-26T13:48:13.053+0000] {docker.py:69} INFO -     ["contador"]=>
[2025-03-26T13:48:13.054+0000] {docker.py:69} INFO -     int(1)
[2025-03-26T13:48:13.054+0000] {docker.py:69} INFO -     ["container"]=>
[2025-03-26T13:48:13.055+0000] {docker.py:69} INFO -     string(8) "php-app2"
[2025-03-26T13:48:13.055+0000] {docker.py:69} INFO -     ["timestamp"]=>
[2025-03-26T13:48:13.055+0000] {docker.py:69} INFO -     int(1742996876)
[2025-03-26T13:48:13.056+0000] {docker.py:69} INFO -   }
[2025-03-26T13:48:13.056+0000] {docker.py:69} INFO -   [118]=>
[2025-03-26T13:48:13.057+0000] {docker.py:69} INFO -   object(stdClass)#120 (3) {
[2025-03-26T13:48:13.057+0000] {docker.py:69} INFO -     ["contador"]=>
[2025-03-26T13:48:13.057+0000] {docker.py:69} INFO -     int(1)
[2025-03-26T13:48:13.058+0000] {docker.py:69} INFO -     ["container"]=>
[2025-03-26T13:48:13.058+0000] {docker.py:69} INFO -     string(8) "php-app2"
[2025-03-26T13:48:13.059+0000] {docker.py:69} INFO -     ["timestamp"]=>
[2025-03-26T13:48:13.059+0000] {docker.py:69} INFO -     int(1742996876)
[2025-03-26T13:48:13.060+0000] {docker.py:69} INFO -   }
[2025-03-26T13:48:13.060+0000] {docker.py:69} INFO -   [119]=>
[2025-03-26T13:48:13.061+0000] {docker.py:69} INFO -   object(stdClass)#121 (3) {
[2025-03-26T13:48:13.061+0000] {docker.py:69} INFO -     ["contador"]=>
[2025-03-26T13:48:13.062+0000] {docker.py:69} INFO -     int(1)
[2025-03-26T13:48:13.062+0000] {docker.py:69} INFO -     ["container"]=>
[2025-03-26T13:48:13.063+0000] {docker.py:69} INFO -     string(8) "php-app1"
[2025-03-26T13:48:13.063+0000] {docker.py:69} INFO -     ["timestamp"]=>
[2025-03-26T13:48:13.063+0000] {docker.py:69} INFO -     int(1742996880)
[2025-03-26T13:48:13.065+0000] {docker.py:69} INFO -   }
[2025-03-26T13:48:13.065+0000] {docker.py:69} INFO -   [120]=>
[2025-03-26T13:48:13.065+0000] {docker.py:69} INFO -   object(stdClass)#122 (3) {
[2025-03-26T13:48:13.066+0000] {docker.py:69} INFO -     ["contador"]=>
[2025-03-26T13:48:13.066+0000] {docker.py:69} INFO -     int(1)
[2025-03-26T13:48:13.067+0000] {docker.py:69} INFO -     ["container"]=>
[2025-03-26T13:48:13.067+0000] {docker.py:69} INFO -     string(8) "php-app1"
[2025-03-26T13:48:13.067+0000] {docker.py:69} INFO -     ["timestamp"]=>
[2025-03-26T13:48:13.068+0000] {docker.py:69} INFO -     int(1742996880)
[2025-03-26T13:48:13.068+0000] {docker.py:69} INFO -   }
[2025-03-26T13:48:13.069+0000] {docker.py:69} INFO -   [121]=>
[2025-03-26T13:48:13.069+0000] {docker.py:69} INFO -   object(stdClass)#123 (3) {
[2025-03-26T13:48:13.069+0000] {docker.py:69} INFO -     ["contador"]=>
[2025-03-26T13:48:13.070+0000] {docker.py:69} INFO -     int(1)
[2025-03-26T13:48:13.070+0000] {docker.py:69} INFO -     ["container"]=>
[2025-03-26T13:48:13.070+0000] {docker.py:69} INFO -     string(8) "php-app1"
[2025-03-26T13:48:13.071+0000] {docker.py:69} INFO -     ["timestamp"]=>
[2025-03-26T13:48:13.071+0000] {docker.py:69} INFO -     int(1742996882)
[2025-03-26T13:48:13.072+0000] {docker.py:69} INFO -   }
[2025-03-26T13:48:13.072+0000] {docker.py:69} INFO -   [122]=>
[2025-03-26T13:48:13.072+0000] {docker.py:69} INFO -   object(stdClass)#124 (3) {
[2025-03-26T13:48:13.073+0000] {docker.py:69} INFO -     ["contador"]=>
[2025-03-26T13:48:13.073+0000] {docker.py:69} INFO -     int(1)
[2025-03-26T13:48:13.074+0000] {docker.py:69} INFO -     ["container"]=>
[2025-03-26T13:48:13.074+0000] {docker.py:69} INFO -     string(8) "php-app2"
[2025-03-26T13:48:13.074+0000] {docker.py:69} INFO -     ["timestamp"]=>
[2025-03-26T13:48:13.075+0000] {docker.py:69} INFO -     int(1742996882)
[2025-03-26T13:48:13.075+0000] {docker.py:69} INFO -   }
[2025-03-26T13:48:13.075+0000] {docker.py:69} INFO -   [123]=>
[2025-03-26T13:48:13.076+0000] {docker.py:69} INFO -   object(stdClass)#125 (3) {
[2025-03-26T13:48:13.076+0000] {docker.py:69} INFO -     ["contador"]=>
[2025-03-26T13:48:13.077+0000] {docker.py:69} INFO -     int(1)
[2025-03-26T13:48:13.077+0000] {docker.py:69} INFO -     ["container"]=>
[2025-03-26T13:48:13.077+0000] {docker.py:69} INFO -     string(8) "php-app1"
[2025-03-26T13:48:13.078+0000] {docker.py:69} INFO -     ["timestamp"]=>
[2025-03-26T13:48:13.078+0000] {docker.py:69} INFO -     int(1742996882)
[2025-03-26T13:48:13.079+0000] {docker.py:69} INFO -   }
[2025-03-26T13:48:13.079+0000] {docker.py:69} INFO -   [124]=>
[2025-03-26T13:48:13.080+0000] {docker.py:69} INFO -   object(stdClass)#126 (3) {
[2025-03-26T13:48:13.080+0000] {docker.py:69} INFO -     ["contador"]=>
[2025-03-26T13:48:13.081+0000] {docker.py:69} INFO -     int(1)
[2025-03-26T13:48:13.081+0000] {docker.py:69} INFO -     ["container"]=>
[2025-03-26T13:48:13.081+0000] {docker.py:69} INFO -     string(8) "php-app1"
[2025-03-26T13:48:13.082+0000] {docker.py:69} INFO -     ["timestamp"]=>
[2025-03-26T13:48:13.082+0000] {docker.py:69} INFO -     int(1742996883)
[2025-03-26T13:48:13.082+0000] {docker.py:69} INFO -   }
[2025-03-26T13:48:13.083+0000] {docker.py:69} INFO -   [125]=>
[2025-03-26T13:48:13.083+0000] {docker.py:69} INFO -   object(stdClass)#127 (3) {
[2025-03-26T13:48:13.084+0000] {docker.py:69} INFO -     ["contador"]=>
[2025-03-26T13:48:13.084+0000] {docker.py:69} INFO -     int(1)
[2025-03-26T13:48:13.085+0000] {docker.py:69} INFO -     ["container"]=>
[2025-03-26T13:48:13.085+0000] {docker.py:69} INFO -     string(8) "php-app2"
[2025-03-26T13:48:13.086+0000] {docker.py:69} INFO -     ["timestamp"]=>
[2025-03-26T13:48:13.086+0000] {docker.py:69} INFO -     int(1742996884)
[2025-03-26T13:48:13.086+0000] {docker.py:69} INFO -   }
[2025-03-26T13:48:13.087+0000] {docker.py:69} INFO -   [126]=>
[2025-03-26T13:48:13.087+0000] {docker.py:69} INFO -   object(stdClass)#128 (3) {
[2025-03-26T13:48:13.088+0000] {docker.py:69} INFO -     ["contador"]=>
[2025-03-26T13:48:13.088+0000] {docker.py:69} INFO -     int(1)
[2025-03-26T13:48:13.089+0000] {docker.py:69} INFO -     ["container"]=>
[2025-03-26T13:48:13.089+0000] {docker.py:69} INFO -     string(8) "php-app2"
[2025-03-26T13:48:13.090+0000] {docker.py:69} INFO -     ["timestamp"]=>
[2025-03-26T13:48:13.090+0000] {docker.py:69} INFO -     int(1742996887)
[2025-03-26T13:48:13.090+0000] {docker.py:69} INFO -   }
[2025-03-26T13:48:13.091+0000] {docker.py:69} INFO -   [127]=>
[2025-03-26T13:48:13.091+0000] {docker.py:69} INFO -   object(stdClass)#129 (3) {
[2025-03-26T13:48:13.092+0000] {docker.py:69} INFO -     ["contador"]=>
[2025-03-26T13:48:13.092+0000] {docker.py:69} INFO -     int(1)
[2025-03-26T13:48:13.092+0000] {docker.py:69} INFO -     ["container"]=>
[2025-03-26T13:48:13.093+0000] {docker.py:69} INFO -     string(8) "php-app2"
[2025-03-26T13:48:13.093+0000] {docker.py:69} INFO -     ["timestamp"]=>
[2025-03-26T13:48:13.093+0000] {docker.py:69} INFO -     int(1742996888)
[2025-03-26T13:48:13.094+0000] {docker.py:69} INFO -   }
[2025-03-26T13:48:13.094+0000] {docker.py:69} INFO -   [128]=>
[2025-03-26T13:48:13.095+0000] {docker.py:69} INFO -   object(stdClass)#130 (3) {
[2025-03-26T13:48:13.095+0000] {docker.py:69} INFO -     ["contador"]=>
[2025-03-26T13:48:13.095+0000] {docker.py:69} INFO -     int(1)
[2025-03-26T13:48:13.096+0000] {docker.py:69} INFO -     ["container"]=>
[2025-03-26T13:48:13.097+0000] {docker.py:69} INFO -     string(8) "php-app1"
[2025-03-26T13:48:13.097+0000] {docker.py:69} INFO -     ["timestamp"]=>
[2025-03-26T13:48:13.098+0000] {docker.py:69} INFO -     int(1742996888)
[2025-03-26T13:48:13.098+0000] {docker.py:69} INFO -   }
[2025-03-26T13:48:13.098+0000] {docker.py:69} INFO -   [129]=>
[2025-03-26T13:48:13.099+0000] {docker.py:69} INFO -   array(3) {
[2025-03-26T13:48:13.099+0000] {docker.py:69} INFO -     ["contador"]=>
[2025-03-26T13:48:13.100+0000] {docker.py:69} INFO -     int(1)
[2025-03-26T13:48:13.100+0000] {docker.py:69} INFO -     ["container"]=>
[2025-03-26T13:48:13.100+0000] {docker.py:69} INFO -     string(8) "php-app2"
[2025-03-26T13:48:13.101+0000] {docker.py:69} INFO -     ["timestamp"]=>
[2025-03-26T13:48:13.101+0000] {docker.py:69} INFO -     int(1742996891)
[2025-03-26T13:48:13.102+0000] {docker.py:69} INFO -   }
[2025-03-26T13:48:13.102+0000] {docker.py:69} INFO - }
[2025-03-26T13:48:13.517+0000] {taskinstance.py:341} INFO - ::group::Post task execution logs
[2025-03-26T13:48:13.518+0000] {taskinstance.py:353} INFO - Marking task as SUCCESS. dag_id=containers1_dag, task_id=php_app2, run_id=scheduled__2025-03-25T04:25:00+00:00, execution_date=20250325T042500, start_date=20250326T134806, end_date=20250326T134813
[2025-03-26T13:48:13.766+0000] {local_task_job_runner.py:266} INFO - Task exited with return code 0
[2025-03-26T13:48:13.814+0000] {local_task_job_runner.py:245} INFO - ::endgroup::
