[2025-03-26T13:45:53.729+0000] {local_task_job_runner.py:123} INFO - ::group::Pre task execution logs
[2025-03-26T13:45:53.928+0000] {taskinstance.py:2614} INFO - Dependencies all met for dep_context=non-requeueable deps ti=<TaskInstance: containers1_dag.php_app2 scheduled__2025-03-25T00:20:00+00:00 [queued]>
[2025-03-26T13:45:53.994+0000] {taskinstance.py:2614} INFO - Dependencies all met for dep_context=requeueable deps ti=<TaskInstance: containers1_dag.php_app2 scheduled__2025-03-25T00:20:00+00:00 [queued]>
[2025-03-26T13:45:54.038+0000] {taskinstance.py:2867} INFO - Starting attempt 1 of 6
[2025-03-26T13:45:54.175+0000] {taskinstance.py:2890} INFO - Executing <Task(DockerOperator): php_app2> on 2025-03-25 00:20:00+00:00
[2025-03-26T13:45:54.231+0000] {logging_mixin.py:190} WARNING - /home/***/.local/lib/python3.12/site-packages/***/task/task_runner/standard_task_runner.py:70 DeprecationWarning: This process (pid=570) is multi-threaded, use of fork() may lead to deadlocks in the child.
[2025-03-26T13:45:54.235+0000] {standard_task_runner.py:72} INFO - Started process 584 to run task
[2025-03-26T13:45:54.231+0000] {standard_task_runner.py:104} INFO - Running: ['***', 'tasks', 'run', 'containers1_dag', 'php_app2', 'scheduled__2025-03-25T00:20:00+00:00', '--job-id', '30', '--raw', '--subdir', 'DAGS_FOLDER/containers1_dag.py', '--cfg-path', '/tmp/tmpac9lptjl']
[2025-03-26T13:45:54.237+0000] {standard_task_runner.py:105} INFO - Job 30: Subtask php_app2
[2025-03-26T13:45:54.587+0000] {task_command.py:467} INFO - Running <TaskInstance: containers1_dag.php_app2 scheduled__2025-03-25T00:20:00+00:00 [running]> on host 3d581a580455
[2025-03-26T13:45:56.702+0000] {taskinstance.py:3134} INFO - Exporting env vars: AIRFLOW_CTX_DAG_OWNER='andre' AIRFLOW_CTX_DAG_ID='containers1_dag' AIRFLOW_CTX_TASK_ID='php_app2' AIRFLOW_CTX_EXECUTION_DATE='2025-03-25T00:20:00+00:00' AIRFLOW_CTX_TRY_NUMBER='1' AIRFLOW_CTX_DAG_RUN_ID='scheduled__2025-03-25T00:20:00+00:00'
[2025-03-26T13:45:56.714+0000] {taskinstance.py:732} INFO - ::endgroup::
[2025-03-26T13:45:58.100+0000] {docker.py:345} INFO - Starting docker container from image php-app2
[2025-03-26T13:45:58.107+0000] {docker.py:353} WARNING - Using remote engine or docker-in-docker and mounting temporary volume from host is not supported. Falling back to `mount_tmp_dir=False` mode. You can set `mount_tmp_dir` parameter to False to disable mounting and remove the warning
[2025-03-26T13:46:01.590+0000] {docker.py:69} INFO - array(33) {
[2025-03-26T13:46:01.596+0000] {docker.py:69} INFO -   [0]=>
[2025-03-26T13:46:01.600+0000] {docker.py:69} INFO - 
[2025-03-26T13:46:01.600+0000] {docker.py:69} INFO - object(stdClass)#2 (3) {
[2025-03-26T13:46:01.603+0000] {docker.py:69} INFO -     [
[2025-03-26T13:46:01.615+0000] {docker.py:69} INFO - "
[2025-03-26T13:46:01.615+0000] {docker.py:69} INFO - contador
[2025-03-26T13:46:01.616+0000] {docker.py:69} INFO - "
[2025-03-26T13:46:01.620+0000] {docker.py:69} INFO - ]=>
[2025-03-26T13:46:01.627+0000] {docker.py:69} INFO - 
[2025-03-26T13:46:01.628+0000] {docker.py:69} INFO - int(0)
[2025-03-26T13:46:01.628+0000] {docker.py:69} INFO -     [
[2025-03-26T13:46:01.630+0000] {docker.py:69} INFO - "
[2025-03-26T13:46:01.631+0000] {docker.py:69} INFO - container
[2025-03-26T13:46:01.632+0000] {docker.py:69} INFO - "
[2025-03-26T13:46:01.632+0000] {docker.py:69} INFO - ]=>
[2025-03-26T13:46:01.633+0000] {docker.py:69} INFO - 
[2025-03-26T13:46:01.634+0000] {docker.py:69} INFO - string(8) "
[2025-03-26T13:46:01.634+0000] {docker.py:69} INFO - php-app1
[2025-03-26T13:46:01.635+0000] {docker.py:69} INFO - "
[2025-03-26T13:46:01.636+0000] {docker.py:69} INFO -     [
[2025-03-26T13:46:01.637+0000] {docker.py:69} INFO - "
[2025-03-26T13:46:01.639+0000] {docker.py:69} INFO - timestamp
[2025-03-26T13:46:01.641+0000] {docker.py:69} INFO - "
[2025-03-26T13:46:01.642+0000] {docker.py:69} INFO - ]=>
[2025-03-26T13:46:01.643+0000] {docker.py:69} INFO - 
[2025-03-26T13:46:01.644+0000] {docker.py:69} INFO - int(1742852307)
[2025-03-26T13:46:01.647+0000] {docker.py:69} INFO - 
[2025-03-26T13:46:01.649+0000] {docker.py:69} INFO - }
[2025-03-26T13:46:01.651+0000] {docker.py:69} INFO -   [1]=>
[2025-03-26T13:46:01.651+0000] {docker.py:69} INFO -   object(stdClass)#3 (3) {
[2025-03-26T13:46:01.652+0000] {docker.py:69} INFO -     ["contador"]=>
[2025-03-26T13:46:01.671+0000] {docker.py:69} INFO -     int(1)
[2025-03-26T13:46:01.674+0000] {docker.py:69} INFO -     ["container"]=>
[2025-03-26T13:46:01.675+0000] {docker.py:69} INFO -     string(8) "php-app2"
[2025-03-26T13:46:01.709+0000] {docker.py:69} INFO -     ["timestamp"]=>
[2025-03-26T13:46:01.720+0000] {docker.py:69} INFO -     int(1742852309)
[2025-03-26T13:46:01.721+0000] {docker.py:69} INFO -   }
[2025-03-26T13:46:01.723+0000] {docker.py:69} INFO -   [2]=>
[2025-03-26T13:46:01.724+0000] {docker.py:69} INFO -   object(stdClass)#4 (3) {
[2025-03-26T13:46:01.725+0000] {docker.py:69} INFO -     ["contador"]=>
[2025-03-26T13:46:01.735+0000] {docker.py:69} INFO -     int(1)
[2025-03-26T13:46:01.736+0000] {docker.py:69} INFO -     ["container"]=>
[2025-03-26T13:46:01.737+0000] {docker.py:69} INFO -     string(8) "php-app1"
[2025-03-26T13:46:01.738+0000] {docker.py:69} INFO -     ["timestamp"]=>
[2025-03-26T13:46:01.738+0000] {docker.py:69} INFO -     int(1742852311)
[2025-03-26T13:46:01.739+0000] {docker.py:69} INFO -   }
[2025-03-26T13:46:01.739+0000] {docker.py:69} INFO -   [3]=>
[2025-03-26T13:46:01.740+0000] {docker.py:69} INFO -   object(stdClass)#5 (3) {
[2025-03-26T13:46:01.740+0000] {docker.py:69} INFO -     ["contador"]=>
[2025-03-26T13:46:01.741+0000] {docker.py:69} INFO -     int(1)
[2025-03-26T13:46:01.741+0000] {docker.py:69} INFO -     ["container"]=>
[2025-03-26T13:46:01.741+0000] {docker.py:69} INFO -     string(8) "php-app2"
[2025-03-26T13:46:01.742+0000] {docker.py:69} INFO -     ["timestamp"]=>
[2025-03-26T13:46:01.742+0000] {docker.py:69} INFO -     int(1742852314)
[2025-03-26T13:46:01.743+0000] {docker.py:69} INFO -   }
[2025-03-26T13:46:01.743+0000] {docker.py:69} INFO -   [4]=>
[2025-03-26T13:46:01.744+0000] {docker.py:69} INFO -   object(stdClass)#6 (3) {
[2025-03-26T13:46:01.745+0000] {docker.py:69} INFO -     ["contador"]=>
[2025-03-26T13:46:01.745+0000] {docker.py:69} INFO -     int(1)
[2025-03-26T13:46:01.746+0000] {docker.py:69} INFO -     ["container"]=>
[2025-03-26T13:46:01.746+0000] {docker.py:69} INFO -     string(8) "php-app2"
[2025-03-26T13:46:01.747+0000] {docker.py:69} INFO -     ["timestamp"]=>
[2025-03-26T13:46:01.747+0000] {docker.py:69} INFO -     int(1742996301)
[2025-03-26T13:46:01.748+0000] {docker.py:69} INFO -   }
[2025-03-26T13:46:01.748+0000] {docker.py:69} INFO -   [5]=>
[2025-03-26T13:46:01.749+0000] {docker.py:69} INFO -   object(stdClass)#7 (3) {
[2025-03-26T13:46:01.749+0000] {docker.py:69} INFO -     ["contador"]=>
[2025-03-26T13:46:01.749+0000] {docker.py:69} INFO -     int(1)
[2025-03-26T13:46:01.750+0000] {docker.py:69} INFO -     ["container"]=>
[2025-03-26T13:46:01.750+0000] {docker.py:69} INFO -     string(8) "php-app1"
[2025-03-26T13:46:01.751+0000] {docker.py:69} INFO -     ["timestamp"]=>
[2025-03-26T13:46:01.751+0000] {docker.py:69} INFO -     int(1742996302)
[2025-03-26T13:46:01.752+0000] {docker.py:69} INFO -   }
[2025-03-26T13:46:01.752+0000] {docker.py:69} INFO -   [6]=>
[2025-03-26T13:46:01.752+0000] {docker.py:69} INFO -   object(stdClass)#8 (3) {
[2025-03-26T13:46:01.753+0000] {docker.py:69} INFO -     ["contador"]=>
[2025-03-26T13:46:01.753+0000] {docker.py:69} INFO -     int(1)
[2025-03-26T13:46:01.754+0000] {docker.py:69} INFO -     ["container"]=>
[2025-03-26T13:46:01.754+0000] {docker.py:69} INFO -     string(8) "php-app1"
[2025-03-26T13:46:01.755+0000] {docker.py:69} INFO -     ["timestamp"]=>
[2025-03-26T13:46:01.756+0000] {docker.py:69} INFO -     int(1742996302)
[2025-03-26T13:46:01.756+0000] {docker.py:69} INFO -   }
[2025-03-26T13:46:01.757+0000] {docker.py:69} INFO -   [7]=>
[2025-03-26T13:46:01.757+0000] {docker.py:69} INFO -   object(stdClass)#9 (3) {
[2025-03-26T13:46:01.758+0000] {docker.py:69} INFO -     ["contador"]=>
[2025-03-26T13:46:01.758+0000] {docker.py:69} INFO -     int(1)
[2025-03-26T13:46:01.758+0000] {docker.py:69} INFO -     ["container"]=>
[2025-03-26T13:46:01.759+0000] {docker.py:69} INFO -     string(8) "php-app2"
[2025-03-26T13:46:01.759+0000] {docker.py:69} INFO -     ["timestamp"]=>
[2025-03-26T13:46:01.760+0000] {docker.py:69} INFO -     int(1742996303)
[2025-03-26T13:46:01.761+0000] {docker.py:69} INFO -   }
[2025-03-26T13:46:01.761+0000] {docker.py:69} INFO -   [8]=>
[2025-03-26T13:46:01.762+0000] {docker.py:69} INFO -   object(stdClass)#10 (3) {
[2025-03-26T13:46:01.763+0000] {docker.py:69} INFO -     ["contador"]=>
[2025-03-26T13:46:01.763+0000] {docker.py:69} INFO -     int(1)
[2025-03-26T13:46:01.763+0000] {docker.py:69} INFO -     ["container"]=>
[2025-03-26T13:46:01.764+0000] {docker.py:69} INFO -     string(8) "php-app1"
[2025-03-26T13:46:01.764+0000] {docker.py:69} INFO -     ["timestamp"]=>
[2025-03-26T13:46:01.765+0000] {docker.py:69} INFO -     int(1742996304)
[2025-03-26T13:46:01.765+0000] {docker.py:69} INFO -   }
[2025-03-26T13:46:01.766+0000] {docker.py:69} INFO -   [9]=>
[2025-03-26T13:46:01.766+0000] {docker.py:69} INFO -   object(stdClass)#11 (3) {
[2025-03-26T13:46:01.767+0000] {docker.py:69} INFO -     ["contador"]=>
[2025-03-26T13:46:01.767+0000] {docker.py:69} INFO -     int(1)
[2025-03-26T13:46:01.767+0000] {docker.py:69} INFO -     ["container"]=>
[2025-03-26T13:46:01.768+0000] {docker.py:69} INFO -     string(8) "php-app2"
[2025-03-26T13:46:01.768+0000] {docker.py:69} INFO -     ["timestamp"]=>
[2025-03-26T13:46:01.769+0000] {docker.py:69} INFO -     int(1742996305)
[2025-03-26T13:46:01.769+0000] {docker.py:69} INFO -   }
[2025-03-26T13:46:01.769+0000] {docker.py:69} INFO -   [10]=>
[2025-03-26T13:46:01.770+0000] {docker.py:69} INFO -   object(stdClass)#12 (3) {
[2025-03-26T13:46:01.770+0000] {docker.py:69} INFO -     ["contador"]=>
[2025-03-26T13:46:01.771+0000] {docker.py:69} INFO -     int(1)
[2025-03-26T13:46:01.771+0000] {docker.py:69} INFO -     ["container"]=>
[2025-03-26T13:46:01.772+0000] {docker.py:69} INFO -     string(8) "php-app2"
[2025-03-26T13:46:01.772+0000] {docker.py:69} INFO -     ["timestamp"]=>
[2025-03-26T13:46:01.772+0000] {docker.py:69} INFO -     int(1742996305)
[2025-03-26T13:46:01.773+0000] {docker.py:69} INFO -   }
[2025-03-26T13:46:01.773+0000] {docker.py:69} INFO -   [11]=>
[2025-03-26T13:46:01.774+0000] {docker.py:69} INFO -   object(stdClass)#13 (3) {
[2025-03-26T13:46:01.774+0000] {docker.py:69} INFO -     ["contador"]=>
[2025-03-26T13:46:01.775+0000] {docker.py:69} INFO -     int(1)
[2025-03-26T13:46:01.775+0000] {docker.py:69} INFO -     ["container"]=>
[2025-03-26T13:46:01.776+0000] {docker.py:69} INFO -     string(8) "php-app1"
[2025-03-26T13:46:01.776+0000] {docker.py:69} INFO -     ["timestamp"]=>
[2025-03-26T13:46:01.776+0000] {docker.py:69} INFO -     int(1742996305)
[2025-03-26T13:46:01.777+0000] {docker.py:69} INFO -   }
[2025-03-26T13:46:01.778+0000] {docker.py:69} INFO -   [12]=>
[2025-03-26T13:46:01.778+0000] {docker.py:69} INFO -   object(stdClass)#14 (3) {
[2025-03-26T13:46:01.779+0000] {docker.py:69} INFO -     ["contador"]=>
[2025-03-26T13:46:01.779+0000] {docker.py:69} INFO -     int(1)
[2025-03-26T13:46:01.780+0000] {docker.py:69} INFO -     ["container"]=>
[2025-03-26T13:46:01.780+0000] {docker.py:69} INFO -     string(8) "php-app1"
[2025-03-26T13:46:01.781+0000] {docker.py:69} INFO -     ["timestamp"]=>
[2025-03-26T13:46:01.781+0000] {docker.py:69} INFO -     int(1742996309)
[2025-03-26T13:46:01.781+0000] {docker.py:69} INFO -   }
[2025-03-26T13:46:01.782+0000] {docker.py:69} INFO -   [13]=>
[2025-03-26T13:46:01.782+0000] {docker.py:69} INFO -   object(stdClass)#15 (3) {
[2025-03-26T13:46:01.783+0000] {docker.py:69} INFO -     ["contador"]=>
[2025-03-26T13:46:01.783+0000] {docker.py:69} INFO -     int(1)
[2025-03-26T13:46:01.783+0000] {docker.py:69} INFO -     ["container"]=>
[2025-03-26T13:46:01.784+0000] {docker.py:69} INFO -     string(8) "php-app1"
[2025-03-26T13:46:01.784+0000] {docker.py:69} INFO -     ["timestamp"]=>
[2025-03-26T13:46:01.785+0000] {docker.py:69} INFO -     int(1742996309)
[2025-03-26T13:46:01.785+0000] {docker.py:69} INFO -   }
[2025-03-26T13:46:01.786+0000] {docker.py:69} INFO -   [14]=>
[2025-03-26T13:46:01.786+0000] {docker.py:69} INFO -   object(stdClass)#16 (3) {
[2025-03-26T13:46:01.787+0000] {docker.py:69} INFO -     ["contador"]=>
[2025-03-26T13:46:01.787+0000] {docker.py:69} INFO -     int(1)
[2025-03-26T13:46:01.788+0000] {docker.py:69} INFO -     ["container"]=>
[2025-03-26T13:46:01.788+0000] {docker.py:69} INFO -     string(8) "php-app2"
[2025-03-26T13:46:01.789+0000] {docker.py:69} INFO -     ["timestamp"]=>
[2025-03-26T13:46:01.790+0000] {docker.py:69} INFO -     int(1742996309)
[2025-03-26T13:46:01.790+0000] {docker.py:69} INFO -   }
[2025-03-26T13:46:01.791+0000] {docker.py:69} INFO -   [15]=>
[2025-03-26T13:46:01.791+0000] {docker.py:69} INFO -   object(stdClass)#17 (3) {
[2025-03-26T13:46:01.792+0000] {docker.py:69} INFO -     ["contador"]=>
[2025-03-26T13:46:01.792+0000] {docker.py:69} INFO -     int(1)
[2025-03-26T13:46:01.793+0000] {docker.py:69} INFO -     ["container"]=>
[2025-03-26T13:46:01.793+0000] {docker.py:69} INFO -     string(8) "php-app2"
[2025-03-26T13:46:01.794+0000] {docker.py:69} INFO -     ["timestamp"]=>
[2025-03-26T13:46:01.794+0000] {docker.py:69} INFO -     int(1742996309)
[2025-03-26T13:46:01.795+0000] {docker.py:69} INFO -   }
[2025-03-26T13:46:01.796+0000] {docker.py:69} INFO -   [16]=>
[2025-03-26T13:46:01.797+0000] {docker.py:69} INFO -   object(stdClass)#18 (3) {
[2025-03-26T13:46:01.797+0000] {docker.py:69} INFO -     ["contador"]=>
[2025-03-26T13:46:01.798+0000] {docker.py:69} INFO -     int(1)
[2025-03-26T13:46:01.798+0000] {docker.py:69} INFO -     ["container"]=>
[2025-03-26T13:46:01.799+0000] {docker.py:69} INFO -     string(8) "php-app1"
[2025-03-26T13:46:01.799+0000] {docker.py:69} INFO -     ["timestamp"]=>
[2025-03-26T13:46:01.800+0000] {docker.py:69} INFO -     int(1742996310)
[2025-03-26T13:46:01.800+0000] {docker.py:69} INFO -   }
[2025-03-26T13:46:01.801+0000] {docker.py:69} INFO -   [17]=>
[2025-03-26T13:46:01.801+0000] {docker.py:69} INFO -   object(stdClass)#19 (3) {
[2025-03-26T13:46:01.802+0000] {docker.py:69} INFO -     ["contador"]=>
[2025-03-26T13:46:01.802+0000] {docker.py:69} INFO -     int(1)
[2025-03-26T13:46:01.803+0000] {docker.py:69} INFO -     ["container"]=>
[2025-03-26T13:46:01.805+0000] {docker.py:69} INFO -     string(8) "php-app2"
[2025-03-26T13:46:01.805+0000] {docker.py:69} INFO -     ["timestamp"]=>
[2025-03-26T13:46:01.806+0000] {docker.py:69} INFO -     int(1742996310)
[2025-03-26T13:46:01.806+0000] {docker.py:69} INFO -   }
[2025-03-26T13:46:01.807+0000] {docker.py:69} INFO -   [18]=>
[2025-03-26T13:46:01.807+0000] {docker.py:69} INFO -   object(stdClass)#20 (3) {
[2025-03-26T13:46:01.808+0000] {docker.py:69} INFO -     ["contador"]=>
[2025-03-26T13:46:01.808+0000] {docker.py:69} INFO -     int(1)
[2025-03-26T13:46:01.809+0000] {docker.py:69} INFO -     ["container"]=>
[2025-03-26T13:46:01.809+0000] {docker.py:69} INFO -     string(8) "php-app2"
[2025-03-26T13:46:01.810+0000] {docker.py:69} INFO -     ["timestamp"]=>
[2025-03-26T13:46:01.810+0000] {docker.py:69} INFO -     int(1742996310)
[2025-03-26T13:46:01.811+0000] {docker.py:69} INFO -   }
[2025-03-26T13:46:01.812+0000] {docker.py:69} INFO -   [19]=>
[2025-03-26T13:46:01.812+0000] {docker.py:69} INFO -   object(stdClass)#21 (3) {
[2025-03-26T13:46:01.813+0000] {docker.py:69} INFO -     ["contador"]=>
[2025-03-26T13:46:01.813+0000] {docker.py:69} INFO -     int(1)
[2025-03-26T13:46:01.814+0000] {docker.py:69} INFO -     ["container"]=>
[2025-03-26T13:46:01.814+0000] {docker.py:69} INFO -     string(8) "php-app1"
[2025-03-26T13:46:01.814+0000] {docker.py:69} INFO -     ["timestamp"]=>
[2025-03-26T13:46:01.815+0000] {docker.py:69} INFO -     int(1742996311)
[2025-03-26T13:46:01.815+0000] {docker.py:69} INFO -   }
[2025-03-26T13:46:01.816+0000] {docker.py:69} INFO -   [20]=>
[2025-03-26T13:46:01.816+0000] {docker.py:69} INFO -   object(stdClass)#22 (3) {
[2025-03-26T13:46:01.816+0000] {docker.py:69} INFO -     ["contador"]=>
[2025-03-26T13:46:01.817+0000] {docker.py:69} INFO -     int(1)
[2025-03-26T13:46:01.817+0000] {docker.py:69} INFO -     ["container"]=>
[2025-03-26T13:46:01.818+0000] {docker.py:69} INFO -     string(8) "php-app1"
[2025-03-26T13:46:01.819+0000] {docker.py:69} INFO -     ["timestamp"]=>
[2025-03-26T13:46:01.819+0000] {docker.py:69} INFO -     int(1742996311)
[2025-03-26T13:46:01.820+0000] {docker.py:69} INFO -   }
[2025-03-26T13:46:01.820+0000] {docker.py:69} INFO -   [21]=>
[2025-03-26T13:46:01.821+0000] {docker.py:69} INFO -   object(stdClass)#23 (3) {
[2025-03-26T13:46:01.821+0000] {docker.py:69} INFO -     ["contador"]=>
[2025-03-26T13:46:01.822+0000] {docker.py:69} INFO -     int(1)
[2025-03-26T13:46:01.822+0000] {docker.py:69} INFO -     ["container"]=>
[2025-03-26T13:46:01.823+0000] {docker.py:69} INFO -     string(8) "php-app2"
[2025-03-26T13:46:01.824+0000] {docker.py:69} INFO -     ["timestamp"]=>
[2025-03-26T13:46:01.825+0000] {docker.py:69} INFO -     int(1742996312)
[2025-03-26T13:46:01.826+0000] {docker.py:69} INFO -   }
[2025-03-26T13:46:01.826+0000] {docker.py:69} INFO -   [22]=>
[2025-03-26T13:46:01.827+0000] {docker.py:69} INFO -   object(stdClass)#24 (3) {
[2025-03-26T13:46:01.827+0000] {docker.py:69} INFO -     ["contador"]=>
[2025-03-26T13:46:01.828+0000] {docker.py:69} INFO -     int(1)
[2025-03-26T13:46:01.829+0000] {docker.py:69} INFO -     ["container"]=>
[2025-03-26T13:46:01.829+0000] {docker.py:69} INFO -     string(8) "php-app1"
[2025-03-26T13:46:01.830+0000] {docker.py:69} INFO -     ["timestamp"]=>
[2025-03-26T13:46:01.830+0000] {docker.py:69} INFO -     int(1742996313)
[2025-03-26T13:46:01.831+0000] {docker.py:69} INFO -   }
[2025-03-26T13:46:01.831+0000] {docker.py:69} INFO -   [23]=>
[2025-03-26T13:46:01.832+0000] {docker.py:69} INFO -   object(stdClass)#25 (3) {
[2025-03-26T13:46:01.832+0000] {docker.py:69} INFO -     ["contador"]=>
[2025-03-26T13:46:01.833+0000] {docker.py:69} INFO -     int(1)
[2025-03-26T13:46:01.834+0000] {docker.py:69} INFO -     ["container"]=>
[2025-03-26T13:46:01.834+0000] {docker.py:69} INFO -     string(8) "php-app1"
[2025-03-26T13:46:01.837+0000] {docker.py:69} INFO -     ["timestamp"]=>
[2025-03-26T13:46:01.838+0000] {docker.py:69} INFO -     int(1742996751)
[2025-03-26T13:46:01.838+0000] {docker.py:69} INFO -   }
[2025-03-26T13:46:01.839+0000] {docker.py:69} INFO -   [24]=>
[2025-03-26T13:46:01.839+0000] {docker.py:69} INFO -   object(stdClass)#26 (3) {
[2025-03-26T13:46:01.840+0000] {docker.py:69} INFO -     ["contador"]=>
[2025-03-26T13:46:01.841+0000] {docker.py:69} INFO -     int(1)
[2025-03-26T13:46:01.842+0000] {docker.py:69} INFO -     ["container"]=>
[2025-03-26T13:46:01.844+0000] {docker.py:69} INFO -     string(8) "php-app2"
[2025-03-26T13:46:01.845+0000] {docker.py:69} INFO -     ["timestamp"]=>
[2025-03-26T13:46:01.846+0000] {docker.py:69} INFO -     int(1742996751)
[2025-03-26T13:46:01.847+0000] {docker.py:69} INFO -   }
[2025-03-26T13:46:01.848+0000] {docker.py:69} INFO -   [25]=>
[2025-03-26T13:46:01.849+0000] {docker.py:69} INFO -   object(stdClass)#27 (3) {
[2025-03-26T13:46:01.851+0000] {docker.py:69} INFO -     ["contador"]=>
[2025-03-26T13:46:01.852+0000] {docker.py:69} INFO -     int(1)
[2025-03-26T13:46:01.852+0000] {docker.py:69} INFO -     ["container"]=>
[2025-03-26T13:46:01.853+0000] {docker.py:69} INFO -     string(8) "php-app2"
[2025-03-26T13:46:01.853+0000] {docker.py:69} INFO -     ["timestamp"]=>
[2025-03-26T13:46:01.854+0000] {docker.py:69} INFO -     int(1742996756)
[2025-03-26T13:46:01.854+0000] {docker.py:69} INFO -   }
[2025-03-26T13:46:01.854+0000] {docker.py:69} INFO -   [26]=>
[2025-03-26T13:46:01.855+0000] {docker.py:69} INFO -   object(stdClass)#28 (3) {
[2025-03-26T13:46:01.855+0000] {docker.py:69} INFO -     ["contador"]=>
[2025-03-26T13:46:01.856+0000] {docker.py:69} INFO -     int(1)
[2025-03-26T13:46:01.856+0000] {docker.py:69} INFO -     ["container"]=>
[2025-03-26T13:46:01.857+0000] {docker.py:69} INFO -     string(8) "php-app1"
[2025-03-26T13:46:01.857+0000] {docker.py:69} INFO -     ["timestamp"]=>
[2025-03-26T13:46:01.858+0000] {docker.py:69} INFO -     int(1742996756)
[2025-03-26T13:46:01.858+0000] {docker.py:69} INFO -   }
[2025-03-26T13:46:01.858+0000] {docker.py:69} INFO -   [27]=>
[2025-03-26T13:46:01.859+0000] {docker.py:69} INFO -   object(stdClass)#29 (3) {
[2025-03-26T13:46:01.859+0000] {docker.py:69} INFO -     ["contador"]=>
[2025-03-26T13:46:01.860+0000] {docker.py:69} INFO -     int(1)
[2025-03-26T13:46:01.860+0000] {docker.py:69} INFO -     ["container"]=>
[2025-03-26T13:46:01.860+0000] {docker.py:69} INFO -     string(8) "php-app1"
[2025-03-26T13:46:01.861+0000] {docker.py:69} INFO -     ["timestamp"]=>
[2025-03-26T13:46:01.861+0000] {docker.py:69} INFO -     int(1742996757)
[2025-03-26T13:46:01.862+0000] {docker.py:69} INFO -   }
[2025-03-26T13:46:01.862+0000] {docker.py:69} INFO -   [28]=>
[2025-03-26T13:46:01.863+0000] {docker.py:69} INFO -   object(stdClass)#30 (3) {
[2025-03-26T13:46:01.863+0000] {docker.py:69} INFO -     ["contador"]=>
[2025-03-26T13:46:01.863+0000] {docker.py:69} INFO -     int(1)
[2025-03-26T13:46:01.864+0000] {docker.py:69} INFO -     ["container"]=>
[2025-03-26T13:46:01.864+0000] {docker.py:69} INFO -     string(8) "php-app2"
[2025-03-26T13:46:01.865+0000] {docker.py:69} INFO -     ["timestamp"]=>
[2025-03-26T13:46:01.865+0000] {docker.py:69} INFO -     int(1742996757)
[2025-03-26T13:46:01.866+0000] {docker.py:69} INFO -   }
[2025-03-26T13:46:01.866+0000] {docker.py:69} INFO -   [29]=>
[2025-03-26T13:46:01.867+0000] {docker.py:69} INFO -   object(stdClass)#31 (3) {
[2025-03-26T13:46:01.867+0000] {docker.py:69} INFO -     ["contador"]=>
[2025-03-26T13:46:01.867+0000] {docker.py:69} INFO -     int(1)
[2025-03-26T13:46:01.868+0000] {docker.py:69} INFO -     ["container"]=>
[2025-03-26T13:46:01.868+0000] {docker.py:69} INFO -     string(8) "php-app2"
[2025-03-26T13:46:01.869+0000] {docker.py:69} INFO -     ["timestamp"]=>
[2025-03-26T13:46:01.869+0000] {docker.py:69} INFO -     int(1742996758)
[2025-03-26T13:46:01.869+0000] {docker.py:69} INFO -   }
[2025-03-26T13:46:01.870+0000] {docker.py:69} INFO -   [30]=>
[2025-03-26T13:46:01.870+0000] {docker.py:69} INFO -   object(stdClass)#32 (3) {
[2025-03-26T13:46:01.870+0000] {docker.py:69} INFO -     ["contador"]=>
[2025-03-26T13:46:01.871+0000] {docker.py:69} INFO -     int(1)
[2025-03-26T13:46:01.871+0000] {docker.py:69} INFO -     ["container"]=>
[2025-03-26T13:46:01.872+0000] {docker.py:69} INFO -     string(8) "php-app1"
[2025-03-26T13:46:01.872+0000] {docker.py:69} INFO -     ["timestamp"]=>
[2025-03-26T13:46:01.873+0000] {docker.py:69} INFO -     int(1742996760)
[2025-03-26T13:46:01.873+0000] {docker.py:69} INFO -   }
[2025-03-26T13:46:01.873+0000] {docker.py:69} INFO -   [31]=>
[2025-03-26T13:46:01.874+0000] {docker.py:69} INFO -   object(stdClass)#33 (3) {
[2025-03-26T13:46:01.874+0000] {docker.py:69} INFO -     ["contador"]=>
[2025-03-26T13:46:01.875+0000] {docker.py:69} INFO -     int(1)
[2025-03-26T13:46:01.875+0000] {docker.py:69} INFO -     ["container"]=>
[2025-03-26T13:46:01.876+0000] {docker.py:69} INFO -     string(8) "php-app2"
[2025-03-26T13:46:01.876+0000] {docker.py:69} INFO -     ["timestamp"]=>
[2025-03-26T13:46:01.876+0000] {docker.py:69} INFO -     int(1742996760)
[2025-03-26T13:46:01.877+0000] {docker.py:69} INFO -   }
[2025-03-26T13:46:01.877+0000] {docker.py:69} INFO -   [32]=>
[2025-03-26T13:46:01.878+0000] {docker.py:69} INFO -   array(3) {
[2025-03-26T13:46:01.878+0000] {docker.py:69} INFO -     ["contador"]=>
[2025-03-26T13:46:01.878+0000] {docker.py:69} INFO -     int(1)
[2025-03-26T13:46:01.879+0000] {docker.py:69} INFO -     ["container"]=>
[2025-03-26T13:46:01.879+0000] {docker.py:69} INFO -     string(8) "php-app2"
[2025-03-26T13:46:01.880+0000] {docker.py:69} INFO -     ["timestamp"]=>
[2025-03-26T13:46:01.880+0000] {docker.py:69} INFO -     int(1742996761)
[2025-03-26T13:46:01.880+0000] {docker.py:69} INFO -   }
[2025-03-26T13:46:01.881+0000] {docker.py:69} INFO - }
[2025-03-26T13:46:03.274+0000] {taskinstance.py:341} INFO - ::group::Post task execution logs
[2025-03-26T13:46:03.275+0000] {taskinstance.py:353} INFO - Marking task as SUCCESS. dag_id=containers1_dag, task_id=php_app2, run_id=scheduled__2025-03-25T00:20:00+00:00, execution_date=20250325T002000, start_date=20250326T134553, end_date=20250326T134603
[2025-03-26T13:46:03.859+0000] {local_task_job_runner.py:266} INFO - Task exited with return code 0
[2025-03-26T13:46:03.966+0000] {taskinstance.py:3901} INFO - 0 downstream tasks scheduled from follow-on schedule check
[2025-03-26T13:46:03.988+0000] {local_task_job_runner.py:245} INFO - ::endgroup::
