[2025-03-26T13:46:25.048+0000] {local_task_job_runner.py:123} INFO - ::group::Pre task execution logs
[2025-03-26T13:46:25.140+0000] {taskinstance.py:2614} INFO - Dependencies all met for dep_context=non-requeueable deps ti=<TaskInstance: containers1_dag.php_app1 scheduled__2025-03-25T01:30:00+00:00 [queued]>
[2025-03-26T13:46:25.512+0000] {taskinstance.py:2614} INFO - Dependencies all met for dep_context=requeueable deps ti=<TaskInstance: containers1_dag.php_app1 scheduled__2025-03-25T01:30:00+00:00 [queued]>
[2025-03-26T13:46:25.513+0000] {taskinstance.py:2867} INFO - Starting attempt 1 of 6
[2025-03-26T13:46:26.890+0000] {taskinstance.py:2890} INFO - Executing <Task(DockerOperator): php_app1> on 2025-03-25 01:30:00+00:00
[2025-03-26T13:46:27.010+0000] {logging_mixin.py:190} WARNING - /home/***/.local/lib/python3.12/site-packages/***/task/task_runner/standard_task_runner.py:70 DeprecationWarning: This process (pid=671) is multi-threaded, use of fork() may lead to deadlocks in the child.
[2025-03-26T13:46:27.021+0000] {standard_task_runner.py:72} INFO - Started process 690 to run task
[2025-03-26T13:46:27.036+0000] {standard_task_runner.py:104} INFO - Running: ['***', 'tasks', 'run', 'containers1_dag', 'php_app1', 'scheduled__2025-03-25T01:30:00+00:00', '--job-id', '58', '--raw', '--subdir', 'DAGS_FOLDER/containers1_dag.py', '--cfg-path', '/tmp/tmp5qrbqfb1']
[2025-03-26T13:46:27.061+0000] {standard_task_runner.py:105} INFO - Job 58: Subtask php_app1
[2025-03-26T13:46:27.625+0000] {task_command.py:467} INFO - Running <TaskInstance: containers1_dag.php_app1 scheduled__2025-03-25T01:30:00+00:00 [running]> on host 3d581a580455
[2025-03-26T13:46:28.519+0000] {taskinstance.py:3134} INFO - Exporting env vars: AIRFLOW_CTX_DAG_OWNER='andre' AIRFLOW_CTX_DAG_ID='containers1_dag' AIRFLOW_CTX_TASK_ID='php_app1' AIRFLOW_CTX_EXECUTION_DATE='2025-03-25T01:30:00+00:00' AIRFLOW_CTX_TRY_NUMBER='1' AIRFLOW_CTX_DAG_RUN_ID='scheduled__2025-03-25T01:30:00+00:00'
[2025-03-26T13:46:28.520+0000] {taskinstance.py:732} INFO - ::endgroup::
[2025-03-26T13:46:28.862+0000] {docker.py:345} INFO - Starting docker container from image php-app1
[2025-03-26T13:46:28.914+0000] {docker.py:353} WARNING - Using remote engine or docker-in-docker and mounting temporary volume from host is not supported. Falling back to `mount_tmp_dir=False` mode. You can set `mount_tmp_dir` parameter to False to disable mounting and remove the warning
[2025-03-26T13:46:33.100+0000] {docker.py:69} INFO - array(60) {
[2025-03-26T13:46:33.101+0000] {docker.py:69} INFO -   [0]=>
[2025-03-26T13:46:33.102+0000] {docker.py:69} INFO -   object(stdClass)#2 (3) {
[2025-03-26T13:46:33.102+0000] {docker.py:69} INFO -     ["contador"]=>
[2025-03-26T13:46:33.102+0000] {docker.py:69} INFO -     int(0)
[2025-03-26T13:46:33.103+0000] {docker.py:69} INFO -     ["container"]=>
[2025-03-26T13:46:33.105+0000] {docker.py:69} INFO -     string(8) "php-app1"
[2025-03-26T13:46:33.106+0000] {docker.py:69} INFO -     ["timestamp"]=>
[2025-03-26T13:46:33.106+0000] {docker.py:69} INFO -     int(1742852307)
[2025-03-26T13:46:33.107+0000] {docker.py:69} INFO -   }
[2025-03-26T13:46:33.107+0000] {docker.py:69} INFO -   [1]=>
[2025-03-26T13:46:33.107+0000] {docker.py:69} INFO -   object(stdClass)#3 (3) {
[2025-03-26T13:46:33.108+0000] {docker.py:69} INFO -     ["contador"]=>
[2025-03-26T13:46:33.108+0000] {docker.py:69} INFO -     int(1)
[2025-03-26T13:46:33.109+0000] {docker.py:69} INFO -     ["container"]=>
[2025-03-26T13:46:33.109+0000] {docker.py:69} INFO -     string(8) "php-app2"
[2025-03-26T13:46:33.109+0000] {docker.py:69} INFO -     ["timestamp"]=>
[2025-03-26T13:46:33.110+0000] {docker.py:69} INFO -     int(1742852309)
[2025-03-26T13:46:33.110+0000] {docker.py:69} INFO -   }
[2025-03-26T13:46:33.111+0000] {docker.py:69} INFO -   [2]=>
[2025-03-26T13:46:33.111+0000] {docker.py:69} INFO -   object(stdClass)#4 (3) {
[2025-03-26T13:46:33.111+0000] {docker.py:69} INFO -     ["contador"]=>
[2025-03-26T13:46:33.112+0000] {docker.py:69} INFO -     int(1)
[2025-03-26T13:46:33.113+0000] {docker.py:69} INFO -     ["container"]=>
[2025-03-26T13:46:33.113+0000] {docker.py:69} INFO -     string(8) "php-app1"
[2025-03-26T13:46:33.114+0000] {docker.py:69} INFO -     ["timestamp"]=>
[2025-03-26T13:46:33.114+0000] {docker.py:69} INFO -     int(1742852311)
[2025-03-26T13:46:33.115+0000] {docker.py:69} INFO -   }
[2025-03-26T13:46:33.115+0000] {docker.py:69} INFO -   [3]=>
[2025-03-26T13:46:33.116+0000] {docker.py:69} INFO -   object(stdClass)#5 (3) {
[2025-03-26T13:46:33.116+0000] {docker.py:69} INFO -     ["contador"]=>
[2025-03-26T13:46:33.116+0000] {docker.py:69} INFO -     int(1)
[2025-03-26T13:46:33.117+0000] {docker.py:69} INFO -     ["container"]=>
[2025-03-26T13:46:33.117+0000] {docker.py:69} INFO -     string(8) "php-app2"
[2025-03-26T13:46:33.118+0000] {docker.py:69} INFO -     ["timestamp"]=>
[2025-03-26T13:46:33.118+0000] {docker.py:69} INFO -     int(1742852314)
[2025-03-26T13:46:33.119+0000] {docker.py:69} INFO -   }
[2025-03-26T13:46:33.119+0000] {docker.py:69} INFO -   [4]=>
[2025-03-26T13:46:33.120+0000] {docker.py:69} INFO -   object(stdClass)#6 (3) {
[2025-03-26T13:46:33.120+0000] {docker.py:69} INFO -     ["contador"]=>
[2025-03-26T13:46:33.120+0000] {docker.py:69} INFO -     int(1)
[2025-03-26T13:46:33.121+0000] {docker.py:69} INFO -     ["container"]=>
[2025-03-26T13:46:33.121+0000] {docker.py:69} INFO -     string(8) "php-app2"
[2025-03-26T13:46:33.122+0000] {docker.py:69} INFO -     ["timestamp"]=>
[2025-03-26T13:46:33.122+0000] {docker.py:69} INFO -     int(1742996301)
[2025-03-26T13:46:33.122+0000] {docker.py:69} INFO -   }
[2025-03-26T13:46:33.123+0000] {docker.py:69} INFO -   [5]=>
[2025-03-26T13:46:33.123+0000] {docker.py:69} INFO -   object(stdClass)#7 (3) {
[2025-03-26T13:46:33.124+0000] {docker.py:69} INFO -     ["contador"]=>
[2025-03-26T13:46:33.124+0000] {docker.py:69} INFO -     int(1)
[2025-03-26T13:46:33.125+0000] {docker.py:69} INFO -     ["container"]=>
[2025-03-26T13:46:33.125+0000] {docker.py:69} INFO -     string(8) "php-app1"
[2025-03-26T13:46:33.125+0000] {docker.py:69} INFO -     ["timestamp"]=>
[2025-03-26T13:46:33.126+0000] {docker.py:69} INFO -     int(1742996302)
[2025-03-26T13:46:33.126+0000] {docker.py:69} INFO -   }
[2025-03-26T13:46:33.127+0000] {docker.py:69} INFO -   [6]=>
[2025-03-26T13:46:33.128+0000] {docker.py:69} INFO -   object(stdClass)#8 (3) {
[2025-03-26T13:46:33.129+0000] {docker.py:69} INFO -     ["contador"]=>
[2025-03-26T13:46:33.130+0000] {docker.py:69} INFO -     int(1)
[2025-03-26T13:46:33.130+0000] {docker.py:69} INFO -     ["container"]=>
[2025-03-26T13:46:33.131+0000] {docker.py:69} INFO -     string(8) "php-app1"
[2025-03-26T13:46:33.132+0000] {docker.py:69} INFO -     ["timestamp"]=>
[2025-03-26T13:46:33.132+0000] {docker.py:69} INFO -     int(1742996302)
[2025-03-26T13:46:33.132+0000] {docker.py:69} INFO -   }
[2025-03-26T13:46:33.133+0000] {docker.py:69} INFO -   [7]=>
[2025-03-26T13:46:33.133+0000] {docker.py:69} INFO -   object(stdClass)#9 (3) {
[2025-03-26T13:46:33.134+0000] {docker.py:69} INFO -     ["contador"]=>
[2025-03-26T13:46:33.134+0000] {docker.py:69} INFO -     int(1)
[2025-03-26T13:46:33.135+0000] {docker.py:69} INFO -     ["container"]=>
[2025-03-26T13:46:33.135+0000] {docker.py:69} INFO -     string(8) "php-app2"
[2025-03-26T13:46:33.136+0000] {docker.py:69} INFO -     ["timestamp"]=>
[2025-03-26T13:46:33.136+0000] {docker.py:69} INFO -     int(1742996303)
[2025-03-26T13:46:33.137+0000] {docker.py:69} INFO -   }
[2025-03-26T13:46:33.137+0000] {docker.py:69} INFO -   [8]=>
[2025-03-26T13:46:33.138+0000] {docker.py:69} INFO -   object(stdClass)#10 (3) {
[2025-03-26T13:46:33.138+0000] {docker.py:69} INFO -     ["contador"]=>
[2025-03-26T13:46:33.138+0000] {docker.py:69} INFO -     int(1)
[2025-03-26T13:46:33.139+0000] {docker.py:69} INFO -     ["container"]=>
[2025-03-26T13:46:33.139+0000] {docker.py:69} INFO -     string(8) "php-app1"
[2025-03-26T13:46:33.139+0000] {docker.py:69} INFO -     ["timestamp"]=>
[2025-03-26T13:46:33.139+0000] {docker.py:69} INFO -     int(1742996304)
[2025-03-26T13:46:33.140+0000] {docker.py:69} INFO -   }
[2025-03-26T13:46:33.140+0000] {docker.py:69} INFO -   [9]=>
[2025-03-26T13:46:33.141+0000] {docker.py:69} INFO -   object(stdClass)#11 (3) {
[2025-03-26T13:46:33.141+0000] {docker.py:69} INFO -     ["contador"]=>
[2025-03-26T13:46:33.141+0000] {docker.py:69} INFO -     int(1)
[2025-03-26T13:46:33.142+0000] {docker.py:69} INFO -     ["container"]=>
[2025-03-26T13:46:33.142+0000] {docker.py:69} INFO -     string(8) "php-app2"
[2025-03-26T13:46:33.143+0000] {docker.py:69} INFO -     ["timestamp"]=>
[2025-03-26T13:46:33.143+0000] {docker.py:69} INFO -     int(1742996305)
[2025-03-26T13:46:33.146+0000] {docker.py:69} INFO -   }
[2025-03-26T13:46:33.146+0000] {docker.py:69} INFO -   [10]=>
[2025-03-26T13:46:33.147+0000] {docker.py:69} INFO -   object(stdClass)#12 (3) {
[2025-03-26T13:46:33.147+0000] {docker.py:69} INFO -     ["contador
[2025-03-26T13:46:33.148+0000] {docker.py:69} INFO - "]=>
[2025-03-26T13:46:33.148+0000] {docker.py:69} INFO -     int(1)
[2025-03-26T13:46:33.149+0000] {docker.py:69} INFO -     ["container"]=>
[2025-03-26T13:46:33.149+0000] {docker.py:69} INFO -     string(8) "php-app2"
[2025-03-26T13:46:33.149+0000] {docker.py:69} INFO -     ["timestamp"]=>
[2025-03-26T13:46:33.150+0000] {docker.py:69} INFO -     int(1742996305)
[2025-03-26T13:46:33.150+0000] {docker.py:69} INFO -   }
[2025-03-26T13:46:33.151+0000] {docker.py:69} INFO -   [11]=>
[2025-03-26T13:46:33.151+0000] {docker.py:69} INFO -   object(stdClass)#13 (3) {
[2025-03-26T13:46:33.151+0000] {docker.py:69} INFO -     ["contador
[2025-03-26T13:46:33.152+0000] {docker.py:69} INFO - "]=>
[2025-03-26T13:46:33.152+0000] {docker.py:69} INFO -     int(1)
[2025-03-26T13:46:33.153+0000] {docker.py:69} INFO -     ["container"]=>
[2025-03-26T13:46:33.153+0000] {docker.py:69} INFO -     string(8) "php-app1"
[2025-03-26T13:46:33.154+0000] {docker.py:69} INFO -     ["timestamp"
[2025-03-26T13:46:33.154+0000] {docker.py:69} INFO - ]=>
[2025-03-26T13:46:33.155+0000] {docker.py:69} INFO -     int(1742996305)
[2025-03-26T13:46:33.155+0000] {docker.py:69} INFO -   }
[2025-03-26T13:46:33.155+0000] {docker.py:69} INFO -   [12]=>
[2025-03-26T13:46:33.156+0000] {docker.py:69} INFO -   object(stdClass)#14 (3) {
[2025-03-26T13:46:33.156+0000] {docker.py:69} INFO -     ["contador"]=>
[2025-03-26T13:46:33.157+0000] {docker.py:69} INFO -     int(1)
[2025-03-26T13:46:33.157+0000] {docker.py:69} INFO -     ["container"]=>
[2025-03-26T13:46:33.157+0000] {docker.py:69} INFO -     string(8) "php-app1"
[2025-03-26T13:46:33.158+0000] {docker.py:69} INFO -     ["timestamp"]=>
[2025-03-26T13:46:33.158+0000] {docker.py:69} INFO -     int(1742996309)
[2025-03-26T13:46:33.159+0000] {docker.py:69} INFO -   }
[2025-03-26T13:46:33.159+0000] {docker.py:69} INFO -   [13]=>
[2025-03-26T13:46:33.159+0000] {docker.py:69} INFO -   object(stdClass)#15 (3) {
[2025-03-26T13:46:33.160+0000] {docker.py:69} INFO -     ["contador"]=>
[2025-03-26T13:46:33.160+0000] {docker.py:69} INFO -     int(1)
[2025-03-26T13:46:33.161+0000] {docker.py:69} INFO -     ["container"]=>
[2025-03-26T13:46:33.161+0000] {docker.py:69} INFO -     string(8) "php-app1"
[2025-03-26T13:46:33.162+0000] {docker.py:69} INFO -     ["timestamp"]=>
[2025-03-26T13:46:33.162+0000] {docker.py:69} INFO -     int(1742996309)
[2025-03-26T13:46:33.162+0000] {docker.py:69} INFO -   }
[2025-03-26T13:46:33.163+0000] {docker.py:69} INFO -   [14]=>
[2025-03-26T13:46:33.166+0000] {docker.py:69} INFO -   object(stdClass)#16 (3) {
[2025-03-26T13:46:33.167+0000] {docker.py:69} INFO -     ["contador"
[2025-03-26T13:46:33.168+0000] {docker.py:69} INFO - ]=>
[2025-03-26T13:46:33.168+0000] {docker.py:69} INFO -     int(1)
[2025-03-26T13:46:33.169+0000] {docker.py:69} INFO -     [
[2025-03-26T13:46:33.169+0000] {docker.py:69} INFO - "
[2025-03-26T13:46:33.170+0000] {docker.py:69} INFO - container
[2025-03-26T13:46:33.170+0000] {docker.py:69} INFO - "]=>
[2025-03-26T13:46:33.171+0000] {docker.py:69} INFO - 
[2025-03-26T13:46:33.172+0000] {docker.py:69} INFO - string(8) "
[2025-03-26T13:46:33.172+0000] {docker.py:69} INFO - php-app2
[2025-03-26T13:46:33.173+0000] {docker.py:69} INFO - "
[2025-03-26T13:46:33.173+0000] {docker.py:69} INFO -     [
[2025-03-26T13:46:33.174+0000] {docker.py:69} INFO - "timestamp"]=>
[2025-03-26T13:46:33.174+0000] {docker.py:69} INFO -     int(1742996309)
[2025-03-26T13:46:33.174+0000] {docker.py:69} INFO -   }
[2025-03-26T13:46:33.175+0000] {docker.py:69} INFO -   [15]=>
[2025-03-26T13:46:33.175+0000] {docker.py:69} INFO -   object(stdClass)#17 (3) {
[2025-03-26T13:46:33.176+0000] {docker.py:69} INFO -     ["contador
[2025-03-26T13:46:33.176+0000] {docker.py:69} INFO - "]=>
[2025-03-26T13:46:33.177+0000] {docker.py:69} INFO - 
[2025-03-26T13:46:33.177+0000] {docker.py:69} INFO - int(1)
[2025-03-26T13:46:33.178+0000] {docker.py:69} INFO -     [
[2025-03-26T13:46:33.178+0000] {docker.py:69} INFO - "container"
[2025-03-26T13:46:33.179+0000] {docker.py:69} INFO - ]=>
[2025-03-26T13:46:33.179+0000] {docker.py:69} INFO - string(8) "php-app2
[2025-03-26T13:46:33.180+0000] {docker.py:69} INFO - "
[2025-03-26T13:46:33.181+0000] {docker.py:69} INFO -     ["timestamp"]=>
[2025-03-26T13:46:33.181+0000] {docker.py:69} INFO -     int(1742996309)
[2025-03-26T13:46:33.181+0000] {docker.py:69} INFO -   }
[2025-03-26T13:46:33.182+0000] {docker.py:69} INFO -   [16]=>
[2025-03-26T13:46:33.182+0000] {docker.py:69} INFO -   object(stdClass)#18 (3) {
[2025-03-26T13:46:33.183+0000] {docker.py:69} INFO -     ["contador"]=>
[2025-03-26T13:46:33.183+0000] {docker.py:69} INFO -     int(1)
[2025-03-26T13:46:33.184+0000] {docker.py:69} INFO -     ["container
[2025-03-26T13:46:33.184+0000] {docker.py:69} INFO - "
[2025-03-26T13:46:33.185+0000] {docker.py:69} INFO - ]=>
[2025-03-26T13:46:33.185+0000] {docker.py:69} INFO -     string(8) "php-app1"
[2025-03-26T13:46:33.186+0000] {docker.py:69} INFO -     [
[2025-03-26T13:46:33.186+0000] {docker.py:69} INFO - "timestamp"
[2025-03-26T13:46:33.187+0000] {docker.py:69} INFO - ]=>
[2025-03-26T13:46:33.187+0000] {docker.py:69} INFO - 
[2025-03-26T13:46:33.188+0000] {docker.py:69} INFO - int(1742996310)
[2025-03-26T13:46:33.188+0000] {docker.py:69} INFO - }
[2025-03-26T13:46:33.189+0000] {docker.py:69} INFO -   [17]=>
[2025-03-26T13:46:33.189+0000] {docker.py:69} INFO - object(stdClass)#19 (3) {
[2025-03-26T13:46:33.190+0000] {docker.py:69} INFO -     ["contador
[2025-03-26T13:46:33.191+0000] {docker.py:69} INFO - "
[2025-03-26T13:46:33.191+0000] {docker.py:69} INFO - ]=>
[2025-03-26T13:46:33.192+0000] {docker.py:69} INFO -     int(1)
[2025-03-26T13:46:33.192+0000] {docker.py:69} INFO -     [
[2025-03-26T13:46:33.193+0000] {docker.py:69} INFO - "
[2025-03-26T13:46:33.194+0000] {docker.py:69} INFO - container"]=>
[2025-03-26T13:46:33.194+0000] {docker.py:69} INFO -     string(8) "php-app2
[2025-03-26T13:46:33.195+0000] {docker.py:69} INFO - "
[2025-03-26T13:46:33.195+0000] {docker.py:69} INFO -     ["
[2025-03-26T13:46:33.196+0000] {docker.py:69} INFO - timestamp"]=>
[2025-03-26T13:46:33.196+0000] {docker.py:69} INFO - int(1742996310)
[2025-03-26T13:46:33.197+0000] {docker.py:69} INFO - 
[2025-03-26T13:46:33.197+0000] {docker.py:69} INFO - }
[2025-03-26T13:46:33.198+0000] {docker.py:69} INFO -   [18]=>
[2025-03-26T13:46:33.198+0000] {docker.py:69} INFO - 
[2025-03-26T13:46:33.199+0000] {docker.py:69} INFO - object(stdClass)#20 (3) {
[2025-03-26T13:46:33.199+0000] {docker.py:69} INFO -     [
[2025-03-26T13:46:33.200+0000] {docker.py:69} INFO - "
[2025-03-26T13:46:33.201+0000] {docker.py:69} INFO - contador
[2025-03-26T13:46:33.201+0000] {docker.py:69} INFO - "
[2025-03-26T13:46:33.202+0000] {docker.py:69} INFO - ]=>
[2025-03-26T13:46:33.203+0000] {docker.py:69} INFO - 
[2025-03-26T13:46:33.232+0000] {docker.py:69} INFO - int(1)
[2025-03-26T13:46:33.233+0000] {docker.py:69} INFO -     ["
[2025-03-26T13:46:33.234+0000] {docker.py:69} INFO - container
[2025-03-26T13:46:33.254+0000] {docker.py:69} INFO - "]=>
[2025-03-26T13:46:33.254+0000] {docker.py:69} INFO - string(8) "
[2025-03-26T13:46:33.255+0000] {docker.py:69} INFO - php-app2"
[2025-03-26T13:46:33.256+0000] {docker.py:69} INFO -     ["timestamp
[2025-03-26T13:46:33.257+0000] {docker.py:69} INFO - "
[2025-03-26T13:46:33.257+0000] {docker.py:69} INFO - ]=>
[2025-03-26T13:46:33.258+0000] {docker.py:69} INFO -     int(1742996310)
[2025-03-26T13:46:33.258+0000] {docker.py:69} INFO -   }
[2025-03-26T13:46:33.259+0000] {docker.py:69} INFO -   [19]=>
[2025-03-26T13:46:33.259+0000] {docker.py:69} INFO - object(stdClass)#21 (3) {
[2025-03-26T13:46:33.260+0000] {docker.py:69} INFO -     ["contador"]=>
[2025-03-26T13:46:33.261+0000] {docker.py:69} INFO -     int(1)
[2025-03-26T13:46:33.263+0000] {docker.py:69} INFO -     ["
[2025-03-26T13:46:33.265+0000] {docker.py:69} INFO - container
[2025-03-26T13:46:33.266+0000] {docker.py:69} INFO - "
[2025-03-26T13:46:33.267+0000] {docker.py:69} INFO - ]=>
[2025-03-26T13:46:33.271+0000] {docker.py:69} INFO - string(8) "
[2025-03-26T13:46:33.273+0000] {docker.py:69} INFO - php-app1
[2025-03-26T13:46:33.274+0000] {docker.py:69} INFO - "
[2025-03-26T13:46:33.275+0000] {docker.py:69} INFO -     ["timestamp
[2025-03-26T13:46:33.279+0000] {docker.py:69} INFO - "]=>
[2025-03-26T13:46:33.285+0000] {docker.py:69} INFO - int(1742996311)
[2025-03-26T13:46:33.286+0000] {docker.py:69} INFO - 
[2025-03-26T13:46:33.286+0000] {docker.py:69} INFO - }
[2025-03-26T13:46:33.289+0000] {docker.py:69} INFO -   [20]=>
[2025-03-26T13:46:33.290+0000] {docker.py:69} INFO -   object(stdClass)#22 (3) {
[2025-03-26T13:46:33.290+0000] {docker.py:69} INFO -     ["contador"]=>
[2025-03-26T13:46:33.291+0000] {docker.py:69} INFO -     int(1)
[2025-03-26T13:46:33.301+0000] {docker.py:69} INFO -     ["container"]=>
[2025-03-26T13:46:33.302+0000] {docker.py:69} INFO -     string(8) "php-app1"
[2025-03-26T13:46:33.303+0000] {docker.py:69} INFO -     ["timestamp
[2025-03-26T13:46:33.304+0000] {docker.py:69} INFO - "
[2025-03-26T13:46:33.308+0000] {docker.py:69} INFO - ]=>
[2025-03-26T13:46:33.309+0000] {docker.py:69} INFO -     int(1742996311)
[2025-03-26T13:46:33.326+0000] {docker.py:69} INFO - 
[2025-03-26T13:46:33.327+0000] {docker.py:69} INFO - }
[2025-03-26T13:46:33.328+0000] {docker.py:69} INFO -   [21]=>
[2025-03-26T13:46:33.330+0000] {docker.py:69} INFO - object(stdClass)#23 (3) {
[2025-03-26T13:46:33.331+0000] {docker.py:69} INFO -     [
[2025-03-26T13:46:33.332+0000] {docker.py:69} INFO - "
[2025-03-26T13:46:33.334+0000] {docker.py:69} INFO - contador
[2025-03-26T13:46:33.336+0000] {docker.py:69} INFO - "
[2025-03-26T13:46:33.337+0000] {docker.py:69} INFO - ]=>
[2025-03-26T13:46:33.337+0000] {docker.py:69} INFO - int(1)
[2025-03-26T13:46:33.338+0000] {docker.py:69} INFO -     ["
[2025-03-26T13:46:33.339+0000] {docker.py:69} INFO - container
[2025-03-26T13:46:33.340+0000] {docker.py:69} INFO - "]=>
[2025-03-26T13:46:33.341+0000] {docker.py:69} INFO - string(8) "
[2025-03-26T13:46:33.342+0000] {docker.py:69} INFO - php-app2
[2025-03-26T13:46:33.343+0000] {docker.py:69} INFO - "
[2025-03-26T13:46:33.343+0000] {docker.py:69} INFO -     [
[2025-03-26T13:46:33.344+0000] {docker.py:69} INFO - "
[2025-03-26T13:46:33.345+0000] {docker.py:69} INFO - timestamp"
[2025-03-26T13:46:33.347+0000] {docker.py:69} INFO - ]=>
[2025-03-26T13:46:33.348+0000] {docker.py:69} INFO - 
[2025-03-26T13:46:33.349+0000] {docker.py:69} INFO - int(1742996312)
[2025-03-26T13:46:33.350+0000] {docker.py:69} INFO -   }
[2025-03-26T13:46:33.350+0000] {docker.py:69} INFO -   [22]=>
[2025-03-26T13:46:33.352+0000] {docker.py:69} INFO -   object(stdClass)#24 (3) {
[2025-03-26T13:46:33.354+0000] {docker.py:69} INFO -     [
[2025-03-26T13:46:33.356+0000] {docker.py:69} INFO - "
[2025-03-26T13:46:33.364+0000] {docker.py:69} INFO - contador"
[2025-03-26T13:46:33.368+0000] {docker.py:69} INFO - ]=>
[2025-03-26T13:46:33.369+0000] {docker.py:69} INFO - int(1)
[2025-03-26T13:46:33.373+0000] {docker.py:69} INFO -     [
[2025-03-26T13:46:33.381+0000] {docker.py:69} INFO - "
[2025-03-26T13:46:33.382+0000] {docker.py:69} INFO - container
[2025-03-26T13:46:33.384+0000] {docker.py:69} INFO - "
[2025-03-26T13:46:33.385+0000] {docker.py:69} INFO - ]=>
[2025-03-26T13:46:33.386+0000] {docker.py:69} INFO - string(8) "php-app1"
[2025-03-26T13:46:33.387+0000] {docker.py:69} INFO -     [
[2025-03-26T13:46:33.388+0000] {docker.py:69} INFO - "
[2025-03-26T13:46:33.389+0000] {docker.py:69} INFO - timestamp"
[2025-03-26T13:46:33.390+0000] {docker.py:69} INFO - ]=>
[2025-03-26T13:46:33.391+0000] {docker.py:69} INFO - int(1742996313)
[2025-03-26T13:46:33.394+0000] {docker.py:69} INFO - 
[2025-03-26T13:46:33.395+0000] {docker.py:69} INFO - }
[2025-03-26T13:46:33.396+0000] {docker.py:69} INFO -   [23]=>
[2025-03-26T13:46:33.397+0000] {docker.py:69} INFO - 
[2025-03-26T13:46:33.398+0000] {docker.py:69} INFO - object(stdClass)#25 (3) {
[2025-03-26T13:46:33.398+0000] {docker.py:69} INFO -     ["
[2025-03-26T13:46:33.399+0000] {docker.py:69} INFO - contador
[2025-03-26T13:46:33.400+0000] {docker.py:69} INFO - "]=>
[2025-03-26T13:46:33.400+0000] {docker.py:69} INFO - 
[2025-03-26T13:46:33.401+0000] {docker.py:69} INFO - int(1)
[2025-03-26T13:46:33.401+0000] {docker.py:69} INFO -     [
[2025-03-26T13:46:33.401+0000] {docker.py:69} INFO - "container"
[2025-03-26T13:46:33.402+0000] {docker.py:69} INFO - ]=>
[2025-03-26T13:46:33.402+0000] {docker.py:69} INFO -     string(8) "php-app1
[2025-03-26T13:46:33.403+0000] {docker.py:69} INFO - "
[2025-03-26T13:46:33.403+0000] {docker.py:69} INFO -     [
[2025-03-26T13:46:33.404+0000] {docker.py:69} INFO - "
[2025-03-26T13:46:33.404+0000] {docker.py:69} INFO - timestamp
[2025-03-26T13:46:33.405+0000] {docker.py:69} INFO - "]=>
[2025-03-26T13:46:33.405+0000] {docker.py:69} INFO - 
[2025-03-26T13:46:33.406+0000] {docker.py:69} INFO - int(1742996751)
[2025-03-26T13:46:33.406+0000] {docker.py:69} INFO -   }
[2025-03-26T13:46:33.407+0000] {docker.py:69} INFO -   [24]=>
[2025-03-26T13:46:33.407+0000] {docker.py:69} INFO -   object(stdClass)#26 (3) {
[2025-03-26T13:46:33.408+0000] {docker.py:69} INFO -     ["contador"]=>
[2025-03-26T13:46:33.408+0000] {docker.py:69} INFO -     int(1)
[2025-03-26T13:46:33.409+0000] {docker.py:69} INFO -     ["container"]=>
[2025-03-26T13:46:33.412+0000] {docker.py:69} INFO -     string(8) "php-app2"
[2025-03-26T13:46:33.413+0000] {docker.py:69} INFO -     ["timestamp"]=>
[2025-03-26T13:46:33.413+0000] {docker.py:69} INFO -     int(1742996751)
[2025-03-26T13:46:33.414+0000] {docker.py:69} INFO -   }
[2025-03-26T13:46:33.414+0000] {docker.py:69} INFO -   [25]=>
[2025-03-26T13:46:33.415+0000] {docker.py:69} INFO -   object(stdClass)#27 (3) {
[2025-03-26T13:46:33.415+0000] {docker.py:69} INFO -     [
[2025-03-26T13:46:33.416+0000] {docker.py:69} INFO - "
[2025-03-26T13:46:33.417+0000] {docker.py:69} INFO - contador
[2025-03-26T13:46:33.417+0000] {docker.py:69} INFO - "]=>
[2025-03-26T13:46:33.420+0000] {docker.py:69} INFO - 
[2025-03-26T13:46:33.421+0000] {docker.py:69} INFO - int(1)
[2025-03-26T13:46:33.422+0000] {docker.py:69} INFO -     [
[2025-03-26T13:46:33.423+0000] {docker.py:69} INFO - "container"
[2025-03-26T13:46:33.423+0000] {docker.py:69} INFO - ]=>
[2025-03-26T13:46:33.424+0000] {docker.py:69} INFO - string(8) "
[2025-03-26T13:46:33.424+0000] {docker.py:69} INFO - php-app2
[2025-03-26T13:46:33.425+0000] {docker.py:69} INFO - "
[2025-03-26T13:46:33.426+0000] {docker.py:69} INFO -     [
[2025-03-26T13:46:33.426+0000] {docker.py:69} INFO - "
[2025-03-26T13:46:33.427+0000] {docker.py:69} INFO - timestamp
[2025-03-26T13:46:33.427+0000] {docker.py:69} INFO - "
[2025-03-26T13:46:33.428+0000] {docker.py:69} INFO - ]=>
[2025-03-26T13:46:33.428+0000] {docker.py:69} INFO - 
[2025-03-26T13:46:33.429+0000] {docker.py:69} INFO - int(1742996756)
[2025-03-26T13:46:33.429+0000] {docker.py:69} INFO - 
[2025-03-26T13:46:33.430+0000] {docker.py:69} INFO - }
[2025-03-26T13:46:33.430+0000] {docker.py:69} INFO -   [26]=>
[2025-03-26T13:46:33.431+0000] {docker.py:69} INFO - object(stdClass)#28 (3) {
[2025-03-26T13:46:33.432+0000] {docker.py:69} INFO -     [
[2025-03-26T13:46:33.432+0000] {docker.py:69} INFO - "
[2025-03-26T13:46:33.434+0000] {docker.py:69} INFO - contador
[2025-03-26T13:46:33.434+0000] {docker.py:69} INFO - "
[2025-03-26T13:46:33.438+0000] {docker.py:69} INFO - ]=>
[2025-03-26T13:46:33.439+0000] {docker.py:69} INFO - 
[2025-03-26T13:46:33.440+0000] {docker.py:69} INFO - int(1)
[2025-03-26T13:46:33.441+0000] {docker.py:69} INFO -     [
[2025-03-26T13:46:33.441+0000] {docker.py:69} INFO - "
[2025-03-26T13:46:33.442+0000] {docker.py:69} INFO - container"]=>
[2025-03-26T13:46:33.442+0000] {docker.py:69} INFO - 
[2025-03-26T13:46:33.443+0000] {docker.py:69} INFO - string(8) "
[2025-03-26T13:46:33.443+0000] {docker.py:69} INFO - php-app1
[2025-03-26T13:46:33.444+0000] {docker.py:69} INFO - "
[2025-03-26T13:46:33.444+0000] {docker.py:69} INFO -     [
[2025-03-26T13:46:33.444+0000] {docker.py:69} INFO - "
[2025-03-26T13:46:33.445+0000] {docker.py:69} INFO - timestamp
[2025-03-26T13:46:33.445+0000] {docker.py:69} INFO - "
[2025-03-26T13:46:33.446+0000] {docker.py:69} INFO - ]=>
[2025-03-26T13:46:33.446+0000] {docker.py:69} INFO - 
[2025-03-26T13:46:33.447+0000] {docker.py:69} INFO - int(1742996756)
[2025-03-26T13:46:33.447+0000] {docker.py:69} INFO -   }
[2025-03-26T13:46:33.448+0000] {docker.py:69} INFO -   [27]=>
[2025-03-26T13:46:33.449+0000] {docker.py:69} INFO - 
[2025-03-26T13:46:33.450+0000] {docker.py:69} INFO - object(stdClass)#29 (3) {
[2025-03-26T13:46:33.452+0000] {docker.py:69} INFO -     [
[2025-03-26T13:46:33.454+0000] {docker.py:69} INFO - "
[2025-03-26T13:46:33.454+0000] {docker.py:69} INFO - contador
[2025-03-26T13:46:33.456+0000] {docker.py:69} INFO - "
[2025-03-26T13:46:33.456+0000] {docker.py:69} INFO - ]=>
[2025-03-26T13:46:33.457+0000] {docker.py:69} INFO - 
[2025-03-26T13:46:33.457+0000] {docker.py:69} INFO - int(1)
[2025-03-26T13:46:33.458+0000] {docker.py:69} INFO -     [
[2025-03-26T13:46:33.458+0000] {docker.py:69} INFO - "
[2025-03-26T13:46:33.459+0000] {docker.py:69} INFO - container
[2025-03-26T13:46:33.459+0000] {docker.py:69} INFO - "
[2025-03-26T13:46:33.460+0000] {docker.py:69} INFO - ]=>
[2025-03-26T13:46:33.460+0000] {docker.py:69} INFO - 
[2025-03-26T13:46:33.461+0000] {docker.py:69} INFO - string(8) "
[2025-03-26T13:46:33.461+0000] {docker.py:69} INFO - php-app1
[2025-03-26T13:46:33.462+0000] {docker.py:69} INFO - "
[2025-03-26T13:46:33.462+0000] {docker.py:69} INFO -     [
[2025-03-26T13:46:33.463+0000] {docker.py:69} INFO - "
[2025-03-26T13:46:33.463+0000] {docker.py:69} INFO - timestamp
[2025-03-26T13:46:33.464+0000] {docker.py:69} INFO - "
[2025-03-26T13:46:33.464+0000] {docker.py:69} INFO - ]=>
[2025-03-26T13:46:33.465+0000] {docker.py:69} INFO - 
[2025-03-26T13:46:33.465+0000] {docker.py:69} INFO - int(1742996757)
[2025-03-26T13:46:33.466+0000] {docker.py:69} INFO - 
[2025-03-26T13:46:33.467+0000] {docker.py:69} INFO - }
[2025-03-26T13:46:33.467+0000] {docker.py:69} INFO -   [28]=>
[2025-03-26T13:46:33.468+0000] {docker.py:69} INFO - 
[2025-03-26T13:46:33.469+0000] {docker.py:69} INFO - object(stdClass)#30 (3) {
[2025-03-26T13:46:33.470+0000] {docker.py:69} INFO -     [
[2025-03-26T13:46:33.471+0000] {docker.py:69} INFO - "
[2025-03-26T13:46:33.472+0000] {docker.py:69} INFO - contador
[2025-03-26T13:46:33.472+0000] {docker.py:69} INFO - "
[2025-03-26T13:46:33.473+0000] {docker.py:69} INFO - ]=>
[2025-03-26T13:46:33.473+0000] {docker.py:69} INFO - 
[2025-03-26T13:46:33.474+0000] {docker.py:69} INFO - int(1)
[2025-03-26T13:46:33.474+0000] {docker.py:69} INFO -     [
[2025-03-26T13:46:33.475+0000] {docker.py:69} INFO - "
[2025-03-26T13:46:33.475+0000] {docker.py:69} INFO - container
[2025-03-26T13:46:33.476+0000] {docker.py:69} INFO - "
[2025-03-26T13:46:33.476+0000] {docker.py:69} INFO - ]=>
[2025-03-26T13:46:33.477+0000] {docker.py:69} INFO - 
[2025-03-26T13:46:33.477+0000] {docker.py:69} INFO - string(8) "
[2025-03-26T13:46:33.478+0000] {docker.py:69} INFO - php-app2
[2025-03-26T13:46:33.478+0000] {docker.py:69} INFO - "
[2025-03-26T13:46:33.479+0000] {docker.py:69} INFO -     [
[2025-03-26T13:46:33.480+0000] {docker.py:69} INFO - "
[2025-03-26T13:46:33.480+0000] {docker.py:69} INFO - timestamp
[2025-03-26T13:46:33.481+0000] {docker.py:69} INFO - "
[2025-03-26T13:46:33.502+0000] {docker.py:69} INFO - ]=>
[2025-03-26T13:46:33.503+0000] {docker.py:69} INFO - 
[2025-03-26T13:46:33.504+0000] {docker.py:69} INFO - int(1742996757)
[2025-03-26T13:46:33.505+0000] {docker.py:69} INFO - 
[2025-03-26T13:46:33.506+0000] {docker.py:69} INFO - }
[2025-03-26T13:46:33.506+0000] {docker.py:69} INFO -   [29]=>
[2025-03-26T13:46:33.507+0000] {docker.py:69} INFO - 
[2025-03-26T13:46:33.507+0000] {docker.py:69} INFO - object(stdClass)#31 (3) {
[2025-03-26T13:46:33.508+0000] {docker.py:69} INFO -     [
[2025-03-26T13:46:33.508+0000] {docker.py:69} INFO - "
[2025-03-26T13:46:33.509+0000] {docker.py:69} INFO - contador
[2025-03-26T13:46:33.509+0000] {docker.py:69} INFO - "
[2025-03-26T13:46:33.511+0000] {docker.py:69} INFO - ]=>
[2025-03-26T13:46:33.511+0000] {docker.py:69} INFO - 
[2025-03-26T13:46:33.512+0000] {docker.py:69} INFO - int(1)
[2025-03-26T13:46:33.512+0000] {docker.py:69} INFO -     [
[2025-03-26T13:46:33.513+0000] {docker.py:69} INFO - "
[2025-03-26T13:46:33.513+0000] {docker.py:69} INFO - container
[2025-03-26T13:46:33.514+0000] {docker.py:69} INFO - "
[2025-03-26T13:46:33.514+0000] {docker.py:69} INFO - ]=>
[2025-03-26T13:46:33.515+0000] {docker.py:69} INFO - 
[2025-03-26T13:46:33.515+0000] {docker.py:69} INFO - string(8) "
[2025-03-26T13:46:33.517+0000] {docker.py:69} INFO - php-app2
[2025-03-26T13:46:33.518+0000] {docker.py:69} INFO - "
[2025-03-26T13:46:33.519+0000] {docker.py:69} INFO -     [
[2025-03-26T13:46:33.521+0000] {docker.py:69} INFO - "
[2025-03-26T13:46:33.522+0000] {docker.py:69} INFO - timestamp
[2025-03-26T13:46:33.522+0000] {docker.py:69} INFO - "
[2025-03-26T13:46:33.523+0000] {docker.py:69} INFO - ]=>
[2025-03-26T13:46:33.524+0000] {docker.py:69} INFO - 
[2025-03-26T13:46:33.525+0000] {docker.py:69} INFO - int(1742996758)
[2025-03-26T13:46:33.525+0000] {docker.py:69} INFO - 
[2025-03-26T13:46:33.526+0000] {docker.py:69} INFO - }
[2025-03-26T13:46:33.534+0000] {docker.py:69} INFO -   [30]=>
[2025-03-26T13:46:33.539+0000] {docker.py:69} INFO - 
[2025-03-26T13:46:33.542+0000] {docker.py:69} INFO - object(stdClass)#32 (3) {
[2025-03-26T13:46:33.544+0000] {docker.py:69} INFO -     [
[2025-03-26T13:46:33.547+0000] {docker.py:69} INFO - "
[2025-03-26T13:46:33.550+0000] {docker.py:69} INFO - contador
[2025-03-26T13:46:33.550+0000] {docker.py:69} INFO - "
[2025-03-26T13:46:33.553+0000] {docker.py:69} INFO - ]=>
[2025-03-26T13:46:33.554+0000] {docker.py:69} INFO - 
[2025-03-26T13:46:33.555+0000] {docker.py:69} INFO - int(1)
[2025-03-26T13:46:33.556+0000] {docker.py:69} INFO -     ["container"]=>
[2025-03-26T13:46:33.556+0000] {docker.py:69} INFO -     string(8) "php-app1"
[2025-03-26T13:46:33.556+0000] {docker.py:69} INFO -     ["timestamp"]=>
[2025-03-26T13:46:33.557+0000] {docker.py:69} INFO -     int(1742996760)
[2025-03-26T13:46:33.561+0000] {docker.py:69} INFO -   }
[2025-03-26T13:46:33.563+0000] {docker.py:69} INFO -   [31]=>
[2025-03-26T13:46:33.563+0000] {docker.py:69} INFO -   object(stdClass)#33 (3) {
[2025-03-26T13:46:33.564+0000] {docker.py:69} INFO -     ["contador"]=>
[2025-03-26T13:46:33.564+0000] {docker.py:69} INFO -     int(1)
[2025-03-26T13:46:33.565+0000] {docker.py:69} INFO -     ["container"]=>
[2025-03-26T13:46:33.565+0000] {docker.py:69} INFO -     string(8) "php-app2"
[2025-03-26T13:46:33.565+0000] {docker.py:69} INFO -     ["timestamp"]=>
[2025-03-26T13:46:33.566+0000] {docker.py:69} INFO -     int(1742996760)
[2025-03-26T13:46:33.569+0000] {docker.py:69} INFO -   }
[2025-03-26T13:46:33.570+0000] {docker.py:69} INFO -   [32]=>
[2025-03-26T13:46:33.570+0000] {docker.py:69} INFO -   object(stdClass)#34 (3) {
[2025-03-26T13:46:33.571+0000] {docker.py:69} INFO -     ["contador"]=>
[2025-03-26T13:46:33.571+0000] {docker.py:69} INFO -     int(1)
[2025-03-26T13:46:33.571+0000] {docker.py:69} INFO -     ["container"]=>
[2025-03-26T13:46:33.572+0000] {docker.py:69} INFO -     string(8) "php-app2"
[2025-03-26T13:46:33.576+0000] {docker.py:69} INFO -     ["timestamp"]=>
[2025-03-26T13:46:33.577+0000] {docker.py:69} INFO -     int(1742996761)
[2025-03-26T13:46:33.577+0000] {docker.py:69} INFO -   }
[2025-03-26T13:46:33.578+0000] {docker.py:69} INFO -   [33]=>
[2025-03-26T13:46:33.579+0000] {docker.py:69} INFO -   object(stdClass)#35 (3) {
[2025-03-26T13:46:33.579+0000] {docker.py:69} INFO -     ["contador"]=>
[2025-03-26T13:46:33.580+0000] {docker.py:69} INFO -     int(1)
[2025-03-26T13:46:33.580+0000] {docker.py:69} INFO -     ["container"]=>
[2025-03-26T13:46:33.581+0000] {docker.py:69} INFO -     string(8) "php-app1"
[2025-03-26T13:46:33.581+0000] {docker.py:69} INFO -     ["timestamp"]=>
[2025-03-26T13:46:33.581+0000] {docker.py:69} INFO -     int(1742996762)
[2025-03-26T13:46:33.582+0000] {docker.py:69} INFO -   }
[2025-03-26T13:46:33.582+0000] {docker.py:69} INFO -   [34]=>
[2025-03-26T13:46:33.582+0000] {docker.py:69} INFO -   object(stdClass)#36 (3) {
[2025-03-26T13:46:33.583+0000] {docker.py:69} INFO -     ["contador"]=>
[2025-03-26T13:46:33.583+0000] {docker.py:69} INFO -     int(1)
[2025-03-26T13:46:33.583+0000] {docker.py:69} INFO -     ["container"]=>
[2025-03-26T13:46:33.584+0000] {docker.py:69} INFO -     string(8) "php-app2"
[2025-03-26T13:46:33.584+0000] {docker.py:69} INFO -     ["timestamp"]=>
[2025-03-26T13:46:33.585+0000] {docker.py:69} INFO -     int(1742996762)
[2025-03-26T13:46:33.585+0000] {docker.py:69} INFO -   }
[2025-03-26T13:46:33.585+0000] {docker.py:69} INFO -   [35]=>
[2025-03-26T13:46:33.586+0000] {docker.py:69} INFO -   object(stdClass)#37 (3) {
[2025-03-26T13:46:33.587+0000] {docker.py:69} INFO -     ["contador"]=>
[2025-03-26T13:46:33.587+0000] {docker.py:69} INFO -     int(1)
[2025-03-26T13:46:33.588+0000] {docker.py:69} INFO -     ["container"]=>
[2025-03-26T13:46:33.588+0000] {docker.py:69} INFO -     string(8) "php-app1"
[2025-03-26T13:46:33.589+0000] {docker.py:69} INFO -     ["timestamp"]=>
[2025-03-26T13:46:33.589+0000] {docker.py:69} INFO -     int(1742996763)
[2025-03-26T13:46:33.589+0000] {docker.py:69} INFO -   }
[2025-03-26T13:46:33.590+0000] {docker.py:69} INFO -   [36]=>
[2025-03-26T13:46:33.590+0000] {docker.py:69} INFO -   object(stdClass)#38 (3) {
[2025-03-26T13:46:33.590+0000] {docker.py:69} INFO -     ["contador"]=>
[2025-03-26T13:46:33.591+0000] {docker.py:69} INFO -     int(1)
[2025-03-26T13:46:33.591+0000] {docker.py:69} INFO -     ["container"]=>
[2025-03-26T13:46:33.591+0000] {docker.py:69} INFO -     string(8) "php-app1"
[2025-03-26T13:46:33.592+0000] {docker.py:69} INFO -     ["timestamp"]=>
[2025-03-26T13:46:33.592+0000] {docker.py:69} INFO -     int(1742996763)
[2025-03-26T13:46:33.592+0000] {docker.py:69} INFO -   }
[2025-03-26T13:46:33.593+0000] {docker.py:69} INFO -   [37]=>
[2025-03-26T13:46:33.593+0000] {docker.py:69} INFO -   object(stdClass)#39 (3) {
[2025-03-26T13:46:33.593+0000] {docker.py:69} INFO -     ["contador"]=>
[2025-03-26T13:46:33.594+0000] {docker.py:69} INFO -     int(1)
[2025-03-26T13:46:33.594+0000] {docker.py:69} INFO -     ["container"]=>
[2025-03-26T13:46:33.595+0000] {docker.py:69} INFO -     string(8) "php-app2"
[2025-03-26T13:46:33.595+0000] {docker.py:69} INFO -     ["timestamp"]=>
[2025-03-26T13:46:33.596+0000] {docker.py:69} INFO -     int(1742996771)
[2025-03-26T13:46:33.596+0000] {docker.py:69} INFO -   }
[2025-03-26T13:46:33.596+0000] {docker.py:69} INFO -   [38]=>
[2025-03-26T13:46:33.597+0000] {docker.py:69} INFO -   object(stdClass)#40 (3) {
[2025-03-26T13:46:33.597+0000] {docker.py:69} INFO -     ["contador"]=>
[2025-03-26T13:46:33.597+0000] {docker.py:69} INFO -     int(1)
[2025-03-26T13:46:33.598+0000] {docker.py:69} INFO -     ["container"]=>
[2025-03-26T13:46:33.598+0000] {docker.py:69} INFO -     string(8) "php-app2"
[2025-03-26T13:46:33.599+0000] {docker.py:69} INFO -     ["timestamp"]=>
[2025-03-26T13:46:33.599+0000] {docker.py:69} INFO -     int(1742996773)
[2025-03-26T13:46:33.600+0000] {docker.py:69} INFO -   }
[2025-03-26T13:46:33.601+0000] {docker.py:69} INFO -   [39]=>
[2025-03-26T13:46:33.601+0000] {docker.py:69} INFO -   object(stdClass)#41 (3) {
[2025-03-26T13:46:33.601+0000] {docker.py:69} INFO -     ["contador"]=>
[2025-03-26T13:46:33.602+0000] {docker.py:69} INFO -     int(1)
[2025-03-26T13:46:33.602+0000] {docker.py:69} INFO -     ["container"]=>
[2025-03-26T13:46:33.602+0000] {docker.py:69} INFO -     string(8) "php-app1"
[2025-03-26T13:46:33.603+0000] {docker.py:69} INFO -     ["timestamp"]=>
[2025-03-26T13:46:33.603+0000] {docker.py:69} INFO -     int(1742996773)
[2025-03-26T13:46:33.603+0000] {docker.py:69} INFO -   }
[2025-03-26T13:46:33.604+0000] {docker.py:69} INFO -   [40]=>
[2025-03-26T13:46:33.604+0000] {docker.py:69} INFO -   object(stdClass)#42 (3) {
[2025-03-26T13:46:33.604+0000] {docker.py:69} INFO -     ["contador"]=>
[2025-03-26T13:46:33.605+0000] {docker.py:69} INFO -     int(1)
[2025-03-26T13:46:33.605+0000] {docker.py:69} INFO -     ["container"]=>
[2025-03-26T13:46:33.605+0000] {docker.py:69} INFO -     string(8) "php-app1"
[2025-03-26T13:46:33.606+0000] {docker.py:69} INFO -     ["timestamp"]=>
[2025-03-26T13:46:33.606+0000] {docker.py:69} INFO -     int(1742996775)
[2025-03-26T13:46:33.607+0000] {docker.py:69} INFO -   }
[2025-03-26T13:46:33.607+0000] {docker.py:69} INFO -   [41]=>
[2025-03-26T13:46:33.607+0000] {docker.py:69} INFO -   object(stdClass)#43 (3) {
[2025-03-26T13:46:33.608+0000] {docker.py:69} INFO -     ["contador"]=>
[2025-03-26T13:46:33.608+0000] {docker.py:69} INFO -     int(1)
[2025-03-26T13:46:33.608+0000] {docker.py:69} INFO -     ["container"]=>
[2025-03-26T13:46:33.608+0000] {docker.py:69} INFO -     string(8) "php-app2"
[2025-03-26T13:46:33.609+0000] {docker.py:69} INFO -     ["timestamp"]=>
[2025-03-26T13:46:33.609+0000] {docker.py:69} INFO -     int(1742996775)
[2025-03-26T13:46:33.609+0000] {docker.py:69} INFO -   }
[2025-03-26T13:46:33.610+0000] {docker.py:69} INFO -   [42]=>
[2025-03-26T13:46:33.610+0000] {docker.py:69} INFO -   object(stdClass)#44 (3) {
[2025-03-26T13:46:33.610+0000] {docker.py:69} INFO -     ["contador"]=>
[2025-03-26T13:46:33.611+0000] {docker.py:69} INFO -     int(1)
[2025-03-26T13:46:33.611+0000] {docker.py:69} INFO -     ["container"]=>
[2025-03-26T13:46:33.612+0000] {docker.py:69} INFO -     string(8) "php-app2"
[2025-03-26T13:46:33.612+0000] {docker.py:69} INFO -     ["timestamp"]=>
[2025-03-26T13:46:33.613+0000] {docker.py:69} INFO -     int(1742996775)
[2025-03-26T13:46:33.613+0000] {docker.py:69} INFO -   }
[2025-03-26T13:46:33.613+0000] {docker.py:69} INFO -   [43]=>
[2025-03-26T13:46:33.614+0000] {docker.py:69} INFO -   object(stdClass)#45 (3) {
[2025-03-26T13:46:33.614+0000] {docker.py:69} INFO -     ["contador"]=>
[2025-03-26T13:46:33.614+0000] {docker.py:69} INFO -     int(1)
[2025-03-26T13:46:33.615+0000] {docker.py:69} INFO -     ["container"]=>
[2025-03-26T13:46:33.615+0000] {docker.py:69} INFO -     string(8) "php-app1"
[2025-03-26T13:46:33.615+0000] {docker.py:69} INFO -     ["timestamp"]=>
[2025-03-26T13:46:33.616+0000] {docker.py:69} INFO -     int(1742996777)
[2025-03-26T13:46:33.616+0000] {docker.py:69} INFO -   }
[2025-03-26T13:46:33.617+0000] {docker.py:69} INFO -   [44]=>
[2025-03-26T13:46:33.617+0000] {docker.py:69} INFO -   object(stdClass)#46 (3) {
[2025-03-26T13:46:33.618+0000] {docker.py:69} INFO -     ["contador"]=>
[2025-03-26T13:46:33.619+0000] {docker.py:69} INFO -     int(1)
[2025-03-26T13:46:33.620+0000] {docker.py:69} INFO -     ["container"]=>
[2025-03-26T13:46:33.621+0000] {docker.py:69} INFO -     string(8) "php-app1"
[2025-03-26T13:46:33.621+0000] {docker.py:69} INFO -     ["timestamp"]=>
[2025-03-26T13:46:33.622+0000] {docker.py:69} INFO -     int(1742996779)
[2025-03-26T13:46:33.622+0000] {docker.py:69} INFO -   }
[2025-03-26T13:46:33.622+0000] {docker.py:69} INFO -   [45]=>
[2025-03-26T13:46:33.623+0000] {docker.py:69} INFO -   object(stdClass)#47 (3) {
[2025-03-26T13:46:33.623+0000] {docker.py:69} INFO -     ["contador"]=>
[2025-03-26T13:46:33.624+0000] {docker.py:69} INFO -     int(1)
[2025-03-26T13:46:33.624+0000] {docker.py:69} INFO -     ["container"]=>
[2025-03-26T13:46:33.624+0000] {docker.py:69} INFO -     string(8) "php-app2"
[2025-03-26T13:46:33.625+0000] {docker.py:69} INFO -     ["timestamp"]=>
[2025-03-26T13:46:33.625+0000] {docker.py:69} INFO -     int(1742996779)
[2025-03-26T13:46:33.626+0000] {docker.py:69} INFO -   }
[2025-03-26T13:46:33.626+0000] {docker.py:69} INFO -   [46]=>
[2025-03-26T13:46:33.626+0000] {docker.py:69} INFO -   object(stdClass)#48 (3) {
[2025-03-26T13:46:33.627+0000] {docker.py:69} INFO -     ["contador"]=>
[2025-03-26T13:46:33.627+0000] {docker.py:69} INFO -     int(1)
[2025-03-26T13:46:33.627+0000] {docker.py:69} INFO -     ["container"]=>
[2025-03-26T13:46:33.628+0000] {docker.py:69} INFO -     string(8) "php-app1"
[2025-03-26T13:46:33.628+0000] {docker.py:69} INFO -     ["timestamp"]=>
[2025-03-26T13:46:33.628+0000] {docker.py:69} INFO -     int(1742996781)
[2025-03-26T13:46:33.629+0000] {docker.py:69} INFO -   }
[2025-03-26T13:46:33.629+0000] {docker.py:69} INFO -   [47]=>
[2025-03-26T13:46:33.630+0000] {docker.py:69} INFO -   object(stdClass)#49 (3) {
[2025-03-26T13:46:33.630+0000] {docker.py:69} INFO -     ["contador"]=>
[2025-03-26T13:46:33.630+0000] {docker.py:69} INFO -     int(1)
[2025-03-26T13:46:33.631+0000] {docker.py:69} INFO -     ["container"]=>
[2025-03-26T13:46:33.631+0000] {docker.py:69} INFO -     string(8) "php-app1"
[2025-03-26T13:46:33.632+0000] {docker.py:69} INFO -     ["timestamp"]=>
[2025-03-26T13:46:33.632+0000] {docker.py:69} INFO -     int(1742996781)
[2025-03-26T13:46:33.632+0000] {docker.py:69} INFO -   }
[2025-03-26T13:46:33.633+0000] {docker.py:69} INFO -   [48]=>
[2025-03-26T13:46:33.633+0000] {docker.py:69} INFO -   object(stdClass)#50 (3) {
[2025-03-26T13:46:33.634+0000] {docker.py:69} INFO -     ["contador"]=>
[2025-03-26T13:46:33.634+0000] {docker.py:69} INFO -     int(1)
[2025-03-26T13:46:33.634+0000] {docker.py:69} INFO -     ["container"]=>
[2025-03-26T13:46:33.635+0000] {docker.py:69} INFO -     string(8) "php-app2"
[2025-03-26T13:46:33.635+0000] {docker.py:69} INFO -     ["timestamp"]=>
[2025-03-26T13:46:33.635+0000] {docker.py:69} INFO -     int(1742996781)
[2025-03-26T13:46:33.636+0000] {docker.py:69} INFO -   }
[2025-03-26T13:46:33.636+0000] {docker.py:69} INFO -   [49]=>
[2025-03-26T13:46:33.636+0000] {docker.py:69} INFO -   object(stdClass)#51 (3) {
[2025-03-26T13:46:33.637+0000] {docker.py:69} INFO -     ["contador"]=>
[2025-03-26T13:46:33.637+0000] {docker.py:69} INFO -     int(1)
[2025-03-26T13:46:33.637+0000] {docker.py:69} INFO -     ["container"]=>
[2025-03-26T13:46:33.638+0000] {docker.py:69} INFO -     string(8) "php-app1"
[2025-03-26T13:46:33.638+0000] {docker.py:69} INFO -     ["timestamp"]=>
[2025-03-26T13:46:33.638+0000] {docker.py:69} INFO -     int(1742996783)
[2025-03-26T13:46:33.639+0000] {docker.py:69} INFO -   }
[2025-03-26T13:46:33.639+0000] {docker.py:69} INFO -   [50]=>
[2025-03-26T13:46:33.640+0000] {docker.py:69} INFO -   object(stdClass)#52 (3) {
[2025-03-26T13:46:33.640+0000] {docker.py:69} INFO -     ["contador"]=>
[2025-03-26T13:46:33.640+0000] {docker.py:69} INFO -     int(1)
[2025-03-26T13:46:33.641+0000] {docker.py:69} INFO -     ["container"]=>
[2025-03-26T13:46:33.641+0000] {docker.py:69} INFO -     string(8) "php-app2"
[2025-03-26T13:46:33.642+0000] {docker.py:69} INFO -     ["timestamp"]=>
[2025-03-26T13:46:33.642+0000] {docker.py:69} INFO -     int(1742996783)
[2025-03-26T13:46:33.643+0000] {docker.py:69} INFO -   }
[2025-03-26T13:46:33.643+0000] {docker.py:69} INFO -   [51]=>
[2025-03-26T13:46:33.643+0000] {docker.py:69} INFO -   object(stdClass)#53 (3) {
[2025-03-26T13:46:33.644+0000] {docker.py:69} INFO -     ["contador"]=>
[2025-03-26T13:46:33.644+0000] {docker.py:69} INFO -     int(1)
[2025-03-26T13:46:33.644+0000] {docker.py:69} INFO -     ["container"]=>
[2025-03-26T13:46:33.645+0000] {docker.py:69} INFO -     string(8) "php-app1"
[2025-03-26T13:46:33.645+0000] {docker.py:69} INFO -     ["timestamp"]=>
[2025-03-26T13:46:33.645+0000] {docker.py:69} INFO -     int(1742996783)
[2025-03-26T13:46:33.654+0000] {docker.py:69} INFO -   }
[2025-03-26T13:46:33.654+0000] {docker.py:69} INFO -   [52]=>
[2025-03-26T13:46:33.655+0000] {docker.py:69} INFO -   object(stdClass)#54 (3) {
[2025-03-26T13:46:33.655+0000] {docker.py:69} INFO -     ["contador"]=>
[2025-03-26T13:46:33.656+0000] {docker.py:69} INFO -     int(1)
[2025-03-26T13:46:33.656+0000] {docker.py:69} INFO -     ["container"]=>
[2025-03-26T13:46:33.657+0000] {docker.py:69} INFO -     string(8) "php-app2"
[2025-03-26T13:46:33.657+0000] {docker.py:69} INFO -     ["timestamp"]=>
[2025-03-26T13:46:33.658+0000] {docker.py:69} INFO -     int(1742996785)
[2025-03-26T13:46:33.658+0000] {docker.py:69} INFO -   }
[2025-03-26T13:46:33.659+0000] {docker.py:69} INFO -   [53]=>
[2025-03-26T13:46:33.659+0000] {docker.py:69} INFO -   object(stdClass)#55 (3) {
[2025-03-26T13:46:33.660+0000] {docker.py:69} INFO -     ["contador"]=>
[2025-03-26T13:46:33.661+0000] {docker.py:69} INFO -     int(1)
[2025-03-26T13:46:33.663+0000] {docker.py:69} INFO -     ["container"]=>
[2025-03-26T13:46:33.666+0000] {docker.py:69} INFO -     string(8) "php-app2"
[2025-03-26T13:46:33.667+0000] {docker.py:69} INFO -     ["timestamp"]=>
[2025-03-26T13:46:33.667+0000] {docker.py:69} INFO -     int(1742996789)
[2025-03-26T13:46:33.667+0000] {docker.py:69} INFO -   }
[2025-03-26T13:46:33.669+0000] {docker.py:69} INFO -   [54]=>
[2025-03-26T13:46:33.670+0000] {docker.py:69} INFO -   object(stdClass)#56 (3) {
[2025-03-26T13:46:33.671+0000] {docker.py:69} INFO -     ["contador"]=>
[2025-03-26T13:46:33.672+0000] {docker.py:69} INFO -     int(1)
[2025-03-26T13:46:33.672+0000] {docker.py:69} INFO -     ["container"]=>
[2025-03-26T13:46:33.673+0000] {docker.py:69} INFO -     string(8) "php-app1"
[2025-03-26T13:46:33.674+0000] {docker.py:69} INFO -     ["timestamp"]=>
[2025-03-26T13:46:33.674+0000] {docker.py:69} INFO -     int(1742996790)
[2025-03-26T13:46:33.675+0000] {docker.py:69} INFO -   }
[2025-03-26T13:46:33.676+0000] {docker.py:69} INFO -   [55]=>
[2025-03-26T13:46:33.677+0000] {docker.py:69} INFO -   object(stdClass)#57 (3) {
[2025-03-26T13:46:33.678+0000] {docker.py:69} INFO -     ["contador"]=>
[2025-03-26T13:46:33.678+0000] {docker.py:69} INFO -     int(1)
[2025-03-26T13:46:33.679+0000] {docker.py:69} INFO -     ["container"]=>
[2025-03-26T13:46:33.679+0000] {docker.py:69} INFO -     string(8) "php-app1"
[2025-03-26T13:46:33.680+0000] {docker.py:69} INFO -     ["timestamp"]=>
[2025-03-26T13:46:33.681+0000] {docker.py:69} INFO -     int(1742996790)
[2025-03-26T13:46:33.681+0000] {docker.py:69} INFO -   }
[2025-03-26T13:46:33.682+0000] {docker.py:69} INFO -   [56]=>
[2025-03-26T13:46:33.682+0000] {docker.py:69} INFO -   object(stdClass)#58 (3) {
[2025-03-26T13:46:33.683+0000] {docker.py:69} INFO -     ["contador"]=>
[2025-03-26T13:46:33.684+0000] {docker.py:69} INFO -     int(1)
[2025-03-26T13:46:33.685+0000] {docker.py:69} INFO -     ["container"]=>
[2025-03-26T13:46:33.687+0000] {docker.py:69} INFO -     string(8) "php-app2"
[2025-03-26T13:46:33.688+0000] {docker.py:69} INFO -     ["timestamp"]=>
[2025-03-26T13:46:33.688+0000] {docker.py:69} INFO -     int(1742996790)
[2025-03-26T13:46:33.689+0000] {docker.py:69} INFO -   }
[2025-03-26T13:46:33.689+0000] {docker.py:69} INFO -   [57]=>
[2025-03-26T13:46:33.689+0000] {docker.py:69} INFO -   object(stdClass)#59 (3) {
[2025-03-26T13:46:33.689+0000] {docker.py:69} INFO -     ["contador"]=>
[2025-03-26T13:46:33.689+0000] {docker.py:69} INFO -     int(1)
[2025-03-26T13:46:33.690+0000] {docker.py:69} INFO -     ["container"]=>
[2025-03-26T13:46:33.690+0000] {docker.py:69} INFO -     string(8) "php-app2"
[2025-03-26T13:46:33.690+0000] {docker.py:69} INFO -     ["timestamp"]=>
[2025-03-26T13:46:33.691+0000] {docker.py:69} INFO -     int(1742996791)
[2025-03-26T13:46:33.691+0000] {docker.py:69} INFO -   }
[2025-03-26T13:46:33.691+0000] {docker.py:69} INFO -   [58]=>
[2025-03-26T13:46:33.692+0000] {docker.py:69} INFO -   object(stdClass)#60 (3) {
[2025-03-26T13:46:33.692+0000] {docker.py:69} INFO -     ["contador"]=>
[2025-03-26T13:46:33.692+0000] {docker.py:69} INFO -     int(1)
[2025-03-26T13:46:33.693+0000] {docker.py:69} INFO -     ["container"]=>
[2025-03-26T13:46:33.693+0000] {docker.py:69} INFO -     string(8) "php-app1"
[2025-03-26T13:46:33.694+0000] {docker.py:69} INFO -     ["timestamp"]=>
[2025-03-26T13:46:33.694+0000] {docker.py:69} INFO -     int(1742996792)
[2025-03-26T13:46:33.695+0000] {docker.py:69} INFO -   }
[2025-03-26T13:46:33.696+0000] {docker.py:69} INFO -   [59]=>
[2025-03-26T13:46:33.696+0000] {docker.py:69} INFO -   array(3) {
[2025-03-26T13:46:33.697+0000] {docker.py:69} INFO -     ["contador"]=>
[2025-03-26T13:46:33.697+0000] {docker.py:69} INFO -     int(1)
[2025-03-26T13:46:33.698+0000] {docker.py:69} INFO -     ["container"]=>
[2025-03-26T13:46:33.699+0000] {docker.py:69} INFO -     string(8) "php-app1"
[2025-03-26T13:46:33.701+0000] {docker.py:69} INFO -     ["timestamp"]=>
[2025-03-26T13:46:33.701+0000] {docker.py:69} INFO -     int(1742996793)
[2025-03-26T13:46:33.702+0000] {docker.py:69} INFO -   }
[2025-03-26T13:46:33.702+0000] {docker.py:69} INFO - }
[2025-03-26T13:46:35.969+0000] {taskinstance.py:341} INFO - ::group::Post task execution logs
[2025-03-26T13:46:35.973+0000] {taskinstance.py:353} INFO - Marking task as SUCCESS. dag_id=containers1_dag, task_id=php_app1, run_id=scheduled__2025-03-25T01:30:00+00:00, execution_date=20250325T013000, start_date=20250326T134625, end_date=20250326T134635
[2025-03-26T13:46:37.030+0000] {local_task_job_runner.py:266} INFO - Task exited with return code 0
[2025-03-26T13:46:37.072+0000] {standard_task_runner.py:217} INFO - Process not found (most likely exited), stop collecting metrics
[2025-03-26T13:46:37.240+0000] {taskinstance.py:3901} INFO - 0 downstream tasks scheduled from follow-on schedule check
[2025-03-26T13:46:37.273+0000] {local_task_job_runner.py:245} INFO - ::endgroup::
