[2025-03-26T13:46:28.137+0000] {local_task_job_runner.py:123} INFO - ::group::Pre task execution logs
[2025-03-26T13:46:28.220+0000] {taskinstance.py:2614} INFO - Dependencies all met for dep_context=non-requeueable deps ti=<TaskInstance: containers1_dag.php_app1 scheduled__2025-03-25T01:35:00+00:00 [queued]>
[2025-03-26T13:46:28.244+0000] {taskinstance.py:2614} INFO - Dependencies all met for dep_context=requeueable deps ti=<TaskInstance: containers1_dag.php_app1 scheduled__2025-03-25T01:35:00+00:00 [queued]>
[2025-03-26T13:46:28.246+0000] {taskinstance.py:2867} INFO - Starting attempt 1 of 6
[2025-03-26T13:46:28.327+0000] {taskinstance.py:2890} INFO - Executing <Task(DockerOperator): php_app1> on 2025-03-25 01:35:00+00:00
[2025-03-26T13:46:28.348+0000] {logging_mixin.py:190} WARNING - /home/***/.local/lib/python3.12/site-packages/***/task/task_runner/standard_task_runner.py:70 DeprecationWarning: This process (pid=688) is multi-threaded, use of fork() may lead to deadlocks in the child.
[2025-03-26T13:46:28.354+0000] {standard_task_runner.py:72} INFO - Started process 696 to run task
[2025-03-26T13:46:28.411+0000] {standard_task_runner.py:104} INFO - Running: ['***', 'tasks', 'run', 'containers1_dag', 'php_app1', 'scheduled__2025-03-25T01:35:00+00:00', '--job-id', '60', '--raw', '--subdir', 'DAGS_FOLDER/containers1_dag.py', '--cfg-path', '/tmp/tmpbnfsgud4']
[2025-03-26T13:46:28.426+0000] {standard_task_runner.py:105} INFO - Job 60: Subtask php_app1
[2025-03-26T13:46:28.892+0000] {task_command.py:467} INFO - Running <TaskInstance: containers1_dag.php_app1 scheduled__2025-03-25T01:35:00+00:00 [running]> on host 3d581a580455
[2025-03-26T13:46:30.809+0000] {taskinstance.py:3134} INFO - Exporting env vars: AIRFLOW_CTX_DAG_OWNER='andre' AIRFLOW_CTX_DAG_ID='containers1_dag' AIRFLOW_CTX_TASK_ID='php_app1' AIRFLOW_CTX_EXECUTION_DATE='2025-03-25T01:35:00+00:00' AIRFLOW_CTX_TRY_NUMBER='1' AIRFLOW_CTX_DAG_RUN_ID='scheduled__2025-03-25T01:35:00+00:00'
[2025-03-26T13:46:30.812+0000] {taskinstance.py:732} INFO - ::endgroup::
[2025-03-26T13:46:31.051+0000] {docker.py:345} INFO - Starting docker container from image php-app1
[2025-03-26T13:46:31.059+0000] {docker.py:353} WARNING - Using remote engine or docker-in-docker and mounting temporary volume from host is not supported. Falling back to `mount_tmp_dir=False` mode. You can set `mount_tmp_dir` parameter to False to disable mounting and remove the warning
[2025-03-26T13:46:35.573+0000] {docker.py:69} INFO - array(62) {
[2025-03-26T13:46:35.574+0000] {docker.py:69} INFO -   [0]=>
[2025-03-26T13:46:35.579+0000] {docker.py:69} INFO -   object(stdClass)#2 (3) {
[2025-03-26T13:46:35.601+0000] {docker.py:69} INFO -     ["contador"]=>
[2025-03-26T13:46:35.601+0000] {docker.py:69} INFO -     int(0)
[2025-03-26T13:46:35.602+0000] {docker.py:69} INFO -     ["container"]=>
[2025-03-26T13:46:35.602+0000] {docker.py:69} INFO -     string(8) "php-app1"
[2025-03-26T13:46:35.602+0000] {docker.py:69} INFO -     ["timestamp"]=>
[2025-03-26T13:46:35.603+0000] {docker.py:69} INFO -     int(1742852307)
[2025-03-26T13:46:35.603+0000] {docker.py:69} INFO -   }
[2025-03-26T13:46:35.603+0000] {docker.py:69} INFO -   [1]=>
[2025-03-26T13:46:35.604+0000] {docker.py:69} INFO -   object(stdClass)#3 (3) {
[2025-03-26T13:46:35.604+0000] {docker.py:69} INFO -     ["contador"]=>
[2025-03-26T13:46:35.604+0000] {docker.py:69} INFO -     int(1)
[2025-03-26T13:46:35.605+0000] {docker.py:69} INFO -     ["container"]=>
[2025-03-26T13:46:35.605+0000] {docker.py:69} INFO -     string(8) "php-app2"
[2025-03-26T13:46:35.606+0000] {docker.py:69} INFO -     ["timestamp"]=>
[2025-03-26T13:46:35.606+0000] {docker.py:69} INFO -     int(1742852309)
[2025-03-26T13:46:35.606+0000] {docker.py:69} INFO -   }
[2025-03-26T13:46:35.607+0000] {docker.py:69} INFO -   [2]=>
[2025-03-26T13:46:35.608+0000] {docker.py:69} INFO -   object(stdClass)#4 (3) {
[2025-03-26T13:46:35.608+0000] {docker.py:69} INFO -     ["contador"]=>
[2025-03-26T13:46:35.615+0000] {docker.py:69} INFO -     int(1)
[2025-03-26T13:46:35.615+0000] {docker.py:69} INFO -     ["container"]=>
[2025-03-26T13:46:35.616+0000] {docker.py:69} INFO -     string(8) "php-app1"
[2025-03-26T13:46:35.616+0000] {docker.py:69} INFO -     ["timestamp"]=>
[2025-03-26T13:46:35.617+0000] {docker.py:69} INFO -     int(1742852311)
[2025-03-26T13:46:35.619+0000] {docker.py:69} INFO -   }
[2025-03-26T13:46:35.619+0000] {docker.py:69} INFO -   [3]=>
[2025-03-26T13:46:35.620+0000] {docker.py:69} INFO -   object(stdClass)#5 (3) {
[2025-03-26T13:46:35.621+0000] {docker.py:69} INFO -     ["contador"]=>
[2025-03-26T13:46:35.622+0000] {docker.py:69} INFO -     int(1)
[2025-03-26T13:46:35.624+0000] {docker.py:69} INFO -     ["container"]=>
[2025-03-26T13:46:35.625+0000] {docker.py:69} INFO -     string(8) "php-app2"
[2025-03-26T13:46:35.625+0000] {docker.py:69} INFO -     ["timestamp"]=>
[2025-03-26T13:46:35.626+0000] {docker.py:69} INFO -     int(1742852314)
[2025-03-26T13:46:35.628+0000] {docker.py:69} INFO -   }
[2025-03-26T13:46:35.629+0000] {docker.py:69} INFO -   [4]=>
[2025-03-26T13:46:35.629+0000] {docker.py:69} INFO -   object(stdClass)#6 (3) {
[2025-03-26T13:46:35.630+0000] {docker.py:69} INFO -     ["contador"]=>
[2025-03-26T13:46:35.643+0000] {docker.py:69} INFO -     int(1)
[2025-03-26T13:46:35.644+0000] {docker.py:69} INFO -     ["container"]=>
[2025-03-26T13:46:35.660+0000] {docker.py:69} INFO -     string(8) "php-app2"
[2025-03-26T13:46:35.660+0000] {docker.py:69} INFO -     ["timestamp"]=>
[2025-03-26T13:46:35.661+0000] {docker.py:69} INFO -     int(1742996301)
[2025-03-26T13:46:35.667+0000] {docker.py:69} INFO - }
[2025-03-26T13:46:35.668+0000] {docker.py:69} INFO -   [5]=>
[2025-03-26T13:46:35.668+0000] {docker.py:69} INFO -   object(stdClass)#7 (3) {
[2025-03-26T13:46:35.669+0000] {docker.py:69} INFO -     ["contador"]=>
[2025-03-26T13:46:35.672+0000] {docker.py:69} INFO -     int(1)
[2025-03-26T13:46:35.673+0000] {docker.py:69} INFO -     ["container"]=>
[2025-03-26T13:46:35.674+0000] {docker.py:69} INFO -     string(8) "php-app1"
[2025-03-26T13:46:35.674+0000] {docker.py:69} INFO -     ["timestamp"]=>
[2025-03-26T13:46:35.675+0000] {docker.py:69} INFO -     int(1742996302)
[2025-03-26T13:46:35.675+0000] {docker.py:69} INFO -   }
[2025-03-26T13:46:35.676+0000] {docker.py:69} INFO -   [6]=>
[2025-03-26T13:46:35.679+0000] {docker.py:69} INFO -   object(stdClass)#8 (3) {
[2025-03-26T13:46:35.682+0000] {docker.py:69} INFO -     ["contador"]=>
[2025-03-26T13:46:35.683+0000] {docker.py:69} INFO -     int(1)
[2025-03-26T13:46:35.684+0000] {docker.py:69} INFO -     ["container"]=>
[2025-03-26T13:46:35.685+0000] {docker.py:69} INFO -     string(8) "php-app1"
[2025-03-26T13:46:35.685+0000] {docker.py:69} INFO -     ["timestamp"]=>
[2025-03-26T13:46:35.685+0000] {docker.py:69} INFO -     int(1742996302)
[2025-03-26T13:46:35.686+0000] {docker.py:69} INFO -   }
[2025-03-26T13:46:35.687+0000] {docker.py:69} INFO -   [7]=>
[2025-03-26T13:46:35.687+0000] {docker.py:69} INFO -   object(stdClass)#9 (3) {
[2025-03-26T13:46:35.688+0000] {docker.py:69} INFO -     ["contador"]=>
[2025-03-26T13:46:35.688+0000] {docker.py:69} INFO -     int(1)
[2025-03-26T13:46:35.689+0000] {docker.py:69} INFO -     ["container"]=>
[2025-03-26T13:46:35.689+0000] {docker.py:69} INFO -     string(8) "php-app2"
[2025-03-26T13:46:35.690+0000] {docker.py:69} INFO -     ["timestamp"]=>
[2025-03-26T13:46:35.690+0000] {docker.py:69} INFO -     int(1742996303)
[2025-03-26T13:46:35.690+0000] {docker.py:69} INFO -   }
[2025-03-26T13:46:35.691+0000] {docker.py:69} INFO -   [8]=>
[2025-03-26T13:46:35.692+0000] {docker.py:69} INFO -   object(stdClass)#10 (3) {
[2025-03-26T13:46:35.693+0000] {docker.py:69} INFO -     ["contador"]=>
[2025-03-26T13:46:35.696+0000] {docker.py:69} INFO -     int(1)
[2025-03-26T13:46:35.697+0000] {docker.py:69} INFO -     ["container"]=>
[2025-03-26T13:46:35.697+0000] {docker.py:69} INFO -     string(8) "php-app1"
[2025-03-26T13:46:35.699+0000] {docker.py:69} INFO -     ["timestamp"]=>
[2025-03-26T13:46:35.700+0000] {docker.py:69} INFO -     int(1742996304)
[2025-03-26T13:46:35.701+0000] {docker.py:69} INFO -   }
[2025-03-26T13:46:35.702+0000] {docker.py:69} INFO -   [9]=>
[2025-03-26T13:46:35.702+0000] {docker.py:69} INFO -   object(stdClass)#11 (3) {
[2025-03-26T13:46:35.702+0000] {docker.py:69} INFO -     ["contador"]=>
[2025-03-26T13:46:35.703+0000] {docker.py:69} INFO -     int(1)
[2025-03-26T13:46:35.703+0000] {docker.py:69} INFO -     ["container"]=>
[2025-03-26T13:46:35.704+0000] {docker.py:69} INFO -     string(8) "php-app2"
[2025-03-26T13:46:35.704+0000] {docker.py:69} INFO -     ["timestamp"]=>
[2025-03-26T13:46:35.705+0000] {docker.py:69} INFO -     int(1742996305)
[2025-03-26T13:46:35.705+0000] {docker.py:69} INFO -   }
[2025-03-26T13:46:35.706+0000] {docker.py:69} INFO -   [10]=>
[2025-03-26T13:46:35.707+0000] {docker.py:69} INFO -   object(stdClass)#12 (3) {
[2025-03-26T13:46:35.707+0000] {docker.py:69} INFO -     ["contador"]=>
[2025-03-26T13:46:35.708+0000] {docker.py:69} INFO -     int(1)
[2025-03-26T13:46:35.708+0000] {docker.py:69} INFO -     [
[2025-03-26T13:46:35.709+0000] {docker.py:69} INFO - "container"]=>
[2025-03-26T13:46:35.709+0000] {docker.py:69} INFO -     string(8) "php-app2"
[2025-03-26T13:46:35.710+0000] {docker.py:69} INFO -     ["timestamp"]=>
[2025-03-26T13:46:35.710+0000] {docker.py:69} INFO -     int(1742996305)
[2025-03-26T13:46:35.710+0000] {docker.py:69} INFO -   }
[2025-03-26T13:46:35.711+0000] {docker.py:69} INFO -   [11]=>
[2025-03-26T13:46:35.712+0000] {docker.py:69} INFO -   object(stdClass)#13 (3) {
[2025-03-26T13:46:35.713+0000] {docker.py:69} INFO -     ["contador"]=>
[2025-03-26T13:46:35.713+0000] {docker.py:69} INFO -     int(1)
[2025-03-26T13:46:35.714+0000] {docker.py:69} INFO -     ["container"]=>
[2025-03-26T13:46:35.714+0000] {docker.py:69} INFO -     string(8) "php-app1"
[2025-03-26T13:46:35.715+0000] {docker.py:69} INFO -     ["timestamp"]=>
[2025-03-26T13:46:35.715+0000] {docker.py:69} INFO -     int(1742996305)
[2025-03-26T13:46:35.716+0000] {docker.py:69} INFO -   }
[2025-03-26T13:46:35.717+0000] {docker.py:69} INFO -   [12]=>
[2025-03-26T13:46:35.717+0000] {docker.py:69} INFO -   object(stdClass)#14 (3) {
[2025-03-26T13:46:35.718+0000] {docker.py:69} INFO -     ["contador"]=>
[2025-03-26T13:46:35.719+0000] {docker.py:69} INFO -     int(1)
[2025-03-26T13:46:35.719+0000] {docker.py:69} INFO -     ["container"]=>
[2025-03-26T13:46:35.720+0000] {docker.py:69} INFO -     string(8) "php-app1"
[2025-03-26T13:46:35.720+0000] {docker.py:69} INFO -     ["timestamp"]=>
[2025-03-26T13:46:35.723+0000] {docker.py:69} INFO -     int(1742996309)
[2025-03-26T13:46:35.724+0000] {docker.py:69} INFO -   }
[2025-03-26T13:46:35.724+0000] {docker.py:69} INFO -   [13]=>
[2025-03-26T13:46:35.724+0000] {docker.py:69} INFO -   object(stdClass)#15 (3) {
[2025-03-26T13:46:35.725+0000] {docker.py:69} INFO -     ["contador"]=>
[2025-03-26T13:46:35.725+0000] {docker.py:69} INFO -     int(1)
[2025-03-26T13:46:35.726+0000] {docker.py:69} INFO -     ["container"]=>
[2025-03-26T13:46:35.726+0000] {docker.py:69} INFO -     string(8) "php-app1"
[2025-03-26T13:46:35.727+0000] {docker.py:69} INFO -     ["timestamp"]=>
[2025-03-26T13:46:35.738+0000] {docker.py:69} INFO -     int(1742996309)
[2025-03-26T13:46:35.741+0000] {docker.py:69} INFO -   }
[2025-03-26T13:46:35.742+0000] {docker.py:69} INFO -   [14]=>
[2025-03-26T13:46:35.743+0000] {docker.py:69} INFO -   object(stdClass)#16 (3) {
[2025-03-26T13:46:35.743+0000] {docker.py:69} INFO -     ["contador"]=>
[2025-03-26T13:46:35.744+0000] {docker.py:69} INFO -     int(1)
[2025-03-26T13:46:35.748+0000] {docker.py:69} INFO -     ["container"]=>
[2025-03-26T13:46:35.749+0000] {docker.py:69} INFO -     string(8) "php-app2"
[2025-03-26T13:46:35.752+0000] {docker.py:69} INFO -     ["
[2025-03-26T13:46:35.754+0000] {docker.py:69} INFO - timestamp"]=>
[2025-03-26T13:46:35.755+0000] {docker.py:69} INFO - int(1742996309)
[2025-03-26T13:46:35.756+0000] {docker.py:69} INFO - 
[2025-03-26T13:46:35.757+0000] {docker.py:69} INFO - }
[2025-03-26T13:46:35.758+0000] {docker.py:69} INFO -   [15]=>
[2025-03-26T13:46:35.759+0000] {docker.py:69} INFO -   object(stdClass)#17 (3) {
[2025-03-26T13:46:35.759+0000] {docker.py:69} INFO -     ["contador"]=>
[2025-03-26T13:46:35.760+0000] {docker.py:69} INFO -     int(1)
[2025-03-26T13:46:35.760+0000] {docker.py:69} INFO -     ["container"]=>
[2025-03-26T13:46:35.761+0000] {docker.py:69} INFO -     string(8) "php-app2"
[2025-03-26T13:46:35.762+0000] {docker.py:69} INFO -     ["timestamp"]=>
[2025-03-26T13:46:35.763+0000] {docker.py:69} INFO -     int(1742996309)
[2025-03-26T13:46:35.763+0000] {docker.py:69} INFO -   }
[2025-03-26T13:46:35.763+0000] {docker.py:69} INFO -   [16]=>
[2025-03-26T13:46:35.764+0000] {docker.py:69} INFO -   object(stdClass)#18 (3) {
[2025-03-26T13:46:35.765+0000] {docker.py:69} INFO -     ["contador"]=>
[2025-03-26T13:46:35.766+0000] {docker.py:69} INFO -     int(1)
[2025-03-26T13:46:35.767+0000] {docker.py:69} INFO -     ["container"]=>
[2025-03-26T13:46:35.767+0000] {docker.py:69} INFO -     string(8) "php-app1"
[2025-03-26T13:46:35.768+0000] {docker.py:69} INFO -     ["timestamp"]=>
[2025-03-26T13:46:35.768+0000] {docker.py:69} INFO -     int(1742996310)
[2025-03-26T13:46:35.769+0000] {docker.py:69} INFO -   }
[2025-03-26T13:46:35.769+0000] {docker.py:69} INFO -   [17]=>
[2025-03-26T13:46:35.769+0000] {docker.py:69} INFO - 
[2025-03-26T13:46:35.770+0000] {docker.py:69} INFO - object(stdClass)#19 (3) {
[2025-03-26T13:46:35.770+0000] {docker.py:69} INFO -     [
[2025-03-26T13:46:35.771+0000] {docker.py:69} INFO - "contador"]=>
[2025-03-26T13:46:35.771+0000] {docker.py:69} INFO -     int(1)
[2025-03-26T13:46:35.771+0000] {docker.py:69} INFO -     ["
[2025-03-26T13:46:35.772+0000] {docker.py:69} INFO - container
[2025-03-26T13:46:35.772+0000] {docker.py:69} INFO - "
[2025-03-26T13:46:35.773+0000] {docker.py:69} INFO - ]=>
[2025-03-26T13:46:35.773+0000] {docker.py:69} INFO - 
[2025-03-26T13:46:35.773+0000] {docker.py:69} INFO - string(8) "
[2025-03-26T13:46:35.774+0000] {docker.py:69} INFO - php-app2
[2025-03-26T13:46:35.774+0000] {docker.py:69} INFO - "
[2025-03-26T13:46:35.775+0000] {docker.py:69} INFO -     ["timestamp"]=>
[2025-03-26T13:46:35.775+0000] {docker.py:69} INFO - 
[2025-03-26T13:46:35.776+0000] {docker.py:69} INFO - int(1742996310)
[2025-03-26T13:46:35.776+0000] {docker.py:69} INFO -   }
[2025-03-26T13:46:35.777+0000] {docker.py:69} INFO -   [18]=>
[2025-03-26T13:46:35.777+0000] {docker.py:69} INFO - object(stdClass)#20 (3) {
[2025-03-26T13:46:35.778+0000] {docker.py:69} INFO -     ["contador"
[2025-03-26T13:46:35.779+0000] {docker.py:69} INFO - ]=>
[2025-03-26T13:46:35.780+0000] {docker.py:69} INFO -     int(1)
[2025-03-26T13:46:35.780+0000] {docker.py:69} INFO -     [
[2025-03-26T13:46:35.781+0000] {docker.py:69} INFO - "
[2025-03-26T13:46:35.782+0000] {docker.py:69} INFO - container"]=>
[2025-03-26T13:46:35.783+0000] {docker.py:69} INFO -     string(8) "php-app2
[2025-03-26T13:46:35.784+0000] {docker.py:69} INFO - "
[2025-03-26T13:46:35.784+0000] {docker.py:69} INFO -     [
[2025-03-26T13:46:35.785+0000] {docker.py:69} INFO - "
[2025-03-26T13:46:35.785+0000] {docker.py:69} INFO - timestamp
[2025-03-26T13:46:35.786+0000] {docker.py:69} INFO - "]=>
[2025-03-26T13:46:35.786+0000] {docker.py:69} INFO -     int(1742996310)
[2025-03-26T13:46:35.787+0000] {docker.py:69} INFO -   }
[2025-03-26T13:46:35.787+0000] {docker.py:69} INFO -   [19]=>
[2025-03-26T13:46:35.788+0000] {docker.py:69} INFO -   object(stdClass)#21 (3) {
[2025-03-26T13:46:35.788+0000] {docker.py:69} INFO -     ["contador"]=>
[2025-03-26T13:46:35.789+0000] {docker.py:69} INFO -     int(1)
[2025-03-26T13:46:35.789+0000] {docker.py:69} INFO -     ["container"]=>
[2025-03-26T13:46:35.789+0000] {docker.py:69} INFO -     string(8) "php-app1"
[2025-03-26T13:46:35.790+0000] {docker.py:69} INFO -     ["timestamp"]=>
[2025-03-26T13:46:35.790+0000] {docker.py:69} INFO -     int(1742996311)
[2025-03-26T13:46:35.790+0000] {docker.py:69} INFO -   }
[2025-03-26T13:46:35.791+0000] {docker.py:69} INFO -   [20]=>
[2025-03-26T13:46:35.791+0000] {docker.py:69} INFO -   object(stdClass)#22 (3) {
[2025-03-26T13:46:35.792+0000] {docker.py:69} INFO -     [
[2025-03-26T13:46:35.792+0000] {docker.py:69} INFO - "
[2025-03-26T13:46:35.793+0000] {docker.py:69} INFO - contador"]=>
[2025-03-26T13:46:35.793+0000] {docker.py:69} INFO -     int(1)
[2025-03-26T13:46:35.794+0000] {docker.py:69} INFO -     [
[2025-03-26T13:46:35.795+0000] {docker.py:69} INFO - "container
[2025-03-26T13:46:35.795+0000] {docker.py:69} INFO - "
[2025-03-26T13:46:35.796+0000] {docker.py:69} INFO - ]=>
[2025-03-26T13:46:35.797+0000] {docker.py:69} INFO - string(8) "
[2025-03-26T13:46:35.797+0000] {docker.py:69} INFO - php-app1"
[2025-03-26T13:46:35.799+0000] {docker.py:69} INFO -     [
[2025-03-26T13:46:35.800+0000] {docker.py:69} INFO - "timestamp"
[2025-03-26T13:46:35.800+0000] {docker.py:69} INFO - ]=>
[2025-03-26T13:46:35.801+0000] {docker.py:69} INFO - int(1742996311)
[2025-03-26T13:46:35.801+0000] {docker.py:69} INFO -   }
[2025-03-26T13:46:35.802+0000] {docker.py:69} INFO -   [21]=>
[2025-03-26T13:46:35.803+0000] {docker.py:69} INFO -   object(stdClass)#23 (3) {
[2025-03-26T13:46:35.803+0000] {docker.py:69} INFO -     [
[2025-03-26T13:46:35.804+0000] {docker.py:69} INFO - "contador"]=>
[2025-03-26T13:46:35.804+0000] {docker.py:69} INFO - int(1)
[2025-03-26T13:46:35.805+0000] {docker.py:69} INFO -     ["
[2025-03-26T13:46:35.806+0000] {docker.py:69} INFO - container
[2025-03-26T13:46:35.806+0000] {docker.py:69} INFO - "
[2025-03-26T13:46:35.807+0000] {docker.py:69} INFO - ]=>
[2025-03-26T13:46:35.807+0000] {docker.py:69} INFO -     string(8) "
[2025-03-26T13:46:35.808+0000] {docker.py:69} INFO - php-app2"
[2025-03-26T13:46:35.808+0000] {docker.py:69} INFO -     ["timestamp"]=>
[2025-03-26T13:46:35.809+0000] {docker.py:69} INFO - 
[2025-03-26T13:46:35.809+0000] {docker.py:69} INFO - int(1742996312)
[2025-03-26T13:46:35.810+0000] {docker.py:69} INFO -   }
[2025-03-26T13:46:35.810+0000] {docker.py:69} INFO -   [22]=>
[2025-03-26T13:46:35.811+0000] {docker.py:69} INFO - 
[2025-03-26T13:46:35.812+0000] {docker.py:69} INFO - object(stdClass)#24 (3) {
[2025-03-26T13:46:35.812+0000] {docker.py:69} INFO -     ["contador
[2025-03-26T13:46:35.813+0000] {docker.py:69} INFO - "
[2025-03-26T13:46:35.814+0000] {docker.py:69} INFO - ]=>
[2025-03-26T13:46:35.814+0000] {docker.py:69} INFO - 
[2025-03-26T13:46:35.816+0000] {docker.py:69} INFO - int(1)
[2025-03-26T13:46:35.818+0000] {docker.py:69} INFO -     [
[2025-03-26T13:46:35.819+0000] {docker.py:69} INFO - "container
[2025-03-26T13:46:35.819+0000] {docker.py:69} INFO - "
[2025-03-26T13:46:35.820+0000] {docker.py:69} INFO - ]=>
[2025-03-26T13:46:35.821+0000] {docker.py:69} INFO - string(8) "
[2025-03-26T13:46:35.822+0000] {docker.py:69} INFO - php-app1"
[2025-03-26T13:46:35.823+0000] {docker.py:69} INFO -     [
[2025-03-26T13:46:35.824+0000] {docker.py:69} INFO - "timestamp"]=>
[2025-03-26T13:46:35.824+0000] {docker.py:69} INFO -     int(1742996313)
[2025-03-26T13:46:35.825+0000] {docker.py:69} INFO -   }
[2025-03-26T13:46:35.825+0000] {docker.py:69} INFO -   [23]=>
[2025-03-26T13:46:35.826+0000] {docker.py:69} INFO - object(stdClass)#25 (3) {
[2025-03-26T13:46:35.826+0000] {docker.py:69} INFO -     ["
[2025-03-26T13:46:35.827+0000] {docker.py:69} INFO - contador"]=>
[2025-03-26T13:46:35.827+0000] {docker.py:69} INFO -     int(1)
[2025-03-26T13:46:35.827+0000] {docker.py:69} INFO -     [
[2025-03-26T13:46:35.828+0000] {docker.py:69} INFO - "
[2025-03-26T13:46:35.829+0000] {docker.py:69} INFO - container"]=>
[2025-03-26T13:46:35.830+0000] {docker.py:69} INFO -     string(8) "php-app1"
[2025-03-26T13:46:35.830+0000] {docker.py:69} INFO -     [
[2025-03-26T13:46:35.830+0000] {docker.py:69} INFO - "
[2025-03-26T13:46:35.831+0000] {docker.py:69} INFO - timestamp
[2025-03-26T13:46:35.833+0000] {docker.py:69} INFO - "
[2025-03-26T13:46:35.836+0000] {docker.py:69} INFO - ]=>
[2025-03-26T13:46:35.837+0000] {docker.py:69} INFO -     int(1742996751)
[2025-03-26T13:46:35.838+0000] {docker.py:69} INFO -   }
[2025-03-26T13:46:35.840+0000] {docker.py:69} INFO -   [24]=>
[2025-03-26T13:46:35.841+0000] {docker.py:69} INFO -   object(stdClass)#26 (3) {
[2025-03-26T13:46:35.841+0000] {docker.py:69} INFO -     ["contador"]=>
[2025-03-26T13:46:35.842+0000] {docker.py:69} INFO -     int(1)
[2025-03-26T13:46:35.842+0000] {docker.py:69} INFO -     ["container"]=>
[2025-03-26T13:46:35.842+0000] {docker.py:69} INFO -     string(8) "php-app2"
[2025-03-26T13:46:35.843+0000] {docker.py:69} INFO -     ["timestamp"]=>
[2025-03-26T13:46:35.843+0000] {docker.py:69} INFO -     int(1742996751)
[2025-03-26T13:46:35.844+0000] {docker.py:69} INFO -   }
[2025-03-26T13:46:35.844+0000] {docker.py:69} INFO -   [25]=>
[2025-03-26T13:46:35.845+0000] {docker.py:69} INFO -   object(stdClass)#27 (3) {
[2025-03-26T13:46:35.846+0000] {docker.py:69} INFO -     ["contador"]=>
[2025-03-26T13:46:35.846+0000] {docker.py:69} INFO -     int(1)
[2025-03-26T13:46:35.847+0000] {docker.py:69} INFO -     ["container"]=>
[2025-03-26T13:46:35.848+0000] {docker.py:69} INFO -     string(8) "php-app2"
[2025-03-26T13:46:35.849+0000] {docker.py:69} INFO -     ["timestamp"]=>
[2025-03-26T13:46:35.850+0000] {docker.py:69} INFO -     int(1742996756)
[2025-03-26T13:46:35.851+0000] {docker.py:69} INFO -   }
[2025-03-26T13:46:35.854+0000] {docker.py:69} INFO -   [26]=>
[2025-03-26T13:46:35.855+0000] {docker.py:69} INFO -   object(stdClass)#28 (3) {
[2025-03-26T13:46:35.860+0000] {docker.py:69} INFO -     ["contador"]=>
[2025-03-26T13:46:35.860+0000] {docker.py:69} INFO -     int(1)
[2025-03-26T13:46:35.861+0000] {docker.py:69} INFO -     ["container"]=>
[2025-03-26T13:46:35.872+0000] {docker.py:69} INFO -     string(8) "php-app1"
[2025-03-26T13:46:35.877+0000] {docker.py:69} INFO -     ["timestamp"]=>
[2025-03-26T13:46:35.878+0000] {docker.py:69} INFO -     int(1742996756)
[2025-03-26T13:46:35.897+0000] {docker.py:69} INFO -   }
[2025-03-26T13:46:35.898+0000] {docker.py:69} INFO -   [27]=>
[2025-03-26T13:46:35.899+0000] {docker.py:69} INFO -   object(stdClass)#29 (3) {
[2025-03-26T13:46:35.900+0000] {docker.py:69} INFO -     ["contador"]=>
[2025-03-26T13:46:35.900+0000] {docker.py:69} INFO -     int(1)
[2025-03-26T13:46:35.900+0000] {docker.py:69} INFO -     ["container"]=>
[2025-03-26T13:46:35.901+0000] {docker.py:69} INFO -     string(8) "php-app1"
[2025-03-26T13:46:35.901+0000] {docker.py:69} INFO -     ["timestamp"]=>
[2025-03-26T13:46:35.903+0000] {docker.py:69} INFO -     int(1742996757)
[2025-03-26T13:46:35.905+0000] {docker.py:69} INFO -   }
[2025-03-26T13:46:35.906+0000] {docker.py:69} INFO -   [28]=>
[2025-03-26T13:46:35.907+0000] {docker.py:69} INFO -   object(stdClass)#30 (3) {
[2025-03-26T13:46:35.908+0000] {docker.py:69} INFO -     ["contador"]=>
[2025-03-26T13:46:35.908+0000] {docker.py:69} INFO -     int(1)
[2025-03-26T13:46:35.910+0000] {docker.py:69} INFO -     ["container"]=>
[2025-03-26T13:46:35.911+0000] {docker.py:69} INFO -     string(8) "php-app2"
[2025-03-26T13:46:35.912+0000] {docker.py:69} INFO -     ["timestamp"]=>
[2025-03-26T13:46:35.913+0000] {docker.py:69} INFO -     int(1742996757)
[2025-03-26T13:46:35.913+0000] {docker.py:69} INFO -   }
[2025-03-26T13:46:35.915+0000] {docker.py:69} INFO -   [29]=>
[2025-03-26T13:46:35.916+0000] {docker.py:69} INFO -   object(stdClass)#31 (3) {
[2025-03-26T13:46:35.916+0000] {docker.py:69} INFO -     ["contador"]=>
[2025-03-26T13:46:35.917+0000] {docker.py:69} INFO -     int(1)
[2025-03-26T13:46:35.917+0000] {docker.py:69} INFO -     ["container"]=>
[2025-03-26T13:46:35.918+0000] {docker.py:69} INFO -     string(8) "php-app2"
[2025-03-26T13:46:35.921+0000] {docker.py:69} INFO -     ["timestamp"]=>
[2025-03-26T13:46:35.922+0000] {docker.py:69} INFO -     int(1742996758)
[2025-03-26T13:46:35.922+0000] {docker.py:69} INFO -   }
[2025-03-26T13:46:35.924+0000] {docker.py:69} INFO -   [30]=>
[2025-03-26T13:46:35.924+0000] {docker.py:69} INFO -   object(stdClass)#32 (3) {
[2025-03-26T13:46:35.925+0000] {docker.py:69} INFO -     ["contador"]=>
[2025-03-26T13:46:35.926+0000] {docker.py:69} INFO -     int(1)
[2025-03-26T13:46:35.926+0000] {docker.py:69} INFO -     ["container"]=>
[2025-03-26T13:46:35.928+0000] {docker.py:69} INFO -     string(8) "php-app1"
[2025-03-26T13:46:35.930+0000] {docker.py:69} INFO -     ["timestamp"]=>
[2025-03-26T13:46:35.931+0000] {docker.py:69} INFO -     int(1742996760)
[2025-03-26T13:46:35.932+0000] {docker.py:69} INFO -   }
[2025-03-26T13:46:35.932+0000] {docker.py:69} INFO -   [31]=>
[2025-03-26T13:46:35.933+0000] {docker.py:69} INFO -   object(stdClass)#33 (3) {
[2025-03-26T13:46:35.934+0000] {docker.py:69} INFO -     ["contador"]=>
[2025-03-26T13:46:35.942+0000] {docker.py:69} INFO -     int(1)
[2025-03-26T13:46:35.944+0000] {docker.py:69} INFO -     ["container"]=>
[2025-03-26T13:46:35.944+0000] {docker.py:69} INFO -     string(8) "php-app2"
[2025-03-26T13:46:35.945+0000] {docker.py:69} INFO -     ["timestamp"]=>
[2025-03-26T13:46:35.946+0000] {docker.py:69} INFO -     int(1742996760)
[2025-03-26T13:46:35.947+0000] {docker.py:69} INFO -   }
[2025-03-26T13:46:35.947+0000] {docker.py:69} INFO -   [32]=>
[2025-03-26T13:46:35.948+0000] {docker.py:69} INFO -   object(stdClass)#34 (3) {
[2025-03-26T13:46:35.948+0000] {docker.py:69} INFO -     ["contador"]=>
[2025-03-26T13:46:35.949+0000] {docker.py:69} INFO -     int(1)
[2025-03-26T13:46:35.949+0000] {docker.py:69} INFO -     ["container"]=>
[2025-03-26T13:46:35.950+0000] {docker.py:69} INFO -     string(8) "php-app2"
[2025-03-26T13:46:35.951+0000] {docker.py:69} INFO -     ["timestamp"]=>
[2025-03-26T13:46:35.952+0000] {docker.py:69} INFO -     int(1742996761)
[2025-03-26T13:46:35.953+0000] {docker.py:69} INFO -   }
[2025-03-26T13:46:35.953+0000] {docker.py:69} INFO -   [33]=>
[2025-03-26T13:46:35.956+0000] {docker.py:69} INFO -   object(stdClass)#35 (3) {
[2025-03-26T13:46:35.958+0000] {docker.py:69} INFO -     ["contador"]=>
[2025-03-26T13:46:35.960+0000] {docker.py:69} INFO -     int(1)
[2025-03-26T13:46:35.961+0000] {docker.py:69} INFO -     ["container"]=>
[2025-03-26T13:46:35.962+0000] {docker.py:69} INFO -     string(8) "php-app1"
[2025-03-26T13:46:35.963+0000] {docker.py:69} INFO -     ["timestamp"]=>
[2025-03-26T13:46:35.964+0000] {docker.py:69} INFO -     int(1742996762)
[2025-03-26T13:46:35.965+0000] {docker.py:69} INFO -   }
[2025-03-26T13:46:35.965+0000] {docker.py:69} INFO -   [34]=>
[2025-03-26T13:46:35.966+0000] {docker.py:69} INFO -   object(stdClass)#36 (3) {
[2025-03-26T13:46:35.966+0000] {docker.py:69} INFO -     ["contador"]=>
[2025-03-26T13:46:35.966+0000] {docker.py:69} INFO -     int(1)
[2025-03-26T13:46:35.967+0000] {docker.py:69} INFO -     ["container"]=>
[2025-03-26T13:46:35.969+0000] {docker.py:69} INFO -     string(8) "php-app2"
[2025-03-26T13:46:35.971+0000] {docker.py:69} INFO -     ["timestamp"]=>
[2025-03-26T13:46:35.978+0000] {docker.py:69} INFO -     int(1742996762)
[2025-03-26T13:46:35.978+0000] {docker.py:69} INFO -   }
[2025-03-26T13:46:35.979+0000] {docker.py:69} INFO -   [35]=>
[2025-03-26T13:46:35.981+0000] {docker.py:69} INFO -   object(stdClass)#37 (3) {
[2025-03-26T13:46:35.982+0000] {docker.py:69} INFO -     ["contador"]=>
[2025-03-26T13:46:35.983+0000] {docker.py:69} INFO -     int(1)
[2025-03-26T13:46:35.985+0000] {docker.py:69} INFO -     ["container"]=>
[2025-03-26T13:46:36.005+0000] {docker.py:69} INFO -     string(8) "php-app1"
[2025-03-26T13:46:36.006+0000] {docker.py:69} INFO -     ["timestamp"]=>
[2025-03-26T13:46:36.011+0000] {docker.py:69} INFO -     int(1742996763)
[2025-03-26T13:46:36.012+0000] {docker.py:69} INFO -   }
[2025-03-26T13:46:36.012+0000] {docker.py:69} INFO -   [36]=>
[2025-03-26T13:46:36.013+0000] {docker.py:69} INFO -   object(stdClass)#38 (3) {
[2025-03-26T13:46:36.016+0000] {docker.py:69} INFO -     ["contador"]=>
[2025-03-26T13:46:36.017+0000] {docker.py:69} INFO -     int(1)
[2025-03-26T13:46:36.017+0000] {docker.py:69} INFO -     ["container"]=>
[2025-03-26T13:46:36.018+0000] {docker.py:69} INFO -     string(8) "php-app1"
[2025-03-26T13:46:36.021+0000] {docker.py:69} INFO -     ["timestamp"]=>
[2025-03-26T13:46:36.022+0000] {docker.py:69} INFO -     int(1742996763)
[2025-03-26T13:46:36.023+0000] {docker.py:69} INFO -   }
[2025-03-26T13:46:36.025+0000] {docker.py:69} INFO -   [37]=>
[2025-03-26T13:46:36.026+0000] {docker.py:69} INFO -   object(stdClass)#39 (3) {
[2025-03-26T13:46:36.027+0000] {docker.py:69} INFO -     ["contador"]=>
[2025-03-26T13:46:36.028+0000] {docker.py:69} INFO -     int(1)
[2025-03-26T13:46:36.029+0000] {docker.py:69} INFO -     ["container"]=>
[2025-03-26T13:46:36.029+0000] {docker.py:69} INFO -     string(8) "php-app2"
[2025-03-26T13:46:36.030+0000] {docker.py:69} INFO -     ["timestamp"]=>
[2025-03-26T13:46:36.035+0000] {docker.py:69} INFO -     int(1742996771)
[2025-03-26T13:46:36.036+0000] {docker.py:69} INFO -   }
[2025-03-26T13:46:36.039+0000] {docker.py:69} INFO -   [38]=>
[2025-03-26T13:46:36.039+0000] {docker.py:69} INFO -   object(stdClass)#40 (3) {
[2025-03-26T13:46:36.040+0000] {docker.py:69} INFO -     ["contador"]=>
[2025-03-26T13:46:36.042+0000] {docker.py:69} INFO -     int(1)
[2025-03-26T13:46:36.042+0000] {docker.py:69} INFO -     ["container"]=>
[2025-03-26T13:46:36.043+0000] {docker.py:69} INFO -     string(8) "php-app2"
[2025-03-26T13:46:36.045+0000] {docker.py:69} INFO -     ["timestamp"]=>
[2025-03-26T13:46:36.046+0000] {docker.py:69} INFO -     int(1742996773)
[2025-03-26T13:46:36.047+0000] {docker.py:69} INFO -   }
[2025-03-26T13:46:36.048+0000] {docker.py:69} INFO -   [39]=>
[2025-03-26T13:46:36.048+0000] {docker.py:69} INFO -   object(stdClass)#41 (3) {
[2025-03-26T13:46:36.049+0000] {docker.py:69} INFO -     ["contador"]=>
[2025-03-26T13:46:36.053+0000] {docker.py:69} INFO -     int(1)
[2025-03-26T13:46:36.055+0000] {docker.py:69} INFO -     ["container"]=>
[2025-03-26T13:46:36.057+0000] {docker.py:69} INFO -     string(8) "php-app1"
[2025-03-26T13:46:36.058+0000] {docker.py:69} INFO -     ["timestamp"]=>
[2025-03-26T13:46:36.060+0000] {docker.py:69} INFO -     int(1742996773)
[2025-03-26T13:46:36.061+0000] {docker.py:69} INFO -   }
[2025-03-26T13:46:36.064+0000] {docker.py:69} INFO -   [40]=>
[2025-03-26T13:46:36.065+0000] {docker.py:69} INFO -   object(stdClass)#42 (3) {
[2025-03-26T13:46:36.065+0000] {docker.py:69} INFO -     ["contador"]=>
[2025-03-26T13:46:36.069+0000] {docker.py:69} INFO -     int(1)
[2025-03-26T13:46:36.070+0000] {docker.py:69} INFO -     ["container"]=>
[2025-03-26T13:46:36.072+0000] {docker.py:69} INFO -     string(8) "php-app1"
[2025-03-26T13:46:36.073+0000] {docker.py:69} INFO -     ["timestamp"]=>
[2025-03-26T13:46:36.075+0000] {docker.py:69} INFO -     int(1742996775)
[2025-03-26T13:46:36.078+0000] {docker.py:69} INFO -   }
[2025-03-26T13:46:36.079+0000] {docker.py:69} INFO -   [41]=>
[2025-03-26T13:46:36.081+0000] {docker.py:69} INFO -   object(stdClass)#43 (3) {
[2025-03-26T13:46:36.082+0000] {docker.py:69} INFO -     ["contador"]=>
[2025-03-26T13:46:36.088+0000] {docker.py:69} INFO -     int(1)
[2025-03-26T13:46:36.089+0000] {docker.py:69} INFO -     ["container"]=>
[2025-03-26T13:46:36.094+0000] {docker.py:69} INFO -     string(8) "php-app2"
[2025-03-26T13:46:36.094+0000] {docker.py:69} INFO -     ["timestamp"]=>
[2025-03-26T13:46:36.101+0000] {docker.py:69} INFO -     int(1742996775)
[2025-03-26T13:46:36.102+0000] {docker.py:69} INFO -   }
[2025-03-26T13:46:36.105+0000] {docker.py:69} INFO -   [42]=>
[2025-03-26T13:46:36.106+0000] {docker.py:69} INFO -   object(stdClass)#44 (3) {
[2025-03-26T13:46:36.106+0000] {docker.py:69} INFO -     ["contador"]=>
[2025-03-26T13:46:36.107+0000] {docker.py:69} INFO -     int(1)
[2025-03-26T13:46:36.116+0000] {docker.py:69} INFO -     ["container"]=>
[2025-03-26T13:46:36.119+0000] {docker.py:69} INFO -     string(8) "php-app2"
[2025-03-26T13:46:36.129+0000] {docker.py:69} INFO -     ["timestamp"]=>
[2025-03-26T13:46:36.129+0000] {docker.py:69} INFO -     int(1742996775)
[2025-03-26T13:46:36.135+0000] {docker.py:69} INFO -   }
[2025-03-26T13:46:36.135+0000] {docker.py:69} INFO -   [43]=>
[2025-03-26T13:46:36.136+0000] {docker.py:69} INFO -   object(stdClass)#45 (3) {
[2025-03-26T13:46:36.142+0000] {docker.py:69} INFO -     ["contador"]=>
[2025-03-26T13:46:36.170+0000] {docker.py:69} INFO -     int(1)
[2025-03-26T13:46:36.177+0000] {docker.py:69} INFO -     ["container"]=>
[2025-03-26T13:46:36.196+0000] {docker.py:69} INFO -     string(8) "php-app1"
[2025-03-26T13:46:36.198+0000] {docker.py:69} INFO -     ["timestamp"]=>
[2025-03-26T13:46:36.199+0000] {docker.py:69} INFO -     int(1742996777)
[2025-03-26T13:46:36.201+0000] {docker.py:69} INFO -   }
[2025-03-26T13:46:36.202+0000] {docker.py:69} INFO -   [44]=>
[2025-03-26T13:46:36.203+0000] {docker.py:69} INFO -   object(stdClass)#46 (3) {
[2025-03-26T13:46:36.204+0000] {docker.py:69} INFO -     ["contador"]=>
[2025-03-26T13:46:36.205+0000] {docker.py:69} INFO -     int(1)
[2025-03-26T13:46:36.206+0000] {docker.py:69} INFO -     ["container"]=>
[2025-03-26T13:46:36.207+0000] {docker.py:69} INFO -     string(8) "php-app1"
[2025-03-26T13:46:36.208+0000] {docker.py:69} INFO -     ["timestamp"]=>
[2025-03-26T13:46:36.208+0000] {docker.py:69} INFO -     int(1742996779)
[2025-03-26T13:46:36.209+0000] {docker.py:69} INFO -   }
[2025-03-26T13:46:36.209+0000] {docker.py:69} INFO -   [45]=>
[2025-03-26T13:46:36.210+0000] {docker.py:69} INFO -   object(stdClass)#47 (3) {
[2025-03-26T13:46:36.211+0000] {docker.py:69} INFO -     ["contador"]=>
[2025-03-26T13:46:36.211+0000] {docker.py:69} INFO -     int(1)
[2025-03-26T13:46:36.212+0000] {docker.py:69} INFO -     ["container"]=>
[2025-03-26T13:46:36.212+0000] {docker.py:69} INFO -     string(8) "php-app2"
[2025-03-26T13:46:36.213+0000] {docker.py:69} INFO -     ["timestamp"]=>
[2025-03-26T13:46:36.214+0000] {docker.py:69} INFO -     int(1742996779)
[2025-03-26T13:46:36.214+0000] {docker.py:69} INFO -   }
[2025-03-26T13:46:36.215+0000] {docker.py:69} INFO -   [46]=>
[2025-03-26T13:46:36.216+0000] {docker.py:69} INFO -   object(stdClass)#48 (3) {
[2025-03-26T13:46:36.217+0000] {docker.py:69} INFO -     ["contador"]=>
[2025-03-26T13:46:36.217+0000] {docker.py:69} INFO -     int(1)
[2025-03-26T13:46:36.217+0000] {docker.py:69} INFO -     ["container"]=>
[2025-03-26T13:46:36.218+0000] {docker.py:69} INFO -     string(8) "php-app1"
[2025-03-26T13:46:36.218+0000] {docker.py:69} INFO -     ["timestamp"]=>
[2025-03-26T13:46:36.219+0000] {docker.py:69} INFO -     int(1742996781)
[2025-03-26T13:46:36.219+0000] {docker.py:69} INFO -   }
[2025-03-26T13:46:36.220+0000] {docker.py:69} INFO -   [47]=>
[2025-03-26T13:46:36.220+0000] {docker.py:69} INFO -   object(stdClass)#49 (3) {
[2025-03-26T13:46:36.220+0000] {docker.py:69} INFO -     ["contador"]=>
[2025-03-26T13:46:36.221+0000] {docker.py:69} INFO -     int(1)
[2025-03-26T13:46:36.221+0000] {docker.py:69} INFO -     ["container"]=>
[2025-03-26T13:46:36.222+0000] {docker.py:69} INFO -     string(8) "php-app1"
[2025-03-26T13:46:36.222+0000] {docker.py:69} INFO -     ["timestamp"]=>
[2025-03-26T13:46:36.222+0000] {docker.py:69} INFO -     int(1742996781)
[2025-03-26T13:46:36.223+0000] {docker.py:69} INFO -   }
[2025-03-26T13:46:36.223+0000] {docker.py:69} INFO -   [48]=>
[2025-03-26T13:46:36.224+0000] {docker.py:69} INFO -   object(stdClass)#50 (3) {
[2025-03-26T13:46:36.224+0000] {docker.py:69} INFO -     ["contador"]=>
[2025-03-26T13:46:36.225+0000] {docker.py:69} INFO -     int(1)
[2025-03-26T13:46:36.225+0000] {docker.py:69} INFO -     ["container"]=>
[2025-03-26T13:46:36.226+0000] {docker.py:69} INFO -     string(8) "php-app2"
[2025-03-26T13:46:36.226+0000] {docker.py:69} INFO -     ["timestamp"]=>
[2025-03-26T13:46:36.227+0000] {docker.py:69} INFO -     int(1742996781)
[2025-03-26T13:46:36.227+0000] {docker.py:69} INFO -   }
[2025-03-26T13:46:36.227+0000] {docker.py:69} INFO -   [49]=>
[2025-03-26T13:46:36.228+0000] {docker.py:69} INFO -   object(stdClass)#51 (3) {
[2025-03-26T13:46:36.228+0000] {docker.py:69} INFO -     ["contador"]=>
[2025-03-26T13:46:36.229+0000] {docker.py:69} INFO -     int(1)
[2025-03-26T13:46:36.230+0000] {docker.py:69} INFO -     ["container"]=>
[2025-03-26T13:46:36.231+0000] {docker.py:69} INFO -     string(8) "php-app1"
[2025-03-26T13:46:36.231+0000] {docker.py:69} INFO -     ["timestamp"]=>
[2025-03-26T13:46:36.231+0000] {docker.py:69} INFO -     int(1742996783)
[2025-03-26T13:46:36.232+0000] {docker.py:69} INFO -   }
[2025-03-26T13:46:36.232+0000] {docker.py:69} INFO -   [50]=>
[2025-03-26T13:46:36.233+0000] {docker.py:69} INFO -   object(stdClass)#52 (3) {
[2025-03-26T13:46:36.233+0000] {docker.py:69} INFO -     ["contador"]=>
[2025-03-26T13:46:36.234+0000] {docker.py:69} INFO -     int(1)
[2025-03-26T13:46:36.234+0000] {docker.py:69} INFO -     ["container"]=>
[2025-03-26T13:46:36.235+0000] {docker.py:69} INFO -     string(8) "php-app2"
[2025-03-26T13:46:36.235+0000] {docker.py:69} INFO -     ["timestamp"]=>
[2025-03-26T13:46:36.236+0000] {docker.py:69} INFO -     int(1742996783)
[2025-03-26T13:46:36.236+0000] {docker.py:69} INFO -   }
[2025-03-26T13:46:36.236+0000] {docker.py:69} INFO -   [51]=>
[2025-03-26T13:46:36.237+0000] {docker.py:69} INFO -   object(stdClass)#53 (3) {
[2025-03-26T13:46:36.237+0000] {docker.py:69} INFO -     ["contador"]=>
[2025-03-26T13:46:36.237+0000] {docker.py:69} INFO -     int(1)
[2025-03-26T13:46:36.239+0000] {docker.py:69} INFO -     ["container"]=>
[2025-03-26T13:46:36.243+0000] {docker.py:69} INFO -     string(8) "php-app1"
[2025-03-26T13:46:36.244+0000] {docker.py:69} INFO -     ["timestamp"]=>
[2025-03-26T13:46:36.245+0000] {docker.py:69} INFO -     int(1742996783)
[2025-03-26T13:46:36.246+0000] {docker.py:69} INFO -   }
[2025-03-26T13:46:36.246+0000] {docker.py:69} INFO -   [52]=>
[2025-03-26T13:46:36.248+0000] {docker.py:69} INFO -   object(stdClass)#54 (3) {
[2025-03-26T13:46:36.249+0000] {docker.py:69} INFO -     ["contador"]=>
[2025-03-26T13:46:36.249+0000] {docker.py:69} INFO -     int(1)
[2025-03-26T13:46:36.250+0000] {docker.py:69} INFO -     ["container"]=>
[2025-03-26T13:46:36.251+0000] {docker.py:69} INFO -     string(8) "php-app2"
[2025-03-26T13:46:36.253+0000] {docker.py:69} INFO -     ["timestamp"]=>
[2025-03-26T13:46:36.253+0000] {docker.py:69} INFO -     int(1742996785)
[2025-03-26T13:46:36.254+0000] {docker.py:69} INFO -   }
[2025-03-26T13:46:36.255+0000] {docker.py:69} INFO -   [53]=>
[2025-03-26T13:46:36.256+0000] {docker.py:69} INFO -   object(stdClass)#55 (3) {
[2025-03-26T13:46:36.257+0000] {docker.py:69} INFO -     ["contador"]=>
[2025-03-26T13:46:36.258+0000] {docker.py:69} INFO -     int(1)
[2025-03-26T13:46:36.259+0000] {docker.py:69} INFO -     ["container"]=>
[2025-03-26T13:46:36.260+0000] {docker.py:69} INFO -     string(8) "php-app2"
[2025-03-26T13:46:36.260+0000] {docker.py:69} INFO -     ["timestamp"]=>
[2025-03-26T13:46:36.261+0000] {docker.py:69} INFO -     int(1742996789)
[2025-03-26T13:46:36.264+0000] {docker.py:69} INFO -   }
[2025-03-26T13:46:36.290+0000] {docker.py:69} INFO -   [54]=>
[2025-03-26T13:46:36.322+0000] {docker.py:69} INFO -   object(stdClass)#56 (3) {
[2025-03-26T13:46:36.323+0000] {docker.py:69} INFO -     ["contador"]=>
[2025-03-26T13:46:36.334+0000] {docker.py:69} INFO -     int(1)
[2025-03-26T13:46:36.343+0000] {docker.py:69} INFO -     ["container"]=>
[2025-03-26T13:46:36.346+0000] {docker.py:69} INFO -     string(8) "php-app1"
[2025-03-26T13:46:36.350+0000] {docker.py:69} INFO -     ["timestamp"]=>
[2025-03-26T13:46:36.351+0000] {docker.py:69} INFO -     int(1742996790)
[2025-03-26T13:46:36.356+0000] {docker.py:69} INFO -   }
[2025-03-26T13:46:36.357+0000] {docker.py:69} INFO -   [55]=>
[2025-03-26T13:46:36.358+0000] {docker.py:69} INFO -   object(stdClass)#57 (3) {
[2025-03-26T13:46:36.363+0000] {docker.py:69} INFO -     ["contador"]=>
[2025-03-26T13:46:36.370+0000] {docker.py:69} INFO -     int(1)
[2025-03-26T13:46:36.374+0000] {docker.py:69} INFO -     ["container"]=>
[2025-03-26T13:46:36.375+0000] {docker.py:69} INFO -     string(8) "php-app1"
[2025-03-26T13:46:36.376+0000] {docker.py:69} INFO -     ["timestamp"]=>
[2025-03-26T13:46:36.376+0000] {docker.py:69} INFO -     int(1742996790)
[2025-03-26T13:46:36.377+0000] {docker.py:69} INFO -   }
[2025-03-26T13:46:36.377+0000] {docker.py:69} INFO -   [56]=>
[2025-03-26T13:46:36.378+0000] {docker.py:69} INFO -   object(stdClass)#58 (3) {
[2025-03-26T13:46:36.379+0000] {docker.py:69} INFO -     ["contador"]=>
[2025-03-26T13:46:36.379+0000] {docker.py:69} INFO -     int(1)
[2025-03-26T13:46:36.379+0000] {docker.py:69} INFO -     ["container"]=>
[2025-03-26T13:46:36.380+0000] {docker.py:69} INFO -     string(8) "php-app2"
[2025-03-26T13:46:36.380+0000] {docker.py:69} INFO -     ["timestamp"]=>
[2025-03-26T13:46:36.381+0000] {docker.py:69} INFO -     int(1742996790)
[2025-03-26T13:46:36.382+0000] {docker.py:69} INFO -   }
[2025-03-26T13:46:36.383+0000] {docker.py:69} INFO -   [57]=>
[2025-03-26T13:46:36.383+0000] {docker.py:69} INFO -   object(stdClass)#59 (3) {
[2025-03-26T13:46:36.384+0000] {docker.py:69} INFO -     ["contador"]=>
[2025-03-26T13:46:36.385+0000] {docker.py:69} INFO -     int(1)
[2025-03-26T13:46:36.385+0000] {docker.py:69} INFO -     ["container"]=>
[2025-03-26T13:46:36.385+0000] {docker.py:69} INFO -     string(8) "php-app2"
[2025-03-26T13:46:36.386+0000] {docker.py:69} INFO -     ["timestamp"]=>
[2025-03-26T13:46:36.386+0000] {docker.py:69} INFO -     int(1742996791)
[2025-03-26T13:46:36.387+0000] {docker.py:69} INFO -   }
[2025-03-26T13:46:36.387+0000] {docker.py:69} INFO -   [58]=>
[2025-03-26T13:46:36.387+0000] {docker.py:69} INFO -   object(stdClass)#60 (3) {
[2025-03-26T13:46:36.388+0000] {docker.py:69} INFO -     ["contador"]=>
[2025-03-26T13:46:36.388+0000] {docker.py:69} INFO -     int(1)
[2025-03-26T13:46:36.389+0000] {docker.py:69} INFO -     ["container"]=>
[2025-03-26T13:46:36.389+0000] {docker.py:69} INFO -     string(8) "php-app1"
[2025-03-26T13:46:36.390+0000] {docker.py:69} INFO -     ["timestamp"]=>
[2025-03-26T13:46:36.390+0000] {docker.py:69} INFO -     int(1742996792)
[2025-03-26T13:46:36.391+0000] {docker.py:69} INFO -   }
[2025-03-26T13:46:36.391+0000] {docker.py:69} INFO -   [59]=>
[2025-03-26T13:46:36.392+0000] {docker.py:69} INFO -   object(stdClass)#61 (3) {
[2025-03-26T13:46:36.393+0000] {docker.py:69} INFO -     ["contador"]=>
[2025-03-26T13:46:36.393+0000] {docker.py:69} INFO -     int(1)
[2025-03-26T13:46:36.394+0000] {docker.py:69} INFO -     ["container"]=>
[2025-03-26T13:46:36.394+0000] {docker.py:69} INFO -     string(8) "php-app1"
[2025-03-26T13:46:36.395+0000] {docker.py:69} INFO -     ["timestamp"]=>
[2025-03-26T13:46:36.396+0000] {docker.py:69} INFO -     int(1742996793)
[2025-03-26T13:46:36.396+0000] {docker.py:69} INFO -   }
[2025-03-26T13:46:36.397+0000] {docker.py:69} INFO -   [60]=>
[2025-03-26T13:46:36.397+0000] {docker.py:69} INFO -   object(stdClass)#62 (3) {
[2025-03-26T13:46:36.398+0000] {docker.py:69} INFO -     ["contador"]=>
[2025-03-26T13:46:36.398+0000] {docker.py:69} INFO -     int(1)
[2025-03-26T13:46:36.399+0000] {docker.py:69} INFO -     ["container"]=>
[2025-03-26T13:46:36.399+0000] {docker.py:69} INFO -     string(8) "php-app2"
[2025-03-26T13:46:36.399+0000] {docker.py:69} INFO -     ["timestamp"]=>
[2025-03-26T13:46:36.400+0000] {docker.py:69} INFO -     int(1742996794)
[2025-03-26T13:46:36.400+0000] {docker.py:69} INFO -   }
[2025-03-26T13:46:36.401+0000] {docker.py:69} INFO -   [61]=>
[2025-03-26T13:46:36.401+0000] {docker.py:69} INFO -   array(3) {
[2025-03-26T13:46:36.401+0000] {docker.py:69} INFO -     ["contador"]=>
[2025-03-26T13:46:36.402+0000] {docker.py:69} INFO -     int(1)
[2025-03-26T13:46:36.402+0000] {docker.py:69} INFO -     ["container"]=>
[2025-03-26T13:46:36.403+0000] {docker.py:69} INFO -     string(8) "php-app1"
[2025-03-26T13:46:36.404+0000] {docker.py:69} INFO -     ["timestamp"]=>
[2025-03-26T13:46:36.405+0000] {docker.py:69} INFO -     int(1742996795)
[2025-03-26T13:46:36.405+0000] {docker.py:69} INFO -   }
[2025-03-26T13:46:36.405+0000] {docker.py:69} INFO - }
[2025-03-26T13:46:37.639+0000] {taskinstance.py:341} INFO - ::group::Post task execution logs
[2025-03-26T13:46:37.640+0000] {taskinstance.py:353} INFO - Marking task as SUCCESS. dag_id=containers1_dag, task_id=php_app1, run_id=scheduled__2025-03-25T01:35:00+00:00, execution_date=20250325T013500, start_date=20250326T134628, end_date=20250326T134637
[2025-03-26T13:46:38.112+0000] {local_task_job_runner.py:266} INFO - Task exited with return code 0
[2025-03-26T13:46:38.400+0000] {taskinstance.py:3901} INFO - 0 downstream tasks scheduled from follow-on schedule check
[2025-03-26T13:46:38.437+0000] {local_task_job_runner.py:245} INFO - ::endgroup::
[2025-03-26T13:46:38.524+0000] {standard_task_runner.py:217} INFO - Process not found (most likely exited), stop collecting metrics
