[2025-03-26T13:46:41.052+0000] {local_task_job_runner.py:123} INFO - ::group::Pre task execution logs
[2025-03-26T13:46:41.143+0000] {taskinstance.py:2614} INFO - Dependencies all met for dep_context=non-requeueable deps ti=<TaskInstance: containers1_dag.php_app2 scheduled__2025-03-25T01:45:00+00:00 [queued]>
[2025-03-26T13:46:41.189+0000] {taskinstance.py:2614} INFO - Dependencies all met for dep_context=requeueable deps ti=<TaskInstance: containers1_dag.php_app2 scheduled__2025-03-25T01:45:00+00:00 [queued]>
[2025-03-26T13:46:41.192+0000] {taskinstance.py:2867} INFO - Starting attempt 1 of 6
[2025-03-26T13:46:41.468+0000] {taskinstance.py:2890} INFO - Executing <Task(DockerOperator): php_app2> on 2025-03-25 01:45:00+00:00
[2025-03-26T13:46:41.531+0000] {logging_mixin.py:190} WARNING - /home/***/.local/lib/python3.12/site-packages/***/task/task_runner/standard_task_runner.py:70 DeprecationWarning: This process (pid=709) is multi-threaded, use of fork() may lead to deadlocks in the child.
[2025-03-26T13:46:41.533+0000] {standard_task_runner.py:72} INFO - Started process 719 to run task
[2025-03-26T13:46:41.554+0000] {standard_task_runner.py:104} INFO - Running: ['***', 'tasks', 'run', 'containers1_dag', 'php_app2', 'scheduled__2025-03-25T01:45:00+00:00', '--job-id', '64', '--raw', '--subdir', 'DAGS_FOLDER/containers1_dag.py', '--cfg-path', '/tmp/tmp0h2rc92h']
[2025-03-26T13:46:41.563+0000] {standard_task_runner.py:105} INFO - Job 64: Subtask php_app2
[2025-03-26T13:46:41.915+0000] {task_command.py:467} INFO - Running <TaskInstance: containers1_dag.php_app2 scheduled__2025-03-25T01:45:00+00:00 [running]> on host 3d581a580455
[2025-03-26T13:46:44.069+0000] {taskinstance.py:3134} INFO - Exporting env vars: AIRFLOW_CTX_DAG_OWNER='andre' AIRFLOW_CTX_DAG_ID='containers1_dag' AIRFLOW_CTX_TASK_ID='php_app2' AIRFLOW_CTX_EXECUTION_DATE='2025-03-25T01:45:00+00:00' AIRFLOW_CTX_TRY_NUMBER='1' AIRFLOW_CTX_DAG_RUN_ID='scheduled__2025-03-25T01:45:00+00:00'
[2025-03-26T13:46:44.070+0000] {taskinstance.py:732} INFO - ::endgroup::
[2025-03-26T13:46:44.331+0000] {docker.py:345} INFO - Starting docker container from image php-app2
[2025-03-26T13:46:44.336+0000] {docker.py:353} WARNING - Using remote engine or docker-in-docker and mounting temporary volume from host is not supported. Falling back to `mount_tmp_dir=False` mode. You can set `mount_tmp_dir` parameter to False to disable mounting and remove the warning
[2025-03-26T13:46:47.692+0000] {docker.py:69} INFO - array(68) {
[2025-03-26T13:46:47.696+0000] {docker.py:69} INFO -   [0]=>
[2025-03-26T13:46:47.737+0000] {docker.py:69} INFO - 
[2025-03-26T13:46:47.738+0000] {docker.py:69} INFO - object(stdClass)#2 (3) {
[2025-03-26T13:46:47.738+0000] {docker.py:69} INFO -     [
[2025-03-26T13:46:47.739+0000] {docker.py:69} INFO - "
[2025-03-26T13:46:47.739+0000] {docker.py:69} INFO - contador
[2025-03-26T13:46:47.740+0000] {docker.py:69} INFO - "
[2025-03-26T13:46:47.740+0000] {docker.py:69} INFO - ]=>
[2025-03-26T13:46:47.741+0000] {docker.py:69} INFO - 
[2025-03-26T13:46:47.742+0000] {docker.py:69} INFO - int(0)
[2025-03-26T13:46:47.742+0000] {docker.py:69} INFO -     [
[2025-03-26T13:46:47.743+0000] {docker.py:69} INFO - "
[2025-03-26T13:46:47.743+0000] {docker.py:69} INFO - container
[2025-03-26T13:46:47.744+0000] {docker.py:69} INFO - "
[2025-03-26T13:46:47.745+0000] {docker.py:69} INFO - ]=>
[2025-03-26T13:46:47.746+0000] {docker.py:69} INFO - 
[2025-03-26T13:46:47.748+0000] {docker.py:69} INFO - string(8) "
[2025-03-26T13:46:47.748+0000] {docker.py:69} INFO - php-app1
[2025-03-26T13:46:47.749+0000] {docker.py:69} INFO - "
[2025-03-26T13:46:47.750+0000] {docker.py:69} INFO -     [
[2025-03-26T13:46:47.751+0000] {docker.py:69} INFO - "
[2025-03-26T13:46:47.751+0000] {docker.py:69} INFO - timestamp
[2025-03-26T13:46:47.752+0000] {docker.py:69} INFO - "
[2025-03-26T13:46:47.753+0000] {docker.py:69} INFO - ]=>
[2025-03-26T13:46:47.753+0000] {docker.py:69} INFO - 
[2025-03-26T13:46:47.754+0000] {docker.py:69} INFO - int(1742852307)
[2025-03-26T13:46:47.755+0000] {docker.py:69} INFO - 
[2025-03-26T13:46:47.755+0000] {docker.py:69} INFO - }
[2025-03-26T13:46:47.756+0000] {docker.py:69} INFO -   [1]=>
[2025-03-26T13:46:47.756+0000] {docker.py:69} INFO - 
[2025-03-26T13:46:47.757+0000] {docker.py:69} INFO - object(stdClass)#3 (3) {
[2025-03-26T13:46:47.757+0000] {docker.py:69} INFO -     [
[2025-03-26T13:46:47.758+0000] {docker.py:69} INFO - "contador"]=>
[2025-03-26T13:46:47.758+0000] {docker.py:69} INFO -     int(1)
[2025-03-26T13:46:47.759+0000] {docker.py:69} INFO -     ["container"]=>
[2025-03-26T13:46:47.759+0000] {docker.py:69} INFO -     string(8) "php-app2"
[2025-03-26T13:46:47.760+0000] {docker.py:69} INFO -     ["timestamp"]=>
[2025-03-26T13:46:47.760+0000] {docker.py:69} INFO -     int(1742852309)
[2025-03-26T13:46:47.761+0000] {docker.py:69} INFO -   }
[2025-03-26T13:46:47.761+0000] {docker.py:69} INFO -   [2]=>
[2025-03-26T13:46:47.762+0000] {docker.py:69} INFO -   object(stdClass)#4 (3) {
[2025-03-26T13:46:47.763+0000] {docker.py:69} INFO -     ["contador"]=>
[2025-03-26T13:46:47.764+0000] {docker.py:69} INFO -     int(1)
[2025-03-26T13:46:47.765+0000] {docker.py:69} INFO -     ["container"]=>
[2025-03-26T13:46:47.766+0000] {docker.py:69} INFO -     string(8) "php-app1"
[2025-03-26T13:46:47.767+0000] {docker.py:69} INFO -     ["timestamp"]=>
[2025-03-26T13:46:47.767+0000] {docker.py:69} INFO -     int(1742852311)
[2025-03-26T13:46:47.769+0000] {docker.py:69} INFO -   }
[2025-03-26T13:46:47.769+0000] {docker.py:69} INFO -   [3]=>
[2025-03-26T13:46:47.770+0000] {docker.py:69} INFO -   object(stdClass)#5 (3) {
[2025-03-26T13:46:47.771+0000] {docker.py:69} INFO -     ["contador"]=>
[2025-03-26T13:46:47.771+0000] {docker.py:69} INFO -     int(1)
[2025-03-26T13:46:47.772+0000] {docker.py:69} INFO -     ["container"]=>
[2025-03-26T13:46:47.772+0000] {docker.py:69} INFO -     string(8) "php-app2"
[2025-03-26T13:46:47.773+0000] {docker.py:69} INFO -     ["timestamp"]=>
[2025-03-26T13:46:47.773+0000] {docker.py:69} INFO -     int(1742852314)
[2025-03-26T13:46:47.774+0000] {docker.py:69} INFO -   }
[2025-03-26T13:46:47.775+0000] {docker.py:69} INFO -   [4]=>
[2025-03-26T13:46:47.776+0000] {docker.py:69} INFO -   object(stdClass)#6 (3) {
[2025-03-26T13:46:47.777+0000] {docker.py:69} INFO -     ["contador"]=>
[2025-03-26T13:46:47.778+0000] {docker.py:69} INFO -     int(1)
[2025-03-26T13:46:47.778+0000] {docker.py:69} INFO -     ["container"]=>
[2025-03-26T13:46:47.779+0000] {docker.py:69} INFO -     string(8) "php-app2"
[2025-03-26T13:46:47.779+0000] {docker.py:69} INFO -     ["timestamp"]=>
[2025-03-26T13:46:47.780+0000] {docker.py:69} INFO -     int(1742996301)
[2025-03-26T13:46:47.781+0000] {docker.py:69} INFO -   }
[2025-03-26T13:46:47.782+0000] {docker.py:69} INFO -   [5]=>
[2025-03-26T13:46:47.783+0000] {docker.py:69} INFO -   object(stdClass)#7 (3) {
[2025-03-26T13:46:47.783+0000] {docker.py:69} INFO -     ["contador"]=>
[2025-03-26T13:46:47.784+0000] {docker.py:69} INFO -     int(1)
[2025-03-26T13:46:47.785+0000] {docker.py:69} INFO -     ["container"]=>
[2025-03-26T13:46:47.785+0000] {docker.py:69} INFO -     string(8) "php-app1"
[2025-03-26T13:46:47.786+0000] {docker.py:69} INFO -     ["timestamp"]=>
[2025-03-26T13:46:47.786+0000] {docker.py:69} INFO -     int(1742996302)
[2025-03-26T13:46:47.787+0000] {docker.py:69} INFO -   }
[2025-03-26T13:46:47.787+0000] {docker.py:69} INFO -   [6]=>
[2025-03-26T13:46:47.788+0000] {docker.py:69} INFO -   object(stdClass)#8 (3) {
[2025-03-26T13:46:47.788+0000] {docker.py:69} INFO -     ["contador"]=>
[2025-03-26T13:46:47.789+0000] {docker.py:69} INFO -     int(1)
[2025-03-26T13:46:47.790+0000] {docker.py:69} INFO -     ["container"]=>
[2025-03-26T13:46:47.790+0000] {docker.py:69} INFO -     string(8) "php-app1"
[2025-03-26T13:46:47.791+0000] {docker.py:69} INFO -     ["timestamp"]=>
[2025-03-26T13:46:47.791+0000] {docker.py:69} INFO -     int(1742996302)
[2025-03-26T13:46:47.792+0000] {docker.py:69} INFO -   }
[2025-03-26T13:46:47.793+0000] {docker.py:69} INFO -   [7]=>
[2025-03-26T13:46:47.795+0000] {docker.py:69} INFO -   object(stdClass)#9 (3) {
[2025-03-26T13:46:47.797+0000] {docker.py:69} INFO -     ["contador"]=>
[2025-03-26T13:46:47.807+0000] {docker.py:69} INFO -     int(1)
[2025-03-26T13:46:47.810+0000] {docker.py:69} INFO -     ["container"]=>
[2025-03-26T13:46:47.813+0000] {docker.py:69} INFO -     string(8) "php-app2"
[2025-03-26T13:46:47.816+0000] {docker.py:69} INFO -     ["timestamp"]=>
[2025-03-26T13:46:47.817+0000] {docker.py:69} INFO -     int(1742996303)
[2025-03-26T13:46:47.823+0000] {docker.py:69} INFO -   }
[2025-03-26T13:46:47.829+0000] {docker.py:69} INFO -   [8]=>
[2025-03-26T13:46:47.837+0000] {docker.py:69} INFO -   object(stdClass)#10 (3) {
[2025-03-26T13:46:47.847+0000] {docker.py:69} INFO -     ["contador"]=>
[2025-03-26T13:46:47.849+0000] {docker.py:69} INFO -     int(1)
[2025-03-26T13:46:47.850+0000] {docker.py:69} INFO -     ["container"]=>
[2025-03-26T13:46:47.853+0000] {docker.py:69} INFO -     string(8) "php-app1"
[2025-03-26T13:46:47.856+0000] {docker.py:69} INFO -     ["timestamp"]=>
[2025-03-26T13:46:47.857+0000] {docker.py:69} INFO -     int(1742996304)
[2025-03-26T13:46:47.859+0000] {docker.py:69} INFO -   }
[2025-03-26T13:46:47.860+0000] {docker.py:69} INFO -   [9]=>
[2025-03-26T13:46:47.861+0000] {docker.py:69} INFO -   object(stdClass)#11 (3) {
[2025-03-26T13:46:47.863+0000] {docker.py:69} INFO -     ["contador"]=>
[2025-03-26T13:46:47.864+0000] {docker.py:69} INFO -     int(1)
[2025-03-26T13:46:47.865+0000] {docker.py:69} INFO -     ["container"]=>
[2025-03-26T13:46:47.866+0000] {docker.py:69} INFO -     string(8) "php-app2"
[2025-03-26T13:46:47.868+0000] {docker.py:69} INFO -     ["timestamp"]=>
[2025-03-26T13:46:47.869+0000] {docker.py:69} INFO -     int(1742996305)
[2025-03-26T13:46:47.871+0000] {docker.py:69} INFO -   }
[2025-03-26T13:46:47.872+0000] {docker.py:69} INFO -   [10]=>
[2025-03-26T13:46:47.873+0000] {docker.py:69} INFO -   object(stdClass)#12 (3) {
[2025-03-26T13:46:47.874+0000] {docker.py:69} INFO -     ["contador"]=>
[2025-03-26T13:46:47.875+0000] {docker.py:69} INFO -     int(1)
[2025-03-26T13:46:47.876+0000] {docker.py:69} INFO -     ["container"]=>
[2025-03-26T13:46:47.878+0000] {docker.py:69} INFO -     string(8) "php-app2"
[2025-03-26T13:46:47.879+0000] {docker.py:69} INFO -     ["timestamp"]=>
[2025-03-26T13:46:47.882+0000] {docker.py:69} INFO -     int(1742996305)
[2025-03-26T13:46:47.883+0000] {docker.py:69} INFO -   }
[2025-03-26T13:46:47.884+0000] {docker.py:69} INFO -   [11]=>
[2025-03-26T13:46:47.886+0000] {docker.py:69} INFO -   object(stdClass)#13 (3) {
[2025-03-26T13:46:47.887+0000] {docker.py:69} INFO -     ["contador"]=>
[2025-03-26T13:46:47.889+0000] {docker.py:69} INFO -     int(1)
[2025-03-26T13:46:47.890+0000] {docker.py:69} INFO -     ["container"]=>
[2025-03-26T13:46:47.891+0000] {docker.py:69} INFO -     string(8) "php-app1"
[2025-03-26T13:46:47.892+0000] {docker.py:69} INFO -     ["timestamp"]=>
[2025-03-26T13:46:47.893+0000] {docker.py:69} INFO -     int(1742996305)
[2025-03-26T13:46:47.895+0000] {docker.py:69} INFO -   }
[2025-03-26T13:46:47.896+0000] {docker.py:69} INFO -   [12]=>
[2025-03-26T13:46:47.900+0000] {docker.py:69} INFO -   object(stdClass)#14 (3) {
[2025-03-26T13:46:47.902+0000] {docker.py:69} INFO -     ["contador"]=>
[2025-03-26T13:46:47.903+0000] {docker.py:69} INFO -     int(1)
[2025-03-26T13:46:47.905+0000] {docker.py:69} INFO -     ["container"]=>
[2025-03-26T13:46:47.906+0000] {docker.py:69} INFO -     string(8) "php-app1"
[2025-03-26T13:46:47.907+0000] {docker.py:69} INFO -     ["timestamp"]=>
[2025-03-26T13:46:47.908+0000] {docker.py:69} INFO -     int(1742996309)
[2025-03-26T13:46:47.912+0000] {docker.py:69} INFO -   }
[2025-03-26T13:46:47.914+0000] {docker.py:69} INFO -   [13]=>
[2025-03-26T13:46:47.915+0000] {docker.py:69} INFO -   object(stdClass)#15 (3) {
[2025-03-26T13:46:47.917+0000] {docker.py:69} INFO -     ["contador"]=>
[2025-03-26T13:46:47.918+0000] {docker.py:69} INFO -     int(1)
[2025-03-26T13:46:47.919+0000] {docker.py:69} INFO -     ["container"]=>
[2025-03-26T13:46:47.922+0000] {docker.py:69} INFO -     string(8) "php-app1"
[2025-03-26T13:46:47.924+0000] {docker.py:69} INFO -     ["timestamp"]=>
[2025-03-26T13:46:47.925+0000] {docker.py:69} INFO -     int(1742996309)
[2025-03-26T13:46:47.926+0000] {docker.py:69} INFO -   }
[2025-03-26T13:46:47.927+0000] {docker.py:69} INFO -   [14]=>
[2025-03-26T13:46:47.928+0000] {docker.py:69} INFO -   object(stdClass)#16 (3) {
[2025-03-26T13:46:47.929+0000] {docker.py:69} INFO -     ["contador"]=>
[2025-03-26T13:46:47.931+0000] {docker.py:69} INFO -     int(1)
[2025-03-26T13:46:47.932+0000] {docker.py:69} INFO -     ["container"]=>
[2025-03-26T13:46:47.933+0000] {docker.py:69} INFO -     string(8) "php-app2"
[2025-03-26T13:46:47.934+0000] {docker.py:69} INFO -     ["timestamp"]=>
[2025-03-26T13:46:47.935+0000] {docker.py:69} INFO -     int(1742996309)
[2025-03-26T13:46:47.937+0000] {docker.py:69} INFO -   }
[2025-03-26T13:46:47.939+0000] {docker.py:69} INFO -   [15]=>
[2025-03-26T13:46:47.940+0000] {docker.py:69} INFO -   object(stdClass)#17 (3) {
[2025-03-26T13:46:47.941+0000] {docker.py:69} INFO -     ["contador"]=>
[2025-03-26T13:46:47.962+0000] {docker.py:69} INFO -     int(1)
[2025-03-26T13:46:48.068+0000] {docker.py:69} INFO -     ["container"]=>
[2025-03-26T13:46:48.093+0000] {docker.py:69} INFO -     string(8) "php-app2"
[2025-03-26T13:46:48.115+0000] {docker.py:69} INFO -     ["timestamp"]=>
[2025-03-26T13:46:48.117+0000] {docker.py:69} INFO -     int(1742996309)
[2025-03-26T13:46:48.118+0000] {docker.py:69} INFO -   }
[2025-03-26T13:46:48.119+0000] {docker.py:69} INFO -   [16]=>
[2025-03-26T13:46:48.120+0000] {docker.py:69} INFO -   object(stdClass)#18 (3) {
[2025-03-26T13:46:48.121+0000] {docker.py:69} INFO -     ["contador"]=>
[2025-03-26T13:46:48.121+0000] {docker.py:69} INFO -     int(1)
[2025-03-26T13:46:48.122+0000] {docker.py:69} INFO -     ["container"]=>
[2025-03-26T13:46:48.122+0000] {docker.py:69} INFO -     string(8) "php-app1"
[2025-03-26T13:46:48.126+0000] {docker.py:69} INFO -     ["timestamp"]=>
[2025-03-26T13:46:48.126+0000] {docker.py:69} INFO -     int(1742996310)
[2025-03-26T13:46:48.127+0000] {docker.py:69} INFO -   }
[2025-03-26T13:46:48.128+0000] {docker.py:69} INFO -   [17]=>
[2025-03-26T13:46:48.128+0000] {docker.py:69} INFO -   object(stdClass)#19 (3) {
[2025-03-26T13:46:48.128+0000] {docker.py:69} INFO -     ["contador"]=>
[2025-03-26T13:46:48.129+0000] {docker.py:69} INFO -     int(1)
[2025-03-26T13:46:48.132+0000] {docker.py:69} INFO -     ["container"]=>
[2025-03-26T13:46:48.132+0000] {docker.py:69} INFO -     string(8) "php-app2"
[2025-03-26T13:46:48.133+0000] {docker.py:69} INFO -     ["timestamp"]=>
[2025-03-26T13:46:48.133+0000] {docker.py:69} INFO -     int(1742996310)
[2025-03-26T13:46:48.133+0000] {docker.py:69} INFO -   }
[2025-03-26T13:46:48.134+0000] {docker.py:69} INFO -   [18]=>
[2025-03-26T13:46:48.134+0000] {docker.py:69} INFO -   object(stdClass)#20 (3) {
[2025-03-26T13:46:48.138+0000] {docker.py:69} INFO -     ["contador"]=>
[2025-03-26T13:46:48.138+0000] {docker.py:69} INFO -     int(1)
[2025-03-26T13:46:48.139+0000] {docker.py:69} INFO -     ["container"]=>
[2025-03-26T13:46:48.139+0000] {docker.py:69} INFO -     string(8) "php-app2"
[2025-03-26T13:46:48.139+0000] {docker.py:69} INFO -     ["timestamp"]=>
[2025-03-26T13:46:48.141+0000] {docker.py:69} INFO -     int(1742996310)
[2025-03-26T13:46:48.141+0000] {docker.py:69} INFO -   }
[2025-03-26T13:46:48.142+0000] {docker.py:69} INFO -   [19]=>
[2025-03-26T13:46:48.145+0000] {docker.py:69} INFO -   object(stdClass)#21 (3) {
[2025-03-26T13:46:48.146+0000] {docker.py:69} INFO -     ["contador"]=>
[2025-03-26T13:46:48.147+0000] {docker.py:69} INFO -     int(1)
[2025-03-26T13:46:48.148+0000] {docker.py:69} INFO -     ["container"]=>
[2025-03-26T13:46:48.149+0000] {docker.py:69} INFO -     string(8) "php-app1"
[2025-03-26T13:46:48.150+0000] {docker.py:69} INFO -     ["timestamp"]=>
[2025-03-26T13:46:48.151+0000] {docker.py:69} INFO -     int(1742996311)
[2025-03-26T13:46:48.152+0000] {docker.py:69} INFO -   }
[2025-03-26T13:46:48.153+0000] {docker.py:69} INFO -   [20]=>
[2025-03-26T13:46:48.154+0000] {docker.py:69} INFO -   object(stdClass)#22 (3) {
[2025-03-26T13:46:48.154+0000] {docker.py:69} INFO -     ["contador"]=>
[2025-03-26T13:46:48.155+0000] {docker.py:69} INFO -     int(1)
[2025-03-26T13:46:48.155+0000] {docker.py:69} INFO -     ["container"]=>
[2025-03-26T13:46:48.156+0000] {docker.py:69} INFO -     string(8) "php-app1"
[2025-03-26T13:46:48.156+0000] {docker.py:69} INFO -     ["timestamp"]=>
[2025-03-26T13:46:48.156+0000] {docker.py:69} INFO -     int(1742996311)
[2025-03-26T13:46:48.157+0000] {docker.py:69} INFO -   }
[2025-03-26T13:46:48.157+0000] {docker.py:69} INFO -   [21]=>
[2025-03-26T13:46:48.157+0000] {docker.py:69} INFO -   object(stdClass)#23 (3) {
[2025-03-26T13:46:48.158+0000] {docker.py:69} INFO -     ["contador"]=>
[2025-03-26T13:46:48.158+0000] {docker.py:69} INFO -     int(1)
[2025-03-26T13:46:48.158+0000] {docker.py:69} INFO -     ["container"]=>
[2025-03-26T13:46:48.159+0000] {docker.py:69} INFO -     string(8) "php-app2"
[2025-03-26T13:46:48.159+0000] {docker.py:69} INFO -     ["timestamp"]=>
[2025-03-26T13:46:48.160+0000] {docker.py:69} INFO -     int(1742996312)
[2025-03-26T13:46:48.160+0000] {docker.py:69} INFO -   }
[2025-03-26T13:46:48.160+0000] {docker.py:69} INFO -   [22]=>
[2025-03-26T13:46:48.161+0000] {docker.py:69} INFO -   object(stdClass)#24 (3) {
[2025-03-26T13:46:48.161+0000] {docker.py:69} INFO -     ["contador"]=>
[2025-03-26T13:46:48.162+0000] {docker.py:69} INFO -     int(1)
[2025-03-26T13:46:48.162+0000] {docker.py:69} INFO -     ["container"]=>
[2025-03-26T13:46:48.163+0000] {docker.py:69} INFO -     string(8) "php-app1"
[2025-03-26T13:46:48.163+0000] {docker.py:69} INFO -     ["timestamp"]=>
[2025-03-26T13:46:48.164+0000] {docker.py:69} INFO -     int(1742996313)
[2025-03-26T13:46:48.164+0000] {docker.py:69} INFO -   }
[2025-03-26T13:46:48.165+0000] {docker.py:69} INFO -   [23]=>
[2025-03-26T13:46:48.166+0000] {docker.py:69} INFO -   object(stdClass)#25 (3) {
[2025-03-26T13:46:48.166+0000] {docker.py:69} INFO -     ["contador"]=>
[2025-03-26T13:46:48.167+0000] {docker.py:69} INFO -     int(1)
[2025-03-26T13:46:48.167+0000] {docker.py:69} INFO -     ["container"]=>
[2025-03-26T13:46:48.168+0000] {docker.py:69} INFO -     string(8) "php-app1"
[2025-03-26T13:46:48.168+0000] {docker.py:69} INFO -     ["timestamp"]=>
[2025-03-26T13:46:48.169+0000] {docker.py:69} INFO -     int(1742996751)
[2025-03-26T13:46:48.169+0000] {docker.py:69} INFO -   }
[2025-03-26T13:46:48.170+0000] {docker.py:69} INFO -   [24]=>
[2025-03-26T13:46:48.170+0000] {docker.py:69} INFO -   object(stdClass)#26 (3) {
[2025-03-26T13:46:48.171+0000] {docker.py:69} INFO -     ["contador"]=>
[2025-03-26T13:46:48.171+0000] {docker.py:69} INFO -     int(1)
[2025-03-26T13:46:48.172+0000] {docker.py:69} INFO -     ["container"]=>
[2025-03-26T13:46:48.172+0000] {docker.py:69} INFO -     string(8) "php-app2"
[2025-03-26T13:46:48.173+0000] {docker.py:69} INFO -     ["timestamp"]=>
[2025-03-26T13:46:48.173+0000] {docker.py:69} INFO -     int(1742996751)
[2025-03-26T13:46:48.174+0000] {docker.py:69} INFO -   }
[2025-03-26T13:46:48.175+0000] {docker.py:69} INFO -   [25]=>
[2025-03-26T13:46:48.176+0000] {docker.py:69} INFO -   object(stdClass)#27 (3) {
[2025-03-26T13:46:48.177+0000] {docker.py:69} INFO -     ["contador"]=>
[2025-03-26T13:46:48.178+0000] {docker.py:69} INFO -     int(1)
[2025-03-26T13:46:48.179+0000] {docker.py:69} INFO -     ["container"]=>
[2025-03-26T13:46:48.179+0000] {docker.py:69} INFO -     string(8) "php-app2"
[2025-03-26T13:46:48.180+0000] {docker.py:69} INFO -     ["timestamp"]=>
[2025-03-26T13:46:48.180+0000] {docker.py:69} INFO -     int(1742996756)
[2025-03-26T13:46:48.181+0000] {docker.py:69} INFO -   }
[2025-03-26T13:46:48.182+0000] {docker.py:69} INFO -   [26]=>
[2025-03-26T13:46:48.183+0000] {docker.py:69} INFO -   object(stdClass)#28 (3) {
[2025-03-26T13:46:48.184+0000] {docker.py:69} INFO -     ["contador"]=>
[2025-03-26T13:46:48.185+0000] {docker.py:69} INFO -     int(1)
[2025-03-26T13:46:48.185+0000] {docker.py:69} INFO -     ["container"]=>
[2025-03-26T13:46:48.186+0000] {docker.py:69} INFO -     string(8) "php-app1"
[2025-03-26T13:46:48.187+0000] {docker.py:69} INFO -     ["timestamp"]=>
[2025-03-26T13:46:48.187+0000] {docker.py:69} INFO -     int(1742996756)
[2025-03-26T13:46:48.188+0000] {docker.py:69} INFO -   }
[2025-03-26T13:46:48.188+0000] {docker.py:69} INFO -   [27]=>
[2025-03-26T13:46:48.189+0000] {docker.py:69} INFO -   object(stdClass)#29 (3) {
[2025-03-26T13:46:48.189+0000] {docker.py:69} INFO -     ["contador"]=>
[2025-03-26T13:46:48.190+0000] {docker.py:69} INFO -     int(1)
[2025-03-26T13:46:48.190+0000] {docker.py:69} INFO -     ["
[2025-03-26T13:46:48.191+0000] {docker.py:69} INFO - container"]=>
[2025-03-26T13:46:48.192+0000] {docker.py:69} INFO -     string(8) "php-app1"
[2025-03-26T13:46:48.193+0000] {docker.py:69} INFO -     ["timestamp"]=>
[2025-03-26T13:46:48.196+0000] {docker.py:69} INFO -     int(1742996757)
[2025-03-26T13:46:48.197+0000] {docker.py:69} INFO -   }
[2025-03-26T13:46:48.197+0000] {docker.py:69} INFO -   [28]=>
[2025-03-26T13:46:48.200+0000] {docker.py:69} INFO -   object(stdClass)#30 (3) {
[2025-03-26T13:46:48.201+0000] {docker.py:69} INFO -     ["contador"]=>
[2025-03-26T13:46:48.202+0000] {docker.py:69} INFO -     int(1)
[2025-03-26T13:46:48.203+0000] {docker.py:69} INFO -     ["container"]=>
[2025-03-26T13:46:48.203+0000] {docker.py:69} INFO -     string(8) "php-app2"
[2025-03-26T13:46:48.205+0000] {docker.py:69} INFO -     ["timestamp"]=>
[2025-03-26T13:46:48.208+0000] {docker.py:69} INFO -     int(1742996757)
[2025-03-26T13:46:48.209+0000] {docker.py:69} INFO -   }
[2025-03-26T13:46:48.210+0000] {docker.py:69} INFO -   [29]=>
[2025-03-26T13:46:48.211+0000] {docker.py:69} INFO -   object(stdClass)#31 (3) {
[2025-03-26T13:46:48.212+0000] {docker.py:69} INFO -     ["contador"]=>
[2025-03-26T13:46:48.213+0000] {docker.py:69} INFO -     int(1)
[2025-03-26T13:46:48.213+0000] {docker.py:69} INFO -     ["container"]=>
[2025-03-26T13:46:48.214+0000] {docker.py:69} INFO -     string(8) "php-app2"
[2025-03-26T13:46:48.214+0000] {docker.py:69} INFO -     ["timestamp"]=>
[2025-03-26T13:46:48.214+0000] {docker.py:69} INFO -     int(1742996758)
[2025-03-26T13:46:48.215+0000] {docker.py:69} INFO -   }
[2025-03-26T13:46:48.215+0000] {docker.py:69} INFO -   [30]=>
[2025-03-26T13:46:48.215+0000] {docker.py:69} INFO -   object(stdClass)#32 (3) {
[2025-03-26T13:46:48.216+0000] {docker.py:69} INFO -     ["contador"]=>
[2025-03-26T13:46:48.216+0000] {docker.py:69} INFO -     int(1)
[2025-03-26T13:46:48.216+0000] {docker.py:69} INFO -     ["container"]=>
[2025-03-26T13:46:48.217+0000] {docker.py:69} INFO -     string(8) "php-app1"
[2025-03-26T13:46:48.218+0000] {docker.py:69} INFO -     ["timestamp"]=>
[2025-03-26T13:46:48.219+0000] {docker.py:69} INFO -     int(1742996760)
[2025-03-26T13:46:48.219+0000] {docker.py:69} INFO -   }
[2025-03-26T13:46:48.220+0000] {docker.py:69} INFO -   [31]=>
[2025-03-26T13:46:48.221+0000] {docker.py:69} INFO -   object(stdClass)#33 (3) {
[2025-03-26T13:46:48.221+0000] {docker.py:69} INFO -     ["contador"]=>
[2025-03-26T13:46:48.222+0000] {docker.py:69} INFO -     int(1)
[2025-03-26T13:46:48.222+0000] {docker.py:69} INFO -     ["container"]=>
[2025-03-26T13:46:48.223+0000] {docker.py:69} INFO -     string(8) "php-app2"
[2025-03-26T13:46:48.224+0000] {docker.py:69} INFO -     ["timestamp"]=>
[2025-03-26T13:46:48.224+0000] {docker.py:69} INFO -     int(1742996760)
[2025-03-26T13:46:48.225+0000] {docker.py:69} INFO -   }
[2025-03-26T13:46:48.225+0000] {docker.py:69} INFO -   [32]=>
[2025-03-26T13:46:48.226+0000] {docker.py:69} INFO -   object(stdClass)#34 (3) {
[2025-03-26T13:46:48.226+0000] {docker.py:69} INFO -     ["contador"]=>
[2025-03-26T13:46:48.227+0000] {docker.py:69} INFO -     int(1)
[2025-03-26T13:46:48.227+0000] {docker.py:69} INFO -     ["container"]=>
[2025-03-26T13:46:48.228+0000] {docker.py:69} INFO -     string(8) "php-app2"
[2025-03-26T13:46:48.228+0000] {docker.py:69} INFO -     ["timestamp"]=>
[2025-03-26T13:46:48.228+0000] {docker.py:69} INFO -     int(1742996761)
[2025-03-26T13:46:48.229+0000] {docker.py:69} INFO -   }
[2025-03-26T13:46:48.229+0000] {docker.py:69} INFO -   [33]=>
[2025-03-26T13:46:48.229+0000] {docker.py:69} INFO -   object(stdClass)#35 (3) {
[2025-03-26T13:46:48.230+0000] {docker.py:69} INFO -     ["contador"]=>
[2025-03-26T13:46:48.230+0000] {docker.py:69} INFO -     int(1)
[2025-03-26T13:46:48.230+0000] {docker.py:69} INFO -     ["container"]=>
[2025-03-26T13:46:48.231+0000] {docker.py:69} INFO -     string(8) "php-app1"
[2025-03-26T13:46:48.231+0000] {docker.py:69} INFO -     ["timestamp"]=>
[2025-03-26T13:46:48.231+0000] {docker.py:69} INFO -     int(1742996762)
[2025-03-26T13:46:48.232+0000] {docker.py:69} INFO -   }
[2025-03-26T13:46:48.232+0000] {docker.py:69} INFO -   [34]=>
[2025-03-26T13:46:48.232+0000] {docker.py:69} INFO -   object(stdClass)#36 (3) {
[2025-03-26T13:46:48.233+0000] {docker.py:69} INFO -     ["contador"]=>
[2025-03-26T13:46:48.233+0000] {docker.py:69} INFO -     int(1)
[2025-03-26T13:46:48.234+0000] {docker.py:69} INFO -     ["container"]=>
[2025-03-26T13:46:48.234+0000] {docker.py:69} INFO -     string(8) "php-app2"
[2025-03-26T13:46:48.235+0000] {docker.py:69} INFO -     ["timestamp"]=>
[2025-03-26T13:46:48.235+0000] {docker.py:69} INFO -     int(1742996762)
[2025-03-26T13:46:48.236+0000] {docker.py:69} INFO -   }
[2025-03-26T13:46:48.236+0000] {docker.py:69} INFO -   [35]=>
[2025-03-26T13:46:48.237+0000] {docker.py:69} INFO -   object(stdClass)#37 (3) {
[2025-03-26T13:46:48.237+0000] {docker.py:69} INFO -     ["contador"]=>
[2025-03-26T13:46:48.238+0000] {docker.py:69} INFO -     int(1)
[2025-03-26T13:46:48.239+0000] {docker.py:69} INFO -     ["container"]=>
[2025-03-26T13:46:48.241+0000] {docker.py:69} INFO -     string(8) "php-app1"
[2025-03-26T13:46:48.241+0000] {docker.py:69} INFO -     ["timestamp"]=>
[2025-03-26T13:46:48.242+0000] {docker.py:69} INFO -     int(1742996763)
[2025-03-26T13:46:48.242+0000] {docker.py:69} INFO -   }
[2025-03-26T13:46:48.243+0000] {docker.py:69} INFO -   [36]=>
[2025-03-26T13:46:48.243+0000] {docker.py:69} INFO -   object(stdClass)#38 (3) {
[2025-03-26T13:46:48.244+0000] {docker.py:69} INFO -     ["contador"]=>
[2025-03-26T13:46:48.244+0000] {docker.py:69} INFO -     int(1)
[2025-03-26T13:46:48.245+0000] {docker.py:69} INFO -     ["container"]=>
[2025-03-26T13:46:48.245+0000] {docker.py:69} INFO -     string(8) "php-app1"
[2025-03-26T13:46:48.246+0000] {docker.py:69} INFO -     ["timestamp"]=>
[2025-03-26T13:46:48.246+0000] {docker.py:69} INFO -     int(1742996763)
[2025-03-26T13:46:48.246+0000] {docker.py:69} INFO -   }
[2025-03-26T13:46:48.247+0000] {docker.py:69} INFO -   [37]=>
[2025-03-26T13:46:48.247+0000] {docker.py:69} INFO -   object(stdClass)#39 (3) {
[2025-03-26T13:46:48.248+0000] {docker.py:69} INFO -     ["contador"]=>
[2025-03-26T13:46:48.248+0000] {docker.py:69} INFO -     int(1)
[2025-03-26T13:46:48.248+0000] {docker.py:69} INFO -     ["container"]=>
[2025-03-26T13:46:48.249+0000] {docker.py:69} INFO -     string(8) "php-app2"
[2025-03-26T13:46:48.249+0000] {docker.py:69} INFO -     ["timestamp"]=>
[2025-03-26T13:46:48.249+0000] {docker.py:69} INFO -     int(1742996771)
[2025-03-26T13:46:48.250+0000] {docker.py:69} INFO -   }
[2025-03-26T13:46:48.250+0000] {docker.py:69} INFO -   [38]=>
[2025-03-26T13:46:48.251+0000] {docker.py:69} INFO -   object(stdClass)#40 (3) {
[2025-03-26T13:46:48.252+0000] {docker.py:69} INFO -     ["contador"]=>
[2025-03-26T13:46:48.252+0000] {docker.py:69} INFO -     int(1)
[2025-03-26T13:46:48.253+0000] {docker.py:69} INFO -     ["container"]=>
[2025-03-26T13:46:48.254+0000] {docker.py:69} INFO -     string(8) "php-app2"
[2025-03-26T13:46:48.255+0000] {docker.py:69} INFO -     ["timestamp"]=>
[2025-03-26T13:46:48.257+0000] {docker.py:69} INFO -     int(1742996773)
[2025-03-26T13:46:48.258+0000] {docker.py:69} INFO -   }
[2025-03-26T13:46:48.258+0000] {docker.py:69} INFO -   [39]=>
[2025-03-26T13:46:48.259+0000] {docker.py:69} INFO -   object(stdClass)#41 (3) {
[2025-03-26T13:46:48.259+0000] {docker.py:69} INFO -     ["contador"]=>
[2025-03-26T13:46:48.260+0000] {docker.py:69} INFO -     int(1)
[2025-03-26T13:46:48.260+0000] {docker.py:69} INFO -     ["container"]=>
[2025-03-26T13:46:48.261+0000] {docker.py:69} INFO -     string(8) "php-app1"
[2025-03-26T13:46:48.262+0000] {docker.py:69} INFO -     ["timestamp"]=>
[2025-03-26T13:46:48.262+0000] {docker.py:69} INFO -     int(1742996773)
[2025-03-26T13:46:48.263+0000] {docker.py:69} INFO -   }
[2025-03-26T13:46:48.263+0000] {docker.py:69} INFO -   [40]=>
[2025-03-26T13:46:48.264+0000] {docker.py:69} INFO -   object(stdClass)#42 (3) {
[2025-03-26T13:46:48.264+0000] {docker.py:69} INFO -     ["contador"]=>
[2025-03-26T13:46:48.264+0000] {docker.py:69} INFO -     int(1)
[2025-03-26T13:46:48.265+0000] {docker.py:69} INFO -     ["container"]=>
[2025-03-26T13:46:48.265+0000] {docker.py:69} INFO -     string(8) "php-app1"
[2025-03-26T13:46:48.265+0000] {docker.py:69} INFO -     ["timestamp"]=>
[2025-03-26T13:46:48.266+0000] {docker.py:69} INFO -     int(1742996775)
[2025-03-26T13:46:48.266+0000] {docker.py:69} INFO -   }
[2025-03-26T13:46:48.266+0000] {docker.py:69} INFO -   [41]=>
[2025-03-26T13:46:48.267+0000] {docker.py:69} INFO -   object(stdClass)#43 (3) {
[2025-03-26T13:46:48.267+0000] {docker.py:69} INFO -     ["contador"]=>
[2025-03-26T13:46:48.268+0000] {docker.py:69} INFO -     int(1)
[2025-03-26T13:46:48.268+0000] {docker.py:69} INFO -     ["container"]=>
[2025-03-26T13:46:48.269+0000] {docker.py:69} INFO -     string(8) "php-app2"
[2025-03-26T13:46:48.269+0000] {docker.py:69} INFO -     ["timestamp"]=>
[2025-03-26T13:46:48.270+0000] {docker.py:69} INFO -     int(1742996775)
[2025-03-26T13:46:48.270+0000] {docker.py:69} INFO -   }
[2025-03-26T13:46:48.270+0000] {docker.py:69} INFO -   [42]=>
[2025-03-26T13:46:48.271+0000] {docker.py:69} INFO -   object(stdClass)#44 (3) {
[2025-03-26T13:46:48.271+0000] {docker.py:69} INFO -     ["contador"]=>
[2025-03-26T13:46:48.271+0000] {docker.py:69} INFO -     int(1)
[2025-03-26T13:46:48.272+0000] {docker.py:69} INFO -     ["container"]=>
[2025-03-26T13:46:48.272+0000] {docker.py:69} INFO -     string(8) "php-app2"
[2025-03-26T13:46:48.272+0000] {docker.py:69} INFO -     ["timestamp"]=>
[2025-03-26T13:46:48.273+0000] {docker.py:69} INFO -     int(1742996775)
[2025-03-26T13:46:48.273+0000] {docker.py:69} INFO -   }
[2025-03-26T13:46:48.273+0000] {docker.py:69} INFO -   [43]=>
[2025-03-26T13:46:48.328+0000] {docker.py:69} INFO -   object(stdClass)#45 (3) {
[2025-03-26T13:46:48.329+0000] {docker.py:69} INFO -     ["contador"]=>
[2025-03-26T13:46:48.329+0000] {docker.py:69} INFO -     int(1)
[2025-03-26T13:46:48.330+0000] {docker.py:69} INFO -     ["container"]=>
[2025-03-26T13:46:48.346+0000] {docker.py:69} INFO -     string(8) "php-app1"
[2025-03-26T13:46:48.355+0000] {docker.py:69} INFO -     ["timestamp"]=>
[2025-03-26T13:46:48.356+0000] {docker.py:69} INFO -     int(1742996777)
[2025-03-26T13:46:48.358+0000] {docker.py:69} INFO -   }
[2025-03-26T13:46:48.359+0000] {docker.py:69} INFO -   [44]=>
[2025-03-26T13:46:48.360+0000] {docker.py:69} INFO -   object(stdClass)#46 (3) {
[2025-03-26T13:46:48.407+0000] {docker.py:69} INFO -     ["contador"]=>
[2025-03-26T13:46:48.407+0000] {docker.py:69} INFO -     int(1)
[2025-03-26T13:46:48.408+0000] {docker.py:69} INFO -     ["container"]=>
[2025-03-26T13:46:48.408+0000] {docker.py:69} INFO -     string(8) "php-app1"
[2025-03-26T13:46:48.411+0000] {docker.py:69} INFO -     ["timestamp"]=>
[2025-03-26T13:46:48.412+0000] {docker.py:69} INFO -     int(1742996779)
[2025-03-26T13:46:48.412+0000] {docker.py:69} INFO -   }
[2025-03-26T13:46:48.412+0000] {docker.py:69} INFO -   [45]=>
[2025-03-26T13:46:48.413+0000] {docker.py:69} INFO -   object(stdClass)#47 (3) {
[2025-03-26T13:46:48.413+0000] {docker.py:69} INFO -     ["contador"]=>
[2025-03-26T13:46:48.413+0000] {docker.py:69} INFO -     int(1)
[2025-03-26T13:46:48.414+0000] {docker.py:69} INFO -     ["container"]=>
[2025-03-26T13:46:48.414+0000] {docker.py:69} INFO -     string(8) "php-app2"
[2025-03-26T13:46:48.414+0000] {docker.py:69} INFO -     ["timestamp"]=>
[2025-03-26T13:46:48.415+0000] {docker.py:69} INFO -     int(1742996779)
[2025-03-26T13:46:48.415+0000] {docker.py:69} INFO -   }
[2025-03-26T13:46:48.416+0000] {docker.py:69} INFO -   [46]=>
[2025-03-26T13:46:48.416+0000] {docker.py:69} INFO -   object(stdClass)#48 (3) {
[2025-03-26T13:46:48.416+0000] {docker.py:69} INFO -     ["contador"]=>
[2025-03-26T13:46:48.417+0000] {docker.py:69} INFO -     int(1)
[2025-03-26T13:46:48.417+0000] {docker.py:69} INFO -     ["container"]=>
[2025-03-26T13:46:48.417+0000] {docker.py:69} INFO -     string(8) "php-app1"
[2025-03-26T13:46:48.418+0000] {docker.py:69} INFO -     ["timestamp"]=>
[2025-03-26T13:46:48.418+0000] {docker.py:69} INFO -     int(1742996781)
[2025-03-26T13:46:48.418+0000] {docker.py:69} INFO -   }
[2025-03-26T13:46:48.419+0000] {docker.py:69} INFO -   [47]=>
[2025-03-26T13:46:48.419+0000] {docker.py:69} INFO -   object(stdClass)#49 (3) {
[2025-03-26T13:46:48.420+0000] {docker.py:69} INFO -     ["contador"]=>
[2025-03-26T13:46:48.420+0000] {docker.py:69} INFO -     int(1)
[2025-03-26T13:46:48.420+0000] {docker.py:69} INFO -     ["container"]=>
[2025-03-26T13:46:48.421+0000] {docker.py:69} INFO -     string(8) "php-app1"
[2025-03-26T13:46:48.421+0000] {docker.py:69} INFO -     ["timestamp"]=>
[2025-03-26T13:46:48.422+0000] {docker.py:69} INFO -     int(1742996781)
[2025-03-26T13:46:48.422+0000] {docker.py:69} INFO -   }
[2025-03-26T13:46:48.423+0000] {docker.py:69} INFO -   [48]=>
[2025-03-26T13:46:48.423+0000] {docker.py:69} INFO -   object(stdClass)#50 (3) {
[2025-03-26T13:46:48.424+0000] {docker.py:69} INFO -     ["contador"]=>
[2025-03-26T13:46:48.424+0000] {docker.py:69} INFO -     int(1)
[2025-03-26T13:46:48.424+0000] {docker.py:69} INFO -     ["container"]=>
[2025-03-26T13:46:48.425+0000] {docker.py:69} INFO -     string(8) "php-app2"
[2025-03-26T13:46:48.425+0000] {docker.py:69} INFO -     ["timestamp"]=>
[2025-03-26T13:46:48.426+0000] {docker.py:69} INFO -     int(1742996781)
[2025-03-26T13:46:48.426+0000] {docker.py:69} INFO -   }
[2025-03-26T13:46:48.427+0000] {docker.py:69} INFO -   [49]=>
[2025-03-26T13:46:48.427+0000] {docker.py:69} INFO -   object(stdClass)#51 (3) {
[2025-03-26T13:46:48.427+0000] {docker.py:69} INFO -     ["contador"]=>
[2025-03-26T13:46:48.428+0000] {docker.py:69} INFO -     int(1)
[2025-03-26T13:46:48.428+0000] {docker.py:69} INFO -     ["container"]=>
[2025-03-26T13:46:48.429+0000] {docker.py:69} INFO -     string(8) "php-app1"
[2025-03-26T13:46:48.429+0000] {docker.py:69} INFO -     ["timestamp"]=>
[2025-03-26T13:46:48.430+0000] {docker.py:69} INFO -     int(1742996783)
[2025-03-26T13:46:48.430+0000] {docker.py:69} INFO -   }
[2025-03-26T13:46:48.431+0000] {docker.py:69} INFO -   [50]=>
[2025-03-26T13:46:48.432+0000] {docker.py:69} INFO -   object(stdClass)#52 (3) {
[2025-03-26T13:46:48.432+0000] {docker.py:69} INFO -     ["contador"]=>
[2025-03-26T13:46:48.433+0000] {docker.py:69} INFO -     int(1)
[2025-03-26T13:46:48.433+0000] {docker.py:69} INFO -     ["container"]=>
[2025-03-26T13:46:48.434+0000] {docker.py:69} INFO -     string(8) "php-app2"
[2025-03-26T13:46:48.434+0000] {docker.py:69} INFO -     ["timestamp"]=>
[2025-03-26T13:46:48.434+0000] {docker.py:69} INFO -     int(1742996783)
[2025-03-26T13:46:48.435+0000] {docker.py:69} INFO -   }
[2025-03-26T13:46:48.435+0000] {docker.py:69} INFO -   [51]=>
[2025-03-26T13:46:48.436+0000] {docker.py:69} INFO -   object(stdClass)#53 (3) {
[2025-03-26T13:46:48.436+0000] {docker.py:69} INFO -     ["contador"]=>
[2025-03-26T13:46:48.437+0000] {docker.py:69} INFO -     int(1)
[2025-03-26T13:46:48.444+0000] {docker.py:69} INFO -     ["container"]=>
[2025-03-26T13:46:48.445+0000] {docker.py:69} INFO -     string(8) "php-app1"
[2025-03-26T13:46:48.446+0000] {docker.py:69} INFO -     ["timestamp"]=>
[2025-03-26T13:46:48.447+0000] {docker.py:69} INFO -     int(1742996783)
[2025-03-26T13:46:48.448+0000] {docker.py:69} INFO -   }
[2025-03-26T13:46:48.449+0000] {docker.py:69} INFO -   [52]=>
[2025-03-26T13:46:48.449+0000] {docker.py:69} INFO -   object(stdClass)#54 (3) {
[2025-03-26T13:46:48.454+0000] {docker.py:69} INFO -     ["contador"]=>
[2025-03-26T13:46:48.455+0000] {docker.py:69} INFO -     int(1)
[2025-03-26T13:46:48.455+0000] {docker.py:69} INFO -     ["container"]=>
[2025-03-26T13:46:48.459+0000] {docker.py:69} INFO -     string(8) "php-app2"
[2025-03-26T13:46:48.460+0000] {docker.py:69} INFO -     ["timestamp"]=>
[2025-03-26T13:46:48.460+0000] {docker.py:69} INFO -     int(1742996785)
[2025-03-26T13:46:48.461+0000] {docker.py:69} INFO -   }
[2025-03-26T13:46:48.461+0000] {docker.py:69} INFO -   [53]=>
[2025-03-26T13:46:48.535+0000] {docker.py:69} INFO -   object(stdClass)#55 (3) {
[2025-03-26T13:46:48.536+0000] {docker.py:69} INFO -     ["contador"]=>
[2025-03-26T13:46:48.539+0000] {docker.py:69} INFO -     int(1)
[2025-03-26T13:46:48.546+0000] {docker.py:69} INFO -     ["container"]=>
[2025-03-26T13:46:48.577+0000] {docker.py:69} INFO -     string(8) "php-app2"
[2025-03-26T13:46:48.609+0000] {docker.py:69} INFO -     ["timestamp"]=>
[2025-03-26T13:46:48.609+0000] {docker.py:69} INFO -     int(1742996789)
[2025-03-26T13:46:48.647+0000] {docker.py:69} INFO -   }
[2025-03-26T13:46:48.648+0000] {docker.py:69} INFO -   [54]=>
[2025-03-26T13:46:48.649+0000] {docker.py:69} INFO -   object(stdClass)#56 (3) {
[2025-03-26T13:46:48.677+0000] {docker.py:69} INFO -     ["contador"]=>
[2025-03-26T13:46:48.715+0000] {docker.py:69} INFO -     int(1)
[2025-03-26T13:46:48.715+0000] {docker.py:69} INFO -     ["container"]=>
[2025-03-26T13:46:48.724+0000] {docker.py:69} INFO -     string(8) "php-app1"
[2025-03-26T13:46:48.749+0000] {docker.py:69} INFO -     ["timestamp"]=>
[2025-03-26T13:46:48.750+0000] {docker.py:69} INFO -     int(1742996790)
[2025-03-26T13:46:48.757+0000] {docker.py:69} INFO -   }
[2025-03-26T13:46:48.758+0000] {docker.py:69} INFO -   [55]=>
[2025-03-26T13:46:48.759+0000] {docker.py:69} INFO -   object(stdClass)#57 (3) {
[2025-03-26T13:46:48.763+0000] {docker.py:69} INFO -     ["contador"]=>
[2025-03-26T13:46:48.763+0000] {docker.py:69} INFO -     int(1)
[2025-03-26T13:46:48.764+0000] {docker.py:69} INFO -     ["container"]=>
[2025-03-26T13:46:48.764+0000] {docker.py:69} INFO -     string(8) "php-app1"
[2025-03-26T13:46:48.765+0000] {docker.py:69} INFO -     ["timestamp"]=>
[2025-03-26T13:46:48.765+0000] {docker.py:69} INFO -     int(1742996790)
[2025-03-26T13:46:48.765+0000] {docker.py:69} INFO -   }
[2025-03-26T13:46:48.766+0000] {docker.py:69} INFO -   [56]=>
[2025-03-26T13:46:48.766+0000] {docker.py:69} INFO -   object(stdClass)#58 (3) {
[2025-03-26T13:46:48.766+0000] {docker.py:69} INFO -     ["contador"]=>
[2025-03-26T13:46:48.767+0000] {docker.py:69} INFO -     int(1)
[2025-03-26T13:46:48.767+0000] {docker.py:69} INFO -     ["container"]=>
[2025-03-26T13:46:48.767+0000] {docker.py:69} INFO -     string(8) "php-app2"
[2025-03-26T13:46:48.768+0000] {docker.py:69} INFO -     ["timestamp"]=>
[2025-03-26T13:46:48.768+0000] {docker.py:69} INFO -     int(1742996790)
[2025-03-26T13:46:48.769+0000] {docker.py:69} INFO -   }
[2025-03-26T13:46:48.769+0000] {docker.py:69} INFO -   [57]=>
[2025-03-26T13:46:48.769+0000] {docker.py:69} INFO -   object(stdClass)#59 (3) {
[2025-03-26T13:46:48.770+0000] {docker.py:69} INFO -     ["contador"]=>
[2025-03-26T13:46:48.770+0000] {docker.py:69} INFO -     int(1)
[2025-03-26T13:46:48.771+0000] {docker.py:69} INFO -     ["container"]=>
[2025-03-26T13:46:48.771+0000] {docker.py:69} INFO -     string(8) "php-app2"
[2025-03-26T13:46:48.772+0000] {docker.py:69} INFO -     ["timestamp"]=>
[2025-03-26T13:46:48.772+0000] {docker.py:69} INFO -     int(1742996791)
[2025-03-26T13:46:48.773+0000] {docker.py:69} INFO -   }
[2025-03-26T13:46:48.773+0000] {docker.py:69} INFO -   [58]=>
[2025-03-26T13:46:48.773+0000] {docker.py:69} INFO -   object(stdClass)#60 (3) {
[2025-03-26T13:46:48.774+0000] {docker.py:69} INFO -     ["contador"]=>
[2025-03-26T13:46:48.774+0000] {docker.py:69} INFO -     int(1)
[2025-03-26T13:46:48.774+0000] {docker.py:69} INFO -     ["container"]=>
[2025-03-26T13:46:48.775+0000] {docker.py:69} INFO -     string(8) "php-app1"
[2025-03-26T13:46:48.778+0000] {docker.py:69} INFO -     ["timestamp"]=>
[2025-03-26T13:46:48.779+0000] {docker.py:69} INFO -     int(1742996792)
[2025-03-26T13:46:48.779+0000] {docker.py:69} INFO -   }
[2025-03-26T13:46:48.780+0000] {docker.py:69} INFO -   [59]=>
[2025-03-26T13:46:48.780+0000] {docker.py:69} INFO -   object(stdClass)#61 (3) {
[2025-03-26T13:46:48.782+0000] {docker.py:69} INFO -     ["contador"]=>
[2025-03-26T13:46:48.784+0000] {docker.py:69} INFO -     int(1)
[2025-03-26T13:46:48.784+0000] {docker.py:69} INFO -     ["container"]=>
[2025-03-26T13:46:48.784+0000] {docker.py:69} INFO -     string(8) "php-app1"
[2025-03-26T13:46:48.785+0000] {docker.py:69} INFO -     ["timestamp"]=>
[2025-03-26T13:46:48.785+0000] {docker.py:69} INFO -     int(1742996793)
[2025-03-26T13:46:48.786+0000] {docker.py:69} INFO -   }
[2025-03-26T13:46:48.787+0000] {docker.py:69} INFO -   [60]=>
[2025-03-26T13:46:48.787+0000] {docker.py:69} INFO -   object(stdClass)#62 (3) {
[2025-03-26T13:46:48.787+0000] {docker.py:69} INFO -     ["contador"]=>
[2025-03-26T13:46:48.788+0000] {docker.py:69} INFO -     int(1)
[2025-03-26T13:46:48.788+0000] {docker.py:69} INFO -     ["container"]=>
[2025-03-26T13:46:48.789+0000] {docker.py:69} INFO -     string(8) "php-app2"
[2025-03-26T13:46:48.789+0000] {docker.py:69} INFO -     ["timestamp"]=>
[2025-03-26T13:46:48.790+0000] {docker.py:69} INFO -     int(1742996794)
[2025-03-26T13:46:48.791+0000] {docker.py:69} INFO -   }
[2025-03-26T13:46:48.792+0000] {docker.py:69} INFO -   [61]=>
[2025-03-26T13:46:48.792+0000] {docker.py:69} INFO -   object(stdClass)#63 (3) {
[2025-03-26T13:46:48.793+0000] {docker.py:69} INFO -     ["contador"]=>
[2025-03-26T13:46:48.793+0000] {docker.py:69} INFO -     int(1)
[2025-03-26T13:46:48.793+0000] {docker.py:69} INFO -     ["container"]=>
[2025-03-26T13:46:48.794+0000] {docker.py:69} INFO -     string(8) "php-app1"
[2025-03-26T13:46:48.794+0000] {docker.py:69} INFO -     ["timestamp"]=>
[2025-03-26T13:46:48.795+0000] {docker.py:69} INFO -     int(1742996795)
[2025-03-26T13:46:48.795+0000] {docker.py:69} INFO -   }
[2025-03-26T13:46:48.796+0000] {docker.py:69} INFO -   [62]=>
[2025-03-26T13:46:48.797+0000] {docker.py:69} INFO -   object(stdClass)#64 (3) {
[2025-03-26T13:46:48.798+0000] {docker.py:69} INFO -     ["contador"]=>
[2025-03-26T13:46:48.798+0000] {docker.py:69} INFO -     int(1)
[2025-03-26T13:46:48.799+0000] {docker.py:69} INFO -     ["container"]=>
[2025-03-26T13:46:48.799+0000] {docker.py:69} INFO -     string(8) "php-app1"
[2025-03-26T13:46:48.800+0000] {docker.py:69} INFO -     ["timestamp"]=>
[2025-03-26T13:46:48.801+0000] {docker.py:69} INFO -     int(1742996797)
[2025-03-26T13:46:48.802+0000] {docker.py:69} INFO -   }
[2025-03-26T13:46:48.803+0000] {docker.py:69} INFO -   [63]=>
[2025-03-26T13:46:48.803+0000] {docker.py:69} INFO -   object(stdClass)#65 (3) {
[2025-03-26T13:46:48.804+0000] {docker.py:69} INFO -     ["contador"]=>
[2025-03-26T13:46:48.804+0000] {docker.py:69} INFO -     int(1)
[2025-03-26T13:46:48.805+0000] {docker.py:69} INFO -     ["container"]=>
[2025-03-26T13:46:48.806+0000] {docker.py:69} INFO -     string(8) "php-app2"
[2025-03-26T13:46:48.806+0000] {docker.py:69} INFO -     ["timestamp"]=>
[2025-03-26T13:46:48.807+0000] {docker.py:69} INFO -     int(1742996797)
[2025-03-26T13:46:48.807+0000] {docker.py:69} INFO -   }
[2025-03-26T13:46:48.808+0000] {docker.py:69} INFO -   [64]=>
[2025-03-26T13:46:48.808+0000] {docker.py:69} INFO -   object(stdClass)#66 (3) {
[2025-03-26T13:46:48.809+0000] {docker.py:69} INFO -     ["contador"]=>
[2025-03-26T13:46:48.810+0000] {docker.py:69} INFO -     int(1)
[2025-03-26T13:46:48.810+0000] {docker.py:69} INFO -     ["container"]=>
[2025-03-26T13:46:48.811+0000] {docker.py:69} INFO -     string(8) "php-app2"
[2025-03-26T13:46:48.812+0000] {docker.py:69} INFO -     ["timestamp"]=>
[2025-03-26T13:46:48.812+0000] {docker.py:69} INFO -     int(1742996797)
[2025-03-26T13:46:48.813+0000] {docker.py:69} INFO -   }
[2025-03-26T13:46:48.813+0000] {docker.py:69} INFO -   [65]=>
[2025-03-26T13:46:48.814+0000] {docker.py:69} INFO -   object(stdClass)#67 (3) {
[2025-03-26T13:46:48.815+0000] {docker.py:69} INFO -     ["contador"]=>
[2025-03-26T13:46:48.815+0000] {docker.py:69} INFO -     int(1)
[2025-03-26T13:46:48.816+0000] {docker.py:69} INFO -     ["container"]=>
[2025-03-26T13:46:48.816+0000] {docker.py:69} INFO -     string(8) "php-app1"
[2025-03-26T13:46:48.817+0000] {docker.py:69} INFO -     ["timestamp"]=>
[2025-03-26T13:46:48.818+0000] {docker.py:69} INFO -     int(1742996804)
[2025-03-26T13:46:48.818+0000] {docker.py:69} INFO -   }
[2025-03-26T13:46:48.819+0000] {docker.py:69} INFO -   [66]=>
[2025-03-26T13:46:48.819+0000] {docker.py:69} INFO -   object(stdClass)#68 (3) {
[2025-03-26T13:46:48.820+0000] {docker.py:69} INFO -     ["contador"]=>
[2025-03-26T13:46:48.820+0000] {docker.py:69} INFO -     int(1)
[2025-03-26T13:46:48.821+0000] {docker.py:69} INFO -     ["container"]=>
[2025-03-26T13:46:48.826+0000] {docker.py:69} INFO -     string(8) "php-app2"
[2025-03-26T13:46:48.827+0000] {docker.py:69} INFO -     ["timestamp"]=>
[2025-03-26T13:46:48.834+0000] {docker.py:69} INFO -     int(1742996806)
[2025-03-26T13:46:48.835+0000] {docker.py:69} INFO -   }
[2025-03-26T13:46:48.836+0000] {docker.py:69} INFO -   [67]=>
[2025-03-26T13:46:48.837+0000] {docker.py:69} INFO -   array(3) {
[2025-03-26T13:46:48.837+0000] {docker.py:69} INFO -     ["contador"]=>
[2025-03-26T13:46:48.838+0000] {docker.py:69} INFO -     int(1)
[2025-03-26T13:46:48.838+0000] {docker.py:69} INFO -     ["container"]=>
[2025-03-26T13:46:48.839+0000] {docker.py:69} INFO -     string(8) "php-app2"
[2025-03-26T13:46:48.839+0000] {docker.py:69} INFO -     ["timestamp"]=>
[2025-03-26T13:46:48.840+0000] {docker.py:69} INFO -     int(1742996807)
[2025-03-26T13:46:48.840+0000] {docker.py:69} INFO -   }
[2025-03-26T13:46:48.840+0000] {docker.py:69} INFO - }
[2025-03-26T13:46:50.197+0000] {taskinstance.py:341} INFO - ::group::Post task execution logs
[2025-03-26T13:46:50.206+0000] {taskinstance.py:353} INFO - Marking task as SUCCESS. dag_id=containers1_dag, task_id=php_app2, run_id=scheduled__2025-03-25T01:45:00+00:00, execution_date=20250325T014500, start_date=20250326T134641, end_date=20250326T134650
[2025-03-26T13:46:51.463+0000] {local_task_job_runner.py:266} INFO - Task exited with return code 0
[2025-03-26T13:46:51.644+0000] {standard_task_runner.py:217} INFO - Process not found (most likely exited), stop collecting metrics
[2025-03-26T13:46:51.684+0000] {taskinstance.py:3901} INFO - 0 downstream tasks scheduled from follow-on schedule check
[2025-03-26T13:46:51.850+0000] {local_task_job_runner.py:245} INFO - ::endgroup::
