[2025-03-26T13:46:08.597+0000] {local_task_job_runner.py:123} INFO - ::group::Pre task execution logs
[2025-03-26T13:46:08.698+0000] {taskinstance.py:2614} INFO - Dependencies all met for dep_context=non-requeueable deps ti=<TaskInstance: containers1_dag.php_app1 scheduled__2025-03-25T00:45:00+00:00 [queued]>
[2025-03-26T13:46:08.790+0000] {taskinstance.py:2614} INFO - Dependencies all met for dep_context=requeueable deps ti=<TaskInstance: containers1_dag.php_app1 scheduled__2025-03-25T00:45:00+00:00 [queued]>
[2025-03-26T13:46:08.791+0000] {taskinstance.py:2867} INFO - Starting attempt 1 of 6
[2025-03-26T13:46:08.856+0000] {taskinstance.py:2890} INFO - Executing <Task(DockerOperator): php_app1> on 2025-03-25 00:45:00+00:00
[2025-03-26T13:46:09.016+0000] {logging_mixin.py:190} WARNING - /home/***/.local/lib/python3.12/site-packages/***/task/task_runner/standard_task_runner.py:70 DeprecationWarning: This process (pid=613) is multi-threaded, use of fork() may lead to deadlocks in the child.
[2025-03-26T13:46:09.018+0000] {standard_task_runner.py:72} INFO - Started process 632 to run task
[2025-03-26T13:46:08.938+0000] {standard_task_runner.py:104} INFO - Running: ['***', 'tasks', 'run', 'containers1_dag', 'php_app1', 'scheduled__2025-03-25T00:45:00+00:00', '--job-id', '42', '--raw', '--subdir', 'DAGS_FOLDER/containers1_dag.py', '--cfg-path', '/tmp/tmp44ab0247']
[2025-03-26T13:46:09.027+0000] {standard_task_runner.py:105} INFO - Job 42: Subtask php_app1
[2025-03-26T13:46:09.628+0000] {task_command.py:467} INFO - Running <TaskInstance: containers1_dag.php_app1 scheduled__2025-03-25T00:45:00+00:00 [running]> on host 3d581a580455
[2025-03-26T13:46:10.889+0000] {taskinstance.py:3134} INFO - Exporting env vars: AIRFLOW_CTX_DAG_OWNER='andre' AIRFLOW_CTX_DAG_ID='containers1_dag' AIRFLOW_CTX_TASK_ID='php_app1' AIRFLOW_CTX_EXECUTION_DATE='2025-03-25T00:45:00+00:00' AIRFLOW_CTX_TRY_NUMBER='1' AIRFLOW_CTX_DAG_RUN_ID='scheduled__2025-03-25T00:45:00+00:00'
[2025-03-26T13:46:10.891+0000] {taskinstance.py:732} INFO - ::endgroup::
[2025-03-26T13:46:11.170+0000] {docker.py:345} INFO - Starting docker container from image php-app1
[2025-03-26T13:46:11.189+0000] {docker.py:353} WARNING - Using remote engine or docker-in-docker and mounting temporary volume from host is not supported. Falling back to `mount_tmp_dir=False` mode. You can set `mount_tmp_dir` parameter to False to disable mounting and remove the warning
[2025-03-26T13:46:19.088+0000] {docker.py:69} INFO - array(45) {
[2025-03-26T13:46:19.088+0000] {docker.py:69} INFO -   [0]=>
[2025-03-26T13:46:19.093+0000] {docker.py:69} INFO - 
[2025-03-26T13:46:19.093+0000] {docker.py:69} INFO - object(stdClass)#2 (3) {
[2025-03-26T13:46:19.094+0000] {docker.py:69} INFO -     [
[2025-03-26T13:46:19.116+0000] {docker.py:69} INFO - "
[2025-03-26T13:46:19.120+0000] {docker.py:69} INFO - contador
[2025-03-26T13:46:19.121+0000] {docker.py:69} INFO - "
[2025-03-26T13:46:19.131+0000] {docker.py:69} INFO - ]=>
[2025-03-26T13:46:19.132+0000] {docker.py:69} INFO - 
[2025-03-26T13:46:19.133+0000] {docker.py:69} INFO - int(0)
[2025-03-26T13:46:19.133+0000] {docker.py:69} INFO -     [
[2025-03-26T13:46:19.134+0000] {docker.py:69} INFO - "
[2025-03-26T13:46:19.135+0000] {docker.py:69} INFO - container
[2025-03-26T13:46:19.135+0000] {docker.py:69} INFO - "
[2025-03-26T13:46:19.136+0000] {docker.py:69} INFO - ]=>
[2025-03-26T13:46:19.136+0000] {docker.py:69} INFO - 
[2025-03-26T13:46:19.137+0000] {docker.py:69} INFO - string(8) "
[2025-03-26T13:46:19.137+0000] {docker.py:69} INFO - php-app1
[2025-03-26T13:46:19.138+0000] {docker.py:69} INFO - "
[2025-03-26T13:46:19.138+0000] {docker.py:69} INFO -     [
[2025-03-26T13:46:19.139+0000] {docker.py:69} INFO - "
[2025-03-26T13:46:19.139+0000] {docker.py:69} INFO - timestamp
[2025-03-26T13:46:19.140+0000] {docker.py:69} INFO - "
[2025-03-26T13:46:19.140+0000] {docker.py:69} INFO - ]=>
[2025-03-26T13:46:19.141+0000] {docker.py:69} INFO - 
[2025-03-26T13:46:19.141+0000] {docker.py:69} INFO - int(1742852307)
[2025-03-26T13:46:19.142+0000] {docker.py:69} INFO - 
[2025-03-26T13:46:19.142+0000] {docker.py:69} INFO - }
[2025-03-26T13:46:19.143+0000] {docker.py:69} INFO -   [1]=>
[2025-03-26T13:46:19.143+0000] {docker.py:69} INFO - 
[2025-03-26T13:46:19.144+0000] {docker.py:69} INFO - object(stdClass)#3 (3) {
[2025-03-26T13:46:19.144+0000] {docker.py:69} INFO -     [
[2025-03-26T13:46:19.145+0000] {docker.py:69} INFO - "
[2025-03-26T13:46:19.146+0000] {docker.py:69} INFO - contador
[2025-03-26T13:46:19.146+0000] {docker.py:69} INFO - "
[2025-03-26T13:46:19.147+0000] {docker.py:69} INFO - ]=>
[2025-03-26T13:46:19.147+0000] {docker.py:69} INFO - 
[2025-03-26T13:46:19.148+0000] {docker.py:69} INFO - int(1)
[2025-03-26T13:46:19.148+0000] {docker.py:69} INFO -     [
[2025-03-26T13:46:19.149+0000] {docker.py:69} INFO - "
[2025-03-26T13:46:19.149+0000] {docker.py:69} INFO - container
[2025-03-26T13:46:19.150+0000] {docker.py:69} INFO - "
[2025-03-26T13:46:19.150+0000] {docker.py:69} INFO - ]=>
[2025-03-26T13:46:19.151+0000] {docker.py:69} INFO - 
[2025-03-26T13:46:19.157+0000] {docker.py:69} INFO - string(8) "
[2025-03-26T13:46:19.158+0000] {docker.py:69} INFO - php-app2
[2025-03-26T13:46:19.158+0000] {docker.py:69} INFO - "
[2025-03-26T13:46:19.159+0000] {docker.py:69} INFO -     [
[2025-03-26T13:46:19.160+0000] {docker.py:69} INFO - "
[2025-03-26T13:46:19.160+0000] {docker.py:69} INFO - timestamp
[2025-03-26T13:46:19.161+0000] {docker.py:69} INFO - "
[2025-03-26T13:46:19.168+0000] {docker.py:69} INFO - ]=>
[2025-03-26T13:46:19.169+0000] {docker.py:69} INFO -     int(1742852309)
[2025-03-26T13:46:19.169+0000] {docker.py:69} INFO -   }
[2025-03-26T13:46:19.170+0000] {docker.py:69} INFO -   [2]=>
[2025-03-26T13:46:19.170+0000] {docker.py:69} INFO - object(stdClass)#4 (3) {
[2025-03-26T13:46:19.171+0000] {docker.py:69} INFO -     ["contador"]=>
[2025-03-26T13:46:19.171+0000] {docker.py:69} INFO -     int(1)
[2025-03-26T13:46:19.172+0000] {docker.py:69} INFO -     ["container"]=>
[2025-03-26T13:46:19.172+0000] {docker.py:69} INFO -     string(8) "php-app1"
[2025-03-26T13:46:19.173+0000] {docker.py:69} INFO -     ["timestamp"]=>
[2025-03-26T13:46:19.173+0000] {docker.py:69} INFO - int(1742852311)
[2025-03-26T13:46:19.174+0000] {docker.py:69} INFO -   }
[2025-03-26T13:46:19.174+0000] {docker.py:69} INFO -   [3]=>
[2025-03-26T13:46:19.175+0000] {docker.py:69} INFO -   object(stdClass)#5 (3) {
[2025-03-26T13:46:19.175+0000] {docker.py:69} INFO -     [
[2025-03-26T13:46:19.176+0000] {docker.py:69} INFO - "contador
[2025-03-26T13:46:19.176+0000] {docker.py:69} INFO - "]=>
[2025-03-26T13:46:19.177+0000] {docker.py:69} INFO -     int(1)
[2025-03-26T13:46:19.177+0000] {docker.py:69} INFO -     ["
[2025-03-26T13:46:19.178+0000] {docker.py:69} INFO - container"
[2025-03-26T13:46:19.179+0000] {docker.py:69} INFO - ]=>
[2025-03-26T13:46:19.179+0000] {docker.py:69} INFO -     string(8) "php-app2
[2025-03-26T13:46:19.180+0000] {docker.py:69} INFO - "
[2025-03-26T13:46:19.180+0000] {docker.py:69} INFO -     [
[2025-03-26T13:46:19.181+0000] {docker.py:69} INFO - "timestamp"]=>
[2025-03-26T13:46:19.181+0000] {docker.py:69} INFO -     int(1742852314)
[2025-03-26T13:46:19.182+0000] {docker.py:69} INFO -   }
[2025-03-26T13:46:19.182+0000] {docker.py:69} INFO -   [4]=>
[2025-03-26T13:46:19.183+0000] {docker.py:69} INFO -   object(stdClass)#6 (3) {
[2025-03-26T13:46:19.183+0000] {docker.py:69} INFO -     ["contador"]=>
[2025-03-26T13:46:19.184+0000] {docker.py:69} INFO -     int(1)
[2025-03-26T13:46:19.184+0000] {docker.py:69} INFO -     ["container"]=>
[2025-03-26T13:46:19.185+0000] {docker.py:69} INFO -     string(8) "php-app2"
[2025-03-26T13:46:19.185+0000] {docker.py:69} INFO -     ["timestamp"]=>
[2025-03-26T13:46:19.185+0000] {docker.py:69} INFO -     int(1742996301)
[2025-03-26T13:46:19.186+0000] {docker.py:69} INFO -   }
[2025-03-26T13:46:19.186+0000] {docker.py:69} INFO -   [5]=>
[2025-03-26T13:46:19.187+0000] {docker.py:69} INFO - object(stdClass)#7 (3) {
[2025-03-26T13:46:19.187+0000] {docker.py:69} INFO -     [
[2025-03-26T13:46:19.188+0000] {docker.py:69} INFO - "contador"]=>
[2025-03-26T13:46:19.188+0000] {docker.py:69} INFO -     int(1)
[2025-03-26T13:46:19.189+0000] {docker.py:69} INFO -     ["container"]=>
[2025-03-26T13:46:19.189+0000] {docker.py:69} INFO -     string(8) "
[2025-03-26T13:46:19.190+0000] {docker.py:69} INFO - php-app1
[2025-03-26T13:46:19.190+0000] {docker.py:69} INFO - "
[2025-03-26T13:46:19.191+0000] {docker.py:69} INFO -     ["
[2025-03-26T13:46:19.191+0000] {docker.py:69} INFO - timestamp"]=>
[2025-03-26T13:46:19.192+0000] {docker.py:69} INFO -     int(1742996302)
[2025-03-26T13:46:19.192+0000] {docker.py:69} INFO -   }
[2025-03-26T13:46:19.193+0000] {docker.py:69} INFO -   [6]=>
[2025-03-26T13:46:19.193+0000] {docker.py:69} INFO -   object(stdClass)#8 (3) {
[2025-03-26T13:46:19.193+0000] {docker.py:69} INFO -     ["contador"]=>
[2025-03-26T13:46:19.194+0000] {docker.py:69} INFO -     int(1)
[2025-03-26T13:46:19.194+0000] {docker.py:69} INFO -     ["container"]=>
[2025-03-26T13:46:19.194+0000] {docker.py:69} INFO -     string(8) "php-app1"
[2025-03-26T13:46:19.195+0000] {docker.py:69} INFO -     ["timestamp"]=>
[2025-03-26T13:46:19.195+0000] {docker.py:69} INFO -     int(1742996302)
[2025-03-26T13:46:19.196+0000] {docker.py:69} INFO -   }
[2025-03-26T13:46:19.196+0000] {docker.py:69} INFO -   [7]=>
[2025-03-26T13:46:19.197+0000] {docker.py:69} INFO -   object(stdClass)#9 (3) {
[2025-03-26T13:46:19.198+0000] {docker.py:69} INFO -     ["
[2025-03-26T13:46:19.199+0000] {docker.py:69} INFO - contador
[2025-03-26T13:46:19.199+0000] {docker.py:69} INFO - "
[2025-03-26T13:46:19.200+0000] {docker.py:69} INFO - ]=>
[2025-03-26T13:46:19.200+0000] {docker.py:69} INFO - int(1)
[2025-03-26T13:46:19.201+0000] {docker.py:69} INFO -     ["
[2025-03-26T13:46:19.202+0000] {docker.py:69} INFO - container
[2025-03-26T13:46:19.202+0000] {docker.py:69} INFO - "
[2025-03-26T13:46:19.203+0000] {docker.py:69} INFO - ]=>
[2025-03-26T13:46:19.203+0000] {docker.py:69} INFO -     string(8) "
[2025-03-26T13:46:19.204+0000] {docker.py:69} INFO - php-app2
[2025-03-26T13:46:19.204+0000] {docker.py:69} INFO - "
[2025-03-26T13:46:19.205+0000] {docker.py:69} INFO -     ["timestamp"
[2025-03-26T13:46:19.205+0000] {docker.py:69} INFO - ]=>
[2025-03-26T13:46:19.206+0000] {docker.py:69} INFO - int(1742996303)
[2025-03-26T13:46:19.206+0000] {docker.py:69} INFO -   }
[2025-03-26T13:46:19.207+0000] {docker.py:69} INFO -   [8]=>
[2025-03-26T13:46:19.207+0000] {docker.py:69} INFO -   object(stdClass)#10 (3) {
[2025-03-26T13:46:19.207+0000] {docker.py:69} INFO -     [
[2025-03-26T13:46:19.208+0000] {docker.py:69} INFO - "
[2025-03-26T13:46:19.209+0000] {docker.py:69} INFO - contador
[2025-03-26T13:46:19.209+0000] {docker.py:69} INFO - "
[2025-03-26T13:46:19.210+0000] {docker.py:69} INFO - ]=>
[2025-03-26T13:46:19.212+0000] {docker.py:69} INFO - 
[2025-03-26T13:46:19.214+0000] {docker.py:69} INFO - int(1)
[2025-03-26T13:46:19.215+0000] {docker.py:69} INFO -     [
[2025-03-26T13:46:19.215+0000] {docker.py:69} INFO - "container
[2025-03-26T13:46:19.216+0000] {docker.py:69} INFO - "]=>
[2025-03-26T13:46:19.217+0000] {docker.py:69} INFO - 
[2025-03-26T13:46:19.218+0000] {docker.py:69} INFO - string(8) "php-app1"
[2025-03-26T13:46:19.219+0000] {docker.py:69} INFO -     [
[2025-03-26T13:46:19.219+0000] {docker.py:69} INFO - "
[2025-03-26T13:46:19.220+0000] {docker.py:69} INFO - timestamp"
[2025-03-26T13:46:19.221+0000] {docker.py:69} INFO - ]=>
[2025-03-26T13:46:19.221+0000] {docker.py:69} INFO - 
[2025-03-26T13:46:19.222+0000] {docker.py:69} INFO - int(1742996304)
[2025-03-26T13:46:19.222+0000] {docker.py:69} INFO -   }
[2025-03-26T13:46:19.223+0000] {docker.py:69} INFO -   [9]=>
[2025-03-26T13:46:19.224+0000] {docker.py:69} INFO - 
[2025-03-26T13:46:19.224+0000] {docker.py:69} INFO - object(stdClass)#11 (3) {
[2025-03-26T13:46:19.225+0000] {docker.py:69} INFO -     [
[2025-03-26T13:46:19.225+0000] {docker.py:69} INFO - "contador"]=>
[2025-03-26T13:46:19.226+0000] {docker.py:69} INFO -     int(1)
[2025-03-26T13:46:19.226+0000] {docker.py:69} INFO -     ["container"]=>
[2025-03-26T13:46:19.227+0000] {docker.py:69} INFO -     string(8) "php-app2"
[2025-03-26T13:46:19.227+0000] {docker.py:69} INFO -     ["timestamp"]=>
[2025-03-26T13:46:19.228+0000] {docker.py:69} INFO -     int(1742996305)
[2025-03-26T13:46:19.228+0000] {docker.py:69} INFO -   }
[2025-03-26T13:46:19.229+0000] {docker.py:69} INFO -   [10]=>
[2025-03-26T13:46:19.229+0000] {docker.py:69} INFO - 
[2025-03-26T13:46:19.230+0000] {docker.py:69} INFO - object(stdClass)#12 (3) {
[2025-03-26T13:46:19.230+0000] {docker.py:69} INFO -     ["
[2025-03-26T13:46:19.231+0000] {docker.py:69} INFO - contador"
[2025-03-26T13:46:19.231+0000] {docker.py:69} INFO - ]=>
[2025-03-26T13:46:19.232+0000] {docker.py:69} INFO - 
[2025-03-26T13:46:19.232+0000] {docker.py:69} INFO - int(1)
[2025-03-26T13:46:19.233+0000] {docker.py:69} INFO -     ["container
[2025-03-26T13:46:19.233+0000] {docker.py:69} INFO - "
[2025-03-26T13:46:19.234+0000] {docker.py:69} INFO - ]=>
[2025-03-26T13:46:19.235+0000] {docker.py:69} INFO - 
[2025-03-26T13:46:19.235+0000] {docker.py:69} INFO - string(8) "php-app2
[2025-03-26T13:46:19.236+0000] {docker.py:69} INFO - "
[2025-03-26T13:46:19.237+0000] {docker.py:69} INFO -     [
[2025-03-26T13:46:19.237+0000] {docker.py:69} INFO - "timestamp"
[2025-03-26T13:46:19.238+0000] {docker.py:69} INFO - ]=>
[2025-03-26T13:46:19.239+0000] {docker.py:69} INFO - 
[2025-03-26T13:46:19.240+0000] {docker.py:69} INFO - int(1742996305)
[2025-03-26T13:46:19.240+0000] {docker.py:69} INFO -   }
[2025-03-26T13:46:19.241+0000] {docker.py:69} INFO -   [11]=>
[2025-03-26T13:46:19.242+0000] {docker.py:69} INFO -   object(stdClass)#13 (3) {
[2025-03-26T13:46:19.242+0000] {docker.py:69} INFO -     ["
[2025-03-26T13:46:19.243+0000] {docker.py:69} INFO - contador"]=>
[2025-03-26T13:46:19.243+0000] {docker.py:69} INFO -     int(1)
[2025-03-26T13:46:19.244+0000] {docker.py:69} INFO -     ["
[2025-03-26T13:46:19.245+0000] {docker.py:69} INFO - container"]=>
[2025-03-26T13:46:19.245+0000] {docker.py:69} INFO -     string(8) "php-app1"
[2025-03-26T13:46:19.245+0000] {docker.py:69} INFO -     ["timestamp"]=>
[2025-03-26T13:46:19.246+0000] {docker.py:69} INFO -     int(1742996305)
[2025-03-26T13:46:19.246+0000] {docker.py:69} INFO -   }
[2025-03-26T13:46:19.247+0000] {docker.py:69} INFO -   [12]=>
[2025-03-26T13:46:19.247+0000] {docker.py:69} INFO -   object(stdClass)#14 (3) {
[2025-03-26T13:46:19.247+0000] {docker.py:69} INFO -     ["contador"]=>
[2025-03-26T13:46:19.248+0000] {docker.py:69} INFO -     int(1)
[2025-03-26T13:46:19.248+0000] {docker.py:69} INFO -     ["container"]=>
[2025-03-26T13:46:19.249+0000] {docker.py:69} INFO -     string(8) "php-app1"
[2025-03-26T13:46:19.249+0000] {docker.py:69} INFO -     ["timestamp"]=>
[2025-03-26T13:46:19.250+0000] {docker.py:69} INFO -     int(1742996309)
[2025-03-26T13:46:19.250+0000] {docker.py:69} INFO -   }
[2025-03-26T13:46:19.250+0000] {docker.py:69} INFO -   [13]=>
[2025-03-26T13:46:19.251+0000] {docker.py:69} INFO -   object(stdClass)#15 (3) {
[2025-03-26T13:46:19.252+0000] {docker.py:69} INFO -     ["contador"]=>
[2025-03-26T13:46:19.252+0000] {docker.py:69} INFO -     int(1)
[2025-03-26T13:46:19.264+0000] {docker.py:69} INFO -     ["container"]=>
[2025-03-26T13:46:19.265+0000] {docker.py:69} INFO -     string(8) "php-app1"
[2025-03-26T13:46:19.265+0000] {docker.py:69} INFO -     ["timestamp"]=>
[2025-03-26T13:46:19.266+0000] {docker.py:69} INFO -     int(1742996309)
[2025-03-26T13:46:19.266+0000] {docker.py:69} INFO -   }
[2025-03-26T13:46:19.267+0000] {docker.py:69} INFO -   [14]=>
[2025-03-26T13:46:19.267+0000] {docker.py:69} INFO -   object(stdClass)#16 (3) {
[2025-03-26T13:46:19.268+0000] {docker.py:69} INFO -     ["contador"]=>
[2025-03-26T13:46:19.268+0000] {docker.py:69} INFO -     int(1)
[2025-03-26T13:46:19.268+0000] {docker.py:69} INFO -     ["container"]=>
[2025-03-26T13:46:19.269+0000] {docker.py:69} INFO -     string(8) "php-app2"
[2025-03-26T13:46:19.269+0000] {docker.py:69} INFO -     ["timestamp"]=>
[2025-03-26T13:46:19.270+0000] {docker.py:69} INFO -     int(1742996309)
[2025-03-26T13:46:19.270+0000] {docker.py:69} INFO -   }
[2025-03-26T13:46:19.271+0000] {docker.py:69} INFO -   [15]=>
[2025-03-26T13:46:19.271+0000] {docker.py:69} INFO -   object(stdClass)#17 (3) {
[2025-03-26T13:46:19.271+0000] {docker.py:69} INFO -     ["contador"]=>
[2025-03-26T13:46:19.272+0000] {docker.py:69} INFO -     int(1)
[2025-03-26T13:46:19.286+0000] {docker.py:69} INFO -     ["container"]=>
[2025-03-26T13:46:19.287+0000] {docker.py:69} INFO -     string(8) "php-app2"
[2025-03-26T13:46:19.288+0000] {docker.py:69} INFO -     ["timestamp"]=>
[2025-03-26T13:46:19.288+0000] {docker.py:69} INFO -     int(1742996309)
[2025-03-26T13:46:19.289+0000] {docker.py:69} INFO -   }
[2025-03-26T13:46:19.290+0000] {docker.py:69} INFO -   [16]=>
[2025-03-26T13:46:19.291+0000] {docker.py:69} INFO -   object(stdClass)#18 (3) {
[2025-03-26T13:46:19.291+0000] {docker.py:69} INFO -     ["contador"]=>
[2025-03-26T13:46:19.292+0000] {docker.py:69} INFO -     int(1)
[2025-03-26T13:46:19.293+0000] {docker.py:69} INFO -     ["container"]=>
[2025-03-26T13:46:19.293+0000] {docker.py:69} INFO -     string(8) "php-app1"
[2025-03-26T13:46:19.294+0000] {docker.py:69} INFO -     ["timestamp"]=>
[2025-03-26T13:46:19.294+0000] {docker.py:69} INFO -     int(1742996310)
[2025-03-26T13:46:19.295+0000] {docker.py:69} INFO -   }
[2025-03-26T13:46:19.296+0000] {docker.py:69} INFO -   [17]=>
[2025-03-26T13:46:19.296+0000] {docker.py:69} INFO -   object(stdClass)#19 (3) {
[2025-03-26T13:46:19.297+0000] {docker.py:69} INFO -     ["contador"]=>
[2025-03-26T13:46:19.297+0000] {docker.py:69} INFO -     int(1)
[2025-03-26T13:46:19.298+0000] {docker.py:69} INFO -     ["container"]=>
[2025-03-26T13:46:19.298+0000] {docker.py:69} INFO -     string(8) "php-app2"
[2025-03-26T13:46:19.299+0000] {docker.py:69} INFO -     ["timestamp"]=>
[2025-03-26T13:46:19.299+0000] {docker.py:69} INFO -     int(1742996310)
[2025-03-26T13:46:19.300+0000] {docker.py:69} INFO -   }
[2025-03-26T13:46:19.300+0000] {docker.py:69} INFO -   [18]=>
[2025-03-26T13:46:19.301+0000] {docker.py:69} INFO -   object(stdClass)#20 (3) {
[2025-03-26T13:46:19.301+0000] {docker.py:69} INFO -     ["contador"]=>
[2025-03-26T13:46:19.302+0000] {docker.py:69} INFO -     int(1)
[2025-03-26T13:46:19.302+0000] {docker.py:69} INFO -     ["container"]=>
[2025-03-26T13:46:19.306+0000] {docker.py:69} INFO -     string(8) "php-app2"
[2025-03-26T13:46:19.306+0000] {docker.py:69} INFO -     ["timestamp"]=>
[2025-03-26T13:46:19.307+0000] {docker.py:69} INFO -     int(1742996310)
[2025-03-26T13:46:19.311+0000] {docker.py:69} INFO -   }
[2025-03-26T13:46:19.312+0000] {docker.py:69} INFO -   [19]=>
[2025-03-26T13:46:19.313+0000] {docker.py:69} INFO -   object(stdClass)#21 (3) {
[2025-03-26T13:46:19.313+0000] {docker.py:69} INFO -     ["contador"]=>
[2025-03-26T13:46:19.314+0000] {docker.py:69} INFO -     int(1)
[2025-03-26T13:46:19.314+0000] {docker.py:69} INFO -     ["container"]=>
[2025-03-26T13:46:19.315+0000] {docker.py:69} INFO -     string(8) "php-app1"
[2025-03-26T13:46:19.316+0000] {docker.py:69} INFO -     ["timestamp"]=>
[2025-03-26T13:46:19.317+0000] {docker.py:69} INFO -     int(1742996311)
[2025-03-26T13:46:19.317+0000] {docker.py:69} INFO -   }
[2025-03-26T13:46:19.318+0000] {docker.py:69} INFO -   [20]=>
[2025-03-26T13:46:19.318+0000] {docker.py:69} INFO -   object(stdClass)#22 (3) {
[2025-03-26T13:46:19.319+0000] {docker.py:69} INFO -     ["contador"]=>
[2025-03-26T13:46:19.319+0000] {docker.py:69} INFO -     int(1)
[2025-03-26T13:46:19.320+0000] {docker.py:69} INFO -     ["container"]=>
[2025-03-26T13:46:19.321+0000] {docker.py:69} INFO -     string(8) "php-app1"
[2025-03-26T13:46:19.322+0000] {docker.py:69} INFO -     ["timestamp"]=>
[2025-03-26T13:46:19.347+0000] {docker.py:69} INFO -     int(1742996311)
[2025-03-26T13:46:19.348+0000] {docker.py:69} INFO -   }
[2025-03-26T13:46:19.348+0000] {docker.py:69} INFO -   [21]=>
[2025-03-26T13:46:19.348+0000] {docker.py:69} INFO -   object(stdClass)#23 (3) {
[2025-03-26T13:46:19.360+0000] {docker.py:69} INFO -     ["contador"]=>
[2025-03-26T13:46:19.361+0000] {docker.py:69} INFO -     int(1)
[2025-03-26T13:46:19.361+0000] {docker.py:69} INFO -     ["container"]=>
[2025-03-26T13:46:19.362+0000] {docker.py:69} INFO -     string(8) "php-app2"
[2025-03-26T13:46:19.373+0000] {docker.py:69} INFO -     ["timestamp"]=>
[2025-03-26T13:46:19.446+0000] {docker.py:69} INFO -     int(1742996312)
[2025-03-26T13:46:19.450+0000] {docker.py:69} INFO -   }
[2025-03-26T13:46:19.457+0000] {docker.py:69} INFO -   [22]=>
[2025-03-26T13:46:19.490+0000] {docker.py:69} INFO -   object(stdClass)#24 (3) {
[2025-03-26T13:46:19.491+0000] {docker.py:69} INFO -     ["contador"]=>
[2025-03-26T13:46:19.491+0000] {docker.py:69} INFO -     int(1)
[2025-03-26T13:46:19.491+0000] {docker.py:69} INFO -     ["container"]=>
[2025-03-26T13:46:19.492+0000] {docker.py:69} INFO -     string(8) "php-app1"
[2025-03-26T13:46:19.520+0000] {docker.py:69} INFO -     ["timestamp"]=>
[2025-03-26T13:46:19.522+0000] {docker.py:69} INFO -     int(1742996313)
[2025-03-26T13:46:19.526+0000] {docker.py:69} INFO -   }
[2025-03-26T13:46:19.528+0000] {docker.py:69} INFO -   [23]=>
[2025-03-26T13:46:19.529+0000] {docker.py:69} INFO -   object(stdClass)#25 (3) {
[2025-03-26T13:46:19.532+0000] {docker.py:69} INFO -     ["contador"]=>
[2025-03-26T13:46:19.533+0000] {docker.py:69} INFO -     int(1)
[2025-03-26T13:46:19.533+0000] {docker.py:69} INFO -     ["container"]=>
[2025-03-26T13:46:19.534+0000] {docker.py:69} INFO -     string(8) "php-app1"
[2025-03-26T13:46:19.535+0000] {docker.py:69} INFO -     ["timestamp"]=>
[2025-03-26T13:46:19.536+0000] {docker.py:69} INFO -     int(1742996751)
[2025-03-26T13:46:19.536+0000] {docker.py:69} INFO -   }
[2025-03-26T13:46:19.537+0000] {docker.py:69} INFO -   [24]=>
[2025-03-26T13:46:19.537+0000] {docker.py:69} INFO -   object(stdClass)#26 (3) {
[2025-03-26T13:46:19.538+0000] {docker.py:69} INFO -     ["contador"]=>
[2025-03-26T13:46:19.538+0000] {docker.py:69} INFO -     int(1)
[2025-03-26T13:46:19.538+0000] {docker.py:69} INFO -     ["container"]=>
[2025-03-26T13:46:19.539+0000] {docker.py:69} INFO -     string(8) "php-app2"
[2025-03-26T13:46:19.539+0000] {docker.py:69} INFO -     ["timestamp"]=>
[2025-03-26T13:46:19.539+0000] {docker.py:69} INFO -     int(1742996751)
[2025-03-26T13:46:19.540+0000] {docker.py:69} INFO -   }
[2025-03-26T13:46:19.540+0000] {docker.py:69} INFO -   [25]=>
[2025-03-26T13:46:19.540+0000] {docker.py:69} INFO -   object(stdClass)#27 (3) {
[2025-03-26T13:46:19.541+0000] {docker.py:69} INFO -     ["contador"]=>
[2025-03-26T13:46:19.541+0000] {docker.py:69} INFO -     int(1)
[2025-03-26T13:46:19.541+0000] {docker.py:69} INFO -     ["container"]=>
[2025-03-26T13:46:19.542+0000] {docker.py:69} INFO -     string(8) "php-app2"
[2025-03-26T13:46:19.542+0000] {docker.py:69} INFO -     ["timestamp"]=>
[2025-03-26T13:46:19.543+0000] {docker.py:69} INFO -     int(1742996756)
[2025-03-26T13:46:19.543+0000] {docker.py:69} INFO -   }
[2025-03-26T13:46:19.543+0000] {docker.py:69} INFO -   [26]=>
[2025-03-26T13:46:19.544+0000] {docker.py:69} INFO -   object(stdClass)#28 (3) {
[2025-03-26T13:46:19.544+0000] {docker.py:69} INFO -     ["contador"]=>
[2025-03-26T13:46:19.545+0000] {docker.py:69} INFO -     int(1)
[2025-03-26T13:46:19.545+0000] {docker.py:69} INFO -     ["container"]=>
[2025-03-26T13:46:19.545+0000] {docker.py:69} INFO -     string(8) "php-app1"
[2025-03-26T13:46:19.546+0000] {docker.py:69} INFO -     ["timestamp"]=>
[2025-03-26T13:46:19.556+0000] {docker.py:69} INFO -     int(1742996756)
[2025-03-26T13:46:19.557+0000] {docker.py:69} INFO -   }
[2025-03-26T13:46:19.558+0000] {docker.py:69} INFO -   [27]=>
[2025-03-26T13:46:19.560+0000] {docker.py:69} INFO -   object(stdClass)#29 (3) {
[2025-03-26T13:46:19.561+0000] {docker.py:69} INFO -     ["contador"]=>
[2025-03-26T13:46:19.563+0000] {docker.py:69} INFO -     int(1)
[2025-03-26T13:46:19.568+0000] {docker.py:69} INFO -     ["container"]=>
[2025-03-26T13:46:19.571+0000] {docker.py:69} INFO -     string(8) "php-app1"
[2025-03-26T13:46:19.572+0000] {docker.py:69} INFO -     ["timestamp"]=>
[2025-03-26T13:46:19.573+0000] {docker.py:69} INFO -     int(1742996757)
[2025-03-26T13:46:19.575+0000] {docker.py:69} INFO -   }
[2025-03-26T13:46:19.576+0000] {docker.py:69} INFO -   [28]=>
[2025-03-26T13:46:19.578+0000] {docker.py:69} INFO -   object(stdClass)#30 (3) {
[2025-03-26T13:46:19.579+0000] {docker.py:69} INFO -     ["contador"]=>
[2025-03-26T13:46:19.583+0000] {docker.py:69} INFO -     int(1)
[2025-03-26T13:46:19.586+0000] {docker.py:69} INFO -     ["container"]=>
[2025-03-26T13:46:19.590+0000] {docker.py:69} INFO -     string(8) "php-app2"
[2025-03-26T13:46:19.591+0000] {docker.py:69} INFO -     ["timestamp"]=>
[2025-03-26T13:46:19.594+0000] {docker.py:69} INFO -     int(1742996757)
[2025-03-26T13:46:19.595+0000] {docker.py:69} INFO -   }
[2025-03-26T13:46:19.600+0000] {docker.py:69} INFO -   [29]=>
[2025-03-26T13:46:19.603+0000] {docker.py:69} INFO -   object(stdClass)#31 (3) {
[2025-03-26T13:46:19.606+0000] {docker.py:69} INFO -     ["contador"]=>
[2025-03-26T13:46:19.607+0000] {docker.py:69} INFO -     int(1)
[2025-03-26T13:46:19.608+0000] {docker.py:69} INFO -     ["container"]=>
[2025-03-26T13:46:19.609+0000] {docker.py:69} INFO -     string(8) "php-app2"
[2025-03-26T13:46:19.611+0000] {docker.py:69} INFO -     ["timestamp"]=>
[2025-03-26T13:46:19.612+0000] {docker.py:69} INFO -     int(1742996758)
[2025-03-26T13:46:19.619+0000] {docker.py:69} INFO -   }
[2025-03-26T13:46:19.664+0000] {docker.py:69} INFO -   [30]=>
[2025-03-26T13:46:19.669+0000] {docker.py:69} INFO -   object(stdClass)#32 (3) {
[2025-03-26T13:46:19.671+0000] {docker.py:69} INFO -     ["contador"]=>
[2025-03-26T13:46:19.675+0000] {docker.py:69} INFO -     int(1)
[2025-03-26T13:46:19.680+0000] {docker.py:69} INFO -     ["container"]=>
[2025-03-26T13:46:19.682+0000] {docker.py:69} INFO -     string(8) "php-app1"
[2025-03-26T13:46:19.683+0000] {docker.py:69} INFO -     ["timestamp"]=>
[2025-03-26T13:46:19.688+0000] {docker.py:69} INFO -     int(1742996760)
[2025-03-26T13:46:19.688+0000] {docker.py:69} INFO -   }
[2025-03-26T13:46:19.689+0000] {docker.py:69} INFO -   [31]=>
[2025-03-26T13:46:19.706+0000] {docker.py:69} INFO -   object(stdClass)#33 (3) {
[2025-03-26T13:46:19.707+0000] {docker.py:69} INFO -     ["contador"]=>
[2025-03-26T13:46:19.727+0000] {docker.py:69} INFO -     int(1)
[2025-03-26T13:46:19.727+0000] {docker.py:69} INFO -     ["container"]=>
[2025-03-26T13:46:19.728+0000] {docker.py:69} INFO -     string(8) "php-app2"
[2025-03-26T13:46:19.728+0000] {docker.py:69} INFO -     ["timestamp"]=>
[2025-03-26T13:46:19.729+0000] {docker.py:69} INFO -     int(1742996760)
[2025-03-26T13:46:19.729+0000] {docker.py:69} INFO -   }
[2025-03-26T13:46:19.730+0000] {docker.py:69} INFO -   [32]=>
[2025-03-26T13:46:19.731+0000] {docker.py:69} INFO -   object(stdClass)#34 (3) {
[2025-03-26T13:46:19.732+0000] {docker.py:69} INFO -     ["contador"]=>
[2025-03-26T13:46:19.732+0000] {docker.py:69} INFO -     int(1)
[2025-03-26T13:46:19.733+0000] {docker.py:69} INFO -     ["container"]=>
[2025-03-26T13:46:19.733+0000] {docker.py:69} INFO -     string(8) "php-app2"
[2025-03-26T13:46:19.734+0000] {docker.py:69} INFO -     ["timestamp"]=>
[2025-03-26T13:46:19.734+0000] {docker.py:69} INFO -     int(1742996761)
[2025-03-26T13:46:19.735+0000] {docker.py:69} INFO -   }
[2025-03-26T13:46:19.735+0000] {docker.py:69} INFO -   [33]=>
[2025-03-26T13:46:19.735+0000] {docker.py:69} INFO -   object(stdClass)#35 (3) {
[2025-03-26T13:46:19.736+0000] {docker.py:69} INFO -     ["contador"]=>
[2025-03-26T13:46:19.736+0000] {docker.py:69} INFO -     int(1)
[2025-03-26T13:46:19.737+0000] {docker.py:69} INFO -     ["container"]=>
[2025-03-26T13:46:19.737+0000] {docker.py:69} INFO -     string(8) "php-app1"
[2025-03-26T13:46:19.738+0000] {docker.py:69} INFO -     ["timestamp"]=>
[2025-03-26T13:46:19.738+0000] {docker.py:69} INFO -     int(1742996762)
[2025-03-26T13:46:19.738+0000] {docker.py:69} INFO -   }
[2025-03-26T13:46:19.739+0000] {docker.py:69} INFO -   [34]=>
[2025-03-26T13:46:19.739+0000] {docker.py:69} INFO -   object(stdClass)#36 (3) {
[2025-03-26T13:46:19.740+0000] {docker.py:69} INFO -     ["contador"]=>
[2025-03-26T13:46:19.740+0000] {docker.py:69} INFO -     int(1)
[2025-03-26T13:46:19.740+0000] {docker.py:69} INFO -     ["container"]=>
[2025-03-26T13:46:19.741+0000] {docker.py:69} INFO -     string(8) "php-app2"
[2025-03-26T13:46:19.741+0000] {docker.py:69} INFO -     ["timestamp"]=>
[2025-03-26T13:46:19.742+0000] {docker.py:69} INFO -     int(1742996762)
[2025-03-26T13:46:19.742+0000] {docker.py:69} INFO -   }
[2025-03-26T13:46:19.742+0000] {docker.py:69} INFO -   [35]=>
[2025-03-26T13:46:19.743+0000] {docker.py:69} INFO -   object(stdClass)#37 (3) {
[2025-03-26T13:46:19.743+0000] {docker.py:69} INFO -     ["contador"]=>
[2025-03-26T13:46:19.744+0000] {docker.py:69} INFO -     int(1)
[2025-03-26T13:46:19.744+0000] {docker.py:69} INFO -     ["container"]=>
[2025-03-26T13:46:19.744+0000] {docker.py:69} INFO -     string(8) "php-app1"
[2025-03-26T13:46:19.745+0000] {docker.py:69} INFO -     ["timestamp"]=>
[2025-03-26T13:46:19.745+0000] {docker.py:69} INFO -     int(1742996763)
[2025-03-26T13:46:19.746+0000] {docker.py:69} INFO -   }
[2025-03-26T13:46:19.746+0000] {docker.py:69} INFO -   [36]=>
[2025-03-26T13:46:19.747+0000] {docker.py:69} INFO -   object(stdClass)#38 (3) {
[2025-03-26T13:46:19.747+0000] {docker.py:69} INFO -     ["contador"]=>
[2025-03-26T13:46:19.747+0000] {docker.py:69} INFO -     int(1)
[2025-03-26T13:46:19.748+0000] {docker.py:69} INFO -     ["container"]=>
[2025-03-26T13:46:19.749+0000] {docker.py:69} INFO -     string(8) "php-app1"
[2025-03-26T13:46:19.750+0000] {docker.py:69} INFO -     ["timestamp"]=>
[2025-03-26T13:46:19.750+0000] {docker.py:69} INFO -     int(1742996763)
[2025-03-26T13:46:19.751+0000] {docker.py:69} INFO -   }
[2025-03-26T13:46:19.751+0000] {docker.py:69} INFO -   [37]=>
[2025-03-26T13:46:19.752+0000] {docker.py:69} INFO -   object(stdClass)#39 (3) {
[2025-03-26T13:46:19.756+0000] {docker.py:69} INFO -     ["contador"]=>
[2025-03-26T13:46:19.756+0000] {docker.py:69} INFO -     int(1)
[2025-03-26T13:46:19.757+0000] {docker.py:69} INFO -     ["container"]=>
[2025-03-26T13:46:19.757+0000] {docker.py:69} INFO -     string(8) "php-app2"
[2025-03-26T13:46:19.757+0000] {docker.py:69} INFO -     ["timestamp"]=>
[2025-03-26T13:46:19.758+0000] {docker.py:69} INFO -     int(1742996771)
[2025-03-26T13:46:19.758+0000] {docker.py:69} INFO -   }
[2025-03-26T13:46:19.759+0000] {docker.py:69} INFO -   [38]=>
[2025-03-26T13:46:19.759+0000] {docker.py:69} INFO -   object(stdClass)#40 (3) {
[2025-03-26T13:46:19.760+0000] {docker.py:69} INFO -     ["contador"]=>
[2025-03-26T13:46:19.760+0000] {docker.py:69} INFO -     int(1)
[2025-03-26T13:46:19.761+0000] {docker.py:69} INFO -     ["container"]=>
[2025-03-26T13:46:19.761+0000] {docker.py:69} INFO -     string(8) "php-app2"
[2025-03-26T13:46:19.762+0000] {docker.py:69} INFO -     ["timestamp"]=>
[2025-03-26T13:46:19.762+0000] {docker.py:69} INFO -     int(1742996773)
[2025-03-26T13:46:19.763+0000] {docker.py:69} INFO -   }
[2025-03-26T13:46:19.763+0000] {docker.py:69} INFO -   [39]=>
[2025-03-26T13:46:19.764+0000] {docker.py:69} INFO -   object(stdClass)#41 (3) {
[2025-03-26T13:46:19.764+0000] {docker.py:69} INFO -     ["contador"]=>
[2025-03-26T13:46:19.765+0000] {docker.py:69} INFO -     int(1)
[2025-03-26T13:46:19.767+0000] {docker.py:69} INFO -     ["container"]=>
[2025-03-26T13:46:19.768+0000] {docker.py:69} INFO -     string(8) "php-app1"
[2025-03-26T13:46:19.769+0000] {docker.py:69} INFO -     ["timestamp"]=>
[2025-03-26T13:46:19.769+0000] {docker.py:69} INFO -     int(1742996773)
[2025-03-26T13:46:19.770+0000] {docker.py:69} INFO -   }
[2025-03-26T13:46:19.770+0000] {docker.py:69} INFO -   [40]=>
[2025-03-26T13:46:19.771+0000] {docker.py:69} INFO -   object(stdClass)#42 (3) {
[2025-03-26T13:46:19.771+0000] {docker.py:69} INFO -     ["contador"]=>
[2025-03-26T13:46:19.772+0000] {docker.py:69} INFO -     int(1)
[2025-03-26T13:46:19.772+0000] {docker.py:69} INFO -     ["container"]=>
[2025-03-26T13:46:19.773+0000] {docker.py:69} INFO -     string(8) "php-app1"
[2025-03-26T13:46:19.773+0000] {docker.py:69} INFO -     ["timestamp"]=>
[2025-03-26T13:46:19.774+0000] {docker.py:69} INFO -     int(1742996775)
[2025-03-26T13:46:19.774+0000] {docker.py:69} INFO -   }
[2025-03-26T13:46:19.775+0000] {docker.py:69} INFO -   [41]=>
[2025-03-26T13:46:19.778+0000] {docker.py:69} INFO -   object(stdClass)#43 (3) {
[2025-03-26T13:46:19.780+0000] {docker.py:69} INFO -     ["contador"]=>
[2025-03-26T13:46:19.780+0000] {docker.py:69} INFO -     int(1)
[2025-03-26T13:46:19.781+0000] {docker.py:69} INFO -     ["container"]=>
[2025-03-26T13:46:19.781+0000] {docker.py:69} INFO -     string(8) "php-app2"
[2025-03-26T13:46:19.782+0000] {docker.py:69} INFO -     ["timestamp"]=>
[2025-03-26T13:46:19.782+0000] {docker.py:69} INFO -     int(1742996775)
[2025-03-26T13:46:19.783+0000] {docker.py:69} INFO -   }
[2025-03-26T13:46:19.783+0000] {docker.py:69} INFO -   [42]=>
[2025-03-26T13:46:19.784+0000] {docker.py:69} INFO -   object(stdClass)#44 (3) {
[2025-03-26T13:46:19.784+0000] {docker.py:69} INFO -     ["contador"]=>
[2025-03-26T13:46:19.785+0000] {docker.py:69} INFO -     int(1)
[2025-03-26T13:46:19.785+0000] {docker.py:69} INFO -     ["container"]=>
[2025-03-26T13:46:19.786+0000] {docker.py:69} INFO -     string(8) "
[2025-03-26T13:46:19.786+0000] {docker.py:69} INFO - php-app2"
[2025-03-26T13:46:19.787+0000] {docker.py:69} INFO -     ["timestamp"]=>
[2025-03-26T13:46:19.787+0000] {docker.py:69} INFO -     int(1742996775)
[2025-03-26T13:46:19.788+0000] {docker.py:69} INFO -   }
[2025-03-26T13:46:19.791+0000] {docker.py:69} INFO -   [43]=>
[2025-03-26T13:46:19.820+0000] {docker.py:69} INFO -   object(stdClass)#45 (3) {
[2025-03-26T13:46:19.821+0000] {docker.py:69} INFO -     ["contador"
[2025-03-26T13:46:19.821+0000] {docker.py:69} INFO - ]=>
[2025-03-26T13:46:19.822+0000] {docker.py:69} INFO -     int(1)
[2025-03-26T13:46:19.822+0000] {docker.py:69} INFO -     ["container"]=>
[2025-03-26T13:46:19.823+0000] {docker.py:69} INFO -     string(8) "php-app1"
[2025-03-26T13:46:19.824+0000] {docker.py:69} INFO -     ["timestamp"]=>
[2025-03-26T13:46:19.824+0000] {docker.py:69} INFO -     int(1742996777)
[2025-03-26T13:46:19.826+0000] {docker.py:69} INFO -   }
[2025-03-26T13:46:19.828+0000] {docker.py:69} INFO -   [44]=>
[2025-03-26T13:46:19.829+0000] {docker.py:69} INFO -   array(3) {
[2025-03-26T13:46:19.829+0000] {docker.py:69} INFO -     ["contador"]=>
[2025-03-26T13:46:19.830+0000] {docker.py:69} INFO -     int(1)
[2025-03-26T13:46:19.830+0000] {docker.py:69} INFO -     ["container"]=>
[2025-03-26T13:46:19.831+0000] {docker.py:69} INFO -     string(8) "php-app1"
[2025-03-26T13:46:19.831+0000] {docker.py:69} INFO -     ["timestamp"]=>
[2025-03-26T13:46:19.832+0000] {docker.py:69} INFO -     int(1742996779)
[2025-03-26T13:46:19.832+0000] {docker.py:69} INFO -   }
[2025-03-26T13:46:19.832+0000] {docker.py:69} INFO - }
[2025-03-26T13:46:22.056+0000] {taskinstance.py:341} INFO - ::group::Post task execution logs
[2025-03-26T13:46:22.057+0000] {taskinstance.py:353} INFO - Marking task as SUCCESS. dag_id=containers1_dag, task_id=php_app1, run_id=scheduled__2025-03-25T00:45:00+00:00, execution_date=20250325T004500, start_date=20250326T134608, end_date=20250326T134622
[2025-03-26T13:46:23.406+0000] {local_task_job_runner.py:266} INFO - Task exited with return code 0
[2025-03-26T13:46:23.693+0000] {taskinstance.py:3901} INFO - 0 downstream tasks scheduled from follow-on schedule check
[2025-03-26T13:46:23.813+0000] {local_task_job_runner.py:245} INFO - ::endgroup::
[2025-03-26T13:46:24.054+0000] {standard_task_runner.py:217} INFO - Process not found (most likely exited), stop collecting metrics
