[2025-03-26T13:46:07.117+0000] {local_task_job_runner.py:123} INFO - ::group::Pre task execution logs
[2025-03-26T13:46:07.209+0000] {taskinstance.py:2614} INFO - Dependencies all met for dep_context=non-requeueable deps ti=<TaskInstance: containers1_dag.php_app1 scheduled__2025-03-25T00:35:00+00:00 [queued]>
[2025-03-26T13:46:07.249+0000] {taskinstance.py:2614} INFO - Dependencies all met for dep_context=requeueable deps ti=<TaskInstance: containers1_dag.php_app1 scheduled__2025-03-25T00:35:00+00:00 [queued]>
[2025-03-26T13:46:07.250+0000] {taskinstance.py:2867} INFO - Starting attempt 1 of 6
[2025-03-26T13:46:07.334+0000] {taskinstance.py:2890} INFO - Executing <Task(DockerOperator): php_app1> on 2025-03-25 00:35:00+00:00
[2025-03-26T13:46:07.362+0000] {logging_mixin.py:190} WARNING - /home/***/.local/lib/python3.12/site-packages/***/task/task_runner/standard_task_runner.py:70 DeprecationWarning: This process (pid=608) is multi-threaded, use of fork() may lead to deadlocks in the child.
[2025-03-26T13:46:07.364+0000] {standard_task_runner.py:72} INFO - Started process 618 to run task
[2025-03-26T13:46:07.377+0000] {standard_task_runner.py:104} INFO - Running: ['***', 'tasks', 'run', 'containers1_dag', 'php_app1', 'scheduled__2025-03-25T00:35:00+00:00', '--job-id', '37', '--raw', '--subdir', 'DAGS_FOLDER/containers1_dag.py', '--cfg-path', '/tmp/tmph5zcwymu']
[2025-03-26T13:46:07.387+0000] {standard_task_runner.py:105} INFO - Job 37: Subtask php_app1
[2025-03-26T13:46:07.660+0000] {task_command.py:467} INFO - Running <TaskInstance: containers1_dag.php_app1 scheduled__2025-03-25T00:35:00+00:00 [running]> on host 3d581a580455
[2025-03-26T13:46:08.609+0000] {taskinstance.py:3134} INFO - Exporting env vars: AIRFLOW_CTX_DAG_OWNER='andre' AIRFLOW_CTX_DAG_ID='containers1_dag' AIRFLOW_CTX_TASK_ID='php_app1' AIRFLOW_CTX_EXECUTION_DATE='2025-03-25T00:35:00+00:00' AIRFLOW_CTX_TRY_NUMBER='1' AIRFLOW_CTX_DAG_RUN_ID='scheduled__2025-03-25T00:35:00+00:00'
[2025-03-26T13:46:08.612+0000] {taskinstance.py:732} INFO - ::endgroup::
[2025-03-26T13:46:09.089+0000] {docker.py:345} INFO - Starting docker container from image php-app1
[2025-03-26T13:46:09.139+0000] {docker.py:353} WARNING - Using remote engine or docker-in-docker and mounting temporary volume from host is not supported. Falling back to `mount_tmp_dir=False` mode. You can set `mount_tmp_dir` parameter to False to disable mounting and remove the warning
[2025-03-26T13:46:13.739+0000] {docker.py:69} INFO - array(40) {
[2025-03-26T13:46:13.773+0000] {docker.py:69} INFO -   [0]=>
[2025-03-26T13:46:13.790+0000] {docker.py:69} INFO - 
[2025-03-26T13:46:13.791+0000] {docker.py:69} INFO - object(stdClass)#2 (3) {
[2025-03-26T13:46:13.793+0000] {docker.py:69} INFO -     [
[2025-03-26T13:46:13.795+0000] {docker.py:69} INFO - "
[2025-03-26T13:46:13.829+0000] {docker.py:69} INFO - contador
[2025-03-26T13:46:13.829+0000] {docker.py:69} INFO - "
[2025-03-26T13:46:13.830+0000] {docker.py:69} INFO - ]=>
[2025-03-26T13:46:13.830+0000] {docker.py:69} INFO - 
[2025-03-26T13:46:13.831+0000] {docker.py:69} INFO - int(0)
[2025-03-26T13:46:13.856+0000] {docker.py:69} INFO -     [
[2025-03-26T13:46:13.857+0000] {docker.py:69} INFO - "
[2025-03-26T13:46:13.878+0000] {docker.py:69} INFO - container
[2025-03-26T13:46:13.879+0000] {docker.py:69} INFO - "
[2025-03-26T13:46:13.888+0000] {docker.py:69} INFO - ]=>
[2025-03-26T13:46:13.889+0000] {docker.py:69} INFO - 
[2025-03-26T13:46:13.889+0000] {docker.py:69} INFO - string(8) "
[2025-03-26T13:46:13.890+0000] {docker.py:69} INFO - php-app1
[2025-03-26T13:46:13.891+0000] {docker.py:69} INFO - "
[2025-03-26T13:46:13.909+0000] {docker.py:69} INFO -     [
[2025-03-26T13:46:13.910+0000] {docker.py:69} INFO - "
[2025-03-26T13:46:13.911+0000] {docker.py:69} INFO - timestamp
[2025-03-26T13:46:13.911+0000] {docker.py:69} INFO - "
[2025-03-26T13:46:13.955+0000] {docker.py:69} INFO - ]=>
[2025-03-26T13:46:13.956+0000] {docker.py:69} INFO - 
[2025-03-26T13:46:13.957+0000] {docker.py:69} INFO - int(1742852307)
[2025-03-26T13:46:13.973+0000] {docker.py:69} INFO - 
[2025-03-26T13:46:13.986+0000] {docker.py:69} INFO - }
[2025-03-26T13:46:13.986+0000] {docker.py:69} INFO -   [1]=>
[2025-03-26T13:46:13.993+0000] {docker.py:69} INFO -   object(stdClass)#3 (3) {
[2025-03-26T13:46:13.994+0000] {docker.py:69} INFO -     ["contador"]=>
[2025-03-26T13:46:14.039+0000] {docker.py:69} INFO -     int(1)
[2025-03-26T13:46:14.042+0000] {docker.py:69} INFO -     ["container"]=>
[2025-03-26T13:46:14.043+0000] {docker.py:69} INFO -     string(8) "php-app2"
[2025-03-26T13:46:14.089+0000] {docker.py:69} INFO -     ["
[2025-03-26T13:46:14.193+0000] {docker.py:69} INFO - timestamp
[2025-03-26T13:46:14.212+0000] {docker.py:69} INFO - "
[2025-03-26T13:46:14.315+0000] {docker.py:69} INFO - ]=>
[2025-03-26T13:46:14.316+0000] {docker.py:69} INFO - 
[2025-03-26T13:46:14.389+0000] {docker.py:69} INFO - int(1742852309)
[2025-03-26T13:46:14.420+0000] {docker.py:69} INFO - 
[2025-03-26T13:46:14.421+0000] {docker.py:69} INFO - }
[2025-03-26T13:46:14.448+0000] {docker.py:69} INFO -   [2]=>
[2025-03-26T13:46:14.448+0000] {docker.py:69} INFO - 
[2025-03-26T13:46:14.458+0000] {docker.py:69} INFO - object(stdClass)#4 (3) {
[2025-03-26T13:46:14.459+0000] {docker.py:69} INFO -     [
[2025-03-26T13:46:14.466+0000] {docker.py:69} INFO - "
[2025-03-26T13:46:14.466+0000] {docker.py:69} INFO - contador
[2025-03-26T13:46:14.467+0000] {docker.py:69} INFO - "
[2025-03-26T13:46:14.470+0000] {docker.py:69} INFO - ]=>
[2025-03-26T13:46:14.471+0000] {docker.py:69} INFO - 
[2025-03-26T13:46:14.472+0000] {docker.py:69} INFO - int(1)
[2025-03-26T13:46:14.477+0000] {docker.py:69} INFO -     [
[2025-03-26T13:46:14.477+0000] {docker.py:69} INFO - "
[2025-03-26T13:46:14.478+0000] {docker.py:69} INFO - container
[2025-03-26T13:46:14.478+0000] {docker.py:69} INFO - "
[2025-03-26T13:46:14.485+0000] {docker.py:69} INFO - ]=>
[2025-03-26T13:46:14.486+0000] {docker.py:69} INFO - 
[2025-03-26T13:46:14.486+0000] {docker.py:69} INFO - string(8) "php-app1"
[2025-03-26T13:46:14.487+0000] {docker.py:69} INFO -     ["timestamp"]=>
[2025-03-26T13:46:14.487+0000] {docker.py:69} INFO -     int(1742852311)
[2025-03-26T13:46:14.488+0000] {docker.py:69} INFO -   }
[2025-03-26T13:46:14.495+0000] {docker.py:69} INFO -   [3]=>
[2025-03-26T13:46:14.495+0000] {docker.py:69} INFO -   object(stdClass)#5 (3) {
[2025-03-26T13:46:14.496+0000] {docker.py:69} INFO -     ["contador"]=>
[2025-03-26T13:46:14.497+0000] {docker.py:69} INFO -     int(1)
[2025-03-26T13:46:14.497+0000] {docker.py:69} INFO -     ["container"]=>
[2025-03-26T13:46:14.497+0000] {docker.py:69} INFO -     string(8) "php-app2"
[2025-03-26T13:46:14.498+0000] {docker.py:69} INFO -     ["timestamp"]=>
[2025-03-26T13:46:14.502+0000] {docker.py:69} INFO -     int(1742852314)
[2025-03-26T13:46:14.503+0000] {docker.py:69} INFO -   }
[2025-03-26T13:46:14.504+0000] {docker.py:69} INFO -   [4]=>
[2025-03-26T13:46:14.504+0000] {docker.py:69} INFO -   object(stdClass)#6 (3) {
[2025-03-26T13:46:14.505+0000] {docker.py:69} INFO -     ["contador"]=>
[2025-03-26T13:46:14.508+0000] {docker.py:69} INFO -     int(1)
[2025-03-26T13:46:14.509+0000] {docker.py:69} INFO -     ["container"]=>
[2025-03-26T13:46:14.509+0000] {docker.py:69} INFO -     string(8) "php-app2"
[2025-03-26T13:46:14.509+0000] {docker.py:69} INFO -     ["timestamp"]=>
[2025-03-26T13:46:14.510+0000] {docker.py:69} INFO -     int(1742996301)
[2025-03-26T13:46:14.510+0000] {docker.py:69} INFO -   }
[2025-03-26T13:46:14.511+0000] {docker.py:69} INFO -   [5]=>
[2025-03-26T13:46:14.514+0000] {docker.py:69} INFO -   object(stdClass)#7 (3) {
[2025-03-26T13:46:14.515+0000] {docker.py:69} INFO -     ["contador"]=>
[2025-03-26T13:46:14.515+0000] {docker.py:69} INFO -     int(1)
[2025-03-26T13:46:14.515+0000] {docker.py:69} INFO -     ["container"]=>
[2025-03-26T13:46:14.516+0000] {docker.py:69} INFO -     string(8) "php-app1"
[2025-03-26T13:46:14.516+0000] {docker.py:69} INFO -     ["timestamp"]=>
[2025-03-26T13:46:14.517+0000] {docker.py:69} INFO -     int(1742996302)
[2025-03-26T13:46:14.517+0000] {docker.py:69} INFO -   }
[2025-03-26T13:46:14.517+0000] {docker.py:69} INFO -   [6]=>
[2025-03-26T13:46:14.518+0000] {docker.py:69} INFO -   object(stdClass)#8 (3) {
[2025-03-26T13:46:14.518+0000] {docker.py:69} INFO -     ["contador"]=>
[2025-03-26T13:46:14.519+0000] {docker.py:69} INFO -     int(1)
[2025-03-26T13:46:14.519+0000] {docker.py:69} INFO -     ["container"]=>
[2025-03-26T13:46:14.520+0000] {docker.py:69} INFO -     string(8) "php-app1"
[2025-03-26T13:46:14.520+0000] {docker.py:69} INFO -     ["timestamp"]=>
[2025-03-26T13:46:14.520+0000] {docker.py:69} INFO -     int(1742996302)
[2025-03-26T13:46:14.521+0000] {docker.py:69} INFO -   }
[2025-03-26T13:46:14.521+0000] {docker.py:69} INFO -   [7]=>
[2025-03-26T13:46:14.522+0000] {docker.py:69} INFO -   object(stdClass)#9 (3) {
[2025-03-26T13:46:14.522+0000] {docker.py:69} INFO -     ["contador"]=>
[2025-03-26T13:46:14.522+0000] {docker.py:69} INFO -     int(1)
[2025-03-26T13:46:14.523+0000] {docker.py:69} INFO -     ["container"]=>
[2025-03-26T13:46:14.523+0000] {docker.py:69} INFO -     string(8) "php-app2"
[2025-03-26T13:46:14.524+0000] {docker.py:69} INFO -     ["timestamp"]=>
[2025-03-26T13:46:14.524+0000] {docker.py:69} INFO -     int(1742996303)
[2025-03-26T13:46:14.524+0000] {docker.py:69} INFO -   }
[2025-03-26T13:46:14.525+0000] {docker.py:69} INFO -   [8]=>
[2025-03-26T13:46:14.525+0000] {docker.py:69} INFO -   object(stdClass)#10 (3) {
[2025-03-26T13:46:14.526+0000] {docker.py:69} INFO -     ["contador"]=>
[2025-03-26T13:46:14.526+0000] {docker.py:69} INFO -     int(1)
[2025-03-26T13:46:14.526+0000] {docker.py:69} INFO -     ["container"]=>
[2025-03-26T13:46:14.527+0000] {docker.py:69} INFO -     string(8) "php-app1"
[2025-03-26T13:46:14.527+0000] {docker.py:69} INFO -     ["timestamp"]=>
[2025-03-26T13:46:14.528+0000] {docker.py:69} INFO -     int(1742996304)
[2025-03-26T13:46:14.528+0000] {docker.py:69} INFO -   }
[2025-03-26T13:46:14.528+0000] {docker.py:69} INFO -   [9]=>
[2025-03-26T13:46:14.529+0000] {docker.py:69} INFO -   object(stdClass)#11 (3) {
[2025-03-26T13:46:14.529+0000] {docker.py:69} INFO -     ["contador"]=>
[2025-03-26T13:46:14.529+0000] {docker.py:69} INFO -     int(1)
[2025-03-26T13:46:14.530+0000] {docker.py:69} INFO -     ["container"]=>
[2025-03-26T13:46:14.530+0000] {docker.py:69} INFO -     string(8) "php-app2"
[2025-03-26T13:46:14.534+0000] {docker.py:69} INFO -     ["timestamp"]=>
[2025-03-26T13:46:14.534+0000] {docker.py:69} INFO -     int(1742996305)
[2025-03-26T13:46:14.535+0000] {docker.py:69} INFO -   }
[2025-03-26T13:46:14.535+0000] {docker.py:69} INFO -   [10]=>
[2025-03-26T13:46:14.536+0000] {docker.py:69} INFO -   object(stdClass)#12 (3) {
[2025-03-26T13:46:14.538+0000] {docker.py:69} INFO -     ["contador"]=>
[2025-03-26T13:46:14.539+0000] {docker.py:69} INFO -     int(1)
[2025-03-26T13:46:14.540+0000] {docker.py:69} INFO -     ["container"]=>
[2025-03-26T13:46:14.540+0000] {docker.py:69} INFO -     string(8) "php-app2"
[2025-03-26T13:46:14.541+0000] {docker.py:69} INFO -     ["timestamp"]=>
[2025-03-26T13:46:14.541+0000] {docker.py:69} INFO -     int(1742996305)
[2025-03-26T13:46:14.541+0000] {docker.py:69} INFO -   }
[2025-03-26T13:46:14.542+0000] {docker.py:69} INFO -   [11]=>
[2025-03-26T13:46:14.542+0000] {docker.py:69} INFO -   object(stdClass)#13 (3) {
[2025-03-26T13:46:14.543+0000] {docker.py:69} INFO -     ["contador"]=>
[2025-03-26T13:46:14.543+0000] {docker.py:69} INFO -     int(1)
[2025-03-26T13:46:14.544+0000] {docker.py:69} INFO -     ["container"]=>
[2025-03-26T13:46:14.544+0000] {docker.py:69} INFO -     string(8) "php-app1"
[2025-03-26T13:46:14.544+0000] {docker.py:69} INFO -     ["timestamp"]=>
[2025-03-26T13:46:14.545+0000] {docker.py:69} INFO -     int(1742996305)
[2025-03-26T13:46:14.545+0000] {docker.py:69} INFO -   }
[2025-03-26T13:46:14.545+0000] {docker.py:69} INFO -   [12]=>
[2025-03-26T13:46:14.546+0000] {docker.py:69} INFO -   object(stdClass)#14 (3) {
[2025-03-26T13:46:14.546+0000] {docker.py:69} INFO -     ["contador"]=>
[2025-03-26T13:46:14.546+0000] {docker.py:69} INFO -     int(1)
[2025-03-26T13:46:14.547+0000] {docker.py:69} INFO -     ["container"]=>
[2025-03-26T13:46:14.547+0000] {docker.py:69} INFO -     string(8) "php-app1"
[2025-03-26T13:46:14.547+0000] {docker.py:69} INFO -     ["timestamp"]=>
[2025-03-26T13:46:14.548+0000] {docker.py:69} INFO -     int(1742996309)
[2025-03-26T13:46:14.553+0000] {docker.py:69} INFO -   }
[2025-03-26T13:46:14.554+0000] {docker.py:69} INFO -   [13]=>
[2025-03-26T13:46:14.554+0000] {docker.py:69} INFO -   object(stdClass)#15 (3) {
[2025-03-26T13:46:14.554+0000] {docker.py:69} INFO -     ["contador"]=>
[2025-03-26T13:46:14.555+0000] {docker.py:69} INFO -     int(1)
[2025-03-26T13:46:14.555+0000] {docker.py:69} INFO -     ["container"]=>
[2025-03-26T13:46:14.556+0000] {docker.py:69} INFO -     string(8) "php-app1"
[2025-03-26T13:46:14.556+0000] {docker.py:69} INFO -     ["timestamp"]=>
[2025-03-26T13:46:14.556+0000] {docker.py:69} INFO -     int(1742996309)
[2025-03-26T13:46:14.557+0000] {docker.py:69} INFO -   }
[2025-03-26T13:46:14.557+0000] {docker.py:69} INFO -   [14]=>
[2025-03-26T13:46:14.557+0000] {docker.py:69} INFO -   object(stdClass)#16 (3) {
[2025-03-26T13:46:14.557+0000] {docker.py:69} INFO -     ["contador"]=>
[2025-03-26T13:46:14.558+0000] {docker.py:69} INFO -     int(1)
[2025-03-26T13:46:14.558+0000] {docker.py:69} INFO -     ["container"]=>
[2025-03-26T13:46:14.558+0000] {docker.py:69} INFO -     string(8) "php-app2"
[2025-03-26T13:46:14.559+0000] {docker.py:69} INFO -     ["timestamp"]=>
[2025-03-26T13:46:14.559+0000] {docker.py:69} INFO -     int(1742996309)
[2025-03-26T13:46:14.559+0000] {docker.py:69} INFO -   }
[2025-03-26T13:46:14.560+0000] {docker.py:69} INFO -   [15]=>
[2025-03-26T13:46:14.560+0000] {docker.py:69} INFO -   object(stdClass)#17 (3) {
[2025-03-26T13:46:14.560+0000] {docker.py:69} INFO -     ["contador"]=>
[2025-03-26T13:46:14.561+0000] {docker.py:69} INFO -     int(1)
[2025-03-26T13:46:14.561+0000] {docker.py:69} INFO -     ["container"]=>
[2025-03-26T13:46:14.562+0000] {docker.py:69} INFO -     string(8) "php-app2"
[2025-03-26T13:46:14.562+0000] {docker.py:69} INFO -     ["timestamp"]=>
[2025-03-26T13:46:14.562+0000] {docker.py:69} INFO -     int(1742996309)
[2025-03-26T13:46:14.563+0000] {docker.py:69} INFO - 
[2025-03-26T13:46:14.563+0000] {docker.py:69} INFO - }
[2025-03-26T13:46:14.563+0000] {docker.py:69} INFO -   [16]=>
[2025-03-26T13:46:14.564+0000] {docker.py:69} INFO - 
[2025-03-26T13:46:14.564+0000] {docker.py:69} INFO - object(stdClass)#18 (3) {
[2025-03-26T13:46:14.565+0000] {docker.py:69} INFO -     [
[2025-03-26T13:46:14.565+0000] {docker.py:69} INFO - "
[2025-03-26T13:46:14.571+0000] {docker.py:69} INFO - contador
[2025-03-26T13:46:14.571+0000] {docker.py:69} INFO - "
[2025-03-26T13:46:14.572+0000] {docker.py:69} INFO - ]=>
[2025-03-26T13:46:14.572+0000] {docker.py:69} INFO - 
[2025-03-26T13:46:14.573+0000] {docker.py:69} INFO - int(1)
[2025-03-26T13:46:14.573+0000] {docker.py:69} INFO -     [
[2025-03-26T13:46:14.574+0000] {docker.py:69} INFO - "
[2025-03-26T13:46:14.574+0000] {docker.py:69} INFO - container
[2025-03-26T13:46:14.575+0000] {docker.py:69} INFO - "
[2025-03-26T13:46:14.575+0000] {docker.py:69} INFO - ]=>
[2025-03-26T13:46:14.576+0000] {docker.py:69} INFO - 
[2025-03-26T13:46:14.576+0000] {docker.py:69} INFO - string(8) "
[2025-03-26T13:46:14.577+0000] {docker.py:69} INFO - php-app1
[2025-03-26T13:46:14.577+0000] {docker.py:69} INFO - "
[2025-03-26T13:46:14.578+0000] {docker.py:69} INFO -     [
[2025-03-26T13:46:14.578+0000] {docker.py:69} INFO - "
[2025-03-26T13:46:14.579+0000] {docker.py:69} INFO - timestamp
[2025-03-26T13:46:14.579+0000] {docker.py:69} INFO - "
[2025-03-26T13:46:14.580+0000] {docker.py:69} INFO - ]=>
[2025-03-26T13:46:14.580+0000] {docker.py:69} INFO - 
[2025-03-26T13:46:14.581+0000] {docker.py:69} INFO - int(1742996310)
[2025-03-26T13:46:14.581+0000] {docker.py:69} INFO - 
[2025-03-26T13:46:14.582+0000] {docker.py:69} INFO - }
[2025-03-26T13:46:14.582+0000] {docker.py:69} INFO -   [17]=>
[2025-03-26T13:46:14.583+0000] {docker.py:69} INFO - 
[2025-03-26T13:46:14.584+0000] {docker.py:69} INFO - object(stdClass)#19 (3) {
[2025-03-26T13:46:14.584+0000] {docker.py:69} INFO -     [
[2025-03-26T13:46:14.585+0000] {docker.py:69} INFO - "
[2025-03-26T13:46:14.586+0000] {docker.py:69} INFO - contador
[2025-03-26T13:46:14.586+0000] {docker.py:69} INFO - "
[2025-03-26T13:46:14.587+0000] {docker.py:69} INFO - ]=>
[2025-03-26T13:46:14.588+0000] {docker.py:69} INFO - 
[2025-03-26T13:46:14.590+0000] {docker.py:69} INFO - int(1)
[2025-03-26T13:46:14.591+0000] {docker.py:69} INFO -     [
[2025-03-26T13:46:14.592+0000] {docker.py:69} INFO - "
[2025-03-26T13:46:14.593+0000] {docker.py:69} INFO - container
[2025-03-26T13:46:14.597+0000] {docker.py:69} INFO - "
[2025-03-26T13:46:14.599+0000] {docker.py:69} INFO - ]=>
[2025-03-26T13:46:14.600+0000] {docker.py:69} INFO - 
[2025-03-26T13:46:14.603+0000] {docker.py:69} INFO - string(8) "
[2025-03-26T13:46:14.604+0000] {docker.py:69} INFO - php-app2
[2025-03-26T13:46:14.604+0000] {docker.py:69} INFO - "
[2025-03-26T13:46:14.605+0000] {docker.py:69} INFO -     [
[2025-03-26T13:46:14.605+0000] {docker.py:69} INFO - "
[2025-03-26T13:46:14.607+0000] {docker.py:69} INFO - timestamp
[2025-03-26T13:46:14.607+0000] {docker.py:69} INFO - "
[2025-03-26T13:46:14.608+0000] {docker.py:69} INFO - ]=>
[2025-03-26T13:46:14.609+0000] {docker.py:69} INFO - 
[2025-03-26T13:46:14.610+0000] {docker.py:69} INFO - int(1742996310)
[2025-03-26T13:46:14.746+0000] {docker.py:69} INFO - 
[2025-03-26T13:46:14.778+0000] {docker.py:69} INFO - }
[2025-03-26T13:46:14.779+0000] {docker.py:69} INFO -   [18]=>
[2025-03-26T13:46:14.822+0000] {docker.py:69} INFO - 
[2025-03-26T13:46:14.827+0000] {docker.py:69} INFO - object(stdClass)#20 (3) {
[2025-03-26T13:46:14.828+0000] {docker.py:69} INFO -     [
[2025-03-26T13:46:14.830+0000] {docker.py:69} INFO - "
[2025-03-26T13:46:14.830+0000] {docker.py:69} INFO - contador
[2025-03-26T13:46:14.831+0000] {docker.py:69} INFO - "
[2025-03-26T13:46:14.831+0000] {docker.py:69} INFO - ]=>
[2025-03-26T13:46:14.832+0000] {docker.py:69} INFO - 
[2025-03-26T13:46:14.832+0000] {docker.py:69} INFO - int(1)
[2025-03-26T13:46:14.833+0000] {docker.py:69} INFO -     [
[2025-03-26T13:46:14.834+0000] {docker.py:69} INFO - "
[2025-03-26T13:46:14.834+0000] {docker.py:69} INFO - container
[2025-03-26T13:46:14.835+0000] {docker.py:69} INFO - "
[2025-03-26T13:46:14.836+0000] {docker.py:69} INFO - ]=>
[2025-03-26T13:46:14.846+0000] {docker.py:69} INFO - 
[2025-03-26T13:46:14.887+0000] {docker.py:69} INFO - string(8) "
[2025-03-26T13:46:14.888+0000] {docker.py:69} INFO - php-app2
[2025-03-26T13:46:14.888+0000] {docker.py:69} INFO - "
[2025-03-26T13:46:14.889+0000] {docker.py:69} INFO -     [
[2025-03-26T13:46:14.889+0000] {docker.py:69} INFO - "
[2025-03-26T13:46:14.890+0000] {docker.py:69} INFO - timestamp
[2025-03-26T13:46:14.891+0000] {docker.py:69} INFO - "
[2025-03-26T13:46:14.891+0000] {docker.py:69} INFO - ]=>
[2025-03-26T13:46:14.892+0000] {docker.py:69} INFO - 
[2025-03-26T13:46:14.893+0000] {docker.py:69} INFO - int(1742996310)
[2025-03-26T13:46:14.893+0000] {docker.py:69} INFO - 
[2025-03-26T13:46:14.894+0000] {docker.py:69} INFO - }
[2025-03-26T13:46:14.895+0000] {docker.py:69} INFO -   [19]=>
[2025-03-26T13:46:14.895+0000] {docker.py:69} INFO - 
[2025-03-26T13:46:14.897+0000] {docker.py:69} INFO - object(stdClass)#21 (3) {
[2025-03-26T13:46:14.897+0000] {docker.py:69} INFO -     [
[2025-03-26T13:46:14.898+0000] {docker.py:69} INFO - "
[2025-03-26T13:46:14.898+0000] {docker.py:69} INFO - contador
[2025-03-26T13:46:14.899+0000] {docker.py:69} INFO - "
[2025-03-26T13:46:14.899+0000] {docker.py:69} INFO - ]=>
[2025-03-26T13:46:14.900+0000] {docker.py:69} INFO - 
[2025-03-26T13:46:14.900+0000] {docker.py:69} INFO - int(1)
[2025-03-26T13:46:14.901+0000] {docker.py:69} INFO -     [
[2025-03-26T13:46:14.901+0000] {docker.py:69} INFO - "
[2025-03-26T13:46:14.902+0000] {docker.py:69} INFO - container
[2025-03-26T13:46:14.903+0000] {docker.py:69} INFO - "
[2025-03-26T13:46:14.903+0000] {docker.py:69} INFO - ]=>
[2025-03-26T13:46:14.904+0000] {docker.py:69} INFO - 
[2025-03-26T13:46:14.904+0000] {docker.py:69} INFO - string(8) "
[2025-03-26T13:46:14.904+0000] {docker.py:69} INFO - php-app1
[2025-03-26T13:46:14.905+0000] {docker.py:69} INFO - "
[2025-03-26T13:46:14.906+0000] {docker.py:69} INFO -     [
[2025-03-26T13:46:14.906+0000] {docker.py:69} INFO - "
[2025-03-26T13:46:14.907+0000] {docker.py:69} INFO - timestamp
[2025-03-26T13:46:14.907+0000] {docker.py:69} INFO - "
[2025-03-26T13:46:14.908+0000] {docker.py:69} INFO - ]=>
[2025-03-26T13:46:14.908+0000] {docker.py:69} INFO - 
[2025-03-26T13:46:14.909+0000] {docker.py:69} INFO - int(1742996311)
[2025-03-26T13:46:14.910+0000] {docker.py:69} INFO - 
[2025-03-26T13:46:14.910+0000] {docker.py:69} INFO - }
[2025-03-26T13:46:14.911+0000] {docker.py:69} INFO -   [20]=>
[2025-03-26T13:46:14.911+0000] {docker.py:69} INFO - 
[2025-03-26T13:46:14.912+0000] {docker.py:69} INFO - object(stdClass)#22 (3) {
[2025-03-26T13:46:14.912+0000] {docker.py:69} INFO -     [
[2025-03-26T13:46:14.913+0000] {docker.py:69} INFO - "
[2025-03-26T13:46:14.914+0000] {docker.py:69} INFO - contador
[2025-03-26T13:46:14.914+0000] {docker.py:69} INFO - "
[2025-03-26T13:46:14.915+0000] {docker.py:69} INFO - ]=>
[2025-03-26T13:46:14.915+0000] {docker.py:69} INFO - 
[2025-03-26T13:46:14.916+0000] {docker.py:69} INFO - int(1)
[2025-03-26T13:46:14.916+0000] {docker.py:69} INFO -     [
[2025-03-26T13:46:14.917+0000] {docker.py:69} INFO - "
[2025-03-26T13:46:14.917+0000] {docker.py:69} INFO - container
[2025-03-26T13:46:14.918+0000] {docker.py:69} INFO - "
[2025-03-26T13:46:14.919+0000] {docker.py:69} INFO - ]=>
[2025-03-26T13:46:14.919+0000] {docker.py:69} INFO - 
[2025-03-26T13:46:14.920+0000] {docker.py:69} INFO - string(8) "
[2025-03-26T13:46:14.920+0000] {docker.py:69} INFO - php-app1
[2025-03-26T13:46:14.921+0000] {docker.py:69} INFO - "
[2025-03-26T13:46:14.921+0000] {docker.py:69} INFO -     [
[2025-03-26T13:46:14.922+0000] {docker.py:69} INFO - "
[2025-03-26T13:46:14.922+0000] {docker.py:69} INFO - timestamp
[2025-03-26T13:46:14.923+0000] {docker.py:69} INFO - "
[2025-03-26T13:46:14.923+0000] {docker.py:69} INFO - ]=>
[2025-03-26T13:46:14.924+0000] {docker.py:69} INFO - 
[2025-03-26T13:46:14.924+0000] {docker.py:69} INFO - int(1742996311)
[2025-03-26T13:46:14.925+0000] {docker.py:69} INFO - 
[2025-03-26T13:46:14.925+0000] {docker.py:69} INFO - }
[2025-03-26T13:46:14.926+0000] {docker.py:69} INFO -   [21]=>
[2025-03-26T13:46:14.926+0000] {docker.py:69} INFO - 
[2025-03-26T13:46:14.927+0000] {docker.py:69} INFO - object(stdClass)#23 (3) {
[2025-03-26T13:46:14.927+0000] {docker.py:69} INFO -     ["contador"]=>
[2025-03-26T13:46:14.928+0000] {docker.py:69} INFO -     int(1)
[2025-03-26T13:46:14.928+0000] {docker.py:69} INFO -     ["container"]=>
[2025-03-26T13:46:14.929+0000] {docker.py:69} INFO - 
[2025-03-26T13:46:14.929+0000] {docker.py:69} INFO - string(8) "
[2025-03-26T13:46:14.930+0000] {docker.py:69} INFO - php-app2
[2025-03-26T13:46:14.930+0000] {docker.py:69} INFO - "
[2025-03-26T13:46:14.931+0000] {docker.py:69} INFO -     [
[2025-03-26T13:46:14.931+0000] {docker.py:69} INFO - "
[2025-03-26T13:46:14.932+0000] {docker.py:69} INFO - timestamp"
[2025-03-26T13:46:14.932+0000] {docker.py:69} INFO - ]=>
[2025-03-26T13:46:14.933+0000] {docker.py:69} INFO - int(1742996312)
[2025-03-26T13:46:14.933+0000] {docker.py:69} INFO - }
[2025-03-26T13:46:14.934+0000] {docker.py:69} INFO -   [22]=>
[2025-03-26T13:46:14.934+0000] {docker.py:69} INFO -   object(stdClass)#24 (3) {
[2025-03-26T13:46:14.935+0000] {docker.py:69} INFO -     ["contador
[2025-03-26T13:46:14.935+0000] {docker.py:69} INFO - "
[2025-03-26T13:46:14.936+0000] {docker.py:69} INFO - ]=>
[2025-03-26T13:46:14.937+0000] {docker.py:69} INFO - 
[2025-03-26T13:46:14.938+0000] {docker.py:69} INFO - int(1)
[2025-03-26T13:46:14.939+0000] {docker.py:69} INFO -     [
[2025-03-26T13:46:14.943+0000] {docker.py:69} INFO - "
[2025-03-26T13:46:14.943+0000] {docker.py:69} INFO - container"
[2025-03-26T13:46:14.944+0000] {docker.py:69} INFO - ]=>
[2025-03-26T13:46:14.945+0000] {docker.py:69} INFO - 
[2025-03-26T13:46:14.945+0000] {docker.py:69} INFO - string(8) "
[2025-03-26T13:46:14.946+0000] {docker.py:69} INFO - php-app1"
[2025-03-26T13:46:14.946+0000] {docker.py:69} INFO -     ["timestamp"]=>
[2025-03-26T13:46:14.947+0000] {docker.py:69} INFO -     int(1742996313)
[2025-03-26T13:46:14.947+0000] {docker.py:69} INFO -   }
[2025-03-26T13:46:14.948+0000] {docker.py:69} INFO -   [23]=>
[2025-03-26T13:46:14.948+0000] {docker.py:69} INFO -   object(stdClass)#25 (3) {
[2025-03-26T13:46:14.948+0000] {docker.py:69} INFO -     ["contador"]=>
[2025-03-26T13:46:14.949+0000] {docker.py:69} INFO -     int(1)
[2025-03-26T13:46:14.949+0000] {docker.py:69} INFO -     [
[2025-03-26T13:46:14.951+0000] {docker.py:69} INFO - "
[2025-03-26T13:46:14.952+0000] {docker.py:69} INFO - container
[2025-03-26T13:46:14.953+0000] {docker.py:69} INFO - "
[2025-03-26T13:46:14.953+0000] {docker.py:69} INFO - ]=>
[2025-03-26T13:46:14.954+0000] {docker.py:69} INFO - 
[2025-03-26T13:46:14.954+0000] {docker.py:69} INFO - string(8) "
[2025-03-26T13:46:14.955+0000] {docker.py:69} INFO - php-app1
[2025-03-26T13:46:14.955+0000] {docker.py:69} INFO - "
[2025-03-26T13:46:14.956+0000] {docker.py:69} INFO -     [
[2025-03-26T13:46:14.957+0000] {docker.py:69} INFO - "timestamp
[2025-03-26T13:46:14.957+0000] {docker.py:69} INFO - "]=>
[2025-03-26T13:46:14.958+0000] {docker.py:69} INFO -     int(1742996751)
[2025-03-26T13:46:14.958+0000] {docker.py:69} INFO -   }
[2025-03-26T13:46:14.959+0000] {docker.py:69} INFO -   [24]=>
[2025-03-26T13:46:14.959+0000] {docker.py:69} INFO -   object(stdClass)#26 (3) {
[2025-03-26T13:46:14.960+0000] {docker.py:69} INFO -     ["
[2025-03-26T13:46:14.960+0000] {docker.py:69} INFO - contador
[2025-03-26T13:46:14.961+0000] {docker.py:69} INFO - "]=>
[2025-03-26T13:46:14.961+0000] {docker.py:69} INFO - 
[2025-03-26T13:46:14.962+0000] {docker.py:69} INFO - int(1)
[2025-03-26T13:46:14.963+0000] {docker.py:69} INFO -     [
[2025-03-26T13:46:14.963+0000] {docker.py:69} INFO - "
[2025-03-26T13:46:14.964+0000] {docker.py:69} INFO - container
[2025-03-26T13:46:14.964+0000] {docker.py:69} INFO - "
[2025-03-26T13:46:14.965+0000] {docker.py:69} INFO - ]=>
[2025-03-26T13:46:14.965+0000] {docker.py:69} INFO - string(8) "php-app2
[2025-03-26T13:46:14.966+0000] {docker.py:69} INFO - "
[2025-03-26T13:46:14.966+0000] {docker.py:69} INFO -     [
[2025-03-26T13:46:14.967+0000] {docker.py:69} INFO - "
[2025-03-26T13:46:14.968+0000] {docker.py:69} INFO - timestamp"]=>
[2025-03-26T13:46:14.968+0000] {docker.py:69} INFO -     int(1742996751)
[2025-03-26T13:46:14.968+0000] {docker.py:69} INFO -   }
[2025-03-26T13:46:14.969+0000] {docker.py:69} INFO -   [25]=>
[2025-03-26T13:46:14.969+0000] {docker.py:69} INFO -   object(stdClass)#27 (3) {
[2025-03-26T13:46:14.970+0000] {docker.py:69} INFO -     ["contador"]=>
[2025-03-26T13:46:14.970+0000] {docker.py:69} INFO -     int(1)
[2025-03-26T13:46:14.974+0000] {docker.py:69} INFO -     ["container"]=>
[2025-03-26T13:46:14.975+0000] {docker.py:69} INFO -     string(8) "php-app2"
[2025-03-26T13:46:14.975+0000] {docker.py:69} INFO -     ["timestamp"]=>
[2025-03-26T13:46:14.975+0000] {docker.py:69} INFO -     int(1742996756)
[2025-03-26T13:46:14.976+0000] {docker.py:69} INFO -   }
[2025-03-26T13:46:14.976+0000] {docker.py:69} INFO -   [26]=>
[2025-03-26T13:46:14.977+0000] {docker.py:69} INFO -   object(stdClass)#28 (3) {
[2025-03-26T13:46:14.977+0000] {docker.py:69} INFO -     [
[2025-03-26T13:46:14.978+0000] {docker.py:69} INFO - "contador
[2025-03-26T13:46:14.979+0000] {docker.py:69} INFO - "
[2025-03-26T13:46:14.979+0000] {docker.py:69} INFO - ]=>
[2025-03-26T13:46:14.980+0000] {docker.py:69} INFO -     int(1)
[2025-03-26T13:46:14.980+0000] {docker.py:69} INFO -     ["
[2025-03-26T13:46:14.981+0000] {docker.py:69} INFO - container
[2025-03-26T13:46:14.981+0000] {docker.py:69} INFO - "
[2025-03-26T13:46:14.982+0000] {docker.py:69} INFO - ]=>
[2025-03-26T13:46:14.982+0000] {docker.py:69} INFO - 
[2025-03-26T13:46:14.983+0000] {docker.py:69} INFO - string(8) "
[2025-03-26T13:46:14.983+0000] {docker.py:69} INFO - php-app1
[2025-03-26T13:46:14.984+0000] {docker.py:69} INFO - "
[2025-03-26T13:46:14.985+0000] {docker.py:69} INFO -     [
[2025-03-26T13:46:14.985+0000] {docker.py:69} INFO - "
[2025-03-26T13:46:14.986+0000] {docker.py:69} INFO - timestamp
[2025-03-26T13:46:14.986+0000] {docker.py:69} INFO - "
[2025-03-26T13:46:14.987+0000] {docker.py:69} INFO - ]=>
[2025-03-26T13:46:14.987+0000] {docker.py:69} INFO - 
[2025-03-26T13:46:14.988+0000] {docker.py:69} INFO - int(1742996756)
[2025-03-26T13:46:14.988+0000] {docker.py:69} INFO - 
[2025-03-26T13:46:14.989+0000] {docker.py:69} INFO - }
[2025-03-26T13:46:14.989+0000] {docker.py:69} INFO -   [27]=>
[2025-03-26T13:46:14.990+0000] {docker.py:69} INFO - 
[2025-03-26T13:46:14.990+0000] {docker.py:69} INFO - object(stdClass)#29 (3) {
[2025-03-26T13:46:14.991+0000] {docker.py:69} INFO -     [
[2025-03-26T13:46:14.991+0000] {docker.py:69} INFO - "contador"]=>
[2025-03-26T13:46:14.992+0000] {docker.py:69} INFO -     int(1)
[2025-03-26T13:46:14.992+0000] {docker.py:69} INFO -     ["container"]=>
[2025-03-26T13:46:14.993+0000] {docker.py:69} INFO -     string(8) "php-app1"
[2025-03-26T13:46:14.993+0000] {docker.py:69} INFO -     ["timestamp"]=>
[2025-03-26T13:46:14.993+0000] {docker.py:69} INFO -     int(1742996757)
[2025-03-26T13:46:14.994+0000] {docker.py:69} INFO -   }
[2025-03-26T13:46:14.994+0000] {docker.py:69} INFO -   [28]=>
[2025-03-26T13:46:14.994+0000] {docker.py:69} INFO -   object(stdClass)#30 (3) {
[2025-03-26T13:46:14.995+0000] {docker.py:69} INFO -     ["contador"]=>
[2025-03-26T13:46:14.995+0000] {docker.py:69} INFO -     int(1)
[2025-03-26T13:46:14.995+0000] {docker.py:69} INFO -     ["container"]=>
[2025-03-26T13:46:14.996+0000] {docker.py:69} INFO -     string(8) "php-app2"
[2025-03-26T13:46:14.996+0000] {docker.py:69} INFO -     ["timestamp"]=>
[2025-03-26T13:46:14.997+0000] {docker.py:69} INFO -     int(1742996757)
[2025-03-26T13:46:14.997+0000] {docker.py:69} INFO -   }
[2025-03-26T13:46:14.997+0000] {docker.py:69} INFO -   [29]=>
[2025-03-26T13:46:14.998+0000] {docker.py:69} INFO -   object(stdClass)#31 (3) {
[2025-03-26T13:46:14.998+0000] {docker.py:69} INFO -     ["contador"]=>
[2025-03-26T13:46:14.998+0000] {docker.py:69} INFO -     int(1)
[2025-03-26T13:46:14.999+0000] {docker.py:69} INFO -     ["container"]=>
[2025-03-26T13:46:14.999+0000] {docker.py:69} INFO -     string(8) "php-app2"
[2025-03-26T13:46:15.000+0000] {docker.py:69} INFO -     ["timestamp"]=>
[2025-03-26T13:46:15.000+0000] {docker.py:69} INFO -     int(1742996758)
[2025-03-26T13:46:15.000+0000] {docker.py:69} INFO -   }
[2025-03-26T13:46:15.001+0000] {docker.py:69} INFO -   [30]=>
[2025-03-26T13:46:15.001+0000] {docker.py:69} INFO -   object(stdClass)#32 (3) {
[2025-03-26T13:46:15.002+0000] {docker.py:69} INFO -     ["contador"]=>
[2025-03-26T13:46:15.002+0000] {docker.py:69} INFO -     int(1)
[2025-03-26T13:46:15.002+0000] {docker.py:69} INFO -     ["container"]=>
[2025-03-26T13:46:15.003+0000] {docker.py:69} INFO -     string(8) "php-app1"
[2025-03-26T13:46:15.003+0000] {docker.py:69} INFO -     ["timestamp"]=>
[2025-03-26T13:46:15.004+0000] {docker.py:69} INFO -     int(1742996760)
[2025-03-26T13:46:15.004+0000] {docker.py:69} INFO -   }
[2025-03-26T13:46:15.004+0000] {docker.py:69} INFO -   [31]=>
[2025-03-26T13:46:15.005+0000] {docker.py:69} INFO -   object(stdClass)#33 (3) {
[2025-03-26T13:46:15.005+0000] {docker.py:69} INFO -     ["contador"]=>
[2025-03-26T13:46:15.005+0000] {docker.py:69} INFO -     int(1)
[2025-03-26T13:46:15.006+0000] {docker.py:69} INFO -     ["container"]=>
[2025-03-26T13:46:15.006+0000] {docker.py:69} INFO -     string(8) "php-app2"
[2025-03-26T13:46:15.006+0000] {docker.py:69} INFO -     ["timestamp"]=>
[2025-03-26T13:46:15.007+0000] {docker.py:69} INFO -     int(1742996760)
[2025-03-26T13:46:15.007+0000] {docker.py:69} INFO -   }
[2025-03-26T13:46:15.007+0000] {docker.py:69} INFO -   [32]=>
[2025-03-26T13:46:15.008+0000] {docker.py:69} INFO -   object(stdClass)#34 (3) {
[2025-03-26T13:46:15.008+0000] {docker.py:69} INFO -     ["contador"]=>
[2025-03-26T13:46:15.008+0000] {docker.py:69} INFO -     int(1)
[2025-03-26T13:46:15.009+0000] {docker.py:69} INFO -     ["container"]=>
[2025-03-26T13:46:15.009+0000] {docker.py:69} INFO -     string(8) "php-app2"
[2025-03-26T13:46:15.052+0000] {docker.py:69} INFO -     ["timestamp"]=>
[2025-03-26T13:46:15.056+0000] {docker.py:69} INFO -     int(1742996761)
[2025-03-26T13:46:15.094+0000] {docker.py:69} INFO -   }
[2025-03-26T13:46:15.095+0000] {docker.py:69} INFO -   [33]=>
[2025-03-26T13:46:15.175+0000] {docker.py:69} INFO -   object(stdClass)#35 (3) {
[2025-03-26T13:46:15.175+0000] {docker.py:69} INFO -     ["contador"]=>
[2025-03-26T13:46:15.176+0000] {docker.py:69} INFO -     int(1)
[2025-03-26T13:46:15.217+0000] {docker.py:69} INFO -     ["container"]=>
[2025-03-26T13:46:15.238+0000] {docker.py:69} INFO -     string(8) "php-app1"
[2025-03-26T13:46:15.239+0000] {docker.py:69} INFO -     ["timestamp"]=>
[2025-03-26T13:46:15.239+0000] {docker.py:69} INFO -     int(1742996762)
[2025-03-26T13:46:15.240+0000] {docker.py:69} INFO -   }
[2025-03-26T13:46:15.240+0000] {docker.py:69} INFO -   [34]=>
[2025-03-26T13:46:15.288+0000] {docker.py:69} INFO -   object(stdClass)#36 (3) {
[2025-03-26T13:46:15.309+0000] {docker.py:69} INFO -     ["contador"]=>
[2025-03-26T13:46:15.310+0000] {docker.py:69} INFO -     int(1)
[2025-03-26T13:46:15.313+0000] {docker.py:69} INFO -     ["container"]=>
[2025-03-26T13:46:15.314+0000] {docker.py:69} INFO -     string(8) "php-app2"
[2025-03-26T13:46:15.319+0000] {docker.py:69} INFO -     ["timestamp"]=>
[2025-03-26T13:46:15.355+0000] {docker.py:69} INFO -     int(1742996762)
[2025-03-26T13:46:15.368+0000] {docker.py:69} INFO -   }
[2025-03-26T13:46:15.369+0000] {docker.py:69} INFO -   [35]=>
[2025-03-26T13:46:15.370+0000] {docker.py:69} INFO -   object(stdClass)#37 (3) {
[2025-03-26T13:46:15.371+0000] {docker.py:69} INFO -     ["contador"]=>
[2025-03-26T13:46:15.379+0000] {docker.py:69} INFO -     int(1)
[2025-03-26T13:46:15.381+0000] {docker.py:69} INFO -     ["container"]=>
[2025-03-26T13:46:15.388+0000] {docker.py:69} INFO -     string(8) "php-app1"
[2025-03-26T13:46:15.482+0000] {docker.py:69} INFO -     ["timestamp"]=>
[2025-03-26T13:46:15.484+0000] {docker.py:69} INFO -     int(1742996763)
[2025-03-26T13:46:15.487+0000] {docker.py:69} INFO -   }
[2025-03-26T13:46:15.502+0000] {docker.py:69} INFO -   [36]=>
[2025-03-26T13:46:15.505+0000] {docker.py:69} INFO -   object(stdClass)#38 (3) {
[2025-03-26T13:46:15.526+0000] {docker.py:69} INFO -     ["contador"]=>
[2025-03-26T13:46:15.543+0000] {docker.py:69} INFO -     int(1)
[2025-03-26T13:46:15.544+0000] {docker.py:69} INFO -     ["container"]=>
[2025-03-26T13:46:15.563+0000] {docker.py:69} INFO -     string(8) "php-app1"
[2025-03-26T13:46:15.564+0000] {docker.py:69} INFO -     ["timestamp"]=>
[2025-03-26T13:46:15.564+0000] {docker.py:69} INFO -     int(1742996763)
[2025-03-26T13:46:15.565+0000] {docker.py:69} INFO -   }
[2025-03-26T13:46:15.576+0000] {docker.py:69} INFO -   [37]=>
[2025-03-26T13:46:15.576+0000] {docker.py:69} INFO -   object(stdClass)#39 (3) {
[2025-03-26T13:46:15.577+0000] {docker.py:69} INFO -     ["contador"]=>
[2025-03-26T13:46:15.577+0000] {docker.py:69} INFO -     int(1)
[2025-03-26T13:46:15.578+0000] {docker.py:69} INFO -     ["container"]=>
[2025-03-26T13:46:15.593+0000] {docker.py:69} INFO -     string(8) "php-app2"
[2025-03-26T13:46:15.594+0000] {docker.py:69} INFO -     ["timestamp"]=>
[2025-03-26T13:46:15.604+0000] {docker.py:69} INFO -     int(1742996771)
[2025-03-26T13:46:15.604+0000] {docker.py:69} INFO -   }
[2025-03-26T13:46:15.605+0000] {docker.py:69} INFO -   [38]=>
[2025-03-26T13:46:15.605+0000] {docker.py:69} INFO -   object(stdClass)#40 (3) {
[2025-03-26T13:46:15.643+0000] {docker.py:69} INFO -     ["contador"]=>
[2025-03-26T13:46:15.661+0000] {docker.py:69} INFO -     int(1)
[2025-03-26T13:46:15.662+0000] {docker.py:69} INFO -     ["container"]=>
[2025-03-26T13:46:15.663+0000] {docker.py:69} INFO -     string(8) "php-app2"
[2025-03-26T13:46:15.664+0000] {docker.py:69} INFO -     ["timestamp"]=>
[2025-03-26T13:46:15.665+0000] {docker.py:69} INFO -     int(1742996773)
[2025-03-26T13:46:15.665+0000] {docker.py:69} INFO -   }
[2025-03-26T13:46:15.666+0000] {docker.py:69} INFO -   [39]=>
[2025-03-26T13:46:15.667+0000] {docker.py:69} INFO -   array(3) {
[2025-03-26T13:46:15.667+0000] {docker.py:69} INFO -     ["contador"]=>
[2025-03-26T13:46:15.668+0000] {docker.py:69} INFO -     int(1)
[2025-03-26T13:46:15.669+0000] {docker.py:69} INFO -     ["container"]=>
[2025-03-26T13:46:15.669+0000] {docker.py:69} INFO -     string(8) "php-app1"
[2025-03-26T13:46:15.670+0000] {docker.py:69} INFO -     ["timestamp"]=>
[2025-03-26T13:46:15.671+0000] {docker.py:69} INFO -     int(1742996773)
[2025-03-26T13:46:15.672+0000] {docker.py:69} INFO -   }
[2025-03-26T13:46:15.672+0000] {docker.py:69} INFO - }
[2025-03-26T13:46:18.361+0000] {taskinstance.py:341} INFO - ::group::Post task execution logs
[2025-03-26T13:46:18.361+0000] {taskinstance.py:353} INFO - Marking task as SUCCESS. dag_id=containers1_dag, task_id=php_app1, run_id=scheduled__2025-03-25T00:35:00+00:00, execution_date=20250325T003500, start_date=20250326T134607, end_date=20250326T134618
[2025-03-26T13:46:18.926+0000] {local_task_job_runner.py:266} INFO - Task exited with return code 0
[2025-03-26T13:46:19.039+0000] {taskinstance.py:3901} INFO - 0 downstream tasks scheduled from follow-on schedule check
[2025-03-26T13:46:19.069+0000] {local_task_job_runner.py:245} INFO - ::endgroup::
