[2025-03-26T13:47:58.092+0000] {local_task_job_runner.py:123} INFO - ::group::Pre task execution logs
[2025-03-26T13:47:59.138+0000] {taskinstance.py:2614} INFO - Dependencies all met for dep_context=non-requeueable deps ti=<TaskInstance: containers1_dag.php_app1 scheduled__2025-03-25T04:20:00+00:00 [queued]>
[2025-03-26T13:48:00.035+0000] {taskinstance.py:2614} INFO - Dependencies all met for dep_context=requeueable deps ti=<TaskInstance: containers1_dag.php_app1 scheduled__2025-03-25T04:20:00+00:00 [queued]>
[2025-03-26T13:48:00.036+0000] {taskinstance.py:2867} INFO - Starting attempt 1 of 6
[2025-03-26T13:48:02.311+0000] {taskinstance.py:2890} INFO - Executing <Task(DockerOperator): php_app1> on 2025-03-25 04:20:00+00:00
[2025-03-26T13:48:02.589+0000] {standard_task_runner.py:104} INFO - Running: ['***', 'tasks', 'run', 'containers1_dag', 'php_app1', 'scheduled__2025-03-25T04:20:00+00:00', '--job-id', '127', '--raw', '--subdir', 'DAGS_FOLDER/containers1_dag.py', '--cfg-path', '/tmp/tmpxav2bic4']
[2025-03-26T13:48:02.594+0000] {standard_task_runner.py:105} INFO - Job 127: Subtask php_app1
[2025-03-26T13:48:02.596+0000] {logging_mixin.py:190} WARNING - /home/***/.local/lib/python3.12/site-packages/***/task/task_runner/standard_task_runner.py:70 DeprecationWarning: This process (pid=917) is multi-threaded, use of fork() may lead to deadlocks in the child.
[2025-03-26T13:48:02.599+0000] {standard_task_runner.py:72} INFO - Started process 942 to run task
[2025-03-26T13:48:04.090+0000] {task_command.py:467} INFO - Running <TaskInstance: containers1_dag.php_app1 scheduled__2025-03-25T04:20:00+00:00 [running]> on host 3d581a580455
[2025-03-26T13:48:05.778+0000] {taskinstance.py:3134} INFO - Exporting env vars: AIRFLOW_CTX_DAG_OWNER='andre' AIRFLOW_CTX_DAG_ID='containers1_dag' AIRFLOW_CTX_TASK_ID='php_app1' AIRFLOW_CTX_EXECUTION_DATE='2025-03-25T04:20:00+00:00' AIRFLOW_CTX_TRY_NUMBER='1' AIRFLOW_CTX_DAG_RUN_ID='scheduled__2025-03-25T04:20:00+00:00'
[2025-03-26T13:48:05.780+0000] {taskinstance.py:732} INFO - ::endgroup::
[2025-03-26T13:48:06.061+0000] {docker.py:345} INFO - Starting docker container from image php-app1
[2025-03-26T13:48:06.111+0000] {docker.py:353} WARNING - Using remote engine or docker-in-docker and mounting temporary volume from host is not supported. Falling back to `mount_tmp_dir=False` mode. You can set `mount_tmp_dir` parameter to False to disable mounting and remove the warning
[2025-03-26T13:48:08.579+0000] {job.py:229} INFO - Heartbeat recovered after 12.98 seconds
[2025-03-26T13:48:08.749+0000] {docker.py:69} INFO - array(129) {
[2025-03-26T13:48:08.750+0000] {docker.py:69} INFO -   [0]=>
[2025-03-26T13:48:08.750+0000] {docker.py:69} INFO -   object(stdClass)#2 (3) {
[2025-03-26T13:48:08.751+0000] {docker.py:69} INFO -     ["contador"]=>
[2025-03-26T13:48:08.751+0000] {docker.py:69} INFO -     int(0)
[2025-03-26T13:48:08.751+0000] {docker.py:69} INFO -     ["container"]=>
[2025-03-26T13:48:08.755+0000] {docker.py:69} INFO -     string(8) "php-app1"
[2025-03-26T13:48:08.756+0000] {docker.py:69} INFO -     ["timestamp"]=>
[2025-03-26T13:48:08.757+0000] {docker.py:69} INFO -     int(1742852307)
[2025-03-26T13:48:08.761+0000] {docker.py:69} INFO -   }
[2025-03-26T13:48:08.762+0000] {docker.py:69} INFO -   [1]=>
[2025-03-26T13:48:08.953+0000] {docker.py:69} INFO -   object(stdClass)#3 (3) {
[2025-03-26T13:48:08.953+0000] {docker.py:69} INFO -     ["contador"]=>
[2025-03-26T13:48:08.953+0000] {docker.py:69} INFO -     int(1)
[2025-03-26T13:48:08.954+0000] {docker.py:69} INFO -     ["container"]=>
[2025-03-26T13:48:08.954+0000] {docker.py:69} INFO -     string(8) "php-app2"
[2025-03-26T13:48:08.986+0000] {docker.py:69} INFO -     ["timestamp"]=>
[2025-03-26T13:48:08.986+0000] {docker.py:69} INFO -     int(1742852309)
[2025-03-26T13:48:08.987+0000] {docker.py:69} INFO -   }
[2025-03-26T13:48:08.987+0000] {docker.py:69} INFO -   [2]=>
[2025-03-26T13:48:08.987+0000] {docker.py:69} INFO -   object(stdClass)#4 (3) {
[2025-03-26T13:48:09.021+0000] {docker.py:69} INFO -     ["contador"]=>
[2025-03-26T13:48:09.022+0000] {docker.py:69} INFO -     int(1)
[2025-03-26T13:48:09.043+0000] {docker.py:69} INFO -     ["container"]=>
[2025-03-26T13:48:09.044+0000] {docker.py:69} INFO -     string(8) "php-app1"
[2025-03-26T13:48:09.044+0000] {docker.py:69} INFO -     ["timestamp"]=>
[2025-03-26T13:48:09.045+0000] {docker.py:69} INFO -     int(1742852311)
[2025-03-26T13:48:09.050+0000] {docker.py:69} INFO -   }
[2025-03-26T13:48:09.059+0000] {docker.py:69} INFO -   [3]=>
[2025-03-26T13:48:09.060+0000] {docker.py:69} INFO -   object(stdClass)#5 (3) {
[2025-03-26T13:48:09.060+0000] {docker.py:69} INFO -     ["contador"]=>
[2025-03-26T13:48:09.061+0000] {docker.py:69} INFO -     int(1)
[2025-03-26T13:48:09.061+0000] {docker.py:69} INFO -     ["container"]=>
[2025-03-26T13:48:09.061+0000] {docker.py:69} INFO -     string(8) "php-app2"
[2025-03-26T13:48:09.062+0000] {docker.py:69} INFO -     ["timestamp"]=>
[2025-03-26T13:48:09.083+0000] {docker.py:69} INFO -     int(1742852314)
[2025-03-26T13:48:09.085+0000] {docker.py:69} INFO -   }
[2025-03-26T13:48:09.086+0000] {docker.py:69} INFO -   [4]=>
[2025-03-26T13:48:09.086+0000] {docker.py:69} INFO -   object(stdClass)#6 (3) {
[2025-03-26T13:48:09.094+0000] {docker.py:69} INFO -     ["contador"]=>
[2025-03-26T13:48:09.095+0000] {docker.py:69} INFO -     int(1)
[2025-03-26T13:48:09.095+0000] {docker.py:69} INFO -     ["container"]=>
[2025-03-26T13:48:09.096+0000] {docker.py:69} INFO -     string(8) "php-app2"
[2025-03-26T13:48:09.102+0000] {docker.py:69} INFO -     ["timestamp"]=>
[2025-03-26T13:48:09.103+0000] {docker.py:69} INFO -     int(1742996301)
[2025-03-26T13:48:09.111+0000] {docker.py:69} INFO -   }
[2025-03-26T13:48:09.112+0000] {docker.py:69} INFO -   [5]=>
[2025-03-26T13:48:09.112+0000] {docker.py:69} INFO -   object(stdClass)#7 (3) {
[2025-03-26T13:48:09.112+0000] {docker.py:69} INFO -     ["contador"]=>
[2025-03-26T13:48:09.113+0000] {docker.py:69} INFO -     int(1)
[2025-03-26T13:48:09.113+0000] {docker.py:69} INFO -     ["container"]=>
[2025-03-26T13:48:09.114+0000] {docker.py:69} INFO -     string(8) "php-app1"
[2025-03-26T13:48:09.126+0000] {docker.py:69} INFO -     ["timestamp"]=>
[2025-03-26T13:48:09.126+0000] {docker.py:69} INFO -     int(1742996302)
[2025-03-26T13:48:09.126+0000] {docker.py:69} INFO -   }
[2025-03-26T13:48:09.127+0000] {docker.py:69} INFO -   [6]=>
[2025-03-26T13:48:09.127+0000] {docker.py:69} INFO -   object(stdClass)#8 (3) {
[2025-03-26T13:48:09.128+0000] {docker.py:69} INFO -     ["contador"]=>
[2025-03-26T13:48:09.137+0000] {docker.py:69} INFO -     int(1)
[2025-03-26T13:48:09.138+0000] {docker.py:69} INFO -     ["container"]=>
[2025-03-26T13:48:09.140+0000] {docker.py:69} INFO -     string(8) "php-app1"
[2025-03-26T13:48:09.141+0000] {docker.py:69} INFO -     ["timestamp"]=>
[2025-03-26T13:48:09.147+0000] {docker.py:69} INFO -     int(1742996302)
[2025-03-26T13:48:09.148+0000] {docker.py:69} INFO -   }
[2025-03-26T13:48:09.158+0000] {docker.py:69} INFO -   [7]=>
[2025-03-26T13:48:09.163+0000] {docker.py:69} INFO -   object(stdClass)#9 (3) {
[2025-03-26T13:48:09.166+0000] {docker.py:69} INFO -     ["contador"]=>
[2025-03-26T13:48:09.167+0000] {docker.py:69} INFO -     int(1)
[2025-03-26T13:48:09.273+0000] {docker.py:69} INFO -     ["container"]=>
[2025-03-26T13:48:09.274+0000] {docker.py:69} INFO -     string(8) "php-app2"
[2025-03-26T13:48:09.274+0000] {docker.py:69} INFO -     ["timestamp"]=>
[2025-03-26T13:48:09.274+0000] {docker.py:69} INFO -     int(1742996303)
[2025-03-26T13:48:09.275+0000] {docker.py:69} INFO -   }
[2025-03-26T13:48:09.299+0000] {docker.py:69} INFO -   [8]=>
[2025-03-26T13:48:09.443+0000] {docker.py:69} INFO -   object(stdClass)#10 (3) {
[2025-03-26T13:48:09.444+0000] {docker.py:69} INFO -     ["contador"]=>
[2025-03-26T13:48:09.446+0000] {docker.py:69} INFO -     int(1)
[2025-03-26T13:48:09.447+0000] {docker.py:69} INFO -     ["container"]=>
[2025-03-26T13:48:09.447+0000] {docker.py:69} INFO -     string(8) "php-app1"
[2025-03-26T13:48:09.506+0000] {docker.py:69} INFO -     ["timestamp"]=>
[2025-03-26T13:48:09.507+0000] {docker.py:69} INFO -     int(1742996304)
[2025-03-26T13:48:09.510+0000] {docker.py:69} INFO -   }
[2025-03-26T13:48:09.514+0000] {docker.py:69} INFO -   [9]=>
[2025-03-26T13:48:09.520+0000] {docker.py:69} INFO -   object(stdClass)#11 (3) {
[2025-03-26T13:48:09.524+0000] {docker.py:69} INFO -     ["contador"]=>
[2025-03-26T13:48:09.528+0000] {docker.py:69} INFO -     int(1)
[2025-03-26T13:48:09.531+0000] {docker.py:69} INFO -     ["container"]=>
[2025-03-26T13:48:09.531+0000] {docker.py:69} INFO -     string(8) "php-app2"
[2025-03-26T13:48:09.536+0000] {docker.py:69} INFO -     ["timestamp"]=>
[2025-03-26T13:48:09.537+0000] {docker.py:69} INFO -     int(1742996305)
[2025-03-26T13:48:09.538+0000] {docker.py:69} INFO -   }
[2025-03-26T13:48:09.545+0000] {docker.py:69} INFO -   [10]=>
[2025-03-26T13:48:09.545+0000] {docker.py:69} INFO -   object(stdClass)#12 (3) {
[2025-03-26T13:48:09.549+0000] {docker.py:69} INFO -     ["contador"]=>
[2025-03-26T13:48:09.555+0000] {docker.py:69} INFO -     int(1)
[2025-03-26T13:48:09.555+0000] {docker.py:69} INFO -     ["container"]=>
[2025-03-26T13:48:09.556+0000] {docker.py:69} INFO -     string(8) "php-app2"
[2025-03-26T13:48:09.557+0000] {docker.py:69} INFO -     ["timestamp"]=>
[2025-03-26T13:48:09.635+0000] {docker.py:69} INFO -     int(1742996305)
[2025-03-26T13:48:09.636+0000] {docker.py:69} INFO -   }
[2025-03-26T13:48:09.636+0000] {docker.py:69} INFO -   [11]=>
[2025-03-26T13:48:09.636+0000] {docker.py:69} INFO -   object(stdClass)#13 (3) {
[2025-03-26T13:48:09.637+0000] {docker.py:69} INFO -     ["contador"]=>
[2025-03-26T13:48:09.675+0000] {docker.py:69} INFO -     int(1)
[2025-03-26T13:48:09.676+0000] {docker.py:69} INFO -     ["container"]=>
[2025-03-26T13:48:09.676+0000] {docker.py:69} INFO -     string(8) "php-app1"
[2025-03-26T13:48:09.677+0000] {docker.py:69} INFO -     ["timestamp"]=>
[2025-03-26T13:48:09.683+0000] {docker.py:69} INFO -     int(1742996305)
[2025-03-26T13:48:09.694+0000] {docker.py:69} INFO -   }
[2025-03-26T13:48:09.695+0000] {docker.py:69} INFO -   [12]=>
[2025-03-26T13:48:09.695+0000] {docker.py:69} INFO -   object(stdClass)#14 (3) {
[2025-03-26T13:48:09.695+0000] {docker.py:69} INFO -     ["contador"]=>
[2025-03-26T13:48:09.696+0000] {docker.py:69} INFO -     int(1)
[2025-03-26T13:48:09.697+0000] {docker.py:69} INFO -     ["container"]=>
[2025-03-26T13:48:09.705+0000] {docker.py:69} INFO -     string(8) "php-app1"
[2025-03-26T13:48:09.706+0000] {docker.py:69} INFO -     ["timestamp"]=>
[2025-03-26T13:48:09.708+0000] {docker.py:69} INFO -     int(1742996309)
[2025-03-26T13:48:09.709+0000] {docker.py:69} INFO -   }
[2025-03-26T13:48:09.709+0000] {docker.py:69} INFO -   [13]=>
[2025-03-26T13:48:09.709+0000] {docker.py:69} INFO -   object(stdClass)#15 (3) {
[2025-03-26T13:48:09.710+0000] {docker.py:69} INFO -     ["contador"]=>
[2025-03-26T13:48:09.725+0000] {docker.py:69} INFO -     int(1)
[2025-03-26T13:48:09.726+0000] {docker.py:69} INFO -     ["container"]=>
[2025-03-26T13:48:09.726+0000] {docker.py:69} INFO -     string(8) "php-app1"
[2025-03-26T13:48:09.727+0000] {docker.py:69} INFO -     ["timestamp"]=>
[2025-03-26T13:48:09.727+0000] {docker.py:69} INFO -     int(1742996309)
[2025-03-26T13:48:09.743+0000] {docker.py:69} INFO -   }
[2025-03-26T13:48:09.743+0000] {docker.py:69} INFO -   [14]=>
[2025-03-26T13:48:09.744+0000] {docker.py:69} INFO -   object(stdClass)#16 (3) {
[2025-03-26T13:48:09.744+0000] {docker.py:69} INFO -     ["contador"]=>
[2025-03-26T13:48:09.745+0000] {docker.py:69} INFO -     int(1)
[2025-03-26T13:48:09.745+0000] {docker.py:69} INFO -     ["container"]=>
[2025-03-26T13:48:09.745+0000] {docker.py:69} INFO -     string(8) "php-app2"
[2025-03-26T13:48:09.746+0000] {docker.py:69} INFO -     ["timestamp"]=>
[2025-03-26T13:48:09.762+0000] {docker.py:69} INFO -     int(1742996309)
[2025-03-26T13:48:09.762+0000] {docker.py:69} INFO -   }
[2025-03-26T13:48:09.763+0000] {docker.py:69} INFO -   [15]=>
[2025-03-26T13:48:09.763+0000] {docker.py:69} INFO -   object(stdClass)#17 (3) {
[2025-03-26T13:48:09.763+0000] {docker.py:69} INFO -     ["contador"]=>
[2025-03-26T13:48:09.764+0000] {docker.py:69} INFO -     int(1)
[2025-03-26T13:48:09.764+0000] {docker.py:69} INFO -     ["container"]=>
[2025-03-26T13:48:09.765+0000] {docker.py:69} INFO -     string(8) "php-app2"
[2025-03-26T13:48:09.765+0000] {docker.py:69} INFO -     ["timestamp"]=>
[2025-03-26T13:48:09.765+0000] {docker.py:69} INFO -     int(1742996309)
[2025-03-26T13:48:09.766+0000] {docker.py:69} INFO -   }
[2025-03-26T13:48:09.766+0000] {docker.py:69} INFO -   [16]=>
[2025-03-26T13:48:09.767+0000] {docker.py:69} INFO -   object(stdClass)#18 (3) {
[2025-03-26T13:48:09.767+0000] {docker.py:69} INFO -     ["contador"]=>
[2025-03-26T13:48:09.767+0000] {docker.py:69} INFO -     int(1)
[2025-03-26T13:48:09.768+0000] {docker.py:69} INFO -     ["container"]=>
[2025-03-26T13:48:09.768+0000] {docker.py:69} INFO -     string(8) "php-app1"
[2025-03-26T13:48:09.769+0000] {docker.py:69} INFO -     ["timestamp"]=>
[2025-03-26T13:48:09.770+0000] {docker.py:69} INFO -     int(1742996310)
[2025-03-26T13:48:09.771+0000] {docker.py:69} INFO -   }
[2025-03-26T13:48:09.771+0000] {docker.py:69} INFO -   [17]=>
[2025-03-26T13:48:09.772+0000] {docker.py:69} INFO -   object(stdClass)#19 (3) {
[2025-03-26T13:48:09.772+0000] {docker.py:69} INFO -     ["contador"]=>
[2025-03-26T13:48:09.773+0000] {docker.py:69} INFO -     int(1)
[2025-03-26T13:48:09.774+0000] {docker.py:69} INFO -     ["container"]=>
[2025-03-26T13:48:09.774+0000] {docker.py:69} INFO -     string(8) "php-app2"
[2025-03-26T13:48:09.777+0000] {docker.py:69} INFO -     ["timestamp"]=>
[2025-03-26T13:48:09.778+0000] {docker.py:69} INFO -     int(1742996310)
[2025-03-26T13:48:09.781+0000] {docker.py:69} INFO -   }
[2025-03-26T13:48:09.781+0000] {docker.py:69} INFO -   [18]=>
[2025-03-26T13:48:09.782+0000] {docker.py:69} INFO -   object(stdClass)#20 (3) {
[2025-03-26T13:48:09.782+0000] {docker.py:69} INFO -     ["contador"]=>
[2025-03-26T13:48:09.783+0000] {docker.py:69} INFO -     int(1)
[2025-03-26T13:48:09.783+0000] {docker.py:69} INFO -     ["container"]=>
[2025-03-26T13:48:09.783+0000] {docker.py:69} INFO -     string(8) "php-app2"
[2025-03-26T13:48:09.784+0000] {docker.py:69} INFO -     ["timestamp"]=>
[2025-03-26T13:48:09.784+0000] {docker.py:69} INFO -     int(1742996310)
[2025-03-26T13:48:09.785+0000] {docker.py:69} INFO -   }
[2025-03-26T13:48:09.786+0000] {docker.py:69} INFO -   [19]=>
[2025-03-26T13:48:09.787+0000] {docker.py:69} INFO -   object(stdClass)#21 (3) {
[2025-03-26T13:48:09.787+0000] {docker.py:69} INFO -     ["contador"]=>
[2025-03-26T13:48:09.788+0000] {docker.py:69} INFO -     int(1)
[2025-03-26T13:48:09.788+0000] {docker.py:69} INFO -     ["container"]=>
[2025-03-26T13:48:09.789+0000] {docker.py:69} INFO -     string(8) "php-app1"
[2025-03-26T13:48:09.789+0000] {docker.py:69} INFO -     ["timestamp"]=>
[2025-03-26T13:48:09.790+0000] {docker.py:69} INFO -     int(1742996311)
[2025-03-26T13:48:09.790+0000] {docker.py:69} INFO -   }
[2025-03-26T13:48:09.790+0000] {docker.py:69} INFO -   [20]=>
[2025-03-26T13:48:09.797+0000] {docker.py:69} INFO -   object(stdClass)#22 (3) {
[2025-03-26T13:48:09.798+0000] {docker.py:69} INFO -     ["contador"]=>
[2025-03-26T13:48:09.799+0000] {docker.py:69} INFO -     int(1)
[2025-03-26T13:48:09.799+0000] {docker.py:69} INFO -     ["container"]=>
[2025-03-26T13:48:09.799+0000] {docker.py:69} INFO -     string(8) "php-app1"
[2025-03-26T13:48:09.800+0000] {docker.py:69} INFO -     ["timestamp"]=>
[2025-03-26T13:48:09.800+0000] {docker.py:69} INFO -     int(1742996311)
[2025-03-26T13:48:09.801+0000] {docker.py:69} INFO -   }
[2025-03-26T13:48:09.801+0000] {docker.py:69} INFO -   [21]=>
[2025-03-26T13:48:09.803+0000] {docker.py:69} INFO -   object(stdClass)#23 (3) {
[2025-03-26T13:48:09.804+0000] {docker.py:69} INFO -     ["contador"]=>
[2025-03-26T13:48:09.805+0000] {docker.py:69} INFO -     int(1)
[2025-03-26T13:48:09.808+0000] {docker.py:69} INFO -     ["container"]=>
[2025-03-26T13:48:09.809+0000] {docker.py:69} INFO -     string(8) "php-app2"
[2025-03-26T13:48:09.809+0000] {docker.py:69} INFO -     ["timestamp"]=>
[2025-03-26T13:48:09.811+0000] {docker.py:69} INFO -     int(1742996312)
[2025-03-26T13:48:09.811+0000] {docker.py:69} INFO -   }
[2025-03-26T13:48:09.814+0000] {docker.py:69} INFO -   [22]=>
[2025-03-26T13:48:09.815+0000] {docker.py:69} INFO -   object(stdClass)#24 (3) {
[2025-03-26T13:48:09.815+0000] {docker.py:69} INFO -     ["contador"]=>
[2025-03-26T13:48:09.816+0000] {docker.py:69} INFO -     int(1)
[2025-03-26T13:48:09.816+0000] {docker.py:69} INFO -     ["container"]=>
[2025-03-26T13:48:09.816+0000] {docker.py:69} INFO -     string(8) "php-app1"
[2025-03-26T13:48:09.817+0000] {docker.py:69} INFO -     ["timestamp"]=>
[2025-03-26T13:48:09.817+0000] {docker.py:69} INFO -     int(1742996313)
[2025-03-26T13:48:09.818+0000] {docker.py:69} INFO -   }
[2025-03-26T13:48:09.818+0000] {docker.py:69} INFO -   [23]=>
[2025-03-26T13:48:09.818+0000] {docker.py:69} INFO -   object(stdClass)#25 (3) {
[2025-03-26T13:48:09.819+0000] {docker.py:69} INFO -     ["contador"]=>
[2025-03-26T13:48:09.819+0000] {docker.py:69} INFO -     int(1)
[2025-03-26T13:48:09.828+0000] {docker.py:69} INFO -     ["container"]=>
[2025-03-26T13:48:09.846+0000] {docker.py:69} INFO -     string(8) "php-app1"
[2025-03-26T13:48:09.853+0000] {docker.py:69} INFO -     ["timestamp"]=>
[2025-03-26T13:48:09.858+0000] {docker.py:69} INFO -     int(1742996751)
[2025-03-26T13:48:09.859+0000] {docker.py:69} INFO -   }
[2025-03-26T13:48:09.859+0000] {docker.py:69} INFO -   [24]=>
[2025-03-26T13:48:09.860+0000] {docker.py:69} INFO -   object(stdClass)#26 (3) {
[2025-03-26T13:48:09.860+0000] {docker.py:69} INFO -     ["contador"]=>
[2025-03-26T13:48:09.863+0000] {docker.py:69} INFO -     int(1)
[2025-03-26T13:48:09.879+0000] {docker.py:69} INFO -     ["container"]=>
[2025-03-26T13:48:09.879+0000] {docker.py:69} INFO -     string(8) "php-app2"
[2025-03-26T13:48:09.880+0000] {docker.py:69} INFO -     ["timestamp"]=>
[2025-03-26T13:48:09.884+0000] {docker.py:69} INFO -     int(1742996751)
[2025-03-26T13:48:09.885+0000] {docker.py:69} INFO -   }
[2025-03-26T13:48:09.886+0000] {docker.py:69} INFO -   [25]=>
[2025-03-26T13:48:09.886+0000] {docker.py:69} INFO -   object(stdClass)#27 (3) {
[2025-03-26T13:48:09.887+0000] {docker.py:69} INFO -     ["contador"]=>
[2025-03-26T13:48:09.887+0000] {docker.py:69} INFO -     int(1)
[2025-03-26T13:48:09.910+0000] {docker.py:69} INFO -     ["container"]=>
[2025-03-26T13:48:09.911+0000] {docker.py:69} INFO -     string(8) "php-app2"
[2025-03-26T13:48:09.911+0000] {docker.py:69} INFO -     ["timestamp"]=>
[2025-03-26T13:48:09.912+0000] {docker.py:69} INFO -     int(1742996756)
[2025-03-26T13:48:09.914+0000] {docker.py:69} INFO -   }
[2025-03-26T13:48:09.915+0000] {docker.py:69} INFO -   [26]=>
[2025-03-26T13:48:09.915+0000] {docker.py:69} INFO -   object(stdClass)#28 (3) {
[2025-03-26T13:48:09.916+0000] {docker.py:69} INFO -     ["contador"]=>
[2025-03-26T13:48:09.916+0000] {docker.py:69} INFO -     int(1)
[2025-03-26T13:48:09.917+0000] {docker.py:69} INFO -     ["container"]=>
[2025-03-26T13:48:09.917+0000] {docker.py:69} INFO -     string(8) "php-app1"
[2025-03-26T13:48:09.918+0000] {docker.py:69} INFO -     ["timestamp"]=>
[2025-03-26T13:48:09.918+0000] {docker.py:69} INFO -     int(1742996756)
[2025-03-26T13:48:09.919+0000] {docker.py:69} INFO -   }
[2025-03-26T13:48:09.919+0000] {docker.py:69} INFO -   [27]=>
[2025-03-26T13:48:09.919+0000] {docker.py:69} INFO -   object(stdClass)#29 (3) {
[2025-03-26T13:48:09.920+0000] {docker.py:69} INFO -     ["contador"]=>
[2025-03-26T13:48:09.920+0000] {docker.py:69} INFO -     int(1)
[2025-03-26T13:48:09.921+0000] {docker.py:69} INFO -     ["container"]=>
[2025-03-26T13:48:09.921+0000] {docker.py:69} INFO -     string(8) "php-app1"
[2025-03-26T13:48:09.921+0000] {docker.py:69} INFO -     ["timestamp"]=>
[2025-03-26T13:48:09.922+0000] {docker.py:69} INFO -     int(1742996757)
[2025-03-26T13:48:09.922+0000] {docker.py:69} INFO -   }
[2025-03-26T13:48:09.922+0000] {docker.py:69} INFO -   [28]=>
[2025-03-26T13:48:09.923+0000] {docker.py:69} INFO -   object(stdClass)#30 (3) {
[2025-03-26T13:48:09.923+0000] {docker.py:69} INFO -     ["contador"]=>
[2025-03-26T13:48:09.924+0000] {docker.py:69} INFO -     int(1)
[2025-03-26T13:48:09.924+0000] {docker.py:69} INFO -     ["container"]=>
[2025-03-26T13:48:09.924+0000] {docker.py:69} INFO -     string(8) "php-app2"
[2025-03-26T13:48:09.925+0000] {docker.py:69} INFO -     ["timestamp"]=>
[2025-03-26T13:48:09.927+0000] {docker.py:69} INFO -     int(1742996757)
[2025-03-26T13:48:09.928+0000] {docker.py:69} INFO -   }
[2025-03-26T13:48:09.931+0000] {docker.py:69} INFO -   [29]=>
[2025-03-26T13:48:09.931+0000] {docker.py:69} INFO -   object(stdClass)#31 (3) {
[2025-03-26T13:48:09.931+0000] {docker.py:69} INFO -     ["contador"]=>
[2025-03-26T13:48:09.932+0000] {docker.py:69} INFO -     int(1)
[2025-03-26T13:48:09.932+0000] {docker.py:69} INFO -     ["container"]=>
[2025-03-26T13:48:09.933+0000] {docker.py:69} INFO -     string(8) "php-app2"
[2025-03-26T13:48:09.933+0000] {docker.py:69} INFO -     ["timestamp"]=>
[2025-03-26T13:48:09.934+0000] {docker.py:69} INFO -     int(1742996758)
[2025-03-26T13:48:09.934+0000] {docker.py:69} INFO -   }
[2025-03-26T13:48:09.935+0000] {docker.py:69} INFO -   [30]=>
[2025-03-26T13:48:09.935+0000] {docker.py:69} INFO -   object(stdClass)#32 (3) {
[2025-03-26T13:48:09.936+0000] {docker.py:69} INFO -     ["contador"]=>
[2025-03-26T13:48:09.936+0000] {docker.py:69} INFO -     int(1)
[2025-03-26T13:48:09.937+0000] {docker.py:69} INFO -     ["container"]=>
[2025-03-26T13:48:09.937+0000] {docker.py:69} INFO -     string(8) "php-app1"
[2025-03-26T13:48:09.938+0000] {docker.py:69} INFO -     ["timestamp"]=>
[2025-03-26T13:48:09.938+0000] {docker.py:69} INFO -     int(1742996760)
[2025-03-26T13:48:09.939+0000] {docker.py:69} INFO -   }
[2025-03-26T13:48:09.939+0000] {docker.py:69} INFO -   [31]=>
[2025-03-26T13:48:09.940+0000] {docker.py:69} INFO -   object(stdClass)#33 (3) {
[2025-03-26T13:48:09.940+0000] {docker.py:69} INFO -     ["contador"]=>
[2025-03-26T13:48:09.941+0000] {docker.py:69} INFO -     int(1)
[2025-03-26T13:48:09.941+0000] {docker.py:69} INFO -     ["container"]=>
[2025-03-26T13:48:09.942+0000] {docker.py:69} INFO -     string(8) "php-app2"
[2025-03-26T13:48:09.942+0000] {docker.py:69} INFO -     ["timestamp"]=>
[2025-03-26T13:48:09.942+0000] {docker.py:69} INFO -     int(1742996760)
[2025-03-26T13:48:09.943+0000] {docker.py:69} INFO -   }
[2025-03-26T13:48:09.943+0000] {docker.py:69} INFO -   [32]=>
[2025-03-26T13:48:09.944+0000] {docker.py:69} INFO -   object(stdClass)#34 (3) {
[2025-03-26T13:48:09.944+0000] {docker.py:69} INFO -     ["contador"]=>
[2025-03-26T13:48:09.944+0000] {docker.py:69} INFO -     int(1)
[2025-03-26T13:48:09.945+0000] {docker.py:69} INFO -     ["container"]=>
[2025-03-26T13:48:09.946+0000] {docker.py:69} INFO -     string(8) "php-app2"
[2025-03-26T13:48:09.946+0000] {docker.py:69} INFO -     ["timestamp"]=>
[2025-03-26T13:48:09.946+0000] {docker.py:69} INFO -     int(1742996761)
[2025-03-26T13:48:09.947+0000] {docker.py:69} INFO -   }
[2025-03-26T13:48:09.947+0000] {docker.py:69} INFO -   [33]=>
[2025-03-26T13:48:09.948+0000] {docker.py:69} INFO -   object(stdClass)#35 (3) {
[2025-03-26T13:48:09.948+0000] {docker.py:69} INFO -     ["contador"]=>
[2025-03-26T13:48:09.949+0000] {docker.py:69} INFO -     int(1)
[2025-03-26T13:48:09.949+0000] {docker.py:69} INFO -     ["container"]=>
[2025-03-26T13:48:09.949+0000] {docker.py:69} INFO -     string(8) "php-app1"
[2025-03-26T13:48:09.950+0000] {docker.py:69} INFO -     ["timestamp"]=>
[2025-03-26T13:48:09.950+0000] {docker.py:69} INFO -     int(1742996762)
[2025-03-26T13:48:09.951+0000] {docker.py:69} INFO -   }
[2025-03-26T13:48:09.951+0000] {docker.py:69} INFO -   [34]=>
[2025-03-26T13:48:09.952+0000] {docker.py:69} INFO -   object(stdClass)#36 (3) {
[2025-03-26T13:48:09.952+0000] {docker.py:69} INFO -     ["contador"]=>
[2025-03-26T13:48:09.953+0000] {docker.py:69} INFO -     int(1)
[2025-03-26T13:48:09.954+0000] {docker.py:69} INFO -     ["container"]=>
[2025-03-26T13:48:09.954+0000] {docker.py:69} INFO -     string(8) "php-app2"
[2025-03-26T13:48:09.955+0000] {docker.py:69} INFO -     ["timestamp"]=>
[2025-03-26T13:48:09.955+0000] {docker.py:69} INFO -     int(1742996762)
[2025-03-26T13:48:09.956+0000] {docker.py:69} INFO -   }
[2025-03-26T13:48:09.956+0000] {docker.py:69} INFO -   [35]=>
[2025-03-26T13:48:09.957+0000] {docker.py:69} INFO -   object(stdClass)#37 (3) {
[2025-03-26T13:48:09.957+0000] {docker.py:69} INFO -     ["contador"]=>
[2025-03-26T13:48:09.958+0000] {docker.py:69} INFO -     int(1)
[2025-03-26T13:48:09.958+0000] {docker.py:69} INFO -     ["container"]=>
[2025-03-26T13:48:09.959+0000] {docker.py:69} INFO -     string(8) "php-app1"
[2025-03-26T13:48:09.959+0000] {docker.py:69} INFO -     ["timestamp"]=>
[2025-03-26T13:48:09.960+0000] {docker.py:69} INFO -     int(1742996763)
[2025-03-26T13:48:09.960+0000] {docker.py:69} INFO -   }
[2025-03-26T13:48:09.961+0000] {docker.py:69} INFO -   [36]=>
[2025-03-26T13:48:09.961+0000] {docker.py:69} INFO -   object(stdClass)#38 (3) {
[2025-03-26T13:48:09.962+0000] {docker.py:69} INFO -     ["contador"]=>
[2025-03-26T13:48:09.962+0000] {docker.py:69} INFO -     int(1)
[2025-03-26T13:48:09.963+0000] {docker.py:69} INFO -     ["container"]=>
[2025-03-26T13:48:09.963+0000] {docker.py:69} INFO -     string(8) "php-app1"
[2025-03-26T13:48:09.964+0000] {docker.py:69} INFO -     ["timestamp"]=>
[2025-03-26T13:48:09.965+0000] {docker.py:69} INFO -     int(1742996763)
[2025-03-26T13:48:09.965+0000] {docker.py:69} INFO -   }
[2025-03-26T13:48:09.965+0000] {docker.py:69} INFO -   [37]=>
[2025-03-26T13:48:09.966+0000] {docker.py:69} INFO -   object(stdClass)#39 (3) {
[2025-03-26T13:48:09.966+0000] {docker.py:69} INFO -     ["contador"]=>
[2025-03-26T13:48:09.976+0000] {docker.py:69} INFO -     int(1)
[2025-03-26T13:48:09.977+0000] {docker.py:69} INFO -     ["container"]=>
[2025-03-26T13:48:09.977+0000] {docker.py:69} INFO -     string(8) "php-app2"
[2025-03-26T13:48:09.992+0000] {docker.py:69} INFO -     ["timestamp"]=>
[2025-03-26T13:48:10.008+0000] {docker.py:69} INFO -     int(1742996771)
[2025-03-26T13:48:10.011+0000] {docker.py:69} INFO -   }
[2025-03-26T13:48:10.012+0000] {docker.py:69} INFO -   [38]=>
[2025-03-26T13:48:10.012+0000] {docker.py:69} INFO -   object(stdClass)#40 (3) {
[2025-03-26T13:48:10.013+0000] {docker.py:69} INFO -     ["contador"]=>
[2025-03-26T13:48:10.013+0000] {docker.py:69} INFO -     int(1)
[2025-03-26T13:48:10.014+0000] {docker.py:69} INFO -     ["container"]=>
[2025-03-26T13:48:10.014+0000] {docker.py:69} INFO -     string(8) "php-app2"
[2025-03-26T13:48:10.015+0000] {docker.py:69} INFO -     ["timestamp"]=>
[2025-03-26T13:48:10.015+0000] {docker.py:69} INFO -     int(1742996773)
[2025-03-26T13:48:10.016+0000] {docker.py:69} INFO -   }
[2025-03-26T13:48:10.016+0000] {docker.py:69} INFO -   [39]=>
[2025-03-26T13:48:10.017+0000] {docker.py:69} INFO -   object(stdClass)#41 (3) {
[2025-03-26T13:48:10.017+0000] {docker.py:69} INFO -     ["contador"]=>
[2025-03-26T13:48:10.018+0000] {docker.py:69} INFO -     int(1)
[2025-03-26T13:48:10.018+0000] {docker.py:69} INFO -     ["container"]=>
[2025-03-26T13:48:10.018+0000] {docker.py:69} INFO -     string(8) "php-app1"
[2025-03-26T13:48:10.019+0000] {docker.py:69} INFO -     ["timestamp"]=>
[2025-03-26T13:48:10.019+0000] {docker.py:69} INFO -     int(1742996773)
[2025-03-26T13:48:10.019+0000] {docker.py:69} INFO -   }
[2025-03-26T13:48:10.020+0000] {docker.py:69} INFO -   [40]=>
[2025-03-26T13:48:10.020+0000] {docker.py:69} INFO -   object(stdClass)#42 (3) {
[2025-03-26T13:48:10.021+0000] {docker.py:69} INFO -     ["contador"]=>
[2025-03-26T13:48:10.021+0000] {docker.py:69} INFO -     int(1)
[2025-03-26T13:48:10.021+0000] {docker.py:69} INFO -     ["container"]=>
[2025-03-26T13:48:10.022+0000] {docker.py:69} INFO -     string(8) "php-app1"
[2025-03-26T13:48:10.062+0000] {docker.py:69} INFO -     ["timestamp"]=>
[2025-03-26T13:48:10.062+0000] {docker.py:69} INFO -     int(1742996775)
[2025-03-26T13:48:10.063+0000] {docker.py:69} INFO -   }
[2025-03-26T13:48:10.063+0000] {docker.py:69} INFO -   [41]=>
[2025-03-26T13:48:10.063+0000] {docker.py:69} INFO -   object(stdClass)#43 (3) {
[2025-03-26T13:48:10.064+0000] {docker.py:69} INFO -     ["contador"]=>
[2025-03-26T13:48:10.064+0000] {docker.py:69} INFO -     int(1)
[2025-03-26T13:48:10.065+0000] {docker.py:69} INFO -     ["container"]=>
[2025-03-26T13:48:10.065+0000] {docker.py:69} INFO -     string(8) "php-app2"
[2025-03-26T13:48:10.065+0000] {docker.py:69} INFO -     ["timestamp"]=>
[2025-03-26T13:48:10.066+0000] {docker.py:69} INFO -     int(1742996775)
[2025-03-26T13:48:10.066+0000] {docker.py:69} INFO -   }
[2025-03-26T13:48:10.067+0000] {docker.py:69} INFO -   [42]=>
[2025-03-26T13:48:10.068+0000] {docker.py:69} INFO -   object(stdClass)#44 (3) {
[2025-03-26T13:48:10.068+0000] {docker.py:69} INFO -     ["contador"]=>
[2025-03-26T13:48:10.069+0000] {docker.py:69} INFO -     int(1)
[2025-03-26T13:48:10.070+0000] {docker.py:69} INFO -     ["container"]=>
[2025-03-26T13:48:10.070+0000] {docker.py:69} INFO -     string(8) "php-app2"
[2025-03-26T13:48:10.071+0000] {docker.py:69} INFO -     ["timestamp"]=>
[2025-03-26T13:48:10.071+0000] {docker.py:69} INFO -     int(1742996775)
[2025-03-26T13:48:10.072+0000] {docker.py:69} INFO -   }
[2025-03-26T13:48:10.072+0000] {docker.py:69} INFO -   [43]=>
[2025-03-26T13:48:10.073+0000] {docker.py:69} INFO -   object(stdClass)#45 (3) {
[2025-03-26T13:48:10.073+0000] {docker.py:69} INFO -     ["contador"]=>
[2025-03-26T13:48:10.073+0000] {docker.py:69} INFO -     int(1)
[2025-03-26T13:48:10.074+0000] {docker.py:69} INFO -     ["container"]=>
[2025-03-26T13:48:10.074+0000] {docker.py:69} INFO -     string(8) "php-app1"
[2025-03-26T13:48:10.075+0000] {docker.py:69} INFO -     ["timestamp"]=>
[2025-03-26T13:48:10.075+0000] {docker.py:69} INFO -     int(1742996777)
[2025-03-26T13:48:10.076+0000] {docker.py:69} INFO -   }
[2025-03-26T13:48:10.077+0000] {docker.py:69} INFO -   [44]=>
[2025-03-26T13:48:10.078+0000] {docker.py:69} INFO -   object(stdClass)#46 (3) {
[2025-03-26T13:48:10.078+0000] {docker.py:69} INFO -     ["contador"]=>
[2025-03-26T13:48:10.078+0000] {docker.py:69} INFO -     int(1)
[2025-03-26T13:48:10.079+0000] {docker.py:69} INFO -     ["container"]=>
[2025-03-26T13:48:10.079+0000] {docker.py:69} INFO -     string(8) "php-app1"
[2025-03-26T13:48:10.080+0000] {docker.py:69} INFO -     ["timestamp"]=>
[2025-03-26T13:48:10.080+0000] {docker.py:69} INFO -     int(1742996779)
[2025-03-26T13:48:10.081+0000] {docker.py:69} INFO -   }
[2025-03-26T13:48:10.081+0000] {docker.py:69} INFO -   [45]=>
[2025-03-26T13:48:10.081+0000] {docker.py:69} INFO -   object(stdClass)#47 (3) {
[2025-03-26T13:48:10.082+0000] {docker.py:69} INFO -     ["contador"]=>
[2025-03-26T13:48:10.082+0000] {docker.py:69} INFO -     int(1)
[2025-03-26T13:48:10.083+0000] {docker.py:69} INFO -     ["container"]=>
[2025-03-26T13:48:10.083+0000] {docker.py:69} INFO -     string(8) "php-app2"
[2025-03-26T13:48:10.084+0000] {docker.py:69} INFO -     ["timestamp"]=>
[2025-03-26T13:48:10.084+0000] {docker.py:69} INFO -     int(1742996779)
[2025-03-26T13:48:10.085+0000] {docker.py:69} INFO -   }
[2025-03-26T13:48:10.086+0000] {docker.py:69} INFO -   [46]=>
[2025-03-26T13:48:10.087+0000] {docker.py:69} INFO -   object(stdClass)#48 (3) {
[2025-03-26T13:48:10.088+0000] {docker.py:69} INFO -     ["contador"]=>
[2025-03-26T13:48:10.088+0000] {docker.py:69} INFO -     int(1)
[2025-03-26T13:48:10.089+0000] {docker.py:69} INFO -     ["container"]=>
[2025-03-26T13:48:10.089+0000] {docker.py:69} INFO -     string(8) "php-app1"
[2025-03-26T13:48:10.089+0000] {docker.py:69} INFO -     ["timestamp"]=>
[2025-03-26T13:48:10.090+0000] {docker.py:69} INFO -     int(1742996781)
[2025-03-26T13:48:10.090+0000] {docker.py:69} INFO -   }
[2025-03-26T13:48:10.091+0000] {docker.py:69} INFO -   [47]=>
[2025-03-26T13:48:10.091+0000] {docker.py:69} INFO -   object(stdClass)#49 (3) {
[2025-03-26T13:48:10.093+0000] {docker.py:69} INFO -     ["contador"]=>
[2025-03-26T13:48:10.094+0000] {docker.py:69} INFO -     int(1)
[2025-03-26T13:48:10.094+0000] {docker.py:69} INFO -     ["container"]=>
[2025-03-26T13:48:10.094+0000] {docker.py:69} INFO -     string(8) "php-app1"
[2025-03-26T13:48:10.095+0000] {docker.py:69} INFO -     ["timestamp"]=>
[2025-03-26T13:48:10.095+0000] {docker.py:69} INFO -     int(1742996781)
[2025-03-26T13:48:10.096+0000] {docker.py:69} INFO -   }
[2025-03-26T13:48:10.096+0000] {docker.py:69} INFO -   [48]=>
[2025-03-26T13:48:10.097+0000] {docker.py:69} INFO -   object(stdClass)#50 (3) {
[2025-03-26T13:48:10.097+0000] {docker.py:69} INFO -     ["contador"]=>
[2025-03-26T13:48:10.097+0000] {docker.py:69} INFO -     int(1)
[2025-03-26T13:48:10.098+0000] {docker.py:69} INFO -     ["container"]=>
[2025-03-26T13:48:10.098+0000] {docker.py:69} INFO -     string(8) "php-app2"
[2025-03-26T13:48:10.098+0000] {docker.py:69} INFO -     ["timestamp"]=>
[2025-03-26T13:48:10.099+0000] {docker.py:69} INFO -     int(1742996781)
[2025-03-26T13:48:10.099+0000] {docker.py:69} INFO -   }
[2025-03-26T13:48:10.100+0000] {docker.py:69} INFO -   [49]=>
[2025-03-26T13:48:10.100+0000] {docker.py:69} INFO -   object(stdClass)#51 (3) {
[2025-03-26T13:48:10.101+0000] {docker.py:69} INFO -     ["contador"]=>
[2025-03-26T13:48:10.101+0000] {docker.py:69} INFO -     int(1)
[2025-03-26T13:48:10.102+0000] {docker.py:69} INFO -     ["container"]=>
[2025-03-26T13:48:10.102+0000] {docker.py:69} INFO -     string(8) "php-app1"
[2025-03-26T13:48:10.102+0000] {docker.py:69} INFO -     ["timestamp"]=>
[2025-03-26T13:48:10.103+0000] {docker.py:69} INFO -     int(1742996783)
[2025-03-26T13:48:10.103+0000] {docker.py:69} INFO -   }
[2025-03-26T13:48:10.104+0000] {docker.py:69} INFO -   [50]=>
[2025-03-26T13:48:10.104+0000] {docker.py:69} INFO -   object(stdClass)#52 (3) {
[2025-03-26T13:48:10.105+0000] {docker.py:69} INFO -     ["contador"]=>
[2025-03-26T13:48:10.105+0000] {docker.py:69} INFO -     int(1)
[2025-03-26T13:48:10.105+0000] {docker.py:69} INFO -     ["container"]=>
[2025-03-26T13:48:10.106+0000] {docker.py:69} INFO -     string(8) "php-app2"
[2025-03-26T13:48:10.107+0000] {docker.py:69} INFO -     ["timestamp"]=>
[2025-03-26T13:48:10.107+0000] {docker.py:69} INFO -     int(1742996783)
[2025-03-26T13:48:10.107+0000] {docker.py:69} INFO -   }
[2025-03-26T13:48:10.108+0000] {docker.py:69} INFO -   [51]=>
[2025-03-26T13:48:10.108+0000] {docker.py:69} INFO -   object(stdClass)#53 (3) {
[2025-03-26T13:48:10.109+0000] {docker.py:69} INFO -     ["contador"]=>
[2025-03-26T13:48:10.109+0000] {docker.py:69} INFO -     int(1)
[2025-03-26T13:48:10.110+0000] {docker.py:69} INFO -     ["container"]=>
[2025-03-26T13:48:10.111+0000] {docker.py:69} INFO - string(8) "
[2025-03-26T13:48:10.112+0000] {docker.py:69} INFO - php-app1"
[2025-03-26T13:48:10.112+0000] {docker.py:69} INFO -     ["timestamp"]=>
[2025-03-26T13:48:10.113+0000] {docker.py:69} INFO -     int(1742996783)
[2025-03-26T13:48:10.113+0000] {docker.py:69} INFO -   }
[2025-03-26T13:48:10.114+0000] {docker.py:69} INFO -   [52]=>
[2025-03-26T13:48:10.114+0000] {docker.py:69} INFO -   object(stdClass)#54 (3) {
[2025-03-26T13:48:10.115+0000] {docker.py:69} INFO -     ["contador"]=>
[2025-03-26T13:48:10.115+0000] {docker.py:69} INFO -     int(1)
[2025-03-26T13:48:10.117+0000] {docker.py:69} INFO -     ["container"]=>
[2025-03-26T13:48:10.117+0000] {docker.py:69} INFO -     string(8) "php-app2"
[2025-03-26T13:48:10.117+0000] {docker.py:69} INFO -     ["timestamp"]=>
[2025-03-26T13:48:10.118+0000] {docker.py:69} INFO -     int(1742996785)
[2025-03-26T13:48:10.118+0000] {docker.py:69} INFO -   }
[2025-03-26T13:48:10.119+0000] {docker.py:69} INFO -   [53]=>
[2025-03-26T13:48:10.119+0000] {docker.py:69} INFO -   object(stdClass)#55 (3) {
[2025-03-26T13:48:10.120+0000] {docker.py:69} INFO -     ["contador"]=>
[2025-03-26T13:48:10.120+0000] {docker.py:69} INFO -     int(1)
[2025-03-26T13:48:10.120+0000] {docker.py:69} INFO -     ["container"]=>
[2025-03-26T13:48:10.121+0000] {docker.py:69} INFO -     string(8) "php-app2"
[2025-03-26T13:48:10.121+0000] {docker.py:69} INFO -     ["timestamp"]=>
[2025-03-26T13:48:10.122+0000] {docker.py:69} INFO -     int(1742996789)
[2025-03-26T13:48:10.122+0000] {docker.py:69} INFO -   }
[2025-03-26T13:48:10.122+0000] {docker.py:69} INFO -   [54]=>
[2025-03-26T13:48:10.123+0000] {docker.py:69} INFO -   object(stdClass)#56 (3) {
[2025-03-26T13:48:10.123+0000] {docker.py:69} INFO -     ["contador"]=>
[2025-03-26T13:48:10.123+0000] {docker.py:69} INFO -     int(1)
[2025-03-26T13:48:10.124+0000] {docker.py:69} INFO -     ["container"]=>
[2025-03-26T13:48:10.124+0000] {docker.py:69} INFO -     string(8) "php-app1"
[2025-03-26T13:48:10.124+0000] {docker.py:69} INFO -     ["timestamp"]=>
[2025-03-26T13:48:10.126+0000] {docker.py:69} INFO -     int(1742996790)
[2025-03-26T13:48:10.127+0000] {docker.py:69} INFO -   }
[2025-03-26T13:48:10.127+0000] {docker.py:69} INFO -   [55]=>
[2025-03-26T13:48:10.127+0000] {docker.py:69} INFO -   object(stdClass)#57 (3) {
[2025-03-26T13:48:10.128+0000] {docker.py:69} INFO -     ["contador"]=>
[2025-03-26T13:48:10.128+0000] {docker.py:69} INFO -     int(1)
[2025-03-26T13:48:10.129+0000] {docker.py:69} INFO -     ["container"]=>
[2025-03-26T13:48:10.129+0000] {docker.py:69} INFO -     string(8) "php-app1"
[2025-03-26T13:48:10.129+0000] {docker.py:69} INFO -     ["timestamp"]=>
[2025-03-26T13:48:10.130+0000] {docker.py:69} INFO -     int(1742996790)
[2025-03-26T13:48:10.130+0000] {docker.py:69} INFO -   }
[2025-03-26T13:48:10.131+0000] {docker.py:69} INFO -   [56]=>
[2025-03-26T13:48:10.131+0000] {docker.py:69} INFO -   object(stdClass)#58 (3) {
[2025-03-26T13:48:10.131+0000] {docker.py:69} INFO -     ["contador"]=>
[2025-03-26T13:48:10.132+0000] {docker.py:69} INFO -     int(1)
[2025-03-26T13:48:10.132+0000] {docker.py:69} INFO -     ["container"]=>
[2025-03-26T13:48:10.133+0000] {docker.py:69} INFO -     string(8) "php-app2"
[2025-03-26T13:48:10.133+0000] {docker.py:69} INFO -     ["timestamp"]=>
[2025-03-26T13:48:10.133+0000] {docker.py:69} INFO -     int(1742996790)
[2025-03-26T13:48:10.134+0000] {docker.py:69} INFO -   }
[2025-03-26T13:48:10.134+0000] {docker.py:69} INFO -   [57]=>
[2025-03-26T13:48:10.135+0000] {docker.py:69} INFO -   object(stdClass)#59 (3) {
[2025-03-26T13:48:10.135+0000] {docker.py:69} INFO -     ["contador"]=>
[2025-03-26T13:48:10.135+0000] {docker.py:69} INFO -     int(1)
[2025-03-26T13:48:10.136+0000] {docker.py:69} INFO -     ["container"]=>
[2025-03-26T13:48:10.136+0000] {docker.py:69} INFO -     string(8) "php-app2"
[2025-03-26T13:48:10.137+0000] {docker.py:69} INFO -     ["timestamp"]=>
[2025-03-26T13:48:10.137+0000] {docker.py:69} INFO -     int(1742996791)
[2025-03-26T13:48:10.137+0000] {docker.py:69} INFO -   }
[2025-03-26T13:48:10.138+0000] {docker.py:69} INFO -   [58]=>
[2025-03-26T13:48:10.138+0000] {docker.py:69} INFO -   object(stdClass)#60 (3) {
[2025-03-26T13:48:10.139+0000] {docker.py:69} INFO -     ["contador"]=>
[2025-03-26T13:48:10.164+0000] {docker.py:69} INFO -     int(1)
[2025-03-26T13:48:10.164+0000] {docker.py:69} INFO -     ["container"]=>
[2025-03-26T13:48:10.165+0000] {docker.py:69} INFO -     string(8) "php-app1"
[2025-03-26T13:48:10.168+0000] {docker.py:69} INFO -     ["timestamp"]=>
[2025-03-26T13:48:10.169+0000] {docker.py:69} INFO -     int(1742996792)
[2025-03-26T13:48:10.169+0000] {docker.py:69} INFO -   }
[2025-03-26T13:48:10.170+0000] {docker.py:69} INFO -   [59]=>
[2025-03-26T13:48:10.170+0000] {docker.py:69} INFO -   object(stdClass)#61 (3) {
[2025-03-26T13:48:10.171+0000] {docker.py:69} INFO -     ["contador"]=>
[2025-03-26T13:48:10.171+0000] {docker.py:69} INFO -     int(1)
[2025-03-26T13:48:10.172+0000] {docker.py:69} INFO -     ["container"]=>
[2025-03-26T13:48:10.172+0000] {docker.py:69} INFO -     string(8) "php-app1"
[2025-03-26T13:48:10.173+0000] {docker.py:69} INFO -     ["timestamp"]=>
[2025-03-26T13:48:10.173+0000] {docker.py:69} INFO -     int(1742996793)
[2025-03-26T13:48:10.173+0000] {docker.py:69} INFO -   }
[2025-03-26T13:48:10.174+0000] {docker.py:69} INFO -   [60]=>
[2025-03-26T13:48:10.174+0000] {docker.py:69} INFO - object(stdClass)#62 (3) {
[2025-03-26T13:48:10.175+0000] {docker.py:69} INFO -     ["contador"]=>
[2025-03-26T13:48:10.175+0000] {docker.py:69} INFO -     int(1)
[2025-03-26T13:48:10.175+0000] {docker.py:69} INFO -     ["container"]=>
[2025-03-26T13:48:10.176+0000] {docker.py:69} INFO -     string(8) "php-app2"
[2025-03-26T13:48:10.176+0000] {docker.py:69} INFO -     ["timestamp"]=>
[2025-03-26T13:48:10.177+0000] {docker.py:69} INFO -     int(1742996794)
[2025-03-26T13:48:10.177+0000] {docker.py:69} INFO -   }
[2025-03-26T13:48:10.178+0000] {docker.py:69} INFO -   [61]=>
[2025-03-26T13:48:10.178+0000] {docker.py:69} INFO -   object(stdClass)#63 (3) {
[2025-03-26T13:48:10.178+0000] {docker.py:69} INFO -     ["contador"]=>
[2025-03-26T13:48:10.179+0000] {docker.py:69} INFO -     int(1)
[2025-03-26T13:48:10.179+0000] {docker.py:69} INFO -     ["container"]=>
[2025-03-26T13:48:10.180+0000] {docker.py:69} INFO -     string(8) "php-app1"
[2025-03-26T13:48:10.180+0000] {docker.py:69} INFO -     ["timestamp"]=>
[2025-03-26T13:48:10.180+0000] {docker.py:69} INFO -     int(1742996795)
[2025-03-26T13:48:10.181+0000] {docker.py:69} INFO -   }
[2025-03-26T13:48:10.181+0000] {docker.py:69} INFO -   [62]=>
[2025-03-26T13:48:10.181+0000] {docker.py:69} INFO -   object(stdClass)#64 (3) {
[2025-03-26T13:48:10.182+0000] {docker.py:69} INFO -     ["contador"]=>
[2025-03-26T13:48:10.182+0000] {docker.py:69} INFO -     int(1)
[2025-03-26T13:48:10.182+0000] {docker.py:69} INFO -     ["container"]=>
[2025-03-26T13:48:10.183+0000] {docker.py:69} INFO -     string(8) "php-app1"
[2025-03-26T13:48:10.183+0000] {docker.py:69} INFO -     ["timestamp"]=>
[2025-03-26T13:48:10.184+0000] {docker.py:69} INFO -     int(1742996797)
[2025-03-26T13:48:10.184+0000] {docker.py:69} INFO -   }
[2025-03-26T13:48:10.184+0000] {docker.py:69} INFO -   [63]=>
[2025-03-26T13:48:10.184+0000] {docker.py:69} INFO -   object(stdClass)#65 (3) {
[2025-03-26T13:48:10.185+0000] {docker.py:69} INFO -     ["contador"]=>
[2025-03-26T13:48:10.185+0000] {docker.py:69} INFO -     int(1)
[2025-03-26T13:48:10.185+0000] {docker.py:69} INFO -     ["container"]=>
[2025-03-26T13:48:10.186+0000] {docker.py:69} INFO -     string(8) "php-app2"
[2025-03-26T13:48:10.186+0000] {docker.py:69} INFO -     ["timestamp"]=>
[2025-03-26T13:48:10.187+0000] {docker.py:69} INFO -     int(1742996797)
[2025-03-26T13:48:10.187+0000] {docker.py:69} INFO -   }
[2025-03-26T13:48:10.187+0000] {docker.py:69} INFO -   [64]=>
[2025-03-26T13:48:10.188+0000] {docker.py:69} INFO -   object(stdClass)#66 (3) {
[2025-03-26T13:48:10.188+0000] {docker.py:69} INFO -     ["contador"]=>
[2025-03-26T13:48:10.188+0000] {docker.py:69} INFO -     int(1)
[2025-03-26T13:48:10.189+0000] {docker.py:69} INFO -     ["container"]=>
[2025-03-26T13:48:10.189+0000] {docker.py:69} INFO -     string(8) "php-app2"
[2025-03-26T13:48:10.189+0000] {docker.py:69} INFO -     ["timestamp"]=>
[2025-03-26T13:48:10.190+0000] {docker.py:69} INFO -     int(1742996797)
[2025-03-26T13:48:10.190+0000] {docker.py:69} INFO -   }
[2025-03-26T13:48:10.191+0000] {docker.py:69} INFO -   [65]=>
[2025-03-26T13:48:10.191+0000] {docker.py:69} INFO -   object(stdClass)#67 (3) {
[2025-03-26T13:48:10.191+0000] {docker.py:69} INFO -     ["contador"]=>
[2025-03-26T13:48:10.192+0000] {docker.py:69} INFO -     int(1)
[2025-03-26T13:48:10.192+0000] {docker.py:69} INFO -     ["container"]=>
[2025-03-26T13:48:10.193+0000] {docker.py:69} INFO -     string(8) "php-app1"
[2025-03-26T13:48:10.193+0000] {docker.py:69} INFO -     ["timestamp"]=>
[2025-03-26T13:48:10.193+0000] {docker.py:69} INFO -     int(1742996804)
[2025-03-26T13:48:10.194+0000] {docker.py:69} INFO -   }
[2025-03-26T13:48:10.194+0000] {docker.py:69} INFO -   [66]=>
[2025-03-26T13:48:10.194+0000] {docker.py:69} INFO -   object(stdClass)#68 (3) {
[2025-03-26T13:48:10.195+0000] {docker.py:69} INFO -     ["contador"]=>
[2025-03-26T13:48:10.195+0000] {docker.py:69} INFO -     int(1)
[2025-03-26T13:48:10.196+0000] {docker.py:69} INFO -     ["container"]=>
[2025-03-26T13:48:10.196+0000] {docker.py:69} INFO -     string(8) "php-app2"
[2025-03-26T13:48:10.196+0000] {docker.py:69} INFO -     ["timestamp"]=>
[2025-03-26T13:48:10.197+0000] {docker.py:69} INFO -     int(1742996806)
[2025-03-26T13:48:10.200+0000] {docker.py:69} INFO -   }
[2025-03-26T13:48:10.209+0000] {docker.py:69} INFO -   [67]=>
[2025-03-26T13:48:10.256+0000] {docker.py:69} INFO -   object(stdClass)#69 (3) {
[2025-03-26T13:48:10.257+0000] {docker.py:69} INFO -     ["contador"]=>
[2025-03-26T13:48:10.257+0000] {docker.py:69} INFO -     int(1)
[2025-03-26T13:48:10.258+0000] {docker.py:69} INFO -     ["container"]=>
[2025-03-26T13:48:10.258+0000] {docker.py:69} INFO -     string(8) "php-app2"
[2025-03-26T13:48:10.259+0000] {docker.py:69} INFO -     ["timestamp"]=>
[2025-03-26T13:48:10.259+0000] {docker.py:69} INFO -     int(1742996807)
[2025-03-26T13:48:10.259+0000] {docker.py:69} INFO -   }
[2025-03-26T13:48:10.260+0000] {docker.py:69} INFO -   [68]=>
[2025-03-26T13:48:10.260+0000] {docker.py:69} INFO -   object(stdClass)#70 (3) {
[2025-03-26T13:48:10.261+0000] {docker.py:69} INFO -     ["contador"]=>
[2025-03-26T13:48:10.261+0000] {docker.py:69} INFO -     int(1)
[2025-03-26T13:48:10.261+0000] {docker.py:69} INFO -     ["container"]=>
[2025-03-26T13:48:10.262+0000] {docker.py:69} INFO -     string(8) "php-app1"
[2025-03-26T13:48:10.262+0000] {docker.py:69} INFO -     ["timestamp"]=>
[2025-03-26T13:48:10.263+0000] {docker.py:69} INFO -     int(1742996807)
[2025-03-26T13:48:10.263+0000] {docker.py:69} INFO -   }
[2025-03-26T13:48:10.264+0000] {docker.py:69} INFO -   [69]=>
[2025-03-26T13:48:10.264+0000] {docker.py:69} INFO - object(stdClass)#71 (3) {
[2025-03-26T13:48:10.265+0000] {docker.py:69} INFO -     ["contador"]=>
[2025-03-26T13:48:10.265+0000] {docker.py:69} INFO -     int(1)
[2025-03-26T13:48:10.266+0000] {docker.py:69} INFO -     ["container"]=>
[2025-03-26T13:48:10.266+0000] {docker.py:69} INFO -     string(8) "php-app2"
[2025-03-26T13:48:10.267+0000] {docker.py:69} INFO -     ["timestamp"]=>
[2025-03-26T13:48:10.267+0000] {docker.py:69} INFO -     int(1742996809)
[2025-03-26T13:48:10.268+0000] {docker.py:69} INFO -   }
[2025-03-26T13:48:10.268+0000] {docker.py:69} INFO -   [70]=>
[2025-03-26T13:48:10.278+0000] {docker.py:69} INFO -   object(stdClass)#72 (3) {
[2025-03-26T13:48:10.279+0000] {docker.py:69} INFO -     ["contador"]=>
[2025-03-26T13:48:10.279+0000] {docker.py:69} INFO -     int(1)
[2025-03-26T13:48:10.280+0000] {docker.py:69} INFO -     ["container"]=>
[2025-03-26T13:48:10.280+0000] {docker.py:69} INFO -     string(8) "php-app1"
[2025-03-26T13:48:10.280+0000] {docker.py:69} INFO -     ["timestamp"]=>
[2025-03-26T13:48:10.281+0000] {docker.py:69} INFO -     int(1742996810)
[2025-03-26T13:48:10.282+0000] {docker.py:69} INFO -   }
[2025-03-26T13:48:10.282+0000] {docker.py:69} INFO -   [71]=>
[2025-03-26T13:48:10.283+0000] {docker.py:69} INFO -   object(stdClass)#73 (3) {
[2025-03-26T13:48:10.284+0000] {docker.py:69} INFO -     ["contador"]=>
[2025-03-26T13:48:10.284+0000] {docker.py:69} INFO -     int(1)
[2025-03-26T13:48:10.286+0000] {docker.py:69} INFO -     ["container"]=>
[2025-03-26T13:48:10.288+0000] {docker.py:69} INFO -     string(8) "php-app1"
[2025-03-26T13:48:10.290+0000] {docker.py:69} INFO -     ["timestamp"]=>
[2025-03-26T13:48:10.291+0000] {docker.py:69} INFO -     int(1742996812)
[2025-03-26T13:48:10.292+0000] {docker.py:69} INFO -   }
[2025-03-26T13:48:10.293+0000] {docker.py:69} INFO -   [72]=>
[2025-03-26T13:48:10.293+0000] {docker.py:69} INFO -   object(stdClass)#74 (3) {
[2025-03-26T13:48:10.294+0000] {docker.py:69} INFO -     ["contador"]=>
[2025-03-26T13:48:10.295+0000] {docker.py:69} INFO -     int(1)
[2025-03-26T13:48:10.295+0000] {docker.py:69} INFO -     ["container"]=>
[2025-03-26T13:48:10.296+0000] {docker.py:69} INFO -     string(8) "php-app2"
[2025-03-26T13:48:10.296+0000] {docker.py:69} INFO -     ["timestamp"]=>
[2025-03-26T13:48:10.296+0000] {docker.py:69} INFO -     int(1742996813)
[2025-03-26T13:48:10.297+0000] {docker.py:69} INFO -   }
[2025-03-26T13:48:10.297+0000] {docker.py:69} INFO -   [73]=>
[2025-03-26T13:48:10.297+0000] {docker.py:69} INFO -   object(stdClass)#75 (3) {
[2025-03-26T13:48:10.297+0000] {docker.py:69} INFO -     ["contador"]=>
[2025-03-26T13:48:10.298+0000] {docker.py:69} INFO -     int(1)
[2025-03-26T13:48:10.298+0000] {docker.py:69} INFO -     ["container"]=>
[2025-03-26T13:48:10.299+0000] {docker.py:69} INFO -     string(8) "php-app1"
[2025-03-26T13:48:10.299+0000] {docker.py:69} INFO -     ["timestamp"]=>
[2025-03-26T13:48:10.300+0000] {docker.py:69} INFO -     int(1742996813)
[2025-03-26T13:48:10.300+0000] {docker.py:69} INFO -   }
[2025-03-26T13:48:10.300+0000] {docker.py:69} INFO -   [74]=>
[2025-03-26T13:48:10.300+0000] {docker.py:69} INFO -   object(stdClass)#76 (3) {
[2025-03-26T13:48:10.301+0000] {docker.py:69} INFO -     ["contador"]=>
[2025-03-26T13:48:10.302+0000] {docker.py:69} INFO -     int(1)
[2025-03-26T13:48:10.302+0000] {docker.py:69} INFO -     ["container"]=>
[2025-03-26T13:48:10.303+0000] {docker.py:69} INFO -     string(8) "php-app2"
[2025-03-26T13:48:10.303+0000] {docker.py:69} INFO -     ["timestamp"]=>
[2025-03-26T13:48:10.304+0000] {docker.py:69} INFO -     int(1742996815)
[2025-03-26T13:48:10.304+0000] {docker.py:69} INFO -   }
[2025-03-26T13:48:10.305+0000] {docker.py:69} INFO -   [75]=>
[2025-03-26T13:48:10.305+0000] {docker.py:69} INFO -   object(stdClass)#77 (3) {
[2025-03-26T13:48:10.306+0000] {docker.py:69} INFO -     ["contador"]=>
[2025-03-26T13:48:10.306+0000] {docker.py:69} INFO -     int(1)
[2025-03-26T13:48:10.307+0000] {docker.py:69} INFO -     ["container"]=>
[2025-03-26T13:48:10.307+0000] {docker.py:69} INFO -     string(8) "php-app1"
[2025-03-26T13:48:10.308+0000] {docker.py:69} INFO -     ["timestamp"]=>
[2025-03-26T13:48:10.308+0000] {docker.py:69} INFO -     int(1742996816)
[2025-03-26T13:48:10.309+0000] {docker.py:69} INFO -   }
[2025-03-26T13:48:10.309+0000] {docker.py:69} INFO -   [76]=>
[2025-03-26T13:48:10.310+0000] {docker.py:69} INFO -   object(stdClass)#78 (3) {
[2025-03-26T13:48:10.310+0000] {docker.py:69} INFO -     ["contador"]=>
[2025-03-26T13:48:10.310+0000] {docker.py:69} INFO -     int(1)
[2025-03-26T13:48:10.311+0000] {docker.py:69} INFO -     ["container"]=>
[2025-03-26T13:48:10.311+0000] {docker.py:69} INFO -     string(8) "php-app2
[2025-03-26T13:48:10.312+0000] {docker.py:69} INFO - "
[2025-03-26T13:48:10.312+0000] {docker.py:69} INFO -     ["timestamp"]=>
[2025-03-26T13:48:10.312+0000] {docker.py:69} INFO -     int(1742996816)
[2025-03-26T13:48:10.313+0000] {docker.py:69} INFO -   }
[2025-03-26T13:48:10.313+0000] {docker.py:69} INFO -   [77]=>
[2025-03-26T13:48:10.314+0000] {docker.py:69} INFO -   object(stdClass)#79 (3) {
[2025-03-26T13:48:10.314+0000] {docker.py:69} INFO -     ["contador"]=>
[2025-03-26T13:48:10.314+0000] {docker.py:69} INFO -     int(1)
[2025-03-26T13:48:10.315+0000] {docker.py:69} INFO -     ["container"]=>
[2025-03-26T13:48:10.315+0000] {docker.py:69} INFO -     string(8) "php-app1"
[2025-03-26T13:48:10.315+0000] {docker.py:69} INFO -     ["timestamp"]=>
[2025-03-26T13:48:10.316+0000] {docker.py:69} INFO -     int(1742996816)
[2025-03-26T13:48:10.316+0000] {docker.py:69} INFO -   }
[2025-03-26T13:48:10.317+0000] {docker.py:69} INFO -   [78]=>
[2025-03-26T13:48:10.317+0000] {docker.py:69} INFO -   object(stdClass)#80 (3) {
[2025-03-26T13:48:10.317+0000] {docker.py:69} INFO -     ["contador"]=>
[2025-03-26T13:48:10.318+0000] {docker.py:69} INFO -     int(1)
[2025-03-26T13:48:10.318+0000] {docker.py:69} INFO -     ["container"]=>
[2025-03-26T13:48:10.319+0000] {docker.py:69} INFO -     string(8) "php-app1"
[2025-03-26T13:48:10.319+0000] {docker.py:69} INFO -     ["timestamp"]=>
[2025-03-26T13:48:10.319+0000] {docker.py:69} INFO -     int(1742996817)
[2025-03-26T13:48:10.320+0000] {docker.py:69} INFO -   }
[2025-03-26T13:48:10.320+0000] {docker.py:69} INFO -   [79]=>
[2025-03-26T13:48:10.321+0000] {docker.py:69} INFO -   object(stdClass)#81 (3) {
[2025-03-26T13:48:10.321+0000] {docker.py:69} INFO -     ["contador"]=>
[2025-03-26T13:48:10.322+0000] {docker.py:69} INFO -     int(1)
[2025-03-26T13:48:10.322+0000] {docker.py:69} INFO -     ["container"]=>
[2025-03-26T13:48:10.322+0000] {docker.py:69} INFO -     string(8) "php-app2"
[2025-03-26T13:48:10.323+0000] {docker.py:69} INFO -     ["timestamp"]=>
[2025-03-26T13:48:10.323+0000] {docker.py:69} INFO -     int(1742996817)
[2025-03-26T13:48:10.323+0000] {docker.py:69} INFO -   }
[2025-03-26T13:48:10.324+0000] {docker.py:69} INFO -   [80]=>
[2025-03-26T13:48:10.324+0000] {docker.py:69} INFO -   object(stdClass)#82 (3) {
[2025-03-26T13:48:10.325+0000] {docker.py:69} INFO -     ["contador"]=>
[2025-03-26T13:48:10.325+0000] {docker.py:69} INFO -     int(1)
[2025-03-26T13:48:10.326+0000] {docker.py:69} INFO -     ["container"]=>
[2025-03-26T13:48:10.326+0000] {docker.py:69} INFO -     string(8) "php-app2"
[2025-03-26T13:48:10.326+0000] {docker.py:69} INFO -     ["timestamp"]=>
[2025-03-26T13:48:10.327+0000] {docker.py:69} INFO -     int(1742996818)
[2025-03-26T13:48:10.327+0000] {docker.py:69} INFO -   }
[2025-03-26T13:48:10.327+0000] {docker.py:69} INFO -   [81]=>
[2025-03-26T13:48:10.328+0000] {docker.py:69} INFO -   object(stdClass)#83 (3) {
[2025-03-26T13:48:10.328+0000] {docker.py:69} INFO -     ["contador"]=>
[2025-03-26T13:48:10.329+0000] {docker.py:69} INFO -     int(1)
[2025-03-26T13:48:10.329+0000] {docker.py:69} INFO -     ["container"]=>
[2025-03-26T13:48:10.329+0000] {docker.py:69} INFO -     string(8) "php-app1"
[2025-03-26T13:48:10.330+0000] {docker.py:69} INFO -     ["timestamp"]=>
[2025-03-26T13:48:10.330+0000] {docker.py:69} INFO -     int(1742996821)
[2025-03-26T13:48:10.331+0000] {docker.py:69} INFO -   }
[2025-03-26T13:48:10.331+0000] {docker.py:69} INFO -   [82]=>
[2025-03-26T13:48:10.331+0000] {docker.py:69} INFO -   object(stdClass)#84 (3) {
[2025-03-26T13:48:10.332+0000] {docker.py:69} INFO -     ["contador"]=>
[2025-03-26T13:48:10.332+0000] {docker.py:69} INFO -     int(1)
[2025-03-26T13:48:10.333+0000] {docker.py:69} INFO -     ["container"]=>
[2025-03-26T13:48:10.333+0000] {docker.py:69} INFO -     string(8) "php-app1"
[2025-03-26T13:48:10.333+0000] {docker.py:69} INFO -     ["timestamp"]=>
[2025-03-26T13:48:10.334+0000] {docker.py:69} INFO -     int(1742996824)
[2025-03-26T13:48:10.334+0000] {docker.py:69} INFO - }
[2025-03-26T13:48:10.335+0000] {docker.py:69} INFO -   [83]=>
[2025-03-26T13:48:10.335+0000] {docker.py:69} INFO -   object(stdClass)#85 (3) {
[2025-03-26T13:48:10.336+0000] {docker.py:69} INFO -     ["contador"]=>
[2025-03-26T13:48:10.336+0000] {docker.py:69} INFO -     int(1)
[2025-03-26T13:48:10.336+0000] {docker.py:69} INFO -     ["container"]=>
[2025-03-26T13:48:10.337+0000] {docker.py:69} INFO -     string(8) "php-app2"
[2025-03-26T13:48:10.337+0000] {docker.py:69} INFO -     ["timestamp"]=>
[2025-03-26T13:48:10.337+0000] {docker.py:69} INFO -     int(1742996825)
[2025-03-26T13:48:10.338+0000] {docker.py:69} INFO -   }
[2025-03-26T13:48:10.338+0000] {docker.py:69} INFO -   [84]=>
[2025-03-26T13:48:10.339+0000] {docker.py:69} INFO -   object(stdClass)#86 (3) {
[2025-03-26T13:48:10.339+0000] {docker.py:69} INFO -     [
[2025-03-26T13:48:10.339+0000] {docker.py:69} INFO - "contador"]=>
[2025-03-26T13:48:10.340+0000] {docker.py:69} INFO -     int(1)
[2025-03-26T13:48:10.340+0000] {docker.py:69} INFO -     ["container"]=>
[2025-03-26T13:48:10.341+0000] {docker.py:69} INFO -     string(8) "php-app2"
[2025-03-26T13:48:10.341+0000] {docker.py:69} INFO -     ["timestamp"]=>
[2025-03-26T13:48:10.342+0000] {docker.py:69} INFO -     int(1742996826)
[2025-03-26T13:48:10.342+0000] {docker.py:69} INFO -   }
[2025-03-26T13:48:10.343+0000] {docker.py:69} INFO -   [85]=>
[2025-03-26T13:48:10.343+0000] {docker.py:69} INFO -   object(stdClass)#87 (3) {
[2025-03-26T13:48:10.344+0000] {docker.py:69} INFO -     ["contador"]=>
[2025-03-26T13:48:10.344+0000] {docker.py:69} INFO -     int(1)
[2025-03-26T13:48:10.344+0000] {docker.py:69} INFO -     ["container"]=>
[2025-03-26T13:48:10.345+0000] {docker.py:69} INFO -     string(8) "php-app2"
[2025-03-26T13:48:10.345+0000] {docker.py:69} INFO -     ["timestamp"]=>
[2025-03-26T13:48:10.345+0000] {docker.py:69} INFO -     int(1742996826)
[2025-03-26T13:48:10.346+0000] {docker.py:69} INFO -   }
[2025-03-26T13:48:10.346+0000] {docker.py:69} INFO -   [86]=>
[2025-03-26T13:48:10.347+0000] {docker.py:69} INFO -   object(stdClass)#88 (3) {
[2025-03-26T13:48:10.347+0000] {docker.py:69} INFO -     ["contador"]=>
[2025-03-26T13:48:10.348+0000] {docker.py:69} INFO -     int(1)
[2025-03-26T13:48:10.348+0000] {docker.py:69} INFO -     ["container"]=>
[2025-03-26T13:48:10.348+0000] {docker.py:69} INFO -     string(8) "php-app1"
[2025-03-26T13:48:10.349+0000] {docker.py:69} INFO -     ["timestamp"]=>
[2025-03-26T13:48:10.349+0000] {docker.py:69} INFO -     int(1742996827)
[2025-03-26T13:48:10.350+0000] {docker.py:69} INFO -   }
[2025-03-26T13:48:10.350+0000] {docker.py:69} INFO -   [87]=>
[2025-03-26T13:48:10.350+0000] {docker.py:69} INFO -   object(stdClass)#89 (3) {
[2025-03-26T13:48:10.351+0000] {docker.py:69} INFO -     ["contador"]=>
[2025-03-26T13:48:10.351+0000] {docker.py:69} INFO -     int(1)
[2025-03-26T13:48:10.352+0000] {docker.py:69} INFO -     ["container"]=>
[2025-03-26T13:48:10.352+0000] {docker.py:69} INFO -     string(8) "php-app2"
[2025-03-26T13:48:10.353+0000] {docker.py:69} INFO -     ["timestamp"]=>
[2025-03-26T13:48:10.354+0000] {docker.py:69} INFO -     int(1742996828)
[2025-03-26T13:48:10.355+0000] {docker.py:69} INFO -   }
[2025-03-26T13:48:10.355+0000] {docker.py:69} INFO -   [88]=>
[2025-03-26T13:48:10.357+0000] {docker.py:69} INFO -   object(stdClass)#90 (3) {
[2025-03-26T13:48:10.357+0000] {docker.py:69} INFO -     ["contador"]=>
[2025-03-26T13:48:10.358+0000] {docker.py:69} INFO -     int(1)
[2025-03-26T13:48:10.361+0000] {docker.py:69} INFO -     ["container"]=>
[2025-03-26T13:48:10.363+0000] {docker.py:69} INFO -     string(8) "php-app1"
[2025-03-26T13:48:10.364+0000] {docker.py:69} INFO -     ["timestamp"]=>
[2025-03-26T13:48:10.364+0000] {docker.py:69} INFO -     int(1742996828)
[2025-03-26T13:48:10.365+0000] {docker.py:69} INFO -   }
[2025-03-26T13:48:10.365+0000] {docker.py:69} INFO -   [89]=>
[2025-03-26T13:48:10.366+0000] {docker.py:69} INFO -   object(stdClass)#91 (3) {
[2025-03-26T13:48:10.366+0000] {docker.py:69} INFO -     ["contador"]=>
[2025-03-26T13:48:10.367+0000] {docker.py:69} INFO -     int(1)
[2025-03-26T13:48:10.367+0000] {docker.py:69} INFO -     ["container"]=>
[2025-03-26T13:48:10.368+0000] {docker.py:69} INFO -     string(8) "php-app2"
[2025-03-26T13:48:10.368+0000] {docker.py:69} INFO -     ["timestamp"]=>
[2025-03-26T13:48:10.368+0000] {docker.py:69} INFO -     int(1742996829)
[2025-03-26T13:48:10.369+0000] {docker.py:69} INFO -   }
[2025-03-26T13:48:10.369+0000] {docker.py:69} INFO -   [90]=>
[2025-03-26T13:48:10.370+0000] {docker.py:69} INFO -   object(stdClass)#92 (3) {
[2025-03-26T13:48:10.370+0000] {docker.py:69} INFO -     ["contador"]=>
[2025-03-26T13:48:10.370+0000] {docker.py:69} INFO -     int(1)
[2025-03-26T13:48:10.371+0000] {docker.py:69} INFO -     ["container"]=>
[2025-03-26T13:48:10.371+0000] {docker.py:69} INFO -     string(8) "php-app1"
[2025-03-26T13:48:10.371+0000] {docker.py:69} INFO -     ["timestamp"]=>
[2025-03-26T13:48:10.372+0000] {docker.py:69} INFO -     int(1742996829)
[2025-03-26T13:48:10.372+0000] {docker.py:69} INFO -   }
[2025-03-26T13:48:10.373+0000] {docker.py:69} INFO -   [91]=>
[2025-03-26T13:48:10.373+0000] {docker.py:69} INFO -   object(stdClass)#93 (3) {
[2025-03-26T13:48:10.373+0000] {docker.py:69} INFO -     ["contador"]=>
[2025-03-26T13:48:10.374+0000] {docker.py:69} INFO -     int(1)
[2025-03-26T13:48:10.374+0000] {docker.py:69} INFO -     ["container"]=>
[2025-03-26T13:48:10.375+0000] {docker.py:69} INFO -     string(8) "php-app2"
[2025-03-26T13:48:10.375+0000] {docker.py:69} INFO -     ["timestamp"]=>
[2025-03-26T13:48:10.375+0000] {docker.py:69} INFO -     int(1742996838)
[2025-03-26T13:48:10.376+0000] {docker.py:69} INFO -   }
[2025-03-26T13:48:10.376+0000] {docker.py:69} INFO -   [92]=>
[2025-03-26T13:48:10.377+0000] {docker.py:69} INFO -   object(stdClass)#94 (3) {
[2025-03-26T13:48:10.377+0000] {docker.py:69} INFO -     ["contador"]=>
[2025-03-26T13:48:10.377+0000] {docker.py:69} INFO -     int(1)
[2025-03-26T13:48:10.378+0000] {docker.py:69} INFO -     ["container"]=>
[2025-03-26T13:48:10.378+0000] {docker.py:69} INFO -     string(8) "php-app1"
[2025-03-26T13:48:10.378+0000] {docker.py:69} INFO -     ["timestamp"]=>
[2025-03-26T13:48:10.379+0000] {docker.py:69} INFO -     int(1742996841)
[2025-03-26T13:48:10.379+0000] {docker.py:69} INFO -   }
[2025-03-26T13:48:10.379+0000] {docker.py:69} INFO -   [93]=>
[2025-03-26T13:48:10.381+0000] {docker.py:69} INFO -   object(stdClass)#95 (3) {
[2025-03-26T13:48:10.381+0000] {docker.py:69} INFO -     ["contador"]=>
[2025-03-26T13:48:10.382+0000] {docker.py:69} INFO -     int(1)
[2025-03-26T13:48:10.382+0000] {docker.py:69} INFO -     ["container"]=>
[2025-03-26T13:48:10.383+0000] {docker.py:69} INFO -     string(8) "php-app2"
[2025-03-26T13:48:10.383+0000] {docker.py:69} INFO -     ["timestamp"]=>
[2025-03-26T13:48:10.384+0000] {docker.py:69} INFO -     int(1742996842)
[2025-03-26T13:48:10.384+0000] {docker.py:69} INFO -   }
[2025-03-26T13:48:10.385+0000] {docker.py:69} INFO -   [94]=>
[2025-03-26T13:48:10.385+0000] {docker.py:69} INFO -   object(stdClass)#96 (3) {
[2025-03-26T13:48:10.386+0000] {docker.py:69} INFO -     ["contador"]=>
[2025-03-26T13:48:10.386+0000] {docker.py:69} INFO -     int(1)
[2025-03-26T13:48:10.386+0000] {docker.py:69} INFO -     ["container"]=>
[2025-03-26T13:48:10.387+0000] {docker.py:69} INFO -     string(8) "php-app1"
[2025-03-26T13:48:10.387+0000] {docker.py:69} INFO -     ["timestamp"]=>
[2025-03-26T13:48:10.388+0000] {docker.py:69} INFO -     int(1742996843)
[2025-03-26T13:48:10.388+0000] {docker.py:69} INFO -   }
[2025-03-26T13:48:10.389+0000] {docker.py:69} INFO -   [95]=>
[2025-03-26T13:48:10.389+0000] {docker.py:69} INFO -   object(stdClass)#97 (3) {
[2025-03-26T13:48:10.390+0000] {docker.py:69} INFO -     ["contador"]=>
[2025-03-26T13:48:10.390+0000] {docker.py:69} INFO -     int(1)
[2025-03-26T13:48:10.390+0000] {docker.py:69} INFO -     ["container"]=>
[2025-03-26T13:48:10.391+0000] {docker.py:69} INFO -     string(8) "php-app2"
[2025-03-26T13:48:10.391+0000] {docker.py:69} INFO -     ["timestamp"]=>
[2025-03-26T13:48:10.392+0000] {docker.py:69} INFO -     int(1742996843)
[2025-03-26T13:48:10.392+0000] {docker.py:69} INFO -   }
[2025-03-26T13:48:10.393+0000] {docker.py:69} INFO -   [96]=>
[2025-03-26T13:48:10.393+0000] {docker.py:69} INFO -   object(stdClass)#98 (3) {
[2025-03-26T13:48:10.394+0000] {docker.py:69} INFO -     ["contador"]=>
[2025-03-26T13:48:10.394+0000] {docker.py:69} INFO -     int(1)
[2025-03-26T13:48:10.394+0000] {docker.py:69} INFO -     ["container"]=>
[2025-03-26T13:48:10.395+0000] {docker.py:69} INFO -     string(8) "php-app1"
[2025-03-26T13:48:10.395+0000] {docker.py:69} INFO -     ["timestamp"]=>
[2025-03-26T13:48:10.396+0000] {docker.py:69} INFO -     int(1742996844)
[2025-03-26T13:48:10.396+0000] {docker.py:69} INFO -   }
[2025-03-26T13:48:10.396+0000] {docker.py:69} INFO -   [97]=>
[2025-03-26T13:48:10.397+0000] {docker.py:69} INFO -   object(stdClass)#99 (3) {
[2025-03-26T13:48:10.397+0000] {docker.py:69} INFO -     ["contador"]=>
[2025-03-26T13:48:10.398+0000] {docker.py:69} INFO -     int(1)
[2025-03-26T13:48:10.398+0000] {docker.py:69} INFO -     ["container"]=>
[2025-03-26T13:48:10.399+0000] {docker.py:69} INFO -     string(8) "php-app1"
[2025-03-26T13:48:10.399+0000] {docker.py:69} INFO -     ["timestamp"]=>
[2025-03-26T13:48:10.400+0000] {docker.py:69} INFO -     int(1742996849)
[2025-03-26T13:48:10.401+0000] {docker.py:69} INFO -   }
[2025-03-26T13:48:10.401+0000] {docker.py:69} INFO -   [98]=>
[2025-03-26T13:48:10.401+0000] {docker.py:69} INFO -   object(stdClass)#100 (3) {
[2025-03-26T13:48:10.402+0000] {docker.py:69} INFO -     ["contador"]=>
[2025-03-26T13:48:10.402+0000] {docker.py:69} INFO -     int(1)
[2025-03-26T13:48:10.402+0000] {docker.py:69} INFO -     ["container"]=>
[2025-03-26T13:48:10.403+0000] {docker.py:69} INFO -     string(8) "php-app2"
[2025-03-26T13:48:10.403+0000] {docker.py:69} INFO -     ["timestamp"]=>
[2025-03-26T13:48:10.403+0000] {docker.py:69} INFO -     int(1742996849)
[2025-03-26T13:48:10.403+0000] {docker.py:69} INFO -   }
[2025-03-26T13:48:10.404+0000] {docker.py:69} INFO -   [99]=>
[2025-03-26T13:48:10.404+0000] {docker.py:69} INFO -   object(stdClass)#101 (3) {
[2025-03-26T13:48:10.405+0000] {docker.py:69} INFO -     ["contador"]=>
[2025-03-26T13:48:10.405+0000] {docker.py:69} INFO -     int(1)
[2025-03-26T13:48:10.406+0000] {docker.py:69} INFO -     ["container"]=>
[2025-03-26T13:48:10.406+0000] {docker.py:69} INFO -     string(8) "php-app2"
[2025-03-26T13:48:10.407+0000] {docker.py:69} INFO -     ["timestamp"]=>
[2025-03-26T13:48:10.408+0000] {docker.py:69} INFO -     int(1742996849)
[2025-03-26T13:48:10.408+0000] {docker.py:69} INFO -   }
[2025-03-26T13:48:10.409+0000] {docker.py:69} INFO -   [100]=>
[2025-03-26T13:48:10.411+0000] {docker.py:69} INFO -   object(stdClass)#102 (3) {
[2025-03-26T13:48:10.413+0000] {docker.py:69} INFO -     ["contador"]=>
[2025-03-26T13:48:10.415+0000] {docker.py:69} INFO -     int(1)
[2025-03-26T13:48:10.415+0000] {docker.py:69} INFO -     ["container"]=>
[2025-03-26T13:48:10.416+0000] {docker.py:69} INFO -     string(8) "php-app2"
[2025-03-26T13:48:10.416+0000] {docker.py:69} INFO -     ["timestamp"]=>
[2025-03-26T13:48:10.416+0000] {docker.py:69} INFO -     int(1742996850)
[2025-03-26T13:48:10.417+0000] {docker.py:69} INFO -   }
[2025-03-26T13:48:10.417+0000] {docker.py:69} INFO -   [101]=>
[2025-03-26T13:48:10.418+0000] {docker.py:69} INFO -   object(stdClass)#103 (3) {
[2025-03-26T13:48:10.418+0000] {docker.py:69} INFO -     ["contador"]=>
[2025-03-26T13:48:10.419+0000] {docker.py:69} INFO -     int(1)
[2025-03-26T13:48:10.419+0000] {docker.py:69} INFO -     ["container"]=>
[2025-03-26T13:48:10.419+0000] {docker.py:69} INFO -     string(8) "php-app1"
[2025-03-26T13:48:10.420+0000] {docker.py:69} INFO -     [
[2025-03-26T13:48:10.420+0000] {docker.py:69} INFO - "timestamp"]=>
[2025-03-26T13:48:10.421+0000] {docker.py:69} INFO -     int(1742996850)
[2025-03-26T13:48:10.421+0000] {docker.py:69} INFO -   }
[2025-03-26T13:48:10.422+0000] {docker.py:69} INFO -   [102]=>
[2025-03-26T13:48:10.422+0000] {docker.py:69} INFO -   object(stdClass)#104 (3) {
[2025-03-26T13:48:10.422+0000] {docker.py:69} INFO -     ["contador"]=>
[2025-03-26T13:48:10.423+0000] {docker.py:69} INFO -     int(1)
[2025-03-26T13:48:10.423+0000] {docker.py:69} INFO -     ["container"]=>
[2025-03-26T13:48:10.424+0000] {docker.py:69} INFO -     string(8) "php-app1"
[2025-03-26T13:48:10.424+0000] {docker.py:69} INFO -     ["timestamp"]=>
[2025-03-26T13:48:10.424+0000] {docker.py:69} INFO -     int(1742996851)
[2025-03-26T13:48:10.425+0000] {docker.py:69} INFO -   }
[2025-03-26T13:48:10.425+0000] {docker.py:69} INFO -   [103]=>
[2025-03-26T13:48:10.426+0000] {docker.py:69} INFO -   object(stdClass)#105 (3) {
[2025-03-26T13:48:10.426+0000] {docker.py:69} INFO -     ["contador"]=>
[2025-03-26T13:48:10.426+0000] {docker.py:69} INFO -     int(1)
[2025-03-26T13:48:10.427+0000] {docker.py:69} INFO -     ["container"]=>
[2025-03-26T13:48:10.427+0000] {docker.py:69} INFO -     string(8) "php-app2"
[2025-03-26T13:48:10.428+0000] {docker.py:69} INFO -     ["timestamp"]=>
[2025-03-26T13:48:10.428+0000] {docker.py:69} INFO -     int(1742996854)
[2025-03-26T13:48:10.428+0000] {docker.py:69} INFO -   }
[2025-03-26T13:48:10.429+0000] {docker.py:69} INFO -   [104]=>
[2025-03-26T13:48:10.429+0000] {docker.py:69} INFO -   object(stdClass)#106 (3) {
[2025-03-26T13:48:10.429+0000] {docker.py:69} INFO -     ["contador"]=>
[2025-03-26T13:48:10.430+0000] {docker.py:69} INFO -     int(1)
[2025-03-26T13:48:10.430+0000] {docker.py:69} INFO -     ["container"]=>
[2025-03-26T13:48:10.430+0000] {docker.py:69} INFO -     string(8) "php-app2"
[2025-03-26T13:48:10.431+0000] {docker.py:69} INFO -     ["timestamp"]=>
[2025-03-26T13:48:10.431+0000] {docker.py:69} INFO -     int(1742996855)
[2025-03-26T13:48:10.432+0000] {docker.py:69} INFO -   }
[2025-03-26T13:48:10.434+0000] {docker.py:69} INFO -   [105]=>
[2025-03-26T13:48:10.437+0000] {docker.py:69} INFO -   object(stdClass)#107 (3) {
[2025-03-26T13:48:10.438+0000] {docker.py:69} INFO -     ["contador"]=>
[2025-03-26T13:48:10.438+0000] {docker.py:69} INFO -     int(1)
[2025-03-26T13:48:10.439+0000] {docker.py:69} INFO -     ["container"]=>
[2025-03-26T13:48:10.439+0000] {docker.py:69} INFO -     string(8) "php-app1"
[2025-03-26T13:48:10.439+0000] {docker.py:69} INFO -     ["timestamp"]=>
[2025-03-26T13:48:10.440+0000] {docker.py:69} INFO -     int(1742996856)
[2025-03-26T13:48:10.442+0000] {docker.py:69} INFO -   }
[2025-03-26T13:48:10.442+0000] {docker.py:69} INFO -   [106]=>
[2025-03-26T13:48:10.443+0000] {docker.py:69} INFO -   object(stdClass)#108 (3) {
[2025-03-26T13:48:10.443+0000] {docker.py:69} INFO -     ["contador"]=>
[2025-03-26T13:48:10.444+0000] {docker.py:69} INFO -     int(1)
[2025-03-26T13:48:10.444+0000] {docker.py:69} INFO -     ["container"]=>
[2025-03-26T13:48:10.444+0000] {docker.py:69} INFO -     string(8) "php-app1"
[2025-03-26T13:48:10.445+0000] {docker.py:69} INFO -     ["timestamp"]=>
[2025-03-26T13:48:10.445+0000] {docker.py:69} INFO -     int(1742996856)
[2025-03-26T13:48:10.446+0000] {docker.py:69} INFO -   }
[2025-03-26T13:48:10.446+0000] {docker.py:69} INFO -   [107]=>
[2025-03-26T13:48:10.446+0000] {docker.py:69} INFO -   object(stdClass)#109 (3) {
[2025-03-26T13:48:10.447+0000] {docker.py:69} INFO -     ["contador"]=>
[2025-03-26T13:48:10.447+0000] {docker.py:69} INFO -     int(1)
[2025-03-26T13:48:10.448+0000] {docker.py:69} INFO -     ["container"]=>
[2025-03-26T13:48:10.448+0000] {docker.py:69} INFO -     string(8) "php-app2"
[2025-03-26T13:48:10.449+0000] {docker.py:69} INFO -     ["timestamp"]=>
[2025-03-26T13:48:10.449+0000] {docker.py:69} INFO -     int(1742996859)
[2025-03-26T13:48:10.449+0000] {docker.py:69} INFO -   }
[2025-03-26T13:48:10.450+0000] {docker.py:69} INFO -   [108]=>
[2025-03-26T13:48:10.450+0000] {docker.py:69} INFO -   object(stdClass)#110 (3) {
[2025-03-26T13:48:10.450+0000] {docker.py:69} INFO -     ["contador"]=>
[2025-03-26T13:48:10.451+0000] {docker.py:69} INFO -     int(1)
[2025-03-26T13:48:10.451+0000] {docker.py:69} INFO -     ["container"]=>
[2025-03-26T13:48:10.452+0000] {docker.py:69} INFO -     string(8) "php-app2"
[2025-03-26T13:48:10.452+0000] {docker.py:69} INFO -     ["timestamp"]=>
[2025-03-26T13:48:10.452+0000] {docker.py:69} INFO -     int(1742996860)
[2025-03-26T13:48:10.453+0000] {docker.py:69} INFO -   }
[2025-03-26T13:48:10.453+0000] {docker.py:69} INFO -   [109]=>
[2025-03-26T13:48:10.453+0000] {docker.py:69} INFO -   object(stdClass)#111 (3) {
[2025-03-26T13:48:10.454+0000] {docker.py:69} INFO -     ["contador"]=>
[2025-03-26T13:48:10.454+0000] {docker.py:69} INFO -     int(1)
[2025-03-26T13:48:10.454+0000] {docker.py:69} INFO -     ["container"]=>
[2025-03-26T13:48:10.455+0000] {docker.py:69} INFO -     string(8) "php-app2"
[2025-03-26T13:48:10.455+0000] {docker.py:69} INFO -     ["timestamp"]=>
[2025-03-26T13:48:10.456+0000] {docker.py:69} INFO -     int(1742996861)
[2025-03-26T13:48:10.456+0000] {docker.py:69} INFO -   }
[2025-03-26T13:48:10.456+0000] {docker.py:69} INFO -   [110]=>
[2025-03-26T13:48:10.457+0000] {docker.py:69} INFO -   object(stdClass)#112 (3) {
[2025-03-26T13:48:10.457+0000] {docker.py:69} INFO -     ["contador"]=>
[2025-03-26T13:48:10.457+0000] {docker.py:69} INFO -     int(1)
[2025-03-26T13:48:10.458+0000] {docker.py:69} INFO -     ["container"]=>
[2025-03-26T13:48:10.458+0000] {docker.py:69} INFO -     string(8) "php-app1"
[2025-03-26T13:48:10.459+0000] {docker.py:69} INFO -     ["timestamp"]=>
[2025-03-26T13:48:10.459+0000] {docker.py:69} INFO -     int(1742996861)
[2025-03-26T13:48:10.459+0000] {docker.py:69} INFO -   }
[2025-03-26T13:48:10.460+0000] {docker.py:69} INFO -   [111]=>
[2025-03-26T13:48:10.460+0000] {docker.py:69} INFO -   object(stdClass)#113 (3) {
[2025-03-26T13:48:10.460+0000] {docker.py:69} INFO -     ["contador"]=>
[2025-03-26T13:48:10.461+0000] {docker.py:69} INFO -     int(1)
[2025-03-26T13:48:10.461+0000] {docker.py:69} INFO -     ["container"]=>
[2025-03-26T13:48:10.461+0000] {docker.py:69} INFO -     string(8) "php-app1"
[2025-03-26T13:48:10.462+0000] {docker.py:69} INFO -     ["timestamp"]=>
[2025-03-26T13:48:10.462+0000] {docker.py:69} INFO -     int(1742996862)
[2025-03-26T13:48:10.463+0000] {docker.py:69} INFO -   }
[2025-03-26T13:48:10.463+0000] {docker.py:69} INFO -   [112]=>
[2025-03-26T13:48:10.463+0000] {docker.py:69} INFO -   object(stdClass)#114 (3) {
[2025-03-26T13:48:10.464+0000] {docker.py:69} INFO -     ["contador"]=>
[2025-03-26T13:48:10.464+0000] {docker.py:69} INFO -     int(1)
[2025-03-26T13:48:10.465+0000] {docker.py:69} INFO -     ["container"
[2025-03-26T13:48:10.465+0000] {docker.py:69} INFO - ]=>
[2025-03-26T13:48:10.465+0000] {docker.py:69} INFO -     string(8) "php-app1"
[2025-03-26T13:48:10.466+0000] {docker.py:69} INFO -     ["timestamp"]=>
[2025-03-26T13:48:10.466+0000] {docker.py:69} INFO -     int(1742996863)
[2025-03-26T13:48:10.466+0000] {docker.py:69} INFO -   }
[2025-03-26T13:48:10.467+0000] {docker.py:69} INFO -   [113]=>
[2025-03-26T13:48:10.467+0000] {docker.py:69} INFO -   object(stdClass)#115 (3) {
[2025-03-26T13:48:10.468+0000] {docker.py:69} INFO -     ["contador"]=>
[2025-03-26T13:48:10.468+0000] {docker.py:69} INFO -     int(1)
[2025-03-26T13:48:10.468+0000] {docker.py:69} INFO -     ["container"]=>
[2025-03-26T13:48:10.469+0000] {docker.py:69} INFO -     string(8) "php-app1"
[2025-03-26T13:48:10.469+0000] {docker.py:69} INFO -     ["timestamp"]=>
[2025-03-26T13:48:10.470+0000] {docker.py:69} INFO -     int(1742996873)
[2025-03-26T13:48:10.470+0000] {docker.py:69} INFO -   }
[2025-03-26T13:48:10.470+0000] {docker.py:69} INFO -   [114]=>
[2025-03-26T13:48:10.471+0000] {docker.py:69} INFO -   object(stdClass)#116 (3) {
[2025-03-26T13:48:10.471+0000] {docker.py:69} INFO -     ["contador"]=>
[2025-03-26T13:48:10.472+0000] {docker.py:69} INFO -     int(1)
[2025-03-26T13:48:10.472+0000] {docker.py:69} INFO -     ["container"]=>
[2025-03-26T13:48:10.472+0000] {docker.py:69} INFO -     string(8) "php-app1"
[2025-03-26T13:48:10.473+0000] {docker.py:69} INFO -     ["timestamp"]=>
[2025-03-26T13:48:10.473+0000] {docker.py:69} INFO -     int(1742996874)
[2025-03-26T13:48:10.474+0000] {docker.py:69} INFO -   }
[2025-03-26T13:48:10.474+0000] {docker.py:69} INFO -   [115]=>
[2025-03-26T13:48:10.474+0000] {docker.py:69} INFO -   object(stdClass)#117 (3) {
[2025-03-26T13:48:10.475+0000] {docker.py:69} INFO -     ["contador"]=>
[2025-03-26T13:48:10.475+0000] {docker.py:69} INFO -     int(1)
[2025-03-26T13:48:10.476+0000] {docker.py:69} INFO -     ["container"]=>
[2025-03-26T13:48:10.476+0000] {docker.py:69} INFO -     string(8) "php-app2"
[2025-03-26T13:48:10.477+0000] {docker.py:69} INFO -     ["timestamp"]=>
[2025-03-26T13:48:10.477+0000] {docker.py:69} INFO -     int(1742996875)
[2025-03-26T13:48:10.477+0000] {docker.py:69} INFO -   }
[2025-03-26T13:48:10.478+0000] {docker.py:69} INFO -   [116]=>
[2025-03-26T13:48:10.478+0000] {docker.py:69} INFO -   object(stdClass)#118 (3) {
[2025-03-26T13:48:10.479+0000] {docker.py:69} INFO -     ["contador"]=>
[2025-03-26T13:48:10.479+0000] {docker.py:69} INFO -     int(1)
[2025-03-26T13:48:10.479+0000] {docker.py:69} INFO -     ["container"]=>
[2025-03-26T13:48:10.480+0000] {docker.py:69} INFO -     string(8) "php-app2"
[2025-03-26T13:48:10.480+0000] {docker.py:69} INFO -     ["timestamp"]=>
[2025-03-26T13:48:10.481+0000] {docker.py:69} INFO -     int(1742996876)
[2025-03-26T13:48:10.481+0000] {docker.py:69} INFO -   }
[2025-03-26T13:48:10.482+0000] {docker.py:69} INFO -   [117]=>
[2025-03-26T13:48:10.482+0000] {docker.py:69} INFO -   object(stdClass)#119 (3) {
[2025-03-26T13:48:10.483+0000] {docker.py:69} INFO -     ["contador"]=>
[2025-03-26T13:48:10.483+0000] {docker.py:69} INFO -     int(1)
[2025-03-26T13:48:10.484+0000] {docker.py:69} INFO -     ["container"]=>
[2025-03-26T13:48:10.484+0000] {docker.py:69} INFO -     string(8) "php-app2"
[2025-03-26T13:48:10.484+0000] {docker.py:69} INFO -     ["timestamp"]=>
[2025-03-26T13:48:10.485+0000] {docker.py:69} INFO -     int(1742996876)
[2025-03-26T13:48:10.485+0000] {docker.py:69} INFO -   }
[2025-03-26T13:48:10.486+0000] {docker.py:69} INFO -   [118]=>
[2025-03-26T13:48:10.486+0000] {docker.py:69} INFO -   object(stdClass)#120 (3) {
[2025-03-26T13:48:10.486+0000] {docker.py:69} INFO -     ["contador"]=>
[2025-03-26T13:48:10.487+0000] {docker.py:69} INFO -     int(1)
[2025-03-26T13:48:10.487+0000] {docker.py:69} INFO -     ["container"]=>
[2025-03-26T13:48:10.488+0000] {docker.py:69} INFO -     string(8) "php-app2"
[2025-03-26T13:48:10.488+0000] {docker.py:69} INFO -     ["timestamp"]=>
[2025-03-26T13:48:10.489+0000] {docker.py:69} INFO -     int(1742996876)
[2025-03-26T13:48:10.489+0000] {docker.py:69} INFO -   }
[2025-03-26T13:48:10.489+0000] {docker.py:69} INFO -   [119]=>
[2025-03-26T13:48:10.490+0000] {docker.py:69} INFO -   object(stdClass)#121 (3) {
[2025-03-26T13:48:10.490+0000] {docker.py:69} INFO -     ["contador"]=>
[2025-03-26T13:48:10.491+0000] {docker.py:69} INFO -     int(1)
[2025-03-26T13:48:10.491+0000] {docker.py:69} INFO -     ["container"]=>
[2025-03-26T13:48:10.492+0000] {docker.py:69} INFO -     string(8) "php-app1"
[2025-03-26T13:48:10.492+0000] {docker.py:69} INFO -     ["timestamp"]=>
[2025-03-26T13:48:10.492+0000] {docker.py:69} INFO -     int(1742996880)
[2025-03-26T13:48:10.493+0000] {docker.py:69} INFO -   }
[2025-03-26T13:48:10.493+0000] {docker.py:69} INFO -   [120]=>
[2025-03-26T13:48:10.494+0000] {docker.py:69} INFO -   object(stdClass)#122 (3) {
[2025-03-26T13:48:10.494+0000] {docker.py:69} INFO -     ["contador"]=>
[2025-03-26T13:48:10.494+0000] {docker.py:69} INFO -     int(1)
[2025-03-26T13:48:10.495+0000] {docker.py:69} INFO -     ["container"]=>
[2025-03-26T13:48:10.495+0000] {docker.py:69} INFO -     string(8) "php-app1"
[2025-03-26T13:48:10.495+0000] {docker.py:69} INFO -     ["timestamp"]=>
[2025-03-26T13:48:10.496+0000] {docker.py:69} INFO -     int(1742996880)
[2025-03-26T13:48:10.496+0000] {docker.py:69} INFO -   }
[2025-03-26T13:48:10.497+0000] {docker.py:69} INFO -   [121]=>
[2025-03-26T13:48:10.497+0000] {docker.py:69} INFO -   object(stdClass)#123 (3) {
[2025-03-26T13:48:10.497+0000] {docker.py:69} INFO -     ["contador"]=>
[2025-03-26T13:48:10.498+0000] {docker.py:69} INFO -     int(1)
[2025-03-26T13:48:10.498+0000] {docker.py:69} INFO -     ["container"]=>
[2025-03-26T13:48:10.499+0000] {docker.py:69} INFO -     string(8) "php-app1"
[2025-03-26T13:48:10.499+0000] {docker.py:69} INFO -     [
[2025-03-26T13:48:10.500+0000] {docker.py:69} INFO - "timestamp"]=>
[2025-03-26T13:48:10.500+0000] {docker.py:69} INFO -     int(1742996882)
[2025-03-26T13:48:10.500+0000] {docker.py:69} INFO -   }
[2025-03-26T13:48:10.501+0000] {docker.py:69} INFO -   [122]=>
[2025-03-26T13:48:10.501+0000] {docker.py:69} INFO -   object(stdClass)#124 (3) {
[2025-03-26T13:48:10.501+0000] {docker.py:69} INFO -     ["contador"]=>
[2025-03-26T13:48:10.502+0000] {docker.py:69} INFO -     int(1)
[2025-03-26T13:48:10.502+0000] {docker.py:69} INFO -     ["container"]=>
[2025-03-26T13:48:10.502+0000] {docker.py:69} INFO -     string(8) "php-app2"
[2025-03-26T13:48:10.503+0000] {docker.py:69} INFO -     ["timestamp"]=>
[2025-03-26T13:48:10.503+0000] {docker.py:69} INFO -     int(1742996882)
[2025-03-26T13:48:10.503+0000] {docker.py:69} INFO -   }
[2025-03-26T13:48:10.504+0000] {docker.py:69} INFO -   [123]=>
[2025-03-26T13:48:10.504+0000] {docker.py:69} INFO -   object(stdClass)#125 (3) {
[2025-03-26T13:48:10.504+0000] {docker.py:69} INFO -     ["contador"]=>
[2025-03-26T13:48:10.505+0000] {docker.py:69} INFO -     int(1)
[2025-03-26T13:48:10.505+0000] {docker.py:69} INFO -     ["container"]=>
[2025-03-26T13:48:10.505+0000] {docker.py:69} INFO -     string(8) "php-app1"
[2025-03-26T13:48:10.506+0000] {docker.py:69} INFO -     ["timestamp"]=>
[2025-03-26T13:48:10.506+0000] {docker.py:69} INFO -     int(1742996882)
[2025-03-26T13:48:10.506+0000] {docker.py:69} INFO -   }
[2025-03-26T13:48:10.507+0000] {docker.py:69} INFO -   [124]=>
[2025-03-26T13:48:10.507+0000] {docker.py:69} INFO -   object(stdClass)#126 (3) {
[2025-03-26T13:48:10.508+0000] {docker.py:69} INFO -     ["contador"]=>
[2025-03-26T13:48:10.508+0000] {docker.py:69} INFO -     int(1)
[2025-03-26T13:48:10.509+0000] {docker.py:69} INFO -     ["container"]=>
[2025-03-26T13:48:10.509+0000] {docker.py:69} INFO -     string(8) "php-app1"
[2025-03-26T13:48:10.509+0000] {docker.py:69} INFO -     ["timestamp"]=>
[2025-03-26T13:48:10.510+0000] {docker.py:69} INFO -     int(1742996883)
[2025-03-26T13:48:10.510+0000] {docker.py:69} INFO -   }
[2025-03-26T13:48:10.510+0000] {docker.py:69} INFO -   [125]=>
[2025-03-26T13:48:10.511+0000] {docker.py:69} INFO -   object(stdClass)#127 (3) {
[2025-03-26T13:48:10.511+0000] {docker.py:69} INFO -     ["contador"]=>
[2025-03-26T13:48:10.511+0000] {docker.py:69} INFO -     int(1)
[2025-03-26T13:48:10.512+0000] {docker.py:69} INFO -     ["container"]=>
[2025-03-26T13:48:10.512+0000] {docker.py:69} INFO -     string(8) "php-app2"
[2025-03-26T13:48:10.512+0000] {docker.py:69} INFO -     ["timestamp"]=>
[2025-03-26T13:48:10.513+0000] {docker.py:69} INFO -     int(1742996884)
[2025-03-26T13:48:10.513+0000] {docker.py:69} INFO -   }
[2025-03-26T13:48:10.513+0000] {docker.py:69} INFO -   [126]=>
[2025-03-26T13:48:10.514+0000] {docker.py:69} INFO -   object(stdClass)#128 (3) {
[2025-03-26T13:48:10.514+0000] {docker.py:69} INFO -     ["contador"]=>
[2025-03-26T13:48:10.514+0000] {docker.py:69} INFO -     int(1)
[2025-03-26T13:48:10.515+0000] {docker.py:69} INFO -     ["container"]=>
[2025-03-26T13:48:10.515+0000] {docker.py:69} INFO -     string(8) "php-app2"
[2025-03-26T13:48:10.515+0000] {docker.py:69} INFO -     ["timestamp"]=>
[2025-03-26T13:48:10.516+0000] {docker.py:69} INFO -     int(1742996887)
[2025-03-26T13:48:10.516+0000] {docker.py:69} INFO -   }
[2025-03-26T13:48:10.516+0000] {docker.py:69} INFO -   [127]=>
[2025-03-26T13:48:10.517+0000] {docker.py:69} INFO -   object(stdClass)#129 (3) {
[2025-03-26T13:48:10.517+0000] {docker.py:69} INFO -     ["contador"]=>
[2025-03-26T13:48:10.518+0000] {docker.py:69} INFO -     int(1)
[2025-03-26T13:48:10.518+0000] {docker.py:69} INFO -     ["container"]=>
[2025-03-26T13:48:10.518+0000] {docker.py:69} INFO -     string(8) "php-app2"
[2025-03-26T13:48:10.519+0000] {docker.py:69} INFO -     ["timestamp
[2025-03-26T13:48:10.519+0000] {docker.py:69} INFO - "]=>
[2025-03-26T13:48:10.519+0000] {docker.py:69} INFO -     int(1742996888)
[2025-03-26T13:48:10.520+0000] {docker.py:69} INFO -   }
[2025-03-26T13:48:10.520+0000] {docker.py:69} INFO -   [128]=>
[2025-03-26T13:48:10.521+0000] {docker.py:69} INFO -   array(3) {
[2025-03-26T13:48:10.521+0000] {docker.py:69} INFO -     ["contador"]=>
[2025-03-26T13:48:10.527+0000] {docker.py:69} INFO -     int(1)
[2025-03-26T13:48:10.527+0000] {docker.py:69} INFO -     ["container"]=>
[2025-03-26T13:48:10.527+0000] {docker.py:69} INFO -     string(8) "php-app1"
[2025-03-26T13:48:10.528+0000] {docker.py:69} INFO -     ["timestamp"]=>
[2025-03-26T13:48:10.530+0000] {docker.py:69} INFO -     int(1742996888)
[2025-03-26T13:48:10.531+0000] {docker.py:69} INFO -   }
[2025-03-26T13:48:10.531+0000] {docker.py:69} INFO - }
[2025-03-26T13:48:10.823+0000] {taskinstance.py:341} INFO - ::group::Post task execution logs
[2025-03-26T13:48:10.832+0000] {taskinstance.py:353} INFO - Marking task as SUCCESS. dag_id=containers1_dag, task_id=php_app1, run_id=scheduled__2025-03-25T04:20:00+00:00, execution_date=20250325T042000, start_date=20250326T134759, end_date=20250326T134810
[2025-03-26T13:48:11.274+0000] {local_task_job_runner.py:266} INFO - Task exited with return code 0
[2025-03-26T13:48:11.480+0000] {taskinstance.py:3901} INFO - 0 downstream tasks scheduled from follow-on schedule check
[2025-03-26T13:48:11.519+0000] {local_task_job_runner.py:245} INFO - ::endgroup::
