[2025-03-26T13:47:02.669+0000] {local_task_job_runner.py:123} INFO - ::group::Pre task execution logs
[2025-03-26T13:47:02.707+0000] {taskinstance.py:2614} INFO - Dependencies all met for dep_context=non-requeueable deps ti=<TaskInstance: containers1_dag.php_app1 scheduled__2025-03-25T02:40:00+00:00 [queued]>
[2025-03-26T13:47:02.729+0000] {taskinstance.py:2614} INFO - Dependencies all met for dep_context=requeueable deps ti=<TaskInstance: containers1_dag.php_app1 scheduled__2025-03-25T02:40:00+00:00 [queued]>
[2025-03-26T13:47:02.730+0000] {taskinstance.py:2867} INFO - Starting attempt 1 of 6
[2025-03-26T13:47:02.874+0000] {taskinstance.py:2890} INFO - Executing <Task(DockerOperator): php_app1> on 2025-03-25 02:40:00+00:00
[2025-03-26T13:47:02.985+0000] {logging_mixin.py:190} WARNING - /home/***/.local/lib/python3.12/site-packages/***/task/task_runner/standard_task_runner.py:70 DeprecationWarning: This process (pid=779) is multi-threaded, use of fork() may lead to deadlocks in the child.
[2025-03-26T13:47:02.990+0000] {standard_task_runner.py:72} INFO - Started process 795 to run task
[2025-03-26T13:47:02.987+0000] {standard_task_runner.py:104} INFO - Running: ['***', 'tasks', 'run', 'containers1_dag', 'php_app1', 'scheduled__2025-03-25T02:40:00+00:00', '--job-id', '89', '--raw', '--subdir', 'DAGS_FOLDER/containers1_dag.py', '--cfg-path', '/tmp/tmpelzvk18k']
[2025-03-26T13:47:03.018+0000] {standard_task_runner.py:105} INFO - Job 89: Subtask php_app1
[2025-03-26T13:47:03.512+0000] {task_command.py:467} INFO - Running <TaskInstance: containers1_dag.php_app1 scheduled__2025-03-25T02:40:00+00:00 [running]> on host 3d581a580455
[2025-03-26T13:47:04.326+0000] {taskinstance.py:3134} INFO - Exporting env vars: AIRFLOW_CTX_DAG_OWNER='andre' AIRFLOW_CTX_DAG_ID='containers1_dag' AIRFLOW_CTX_TASK_ID='php_app1' AIRFLOW_CTX_EXECUTION_DATE='2025-03-25T02:40:00+00:00' AIRFLOW_CTX_TRY_NUMBER='1' AIRFLOW_CTX_DAG_RUN_ID='scheduled__2025-03-25T02:40:00+00:00'
[2025-03-26T13:47:04.328+0000] {taskinstance.py:732} INFO - ::endgroup::
[2025-03-26T13:47:04.527+0000] {docker.py:345} INFO - Starting docker container from image php-app1
[2025-03-26T13:47:04.546+0000] {docker.py:353} WARNING - Using remote engine or docker-in-docker and mounting temporary volume from host is not supported. Falling back to `mount_tmp_dir=False` mode. You can set `mount_tmp_dir` parameter to False to disable mounting and remove the warning
[2025-03-26T13:47:09.567+0000] {docker.py:69} INFO - array(91) {
[2025-03-26T13:47:09.570+0000] {docker.py:69} INFO -   [0]=>
[2025-03-26T13:47:09.572+0000] {docker.py:69} INFO -   object(stdClass)#2 (3) {
[2025-03-26T13:47:09.575+0000] {docker.py:69} INFO -     ["contador"]=>
[2025-03-26T13:47:09.577+0000] {docker.py:69} INFO -     int(0)
[2025-03-26T13:47:09.578+0000] {docker.py:69} INFO -     ["container"]=>
[2025-03-26T13:47:09.582+0000] {docker.py:69} INFO -     string(8) "php-app1"
[2025-03-26T13:47:09.590+0000] {docker.py:69} INFO -     ["timestamp"]=>
[2025-03-26T13:47:09.593+0000] {docker.py:69} INFO -     int(1742852307)
[2025-03-26T13:47:09.594+0000] {docker.py:69} INFO -   }
[2025-03-26T13:47:09.595+0000] {docker.py:69} INFO -   [1]=>
[2025-03-26T13:47:09.597+0000] {docker.py:69} INFO -   object(stdClass)#3 (3) {
[2025-03-26T13:47:09.598+0000] {docker.py:69} INFO -     ["contador"]=>
[2025-03-26T13:47:09.600+0000] {docker.py:69} INFO -     int(1)
[2025-03-26T13:47:09.600+0000] {docker.py:69} INFO -     ["container"]=>
[2025-03-26T13:47:09.601+0000] {docker.py:69} INFO -     string(8) "php-app2"
[2025-03-26T13:47:09.601+0000] {docker.py:69} INFO -     ["timestamp"]=>
[2025-03-26T13:47:09.603+0000] {docker.py:69} INFO -     int(1742852309)
[2025-03-26T13:47:09.603+0000] {docker.py:69} INFO -   }
[2025-03-26T13:47:09.603+0000] {docker.py:69} INFO -   [2]=>
[2025-03-26T13:47:09.604+0000] {docker.py:69} INFO -   object(stdClass)#4 (3) {
[2025-03-26T13:47:09.613+0000] {docker.py:69} INFO -     ["contador"]=>
[2025-03-26T13:47:09.616+0000] {docker.py:69} INFO -     int(1)
[2025-03-26T13:47:09.618+0000] {docker.py:69} INFO -     ["container"]=>
[2025-03-26T13:47:09.619+0000] {docker.py:69} INFO -     string(8) "php-app1"
[2025-03-26T13:47:09.625+0000] {docker.py:69} INFO -     ["timestamp"]=>
[2025-03-26T13:47:09.629+0000] {docker.py:69} INFO -     int(1742852311)
[2025-03-26T13:47:09.630+0000] {docker.py:69} INFO -   }
[2025-03-26T13:47:09.634+0000] {docker.py:69} INFO -   [3]=>
[2025-03-26T13:47:09.635+0000] {docker.py:69} INFO -   object(stdClass)#5 (3) {
[2025-03-26T13:47:09.637+0000] {docker.py:69} INFO -     ["contador"]=>
[2025-03-26T13:47:09.639+0000] {docker.py:69} INFO -     int(1)
[2025-03-26T13:47:09.641+0000] {docker.py:69} INFO -     ["container"]=>
[2025-03-26T13:47:09.664+0000] {docker.py:69} INFO -     string(8) "php-app2"
[2025-03-26T13:47:09.664+0000] {docker.py:69} INFO -     ["timestamp"]=>
[2025-03-26T13:47:09.665+0000] {docker.py:69} INFO -     int(1742852314)
[2025-03-26T13:47:09.665+0000] {docker.py:69} INFO -   }
[2025-03-26T13:47:09.668+0000] {docker.py:69} INFO -   [4]=>
[2025-03-26T13:47:09.668+0000] {docker.py:69} INFO -   object(stdClass)#6 (3) {
[2025-03-26T13:47:09.669+0000] {docker.py:69} INFO -     ["contador"]=>
[2025-03-26T13:47:09.669+0000] {docker.py:69} INFO -     int(1)
[2025-03-26T13:47:09.670+0000] {docker.py:69} INFO -     ["container"]=>
[2025-03-26T13:47:09.671+0000] {docker.py:69} INFO -     string(8) "php-app2"
[2025-03-26T13:47:09.671+0000] {docker.py:69} INFO -     ["timestamp"]=>
[2025-03-26T13:47:09.672+0000] {docker.py:69} INFO -     int(1742996301)
[2025-03-26T13:47:09.676+0000] {docker.py:69} INFO -   }
[2025-03-26T13:47:09.677+0000] {docker.py:69} INFO -   [5]=>
[2025-03-26T13:47:09.677+0000] {docker.py:69} INFO -   object(stdClass)#7 (3) {
[2025-03-26T13:47:09.677+0000] {docker.py:69} INFO -     ["contador"]=>
[2025-03-26T13:47:09.678+0000] {docker.py:69} INFO -     int(1)
[2025-03-26T13:47:09.680+0000] {docker.py:69} INFO -     ["container"]=>
[2025-03-26T13:47:09.681+0000] {docker.py:69} INFO -     string(8) "php-app1"
[2025-03-26T13:47:09.681+0000] {docker.py:69} INFO -     ["timestamp"]=>
[2025-03-26T13:47:09.681+0000] {docker.py:69} INFO -     int(1742996302)
[2025-03-26T13:47:09.682+0000] {docker.py:69} INFO -   }
[2025-03-26T13:47:09.684+0000] {docker.py:69} INFO -   [6]=>
[2025-03-26T13:47:09.684+0000] {docker.py:69} INFO -   object(stdClass)#8 (3) {
[2025-03-26T13:47:09.685+0000] {docker.py:69} INFO -     ["contador"]=>
[2025-03-26T13:47:09.688+0000] {docker.py:69} INFO -     int(1)
[2025-03-26T13:47:09.689+0000] {docker.py:69} INFO -     ["container"]=>
[2025-03-26T13:47:09.690+0000] {docker.py:69} INFO -     string(8) "php-app1"
[2025-03-26T13:47:09.690+0000] {docker.py:69} INFO -     ["timestamp"]=>
[2025-03-26T13:47:09.690+0000] {docker.py:69} INFO -     int(1742996302)
[2025-03-26T13:47:09.691+0000] {docker.py:69} INFO -   }
[2025-03-26T13:47:09.692+0000] {docker.py:69} INFO -   [7]=>
[2025-03-26T13:47:09.693+0000] {docker.py:69} INFO -   object(stdClass)#9 (3) {
[2025-03-26T13:47:09.693+0000] {docker.py:69} INFO -     ["contador"]=>
[2025-03-26T13:47:09.693+0000] {docker.py:69} INFO -     int(1)
[2025-03-26T13:47:09.694+0000] {docker.py:69} INFO -     ["container"]=>
[2025-03-26T13:47:09.694+0000] {docker.py:69} INFO -     string(8) "php-app2"
[2025-03-26T13:47:09.695+0000] {docker.py:69} INFO -     ["timestamp"]=>
[2025-03-26T13:47:09.695+0000] {docker.py:69} INFO -     int(1742996303)
[2025-03-26T13:47:09.696+0000] {docker.py:69} INFO -   }
[2025-03-26T13:47:09.696+0000] {docker.py:69} INFO -   [8]=>
[2025-03-26T13:47:09.696+0000] {docker.py:69} INFO -   object(stdClass)#10 (3) {
[2025-03-26T13:47:09.697+0000] {docker.py:69} INFO -     ["contador"]=>
[2025-03-26T13:47:09.697+0000] {docker.py:69} INFO -     int(1)
[2025-03-26T13:47:09.698+0000] {docker.py:69} INFO -     ["container"]=>
[2025-03-26T13:47:09.698+0000] {docker.py:69} INFO -     string(8) "php-app1"
[2025-03-26T13:47:09.698+0000] {docker.py:69} INFO -     ["timestamp"]=>
[2025-03-26T13:47:09.699+0000] {docker.py:69} INFO -     int(1742996304)
[2025-03-26T13:47:09.700+0000] {docker.py:69} INFO -   }
[2025-03-26T13:47:09.700+0000] {docker.py:69} INFO -   [9]=>
[2025-03-26T13:47:09.701+0000] {docker.py:69} INFO -   object(stdClass)#11 (3) {
[2025-03-26T13:47:09.701+0000] {docker.py:69} INFO -     ["contador"]=>
[2025-03-26T13:47:09.702+0000] {docker.py:69} INFO -     int(1)
[2025-03-26T13:47:09.702+0000] {docker.py:69} INFO -     ["container"]=>
[2025-03-26T13:47:09.702+0000] {docker.py:69} INFO -     string(8) "php-app2"
[2025-03-26T13:47:09.703+0000] {docker.py:69} INFO -     ["timestamp"]=>
[2025-03-26T13:47:09.703+0000] {docker.py:69} INFO -     int(1742996305)
[2025-03-26T13:47:09.704+0000] {docker.py:69} INFO -   }
[2025-03-26T13:47:09.704+0000] {docker.py:69} INFO -   [10]=>
[2025-03-26T13:47:09.705+0000] {docker.py:69} INFO -   object(stdClass)#12 (3) {
[2025-03-26T13:47:09.705+0000] {docker.py:69} INFO -     ["contador"]=>
[2025-03-26T13:47:09.706+0000] {docker.py:69} INFO -     int(1)
[2025-03-26T13:47:09.706+0000] {docker.py:69} INFO -     ["container"]=>
[2025-03-26T13:47:09.707+0000] {docker.py:69} INFO -     string(8) "php-app2"
[2025-03-26T13:47:09.707+0000] {docker.py:69} INFO -     ["timestamp"]=>
[2025-03-26T13:47:09.708+0000] {docker.py:69} INFO -     int(1742996305)
[2025-03-26T13:47:09.708+0000] {docker.py:69} INFO -   }
[2025-03-26T13:47:09.708+0000] {docker.py:69} INFO -   [11]=>
[2025-03-26T13:47:09.709+0000] {docker.py:69} INFO -   object(stdClass)#13 (3) {
[2025-03-26T13:47:09.709+0000] {docker.py:69} INFO -     ["contador"]=>
[2025-03-26T13:47:09.711+0000] {docker.py:69} INFO -     int(1)
[2025-03-26T13:47:09.712+0000] {docker.py:69} INFO -     ["container"]=>
[2025-03-26T13:47:09.713+0000] {docker.py:69} INFO -     string(8) "php-app1"
[2025-03-26T13:47:09.714+0000] {docker.py:69} INFO -     ["timestamp"]=>
[2025-03-26T13:47:09.714+0000] {docker.py:69} INFO -     int(1742996305)
[2025-03-26T13:47:09.715+0000] {docker.py:69} INFO -   }
[2025-03-26T13:47:09.727+0000] {docker.py:69} INFO -   [12]=>
[2025-03-26T13:47:09.728+0000] {docker.py:69} INFO -   object(stdClass)#14 (3) {
[2025-03-26T13:47:09.729+0000] {docker.py:69} INFO -     ["contador"]=>
[2025-03-26T13:47:09.729+0000] {docker.py:69} INFO -     int(1)
[2025-03-26T13:47:09.730+0000] {docker.py:69} INFO -     ["container"]=>
[2025-03-26T13:47:09.730+0000] {docker.py:69} INFO -     string(8) "php-app1"
[2025-03-26T13:47:09.731+0000] {docker.py:69} INFO -     ["timestamp"]=>
[2025-03-26T13:47:09.732+0000] {docker.py:69} INFO -     int(1742996309)
[2025-03-26T13:47:09.733+0000] {docker.py:69} INFO - }
[2025-03-26T13:47:09.734+0000] {docker.py:69} INFO -   [13]=>
[2025-03-26T13:47:09.735+0000] {docker.py:69} INFO -   object(stdClass)#15 (3) {
[2025-03-26T13:47:09.735+0000] {docker.py:69} INFO -     [
[2025-03-26T13:47:09.736+0000] {docker.py:69} INFO - "
[2025-03-26T13:47:09.737+0000] {docker.py:69} INFO - contador
[2025-03-26T13:47:09.737+0000] {docker.py:69} INFO - "
[2025-03-26T13:47:09.738+0000] {docker.py:69} INFO - ]=>
[2025-03-26T13:47:09.738+0000] {docker.py:69} INFO - 
[2025-03-26T13:47:09.739+0000] {docker.py:69} INFO - int(1)
[2025-03-26T13:47:09.740+0000] {docker.py:69} INFO -     ["
[2025-03-26T13:47:09.740+0000] {docker.py:69} INFO - container
[2025-03-26T13:47:09.741+0000] {docker.py:69} INFO - "
[2025-03-26T13:47:09.741+0000] {docker.py:69} INFO - ]=>
[2025-03-26T13:47:09.742+0000] {docker.py:69} INFO - 
[2025-03-26T13:47:09.742+0000] {docker.py:69} INFO - string(8) "
[2025-03-26T13:47:09.743+0000] {docker.py:69} INFO - php-app1
[2025-03-26T13:47:09.743+0000] {docker.py:69} INFO - "
[2025-03-26T13:47:09.744+0000] {docker.py:69} INFO -     [
[2025-03-26T13:47:09.744+0000] {docker.py:69} INFO - "
[2025-03-26T13:47:09.745+0000] {docker.py:69} INFO - timestamp
[2025-03-26T13:47:09.745+0000] {docker.py:69} INFO - "
[2025-03-26T13:47:09.746+0000] {docker.py:69} INFO - ]=>
[2025-03-26T13:47:09.746+0000] {docker.py:69} INFO - 
[2025-03-26T13:47:09.747+0000] {docker.py:69} INFO - int(1742996309)
[2025-03-26T13:47:09.748+0000] {docker.py:69} INFO - 
[2025-03-26T13:47:09.748+0000] {docker.py:69} INFO - }
[2025-03-26T13:47:09.749+0000] {docker.py:69} INFO -   [14]=>
[2025-03-26T13:47:09.749+0000] {docker.py:69} INFO -   object(stdClass)#16 (3) {
[2025-03-26T13:47:09.750+0000] {docker.py:69} INFO -     [
[2025-03-26T13:47:09.750+0000] {docker.py:69} INFO - "
[2025-03-26T13:47:09.752+0000] {docker.py:69} INFO - contador
[2025-03-26T13:47:09.762+0000] {docker.py:69} INFO - "
[2025-03-26T13:47:09.763+0000] {docker.py:69} INFO - ]=>
[2025-03-26T13:47:09.765+0000] {docker.py:69} INFO - 
[2025-03-26T13:47:09.767+0000] {docker.py:69} INFO - int(1)
[2025-03-26T13:47:09.768+0000] {docker.py:69} INFO -     ["container
[2025-03-26T13:47:09.770+0000] {docker.py:69} INFO - "
[2025-03-26T13:47:09.775+0000] {docker.py:69} INFO - ]=>
[2025-03-26T13:47:09.778+0000] {docker.py:69} INFO -     string(8) "php-app2"
[2025-03-26T13:47:09.780+0000] {docker.py:69} INFO -     ["timestamp"]=>
[2025-03-26T13:47:09.782+0000] {docker.py:69} INFO -     int(1742996309)
[2025-03-26T13:47:09.787+0000] {docker.py:69} INFO - 
[2025-03-26T13:47:09.790+0000] {docker.py:69} INFO - }
[2025-03-26T13:47:09.791+0000] {docker.py:69} INFO -   [15]=>
[2025-03-26T13:47:09.791+0000] {docker.py:69} INFO - object(stdClass)#17 (3) {
[2025-03-26T13:47:09.792+0000] {docker.py:69} INFO -     ["contador"]=>
[2025-03-26T13:47:09.792+0000] {docker.py:69} INFO - 
[2025-03-26T13:47:09.793+0000] {docker.py:69} INFO - int(1)
[2025-03-26T13:47:09.793+0000] {docker.py:69} INFO -     ["
[2025-03-26T13:47:09.794+0000] {docker.py:69} INFO - container
[2025-03-26T13:47:09.795+0000] {docker.py:69} INFO - "
[2025-03-26T13:47:09.796+0000] {docker.py:69} INFO - ]=>
[2025-03-26T13:47:09.798+0000] {docker.py:69} INFO -     string(8) "php-app2"
[2025-03-26T13:47:09.808+0000] {docker.py:69} INFO -     ["timestamp"]=>
[2025-03-26T13:47:09.809+0000] {docker.py:69} INFO -     int(1742996309)
[2025-03-26T13:47:09.810+0000] {docker.py:69} INFO -   }
[2025-03-26T13:47:09.811+0000] {docker.py:69} INFO -   [16]=>
[2025-03-26T13:47:09.812+0000] {docker.py:69} INFO - object(stdClass)#18 (3) {
[2025-03-26T13:47:09.813+0000] {docker.py:69} INFO -     [
[2025-03-26T13:47:09.823+0000] {docker.py:69} INFO - "contador"
[2025-03-26T13:47:09.825+0000] {docker.py:69} INFO - ]=>
[2025-03-26T13:47:09.826+0000] {docker.py:69} INFO - 
[2025-03-26T13:47:09.827+0000] {docker.py:69} INFO - int(1)
[2025-03-26T13:47:09.828+0000] {docker.py:69} INFO -     [
[2025-03-26T13:47:09.829+0000] {docker.py:69} INFO - "
[2025-03-26T13:47:09.830+0000] {docker.py:69} INFO - container"]=>
[2025-03-26T13:47:09.841+0000] {docker.py:69} INFO -     string(8) "
[2025-03-26T13:47:09.842+0000] {docker.py:69} INFO - php-app1"
[2025-03-26T13:47:09.862+0000] {docker.py:69} INFO -     ["timestamp
[2025-03-26T13:47:09.910+0000] {docker.py:69} INFO - "]=>
[2025-03-26T13:47:09.911+0000] {docker.py:69} INFO - int(1742996310)
[2025-03-26T13:47:09.911+0000] {docker.py:69} INFO -   }
[2025-03-26T13:47:09.912+0000] {docker.py:69} INFO -   [17]=>
[2025-03-26T13:47:09.913+0000] {docker.py:69} INFO - 
[2025-03-26T13:47:09.913+0000] {docker.py:69} INFO - object(stdClass)#19 (3) {
[2025-03-26T13:47:09.914+0000] {docker.py:69} INFO -     ["contador"
[2025-03-26T13:47:09.915+0000] {docker.py:69} INFO - ]=>
[2025-03-26T13:47:09.916+0000] {docker.py:69} INFO - int(1)
[2025-03-26T13:47:09.916+0000] {docker.py:69} INFO -     [
[2025-03-26T13:47:09.917+0000] {docker.py:69} INFO - "
[2025-03-26T13:47:09.917+0000] {docker.py:69} INFO - container"]=>
[2025-03-26T13:47:09.918+0000] {docker.py:69} INFO - 
[2025-03-26T13:47:09.918+0000] {docker.py:69} INFO - string(8) "php-app2
[2025-03-26T13:47:09.919+0000] {docker.py:69} INFO - "
[2025-03-26T13:47:09.919+0000] {docker.py:69} INFO -     [
[2025-03-26T13:47:09.920+0000] {docker.py:69} INFO - "timestamp"
[2025-03-26T13:47:09.921+0000] {docker.py:69} INFO - ]=>
[2025-03-26T13:47:09.922+0000] {docker.py:69} INFO -     int(1742996310)
[2025-03-26T13:47:09.923+0000] {docker.py:69} INFO - }
[2025-03-26T13:47:09.923+0000] {docker.py:69} INFO -   [18]=>
[2025-03-26T13:47:09.924+0000] {docker.py:69} INFO - object(stdClass)#20 (3) {
[2025-03-26T13:47:09.925+0000] {docker.py:69} INFO -     ["contador
[2025-03-26T13:47:09.925+0000] {docker.py:69} INFO - "
[2025-03-26T13:47:09.926+0000] {docker.py:69} INFO - ]=>
[2025-03-26T13:47:09.926+0000] {docker.py:69} INFO -     int(1)
[2025-03-26T13:47:09.926+0000] {docker.py:69} INFO -     ["container
[2025-03-26T13:47:09.927+0000] {docker.py:69} INFO - "
[2025-03-26T13:47:09.927+0000] {docker.py:69} INFO - ]=>
[2025-03-26T13:47:09.928+0000] {docker.py:69} INFO - string(8) "php-app2"
[2025-03-26T13:47:09.928+0000] {docker.py:69} INFO -     ["timestamp"
[2025-03-26T13:47:09.928+0000] {docker.py:69} INFO - ]=>
[2025-03-26T13:47:09.929+0000] {docker.py:69} INFO - int(1742996310)
[2025-03-26T13:47:09.929+0000] {docker.py:69} INFO -   }
[2025-03-26T13:47:09.929+0000] {docker.py:69} INFO -   [19]=>
[2025-03-26T13:47:09.930+0000] {docker.py:69} INFO - 
[2025-03-26T13:47:09.930+0000] {docker.py:69} INFO - object(stdClass)#21 (3) {
[2025-03-26T13:47:09.931+0000] {docker.py:69} INFO -     [
[2025-03-26T13:47:09.932+0000] {docker.py:69} INFO - "
[2025-03-26T13:47:09.932+0000] {docker.py:69} INFO - contador"]=>
[2025-03-26T13:47:09.933+0000] {docker.py:69} INFO - 
[2025-03-26T13:47:09.934+0000] {docker.py:69} INFO - int(1)
[2025-03-26T13:47:09.934+0000] {docker.py:69} INFO -     [
[2025-03-26T13:47:09.935+0000] {docker.py:69} INFO - "
[2025-03-26T13:47:09.935+0000] {docker.py:69} INFO - container"]=>
[2025-03-26T13:47:09.936+0000] {docker.py:69} INFO -     string(8) "php-app1
[2025-03-26T13:47:09.936+0000] {docker.py:69} INFO - "
[2025-03-26T13:47:09.937+0000] {docker.py:69} INFO -     [
[2025-03-26T13:47:09.937+0000] {docker.py:69} INFO - "
[2025-03-26T13:47:09.938+0000] {docker.py:69} INFO - timestamp"]=>
[2025-03-26T13:47:09.938+0000] {docker.py:69} INFO - 
[2025-03-26T13:47:09.939+0000] {docker.py:69} INFO - int(1742996311)
[2025-03-26T13:47:09.939+0000] {docker.py:69} INFO - }
[2025-03-26T13:47:09.940+0000] {docker.py:69} INFO -   [20]=>
[2025-03-26T13:47:09.940+0000] {docker.py:69} INFO -   object(stdClass)#22 (3) {
[2025-03-26T13:47:09.941+0000] {docker.py:69} INFO -     ["contador"]=>
[2025-03-26T13:47:09.941+0000] {docker.py:69} INFO -     int(1)
[2025-03-26T13:47:09.941+0000] {docker.py:69} INFO -     ["container"]=>
[2025-03-26T13:47:09.942+0000] {docker.py:69} INFO - 
[2025-03-26T13:47:09.942+0000] {docker.py:69} INFO - string(8) "php-app1
[2025-03-26T13:47:09.943+0000] {docker.py:69} INFO - "
[2025-03-26T13:47:09.943+0000] {docker.py:69} INFO -     ["timestamp
[2025-03-26T13:47:09.944+0000] {docker.py:69} INFO - "
[2025-03-26T13:47:09.944+0000] {docker.py:69} INFO - ]=>
[2025-03-26T13:47:09.945+0000] {docker.py:69} INFO -     int(1742996311)
[2025-03-26T13:47:09.945+0000] {docker.py:69} INFO -   }
[2025-03-26T13:47:09.945+0000] {docker.py:69} INFO -   [21]=>
[2025-03-26T13:47:09.946+0000] {docker.py:69} INFO - 
[2025-03-26T13:47:09.946+0000] {docker.py:69} INFO - object(stdClass)#23 (3) {
[2025-03-26T13:47:09.946+0000] {docker.py:69} INFO -     ["
[2025-03-26T13:47:09.947+0000] {docker.py:69} INFO - contador"]=>
[2025-03-26T13:47:09.947+0000] {docker.py:69} INFO - 
[2025-03-26T13:47:09.948+0000] {docker.py:69} INFO - int(1)
[2025-03-26T13:47:09.948+0000] {docker.py:69} INFO -     ["
[2025-03-26T13:47:09.949+0000] {docker.py:69} INFO - container
[2025-03-26T13:47:09.950+0000] {docker.py:69} INFO - "
[2025-03-26T13:47:09.950+0000] {docker.py:69} INFO - ]=>
[2025-03-26T13:47:09.951+0000] {docker.py:69} INFO - string(8) "
[2025-03-26T13:47:09.951+0000] {docker.py:69} INFO - php-app2"
[2025-03-26T13:47:09.952+0000] {docker.py:69} INFO -     [
[2025-03-26T13:47:09.953+0000] {docker.py:69} INFO - "
[2025-03-26T13:47:09.954+0000] {docker.py:69} INFO - timestamp"
[2025-03-26T13:47:09.955+0000] {docker.py:69} INFO - ]=>
[2025-03-26T13:47:09.955+0000] {docker.py:69} INFO -     int(1742996312)
[2025-03-26T13:47:09.956+0000] {docker.py:69} INFO -   }
[2025-03-26T13:47:09.956+0000] {docker.py:69} INFO -   [22]=>
[2025-03-26T13:47:09.957+0000] {docker.py:69} INFO - object(stdClass)#24 (3) {
[2025-03-26T13:47:09.957+0000] {docker.py:69} INFO -     [
[2025-03-26T13:47:09.958+0000] {docker.py:69} INFO - "contador
[2025-03-26T13:47:09.958+0000] {docker.py:69} INFO - "
[2025-03-26T13:47:09.959+0000] {docker.py:69} INFO - ]=>
[2025-03-26T13:47:09.959+0000] {docker.py:69} INFO -     int(1)
[2025-03-26T13:47:09.959+0000] {docker.py:69} INFO -     ["
[2025-03-26T13:47:09.960+0000] {docker.py:69} INFO - container
[2025-03-26T13:47:09.960+0000] {docker.py:69} INFO - "]=>
[2025-03-26T13:47:09.960+0000] {docker.py:69} INFO -     string(8) "php-app1"
[2025-03-26T13:47:09.961+0000] {docker.py:69} INFO -     [
[2025-03-26T13:47:09.961+0000] {docker.py:69} INFO - "timestamp
[2025-03-26T13:47:09.962+0000] {docker.py:69} INFO - "]=>
[2025-03-26T13:47:09.962+0000] {docker.py:69} INFO -     int(1742996313)
[2025-03-26T13:47:09.962+0000] {docker.py:69} INFO - }
[2025-03-26T13:47:09.963+0000] {docker.py:69} INFO -   [23]=>
[2025-03-26T13:47:09.963+0000] {docker.py:69} INFO -   object(stdClass)#25 (3) {
[2025-03-26T13:47:09.964+0000] {docker.py:69} INFO -     ["
[2025-03-26T13:47:09.964+0000] {docker.py:69} INFO - contador
[2025-03-26T13:47:09.965+0000] {docker.py:69} INFO - "
[2025-03-26T13:47:09.966+0000] {docker.py:69} INFO - ]=>
[2025-03-26T13:47:09.967+0000] {docker.py:69} INFO -     int(1)
[2025-03-26T13:47:09.967+0000] {docker.py:69} INFO -     [
[2025-03-26T13:47:09.967+0000] {docker.py:69} INFO - "container"]=>
[2025-03-26T13:47:09.968+0000] {docker.py:69} INFO -     string(8) "php-app1
[2025-03-26T13:47:09.969+0000] {docker.py:69} INFO - "
[2025-03-26T13:47:09.970+0000] {docker.py:69} INFO -     ["
[2025-03-26T13:47:09.971+0000] {docker.py:69} INFO - timestamp"]=>
[2025-03-26T13:47:09.972+0000] {docker.py:69} INFO -     int(1742996751)
[2025-03-26T13:47:09.972+0000] {docker.py:69} INFO - 
[2025-03-26T13:47:09.973+0000] {docker.py:69} INFO - }
[2025-03-26T13:47:09.974+0000] {docker.py:69} INFO -   [24]=>
[2025-03-26T13:47:09.974+0000] {docker.py:69} INFO -   object(stdClass)#26 (3) {
[2025-03-26T13:47:09.975+0000] {docker.py:69} INFO -     [
[2025-03-26T13:47:09.975+0000] {docker.py:69} INFO - "contador"
[2025-03-26T13:47:09.976+0000] {docker.py:69} INFO - ]=>
[2025-03-26T13:47:09.976+0000] {docker.py:69} INFO -     int(1)
[2025-03-26T13:47:09.977+0000] {docker.py:69} INFO -     [
[2025-03-26T13:47:09.977+0000] {docker.py:69} INFO - "
[2025-03-26T13:47:09.978+0000] {docker.py:69} INFO - container"]=>
[2025-03-26T13:47:09.979+0000] {docker.py:69} INFO - string(8) "
[2025-03-26T13:47:09.980+0000] {docker.py:69} INFO - php-app2"
[2025-03-26T13:47:09.981+0000] {docker.py:69} INFO -     [
[2025-03-26T13:47:09.981+0000] {docker.py:69} INFO - "timestamp"]=>
[2025-03-26T13:47:10.002+0000] {docker.py:69} INFO - 
[2025-03-26T13:47:10.003+0000] {docker.py:69} INFO - int(1742996751)
[2025-03-26T13:47:10.003+0000] {docker.py:69} INFO - 
[2025-03-26T13:47:10.004+0000] {docker.py:69} INFO - }
[2025-03-26T13:47:10.004+0000] {docker.py:69} INFO -   [25]=>
[2025-03-26T13:47:10.005+0000] {docker.py:69} INFO -   object(stdClass)#27 (3) {
[2025-03-26T13:47:10.006+0000] {docker.py:69} INFO -     ["contador"
[2025-03-26T13:47:10.008+0000] {docker.py:69} INFO - ]=>
[2025-03-26T13:47:10.009+0000] {docker.py:69} INFO -     int(1)
[2025-03-26T13:47:10.010+0000] {docker.py:69} INFO -     ["
[2025-03-26T13:47:10.010+0000] {docker.py:69} INFO - container"
[2025-03-26T13:47:10.011+0000] {docker.py:69} INFO - ]=>
[2025-03-26T13:47:10.015+0000] {docker.py:69} INFO -     string(8) "php-app2
[2025-03-26T13:47:10.016+0000] {docker.py:69} INFO - "
[2025-03-26T13:47:10.017+0000] {docker.py:69} INFO -     ["timestamp"
[2025-03-26T13:47:10.018+0000] {docker.py:69} INFO - ]=>
[2025-03-26T13:47:10.019+0000] {docker.py:69} INFO -     int(1742996756)
[2025-03-26T13:47:10.019+0000] {docker.py:69} INFO - 
[2025-03-26T13:47:10.020+0000] {docker.py:69} INFO - }
[2025-03-26T13:47:10.021+0000] {docker.py:69} INFO -   [26]=>
[2025-03-26T13:47:10.021+0000] {docker.py:69} INFO -   object(stdClass)#28 (3) {
[2025-03-26T13:47:10.022+0000] {docker.py:69} INFO -     [
[2025-03-26T13:47:10.022+0000] {docker.py:69} INFO - "contador"]=>
[2025-03-26T13:47:10.023+0000] {docker.py:69} INFO - int(1)
[2025-03-26T13:47:10.024+0000] {docker.py:69} INFO -     ["
[2025-03-26T13:47:10.024+0000] {docker.py:69} INFO - container
[2025-03-26T13:47:10.025+0000] {docker.py:69} INFO - "
[2025-03-26T13:47:10.026+0000] {docker.py:69} INFO - ]=>
[2025-03-26T13:47:10.027+0000] {docker.py:69} INFO - string(8) "
[2025-03-26T13:47:10.027+0000] {docker.py:69} INFO - php-app1
[2025-03-26T13:47:10.028+0000] {docker.py:69} INFO - "
[2025-03-26T13:47:10.028+0000] {docker.py:69} INFO -     ["
[2025-03-26T13:47:10.029+0000] {docker.py:69} INFO - timestamp
[2025-03-26T13:47:10.029+0000] {docker.py:69} INFO - "]=>
[2025-03-26T13:47:10.030+0000] {docker.py:69} INFO - int(1742996756)
[2025-03-26T13:47:10.042+0000] {docker.py:69} INFO -   }
[2025-03-26T13:47:10.045+0000] {docker.py:69} INFO -   [27]=>
[2025-03-26T13:47:10.046+0000] {docker.py:69} INFO - object(stdClass)#29 (3) {
[2025-03-26T13:47:10.048+0000] {docker.py:69} INFO -     ["
[2025-03-26T13:47:10.050+0000] {docker.py:69} INFO - contador
[2025-03-26T13:47:10.051+0000] {docker.py:69} INFO - "]=>
[2025-03-26T13:47:10.053+0000] {docker.py:69} INFO - 
[2025-03-26T13:47:10.053+0000] {docker.py:69} INFO - int(1)
[2025-03-26T13:47:10.054+0000] {docker.py:69} INFO -     ["container
[2025-03-26T13:47:10.054+0000] {docker.py:69} INFO - "]=>
[2025-03-26T13:47:10.055+0000] {docker.py:69} INFO -     string(8) "
[2025-03-26T13:47:10.055+0000] {docker.py:69} INFO - php-app1"
[2025-03-26T13:47:10.056+0000] {docker.py:69} INFO -     ["
[2025-03-26T13:47:10.056+0000] {docker.py:69} INFO - timestamp"]=>
[2025-03-26T13:47:10.057+0000] {docker.py:69} INFO -     int(1742996757)
[2025-03-26T13:47:10.057+0000] {docker.py:69} INFO - }
[2025-03-26T13:47:10.058+0000] {docker.py:69} INFO -   [28]=>
[2025-03-26T13:47:10.059+0000] {docker.py:69} INFO - object(stdClass)#30 (3) {
[2025-03-26T13:47:10.059+0000] {docker.py:69} INFO -     [
[2025-03-26T13:47:10.060+0000] {docker.py:69} INFO - "
[2025-03-26T13:47:10.060+0000] {docker.py:69} INFO - contador"
[2025-03-26T13:47:10.061+0000] {docker.py:69} INFO - ]=>
[2025-03-26T13:47:10.061+0000] {docker.py:69} INFO - 
[2025-03-26T13:47:10.062+0000] {docker.py:69} INFO - int(1)
[2025-03-26T13:47:10.062+0000] {docker.py:69} INFO -     [
[2025-03-26T13:47:10.062+0000] {docker.py:69} INFO - "container
[2025-03-26T13:47:10.063+0000] {docker.py:69} INFO - "
[2025-03-26T13:47:10.063+0000] {docker.py:69} INFO - ]=>
[2025-03-26T13:47:10.064+0000] {docker.py:69} INFO -     string(8) "php-app2
[2025-03-26T13:47:10.066+0000] {docker.py:69} INFO - "
[2025-03-26T13:47:10.066+0000] {docker.py:69} INFO -     [
[2025-03-26T13:47:10.067+0000] {docker.py:69} INFO - "timestamp"
[2025-03-26T13:47:10.092+0000] {docker.py:69} INFO - ]=>
[2025-03-26T13:47:10.093+0000] {docker.py:69} INFO -     int(1742996757)
[2025-03-26T13:47:10.095+0000] {docker.py:69} INFO - }
[2025-03-26T13:47:10.097+0000] {docker.py:69} INFO -   [29]=>
[2025-03-26T13:47:10.099+0000] {docker.py:69} INFO - object(stdClass)#31 (3) {
[2025-03-26T13:47:10.101+0000] {docker.py:69} INFO -     ["contador"
[2025-03-26T13:47:10.105+0000] {docker.py:69} INFO - ]=>
[2025-03-26T13:47:10.107+0000] {docker.py:69} INFO - int(1)
[2025-03-26T13:47:10.108+0000] {docker.py:69} INFO -     [
[2025-03-26T13:47:10.108+0000] {docker.py:69} INFO - "container
[2025-03-26T13:47:10.109+0000] {docker.py:69} INFO - "
[2025-03-26T13:47:10.114+0000] {docker.py:69} INFO - ]=>
[2025-03-26T13:47:10.118+0000] {docker.py:69} INFO -     string(8) "php-app2
[2025-03-26T13:47:10.119+0000] {docker.py:69} INFO - "
[2025-03-26T13:47:10.123+0000] {docker.py:69} INFO -     ["timestamp"]=>
[2025-03-26T13:47:10.124+0000] {docker.py:69} INFO -     int(1742996758)
[2025-03-26T13:47:10.124+0000] {docker.py:69} INFO - }
[2025-03-26T13:47:10.125+0000] {docker.py:69} INFO -   [30]=>
[2025-03-26T13:47:10.136+0000] {docker.py:69} INFO - object(stdClass)#32 (3) {
[2025-03-26T13:47:10.138+0000] {docker.py:69} INFO -     ["contador
[2025-03-26T13:47:10.140+0000] {docker.py:69} INFO - "
[2025-03-26T13:47:10.142+0000] {docker.py:69} INFO - ]=>
[2025-03-26T13:47:10.144+0000] {docker.py:69} INFO - 
[2025-03-26T13:47:10.147+0000] {docker.py:69} INFO - int(1)
[2025-03-26T13:47:10.149+0000] {docker.py:69} INFO -     ["container
[2025-03-26T13:47:10.153+0000] {docker.py:69} INFO - "]=>
[2025-03-26T13:47:10.154+0000] {docker.py:69} INFO - 
[2025-03-26T13:47:10.155+0000] {docker.py:69} INFO - string(8) "
[2025-03-26T13:47:10.156+0000] {docker.py:69} INFO - php-app1
[2025-03-26T13:47:10.157+0000] {docker.py:69} INFO - "
[2025-03-26T13:47:10.158+0000] {docker.py:69} INFO -     [
[2025-03-26T13:47:10.158+0000] {docker.py:69} INFO - "
[2025-03-26T13:47:10.159+0000] {docker.py:69} INFO - timestamp"
[2025-03-26T13:47:10.159+0000] {docker.py:69} INFO - ]=>
[2025-03-26T13:47:10.160+0000] {docker.py:69} INFO - int(1742996760)
[2025-03-26T13:47:10.161+0000] {docker.py:69} INFO - }
[2025-03-26T13:47:10.161+0000] {docker.py:69} INFO -   [31]=>
[2025-03-26T13:47:10.162+0000] {docker.py:69} INFO -   object(stdClass)#33 (3) {
[2025-03-26T13:47:10.163+0000] {docker.py:69} INFO -     ["
[2025-03-26T13:47:10.163+0000] {docker.py:69} INFO - contador
[2025-03-26T13:47:10.164+0000] {docker.py:69} INFO - "
[2025-03-26T13:47:10.165+0000] {docker.py:69} INFO - ]=>
[2025-03-26T13:47:10.166+0000] {docker.py:69} INFO -     int(1)
[2025-03-26T13:47:10.167+0000] {docker.py:69} INFO -     [
[2025-03-26T13:47:10.167+0000] {docker.py:69} INFO - "container"]=>
[2025-03-26T13:47:10.169+0000] {docker.py:69} INFO - 
[2025-03-26T13:47:10.170+0000] {docker.py:69} INFO - string(8) "
[2025-03-26T13:47:10.171+0000] {docker.py:69} INFO - php-app2"
[2025-03-26T13:47:10.171+0000] {docker.py:69} INFO -     [
[2025-03-26T13:47:10.171+0000] {docker.py:69} INFO - "timestamp
[2025-03-26T13:47:10.172+0000] {docker.py:69} INFO - "
[2025-03-26T13:47:10.173+0000] {docker.py:69} INFO - ]=>
[2025-03-26T13:47:10.173+0000] {docker.py:69} INFO -     int(1742996760)
[2025-03-26T13:47:10.174+0000] {docker.py:69} INFO - }
[2025-03-26T13:47:10.174+0000] {docker.py:69} INFO -   [32]=>
[2025-03-26T13:47:10.175+0000] {docker.py:69} INFO -   object(stdClass)#34 (3) {
[2025-03-26T13:47:10.175+0000] {docker.py:69} INFO -     [
[2025-03-26T13:47:10.176+0000] {docker.py:69} INFO - "contador
[2025-03-26T13:47:10.176+0000] {docker.py:69} INFO - "]=>
[2025-03-26T13:47:10.177+0000] {docker.py:69} INFO -     int(1)
[2025-03-26T13:47:10.177+0000] {docker.py:69} INFO -     [
[2025-03-26T13:47:10.177+0000] {docker.py:69} INFO - "container"
[2025-03-26T13:47:10.179+0000] {docker.py:69} INFO - ]=>
[2025-03-26T13:47:10.179+0000] {docker.py:69} INFO -     string(8) "php-app2"
[2025-03-26T13:47:10.180+0000] {docker.py:69} INFO -     [
[2025-03-26T13:47:10.180+0000] {docker.py:69} INFO - "timestamp"]=>
[2025-03-26T13:47:10.181+0000] {docker.py:69} INFO - 
[2025-03-26T13:47:10.182+0000] {docker.py:69} INFO - int(1742996761)
[2025-03-26T13:47:10.182+0000] {docker.py:69} INFO - }
[2025-03-26T13:47:10.183+0000] {docker.py:69} INFO -   [33]=>
[2025-03-26T13:47:10.184+0000] {docker.py:69} INFO - object(stdClass)#35 (3) {
[2025-03-26T13:47:10.185+0000] {docker.py:69} INFO -     ["
[2025-03-26T13:47:10.186+0000] {docker.py:69} INFO - contador
[2025-03-26T13:47:10.186+0000] {docker.py:69} INFO - "
[2025-03-26T13:47:10.187+0000] {docker.py:69} INFO - ]=>
[2025-03-26T13:47:10.187+0000] {docker.py:69} INFO - int(1)
[2025-03-26T13:47:10.188+0000] {docker.py:69} INFO -     ["
[2025-03-26T13:47:10.188+0000] {docker.py:69} INFO - container
[2025-03-26T13:47:10.189+0000] {docker.py:69} INFO - "]=>
[2025-03-26T13:47:10.189+0000] {docker.py:69} INFO - string(8) "
[2025-03-26T13:47:10.190+0000] {docker.py:69} INFO - php-app1"
[2025-03-26T13:47:10.190+0000] {docker.py:69} INFO -     ["
[2025-03-26T13:47:10.191+0000] {docker.py:69} INFO - timestamp
[2025-03-26T13:47:10.191+0000] {docker.py:69} INFO - "
[2025-03-26T13:47:10.191+0000] {docker.py:69} INFO - ]=>
[2025-03-26T13:47:10.192+0000] {docker.py:69} INFO - int(1742996762)
[2025-03-26T13:47:10.192+0000] {docker.py:69} INFO -   }
[2025-03-26T13:47:10.193+0000] {docker.py:69} INFO -   [34]=>
[2025-03-26T13:47:10.193+0000] {docker.py:69} INFO - object(stdClass)#36 (3) {
[2025-03-26T13:47:10.194+0000] {docker.py:69} INFO -     [
[2025-03-26T13:47:10.194+0000] {docker.py:69} INFO - "contador
[2025-03-26T13:47:10.196+0000] {docker.py:69} INFO - "]=>
[2025-03-26T13:47:10.196+0000] {docker.py:69} INFO -     int(1)
[2025-03-26T13:47:10.197+0000] {docker.py:69} INFO -     ["container"]=>
[2025-03-26T13:47:10.197+0000] {docker.py:69} INFO -     string(8) "php-app2"
[2025-03-26T13:47:10.198+0000] {docker.py:69} INFO -     ["timestamp"]=>
[2025-03-26T13:47:10.199+0000] {docker.py:69} INFO -     int(1742996762)
[2025-03-26T13:47:10.199+0000] {docker.py:69} INFO -   }
[2025-03-26T13:47:10.200+0000] {docker.py:69} INFO -   [35]=>
[2025-03-26T13:47:10.200+0000] {docker.py:69} INFO -   object(stdClass)#37 (3) {
[2025-03-26T13:47:10.201+0000] {docker.py:69} INFO -     ["contador"]=>
[2025-03-26T13:47:10.201+0000] {docker.py:69} INFO -     int(1)
[2025-03-26T13:47:10.202+0000] {docker.py:69} INFO -     ["container"]=>
[2025-03-26T13:47:10.202+0000] {docker.py:69} INFO -     string(8) "php-app1"
[2025-03-26T13:47:10.203+0000] {docker.py:69} INFO -     ["timestamp"]=>
[2025-03-26T13:47:10.203+0000] {docker.py:69} INFO -     int(1742996763)
[2025-03-26T13:47:10.203+0000] {docker.py:69} INFO -   }
[2025-03-26T13:47:10.204+0000] {docker.py:69} INFO -   [36]=>
[2025-03-26T13:47:10.204+0000] {docker.py:69} INFO -   object(stdClass)#38 (3) {
[2025-03-26T13:47:10.204+0000] {docker.py:69} INFO -     ["contador"]=>
[2025-03-26T13:47:10.205+0000] {docker.py:69} INFO -     int(1)
[2025-03-26T13:47:10.205+0000] {docker.py:69} INFO -     ["container"]=>
[2025-03-26T13:47:10.205+0000] {docker.py:69} INFO -     string(8) "php-app1"
[2025-03-26T13:47:10.206+0000] {docker.py:69} INFO -     ["timestamp"]=>
[2025-03-26T13:47:10.206+0000] {docker.py:69} INFO -     int(1742996763)
[2025-03-26T13:47:10.206+0000] {docker.py:69} INFO -   }
[2025-03-26T13:47:10.207+0000] {docker.py:69} INFO -   [37]=>
[2025-03-26T13:47:10.207+0000] {docker.py:69} INFO -   object(stdClass)#39 (3) {
[2025-03-26T13:47:10.208+0000] {docker.py:69} INFO -     ["contador"]=>
[2025-03-26T13:47:10.208+0000] {docker.py:69} INFO -     int(1)
[2025-03-26T13:47:10.208+0000] {docker.py:69} INFO -     ["container"]=>
[2025-03-26T13:47:10.209+0000] {docker.py:69} INFO -     string(8) "php-app2"
[2025-03-26T13:47:10.209+0000] {docker.py:69} INFO -     ["timestamp"]=>
[2025-03-26T13:47:10.209+0000] {docker.py:69} INFO -     int(1742996771)
[2025-03-26T13:47:10.210+0000] {docker.py:69} INFO -   }
[2025-03-26T13:47:10.210+0000] {docker.py:69} INFO -   [38]=>
[2025-03-26T13:47:10.210+0000] {docker.py:69} INFO -   object(stdClass)#40 (3) {
[2025-03-26T13:47:10.211+0000] {docker.py:69} INFO -     ["contador"]=>
[2025-03-26T13:47:10.211+0000] {docker.py:69} INFO -     int(1)
[2025-03-26T13:47:10.212+0000] {docker.py:69} INFO -     ["container"]=>
[2025-03-26T13:47:10.212+0000] {docker.py:69} INFO -     string(8) "php-app2"
[2025-03-26T13:47:10.213+0000] {docker.py:69} INFO -     ["timestamp"]=>
[2025-03-26T13:47:10.213+0000] {docker.py:69} INFO -     int(1742996773)
[2025-03-26T13:47:10.214+0000] {docker.py:69} INFO -   }
[2025-03-26T13:47:10.214+0000] {docker.py:69} INFO -   [39]=>
[2025-03-26T13:47:10.215+0000] {docker.py:69} INFO -   object(stdClass)#41 (3) {
[2025-03-26T13:47:10.215+0000] {docker.py:69} INFO -     ["contador"]=>
[2025-03-26T13:47:10.216+0000] {docker.py:69} INFO -     int(1)
[2025-03-26T13:47:10.216+0000] {docker.py:69} INFO -     ["container"]=>
[2025-03-26T13:47:10.217+0000] {docker.py:69} INFO -     string(8) "php-app1"
[2025-03-26T13:47:10.218+0000] {docker.py:69} INFO -     ["timestamp"]=>
[2025-03-26T13:47:10.218+0000] {docker.py:69} INFO -     int(1742996773)
[2025-03-26T13:47:10.219+0000] {docker.py:69} INFO -   }
[2025-03-26T13:47:10.220+0000] {docker.py:69} INFO -   [40]=>
[2025-03-26T13:47:10.220+0000] {docker.py:69} INFO -   object(stdClass)#42 (3) {
[2025-03-26T13:47:10.220+0000] {docker.py:69} INFO -     ["contador"]=>
[2025-03-26T13:47:10.221+0000] {docker.py:69} INFO -     int(1)
[2025-03-26T13:47:10.221+0000] {docker.py:69} INFO -     ["container"]=>
[2025-03-26T13:47:10.221+0000] {docker.py:69} INFO -     string(8) "php-app1"
[2025-03-26T13:47:10.222+0000] {docker.py:69} INFO -     ["timestamp"]=>
[2025-03-26T13:47:10.223+0000] {docker.py:69} INFO -     int(1742996775)
[2025-03-26T13:47:10.223+0000] {docker.py:69} INFO -   }
[2025-03-26T13:47:10.224+0000] {docker.py:69} INFO -   [41]=>
[2025-03-26T13:47:10.224+0000] {docker.py:69} INFO -   object(stdClass)#43 (3) {
[2025-03-26T13:47:10.224+0000] {docker.py:69} INFO -     ["contador"]=>
[2025-03-26T13:47:10.225+0000] {docker.py:69} INFO -     int(1)
[2025-03-26T13:47:10.225+0000] {docker.py:69} INFO -     ["container"]=>
[2025-03-26T13:47:10.225+0000] {docker.py:69} INFO -     string(8) "php-app2"
[2025-03-26T13:47:10.226+0000] {docker.py:69} INFO -     ["timestamp"]=>
[2025-03-26T13:47:10.226+0000] {docker.py:69} INFO -     int(1742996775)
[2025-03-26T13:47:10.227+0000] {docker.py:69} INFO -   }
[2025-03-26T13:47:10.227+0000] {docker.py:69} INFO -   [42]=>
[2025-03-26T13:47:10.227+0000] {docker.py:69} INFO -   object(stdClass)#44 (3) {
[2025-03-26T13:47:10.228+0000] {docker.py:69} INFO -     ["contador"]=>
[2025-03-26T13:47:10.229+0000] {docker.py:69} INFO -     int(1)
[2025-03-26T13:47:10.231+0000] {docker.py:69} INFO -     ["container"]=>
[2025-03-26T13:47:10.233+0000] {docker.py:69} INFO -     string(8) "php-app2"
[2025-03-26T13:47:10.234+0000] {docker.py:69} INFO -     ["timestamp"]=>
[2025-03-26T13:47:10.236+0000] {docker.py:69} INFO -     int(1742996775)
[2025-03-26T13:47:10.238+0000] {docker.py:69} INFO -   }
[2025-03-26T13:47:10.241+0000] {docker.py:69} INFO -   [43]=>
[2025-03-26T13:47:10.243+0000] {docker.py:69} INFO -   object(stdClass)#45 (3) {
[2025-03-26T13:47:10.244+0000] {docker.py:69} INFO -     ["contador"]=>
[2025-03-26T13:47:10.245+0000] {docker.py:69} INFO -     int(1)
[2025-03-26T13:47:10.248+0000] {docker.py:69} INFO -     ["container"]=>
[2025-03-26T13:47:10.249+0000] {docker.py:69} INFO -     string(8) "php-app1"
[2025-03-26T13:47:10.251+0000] {docker.py:69} INFO -     ["timestamp"]=>
[2025-03-26T13:47:10.253+0000] {docker.py:69} INFO -     int(1742996777)
[2025-03-26T13:47:10.254+0000] {docker.py:69} INFO -   }
[2025-03-26T13:47:10.254+0000] {docker.py:69} INFO -   [44]=>
[2025-03-26T13:47:10.255+0000] {docker.py:69} INFO -   object(stdClass)#46 (3) {
[2025-03-26T13:47:10.255+0000] {docker.py:69} INFO -     ["contador"]=>
[2025-03-26T13:47:10.256+0000] {docker.py:69} INFO -     int(1)
[2025-03-26T13:47:10.256+0000] {docker.py:69} INFO -     ["container"]=>
[2025-03-26T13:47:10.256+0000] {docker.py:69} INFO -     string(8) "php-app1"
[2025-03-26T13:47:10.257+0000] {docker.py:69} INFO -     ["timestamp"]=>
[2025-03-26T13:47:10.257+0000] {docker.py:69} INFO -     int(1742996779)
[2025-03-26T13:47:10.257+0000] {docker.py:69} INFO -   }
[2025-03-26T13:47:10.259+0000] {docker.py:69} INFO -   [45]=>
[2025-03-26T13:47:10.259+0000] {docker.py:69} INFO -   object(stdClass)#47 (3) {
[2025-03-26T13:47:10.259+0000] {docker.py:69} INFO -     ["contador"]=>
[2025-03-26T13:47:10.260+0000] {docker.py:69} INFO -     int(1)
[2025-03-26T13:47:10.260+0000] {docker.py:69} INFO -     ["container"]=>
[2025-03-26T13:47:10.261+0000] {docker.py:69} INFO -     string(8) "php-app2"
[2025-03-26T13:47:10.262+0000] {docker.py:69} INFO -     ["timestamp"]=>
[2025-03-26T13:47:10.264+0000] {docker.py:69} INFO -     int(1742996779)
[2025-03-26T13:47:10.264+0000] {docker.py:69} INFO -   }
[2025-03-26T13:47:10.264+0000] {docker.py:69} INFO -   [46]=>
[2025-03-26T13:47:10.265+0000] {docker.py:69} INFO -   object(stdClass)#48 (3) {
[2025-03-26T13:47:10.265+0000] {docker.py:69} INFO -     ["contador"]=>
[2025-03-26T13:47:10.265+0000] {docker.py:69} INFO -     int(1)
[2025-03-26T13:47:10.266+0000] {docker.py:69} INFO -     ["container"]=>
[2025-03-26T13:47:10.266+0000] {docker.py:69} INFO -     string(8) "php-app1"
[2025-03-26T13:47:10.266+0000] {docker.py:69} INFO -     ["timestamp"]=>
[2025-03-26T13:47:10.267+0000] {docker.py:69} INFO -     int(1742996781)
[2025-03-26T13:47:10.267+0000] {docker.py:69} INFO -   }
[2025-03-26T13:47:10.268+0000] {docker.py:69} INFO -   [47]=>
[2025-03-26T13:47:10.268+0000] {docker.py:69} INFO -   object(stdClass)#49 (3) {
[2025-03-26T13:47:10.268+0000] {docker.py:69} INFO -     ["contador"]=>
[2025-03-26T13:47:10.269+0000] {docker.py:69} INFO -     int(1)
[2025-03-26T13:47:10.269+0000] {docker.py:69} INFO -     ["container"]=>
[2025-03-26T13:47:10.269+0000] {docker.py:69} INFO -     string(8) "php-app1"
[2025-03-26T13:47:10.270+0000] {docker.py:69} INFO -     ["timestamp"]=>
[2025-03-26T13:47:10.270+0000] {docker.py:69} INFO -     int(1742996781)
[2025-03-26T13:47:10.270+0000] {docker.py:69} INFO -   }
[2025-03-26T13:47:10.271+0000] {docker.py:69} INFO -   [48]=>
[2025-03-26T13:47:10.271+0000] {docker.py:69} INFO -   object(stdClass)#50 (3) {
[2025-03-26T13:47:10.271+0000] {docker.py:69} INFO -     ["contador"]=>
[2025-03-26T13:47:10.272+0000] {docker.py:69} INFO -     int(1)
[2025-03-26T13:47:10.272+0000] {docker.py:69} INFO -     ["container"]=>
[2025-03-26T13:47:10.272+0000] {docker.py:69} INFO -     string(8) "php-app2"
[2025-03-26T13:47:10.273+0000] {docker.py:69} INFO -     ["timestamp"]=>
[2025-03-26T13:47:10.273+0000] {docker.py:69} INFO -     int(1742996781)
[2025-03-26T13:47:10.274+0000] {docker.py:69} INFO -   }
[2025-03-26T13:47:10.274+0000] {docker.py:69} INFO -   [49]=>
[2025-03-26T13:47:10.274+0000] {docker.py:69} INFO -   object(stdClass)#51 (3) {
[2025-03-26T13:47:10.275+0000] {docker.py:69} INFO -     ["contador"]=>
[2025-03-26T13:47:10.275+0000] {docker.py:69} INFO -     int(1)
[2025-03-26T13:47:10.276+0000] {docker.py:69} INFO -     ["container"]=>
[2025-03-26T13:47:10.276+0000] {docker.py:69} INFO -     string(8) "php-app1"
[2025-03-26T13:47:10.276+0000] {docker.py:69} INFO -     ["timestamp"]=>
[2025-03-26T13:47:10.277+0000] {docker.py:69} INFO -     int(1742996783)
[2025-03-26T13:47:10.277+0000] {docker.py:69} INFO -   }
[2025-03-26T13:47:10.278+0000] {docker.py:69} INFO -   [50]=>
[2025-03-26T13:47:10.278+0000] {docker.py:69} INFO -   object(stdClass)#52 (3) {
[2025-03-26T13:47:10.278+0000] {docker.py:69} INFO -     ["contador"]=>
[2025-03-26T13:47:10.279+0000] {docker.py:69} INFO -     int(1)
[2025-03-26T13:47:10.279+0000] {docker.py:69} INFO -     ["container"]=>
[2025-03-26T13:47:10.279+0000] {docker.py:69} INFO -     string(8) "php-app2"
[2025-03-26T13:47:10.280+0000] {docker.py:69} INFO -     ["timestamp"]=>
[2025-03-26T13:47:10.280+0000] {docker.py:69} INFO -     int(1742996783)
[2025-03-26T13:47:10.280+0000] {docker.py:69} INFO -   }
[2025-03-26T13:47:10.281+0000] {docker.py:69} INFO -   [51]=>
[2025-03-26T13:47:10.281+0000] {docker.py:69} INFO -   object(stdClass)#53 (3) {
[2025-03-26T13:47:10.281+0000] {docker.py:69} INFO -     ["contador"]=>
[2025-03-26T13:47:10.282+0000] {docker.py:69} INFO -     int(1)
[2025-03-26T13:47:10.282+0000] {docker.py:69} INFO -     ["container"]=>
[2025-03-26T13:47:10.283+0000] {docker.py:69} INFO -     string(8) "php-app1"
[2025-03-26T13:47:10.283+0000] {docker.py:69} INFO -     ["timestamp"]=>
[2025-03-26T13:47:10.283+0000] {docker.py:69} INFO -     int(1742996783)
[2025-03-26T13:47:10.284+0000] {docker.py:69} INFO -   }
[2025-03-26T13:47:10.284+0000] {docker.py:69} INFO -   [52]=>
[2025-03-26T13:47:10.284+0000] {docker.py:69} INFO -   object(stdClass)#54 (3) {
[2025-03-26T13:47:10.285+0000] {docker.py:69} INFO -     ["contador"]=>
[2025-03-26T13:47:10.285+0000] {docker.py:69} INFO -     int(1)
[2025-03-26T13:47:10.285+0000] {docker.py:69} INFO -     ["container"]=>
[2025-03-26T13:47:10.286+0000] {docker.py:69} INFO -     string(8) "php-app2"
[2025-03-26T13:47:10.286+0000] {docker.py:69} INFO -     ["timestamp"]=>
[2025-03-26T13:47:10.287+0000] {docker.py:69} INFO -     int(1742996785)
[2025-03-26T13:47:10.287+0000] {docker.py:69} INFO -   }
[2025-03-26T13:47:10.287+0000] {docker.py:69} INFO -   [53]=>
[2025-03-26T13:47:10.288+0000] {docker.py:69} INFO -   object(stdClass)#55 (3) {
[2025-03-26T13:47:10.288+0000] {docker.py:69} INFO -     ["contador"]=>
[2025-03-26T13:47:10.289+0000] {docker.py:69} INFO -     int(1)
[2025-03-26T13:47:10.289+0000] {docker.py:69} INFO -     ["container"]=>
[2025-03-26T13:47:10.289+0000] {docker.py:69} INFO -     string(8) "php-app2"
[2025-03-26T13:47:10.290+0000] {docker.py:69} INFO -     ["timestamp"]=>
[2025-03-26T13:47:10.290+0000] {docker.py:69} INFO -     int(1742996789)
[2025-03-26T13:47:10.290+0000] {docker.py:69} INFO -   }
[2025-03-26T13:47:10.291+0000] {docker.py:69} INFO -   [54]=>
[2025-03-26T13:47:10.291+0000] {docker.py:69} INFO -   object(stdClass)#56 (3) {
[2025-03-26T13:47:10.291+0000] {docker.py:69} INFO -     ["contador"]=>
[2025-03-26T13:47:10.292+0000] {docker.py:69} INFO -     int(1)
[2025-03-26T13:47:10.292+0000] {docker.py:69} INFO -     ["container"]=>
[2025-03-26T13:47:10.292+0000] {docker.py:69} INFO -     string(8) "php-app1"
[2025-03-26T13:47:10.293+0000] {docker.py:69} INFO -     ["timestamp"]=>
[2025-03-26T13:47:10.293+0000] {docker.py:69} INFO -     int(1742996790)
[2025-03-26T13:47:10.293+0000] {docker.py:69} INFO -   }
[2025-03-26T13:47:10.294+0000] {docker.py:69} INFO -   [55]=>
[2025-03-26T13:47:10.294+0000] {docker.py:69} INFO -   object(stdClass)#57 (3) {
[2025-03-26T13:47:10.294+0000] {docker.py:69} INFO -     ["contador"]=>
[2025-03-26T13:47:10.295+0000] {docker.py:69} INFO -     int(1)
[2025-03-26T13:47:10.295+0000] {docker.py:69} INFO -     ["container"]=>
[2025-03-26T13:47:10.295+0000] {docker.py:69} INFO -     string(8) "php-app1"
[2025-03-26T13:47:10.296+0000] {docker.py:69} INFO -     ["timestamp"]=>
[2025-03-26T13:47:10.297+0000] {docker.py:69} INFO -     int(1742996790)
[2025-03-26T13:47:10.297+0000] {docker.py:69} INFO -   }
[2025-03-26T13:47:10.298+0000] {docker.py:69} INFO -   [56]=>
[2025-03-26T13:47:10.298+0000] {docker.py:69} INFO -   object(stdClass)#58 (3) {
[2025-03-26T13:47:10.299+0000] {docker.py:69} INFO -     ["contador"]=>
[2025-03-26T13:47:10.299+0000] {docker.py:69} INFO -     int(1)
[2025-03-26T13:47:10.299+0000] {docker.py:69} INFO -     ["container"]=>
[2025-03-26T13:47:10.300+0000] {docker.py:69} INFO -     string(8) "php-app2"
[2025-03-26T13:47:10.300+0000] {docker.py:69} INFO -     ["timestamp"]=>
[2025-03-26T13:47:10.301+0000] {docker.py:69} INFO -     int(1742996790)
[2025-03-26T13:47:10.301+0000] {docker.py:69} INFO -   }
[2025-03-26T13:47:10.301+0000] {docker.py:69} INFO -   [57]=>
[2025-03-26T13:47:10.302+0000] {docker.py:69} INFO -   object(stdClass)#59 (3) {
[2025-03-26T13:47:10.302+0000] {docker.py:69} INFO -     ["contador"]=>
[2025-03-26T13:47:10.303+0000] {docker.py:69} INFO -     int(1)
[2025-03-26T13:47:10.303+0000] {docker.py:69} INFO -     ["container"]=>
[2025-03-26T13:47:10.305+0000] {docker.py:69} INFO -     string(8) "php-app2"
[2025-03-26T13:47:10.307+0000] {docker.py:69} INFO -     ["timestamp"]=>
[2025-03-26T13:47:10.308+0000] {docker.py:69} INFO -     int(1742996791)
[2025-03-26T13:47:10.310+0000] {docker.py:69} INFO -   }
[2025-03-26T13:47:10.311+0000] {docker.py:69} INFO -   [58]=>
[2025-03-26T13:47:10.313+0000] {docker.py:69} INFO -   object(stdClass)#60 (3) {
[2025-03-26T13:47:10.319+0000] {docker.py:69} INFO -     ["contador"]=>
[2025-03-26T13:47:10.321+0000] {docker.py:69} INFO -     int(1)
[2025-03-26T13:47:10.323+0000] {docker.py:69} INFO -     ["container"]=>
[2025-03-26T13:47:10.325+0000] {docker.py:69} INFO -     string(8) "php-app1"
[2025-03-26T13:47:10.326+0000] {docker.py:69} INFO -     ["timestamp"]=>
[2025-03-26T13:47:10.328+0000] {docker.py:69} INFO -     int(1742996792)
[2025-03-26T13:47:10.332+0000] {docker.py:69} INFO -   }
[2025-03-26T13:47:10.336+0000] {docker.py:69} INFO -   [59]=>
[2025-03-26T13:47:10.338+0000] {docker.py:69} INFO -   object(stdClass)#61 (3) {
[2025-03-26T13:47:10.339+0000] {docker.py:69} INFO -     ["contador"]=>
[2025-03-26T13:47:10.345+0000] {docker.py:69} INFO -     int(1)
[2025-03-26T13:47:10.346+0000] {docker.py:69} INFO -     ["container"]=>
[2025-03-26T13:47:10.348+0000] {docker.py:69} INFO -     string(8) "php-app1"
[2025-03-26T13:47:10.350+0000] {docker.py:69} INFO -     ["timestamp"]=>
[2025-03-26T13:47:10.351+0000] {docker.py:69} INFO -     int(1742996793)
[2025-03-26T13:47:10.354+0000] {docker.py:69} INFO -   }
[2025-03-26T13:47:10.355+0000] {docker.py:69} INFO -   [60]=>
[2025-03-26T13:47:10.355+0000] {docker.py:69} INFO -   object(stdClass)#62 (3) {
[2025-03-26T13:47:10.356+0000] {docker.py:69} INFO -     ["contador"]=>
[2025-03-26T13:47:10.356+0000] {docker.py:69} INFO -     int(1)
[2025-03-26T13:47:10.357+0000] {docker.py:69} INFO -     ["container"]=>
[2025-03-26T13:47:10.357+0000] {docker.py:69} INFO -     string(8) "php-app2"
[2025-03-26T13:47:10.358+0000] {docker.py:69} INFO -     ["timestamp"]=>
[2025-03-26T13:47:10.359+0000] {docker.py:69} INFO -     int(1742996794)
[2025-03-26T13:47:10.360+0000] {docker.py:69} INFO -   }
[2025-03-26T13:47:10.360+0000] {docker.py:69} INFO -   [61]=>
[2025-03-26T13:47:10.361+0000] {docker.py:69} INFO -   object(stdClass)#63 (3) {
[2025-03-26T13:47:10.361+0000] {docker.py:69} INFO -     ["contador"]=>
[2025-03-26T13:47:10.362+0000] {docker.py:69} INFO -     int(1)
[2025-03-26T13:47:10.363+0000] {docker.py:69} INFO -     ["container"]=>
[2025-03-26T13:47:10.363+0000] {docker.py:69} INFO -     string(8) "php-app1"
[2025-03-26T13:47:10.364+0000] {docker.py:69} INFO -     ["timestamp"]=>
[2025-03-26T13:47:10.365+0000] {docker.py:69} INFO -     int(1742996795)
[2025-03-26T13:47:10.366+0000] {docker.py:69} INFO -   }
[2025-03-26T13:47:10.366+0000] {docker.py:69} INFO -   [62]=>
[2025-03-26T13:47:10.367+0000] {docker.py:69} INFO -   object(stdClass)#64 (3) {
[2025-03-26T13:47:10.368+0000] {docker.py:69} INFO -     ["contador"]=>
[2025-03-26T13:47:10.370+0000] {docker.py:69} INFO -     int(1)
[2025-03-26T13:47:10.373+0000] {docker.py:69} INFO -     ["container"]=>
[2025-03-26T13:47:10.374+0000] {docker.py:69} INFO -     string(8) "php-app1"
[2025-03-26T13:47:10.376+0000] {docker.py:69} INFO -     ["timestamp"]=>
[2025-03-26T13:47:10.377+0000] {docker.py:69} INFO -     int(1742996797)
[2025-03-26T13:47:10.378+0000] {docker.py:69} INFO -   }
[2025-03-26T13:47:10.380+0000] {docker.py:69} INFO -   [63]=>
[2025-03-26T13:47:10.381+0000] {docker.py:69} INFO -   object(stdClass)#65 (3) {
[2025-03-26T13:47:10.383+0000] {docker.py:69} INFO -     ["contador"]=>
[2025-03-26T13:47:10.385+0000] {docker.py:69} INFO -     int(1)
[2025-03-26T13:47:10.387+0000] {docker.py:69} INFO -     ["container"]=>
[2025-03-26T13:47:10.389+0000] {docker.py:69} INFO -     string(8) "php-app2"
[2025-03-26T13:47:10.390+0000] {docker.py:69} INFO -     ["timestamp"]=>
[2025-03-26T13:47:10.391+0000] {docker.py:69} INFO -     int(1742996797)
[2025-03-26T13:47:10.392+0000] {docker.py:69} INFO -   }
[2025-03-26T13:47:10.394+0000] {docker.py:69} INFO -   [64]=>
[2025-03-26T13:47:10.395+0000] {docker.py:69} INFO -   object(stdClass)#66 (3) {
[2025-03-26T13:47:10.397+0000] {docker.py:69} INFO -     ["contador"]=>
[2025-03-26T13:47:10.398+0000] {docker.py:69} INFO -     int(1)
[2025-03-26T13:47:10.403+0000] {docker.py:69} INFO -     ["container"]=>
[2025-03-26T13:47:10.405+0000] {docker.py:69} INFO -     string(8) "php-app2"
[2025-03-26T13:47:10.407+0000] {docker.py:69} INFO -     ["timestamp"]=>
[2025-03-26T13:47:10.408+0000] {docker.py:69} INFO -     int(1742996797)
[2025-03-26T13:47:10.410+0000] {docker.py:69} INFO -   }
[2025-03-26T13:47:10.411+0000] {docker.py:69} INFO -   [65]=>
[2025-03-26T13:47:10.413+0000] {docker.py:69} INFO -   object(stdClass)#67 (3) {
[2025-03-26T13:47:10.416+0000] {docker.py:69} INFO -     ["contador"]=>
[2025-03-26T13:47:10.418+0000] {docker.py:69} INFO -     int(1)
[2025-03-26T13:47:10.420+0000] {docker.py:69} INFO -     ["container"]=>
[2025-03-26T13:47:10.421+0000] {docker.py:69} INFO -     string(8) "php-app1"
[2025-03-26T13:47:10.423+0000] {docker.py:69} INFO -     ["timestamp"]=>
[2025-03-26T13:47:10.424+0000] {docker.py:69} INFO -     int(1742996804)
[2025-03-26T13:47:10.425+0000] {docker.py:69} INFO -   }
[2025-03-26T13:47:10.427+0000] {docker.py:69} INFO -   [66]=>
[2025-03-26T13:47:10.428+0000] {docker.py:69} INFO -   object(stdClass)#68 (3) {
[2025-03-26T13:47:10.430+0000] {docker.py:69} INFO -     ["contador"]=>
[2025-03-26T13:47:10.431+0000] {docker.py:69} INFO -     int(1)
[2025-03-26T13:47:10.432+0000] {docker.py:69} INFO -     ["container"]=>
[2025-03-26T13:47:10.433+0000] {docker.py:69} INFO -     string(8) "php-app2"
[2025-03-26T13:47:10.435+0000] {docker.py:69} INFO -     ["timestamp"]=>
[2025-03-26T13:47:10.436+0000] {docker.py:69} INFO -     int(1742996806)
[2025-03-26T13:47:10.437+0000] {docker.py:69} INFO -   }
[2025-03-26T13:47:10.438+0000] {docker.py:69} INFO -   [67]=>
[2025-03-26T13:47:10.440+0000] {docker.py:69} INFO -   object(stdClass)#69 (3) {
[2025-03-26T13:47:10.441+0000] {docker.py:69} INFO -     ["contador"]=>
[2025-03-26T13:47:10.442+0000] {docker.py:69} INFO -     int(1)
[2025-03-26T13:47:10.443+0000] {docker.py:69} INFO -     ["container"]=>
[2025-03-26T13:47:10.444+0000] {docker.py:69} INFO -     string(8) "php-app2"
[2025-03-26T13:47:10.446+0000] {docker.py:69} INFO -     ["timestamp"]=>
[2025-03-26T13:47:10.448+0000] {docker.py:69} INFO -     int(1742996807)
[2025-03-26T13:47:10.449+0000] {docker.py:69} INFO -   }
[2025-03-26T13:47:10.450+0000] {docker.py:69} INFO -   [68]=>
[2025-03-26T13:47:10.452+0000] {docker.py:69} INFO -   object(stdClass)#70 (3) {
[2025-03-26T13:47:10.454+0000] {docker.py:69} INFO -     ["contador"]=>
[2025-03-26T13:47:10.455+0000] {docker.py:69} INFO -     int(1)
[2025-03-26T13:47:10.456+0000] {docker.py:69} INFO -     ["container"]=>
[2025-03-26T13:47:10.458+0000] {docker.py:69} INFO -     string(8) "php-app1"
[2025-03-26T13:47:10.458+0000] {docker.py:69} INFO -     ["timestamp"]=>
[2025-03-26T13:47:10.459+0000] {docker.py:69} INFO -     int(1742996807)
[2025-03-26T13:47:10.460+0000] {docker.py:69} INFO -   }
[2025-03-26T13:47:10.462+0000] {docker.py:69} INFO -   [69]=>
[2025-03-26T13:47:10.463+0000] {docker.py:69} INFO -   object(stdClass)#71 (3) {
[2025-03-26T13:47:10.465+0000] {docker.py:69} INFO -     ["contador"]=>
[2025-03-26T13:47:10.466+0000] {docker.py:69} INFO -     int(1)
[2025-03-26T13:47:10.467+0000] {docker.py:69} INFO -     ["container"]=>
[2025-03-26T13:47:10.468+0000] {docker.py:69} INFO -     string(8) "php-app2"
[2025-03-26T13:47:10.470+0000] {docker.py:69} INFO -     ["timestamp"]=>
[2025-03-26T13:47:10.470+0000] {docker.py:69} INFO -     int(1742996809)
[2025-03-26T13:47:10.471+0000] {docker.py:69} INFO -   }
[2025-03-26T13:47:10.471+0000] {docker.py:69} INFO -   [70]=>
[2025-03-26T13:47:10.471+0000] {docker.py:69} INFO -   object(stdClass)#72 (3) {
[2025-03-26T13:47:10.472+0000] {docker.py:69} INFO -     ["contador"]=>
[2025-03-26T13:47:10.472+0000] {docker.py:69} INFO -     int(1)
[2025-03-26T13:47:10.473+0000] {docker.py:69} INFO -     ["container"]=>
[2025-03-26T13:47:10.473+0000] {docker.py:69} INFO -     string(8) "php-app1"
[2025-03-26T13:47:10.475+0000] {docker.py:69} INFO -     ["timestamp"]=>
[2025-03-26T13:47:10.476+0000] {docker.py:69} INFO -     int(1742996810)
[2025-03-26T13:47:10.477+0000] {docker.py:69} INFO -   }
[2025-03-26T13:47:10.477+0000] {docker.py:69} INFO -   [71]=>
[2025-03-26T13:47:10.478+0000] {docker.py:69} INFO -   object(stdClass)#73 (3) {
[2025-03-26T13:47:10.479+0000] {docker.py:69} INFO -     ["contador"]=>
[2025-03-26T13:47:10.479+0000] {docker.py:69} INFO -     int(1)
[2025-03-26T13:47:10.480+0000] {docker.py:69} INFO -     ["container"]=>
[2025-03-26T13:47:10.480+0000] {docker.py:69} INFO -     string(8) "php-app1"
[2025-03-26T13:47:10.481+0000] {docker.py:69} INFO -     ["timestamp"]=>
[2025-03-26T13:47:10.485+0000] {docker.py:69} INFO -     int(1742996812)
[2025-03-26T13:47:10.485+0000] {docker.py:69} INFO -   }
[2025-03-26T13:47:10.486+0000] {docker.py:69} INFO -   [72]=>
[2025-03-26T13:47:10.487+0000] {docker.py:69} INFO -   object(stdClass)#74 (3) {
[2025-03-26T13:47:10.487+0000] {docker.py:69} INFO -     ["contador"]=>
[2025-03-26T13:47:10.488+0000] {docker.py:69} INFO -     int(1)
[2025-03-26T13:47:10.490+0000] {docker.py:69} INFO -     ["container"]=>
[2025-03-26T13:47:10.491+0000] {docker.py:69} INFO -     string(8) "php-app2"
[2025-03-26T13:47:10.492+0000] {docker.py:69} INFO -     ["timestamp"]=>
[2025-03-26T13:47:10.519+0000] {docker.py:69} INFO -     int(1742996813)
[2025-03-26T13:47:10.520+0000] {docker.py:69} INFO -   }
[2025-03-26T13:47:10.521+0000] {docker.py:69} INFO -   [73]=>
[2025-03-26T13:47:10.523+0000] {docker.py:69} INFO -   object(stdClass)#75 (3) {
[2025-03-26T13:47:10.524+0000] {docker.py:69} INFO -     ["contador"]=>
[2025-03-26T13:47:10.526+0000] {docker.py:69} INFO -     int(1)
[2025-03-26T13:47:10.528+0000] {docker.py:69} INFO -     ["container"]=>
[2025-03-26T13:47:10.535+0000] {docker.py:69} INFO -     string(8) "php-app1"
[2025-03-26T13:47:10.536+0000] {docker.py:69} INFO -     ["timestamp"]=>
[2025-03-26T13:47:10.538+0000] {docker.py:69} INFO -     int(1742996813)
[2025-03-26T13:47:10.539+0000] {docker.py:69} INFO -   }
[2025-03-26T13:47:10.540+0000] {docker.py:69} INFO -   [74]=>
[2025-03-26T13:47:10.541+0000] {docker.py:69} INFO -   object(stdClass)#76 (3) {
[2025-03-26T13:47:10.542+0000] {docker.py:69} INFO -     ["contador"]=>
[2025-03-26T13:47:10.550+0000] {docker.py:69} INFO -     int(1)
[2025-03-26T13:47:10.552+0000] {docker.py:69} INFO -     ["container"]=>
[2025-03-26T13:47:10.553+0000] {docker.py:69} INFO -     string(8) "php-app2"
[2025-03-26T13:47:10.554+0000] {docker.py:69} INFO -     ["timestamp"]=>
[2025-03-26T13:47:10.555+0000] {docker.py:69} INFO -     int(1742996815)
[2025-03-26T13:47:10.555+0000] {docker.py:69} INFO -   }
[2025-03-26T13:47:10.556+0000] {docker.py:69} INFO -   [75]=>
[2025-03-26T13:47:10.556+0000] {docker.py:69} INFO -   object(stdClass)#77 (3) {
[2025-03-26T13:47:10.557+0000] {docker.py:69} INFO -     ["contador"]=>
[2025-03-26T13:47:10.557+0000] {docker.py:69} INFO -     int(1)
[2025-03-26T13:47:10.558+0000] {docker.py:69} INFO -     ["container"]=>
[2025-03-26T13:47:10.559+0000] {docker.py:69} INFO -     string(8) "php-app1"
[2025-03-26T13:47:10.560+0000] {docker.py:69} INFO -     ["timestamp"]=>
[2025-03-26T13:47:10.560+0000] {docker.py:69} INFO -     int(1742996816)
[2025-03-26T13:47:10.561+0000] {docker.py:69} INFO -   }
[2025-03-26T13:47:10.561+0000] {docker.py:69} INFO -   [76]=>
[2025-03-26T13:47:10.561+0000] {docker.py:69} INFO -   object(stdClass)#78 (3) {
[2025-03-26T13:47:10.562+0000] {docker.py:69} INFO -     ["contador"]=>
[2025-03-26T13:47:10.562+0000] {docker.py:69} INFO -     int(1)
[2025-03-26T13:47:10.562+0000] {docker.py:69} INFO -     ["container"]=>
[2025-03-26T13:47:10.563+0000] {docker.py:69} INFO -     string(8) "php-app2"
[2025-03-26T13:47:10.563+0000] {docker.py:69} INFO -     ["timestamp"]=>
[2025-03-26T13:47:10.564+0000] {docker.py:69} INFO -     int(1742996816)
[2025-03-26T13:47:10.564+0000] {docker.py:69} INFO -   }
[2025-03-26T13:47:10.565+0000] {docker.py:69} INFO -   [77]=>
[2025-03-26T13:47:10.566+0000] {docker.py:69} INFO -   object(stdClass)#79 (3) {
[2025-03-26T13:47:10.566+0000] {docker.py:69} INFO -     ["contador"]=>
[2025-03-26T13:47:10.567+0000] {docker.py:69} INFO -     int(1)
[2025-03-26T13:47:10.567+0000] {docker.py:69} INFO -     ["container"]=>
[2025-03-26T13:47:10.567+0000] {docker.py:69} INFO -     string(8) "php-app1"
[2025-03-26T13:47:10.568+0000] {docker.py:69} INFO -     ["timestamp"]=>
[2025-03-26T13:47:10.569+0000] {docker.py:69} INFO -     int(1742996816)
[2025-03-26T13:47:10.570+0000] {docker.py:69} INFO -   }
[2025-03-26T13:47:10.571+0000] {docker.py:69} INFO -   [78]=>
[2025-03-26T13:47:10.571+0000] {docker.py:69} INFO -   object(stdClass)#80 (3) {
[2025-03-26T13:47:10.572+0000] {docker.py:69} INFO -     ["contador"]=>
[2025-03-26T13:47:10.572+0000] {docker.py:69} INFO -     int(1)
[2025-03-26T13:47:10.572+0000] {docker.py:69} INFO -     ["container"]=>
[2025-03-26T13:47:10.573+0000] {docker.py:69} INFO -     string(8) "php-app1"
[2025-03-26T13:47:10.573+0000] {docker.py:69} INFO -     ["timestamp"]=>
[2025-03-26T13:47:10.573+0000] {docker.py:69} INFO -     int(1742996817)
[2025-03-26T13:47:10.574+0000] {docker.py:69} INFO -   }
[2025-03-26T13:47:10.574+0000] {docker.py:69} INFO -   [79]=>
[2025-03-26T13:47:10.575+0000] {docker.py:69} INFO -   object(stdClass)#81 (3) {
[2025-03-26T13:47:10.575+0000] {docker.py:69} INFO -     ["contador"]=>
[2025-03-26T13:47:10.575+0000] {docker.py:69} INFO -     int(1)
[2025-03-26T13:47:10.576+0000] {docker.py:69} INFO -     ["container"]=>
[2025-03-26T13:47:10.576+0000] {docker.py:69} INFO -     string(8) "php-app2"
[2025-03-26T13:47:10.576+0000] {docker.py:69} INFO -     ["timestamp"]=>
[2025-03-26T13:47:10.577+0000] {docker.py:69} INFO -     int(1742996817)
[2025-03-26T13:47:10.577+0000] {docker.py:69} INFO -   }
[2025-03-26T13:47:10.578+0000] {docker.py:69} INFO -   [80]=>
[2025-03-26T13:47:10.579+0000] {docker.py:69} INFO -   object(stdClass)#82 (3) {
[2025-03-26T13:47:10.579+0000] {docker.py:69} INFO -     ["contador"]=>
[2025-03-26T13:47:10.580+0000] {docker.py:69} INFO -     int(1)
[2025-03-26T13:47:10.584+0000] {docker.py:69} INFO -     ["container"]=>
[2025-03-26T13:47:10.585+0000] {docker.py:69} INFO -     string(8) "php-app2"
[2025-03-26T13:47:10.586+0000] {docker.py:69} INFO -     ["timestamp"]=>
[2025-03-26T13:47:10.586+0000] {docker.py:69} INFO -     int(1742996818)
[2025-03-26T13:47:10.586+0000] {docker.py:69} INFO -   }
[2025-03-26T13:47:10.587+0000] {docker.py:69} INFO -   [81]=>
[2025-03-26T13:47:10.587+0000] {docker.py:69} INFO -   object(stdClass)#83 (3) {
[2025-03-26T13:47:10.587+0000] {docker.py:69} INFO -     ["contador"]=>
[2025-03-26T13:47:10.588+0000] {docker.py:69} INFO -     int(1)
[2025-03-26T13:47:10.588+0000] {docker.py:69} INFO -     ["container"]=>
[2025-03-26T13:47:10.588+0000] {docker.py:69} INFO -     string(8) "php-app1"
[2025-03-26T13:47:10.589+0000] {docker.py:69} INFO -     ["timestamp"]=>
[2025-03-26T13:47:10.590+0000] {docker.py:69} INFO -     int(1742996821)
[2025-03-26T13:47:10.590+0000] {docker.py:69} INFO -   }
[2025-03-26T13:47:10.590+0000] {docker.py:69} INFO -   [82]=>
[2025-03-26T13:47:10.591+0000] {docker.py:69} INFO -   object(stdClass)#84 (3) {
[2025-03-26T13:47:10.591+0000] {docker.py:69} INFO -     ["contador"]=>
[2025-03-26T13:47:10.591+0000] {docker.py:69} INFO -     int(1)
[2025-03-26T13:47:10.592+0000] {docker.py:69} INFO -     ["container"]=>
[2025-03-26T13:47:10.592+0000] {docker.py:69} INFO -     string(8) "php-app1"
[2025-03-26T13:47:10.592+0000] {docker.py:69} INFO -     ["timestamp"]=>
[2025-03-26T13:47:10.593+0000] {docker.py:69} INFO -     int(1742996824)
[2025-03-26T13:47:10.593+0000] {docker.py:69} INFO -   }
[2025-03-26T13:47:10.593+0000] {docker.py:69} INFO -   [83]=>
[2025-03-26T13:47:10.594+0000] {docker.py:69} INFO -   object(stdClass)#85 (3) {
[2025-03-26T13:47:10.595+0000] {docker.py:69} INFO -     ["contador"]=>
[2025-03-26T13:47:10.595+0000] {docker.py:69} INFO -     int(1)
[2025-03-26T13:47:10.596+0000] {docker.py:69} INFO -     ["container"]=>
[2025-03-26T13:47:10.596+0000] {docker.py:69} INFO -     string(8) "php-app2"
[2025-03-26T13:47:10.597+0000] {docker.py:69} INFO -     ["timestamp"]=>
[2025-03-26T13:47:10.597+0000] {docker.py:69} INFO -     int(1742996825)
[2025-03-26T13:47:10.598+0000] {docker.py:69} INFO -   }
[2025-03-26T13:47:10.598+0000] {docker.py:69} INFO -   [84]=>
[2025-03-26T13:47:10.598+0000] {docker.py:69} INFO -   object(stdClass)#86 (3) {
[2025-03-26T13:47:10.599+0000] {docker.py:69} INFO -     ["contador"]=>
[2025-03-26T13:47:10.599+0000] {docker.py:69} INFO -     int(1)
[2025-03-26T13:47:10.600+0000] {docker.py:69} INFO -     ["container"]=>
[2025-03-26T13:47:10.601+0000] {docker.py:69} INFO -     string(8) "php-app2"
[2025-03-26T13:47:10.602+0000] {docker.py:69} INFO -     ["timestamp"]=>
[2025-03-26T13:47:10.603+0000] {docker.py:69} INFO -     int(1742996826)
[2025-03-26T13:47:10.604+0000] {docker.py:69} INFO -   }
[2025-03-26T13:47:10.604+0000] {docker.py:69} INFO -   [85]=>
[2025-03-26T13:47:10.605+0000] {docker.py:69} INFO -   object(stdClass)#87 (3) {
[2025-03-26T13:47:10.605+0000] {docker.py:69} INFO -     ["contador"]=>
[2025-03-26T13:47:10.606+0000] {docker.py:69} INFO -     int(1)
[2025-03-26T13:47:10.606+0000] {docker.py:69} INFO -     ["container"]=>
[2025-03-26T13:47:10.606+0000] {docker.py:69} INFO -     string(8) "php-app2"
[2025-03-26T13:47:10.607+0000] {docker.py:69} INFO -     ["timestamp"]=>
[2025-03-26T13:47:10.607+0000] {docker.py:69} INFO -     int(1742996826)
[2025-03-26T13:47:10.607+0000] {docker.py:69} INFO -   }
[2025-03-26T13:47:10.608+0000] {docker.py:69} INFO -   [86]=>
[2025-03-26T13:47:10.608+0000] {docker.py:69} INFO -   object(stdClass)#88 (3) {
[2025-03-26T13:47:10.608+0000] {docker.py:69} INFO -     ["contador"]=>
[2025-03-26T13:47:10.609+0000] {docker.py:69} INFO -     int(1)
[2025-03-26T13:47:10.609+0000] {docker.py:69} INFO -     ["container"]=>
[2025-03-26T13:47:10.609+0000] {docker.py:69} INFO -     string(8) "php-app1"
[2025-03-26T13:47:10.610+0000] {docker.py:69} INFO -     ["timestamp"]=>
[2025-03-26T13:47:10.610+0000] {docker.py:69} INFO -     int(1742996827)
[2025-03-26T13:47:10.610+0000] {docker.py:69} INFO -   }
[2025-03-26T13:47:10.611+0000] {docker.py:69} INFO -   [87]=>
[2025-03-26T13:47:10.612+0000] {docker.py:69} INFO -   object(stdClass)#89 (3) {
[2025-03-26T13:47:10.613+0000] {docker.py:69} INFO -     ["contador"]=>
[2025-03-26T13:47:10.613+0000] {docker.py:69} INFO -     int(1)
[2025-03-26T13:47:10.614+0000] {docker.py:69} INFO -     ["container"]=>
[2025-03-26T13:47:10.614+0000] {docker.py:69} INFO -     string(8) "php-app2"
[2025-03-26T13:47:10.615+0000] {docker.py:69} INFO -     ["timestamp"]=>
[2025-03-26T13:47:10.616+0000] {docker.py:69} INFO -     int(1742996828)
[2025-03-26T13:47:10.617+0000] {docker.py:69} INFO -   }
[2025-03-26T13:47:10.618+0000] {docker.py:69} INFO -   [88]=>
[2025-03-26T13:47:10.618+0000] {docker.py:69} INFO -   object(stdClass)#90 (3) {
[2025-03-26T13:47:10.619+0000] {docker.py:69} INFO -     ["contador"]=>
[2025-03-26T13:47:10.619+0000] {docker.py:69} INFO -     int(1)
[2025-03-26T13:47:10.619+0000] {docker.py:69} INFO -     ["container"]=>
[2025-03-26T13:47:10.620+0000] {docker.py:69} INFO -     string(8) "php-app1"
[2025-03-26T13:47:10.620+0000] {docker.py:69} INFO -     ["timestamp"]=>
[2025-03-26T13:47:10.620+0000] {docker.py:69} INFO -     int(1742996828)
[2025-03-26T13:47:10.621+0000] {docker.py:69} INFO -   }
[2025-03-26T13:47:10.624+0000] {docker.py:69} INFO -   [89]=>
[2025-03-26T13:47:10.625+0000] {docker.py:69} INFO -   object(stdClass)#91 (3) {
[2025-03-26T13:47:10.625+0000] {docker.py:69} INFO -     ["contador"]=>
[2025-03-26T13:47:10.626+0000] {docker.py:69} INFO -     int(1)
[2025-03-26T13:47:10.626+0000] {docker.py:69} INFO -     ["container"]=>
[2025-03-26T13:47:10.626+0000] {docker.py:69} INFO -     string(8) "php-app2"
[2025-03-26T13:47:10.627+0000] {docker.py:69} INFO -     ["timestamp"]=>
[2025-03-26T13:47:10.627+0000] {docker.py:69} INFO -     int(1742996829)
[2025-03-26T13:47:10.628+0000] {docker.py:69} INFO -   }
[2025-03-26T13:47:10.629+0000] {docker.py:69} INFO -   [90]=>
[2025-03-26T13:47:10.629+0000] {docker.py:69} INFO -   array(3) {
[2025-03-26T13:47:10.630+0000] {docker.py:69} INFO -     ["contador"]=>
[2025-03-26T13:47:10.631+0000] {docker.py:69} INFO -     int(1)
[2025-03-26T13:47:10.631+0000] {docker.py:69} INFO -     ["container"]=>
[2025-03-26T13:47:10.632+0000] {docker.py:69} INFO -     string(8) "php-app1"
[2025-03-26T13:47:10.633+0000] {docker.py:69} INFO -     ["timestamp"]=>
[2025-03-26T13:47:10.635+0000] {docker.py:69} INFO -     int(1742996829)
[2025-03-26T13:47:10.636+0000] {docker.py:69} INFO -   }
[2025-03-26T13:47:10.637+0000] {docker.py:69} INFO - }
[2025-03-26T13:47:11.055+0000] {taskinstance.py:341} INFO - ::group::Post task execution logs
[2025-03-26T13:47:11.055+0000] {taskinstance.py:353} INFO - Marking task as SUCCESS. dag_id=containers1_dag, task_id=php_app1, run_id=scheduled__2025-03-25T02:40:00+00:00, execution_date=20250325T024000, start_date=20250326T134702, end_date=20250326T134711
[2025-03-26T13:47:11.120+0000] {local_task_job_runner.py:266} INFO - Task exited with return code 0
[2025-03-26T13:47:11.141+0000] {taskinstance.py:3901} INFO - 0 downstream tasks scheduled from follow-on schedule check
[2025-03-26T13:47:11.146+0000] {local_task_job_runner.py:245} INFO - ::endgroup::
