[2025-03-26T13:45:52.453+0000] {local_task_job_runner.py:123} INFO - ::group::Pre task execution logs
[2025-03-26T13:45:52.596+0000] {taskinstance.py:2614} INFO - Dependencies all met for dep_context=non-requeueable deps ti=<TaskInstance: containers1_dag.php_app2 scheduled__2025-03-25T00:10:00+00:00 [queued]>
[2025-03-26T13:45:52.625+0000] {taskinstance.py:2614} INFO - Dependencies all met for dep_context=requeueable deps ti=<TaskInstance: containers1_dag.php_app2 scheduled__2025-03-25T00:10:00+00:00 [queued]>
[2025-03-26T13:45:52.634+0000] {taskinstance.py:2867} INFO - Starting attempt 1 of 6
[2025-03-26T13:45:52.734+0000] {taskinstance.py:2890} INFO - Executing <Task(DockerOperator): php_app2> on 2025-03-25 00:10:00+00:00
[2025-03-26T13:45:52.766+0000] {logging_mixin.py:190} WARNING - /home/***/.local/lib/python3.12/site-packages/***/task/task_runner/standard_task_runner.py:70 DeprecationWarning: This process (pid=565) is multi-threaded, use of fork() may lead to deadlocks in the child.
[2025-03-26T13:45:52.768+0000] {standard_task_runner.py:72} INFO - Started process 572 to run task
[2025-03-26T13:45:52.767+0000] {standard_task_runner.py:104} INFO - Running: ['***', 'tasks', 'run', 'containers1_dag', 'php_app2', 'scheduled__2025-03-25T00:10:00+00:00', '--job-id', '26', '--raw', '--subdir', 'DAGS_FOLDER/containers1_dag.py', '--cfg-path', '/tmp/tmp5ui7ebfm']
[2025-03-26T13:45:52.772+0000] {standard_task_runner.py:105} INFO - Job 26: Subtask php_app2
[2025-03-26T13:45:53.124+0000] {task_command.py:467} INFO - Running <TaskInstance: containers1_dag.php_app2 scheduled__2025-03-25T00:10:00+00:00 [running]> on host 3d581a580455
[2025-03-26T13:45:53.684+0000] {taskinstance.py:3134} INFO - Exporting env vars: AIRFLOW_CTX_DAG_OWNER='andre' AIRFLOW_CTX_DAG_ID='containers1_dag' AIRFLOW_CTX_TASK_ID='php_app2' AIRFLOW_CTX_EXECUTION_DATE='2025-03-25T00:10:00+00:00' AIRFLOW_CTX_TRY_NUMBER='1' AIRFLOW_CTX_DAG_RUN_ID='scheduled__2025-03-25T00:10:00+00:00'
[2025-03-26T13:45:53.685+0000] {taskinstance.py:732} INFO - ::endgroup::
[2025-03-26T13:45:54.043+0000] {docker.py:345} INFO - Starting docker container from image php-app2
[2025-03-26T13:45:54.054+0000] {docker.py:353} WARNING - Using remote engine or docker-in-docker and mounting temporary volume from host is not supported. Falling back to `mount_tmp_dir=False` mode. You can set `mount_tmp_dir` parameter to False to disable mounting and remove the warning
[2025-03-26T13:45:57.706+0000] {docker.py:69} INFO - array(29) {
[2025-03-26T13:45:57.708+0000] {docker.py:69} INFO -   [0]=>
[2025-03-26T13:45:57.813+0000] {docker.py:69} INFO -   object(stdClass)#2 (3) {
[2025-03-26T13:45:57.814+0000] {docker.py:69} INFO -     ["contador"]=>
[2025-03-26T13:45:57.819+0000] {docker.py:69} INFO -     int(0)
[2025-03-26T13:45:57.820+0000] {docker.py:69} INFO -     ["container"]=>
[2025-03-26T13:45:57.820+0000] {docker.py:69} INFO -     string(8) "php-app1"
[2025-03-26T13:45:57.821+0000] {docker.py:69} INFO -     ["timestamp"]=>
[2025-03-26T13:45:57.821+0000] {docker.py:69} INFO -     int(1742852307)
[2025-03-26T13:45:57.822+0000] {docker.py:69} INFO -   }
[2025-03-26T13:45:57.822+0000] {docker.py:69} INFO -   [1]=>
[2025-03-26T13:45:57.822+0000] {docker.py:69} INFO -   object(stdClass)#3 (3) {
[2025-03-26T13:45:57.823+0000] {docker.py:69} INFO -     ["contador"]=>
[2025-03-26T13:45:57.823+0000] {docker.py:69} INFO -     int(1)
[2025-03-26T13:45:57.824+0000] {docker.py:69} INFO -     ["container"]=>
[2025-03-26T13:45:57.824+0000] {docker.py:69} INFO - string(8) "php-app2"
[2025-03-26T13:45:57.825+0000] {docker.py:69} INFO -     ["timestamp"]=>
[2025-03-26T13:45:57.825+0000] {docker.py:69} INFO -     int(1742852309)
[2025-03-26T13:45:57.826+0000] {docker.py:69} INFO -   }
[2025-03-26T13:45:57.827+0000] {docker.py:69} INFO -   [2]=>
[2025-03-26T13:45:57.828+0000] {docker.py:69} INFO -   object(stdClass)#4 (3) {
[2025-03-26T13:45:57.828+0000] {docker.py:69} INFO -     [
[2025-03-26T13:45:57.829+0000] {docker.py:69} INFO - "
[2025-03-26T13:45:57.829+0000] {docker.py:69} INFO - contador
[2025-03-26T13:45:57.830+0000] {docker.py:69} INFO - "
[2025-03-26T13:45:57.831+0000] {docker.py:69} INFO - ]=>
[2025-03-26T13:45:57.831+0000] {docker.py:69} INFO - 
[2025-03-26T13:45:57.832+0000] {docker.py:69} INFO - int(1)
[2025-03-26T13:45:57.832+0000] {docker.py:69} INFO -     [
[2025-03-26T13:45:57.833+0000] {docker.py:69} INFO - "
[2025-03-26T13:45:57.833+0000] {docker.py:69} INFO - container
[2025-03-26T13:45:57.834+0000] {docker.py:69} INFO - "
[2025-03-26T13:45:57.835+0000] {docker.py:69} INFO - ]=>
[2025-03-26T13:45:57.836+0000] {docker.py:69} INFO - 
[2025-03-26T13:45:57.836+0000] {docker.py:69} INFO - string(8) "
[2025-03-26T13:45:57.837+0000] {docker.py:69} INFO - php-app1
[2025-03-26T13:45:57.838+0000] {docker.py:69} INFO - "
[2025-03-26T13:45:57.839+0000] {docker.py:69} INFO -     [
[2025-03-26T13:45:57.842+0000] {docker.py:69} INFO - "
[2025-03-26T13:45:57.843+0000] {docker.py:69} INFO - timestamp
[2025-03-26T13:45:57.844+0000] {docker.py:69} INFO - "
[2025-03-26T13:45:57.846+0000] {docker.py:69} INFO - ]=>
[2025-03-26T13:45:57.848+0000] {docker.py:69} INFO - 
[2025-03-26T13:45:57.848+0000] {docker.py:69} INFO - int(1742852311)
[2025-03-26T13:45:57.849+0000] {docker.py:69} INFO - 
[2025-03-26T13:45:57.849+0000] {docker.py:69} INFO - }
[2025-03-26T13:45:57.851+0000] {docker.py:69} INFO -   [3]=>
[2025-03-26T13:45:57.852+0000] {docker.py:69} INFO - 
[2025-03-26T13:45:57.855+0000] {docker.py:69} INFO - object(stdClass)#5 (3) {
[2025-03-26T13:45:57.856+0000] {docker.py:69} INFO -     [
[2025-03-26T13:45:57.856+0000] {docker.py:69} INFO - "
[2025-03-26T13:45:57.859+0000] {docker.py:69} INFO - contador
[2025-03-26T13:45:57.860+0000] {docker.py:69} INFO - "
[2025-03-26T13:45:57.860+0000] {docker.py:69} INFO - ]=>
[2025-03-26T13:45:57.865+0000] {docker.py:69} INFO - 
[2025-03-26T13:45:57.870+0000] {docker.py:69} INFO - int(1)
[2025-03-26T13:45:57.871+0000] {docker.py:69} INFO -     ["container"]=>
[2025-03-26T13:45:57.872+0000] {docker.py:69} INFO -     string(8) "php-app2"
[2025-03-26T13:45:57.872+0000] {docker.py:69} INFO -     ["timestamp"]=>
[2025-03-26T13:45:57.873+0000] {docker.py:69} INFO -     int(1742852314)
[2025-03-26T13:45:57.999+0000] {docker.py:69} INFO -   }
[2025-03-26T13:45:58.000+0000] {docker.py:69} INFO -   [4]=>
[2025-03-26T13:45:58.000+0000] {docker.py:69} INFO -   object(stdClass)#6 (3) {
[2025-03-26T13:45:58.001+0000] {docker.py:69} INFO -     ["contador"]=>
[2025-03-26T13:45:58.001+0000] {docker.py:69} INFO -     int(1)
[2025-03-26T13:45:58.002+0000] {docker.py:69} INFO -     ["container"]=>
[2025-03-26T13:45:58.002+0000] {docker.py:69} INFO -     string(8) "php-app2"
[2025-03-26T13:45:58.003+0000] {docker.py:69} INFO -     ["timestamp"]=>
[2025-03-26T13:45:58.015+0000] {docker.py:69} INFO -     int(1742996301)
[2025-03-26T13:45:58.015+0000] {docker.py:69} INFO -   }
[2025-03-26T13:45:58.016+0000] {docker.py:69} INFO -   [5]=>
[2025-03-26T13:45:58.016+0000] {docker.py:69} INFO -   object(stdClass)#7 (3) {
[2025-03-26T13:45:58.016+0000] {docker.py:69} INFO -     ["contador"]=>
[2025-03-26T13:45:58.017+0000] {docker.py:69} INFO -     int(1)
[2025-03-26T13:45:58.018+0000] {docker.py:69} INFO -     ["container"]=>
[2025-03-26T13:45:58.018+0000] {docker.py:69} INFO -     string(8) "php-app1"
[2025-03-26T13:45:58.019+0000] {docker.py:69} INFO -     ["timestamp"]=>
[2025-03-26T13:45:58.027+0000] {docker.py:69} INFO -     int(1742996302)
[2025-03-26T13:45:58.028+0000] {docker.py:69} INFO -   }
[2025-03-26T13:45:58.029+0000] {docker.py:69} INFO -   [6]=>
[2025-03-26T13:45:58.029+0000] {docker.py:69} INFO -   object(stdClass)#8 (3) {
[2025-03-26T13:45:58.030+0000] {docker.py:69} INFO -     ["contador"]=>
[2025-03-26T13:45:58.030+0000] {docker.py:69} INFO -     int(1)
[2025-03-26T13:45:58.030+0000] {docker.py:69} INFO -     ["container"]=>
[2025-03-26T13:45:58.031+0000] {docker.py:69} INFO -     string(8) "php-app1"
[2025-03-26T13:45:58.031+0000] {docker.py:69} INFO -     ["timestamp"]=>
[2025-03-26T13:45:58.032+0000] {docker.py:69} INFO -     int(1742996302)
[2025-03-26T13:45:58.032+0000] {docker.py:69} INFO -   }
[2025-03-26T13:45:58.130+0000] {docker.py:69} INFO -   [7]=>
[2025-03-26T13:45:58.130+0000] {docker.py:69} INFO -   object(stdClass)#9 (3) {
[2025-03-26T13:45:58.131+0000] {docker.py:69} INFO -     ["contador"]=>
[2025-03-26T13:45:58.131+0000] {docker.py:69} INFO -     int(1)
[2025-03-26T13:45:58.132+0000] {docker.py:69} INFO -     ["container"]=>
[2025-03-26T13:45:58.132+0000] {docker.py:69} INFO -     string(8) "php-app2"
[2025-03-26T13:45:58.133+0000] {docker.py:69} INFO -     ["timestamp"]=>
[2025-03-26T13:45:58.133+0000] {docker.py:69} INFO -     int(1742996303)
[2025-03-26T13:45:58.133+0000] {docker.py:69} INFO -   }
[2025-03-26T13:45:58.134+0000] {docker.py:69} INFO -   [8]=>
[2025-03-26T13:45:58.134+0000] {docker.py:69} INFO -   object(stdClass)#10 (3) {
[2025-03-26T13:45:58.135+0000] {docker.py:69} INFO -     ["contador"]=>
[2025-03-26T13:45:58.135+0000] {docker.py:69} INFO -     int(1)
[2025-03-26T13:45:58.135+0000] {docker.py:69} INFO -     ["container"]=>
[2025-03-26T13:45:58.136+0000] {docker.py:69} INFO -     string(8) "php-app1"
[2025-03-26T13:45:58.136+0000] {docker.py:69} INFO -     ["timestamp"]=>
[2025-03-26T13:45:58.137+0000] {docker.py:69} INFO -     int(1742996304)
[2025-03-26T13:45:58.137+0000] {docker.py:69} INFO -   }
[2025-03-26T13:45:58.137+0000] {docker.py:69} INFO -   [9]=>
[2025-03-26T13:45:58.138+0000] {docker.py:69} INFO -   object(stdClass)#11 (3) {
[2025-03-26T13:45:58.138+0000] {docker.py:69} INFO -     ["contador"]=>
[2025-03-26T13:45:58.138+0000] {docker.py:69} INFO -     int(1)
[2025-03-26T13:45:58.139+0000] {docker.py:69} INFO -     ["container"]=>
[2025-03-26T13:45:58.139+0000] {docker.py:69} INFO -     string(8) "php-app2"
[2025-03-26T13:45:58.139+0000] {docker.py:69} INFO -     ["timestamp"]=>
[2025-03-26T13:45:58.140+0000] {docker.py:69} INFO -     int(1742996305)
[2025-03-26T13:45:58.140+0000] {docker.py:69} INFO -   }
[2025-03-26T13:45:58.140+0000] {docker.py:69} INFO -   [10]=>
[2025-03-26T13:45:58.141+0000] {docker.py:69} INFO -   object(stdClass)#12 (3) {
[2025-03-26T13:45:58.141+0000] {docker.py:69} INFO -     ["contador"]=>
[2025-03-26T13:45:58.141+0000] {docker.py:69} INFO -     int(1)
[2025-03-26T13:45:58.142+0000] {docker.py:69} INFO -     ["container"]=>
[2025-03-26T13:45:58.142+0000] {docker.py:69} INFO -     string(8) "php-app2"
[2025-03-26T13:45:58.143+0000] {docker.py:69} INFO -     ["timestamp"]=>
[2025-03-26T13:45:58.143+0000] {docker.py:69} INFO -     int(1742996305)
[2025-03-26T13:45:58.143+0000] {docker.py:69} INFO -   }
[2025-03-26T13:45:58.144+0000] {docker.py:69} INFO -   [11]=>
[2025-03-26T13:45:58.144+0000] {docker.py:69} INFO -   object(stdClass)#13 (3) {
[2025-03-26T13:45:58.144+0000] {docker.py:69} INFO -     ["contador"]=>
[2025-03-26T13:45:58.145+0000] {docker.py:69} INFO -     int(1)
[2025-03-26T13:45:58.146+0000] {docker.py:69} INFO -     ["container"]=>
[2025-03-26T13:45:58.146+0000] {docker.py:69} INFO -     string(8) "php-app1"
[2025-03-26T13:45:58.147+0000] {docker.py:69} INFO -     ["timestamp"]=>
[2025-03-26T13:45:58.147+0000] {docker.py:69} INFO -     int(1742996305)
[2025-03-26T13:45:58.147+0000] {docker.py:69} INFO -   }
[2025-03-26T13:45:58.148+0000] {docker.py:69} INFO -   [12]=>
[2025-03-26T13:45:58.148+0000] {docker.py:69} INFO -   object(stdClass)#14 (3) {
[2025-03-26T13:45:58.149+0000] {docker.py:69} INFO -     ["contador"]=>
[2025-03-26T13:45:58.149+0000] {docker.py:69} INFO -     int(1)
[2025-03-26T13:45:58.150+0000] {docker.py:69} INFO -     ["container"]=>
[2025-03-26T13:45:58.150+0000] {docker.py:69} INFO -     string(8) "php-app1"
[2025-03-26T13:45:58.151+0000] {docker.py:69} INFO -     ["timestamp"]=>
[2025-03-26T13:45:58.151+0000] {docker.py:69} INFO -     int(1742996309)
[2025-03-26T13:45:58.151+0000] {docker.py:69} INFO -   }
[2025-03-26T13:45:58.152+0000] {docker.py:69} INFO -   [13]=>
[2025-03-26T13:45:58.152+0000] {docker.py:69} INFO -   object(stdClass)#15 (3) {
[2025-03-26T13:45:58.153+0000] {docker.py:69} INFO -     ["contador"]=>
[2025-03-26T13:45:58.153+0000] {docker.py:69} INFO -     int(1)
[2025-03-26T13:45:58.153+0000] {docker.py:69} INFO -     ["container"]=>
[2025-03-26T13:45:58.154+0000] {docker.py:69} INFO -     string(8) "php-app1"
[2025-03-26T13:45:58.154+0000] {docker.py:69} INFO -     ["timestamp"]=>
[2025-03-26T13:45:58.155+0000] {docker.py:69} INFO -     int(1742996309)
[2025-03-26T13:45:58.155+0000] {docker.py:69} INFO -   }
[2025-03-26T13:45:58.155+0000] {docker.py:69} INFO -   [14]=>
[2025-03-26T13:45:58.156+0000] {docker.py:69} INFO -   object(stdClass)#16 (3) {
[2025-03-26T13:45:58.156+0000] {docker.py:69} INFO -     ["contador"]=>
[2025-03-26T13:45:58.156+0000] {docker.py:69} INFO -     int(1)
[2025-03-26T13:45:58.157+0000] {docker.py:69} INFO -     ["container"]=>
[2025-03-26T13:45:58.158+0000] {docker.py:69} INFO -     string(8) "php-app2"
[2025-03-26T13:45:58.158+0000] {docker.py:69} INFO -     ["timestamp"]=>
[2025-03-26T13:45:58.158+0000] {docker.py:69} INFO -     int(1742996309)
[2025-03-26T13:45:58.159+0000] {docker.py:69} INFO -   }
[2025-03-26T13:45:58.160+0000] {docker.py:69} INFO -   [15]=>
[2025-03-26T13:45:58.160+0000] {docker.py:69} INFO -   object(stdClass)#17 (3) {
[2025-03-26T13:45:58.160+0000] {docker.py:69} INFO -     ["contador"]=>
[2025-03-26T13:45:58.161+0000] {docker.py:69} INFO -     int(1)
[2025-03-26T13:45:58.161+0000] {docker.py:69} INFO -     ["container"]=>
[2025-03-26T13:45:58.162+0000] {docker.py:69} INFO -     string(8) "php-app2"
[2025-03-26T13:45:58.163+0000] {docker.py:69} INFO -     ["timestamp"]=>
[2025-03-26T13:45:58.164+0000] {docker.py:69} INFO -     int(1742996309)
[2025-03-26T13:45:58.187+0000] {docker.py:69} INFO -   }
[2025-03-26T13:45:58.188+0000] {docker.py:69} INFO -   [16]=>
[2025-03-26T13:45:58.191+0000] {docker.py:69} INFO -   object(stdClass)#18 (3) {
[2025-03-26T13:45:58.228+0000] {docker.py:69} INFO -     ["contador"]=>
[2025-03-26T13:45:58.229+0000] {docker.py:69} INFO -     int(1)
[2025-03-26T13:45:58.229+0000] {docker.py:69} INFO -     ["container"]=>
[2025-03-26T13:45:58.230+0000] {docker.py:69} INFO -     string(8) "php-app1"
[2025-03-26T13:45:58.231+0000] {docker.py:69} INFO -     ["timestamp"]=>
[2025-03-26T13:45:58.231+0000] {docker.py:69} INFO -     int(1742996310)
[2025-03-26T13:45:58.232+0000] {docker.py:69} INFO -   }
[2025-03-26T13:45:58.232+0000] {docker.py:69} INFO -   [17]=>
[2025-03-26T13:45:58.233+0000] {docker.py:69} INFO -   object(stdClass)#19 (3) {
[2025-03-26T13:45:58.234+0000] {docker.py:69} INFO -     ["contador"]=>
[2025-03-26T13:45:58.235+0000] {docker.py:69} INFO -     int(1)
[2025-03-26T13:45:58.235+0000] {docker.py:69} INFO -     ["container"]=>
[2025-03-26T13:45:58.236+0000] {docker.py:69} INFO -     string(8) "php-app2"
[2025-03-26T13:45:58.236+0000] {docker.py:69} INFO -     ["timestamp"]=>
[2025-03-26T13:45:58.237+0000] {docker.py:69} INFO -     int(1742996310)
[2025-03-26T13:45:58.237+0000] {docker.py:69} INFO -   }
[2025-03-26T13:45:58.237+0000] {docker.py:69} INFO -   [18]=>
[2025-03-26T13:45:58.239+0000] {docker.py:69} INFO -   object(stdClass)#20 (3) {
[2025-03-26T13:45:58.240+0000] {docker.py:69} INFO -     ["contador"]=>
[2025-03-26T13:45:58.241+0000] {docker.py:69} INFO -     int(1)
[2025-03-26T13:45:58.242+0000] {docker.py:69} INFO -     ["container"]=>
[2025-03-26T13:45:58.243+0000] {docker.py:69} INFO -     string(8) "php-app2"
[2025-03-26T13:45:58.243+0000] {docker.py:69} INFO -     ["timestamp"]=>
[2025-03-26T13:45:58.244+0000] {docker.py:69} INFO -     int(1742996310)
[2025-03-26T13:45:58.244+0000] {docker.py:69} INFO -   }
[2025-03-26T13:45:58.245+0000] {docker.py:69} INFO -   [19]=>
[2025-03-26T13:45:58.247+0000] {docker.py:69} INFO -   object(stdClass)#21 (3) {
[2025-03-26T13:45:58.247+0000] {docker.py:69} INFO -     ["contador"]=>
[2025-03-26T13:45:58.248+0000] {docker.py:69} INFO -     int(1)
[2025-03-26T13:45:58.248+0000] {docker.py:69} INFO -     ["container"]=>
[2025-03-26T13:45:58.249+0000] {docker.py:69} INFO -     string(8) "php-app1"
[2025-03-26T13:45:58.250+0000] {docker.py:69} INFO -     ["timestamp"]=>
[2025-03-26T13:45:58.251+0000] {docker.py:69} INFO -     int(1742996311)
[2025-03-26T13:45:58.251+0000] {docker.py:69} INFO -   }
[2025-03-26T13:45:58.252+0000] {docker.py:69} INFO -   [20]=>
[2025-03-26T13:45:58.263+0000] {docker.py:69} INFO -   object(stdClass)#22 (3) {
[2025-03-26T13:45:58.271+0000] {docker.py:69} INFO -     ["contador"]=>
[2025-03-26T13:45:58.273+0000] {docker.py:69} INFO -     int(1)
[2025-03-26T13:45:58.274+0000] {docker.py:69} INFO -     ["container"]=>
[2025-03-26T13:45:58.275+0000] {docker.py:69} INFO -     string(8) "php-app1"
[2025-03-26T13:45:58.275+0000] {docker.py:69} INFO -     ["timestamp"]=>
[2025-03-26T13:45:58.276+0000] {docker.py:69} INFO -     int(1742996311)
[2025-03-26T13:45:58.279+0000] {docker.py:69} INFO -   }
[2025-03-26T13:45:58.281+0000] {docker.py:69} INFO -   [21]=>
[2025-03-26T13:45:58.282+0000] {docker.py:69} INFO -   object(stdClass)#23 (3) {
[2025-03-26T13:45:58.282+0000] {docker.py:69} INFO -     ["contador"]=>
[2025-03-26T13:45:58.283+0000] {docker.py:69} INFO -     int(1)
[2025-03-26T13:45:58.283+0000] {docker.py:69} INFO -     ["container"]=>
[2025-03-26T13:45:58.283+0000] {docker.py:69} INFO -     string(8) "php-app2"
[2025-03-26T13:45:58.284+0000] {docker.py:69} INFO -     ["timestamp"]=>
[2025-03-26T13:45:58.284+0000] {docker.py:69} INFO -     int(1742996312)
[2025-03-26T13:45:58.285+0000] {docker.py:69} INFO -   }
[2025-03-26T13:45:58.285+0000] {docker.py:69} INFO -   [22]=>
[2025-03-26T13:45:58.285+0000] {docker.py:69} INFO -   object(stdClass)#24 (3) {
[2025-03-26T13:45:58.286+0000] {docker.py:69} INFO -     ["contador"]=>
[2025-03-26T13:45:58.286+0000] {docker.py:69} INFO -     int(1)
[2025-03-26T13:45:58.287+0000] {docker.py:69} INFO -     ["container"]=>
[2025-03-26T13:45:58.287+0000] {docker.py:69} INFO -     string(8) "php-app1"
[2025-03-26T13:45:58.288+0000] {docker.py:69} INFO -     ["timestamp"]=>
[2025-03-26T13:45:58.288+0000] {docker.py:69} INFO -     int(1742996313)
[2025-03-26T13:45:58.289+0000] {docker.py:69} INFO -   }
[2025-03-26T13:45:58.289+0000] {docker.py:69} INFO -   [23]=>
[2025-03-26T13:45:58.290+0000] {docker.py:69} INFO -   object(stdClass)#25 (3) {
[2025-03-26T13:45:58.290+0000] {docker.py:69} INFO -     ["contador"]=>
[2025-03-26T13:45:58.291+0000] {docker.py:69} INFO -     int(1)
[2025-03-26T13:45:58.291+0000] {docker.py:69} INFO -     ["container"]=>
[2025-03-26T13:45:58.291+0000] {docker.py:69} INFO -     string(8) "php-app1"
[2025-03-26T13:45:58.292+0000] {docker.py:69} INFO -     ["timestamp"]=>
[2025-03-26T13:45:58.292+0000] {docker.py:69} INFO -     int(1742996751)
[2025-03-26T13:45:58.293+0000] {docker.py:69} INFO -   }
[2025-03-26T13:45:58.293+0000] {docker.py:69} INFO -   [24]=>
[2025-03-26T13:45:58.294+0000] {docker.py:69} INFO -   object(stdClass)#26 (3) {
[2025-03-26T13:45:58.294+0000] {docker.py:69} INFO -     ["contador"]=>
[2025-03-26T13:45:58.295+0000] {docker.py:69} INFO -     int(1)
[2025-03-26T13:45:58.295+0000] {docker.py:69} INFO -     ["container"]=>
[2025-03-26T13:45:58.296+0000] {docker.py:69} INFO -     string(8) "php-app2"
[2025-03-26T13:45:58.296+0000] {docker.py:69} INFO -     ["timestamp"]=>
[2025-03-26T13:45:58.297+0000] {docker.py:69} INFO -     int(1742996751)
[2025-03-26T13:45:58.297+0000] {docker.py:69} INFO -   }
[2025-03-26T13:45:58.298+0000] {docker.py:69} INFO -   [25]=>
[2025-03-26T13:45:58.298+0000] {docker.py:69} INFO -   object(stdClass)#27 (3) {
[2025-03-26T13:45:58.298+0000] {docker.py:69} INFO -     ["contador"]=>
[2025-03-26T13:45:58.299+0000] {docker.py:69} INFO -     int(1)
[2025-03-26T13:45:58.299+0000] {docker.py:69} INFO -     ["container"]=>
[2025-03-26T13:45:58.300+0000] {docker.py:69} INFO -     string(8) "php-app2"
[2025-03-26T13:45:58.300+0000] {docker.py:69} INFO -     ["timestamp"]=>
[2025-03-26T13:45:58.301+0000] {docker.py:69} INFO -     int(1742996756)
[2025-03-26T13:45:58.301+0000] {docker.py:69} INFO -   }
[2025-03-26T13:45:58.302+0000] {docker.py:69} INFO -   [26]=>
[2025-03-26T13:45:58.302+0000] {docker.py:69} INFO -   object(stdClass)#28 (3) {
[2025-03-26T13:45:58.302+0000] {docker.py:69} INFO -     ["contador"]=>
[2025-03-26T13:45:58.303+0000] {docker.py:69} INFO -     int(1)
[2025-03-26T13:45:58.303+0000] {docker.py:69} INFO -     ["container"]=>
[2025-03-26T13:45:58.304+0000] {docker.py:69} INFO -     string(8) "php-app1"
[2025-03-26T13:45:58.304+0000] {docker.py:69} INFO -     ["timestamp"]=>
[2025-03-26T13:45:58.304+0000] {docker.py:69} INFO -     int(1742996756)
[2025-03-26T13:45:58.305+0000] {docker.py:69} INFO -   }
[2025-03-26T13:45:58.305+0000] {docker.py:69} INFO -   [27]=>
[2025-03-26T13:45:58.305+0000] {docker.py:69} INFO -   object(stdClass)#29 (3) {
[2025-03-26T13:45:58.306+0000] {docker.py:69} INFO -     ["contador"]=>
[2025-03-26T13:45:58.306+0000] {docker.py:69} INFO -     int(1)
[2025-03-26T13:45:58.306+0000] {docker.py:69} INFO -     ["container"]=>
[2025-03-26T13:45:58.307+0000] {docker.py:69} INFO -     string(8) "php-app1"
[2025-03-26T13:45:58.307+0000] {docker.py:69} INFO -     ["timestamp"]=>
[2025-03-26T13:45:58.307+0000] {docker.py:69} INFO -     int(1742996757)
[2025-03-26T13:45:58.308+0000] {docker.py:69} INFO -   }
[2025-03-26T13:45:58.309+0000] {docker.py:69} INFO -   [28]=>
[2025-03-26T13:45:58.309+0000] {docker.py:69} INFO -   array(3) {
[2025-03-26T13:45:58.310+0000] {docker.py:69} INFO -     ["
[2025-03-26T13:45:58.310+0000] {docker.py:69} INFO - contador
[2025-03-26T13:45:58.311+0000] {docker.py:69} INFO - "]=>
[2025-03-26T13:45:58.312+0000] {docker.py:69} INFO - 
[2025-03-26T13:45:58.312+0000] {docker.py:69} INFO - int(1)
[2025-03-26T13:45:58.313+0000] {docker.py:69} INFO -     ["
[2025-03-26T13:45:58.313+0000] {docker.py:69} INFO - container
[2025-03-26T13:45:58.314+0000] {docker.py:69} INFO - "]=>
[2025-03-26T13:45:58.315+0000] {docker.py:69} INFO - 
[2025-03-26T13:45:58.315+0000] {docker.py:69} INFO - string(8) "
[2025-03-26T13:45:58.316+0000] {docker.py:69} INFO - php-app2
[2025-03-26T13:45:58.316+0000] {docker.py:69} INFO - "
[2025-03-26T13:45:58.317+0000] {docker.py:69} INFO -     ["
[2025-03-26T13:45:58.318+0000] {docker.py:69} INFO - timestamp
[2025-03-26T13:45:58.318+0000] {docker.py:69} INFO - "]=>
[2025-03-26T13:45:58.319+0000] {docker.py:69} INFO - 
[2025-03-26T13:45:58.319+0000] {docker.py:69} INFO - int(1742996757)
[2025-03-26T13:45:58.320+0000] {docker.py:69} INFO - 
[2025-03-26T13:45:58.321+0000] {docker.py:69} INFO - }
[2025-03-26T13:45:58.321+0000] {docker.py:69} INFO - }
[2025-03-26T13:46:00.221+0000] {taskinstance.py:341} INFO - ::group::Post task execution logs
[2025-03-26T13:46:00.227+0000] {taskinstance.py:353} INFO - Marking task as SUCCESS. dag_id=containers1_dag, task_id=php_app2, run_id=scheduled__2025-03-25T00:10:00+00:00, execution_date=20250325T001000, start_date=20250326T134552, end_date=20250326T134600
[2025-03-26T13:46:00.850+0000] {local_task_job_runner.py:266} INFO - Task exited with return code 0
[2025-03-26T13:46:00.977+0000] {taskinstance.py:3901} INFO - 0 downstream tasks scheduled from follow-on schedule check
[2025-03-26T13:46:01.017+0000] {local_task_job_runner.py:245} INFO - ::endgroup::
