[2025-03-24T17:17:48.668+0000] {local_task_job_runner.py:123} INFO - ::group::Pre task execution logs
[2025-03-24T17:17:48.900+0000] {taskinstance.py:2614} INFO - Dependencies all met for dep_context=non-requeueable deps ti=<TaskInstance: example_bash_operator.also_run_this scheduled__2025-03-23T00:00:00+00:00 [queued]>
[2025-03-24T17:17:49.033+0000] {taskinstance.py:2614} INFO - Dependencies all met for dep_context=requeueable deps ti=<TaskInstance: example_bash_operator.also_run_this scheduled__2025-03-23T00:00:00+00:00 [queued]>
[2025-03-24T17:17:49.048+0000] {taskinstance.py:2867} INFO - Starting attempt 1 of 1
[2025-03-24T17:17:49.371+0000] {taskinstance.py:2890} INFO - Executing <Task(BashOperator): also_run_this> on 2025-03-23 00:00:00+00:00
[2025-03-24T17:17:49.410+0000] {standard_task_runner.py:104} INFO - Running: ['***', 'tasks', 'run', 'example_bash_operator', 'also_run_this', 'scheduled__2025-03-23T00:00:00+00:00', '--job-id', '3', '--raw', '--subdir', '/home/***/.local/lib/python3.12/site-packages/***/example_dags/example_bash_operator.py', '--cfg-path', '/tmp/tmpotw5r7p3']
[2025-03-24T17:17:49.414+0000] {standard_task_runner.py:105} INFO - Job 3: Subtask also_run_this
[2025-03-24T17:17:49.456+0000] {logging_mixin.py:190} WARNING - /home/***/.local/lib/python3.12/site-packages/***/task/task_runner/standard_task_runner.py:70 DeprecationWarning: This process (pid=3867) is multi-threaded, use of fork() may lead to deadlocks in the child.
[2025-03-24T17:17:49.458+0000] {standard_task_runner.py:72} INFO - Started process 3907 to run task
[2025-03-24T17:17:49.722+0000] {task_command.py:467} INFO - Running <TaskInstance: example_bash_operator.also_run_this scheduled__2025-03-23T00:00:00+00:00 [running]> on host dd6a86a5b1f1
[2025-03-24T17:17:50.700+0000] {taskinstance.py:3134} INFO - Exporting env vars: AIRFLOW_CTX_DAG_OWNER='***' AIRFLOW_CTX_DAG_ID='example_bash_operator' AIRFLOW_CTX_TASK_ID='also_run_this' AIRFLOW_CTX_EXECUTION_DATE='2025-03-23T00:00:00+00:00' AIRFLOW_CTX_TRY_NUMBER='1' AIRFLOW_CTX_DAG_RUN_ID='scheduled__2025-03-23T00:00:00+00:00'
[2025-03-24T17:17:50.702+0000] {logging_mixin.py:190} INFO - Task instance is in running state
[2025-03-24T17:17:50.717+0000] {logging_mixin.py:190} INFO -  Previous state of the Task instance: queued
[2025-03-24T17:17:50.717+0000] {logging_mixin.py:190} INFO - Current task name:also_run_this state:running start_date:2025-03-24 17:17:48.904501+00:00
[2025-03-24T17:17:50.718+0000] {logging_mixin.py:190} INFO - Dag name:example_bash_operator and current dag run status:running
[2025-03-24T17:17:50.718+0000] {taskinstance.py:732} INFO - ::endgroup::
[2025-03-24T17:17:50.732+0000] {subprocess.py:78} INFO - Tmp dir root location: /tmp
[2025-03-24T17:17:50.733+0000] {subprocess.py:88} INFO - Running command: ['/usr/bin/bash', '-c', 'echo "ti_key=example_bash_operator__also_run_this__20250323"']
[2025-03-24T17:17:50.888+0000] {subprocess.py:99} INFO - Output:
[2025-03-24T17:17:50.897+0000] {subprocess.py:106} INFO - ti_key=example_bash_operator__also_run_this__20250323
[2025-03-24T17:17:50.907+0000] {subprocess.py:110} INFO - Command exited with return code 0
[2025-03-24T17:17:51.032+0000] {taskinstance.py:341} INFO - ::group::Post task execution logs
[2025-03-24T17:17:51.034+0000] {taskinstance.py:353} INFO - Marking task as SUCCESS. dag_id=example_bash_operator, task_id=also_run_this, run_id=scheduled__2025-03-23T00:00:00+00:00, execution_date=20250323T000000, start_date=20250324T171748, end_date=20250324T171751
[2025-03-24T17:17:51.194+0000] {logging_mixin.py:190} INFO - Task instance in success state
[2025-03-24T17:17:51.195+0000] {logging_mixin.py:190} INFO -  Previous state of the Task instance: running
[2025-03-24T17:17:51.196+0000] {logging_mixin.py:190} INFO - Dag name:example_bash_operator queued_at:2025-03-24 17:17:44.420328+00:00
[2025-03-24T17:17:51.196+0000] {logging_mixin.py:190} INFO - Task hostname:dd6a86a5b1f1 operator:BashOperator
[2025-03-24T17:17:51.307+0000] {local_task_job_runner.py:266} INFO - Task exited with return code 0
[2025-03-24T17:17:51.503+0000] {taskinstance.py:3901} INFO - 0 downstream tasks scheduled from follow-on schedule check
[2025-03-24T17:17:51.516+0000] {local_task_job_runner.py:245} INFO - ::endgroup::
