[2025-03-26T13:47:31.970+0000] {local_task_job_runner.py:123} INFO - ::group::Pre task execution logs
[2025-03-26T13:47:32.154+0000] {taskinstance.py:2614} INFO - Dependencies all met for dep_context=non-requeueable deps ti=<TaskInstance: containers1_dag.php_app1 scheduled__2025-03-25T03:30:00+00:00 [queued]>
[2025-03-26T13:47:32.362+0000] {taskinstance.py:2614} INFO - Dependencies all met for dep_context=requeueable deps ti=<TaskInstance: containers1_dag.php_app1 scheduled__2025-03-25T03:30:00+00:00 [queued]>
[2025-03-26T13:47:32.363+0000] {taskinstance.py:2867} INFO - Starting attempt 1 of 6
[2025-03-26T13:47:33.246+0000] {taskinstance.py:2890} INFO - Executing <Task(DockerOperator): php_app1> on 2025-03-25 03:30:00+00:00
[2025-03-26T13:47:33.431+0000] {logging_mixin.py:190} WARNING - /home/***/.local/lib/python3.12/site-packages/***/task/task_runner/standard_task_runner.py:70 DeprecationWarning: This process (pid=856) is multi-threaded, use of fork() may lead to deadlocks in the child.
[2025-03-26T13:47:33.437+0000] {standard_task_runner.py:72} INFO - Started process 868 to run task
[2025-03-26T13:47:33.515+0000] {standard_task_runner.py:104} INFO - Running: ['***', 'tasks', 'run', 'containers1_dag', 'php_app1', 'scheduled__2025-03-25T03:30:00+00:00', '--job-id', '106', '--raw', '--subdir', 'DAGS_FOLDER/containers1_dag.py', '--cfg-path', '/tmp/tmpte7pvuye']
[2025-03-26T13:47:33.736+0000] {standard_task_runner.py:105} INFO - Job 106: Subtask php_app1
[2025-03-26T13:47:34.813+0000] {task_command.py:467} INFO - Running <TaskInstance: containers1_dag.php_app1 scheduled__2025-03-25T03:30:00+00:00 [running]> on host 3d581a580455
[2025-03-26T13:47:37.281+0000] {taskinstance.py:3134} INFO - Exporting env vars: AIRFLOW_CTX_DAG_OWNER='andre' AIRFLOW_CTX_DAG_ID='containers1_dag' AIRFLOW_CTX_TASK_ID='php_app1' AIRFLOW_CTX_EXECUTION_DATE='2025-03-25T03:30:00+00:00' AIRFLOW_CTX_TRY_NUMBER='1' AIRFLOW_CTX_DAG_RUN_ID='scheduled__2025-03-25T03:30:00+00:00'
[2025-03-26T13:47:37.282+0000] {taskinstance.py:732} INFO - ::endgroup::
[2025-03-26T13:47:37.917+0000] {docker.py:345} INFO - Starting docker container from image php-app1
[2025-03-26T13:47:37.930+0000] {docker.py:353} WARNING - Using remote engine or docker-in-docker and mounting temporary volume from host is not supported. Falling back to `mount_tmp_dir=False` mode. You can set `mount_tmp_dir` parameter to False to disable mounting and remove the warning
[2025-03-26T13:47:41.770+0000] {docker.py:69} INFO - array(111) {
[2025-03-26T13:47:41.772+0000] {docker.py:69} INFO -   [0]=>
[2025-03-26T13:47:41.777+0000] {docker.py:69} INFO - 
[2025-03-26T13:47:41.778+0000] {docker.py:69} INFO - object(stdClass)#2 (3) {
[2025-03-26T13:47:41.779+0000] {docker.py:69} INFO -     [
[2025-03-26T13:47:41.780+0000] {docker.py:69} INFO - "
[2025-03-26T13:47:41.780+0000] {docker.py:69} INFO - contador
[2025-03-26T13:47:41.781+0000] {docker.py:69} INFO - "
[2025-03-26T13:47:41.782+0000] {docker.py:69} INFO - ]=>
[2025-03-26T13:47:41.783+0000] {docker.py:69} INFO - 
[2025-03-26T13:47:41.784+0000] {docker.py:69} INFO - int(0)
[2025-03-26T13:47:41.785+0000] {docker.py:69} INFO -     [
[2025-03-26T13:47:41.787+0000] {docker.py:69} INFO - "
[2025-03-26T13:47:41.789+0000] {docker.py:69} INFO - container
[2025-03-26T13:47:41.790+0000] {docker.py:69} INFO - "
[2025-03-26T13:47:41.793+0000] {docker.py:69} INFO - ]=>
[2025-03-26T13:47:41.795+0000] {docker.py:69} INFO - 
[2025-03-26T13:47:41.796+0000] {docker.py:69} INFO - string(8) "
[2025-03-26T13:47:41.797+0000] {docker.py:69} INFO - php-app1
[2025-03-26T13:47:41.797+0000] {docker.py:69} INFO - "
[2025-03-26T13:47:41.798+0000] {docker.py:69} INFO -     [
[2025-03-26T13:47:41.799+0000] {docker.py:69} INFO - "
[2025-03-26T13:47:41.799+0000] {docker.py:69} INFO - timestamp
[2025-03-26T13:47:41.800+0000] {docker.py:69} INFO - "
[2025-03-26T13:47:41.801+0000] {docker.py:69} INFO - ]=>
[2025-03-26T13:47:41.802+0000] {docker.py:69} INFO - 
[2025-03-26T13:47:41.802+0000] {docker.py:69} INFO - int(1742852307)
[2025-03-26T13:47:41.803+0000] {docker.py:69} INFO - 
[2025-03-26T13:47:41.803+0000] {docker.py:69} INFO - }
[2025-03-26T13:47:41.805+0000] {docker.py:69} INFO -   [1]=>
[2025-03-26T13:47:41.807+0000] {docker.py:69} INFO - 
[2025-03-26T13:47:41.808+0000] {docker.py:69} INFO - object(stdClass)#3 (3) {
[2025-03-26T13:47:41.809+0000] {docker.py:69} INFO -     [
[2025-03-26T13:47:41.810+0000] {docker.py:69} INFO - "
[2025-03-26T13:47:41.810+0000] {docker.py:69} INFO - contador
[2025-03-26T13:47:41.811+0000] {docker.py:69} INFO - "
[2025-03-26T13:47:41.812+0000] {docker.py:69} INFO - ]=>
[2025-03-26T13:47:41.813+0000] {docker.py:69} INFO - 
[2025-03-26T13:47:41.814+0000] {docker.py:69} INFO - int(1)
[2025-03-26T13:47:41.815+0000] {docker.py:69} INFO -     [
[2025-03-26T13:47:41.816+0000] {docker.py:69} INFO - "
[2025-03-26T13:47:41.817+0000] {docker.py:69} INFO - container
[2025-03-26T13:47:41.831+0000] {docker.py:69} INFO - "
[2025-03-26T13:47:41.832+0000] {docker.py:69} INFO - ]=>
[2025-03-26T13:47:41.833+0000] {docker.py:69} INFO - 
[2025-03-26T13:47:41.836+0000] {docker.py:69} INFO - string(8) "
[2025-03-26T13:47:41.879+0000] {docker.py:69} INFO - php-app2
[2025-03-26T13:47:41.880+0000] {docker.py:69} INFO - "
[2025-03-26T13:47:41.888+0000] {docker.py:69} INFO -     [
[2025-03-26T13:47:41.889+0000] {docker.py:69} INFO - "
[2025-03-26T13:47:41.890+0000] {docker.py:69} INFO - timestamp
[2025-03-26T13:47:41.891+0000] {docker.py:69} INFO - "
[2025-03-26T13:47:41.891+0000] {docker.py:69} INFO - ]=>
[2025-03-26T13:47:41.892+0000] {docker.py:69} INFO - 
[2025-03-26T13:47:41.893+0000] {docker.py:69} INFO - int(1742852309)
[2025-03-26T13:47:41.894+0000] {docker.py:69} INFO - 
[2025-03-26T13:47:41.895+0000] {docker.py:69} INFO - }
[2025-03-26T13:47:41.895+0000] {docker.py:69} INFO -   [2]=>
[2025-03-26T13:47:41.896+0000] {docker.py:69} INFO - 
[2025-03-26T13:47:41.897+0000] {docker.py:69} INFO - object(stdClass)#4 (3) {
[2025-03-26T13:47:41.929+0000] {docker.py:69} INFO -     [
[2025-03-26T13:47:41.930+0000] {docker.py:69} INFO - "
[2025-03-26T13:47:41.930+0000] {docker.py:69} INFO - contador
[2025-03-26T13:47:41.943+0000] {docker.py:69} INFO - "
[2025-03-26T13:47:41.944+0000] {docker.py:69} INFO - ]=>
[2025-03-26T13:47:41.944+0000] {docker.py:69} INFO - 
[2025-03-26T13:47:41.945+0000] {docker.py:69} INFO - int(1)
[2025-03-26T13:47:41.945+0000] {docker.py:69} INFO -     [
[2025-03-26T13:47:41.946+0000] {docker.py:69} INFO - "
[2025-03-26T13:47:41.946+0000] {docker.py:69} INFO - container
[2025-03-26T13:47:41.947+0000] {docker.py:69} INFO - "
[2025-03-26T13:47:41.951+0000] {docker.py:69} INFO - ]=>
[2025-03-26T13:47:41.952+0000] {docker.py:69} INFO - 
[2025-03-26T13:47:41.953+0000] {docker.py:69} INFO - string(8) "
[2025-03-26T13:47:41.953+0000] {docker.py:69} INFO - php-app1
[2025-03-26T13:47:41.954+0000] {docker.py:69} INFO - "
[2025-03-26T13:47:41.954+0000] {docker.py:69} INFO -     [
[2025-03-26T13:47:41.955+0000] {docker.py:69} INFO - "
[2025-03-26T13:47:41.956+0000] {docker.py:69} INFO - timestamp
[2025-03-26T13:47:41.956+0000] {docker.py:69} INFO - "
[2025-03-26T13:47:41.957+0000] {docker.py:69} INFO - ]=>
[2025-03-26T13:47:41.957+0000] {docker.py:69} INFO - 
[2025-03-26T13:47:41.958+0000] {docker.py:69} INFO - int(1742852311)
[2025-03-26T13:47:41.958+0000] {docker.py:69} INFO - 
[2025-03-26T13:47:41.963+0000] {docker.py:69} INFO - }
[2025-03-26T13:47:41.978+0000] {docker.py:69} INFO -   [3]=>
[2025-03-26T13:47:41.978+0000] {docker.py:69} INFO - 
[2025-03-26T13:47:41.979+0000] {docker.py:69} INFO - object(stdClass)#5 (3) {
[2025-03-26T13:47:41.980+0000] {docker.py:69} INFO -     [
[2025-03-26T13:47:41.980+0000] {docker.py:69} INFO - "
[2025-03-26T13:47:41.993+0000] {docker.py:69} INFO - contador
[2025-03-26T13:47:41.995+0000] {docker.py:69} INFO - "
[2025-03-26T13:47:41.996+0000] {docker.py:69} INFO - ]=>
[2025-03-26T13:47:41.999+0000] {docker.py:69} INFO -     int(1)
[2025-03-26T13:47:41.999+0000] {docker.py:69} INFO -     ["container"]=>
[2025-03-26T13:47:42.000+0000] {docker.py:69} INFO -     string(8) "php-app2"
[2025-03-26T13:47:42.003+0000] {docker.py:69} INFO -     ["timestamp"]=>
[2025-03-26T13:47:42.013+0000] {docker.py:69} INFO -     int(1742852314)
[2025-03-26T13:47:42.013+0000] {docker.py:69} INFO -   }
[2025-03-26T13:47:42.014+0000] {docker.py:69} INFO -   [4]=>
[2025-03-26T13:47:42.016+0000] {docker.py:69} INFO -   object(stdClass)#6 (3) {
[2025-03-26T13:47:42.018+0000] {docker.py:69} INFO -     ["contador
[2025-03-26T13:47:42.018+0000] {docker.py:69} INFO - "]=>
[2025-03-26T13:47:42.019+0000] {docker.py:69} INFO -     int(1)
[2025-03-26T13:47:42.019+0000] {docker.py:69} INFO -     [
[2025-03-26T13:47:42.020+0000] {docker.py:69} INFO - "container
[2025-03-26T13:47:42.021+0000] {docker.py:69} INFO - "
[2025-03-26T13:47:42.021+0000] {docker.py:69} INFO - ]=>
[2025-03-26T13:47:42.022+0000] {docker.py:69} INFO - 
[2025-03-26T13:47:42.023+0000] {docker.py:69} INFO - string(8) "
[2025-03-26T13:47:42.034+0000] {docker.py:69} INFO - php-app2
[2025-03-26T13:47:42.035+0000] {docker.py:69} INFO - "
[2025-03-26T13:47:42.035+0000] {docker.py:69} INFO -     [
[2025-03-26T13:47:42.036+0000] {docker.py:69} INFO - "
[2025-03-26T13:47:42.036+0000] {docker.py:69} INFO - timestamp
[2025-03-26T13:47:42.037+0000] {docker.py:69} INFO - "
[2025-03-26T13:47:42.037+0000] {docker.py:69} INFO - ]=>
[2025-03-26T13:47:42.042+0000] {docker.py:69} INFO - 
[2025-03-26T13:47:42.042+0000] {docker.py:69} INFO - int(1742996301)
[2025-03-26T13:47:42.056+0000] {docker.py:69} INFO - 
[2025-03-26T13:47:42.058+0000] {docker.py:69} INFO - }
[2025-03-26T13:47:42.058+0000] {docker.py:69} INFO -   [5]=>
[2025-03-26T13:47:42.059+0000] {docker.py:69} INFO - 
[2025-03-26T13:47:42.059+0000] {docker.py:69} INFO - object(stdClass)#7 (3) {
[2025-03-26T13:47:42.060+0000] {docker.py:69} INFO -     [
[2025-03-26T13:47:42.060+0000] {docker.py:69} INFO - "
[2025-03-26T13:47:42.061+0000] {docker.py:69} INFO - contador
[2025-03-26T13:47:42.061+0000] {docker.py:69} INFO - "
[2025-03-26T13:47:42.062+0000] {docker.py:69} INFO - ]=>
[2025-03-26T13:47:42.063+0000] {docker.py:69} INFO - 
[2025-03-26T13:47:42.065+0000] {docker.py:69} INFO - int(1)
[2025-03-26T13:47:42.079+0000] {docker.py:69} INFO -     [
[2025-03-26T13:47:42.080+0000] {docker.py:69} INFO - "
[2025-03-26T13:47:42.080+0000] {docker.py:69} INFO - container
[2025-03-26T13:47:42.081+0000] {docker.py:69} INFO - "
[2025-03-26T13:47:42.083+0000] {docker.py:69} INFO - ]=>
[2025-03-26T13:47:42.085+0000] {docker.py:69} INFO - 
[2025-03-26T13:47:42.086+0000] {docker.py:69} INFO - string(8) "
[2025-03-26T13:47:42.087+0000] {docker.py:69} INFO - php-app1
[2025-03-26T13:47:42.104+0000] {docker.py:69} INFO - "
[2025-03-26T13:47:42.105+0000] {docker.py:69} INFO -     [
[2025-03-26T13:47:42.112+0000] {docker.py:69} INFO - "
[2025-03-26T13:47:42.114+0000] {docker.py:69} INFO - timestamp
[2025-03-26T13:47:42.115+0000] {docker.py:69} INFO - "
[2025-03-26T13:47:42.115+0000] {docker.py:69} INFO - ]=>
[2025-03-26T13:47:42.116+0000] {docker.py:69} INFO - 
[2025-03-26T13:47:42.116+0000] {docker.py:69} INFO - int(1742996302)
[2025-03-26T13:47:42.117+0000] {docker.py:69} INFO - 
[2025-03-26T13:47:42.118+0000] {docker.py:69} INFO - }
[2025-03-26T13:47:42.119+0000] {docker.py:69} INFO -   [6]=>
[2025-03-26T13:47:42.119+0000] {docker.py:69} INFO - 
[2025-03-26T13:47:42.120+0000] {docker.py:69} INFO - object(stdClass)#8 (3) {
[2025-03-26T13:47:42.120+0000] {docker.py:69} INFO -     [
[2025-03-26T13:47:42.121+0000] {docker.py:69} INFO - "
[2025-03-26T13:47:42.122+0000] {docker.py:69} INFO - contador
[2025-03-26T13:47:42.125+0000] {docker.py:69} INFO - "
[2025-03-26T13:47:42.125+0000] {docker.py:69} INFO - ]=>
[2025-03-26T13:47:42.126+0000] {docker.py:69} INFO - 
[2025-03-26T13:47:42.126+0000] {docker.py:69} INFO - int(1)
[2025-03-26T13:47:42.126+0000] {docker.py:69} INFO -     [
[2025-03-26T13:47:42.127+0000] {docker.py:69} INFO - "
[2025-03-26T13:47:42.128+0000] {docker.py:69} INFO - container
[2025-03-26T13:47:42.129+0000] {docker.py:69} INFO - "
[2025-03-26T13:47:42.129+0000] {docker.py:69} INFO - ]=>
[2025-03-26T13:47:42.130+0000] {docker.py:69} INFO - 
[2025-03-26T13:47:42.131+0000] {docker.py:69} INFO - string(8) "
[2025-03-26T13:47:42.131+0000] {docker.py:69} INFO - php-app1
[2025-03-26T13:47:42.132+0000] {docker.py:69} INFO - "
[2025-03-26T13:47:42.133+0000] {docker.py:69} INFO -     [
[2025-03-26T13:47:42.133+0000] {docker.py:69} INFO - "
[2025-03-26T13:47:42.134+0000] {docker.py:69} INFO - timestamp
[2025-03-26T13:47:42.134+0000] {docker.py:69} INFO - "
[2025-03-26T13:47:42.135+0000] {docker.py:69} INFO - ]=>
[2025-03-26T13:47:42.135+0000] {docker.py:69} INFO - 
[2025-03-26T13:47:42.135+0000] {docker.py:69} INFO - int(1742996302)
[2025-03-26T13:47:42.136+0000] {docker.py:69} INFO - 
[2025-03-26T13:47:42.136+0000] {docker.py:69} INFO - }
[2025-03-26T13:47:42.137+0000] {docker.py:69} INFO -   [7]=>
[2025-03-26T13:47:42.137+0000] {docker.py:69} INFO - 
[2025-03-26T13:47:42.137+0000] {docker.py:69} INFO - object(stdClass)#9 (3) {
[2025-03-26T13:47:42.138+0000] {docker.py:69} INFO -     [
[2025-03-26T13:47:42.138+0000] {docker.py:69} INFO - "
[2025-03-26T13:47:42.139+0000] {docker.py:69} INFO - contador
[2025-03-26T13:47:42.139+0000] {docker.py:69} INFO - "
[2025-03-26T13:47:42.140+0000] {docker.py:69} INFO - ]=>
[2025-03-26T13:47:42.140+0000] {docker.py:69} INFO - 
[2025-03-26T13:47:42.141+0000] {docker.py:69} INFO - int(1)
[2025-03-26T13:47:42.141+0000] {docker.py:69} INFO -     [
[2025-03-26T13:47:42.141+0000] {docker.py:69} INFO - "
[2025-03-26T13:47:42.142+0000] {docker.py:69} INFO - container
[2025-03-26T13:47:42.142+0000] {docker.py:69} INFO - "
[2025-03-26T13:47:42.143+0000] {docker.py:69} INFO - ]=>
[2025-03-26T13:47:42.143+0000] {docker.py:69} INFO - 
[2025-03-26T13:47:42.144+0000] {docker.py:69} INFO - string(8) "
[2025-03-26T13:47:42.144+0000] {docker.py:69} INFO - php-app2
[2025-03-26T13:47:42.144+0000] {docker.py:69} INFO - "
[2025-03-26T13:47:42.145+0000] {docker.py:69} INFO -     [
[2025-03-26T13:47:42.145+0000] {docker.py:69} INFO - "
[2025-03-26T13:47:42.146+0000] {docker.py:69} INFO - timestamp
[2025-03-26T13:47:42.146+0000] {docker.py:69} INFO - "
[2025-03-26T13:47:42.146+0000] {docker.py:69} INFO - ]=>
[2025-03-26T13:47:42.147+0000] {docker.py:69} INFO - 
[2025-03-26T13:47:42.147+0000] {docker.py:69} INFO - int(1742996303)
[2025-03-26T13:47:42.148+0000] {docker.py:69} INFO - 
[2025-03-26T13:47:42.148+0000] {docker.py:69} INFO - }
[2025-03-26T13:47:42.148+0000] {docker.py:69} INFO -   [8]=>
[2025-03-26T13:47:42.149+0000] {docker.py:69} INFO - 
[2025-03-26T13:47:42.149+0000] {docker.py:69} INFO - object(stdClass)#10 (3) {
[2025-03-26T13:47:42.150+0000] {docker.py:69} INFO -     [
[2025-03-26T13:47:42.150+0000] {docker.py:69} INFO - "
[2025-03-26T13:47:42.150+0000] {docker.py:69} INFO - contador
[2025-03-26T13:47:42.151+0000] {docker.py:69} INFO - "
[2025-03-26T13:47:42.152+0000] {docker.py:69} INFO - ]=>
[2025-03-26T13:47:42.153+0000] {docker.py:69} INFO - 
[2025-03-26T13:47:42.153+0000] {docker.py:69} INFO - int(1)
[2025-03-26T13:47:42.154+0000] {docker.py:69} INFO -     [
[2025-03-26T13:47:42.154+0000] {docker.py:69} INFO - "
[2025-03-26T13:47:42.155+0000] {docker.py:69} INFO - container
[2025-03-26T13:47:42.157+0000] {docker.py:69} INFO - "
[2025-03-26T13:47:42.158+0000] {docker.py:69} INFO - ]=>
[2025-03-26T13:47:42.159+0000] {docker.py:69} INFO - 
[2025-03-26T13:47:42.159+0000] {docker.py:69} INFO - string(8) "
[2025-03-26T13:47:42.160+0000] {docker.py:69} INFO - php-app1
[2025-03-26T13:47:42.160+0000] {docker.py:69} INFO - "
[2025-03-26T13:47:42.162+0000] {docker.py:69} INFO -     [
[2025-03-26T13:47:42.163+0000] {docker.py:69} INFO - "
[2025-03-26T13:47:42.165+0000] {docker.py:69} INFO - timestamp
[2025-03-26T13:47:42.170+0000] {docker.py:69} INFO - "
[2025-03-26T13:47:42.179+0000] {docker.py:69} INFO - ]=>
[2025-03-26T13:47:42.179+0000] {docker.py:69} INFO - 
[2025-03-26T13:47:42.180+0000] {docker.py:69} INFO - int(1742996304)
[2025-03-26T13:47:42.193+0000] {docker.py:69} INFO - 
[2025-03-26T13:47:42.211+0000] {docker.py:69} INFO - }
[2025-03-26T13:47:42.213+0000] {docker.py:69} INFO -   [9]=>
[2025-03-26T13:47:42.223+0000] {docker.py:69} INFO - 
[2025-03-26T13:47:42.224+0000] {docker.py:69} INFO - object(stdClass)#11 (3) {
[2025-03-26T13:47:42.225+0000] {docker.py:69} INFO -     [
[2025-03-26T13:47:42.226+0000] {docker.py:69} INFO - "
[2025-03-26T13:47:42.226+0000] {docker.py:69} INFO - contador
[2025-03-26T13:47:42.227+0000] {docker.py:69} INFO - "
[2025-03-26T13:47:42.228+0000] {docker.py:69} INFO - ]=>
[2025-03-26T13:47:42.228+0000] {docker.py:69} INFO - 
[2025-03-26T13:47:42.229+0000] {docker.py:69} INFO - int(1)
[2025-03-26T13:47:42.239+0000] {docker.py:69} INFO -     [
[2025-03-26T13:47:42.239+0000] {docker.py:69} INFO - "
[2025-03-26T13:47:42.240+0000] {docker.py:69} INFO - container"
[2025-03-26T13:47:42.241+0000] {docker.py:69} INFO - ]=>
[2025-03-26T13:47:42.242+0000] {docker.py:69} INFO -     string(8) "php-app2"
[2025-03-26T13:47:42.243+0000] {docker.py:69} INFO -     [
[2025-03-26T13:47:42.244+0000] {docker.py:69} INFO - "timestamp"]=>
[2025-03-26T13:47:42.244+0000] {docker.py:69} INFO -     int(1742996305)
[2025-03-26T13:47:42.245+0000] {docker.py:69} INFO -   }
[2025-03-26T13:47:42.246+0000] {docker.py:69} INFO -   [10]=>
[2025-03-26T13:47:42.294+0000] {docker.py:69} INFO -   object(stdClass)#12 (3) {
[2025-03-26T13:47:42.295+0000] {docker.py:69} INFO -     ["contador"]=>
[2025-03-26T13:47:42.297+0000] {docker.py:69} INFO -     int(1)
[2025-03-26T13:47:42.297+0000] {docker.py:69} INFO -     ["container"]=>
[2025-03-26T13:47:42.298+0000] {docker.py:69} INFO -     string(8) "php-app2"
[2025-03-26T13:47:42.298+0000] {docker.py:69} INFO -     ["timestamp"]=>
[2025-03-26T13:47:42.299+0000] {docker.py:69} INFO -     int(1742996305)
[2025-03-26T13:47:42.299+0000] {docker.py:69} INFO -   }
[2025-03-26T13:47:42.299+0000] {docker.py:69} INFO -   [11]=>
[2025-03-26T13:47:42.301+0000] {docker.py:69} INFO -   object(stdClass)#13 (3) {
[2025-03-26T13:47:42.301+0000] {docker.py:69} INFO -     ["contador"]=>
[2025-03-26T13:47:42.302+0000] {docker.py:69} INFO -     int(1)
[2025-03-26T13:47:42.303+0000] {docker.py:69} INFO -     ["container"]=>
[2025-03-26T13:47:42.303+0000] {docker.py:69} INFO -     string(8) "php-app1"
[2025-03-26T13:47:42.304+0000] {docker.py:69} INFO -     ["timestamp"]=>
[2025-03-26T13:47:42.304+0000] {docker.py:69} INFO -     int(1742996305)
[2025-03-26T13:47:42.305+0000] {docker.py:69} INFO -   }
[2025-03-26T13:47:42.305+0000] {docker.py:69} INFO -   [12]=>
[2025-03-26T13:47:42.306+0000] {docker.py:69} INFO -   object(stdClass)#14 (3) {
[2025-03-26T13:47:42.306+0000] {docker.py:69} INFO -     ["contador"]=>
[2025-03-26T13:47:42.307+0000] {docker.py:69} INFO -     int(1)
[2025-03-26T13:47:42.308+0000] {docker.py:69} INFO -     ["container"]=>
[2025-03-26T13:47:42.309+0000] {docker.py:69} INFO -     string(8) "php-app1"
[2025-03-26T13:47:42.310+0000] {docker.py:69} INFO -     ["timestamp"]=>
[2025-03-26T13:47:42.311+0000] {docker.py:69} INFO -     int(1742996309)
[2025-03-26T13:47:42.311+0000] {docker.py:69} INFO -   }
[2025-03-26T13:47:42.312+0000] {docker.py:69} INFO -   [13]=>
[2025-03-26T13:47:42.312+0000] {docker.py:69} INFO -   object(stdClass)#15 (3) {
[2025-03-26T13:47:42.313+0000] {docker.py:69} INFO -     ["contador"]=>
[2025-03-26T13:47:42.313+0000] {docker.py:69} INFO -     int(1)
[2025-03-26T13:47:42.314+0000] {docker.py:69} INFO -     ["container"]=>
[2025-03-26T13:47:42.314+0000] {docker.py:69} INFO -     string(8) "php-app1"
[2025-03-26T13:47:42.314+0000] {docker.py:69} INFO -     ["timestamp"]=>
[2025-03-26T13:47:42.315+0000] {docker.py:69} INFO -     int(1742996309)
[2025-03-26T13:47:42.315+0000] {docker.py:69} INFO -   }
[2025-03-26T13:47:42.316+0000] {docker.py:69} INFO -   [14]=>
[2025-03-26T13:47:42.316+0000] {docker.py:69} INFO -   object(stdClass)#16 (3) {
[2025-03-26T13:47:42.317+0000] {docker.py:69} INFO -     ["contador"]=>
[2025-03-26T13:47:42.317+0000] {docker.py:69} INFO -     int(1)
[2025-03-26T13:47:42.318+0000] {docker.py:69} INFO -     ["container"]=>
[2025-03-26T13:47:42.318+0000] {docker.py:69} INFO -     string(8) "php-app2"
[2025-03-26T13:47:42.318+0000] {docker.py:69} INFO -     ["timestamp"]=>
[2025-03-26T13:47:42.319+0000] {docker.py:69} INFO -     int(1742996309)
[2025-03-26T13:47:42.320+0000] {docker.py:69} INFO -   }
[2025-03-26T13:47:42.320+0000] {docker.py:69} INFO -   [15]=>
[2025-03-26T13:47:42.321+0000] {docker.py:69} INFO -   object(stdClass)#17 (3) {
[2025-03-26T13:47:42.321+0000] {docker.py:69} INFO -     ["contador"]=>
[2025-03-26T13:47:42.322+0000] {docker.py:69} INFO -     int(1)
[2025-03-26T13:47:42.322+0000] {docker.py:69} INFO -     ["container"]=>
[2025-03-26T13:47:42.323+0000] {docker.py:69} INFO -     string(8) "php-app2"
[2025-03-26T13:47:42.323+0000] {docker.py:69} INFO -     ["timestamp"]=>
[2025-03-26T13:47:42.323+0000] {docker.py:69} INFO -     int(1742996309)
[2025-03-26T13:47:42.324+0000] {docker.py:69} INFO -   }
[2025-03-26T13:47:42.324+0000] {docker.py:69} INFO -   [16]=>
[2025-03-26T13:47:42.325+0000] {docker.py:69} INFO -   object(stdClass)#18 (3) {
[2025-03-26T13:47:42.325+0000] {docker.py:69} INFO -     ["contador"]=>
[2025-03-26T13:47:42.326+0000] {docker.py:69} INFO -     int(1)
[2025-03-26T13:47:42.329+0000] {docker.py:69} INFO -     ["container"]=>
[2025-03-26T13:47:42.329+0000] {docker.py:69} INFO -     string(8) "php-app1"
[2025-03-26T13:47:42.330+0000] {docker.py:69} INFO -     ["timestamp"]=>
[2025-03-26T13:47:42.330+0000] {docker.py:69} INFO -     int(1742996310)
[2025-03-26T13:47:42.331+0000] {docker.py:69} INFO -   }
[2025-03-26T13:47:42.331+0000] {docker.py:69} INFO -   [17]=>
[2025-03-26T13:47:42.331+0000] {docker.py:69} INFO -   object(stdClass)#19 (3) {
[2025-03-26T13:47:42.332+0000] {docker.py:69} INFO -     ["contador"]=>
[2025-03-26T13:47:42.333+0000] {docker.py:69} INFO -     int(1)
[2025-03-26T13:47:42.333+0000] {docker.py:69} INFO -     ["container"]=>
[2025-03-26T13:47:42.334+0000] {docker.py:69} INFO -     string(8) "php-app2"
[2025-03-26T13:47:42.335+0000] {docker.py:69} INFO -     ["timestamp"]=>
[2025-03-26T13:47:42.336+0000] {docker.py:69} INFO -     int(1742996310)
[2025-03-26T13:47:42.336+0000] {docker.py:69} INFO -   }
[2025-03-26T13:47:42.337+0000] {docker.py:69} INFO -   [18]=>
[2025-03-26T13:47:42.337+0000] {docker.py:69} INFO -   object(stdClass)#20 (3) {
[2025-03-26T13:47:42.337+0000] {docker.py:69} INFO -     ["contador"]=>
[2025-03-26T13:47:42.338+0000] {docker.py:69} INFO -     int(1)
[2025-03-26T13:47:42.339+0000] {docker.py:69} INFO -     ["container"]=>
[2025-03-26T13:47:42.339+0000] {docker.py:69} INFO -     string(8) "php-app2"
[2025-03-26T13:47:42.340+0000] {docker.py:69} INFO -     ["timestamp"]=>
[2025-03-26T13:47:42.342+0000] {docker.py:69} INFO -     int(1742996310)
[2025-03-26T13:47:42.343+0000] {docker.py:69} INFO -   }
[2025-03-26T13:47:42.343+0000] {docker.py:69} INFO -   [19]=>
[2025-03-26T13:47:42.344+0000] {docker.py:69} INFO -   object(stdClass)#21 (3) {
[2025-03-26T13:47:42.344+0000] {docker.py:69} INFO -     ["contador"]=>
[2025-03-26T13:47:42.345+0000] {docker.py:69} INFO -     int(1)
[2025-03-26T13:47:42.345+0000] {docker.py:69} INFO -     ["container"]=>
[2025-03-26T13:47:42.346+0000] {docker.py:69} INFO -     string(8) "php-app1"
[2025-03-26T13:47:42.346+0000] {docker.py:69} INFO -     ["timestamp"]=>
[2025-03-26T13:47:42.346+0000] {docker.py:69} INFO -     int(1742996311)
[2025-03-26T13:47:42.347+0000] {docker.py:69} INFO -   }
[2025-03-26T13:47:42.347+0000] {docker.py:69} INFO -   [20]=>
[2025-03-26T13:47:42.348+0000] {docker.py:69} INFO -   object(stdClass)#22 (3) {
[2025-03-26T13:47:42.348+0000] {docker.py:69} INFO -     ["contador"]=>
[2025-03-26T13:47:42.348+0000] {docker.py:69} INFO -     int(1)
[2025-03-26T13:47:42.349+0000] {docker.py:69} INFO -     ["container"]=>
[2025-03-26T13:47:42.349+0000] {docker.py:69} INFO -     string(8) "php-app1"
[2025-03-26T13:47:42.350+0000] {docker.py:69} INFO -     ["timestamp"]=>
[2025-03-26T13:47:42.350+0000] {docker.py:69} INFO -     int(1742996311)
[2025-03-26T13:47:42.350+0000] {docker.py:69} INFO -   }
[2025-03-26T13:47:42.351+0000] {docker.py:69} INFO -   [21]=>
[2025-03-26T13:47:42.352+0000] {docker.py:69} INFO -   object(stdClass)#23 (3) {
[2025-03-26T13:47:42.353+0000] {docker.py:69} INFO -     [
[2025-03-26T13:47:42.353+0000] {docker.py:69} INFO - "contador"]=>
[2025-03-26T13:47:42.354+0000] {docker.py:69} INFO -     int(1)
[2025-03-26T13:47:42.354+0000] {docker.py:69} INFO -     ["container"]=>
[2025-03-26T13:47:42.354+0000] {docker.py:69} INFO -     string(8) "php-app2"
[2025-03-26T13:47:42.355+0000] {docker.py:69} INFO -     ["timestamp"]=>
[2025-03-26T13:47:42.355+0000] {docker.py:69} INFO -     int(1742996312)
[2025-03-26T13:47:42.356+0000] {docker.py:69} INFO -   }
[2025-03-26T13:47:42.356+0000] {docker.py:69} INFO -   [22]=>
[2025-03-26T13:47:42.356+0000] {docker.py:69} INFO -   object(stdClass)#24 (3) {
[2025-03-26T13:47:42.357+0000] {docker.py:69} INFO -     ["contador"]=>
[2025-03-26T13:47:42.357+0000] {docker.py:69} INFO -     int(1)
[2025-03-26T13:47:42.358+0000] {docker.py:69} INFO -     ["container"]=>
[2025-03-26T13:47:42.358+0000] {docker.py:69} INFO -     string(8) "php-app1"
[2025-03-26T13:47:42.358+0000] {docker.py:69} INFO -     ["timestamp"]=>
[2025-03-26T13:47:42.359+0000] {docker.py:69} INFO -     int(1742996313)
[2025-03-26T13:47:42.359+0000] {docker.py:69} INFO -   }
[2025-03-26T13:47:42.360+0000] {docker.py:69} INFO -   [23]=>
[2025-03-26T13:47:42.360+0000] {docker.py:69} INFO -   object(stdClass)#25 (3) {
[2025-03-26T13:47:42.360+0000] {docker.py:69} INFO -     ["contador"]=>
[2025-03-26T13:47:42.361+0000] {docker.py:69} INFO -     int(1)
[2025-03-26T13:47:42.361+0000] {docker.py:69} INFO -     ["container"]=>
[2025-03-26T13:47:42.361+0000] {docker.py:69} INFO -     string(8) "php-app1"
[2025-03-26T13:47:42.362+0000] {docker.py:69} INFO -     ["timestamp"]=>
[2025-03-26T13:47:42.362+0000] {docker.py:69} INFO -     int(1742996751)
[2025-03-26T13:47:42.362+0000] {docker.py:69} INFO -   }
[2025-03-26T13:47:42.363+0000] {docker.py:69} INFO -   [24]=>
[2025-03-26T13:47:42.363+0000] {docker.py:69} INFO -   object(stdClass)#26 (3) {
[2025-03-26T13:47:42.364+0000] {docker.py:69} INFO -     ["contador"]=>
[2025-03-26T13:47:42.364+0000] {docker.py:69} INFO -     int(1)
[2025-03-26T13:47:42.364+0000] {docker.py:69} INFO -     ["container"]=>
[2025-03-26T13:47:42.365+0000] {docker.py:69} INFO -     string(8) "php-app2"
[2025-03-26T13:47:42.365+0000] {docker.py:69} INFO -     ["timestamp"]=>
[2025-03-26T13:47:42.366+0000] {docker.py:69} INFO -     int(1742996751)
[2025-03-26T13:47:42.366+0000] {docker.py:69} INFO -   }
[2025-03-26T13:47:42.366+0000] {docker.py:69} INFO -   [25]=>
[2025-03-26T13:47:42.367+0000] {docker.py:69} INFO -   object(stdClass)#27 (3) {
[2025-03-26T13:47:42.367+0000] {docker.py:69} INFO -     ["contador"]=>
[2025-03-26T13:47:42.368+0000] {docker.py:69} INFO -     int(1)
[2025-03-26T13:47:42.369+0000] {docker.py:69} INFO -     ["container"]=>
[2025-03-26T13:47:42.369+0000] {docker.py:69} INFO -     string(8) "php-app2"
[2025-03-26T13:47:42.370+0000] {docker.py:69} INFO -     ["timestamp"]=>
[2025-03-26T13:47:42.370+0000] {docker.py:69} INFO -     int(1742996756)
[2025-03-26T13:47:42.370+0000] {docker.py:69} INFO -   }
[2025-03-26T13:47:42.371+0000] {docker.py:69} INFO -   [26]=>
[2025-03-26T13:47:42.371+0000] {docker.py:69} INFO -   object(stdClass)#28 (3) {
[2025-03-26T13:47:42.372+0000] {docker.py:69} INFO -     ["contador"]=>
[2025-03-26T13:47:42.372+0000] {docker.py:69} INFO -     int(1)
[2025-03-26T13:47:42.372+0000] {docker.py:69} INFO -     ["container"]=>
[2025-03-26T13:47:42.373+0000] {docker.py:69} INFO -     string(8) "php-app1"
[2025-03-26T13:47:42.373+0000] {docker.py:69} INFO -     ["timestamp"]=>
[2025-03-26T13:47:42.374+0000] {docker.py:69} INFO -     int(1742996756)
[2025-03-26T13:47:42.374+0000] {docker.py:69} INFO -   }
[2025-03-26T13:47:42.374+0000] {docker.py:69} INFO -   [27]=>
[2025-03-26T13:47:42.377+0000] {docker.py:69} INFO -   object(stdClass)#29 (3) {
[2025-03-26T13:47:42.378+0000] {docker.py:69} INFO -     ["contador"]=>
[2025-03-26T13:47:42.378+0000] {docker.py:69} INFO -     int(1)
[2025-03-26T13:47:42.379+0000] {docker.py:69} INFO -     ["container"]=>
[2025-03-26T13:47:42.380+0000] {docker.py:69} INFO -     string(8) "php-app1"
[2025-03-26T13:47:42.380+0000] {docker.py:69} INFO -     ["timestamp"]=>
[2025-03-26T13:47:42.381+0000] {docker.py:69} INFO -     int(1742996757)
[2025-03-26T13:47:42.381+0000] {docker.py:69} INFO -   }
[2025-03-26T13:47:42.381+0000] {docker.py:69} INFO -   [28]=>
[2025-03-26T13:47:42.382+0000] {docker.py:69} INFO -   object(stdClass)#30 (3) {
[2025-03-26T13:47:42.382+0000] {docker.py:69} INFO -     ["contador"]=>
[2025-03-26T13:47:42.383+0000] {docker.py:69} INFO -     int(1)
[2025-03-26T13:47:42.383+0000] {docker.py:69} INFO -     ["container"]=>
[2025-03-26T13:47:42.384+0000] {docker.py:69} INFO -     string(8) "php-app2"
[2025-03-26T13:47:42.384+0000] {docker.py:69} INFO -     ["timestamp"]=>
[2025-03-26T13:47:42.385+0000] {docker.py:69} INFO -     int(1742996757)
[2025-03-26T13:47:42.385+0000] {docker.py:69} INFO -   }
[2025-03-26T13:47:42.386+0000] {docker.py:69} INFO -   [29]=>
[2025-03-26T13:47:42.386+0000] {docker.py:69} INFO -   object(stdClass)#31 (3) {
[2025-03-26T13:47:42.387+0000] {docker.py:69} INFO -     ["contador"]=>
[2025-03-26T13:47:42.387+0000] {docker.py:69} INFO -     int(1)
[2025-03-26T13:47:42.388+0000] {docker.py:69} INFO -     ["container"]=>
[2025-03-26T13:47:42.390+0000] {docker.py:69} INFO -     string(8) "php-app2"
[2025-03-26T13:47:42.391+0000] {docker.py:69} INFO -     ["timestamp"]=>
[2025-03-26T13:47:42.391+0000] {docker.py:69} INFO -     int(1742996758)
[2025-03-26T13:47:42.391+0000] {docker.py:69} INFO -   }
[2025-03-26T13:47:42.392+0000] {docker.py:69} INFO -   [30]=>
[2025-03-26T13:47:42.393+0000] {docker.py:69} INFO -   object(stdClass)#32 (3) {
[2025-03-26T13:47:42.394+0000] {docker.py:69} INFO -     ["contador"]=>
[2025-03-26T13:47:42.394+0000] {docker.py:69} INFO -     int(1)
[2025-03-26T13:47:42.394+0000] {docker.py:69} INFO -     ["container"]=>
[2025-03-26T13:47:42.395+0000] {docker.py:69} INFO -     string(8) "php-app1"
[2025-03-26T13:47:42.395+0000] {docker.py:69} INFO -     ["timestamp"]=>
[2025-03-26T13:47:42.396+0000] {docker.py:69} INFO -     int(1742996760)
[2025-03-26T13:47:42.396+0000] {docker.py:69} INFO -   }
[2025-03-26T13:47:42.397+0000] {docker.py:69} INFO -   [31]=>
[2025-03-26T13:47:42.397+0000] {docker.py:69} INFO -   object(stdClass)#33 (3) {
[2025-03-26T13:47:42.398+0000] {docker.py:69} INFO -     ["contador"]=>
[2025-03-26T13:47:42.398+0000] {docker.py:69} INFO -     int(1)
[2025-03-26T13:47:42.398+0000] {docker.py:69} INFO -     ["container"]=>
[2025-03-26T13:47:42.399+0000] {docker.py:69} INFO -     string(8) "php-app2"
[2025-03-26T13:47:42.399+0000] {docker.py:69} INFO -     ["timestamp"]=>
[2025-03-26T13:47:42.399+0000] {docker.py:69} INFO -     int(1742996760)
[2025-03-26T13:47:42.400+0000] {docker.py:69} INFO -   }
[2025-03-26T13:47:42.401+0000] {docker.py:69} INFO -   [32]=>
[2025-03-26T13:47:42.401+0000] {docker.py:69} INFO -   object(stdClass)#34 (3) {
[2025-03-26T13:47:42.401+0000] {docker.py:69} INFO -     ["contador"]=>
[2025-03-26T13:47:42.402+0000] {docker.py:69} INFO -     int(1)
[2025-03-26T13:47:42.402+0000] {docker.py:69} INFO -     ["container"]=>
[2025-03-26T13:47:42.405+0000] {docker.py:69} INFO -     string(8) "php-app2"
[2025-03-26T13:47:42.405+0000] {docker.py:69} INFO -     ["timestamp"]=>
[2025-03-26T13:47:42.405+0000] {docker.py:69} INFO -     int(1742996761)
[2025-03-26T13:47:42.406+0000] {docker.py:69} INFO -   }
[2025-03-26T13:47:42.406+0000] {docker.py:69} INFO -   [33]=>
[2025-03-26T13:47:42.407+0000] {docker.py:69} INFO -   object(stdClass)#35 (3) {
[2025-03-26T13:47:42.407+0000] {docker.py:69} INFO -     ["contador"]=>
[2025-03-26T13:47:42.408+0000] {docker.py:69} INFO -     int(1)
[2025-03-26T13:47:42.408+0000] {docker.py:69} INFO -     ["container"]=>
[2025-03-26T13:47:42.409+0000] {docker.py:69} INFO -     string(8) "php-app1"
[2025-03-26T13:47:42.409+0000] {docker.py:69} INFO -     ["timestamp"]=>
[2025-03-26T13:47:42.410+0000] {docker.py:69} INFO -     int(1742996762)
[2025-03-26T13:47:42.410+0000] {docker.py:69} INFO -   }
[2025-03-26T13:47:42.410+0000] {docker.py:69} INFO -   [34]=>
[2025-03-26T13:47:42.415+0000] {docker.py:69} INFO -   object(stdClass)#36 (3) {
[2025-03-26T13:47:42.416+0000] {docker.py:69} INFO -     ["contador"]=>
[2025-03-26T13:47:42.416+0000] {docker.py:69} INFO -     int(1)
[2025-03-26T13:47:42.417+0000] {docker.py:69} INFO -     ["container"]=>
[2025-03-26T13:47:42.418+0000] {docker.py:69} INFO -     string(8) "php-app2"
[2025-03-26T13:47:42.419+0000] {docker.py:69} INFO -     ["timestamp"]=>
[2025-03-26T13:47:42.419+0000] {docker.py:69} INFO -     int(1742996762)
[2025-03-26T13:47:42.420+0000] {docker.py:69} INFO -   }
[2025-03-26T13:47:42.420+0000] {docker.py:69} INFO -   [35]=>
[2025-03-26T13:47:42.420+0000] {docker.py:69} INFO -   object(stdClass)#37 (3) {
[2025-03-26T13:47:42.421+0000] {docker.py:69} INFO -     ["contador"]=>
[2025-03-26T13:47:42.421+0000] {docker.py:69} INFO -     int(1)
[2025-03-26T13:47:42.422+0000] {docker.py:69} INFO -     ["container"]=>
[2025-03-26T13:47:42.422+0000] {docker.py:69} INFO -     string(8) "php-app1"
[2025-03-26T13:47:42.423+0000] {docker.py:69} INFO -     ["timestamp"]=>
[2025-03-26T13:47:42.423+0000] {docker.py:69} INFO -     int(1742996763)
[2025-03-26T13:47:42.423+0000] {docker.py:69} INFO -   }
[2025-03-26T13:47:42.424+0000] {docker.py:69} INFO -   [36]=>
[2025-03-26T13:47:42.425+0000] {docker.py:69} INFO -   object(stdClass)#38 (3) {
[2025-03-26T13:47:42.425+0000] {docker.py:69} INFO -     ["contador"]=>
[2025-03-26T13:47:42.426+0000] {docker.py:69} INFO -     int(1)
[2025-03-26T13:47:42.426+0000] {docker.py:69} INFO -     ["container"]=>
[2025-03-26T13:47:42.427+0000] {docker.py:69} INFO -     string(8) "php-app1"
[2025-03-26T13:47:42.427+0000] {docker.py:69} INFO -     ["timestamp"]=>
[2025-03-26T13:47:42.428+0000] {docker.py:69} INFO -     int(1742996763)
[2025-03-26T13:47:42.429+0000] {docker.py:69} INFO -   }
[2025-03-26T13:47:42.430+0000] {docker.py:69} INFO -   [37]=>
[2025-03-26T13:47:42.434+0000] {docker.py:69} INFO -   object(stdClass)#39 (3) {
[2025-03-26T13:47:42.435+0000] {docker.py:69} INFO -     ["contador"]=>
[2025-03-26T13:47:42.435+0000] {docker.py:69} INFO -     int(1)
[2025-03-26T13:47:42.436+0000] {docker.py:69} INFO -     ["container"]=>
[2025-03-26T13:47:42.436+0000] {docker.py:69} INFO -     string(8) "php-app2"
[2025-03-26T13:47:42.437+0000] {docker.py:69} INFO -     ["timestamp"]=>
[2025-03-26T13:47:42.437+0000] {docker.py:69} INFO -     int(1742996771)
[2025-03-26T13:47:42.437+0000] {docker.py:69} INFO -   }
[2025-03-26T13:47:42.438+0000] {docker.py:69} INFO -   [38]=>
[2025-03-26T13:47:42.438+0000] {docker.py:69} INFO -   object(stdClass)#40 (3) {
[2025-03-26T13:47:42.439+0000] {docker.py:69} INFO -     ["contador"]=>
[2025-03-26T13:47:42.439+0000] {docker.py:69} INFO -     int(1)
[2025-03-26T13:47:42.439+0000] {docker.py:69} INFO -     ["container"]=>
[2025-03-26T13:47:42.440+0000] {docker.py:69} INFO -     string(8) "php-app2"
[2025-03-26T13:47:42.440+0000] {docker.py:69} INFO -     ["timestamp"]=>
[2025-03-26T13:47:42.441+0000] {docker.py:69} INFO -     int(1742996773)
[2025-03-26T13:47:42.441+0000] {docker.py:69} INFO -   }
[2025-03-26T13:47:42.441+0000] {docker.py:69} INFO -   [39]=>
[2025-03-26T13:47:42.442+0000] {docker.py:69} INFO -   object(stdClass)#41 (3) {
[2025-03-26T13:47:42.451+0000] {docker.py:69} INFO -     ["contador"]=>
[2025-03-26T13:47:42.452+0000] {docker.py:69} INFO -     int(1)
[2025-03-26T13:47:42.452+0000] {docker.py:69} INFO -     ["container"]=>
[2025-03-26T13:47:42.452+0000] {docker.py:69} INFO -     string(8) "php-app1"
[2025-03-26T13:47:42.453+0000] {docker.py:69} INFO -     ["timestamp"]=>
[2025-03-26T13:47:42.453+0000] {docker.py:69} INFO -     int(1742996773)
[2025-03-26T13:47:42.453+0000] {docker.py:69} INFO -   }
[2025-03-26T13:47:42.454+0000] {docker.py:69} INFO -   [40]=>
[2025-03-26T13:47:42.454+0000] {docker.py:69} INFO -   object(stdClass)#42 (3) {
[2025-03-26T13:47:42.454+0000] {docker.py:69} INFO -     ["contador"]=>
[2025-03-26T13:47:42.455+0000] {docker.py:69} INFO -     int(1)
[2025-03-26T13:47:42.455+0000] {docker.py:69} INFO -     ["container"]=>
[2025-03-26T13:47:42.455+0000] {docker.py:69} INFO -     string(8) "php-app1"
[2025-03-26T13:47:42.455+0000] {docker.py:69} INFO -     ["timestamp"]=>
[2025-03-26T13:47:42.456+0000] {docker.py:69} INFO -     int(1742996775)
[2025-03-26T13:47:42.456+0000] {docker.py:69} INFO -   }
[2025-03-26T13:47:42.456+0000] {docker.py:69} INFO -   [41]=>
[2025-03-26T13:47:42.457+0000] {docker.py:69} INFO -   object(stdClass)#43 (3) {
[2025-03-26T13:47:42.457+0000] {docker.py:69} INFO -     ["contador"]=>
[2025-03-26T13:47:42.457+0000] {docker.py:69} INFO -     int(1)
[2025-03-26T13:47:42.458+0000] {docker.py:69} INFO -     ["container"]=>
[2025-03-26T13:47:42.458+0000] {docker.py:69} INFO -     string(8) "php-app2"
[2025-03-26T13:47:42.458+0000] {docker.py:69} INFO -     ["timestamp"]=>
[2025-03-26T13:47:42.458+0000] {docker.py:69} INFO -     int(1742996775)
[2025-03-26T13:47:42.459+0000] {docker.py:69} INFO -   }
[2025-03-26T13:47:42.459+0000] {docker.py:69} INFO -   [42]=>
[2025-03-26T13:47:42.459+0000] {docker.py:69} INFO -   object(stdClass)#44 (3) {
[2025-03-26T13:47:42.460+0000] {docker.py:69} INFO -     ["contador"]=>
[2025-03-26T13:47:42.460+0000] {docker.py:69} INFO -     int(1)
[2025-03-26T13:47:42.460+0000] {docker.py:69} INFO -     ["container"]=>
[2025-03-26T13:47:42.461+0000] {docker.py:69} INFO -     string(8) "php-app2"
[2025-03-26T13:47:42.461+0000] {docker.py:69} INFO -     ["timestamp"]=>
[2025-03-26T13:47:42.462+0000] {docker.py:69} INFO -     int(1742996775)
[2025-03-26T13:47:42.462+0000] {docker.py:69} INFO -   }
[2025-03-26T13:47:42.462+0000] {docker.py:69} INFO -   [43]=>
[2025-03-26T13:47:42.462+0000] {docker.py:69} INFO -   object(stdClass)#45 (3) {
[2025-03-26T13:47:42.463+0000] {docker.py:69} INFO -     ["contador"]=>
[2025-03-26T13:47:42.463+0000] {docker.py:69} INFO -     int(1)
[2025-03-26T13:47:42.463+0000] {docker.py:69} INFO -     ["container"]=>
[2025-03-26T13:47:42.464+0000] {docker.py:69} INFO -     string(8) "php-app1"
[2025-03-26T13:47:42.464+0000] {docker.py:69} INFO -     ["timestamp"]=>
[2025-03-26T13:47:42.464+0000] {docker.py:69} INFO -     int(1742996777)
[2025-03-26T13:47:42.465+0000] {docker.py:69} INFO -   }
[2025-03-26T13:47:42.466+0000] {docker.py:69} INFO -   [44]=>
[2025-03-26T13:47:42.466+0000] {docker.py:69} INFO -   object(stdClass)#46 (3) {
[2025-03-26T13:47:42.467+0000] {docker.py:69} INFO -     ["contador"]=>
[2025-03-26T13:47:42.467+0000] {docker.py:69} INFO -     int(1)
[2025-03-26T13:47:42.467+0000] {docker.py:69} INFO -     ["container"]=>
[2025-03-26T13:47:42.468+0000] {docker.py:69} INFO -     string(8) "php-app1"
[2025-03-26T13:47:42.468+0000] {docker.py:69} INFO -     ["timestamp"]=>
[2025-03-26T13:47:42.469+0000] {docker.py:69} INFO -     int(1742996779)
[2025-03-26T13:47:42.469+0000] {docker.py:69} INFO -   }
[2025-03-26T13:47:42.470+0000] {docker.py:69} INFO -   [45]=>
[2025-03-26T13:47:42.470+0000] {docker.py:69} INFO -   object(stdClass)#47 (3) {
[2025-03-26T13:47:42.470+0000] {docker.py:69} INFO -     ["contador"]=>
[2025-03-26T13:47:42.471+0000] {docker.py:69} INFO -     int(1)
[2025-03-26T13:47:42.471+0000] {docker.py:69} INFO -     ["container"]=>
[2025-03-26T13:47:42.471+0000] {docker.py:69} INFO -     string(8) "php-app2"
[2025-03-26T13:47:42.472+0000] {docker.py:69} INFO -     ["timestamp"]=>
[2025-03-26T13:47:42.472+0000] {docker.py:69} INFO -     int(1742996779)
[2025-03-26T13:47:42.472+0000] {docker.py:69} INFO -   }
[2025-03-26T13:47:42.473+0000] {docker.py:69} INFO -   [46]=>
[2025-03-26T13:47:42.473+0000] {docker.py:69} INFO -   object(stdClass)#48 (3) {
[2025-03-26T13:47:42.473+0000] {docker.py:69} INFO -     ["contador"]=>
[2025-03-26T13:47:42.474+0000] {docker.py:69} INFO -     int(1)
[2025-03-26T13:47:42.475+0000] {docker.py:69} INFO -     ["container"]=>
[2025-03-26T13:47:42.475+0000] {docker.py:69} INFO -     string(8) "php-app1"
[2025-03-26T13:47:42.475+0000] {docker.py:69} INFO -     ["timestamp
[2025-03-26T13:47:42.476+0000] {docker.py:69} INFO - "]=>
[2025-03-26T13:47:42.477+0000] {docker.py:69} INFO -     int(1742996781)
[2025-03-26T13:47:42.477+0000] {docker.py:69} INFO -   }
[2025-03-26T13:47:42.478+0000] {docker.py:69} INFO -   [47]=>
[2025-03-26T13:47:42.478+0000] {docker.py:69} INFO -   object(stdClass)#49 (3) {
[2025-03-26T13:47:42.479+0000] {docker.py:69} INFO -     ["
[2025-03-26T13:47:42.480+0000] {docker.py:69} INFO - contador"]=>
[2025-03-26T13:47:42.480+0000] {docker.py:69} INFO -     int(1)
[2025-03-26T13:47:42.480+0000] {docker.py:69} INFO -     ["container"]=>
[2025-03-26T13:47:42.481+0000] {docker.py:69} INFO -     string(8) "php-app1"
[2025-03-26T13:47:42.481+0000] {docker.py:69} INFO -     ["timestamp"]=>
[2025-03-26T13:47:42.482+0000] {docker.py:69} INFO -     int(1742996781)
[2025-03-26T13:47:42.482+0000] {docker.py:69} INFO -   }
[2025-03-26T13:47:42.482+0000] {docker.py:69} INFO -   [48]=>
[2025-03-26T13:47:42.483+0000] {docker.py:69} INFO -   object(stdClass)#50 (3) {
[2025-03-26T13:47:42.483+0000] {docker.py:69} INFO -     ["contador"]=>
[2025-03-26T13:47:42.484+0000] {docker.py:69} INFO -     int(1)
[2025-03-26T13:47:42.485+0000] {docker.py:69} INFO -     ["container"]=>
[2025-03-26T13:47:42.486+0000] {docker.py:69} INFO -     string(8) "php-app2"
[2025-03-26T13:47:42.487+0000] {docker.py:69} INFO -     ["timestamp"]=>
[2025-03-26T13:47:42.487+0000] {docker.py:69} INFO -     int(1742996781)
[2025-03-26T13:47:42.488+0000] {docker.py:69} INFO -   }
[2025-03-26T13:47:42.488+0000] {docker.py:69} INFO -   [49]=>
[2025-03-26T13:47:42.489+0000] {docker.py:69} INFO -   object(stdClass)#51 (3) {
[2025-03-26T13:47:42.490+0000] {docker.py:69} INFO -     ["contador"]=>
[2025-03-26T13:47:42.491+0000] {docker.py:69} INFO -     int(1)
[2025-03-26T13:47:42.491+0000] {docker.py:69} INFO -     ["container"]=>
[2025-03-26T13:47:42.491+0000] {docker.py:69} INFO -     string(8) "php-app1"
[2025-03-26T13:47:42.492+0000] {docker.py:69} INFO -     ["timestamp"]=>
[2025-03-26T13:47:42.492+0000] {docker.py:69} INFO -     int(1742996783)
[2025-03-26T13:47:42.493+0000] {docker.py:69} INFO -   }
[2025-03-26T13:47:42.493+0000] {docker.py:69} INFO -   [50]=>
[2025-03-26T13:47:42.494+0000] {docker.py:69} INFO -   object(stdClass)#52 (3) {
[2025-03-26T13:47:42.494+0000] {docker.py:69} INFO -     ["contador"]=>
[2025-03-26T13:47:42.494+0000] {docker.py:69} INFO -     int(1)
[2025-03-26T13:47:42.495+0000] {docker.py:69} INFO -     ["container"]=>
[2025-03-26T13:47:42.495+0000] {docker.py:69} INFO -     string(8) "php-app2"
[2025-03-26T13:47:42.495+0000] {docker.py:69} INFO -     ["timestamp"]=>
[2025-03-26T13:47:42.496+0000] {docker.py:69} INFO -     int(1742996783)
[2025-03-26T13:47:42.496+0000] {docker.py:69} INFO -   }
[2025-03-26T13:47:42.496+0000] {docker.py:69} INFO -   [51]=>
[2025-03-26T13:47:42.497+0000] {docker.py:69} INFO -   object(stdClass)#53 (3) {
[2025-03-26T13:47:42.497+0000] {docker.py:69} INFO -     ["contador"]=>
[2025-03-26T13:47:42.497+0000] {docker.py:69} INFO -     int(1)
[2025-03-26T13:47:42.498+0000] {docker.py:69} INFO -     ["container"]=>
[2025-03-26T13:47:42.498+0000] {docker.py:69} INFO -     string(8) "php-app1"
[2025-03-26T13:47:42.499+0000] {docker.py:69} INFO -     ["timestamp"]=>
[2025-03-26T13:47:42.499+0000] {docker.py:69} INFO -     int(1742996783)
[2025-03-26T13:47:42.499+0000] {docker.py:69} INFO -   }
[2025-03-26T13:47:42.500+0000] {docker.py:69} INFO -   [52]=>
[2025-03-26T13:47:42.500+0000] {docker.py:69} INFO -   object(stdClass)#54 (3) {
[2025-03-26T13:47:42.500+0000] {docker.py:69} INFO -     ["contador"]=>
[2025-03-26T13:47:42.501+0000] {docker.py:69} INFO -     int(1)
[2025-03-26T13:47:42.501+0000] {docker.py:69} INFO -     ["container"]=>
[2025-03-26T13:47:42.501+0000] {docker.py:69} INFO -     string(8) "php-app2"
[2025-03-26T13:47:42.502+0000] {docker.py:69} INFO -     ["timestamp"]=>
[2025-03-26T13:47:42.502+0000] {docker.py:69} INFO -     int(1742996785)
[2025-03-26T13:47:42.502+0000] {docker.py:69} INFO -   }
[2025-03-26T13:47:42.503+0000] {docker.py:69} INFO -   [53]=>
[2025-03-26T13:47:42.503+0000] {docker.py:69} INFO -   object(stdClass)#55 (3) {
[2025-03-26T13:47:42.504+0000] {docker.py:69} INFO -     ["contador"]=>
[2025-03-26T13:47:42.504+0000] {docker.py:69} INFO -     int(1)
[2025-03-26T13:47:42.504+0000] {docker.py:69} INFO -     ["container"]=>
[2025-03-26T13:47:42.505+0000] {docker.py:69} INFO -     string(8) "php-app2"
[2025-03-26T13:47:42.505+0000] {docker.py:69} INFO -     ["timestamp"]=>
[2025-03-26T13:47:42.505+0000] {docker.py:69} INFO -     int(1742996789)
[2025-03-26T13:47:42.506+0000] {docker.py:69} INFO -   }
[2025-03-26T13:47:42.506+0000] {docker.py:69} INFO -   [54]=>
[2025-03-26T13:47:42.506+0000] {docker.py:69} INFO -   object(stdClass)#56 (3) {
[2025-03-26T13:47:42.507+0000] {docker.py:69} INFO -     ["contador"]=>
[2025-03-26T13:47:42.507+0000] {docker.py:69} INFO -     int(1)
[2025-03-26T13:47:42.507+0000] {docker.py:69} INFO -     ["container"]=>
[2025-03-26T13:47:42.508+0000] {docker.py:69} INFO -     string(8) "php-app1"
[2025-03-26T13:47:42.508+0000] {docker.py:69} INFO -     ["timestamp"]=>
[2025-03-26T13:47:42.508+0000] {docker.py:69} INFO -     int(1742996790)
[2025-03-26T13:47:42.509+0000] {docker.py:69} INFO -   }
[2025-03-26T13:47:42.509+0000] {docker.py:69} INFO -   [55]=>
[2025-03-26T13:47:42.510+0000] {docker.py:69} INFO -   object(stdClass)#57 (3) {
[2025-03-26T13:47:42.510+0000] {docker.py:69} INFO -     ["contador"]=>
[2025-03-26T13:47:42.511+0000] {docker.py:69} INFO -     int(1)
[2025-03-26T13:47:42.511+0000] {docker.py:69} INFO -     ["container"]=>
[2025-03-26T13:47:42.511+0000] {docker.py:69} INFO -     string(8) "php-app1"
[2025-03-26T13:47:42.512+0000] {docker.py:69} INFO -     ["timestamp"]=>
[2025-03-26T13:47:42.512+0000] {docker.py:69} INFO -     int(1742996790)
[2025-03-26T13:47:42.513+0000] {docker.py:69} INFO -   }
[2025-03-26T13:47:42.515+0000] {docker.py:69} INFO -   [56]=>
[2025-03-26T13:47:42.518+0000] {docker.py:69} INFO -   object(stdClass)#58 (3) {
[2025-03-26T13:47:42.519+0000] {docker.py:69} INFO -     ["contador"]=>
[2025-03-26T13:47:42.520+0000] {docker.py:69} INFO -     int(1)
[2025-03-26T13:47:42.520+0000] {docker.py:69} INFO -     ["container"]=>
[2025-03-26T13:47:42.523+0000] {docker.py:69} INFO -     string(8) "php-app2"
[2025-03-26T13:47:42.523+0000] {docker.py:69} INFO -     ["timestamp"]=>
[2025-03-26T13:47:42.524+0000] {docker.py:69} INFO -     int(1742996790)
[2025-03-26T13:47:42.525+0000] {docker.py:69} INFO -   }
[2025-03-26T13:47:42.526+0000] {docker.py:69} INFO -   [57]=>
[2025-03-26T13:47:42.527+0000] {docker.py:69} INFO -   object(stdClass)#59 (3) {
[2025-03-26T13:47:42.527+0000] {docker.py:69} INFO -     ["contador"]=>
[2025-03-26T13:47:42.527+0000] {docker.py:69} INFO -     int(1)
[2025-03-26T13:47:42.528+0000] {docker.py:69} INFO -     ["container"]=>
[2025-03-26T13:47:42.532+0000] {docker.py:69} INFO -     string(8) "php-app2"
[2025-03-26T13:47:42.532+0000] {docker.py:69} INFO -     ["timestamp"]=>
[2025-03-26T13:47:42.533+0000] {docker.py:69} INFO -     int(1742996791)
[2025-03-26T13:47:42.533+0000] {docker.py:69} INFO -   }
[2025-03-26T13:47:42.534+0000] {docker.py:69} INFO -   [58]=>
[2025-03-26T13:47:42.536+0000] {docker.py:69} INFO -   object(stdClass)#60 (3) {
[2025-03-26T13:47:42.538+0000] {docker.py:69} INFO -     ["contador"]=>
[2025-03-26T13:47:42.541+0000] {docker.py:69} INFO -     int(1)
[2025-03-26T13:47:42.542+0000] {docker.py:69} INFO -     ["container"]=>
[2025-03-26T13:47:42.543+0000] {docker.py:69} INFO -     string(8) "php-app1"
[2025-03-26T13:47:42.545+0000] {docker.py:69} INFO -     ["timestamp"]=>
[2025-03-26T13:47:42.549+0000] {docker.py:69} INFO -     int(1742996792)
[2025-03-26T13:47:42.584+0000] {docker.py:69} INFO -   }
[2025-03-26T13:47:42.584+0000] {docker.py:69} INFO -   [59]=>
[2025-03-26T13:47:42.585+0000] {docker.py:69} INFO -   object(stdClass)#61 (3) {
[2025-03-26T13:47:42.619+0000] {docker.py:69} INFO -     ["contador"]=>
[2025-03-26T13:47:42.620+0000] {docker.py:69} INFO -     int(1)
[2025-03-26T13:47:42.621+0000] {docker.py:69} INFO -     ["container"]=>
[2025-03-26T13:47:42.622+0000] {docker.py:69} INFO -     string(8) "php-app1"
[2025-03-26T13:47:42.646+0000] {docker.py:69} INFO -     ["timestamp"]=>
[2025-03-26T13:47:42.647+0000] {docker.py:69} INFO -     int(1742996793)
[2025-03-26T13:47:42.663+0000] {docker.py:69} INFO -   }
[2025-03-26T13:47:42.664+0000] {docker.py:69} INFO -   [60]=>
[2025-03-26T13:47:42.668+0000] {docker.py:69} INFO -   object(stdClass)#62 (3) {
[2025-03-26T13:47:42.669+0000] {docker.py:69} INFO -     ["contador"]=>
[2025-03-26T13:47:42.677+0000] {docker.py:69} INFO -     int(1)
[2025-03-26T13:47:42.682+0000] {docker.py:69} INFO -     ["container"]=>
[2025-03-26T13:47:42.683+0000] {docker.py:69} INFO -     string(8) "php-app2"
[2025-03-26T13:47:42.688+0000] {docker.py:69} INFO -     ["timestamp"]=>
[2025-03-26T13:47:42.690+0000] {docker.py:69} INFO -     int(1742996794)
[2025-03-26T13:47:42.691+0000] {docker.py:69} INFO -   }
[2025-03-26T13:47:42.691+0000] {docker.py:69} INFO -   [61]=>
[2025-03-26T13:47:42.691+0000] {docker.py:69} INFO -   object(stdClass)#63 (3) {
[2025-03-26T13:47:42.692+0000] {docker.py:69} INFO -     ["contador"]=>
[2025-03-26T13:47:42.698+0000] {docker.py:69} INFO -     int(1)
[2025-03-26T13:47:42.699+0000] {docker.py:69} INFO -     ["container"]=>
[2025-03-26T13:47:42.699+0000] {docker.py:69} INFO -     string(8) "php-app1"
[2025-03-26T13:47:42.700+0000] {docker.py:69} INFO -     ["timestamp"]=>
[2025-03-26T13:47:42.705+0000] {docker.py:69} INFO -     int(1742996795)
[2025-03-26T13:47:42.706+0000] {docker.py:69} INFO -   }
[2025-03-26T13:47:42.706+0000] {docker.py:69} INFO -   [62]=>
[2025-03-26T13:47:42.708+0000] {docker.py:69} INFO -   object(stdClass)#64 (3) {
[2025-03-26T13:47:42.713+0000] {docker.py:69} INFO -     ["contador"]=>
[2025-03-26T13:47:42.720+0000] {docker.py:69} INFO -     int(1)
[2025-03-26T13:47:42.723+0000] {docker.py:69} INFO -     ["container"]=>
[2025-03-26T13:47:42.724+0000] {docker.py:69} INFO -     string(8) "php-app1"
[2025-03-26T13:47:42.725+0000] {docker.py:69} INFO -     ["timestamp"]=>
[2025-03-26T13:47:42.725+0000] {docker.py:69} INFO -     int(1742996797)
[2025-03-26T13:47:42.733+0000] {docker.py:69} INFO -   }
[2025-03-26T13:47:42.733+0000] {docker.py:69} INFO -   [63]=>
[2025-03-26T13:47:42.734+0000] {docker.py:69} INFO -   object(stdClass)#65 (3) {
[2025-03-26T13:47:42.735+0000] {docker.py:69} INFO -     ["contador"]=>
[2025-03-26T13:47:42.737+0000] {docker.py:69} INFO -     int(1)
[2025-03-26T13:47:42.737+0000] {docker.py:69} INFO -     ["container"]=>
[2025-03-26T13:47:42.738+0000] {docker.py:69} INFO -     string(8) "php-app2"
[2025-03-26T13:47:42.739+0000] {docker.py:69} INFO -     ["timestamp"]=>
[2025-03-26T13:47:42.747+0000] {docker.py:69} INFO -     int(1742996797)
[2025-03-26T13:47:42.748+0000] {docker.py:69} INFO -   }
[2025-03-26T13:47:42.750+0000] {docker.py:69} INFO -   [64]=>
[2025-03-26T13:47:42.750+0000] {docker.py:69} INFO -   object(stdClass)#66 (3) {
[2025-03-26T13:47:42.751+0000] {docker.py:69} INFO -     ["contador"]=>
[2025-03-26T13:47:42.780+0000] {docker.py:69} INFO -     int(1)
[2025-03-26T13:47:42.780+0000] {docker.py:69} INFO -     ["container"]=>
[2025-03-26T13:47:42.781+0000] {docker.py:69} INFO -     string(8) "php-app2"
[2025-03-26T13:47:42.783+0000] {docker.py:69} INFO -     ["timestamp"]=>
[2025-03-26T13:47:42.835+0000] {docker.py:69} INFO -     int(1742996797)
[2025-03-26T13:47:42.836+0000] {docker.py:69} INFO -   }
[2025-03-26T13:47:42.837+0000] {docker.py:69} INFO -   [65]=>
[2025-03-26T13:47:42.837+0000] {docker.py:69} INFO -   object(stdClass)#67 (3) {
[2025-03-26T13:47:42.838+0000] {docker.py:69} INFO -     ["contador"]=>
[2025-03-26T13:47:42.845+0000] {docker.py:69} INFO -     int(1)
[2025-03-26T13:47:42.845+0000] {docker.py:69} INFO -     ["container"]=>
[2025-03-26T13:47:42.846+0000] {docker.py:69} INFO -     string(8) "php-app1"
[2025-03-26T13:47:42.846+0000] {docker.py:69} INFO -     ["timestamp"]=>
[2025-03-26T13:47:42.847+0000] {docker.py:69} INFO -     int(1742996804)
[2025-03-26T13:47:42.847+0000] {docker.py:69} INFO -   }
[2025-03-26T13:47:42.848+0000] {docker.py:69} INFO -   [66]=>
[2025-03-26T13:47:42.848+0000] {docker.py:69} INFO -   object(stdClass)#68 (3) {
[2025-03-26T13:47:42.848+0000] {docker.py:69} INFO -     ["contador"]=>
[2025-03-26T13:47:42.849+0000] {docker.py:69} INFO -     int(1)
[2025-03-26T13:47:42.849+0000] {docker.py:69} INFO -     ["container"]=>
[2025-03-26T13:47:42.850+0000] {docker.py:69} INFO -     string(8) "php-app2"
[2025-03-26T13:47:42.850+0000] {docker.py:69} INFO -     ["timestamp"]=>
[2025-03-26T13:47:42.850+0000] {docker.py:69} INFO -     int(1742996806)
[2025-03-26T13:47:42.851+0000] {docker.py:69} INFO -   }
[2025-03-26T13:47:42.851+0000] {docker.py:69} INFO -   [67]=>
[2025-03-26T13:47:42.851+0000] {docker.py:69} INFO -   object(stdClass)#69 (3) {
[2025-03-26T13:47:42.852+0000] {docker.py:69} INFO -     ["contador"]=>
[2025-03-26T13:47:42.852+0000] {docker.py:69} INFO -     int(1)
[2025-03-26T13:47:42.852+0000] {docker.py:69} INFO -     ["container"]=>
[2025-03-26T13:47:42.853+0000] {docker.py:69} INFO -     string(8) "php-app2"
[2025-03-26T13:47:42.853+0000] {docker.py:69} INFO -     ["timestamp"]=>
[2025-03-26T13:47:42.853+0000] {docker.py:69} INFO -     int(1742996807)
[2025-03-26T13:47:42.854+0000] {docker.py:69} INFO -   }
[2025-03-26T13:47:42.854+0000] {docker.py:69} INFO -   [68]=>
[2025-03-26T13:47:42.855+0000] {docker.py:69} INFO -   object(stdClass)#70 (3) {
[2025-03-26T13:47:42.855+0000] {docker.py:69} INFO -     ["contador"]=>
[2025-03-26T13:47:42.855+0000] {docker.py:69} INFO -     int(1)
[2025-03-26T13:47:42.856+0000] {docker.py:69} INFO -     ["container"]=>
[2025-03-26T13:47:42.856+0000] {docker.py:69} INFO -     string(8) "php-app1"
[2025-03-26T13:47:42.856+0000] {docker.py:69} INFO -     ["timestamp"]=>
[2025-03-26T13:47:42.857+0000] {docker.py:69} INFO -     int(1742996807)
[2025-03-26T13:47:42.857+0000] {docker.py:69} INFO -   }
[2025-03-26T13:47:42.858+0000] {docker.py:69} INFO -   [69]=>
[2025-03-26T13:47:42.858+0000] {docker.py:69} INFO -   object(stdClass)#71 (3) {
[2025-03-26T13:47:42.858+0000] {docker.py:69} INFO -     ["contador"]=>
[2025-03-26T13:47:42.859+0000] {docker.py:69} INFO -     int(1)
[2025-03-26T13:47:42.859+0000] {docker.py:69} INFO -     ["container"]=>
[2025-03-26T13:47:42.859+0000] {docker.py:69} INFO -     string(8) "php-app2"
[2025-03-26T13:47:42.860+0000] {docker.py:69} INFO -     ["timestamp"]=>
[2025-03-26T13:47:42.860+0000] {docker.py:69} INFO -     int(1742996809)
[2025-03-26T13:47:42.861+0000] {docker.py:69} INFO -   }
[2025-03-26T13:47:42.861+0000] {docker.py:69} INFO -   [70]=>
[2025-03-26T13:47:42.861+0000] {docker.py:69} INFO -   object(stdClass)#72 (3) {
[2025-03-26T13:47:42.862+0000] {docker.py:69} INFO -     ["contador"]=>
[2025-03-26T13:47:42.862+0000] {docker.py:69} INFO -     int(1)
[2025-03-26T13:47:42.862+0000] {docker.py:69} INFO -     ["container"]=>
[2025-03-26T13:47:42.863+0000] {docker.py:69} INFO -     string(8) "php-app1"
[2025-03-26T13:47:42.863+0000] {docker.py:69} INFO -     ["timestamp"]=>
[2025-03-26T13:47:42.863+0000] {docker.py:69} INFO -     int(1742996810)
[2025-03-26T13:47:42.864+0000] {docker.py:69} INFO -   }
[2025-03-26T13:47:42.864+0000] {docker.py:69} INFO -   [71]=>
[2025-03-26T13:47:42.864+0000] {docker.py:69} INFO -   object(stdClass)#73 (3) {
[2025-03-26T13:47:42.865+0000] {docker.py:69} INFO -     ["contador"]=>
[2025-03-26T13:47:42.866+0000] {docker.py:69} INFO -     int(1)
[2025-03-26T13:47:42.866+0000] {docker.py:69} INFO -     ["container"]=>
[2025-03-26T13:47:42.866+0000] {docker.py:69} INFO -     string(8) "php-app1"
[2025-03-26T13:47:42.867+0000] {docker.py:69} INFO -     ["timestamp"]=>
[2025-03-26T13:47:42.867+0000] {docker.py:69} INFO -     int(1742996812)
[2025-03-26T13:47:42.867+0000] {docker.py:69} INFO -   }
[2025-03-26T13:47:42.868+0000] {docker.py:69} INFO -   [72]=>
[2025-03-26T13:47:42.868+0000] {docker.py:69} INFO -   object(stdClass)#74 (3) {
[2025-03-26T13:47:42.868+0000] {docker.py:69} INFO -     ["contador"]=>
[2025-03-26T13:47:42.869+0000] {docker.py:69} INFO -     int(1)
[2025-03-26T13:47:42.869+0000] {docker.py:69} INFO -     ["container"]=>
[2025-03-26T13:47:42.869+0000] {docker.py:69} INFO -     string(8) "php-app2"
[2025-03-26T13:47:42.870+0000] {docker.py:69} INFO -     ["timestamp"]=>
[2025-03-26T13:47:42.870+0000] {docker.py:69} INFO -     int(1742996813)
[2025-03-26T13:47:42.871+0000] {docker.py:69} INFO -   }
[2025-03-26T13:47:42.871+0000] {docker.py:69} INFO -   [73]=>
[2025-03-26T13:47:42.872+0000] {docker.py:69} INFO -   object(stdClass)#75 (3) {
[2025-03-26T13:47:42.872+0000] {docker.py:69} INFO -     ["contador"]=>
[2025-03-26T13:47:42.872+0000] {docker.py:69} INFO -     int(1)
[2025-03-26T13:47:42.873+0000] {docker.py:69} INFO -     ["container"]=>
[2025-03-26T13:47:42.875+0000] {docker.py:69} INFO -     string(8) "php-app1"
[2025-03-26T13:47:42.875+0000] {docker.py:69} INFO -     ["timestamp"]=>
[2025-03-26T13:47:42.876+0000] {docker.py:69} INFO -     int(1742996813)
[2025-03-26T13:47:42.958+0000] {docker.py:69} INFO -   }
[2025-03-26T13:47:42.969+0000] {docker.py:69} INFO -   [74]=>
[2025-03-26T13:47:42.970+0000] {docker.py:69} INFO -   object(stdClass)#76 (3) {
[2025-03-26T13:47:42.971+0000] {docker.py:69} INFO -     ["contador"]=>
[2025-03-26T13:47:42.971+0000] {docker.py:69} INFO -     int(1)
[2025-03-26T13:47:42.972+0000] {docker.py:69} INFO -     ["container"]=>
[2025-03-26T13:47:42.972+0000] {docker.py:69} INFO -     string(8) "php-app2"
[2025-03-26T13:47:42.973+0000] {docker.py:69} INFO -     ["timestamp"]=>
[2025-03-26T13:47:42.973+0000] {docker.py:69} INFO -     int(1742996815)
[2025-03-26T13:47:42.974+0000] {docker.py:69} INFO -   }
[2025-03-26T13:47:42.974+0000] {docker.py:69} INFO -   [75]=>
[2025-03-26T13:47:42.975+0000] {docker.py:69} INFO -   object(stdClass)#77 (3) {
[2025-03-26T13:47:42.986+0000] {docker.py:69} INFO -     ["contador"]=>
[2025-03-26T13:47:42.986+0000] {docker.py:69} INFO -     int(1)
[2025-03-26T13:47:42.987+0000] {docker.py:69} INFO -     ["container"]=>
[2025-03-26T13:47:42.988+0000] {docker.py:69} INFO -     string(8) "php-app1"
[2025-03-26T13:47:42.988+0000] {docker.py:69} INFO -     ["timestamp"]=>
[2025-03-26T13:47:42.989+0000] {docker.py:69} INFO -     int(1742996816)
[2025-03-26T13:47:42.989+0000] {docker.py:69} INFO -   }
[2025-03-26T13:47:42.990+0000] {docker.py:69} INFO -   [76]=>
[2025-03-26T13:47:42.991+0000] {docker.py:69} INFO -   object(stdClass)#78 (3) {
[2025-03-26T13:47:42.992+0000] {docker.py:69} INFO -     ["contador"]=>
[2025-03-26T13:47:42.992+0000] {docker.py:69} INFO -     int(1)
[2025-03-26T13:47:42.994+0000] {docker.py:69} INFO -     ["container"]=>
[2025-03-26T13:47:42.994+0000] {docker.py:69} INFO -     string(8) "php-app2"
[2025-03-26T13:47:42.995+0000] {docker.py:69} INFO -     ["timestamp"]=>
[2025-03-26T13:47:42.995+0000] {docker.py:69} INFO -     int(1742996816)
[2025-03-26T13:47:42.996+0000] {docker.py:69} INFO -   }
[2025-03-26T13:47:42.996+0000] {docker.py:69} INFO -   [77]=>
[2025-03-26T13:47:42.997+0000] {docker.py:69} INFO -   object(stdClass)#79 (3) {
[2025-03-26T13:47:42.997+0000] {docker.py:69} INFO -     ["contador"]=>
[2025-03-26T13:47:42.997+0000] {docker.py:69} INFO -     int(1)
[2025-03-26T13:47:42.998+0000] {docker.py:69} INFO -     ["container"]=>
[2025-03-26T13:47:42.998+0000] {docker.py:69} INFO -     string(8) "php-app1"
[2025-03-26T13:47:42.999+0000] {docker.py:69} INFO -     ["timestamp"]=>
[2025-03-26T13:47:42.999+0000] {docker.py:69} INFO -     int(1742996816)
[2025-03-26T13:47:43.000+0000] {docker.py:69} INFO -   }
[2025-03-26T13:47:43.000+0000] {docker.py:69} INFO -   [78]=>
[2025-03-26T13:47:43.000+0000] {docker.py:69} INFO -   object(stdClass)#80 (3) {
[2025-03-26T13:47:43.001+0000] {docker.py:69} INFO -     ["contador"]=>
[2025-03-26T13:47:43.001+0000] {docker.py:69} INFO -     int(1)
[2025-03-26T13:47:43.002+0000] {docker.py:69} INFO -     ["container"]=>
[2025-03-26T13:47:43.002+0000] {docker.py:69} INFO -     string(8) "php-app1"
[2025-03-26T13:47:43.002+0000] {docker.py:69} INFO -     ["timestamp"]=>
[2025-03-26T13:47:43.003+0000] {docker.py:69} INFO -     int(1742996817)
[2025-03-26T13:47:43.003+0000] {docker.py:69} INFO -   }
[2025-03-26T13:47:43.004+0000] {docker.py:69} INFO -   [79]=>
[2025-03-26T13:47:43.004+0000] {docker.py:69} INFO -   object(stdClass)#81 (3) {
[2025-03-26T13:47:43.005+0000] {docker.py:69} INFO -     ["contador"]=>
[2025-03-26T13:47:43.005+0000] {docker.py:69} INFO -     int(1)
[2025-03-26T13:47:43.006+0000] {docker.py:69} INFO -     ["container"]=>
[2025-03-26T13:47:43.006+0000] {docker.py:69} INFO -     string(8) "php-app2"
[2025-03-26T13:47:43.007+0000] {docker.py:69} INFO -     ["timestamp"]=>
[2025-03-26T13:47:43.007+0000] {docker.py:69} INFO -     int(1742996817)
[2025-03-26T13:47:43.008+0000] {docker.py:69} INFO -   }
[2025-03-26T13:47:43.008+0000] {docker.py:69} INFO -   [80]=>
[2025-03-26T13:47:43.008+0000] {docker.py:69} INFO -   object(stdClass)#82 (3) {
[2025-03-26T13:47:43.009+0000] {docker.py:69} INFO -     ["contador"]=>
[2025-03-26T13:47:43.009+0000] {docker.py:69} INFO -     int(1)
[2025-03-26T13:47:43.010+0000] {docker.py:69} INFO -     ["container"]=>
[2025-03-26T13:47:43.010+0000] {docker.py:69} INFO -     string(8) "php-app2"
[2025-03-26T13:47:43.010+0000] {docker.py:69} INFO -     ["timestamp"]=>
[2025-03-26T13:47:43.011+0000] {docker.py:69} INFO -     int(1742996818)
[2025-03-26T13:47:43.011+0000] {docker.py:69} INFO -   }
[2025-03-26T13:47:43.011+0000] {docker.py:69} INFO -   [81]=>
[2025-03-26T13:47:43.012+0000] {docker.py:69} INFO -   object(stdClass)#83 (3) {
[2025-03-26T13:47:43.012+0000] {docker.py:69} INFO -     ["contador"]=>
[2025-03-26T13:47:43.012+0000] {docker.py:69} INFO -     int(1)
[2025-03-26T13:47:43.013+0000] {docker.py:69} INFO -     ["container"]=>
[2025-03-26T13:47:43.013+0000] {docker.py:69} INFO -     string(8) "php-app1"
[2025-03-26T13:47:43.013+0000] {docker.py:69} INFO -     ["timestamp"]=>
[2025-03-26T13:47:43.014+0000] {docker.py:69} INFO -     int(1742996821)
[2025-03-26T13:47:43.014+0000] {docker.py:69} INFO -   }
[2025-03-26T13:47:43.014+0000] {docker.py:69} INFO -   [82]=>
[2025-03-26T13:47:43.015+0000] {docker.py:69} INFO -   object(stdClass)#84 (3) {
[2025-03-26T13:47:43.015+0000] {docker.py:69} INFO -     ["contador"]=>
[2025-03-26T13:47:43.016+0000] {docker.py:69} INFO -     int(1)
[2025-03-26T13:47:43.016+0000] {docker.py:69} INFO -     ["container"]=>
[2025-03-26T13:47:43.017+0000] {docker.py:69} INFO -     string(8) "php-app1"
[2025-03-26T13:47:43.017+0000] {docker.py:69} INFO -     ["timestamp"]=>
[2025-03-26T13:47:43.017+0000] {docker.py:69} INFO -     int(1742996824)
[2025-03-26T13:47:43.018+0000] {docker.py:69} INFO -   }
[2025-03-26T13:47:43.018+0000] {docker.py:69} INFO -   [83]=>
[2025-03-26T13:47:43.018+0000] {docker.py:69} INFO -   object(stdClass)#85 (3) {
[2025-03-26T13:47:43.019+0000] {docker.py:69} INFO -     ["contador"]=>
[2025-03-26T13:47:43.019+0000] {docker.py:69} INFO -     int(1)
[2025-03-26T13:47:43.019+0000] {docker.py:69} INFO -     ["container"]=>
[2025-03-26T13:47:43.020+0000] {docker.py:69} INFO -     string(8) "php-app2"
[2025-03-26T13:47:43.020+0000] {docker.py:69} INFO -     ["timestamp"]=>
[2025-03-26T13:47:43.020+0000] {docker.py:69} INFO -     int(1742996825)
[2025-03-26T13:47:43.021+0000] {docker.py:69} INFO -   }
[2025-03-26T13:47:43.021+0000] {docker.py:69} INFO -   [84]=>
[2025-03-26T13:47:43.021+0000] {docker.py:69} INFO -   object(stdClass)#86 (3) {
[2025-03-26T13:47:43.022+0000] {docker.py:69} INFO -     ["contador"]=>
[2025-03-26T13:47:43.022+0000] {docker.py:69} INFO -     int(1)
[2025-03-26T13:47:43.022+0000] {docker.py:69} INFO -     ["container"]=>
[2025-03-26T13:47:43.023+0000] {docker.py:69} INFO -     string(8) "php-app2"
[2025-03-26T13:47:43.023+0000] {docker.py:69} INFO -     ["timestamp"]=>
[2025-03-26T13:47:43.024+0000] {docker.py:69} INFO -     int(1742996826)
[2025-03-26T13:47:43.024+0000] {docker.py:69} INFO -   }
[2025-03-26T13:47:43.024+0000] {docker.py:69} INFO -   [85]=>
[2025-03-26T13:47:43.025+0000] {docker.py:69} INFO -   object(stdClass)#87 (3) {
[2025-03-26T13:47:43.025+0000] {docker.py:69} INFO -     ["contador"]=>
[2025-03-26T13:47:43.025+0000] {docker.py:69} INFO -     int(1)
[2025-03-26T13:47:43.026+0000] {docker.py:69} INFO -     ["container"]=>
[2025-03-26T13:47:43.026+0000] {docker.py:69} INFO -     string(8) "php-app2"
[2025-03-26T13:47:43.027+0000] {docker.py:69} INFO -     ["timestamp"]=>
[2025-03-26T13:47:43.027+0000] {docker.py:69} INFO -     int(1742996826)
[2025-03-26T13:47:43.028+0000] {docker.py:69} INFO -   }
[2025-03-26T13:47:43.029+0000] {docker.py:69} INFO -   [86]=>
[2025-03-26T13:47:43.029+0000] {docker.py:69} INFO -   object(stdClass)#88 (3) {
[2025-03-26T13:47:43.031+0000] {docker.py:69} INFO -     ["contador"]=>
[2025-03-26T13:47:43.031+0000] {docker.py:69} INFO -     int(1)
[2025-03-26T13:47:43.032+0000] {docker.py:69} INFO -     ["container"]=>
[2025-03-26T13:47:43.033+0000] {docker.py:69} INFO -     string(8) "php-app1"
[2025-03-26T13:47:43.033+0000] {docker.py:69} INFO -     ["timestamp"]=>
[2025-03-26T13:47:43.034+0000] {docker.py:69} INFO -     int(1742996827)
[2025-03-26T13:47:43.034+0000] {docker.py:69} INFO -   }
[2025-03-26T13:47:43.035+0000] {docker.py:69} INFO -   [87]=>
[2025-03-26T13:47:43.036+0000] {docker.py:69} INFO -   object(stdClass)#89 (3) {
[2025-03-26T13:47:43.036+0000] {docker.py:69} INFO -     ["contador"]=>
[2025-03-26T13:47:43.037+0000] {docker.py:69} INFO -     int(1)
[2025-03-26T13:47:43.037+0000] {docker.py:69} INFO -     ["container"]=>
[2025-03-26T13:47:43.038+0000] {docker.py:69} INFO -     string(8) "php-app2"
[2025-03-26T13:47:43.038+0000] {docker.py:69} INFO -     ["timestamp"]=>
[2025-03-26T13:47:43.039+0000] {docker.py:69} INFO -     int(1742996828)
[2025-03-26T13:47:43.039+0000] {docker.py:69} INFO -   }
[2025-03-26T13:47:43.039+0000] {docker.py:69} INFO -   [88]=>
[2025-03-26T13:47:43.040+0000] {docker.py:69} INFO -   object(stdClass)#90 (3) {
[2025-03-26T13:47:43.040+0000] {docker.py:69} INFO -     ["contador"]=>
[2025-03-26T13:47:43.041+0000] {docker.py:69} INFO -     int(1)
[2025-03-26T13:47:43.041+0000] {docker.py:69} INFO -     ["container"]=>
[2025-03-26T13:47:43.042+0000] {docker.py:69} INFO -     string(8) "php-app1"
[2025-03-26T13:47:43.042+0000] {docker.py:69} INFO -     ["timestamp"]=>
[2025-03-26T13:47:43.042+0000] {docker.py:69} INFO -     int(1742996828)
[2025-03-26T13:47:43.043+0000] {docker.py:69} INFO -   }
[2025-03-26T13:47:43.043+0000] {docker.py:69} INFO -   [89]=>
[2025-03-26T13:47:43.044+0000] {docker.py:69} INFO -   object(stdClass)#91 (3) {
[2025-03-26T13:47:43.044+0000] {docker.py:69} INFO -     ["contador"]=>
[2025-03-26T13:47:43.045+0000] {docker.py:69} INFO -     int(1)
[2025-03-26T13:47:43.046+0000] {docker.py:69} INFO -     ["container"]=>
[2025-03-26T13:47:43.047+0000] {docker.py:69} INFO -     string(8) "php-app2"
[2025-03-26T13:47:43.048+0000] {docker.py:69} INFO -     ["timestamp"]=>
[2025-03-26T13:47:43.050+0000] {docker.py:69} INFO -     int(1742996829)
[2025-03-26T13:47:43.050+0000] {docker.py:69} INFO -   }
[2025-03-26T13:47:43.052+0000] {docker.py:69} INFO -   [90]=>
[2025-03-26T13:47:43.053+0000] {docker.py:69} INFO -   object(stdClass)#92 (3) {
[2025-03-26T13:47:43.054+0000] {docker.py:69} INFO -     ["contador"]=>
[2025-03-26T13:47:43.054+0000] {docker.py:69} INFO -     int(1)
[2025-03-26T13:47:43.055+0000] {docker.py:69} INFO -     ["container"]=>
[2025-03-26T13:47:43.055+0000] {docker.py:69} INFO -     string(8) "php-app1"
[2025-03-26T13:47:43.055+0000] {docker.py:69} INFO -     ["timestamp"]=>
[2025-03-26T13:47:43.056+0000] {docker.py:69} INFO -     int(1742996829)
[2025-03-26T13:47:43.057+0000] {docker.py:69} INFO -   }
[2025-03-26T13:47:43.058+0000] {docker.py:69} INFO -   [91]=>
[2025-03-26T13:47:43.058+0000] {docker.py:69} INFO -   object(stdClass)#93 (3) {
[2025-03-26T13:47:43.060+0000] {docker.py:69} INFO -     ["contador"]=>
[2025-03-26T13:47:43.060+0000] {docker.py:69} INFO -     int(1)
[2025-03-26T13:47:43.061+0000] {docker.py:69} INFO -     ["container"]=>
[2025-03-26T13:47:43.061+0000] {docker.py:69} INFO -     string(8) "php-app2"
[2025-03-26T13:47:43.062+0000] {docker.py:69} INFO -     ["timestamp"]=>
[2025-03-26T13:47:43.063+0000] {docker.py:69} INFO -     int(1742996838)
[2025-03-26T13:47:43.064+0000] {docker.py:69} INFO -   }
[2025-03-26T13:47:43.065+0000] {docker.py:69} INFO -   [92]=>
[2025-03-26T13:47:43.065+0000] {docker.py:69} INFO -   object(stdClass)#94 (3) {
[2025-03-26T13:47:43.066+0000] {docker.py:69} INFO -     ["contador"]=>
[2025-03-26T13:47:43.066+0000] {docker.py:69} INFO -     int(1)
[2025-03-26T13:47:43.067+0000] {docker.py:69} INFO -     ["container"]=>
[2025-03-26T13:47:43.067+0000] {docker.py:69} INFO -     string(8) "php-app1"
[2025-03-26T13:47:43.068+0000] {docker.py:69} INFO -     ["timestamp"]=>
[2025-03-26T13:47:43.068+0000] {docker.py:69} INFO -     int(1742996841)
[2025-03-26T13:47:43.068+0000] {docker.py:69} INFO -   }
[2025-03-26T13:47:43.069+0000] {docker.py:69} INFO -   [93]=>
[2025-03-26T13:47:43.069+0000] {docker.py:69} INFO -   object(stdClass)#95 (3) {
[2025-03-26T13:47:43.070+0000] {docker.py:69} INFO -     ["contador"]=>
[2025-03-26T13:47:43.070+0000] {docker.py:69} INFO -     int(1)
[2025-03-26T13:47:43.071+0000] {docker.py:69} INFO -     ["container"]=>
[2025-03-26T13:47:43.071+0000] {docker.py:69} INFO -     string(8) "php-app2"
[2025-03-26T13:47:43.072+0000] {docker.py:69} INFO -     ["timestamp"]=>
[2025-03-26T13:47:43.072+0000] {docker.py:69} INFO -     int(1742996842)
[2025-03-26T13:47:43.073+0000] {docker.py:69} INFO -   }
[2025-03-26T13:47:43.074+0000] {docker.py:69} INFO -   [94]=>
[2025-03-26T13:47:43.075+0000] {docker.py:69} INFO -   object(stdClass)#96 (3) {
[2025-03-26T13:47:43.075+0000] {docker.py:69} INFO -     ["contador"]=>
[2025-03-26T13:47:43.085+0000] {docker.py:69} INFO -     int(1)
[2025-03-26T13:47:43.086+0000] {docker.py:69} INFO -     ["container"]=>
[2025-03-26T13:47:43.087+0000] {docker.py:69} INFO -     string(8) "php-app1"
[2025-03-26T13:47:43.203+0000] {docker.py:69} INFO -     ["timestamp"]=>
[2025-03-26T13:47:43.204+0000] {docker.py:69} INFO -     int(1742996843)
[2025-03-26T13:47:43.208+0000] {docker.py:69} INFO -   }
[2025-03-26T13:47:43.209+0000] {docker.py:69} INFO -   [95]=>
[2025-03-26T13:47:43.210+0000] {docker.py:69} INFO -   object(stdClass)#97 (3) {
[2025-03-26T13:47:43.211+0000] {docker.py:69} INFO -     ["contador"]=>
[2025-03-26T13:47:43.211+0000] {docker.py:69} INFO -     int(1)
[2025-03-26T13:47:43.211+0000] {docker.py:69} INFO -     ["container"]=>
[2025-03-26T13:47:43.213+0000] {docker.py:69} INFO -     string(8) "php-app2"
[2025-03-26T13:47:43.213+0000] {docker.py:69} INFO -     ["timestamp"]=>
[2025-03-26T13:47:43.214+0000] {docker.py:69} INFO -     int(1742996843)
[2025-03-26T13:47:43.214+0000] {docker.py:69} INFO -   }
[2025-03-26T13:47:43.215+0000] {docker.py:69} INFO -   [96]=>
[2025-03-26T13:47:43.215+0000] {docker.py:69} INFO -   object(stdClass)#98 (3) {
[2025-03-26T13:47:43.215+0000] {docker.py:69} INFO -     ["contador"]=>
[2025-03-26T13:47:43.216+0000] {docker.py:69} INFO -     int(1)
[2025-03-26T13:47:43.216+0000] {docker.py:69} INFO -     ["container"]=>
[2025-03-26T13:47:43.217+0000] {docker.py:69} INFO -     string(8) "php-app1"
[2025-03-26T13:47:43.217+0000] {docker.py:69} INFO -     ["timestamp"]=>
[2025-03-26T13:47:43.218+0000] {docker.py:69} INFO -     int(1742996844)
[2025-03-26T13:47:43.218+0000] {docker.py:69} INFO -   }
[2025-03-26T13:47:43.219+0000] {docker.py:69} INFO -   [97]=>
[2025-03-26T13:47:43.220+0000] {docker.py:69} INFO -   object(stdClass)#99 (3) {
[2025-03-26T13:47:43.220+0000] {docker.py:69} INFO -     ["contador"]=>
[2025-03-26T13:47:43.221+0000] {docker.py:69} INFO -     int(1)
[2025-03-26T13:47:43.223+0000] {docker.py:69} INFO -     ["container"]=>
[2025-03-26T13:47:43.224+0000] {docker.py:69} INFO -     string(8) "php-app1"
[2025-03-26T13:47:43.224+0000] {docker.py:69} INFO -     ["timestamp"]=>
[2025-03-26T13:47:43.226+0000] {docker.py:69} INFO -     int(1742996849)
[2025-03-26T13:47:43.227+0000] {docker.py:69} INFO -   }
[2025-03-26T13:47:43.227+0000] {docker.py:69} INFO -   [98]=>
[2025-03-26T13:47:43.228+0000] {docker.py:69} INFO -   object(stdClass)#100 (3) {
[2025-03-26T13:47:43.228+0000] {docker.py:69} INFO -     ["contador"]=>
[2025-03-26T13:47:43.229+0000] {docker.py:69} INFO -     int(1)
[2025-03-26T13:47:43.231+0000] {docker.py:69} INFO -     ["container"]=>
[2025-03-26T13:47:43.233+0000] {docker.py:69} INFO -     string(8) "php-app2"
[2025-03-26T13:47:43.235+0000] {docker.py:69} INFO -     ["timestamp"]=>
[2025-03-26T13:47:43.236+0000] {docker.py:69} INFO -     int(1742996849)
[2025-03-26T13:47:43.236+0000] {docker.py:69} INFO -   }
[2025-03-26T13:47:43.237+0000] {docker.py:69} INFO -   [99]=>
[2025-03-26T13:47:43.237+0000] {docker.py:69} INFO -   object(stdClass)#101 (3) {
[2025-03-26T13:47:43.237+0000] {docker.py:69} INFO -     ["contador"]=>
[2025-03-26T13:47:43.238+0000] {docker.py:69} INFO -     int(1)
[2025-03-26T13:47:43.238+0000] {docker.py:69} INFO -     ["container"]=>
[2025-03-26T13:47:43.239+0000] {docker.py:69} INFO -     string(8) "php-app2"
[2025-03-26T13:47:43.240+0000] {docker.py:69} INFO -     ["timestamp"]=>
[2025-03-26T13:47:43.240+0000] {docker.py:69} INFO -     int(1742996849)
[2025-03-26T13:47:43.241+0000] {docker.py:69} INFO -   }
[2025-03-26T13:47:43.241+0000] {docker.py:69} INFO -   [100]=>
[2025-03-26T13:47:43.242+0000] {docker.py:69} INFO -   object(stdClass)#102 (3) {
[2025-03-26T13:47:43.242+0000] {docker.py:69} INFO -     ["contador"]=>
[2025-03-26T13:47:43.243+0000] {docker.py:69} INFO -     int(1)
[2025-03-26T13:47:43.244+0000] {docker.py:69} INFO -     ["container"]=>
[2025-03-26T13:47:43.245+0000] {docker.py:69} INFO -     string(8) "php-app2"
[2025-03-26T13:47:43.246+0000] {docker.py:69} INFO -     ["timestamp"]=>
[2025-03-26T13:47:43.249+0000] {docker.py:69} INFO -     int(1742996850)
[2025-03-26T13:47:43.250+0000] {docker.py:69} INFO -   }
[2025-03-26T13:47:43.250+0000] {docker.py:69} INFO -   [101]=>
[2025-03-26T13:47:43.250+0000] {docker.py:69} INFO -   object(stdClass)#103 (3) {
[2025-03-26T13:47:43.251+0000] {docker.py:69} INFO -     ["contador"]=>
[2025-03-26T13:47:43.253+0000] {docker.py:69} INFO -     int(1)
[2025-03-26T13:47:43.253+0000] {docker.py:69} INFO -     ["container"]=>
[2025-03-26T13:47:43.254+0000] {docker.py:69} INFO -     string(8) "php-app1"
[2025-03-26T13:47:43.254+0000] {docker.py:69} INFO -     ["timestamp"]=>
[2025-03-26T13:47:43.255+0000] {docker.py:69} INFO -     int(1742996850)
[2025-03-26T13:47:43.255+0000] {docker.py:69} INFO -   }
[2025-03-26T13:47:43.255+0000] {docker.py:69} INFO -   [102]=>
[2025-03-26T13:47:43.256+0000] {docker.py:69} INFO -   object(stdClass)#104 (3) {
[2025-03-26T13:47:43.257+0000] {docker.py:69} INFO -     ["contador"]=>
[2025-03-26T13:47:43.257+0000] {docker.py:69} INFO -     int(1)
[2025-03-26T13:47:43.258+0000] {docker.py:69} INFO -     ["container"]=>
[2025-03-26T13:47:43.258+0000] {docker.py:69} INFO -     string(8) "php-app1"
[2025-03-26T13:47:43.259+0000] {docker.py:69} INFO -     ["timestamp"]=>
[2025-03-26T13:47:43.259+0000] {docker.py:69} INFO -     int(1742996851)
[2025-03-26T13:47:43.260+0000] {docker.py:69} INFO -   }
[2025-03-26T13:47:43.260+0000] {docker.py:69} INFO -   [103]=>
[2025-03-26T13:47:43.260+0000] {docker.py:69} INFO -   object(stdClass)#105 (3) {
[2025-03-26T13:47:43.261+0000] {docker.py:69} INFO -     ["contador"]=>
[2025-03-26T13:47:43.262+0000] {docker.py:69} INFO -     int(1)
[2025-03-26T13:47:43.263+0000] {docker.py:69} INFO -     ["container"]=>
[2025-03-26T13:47:43.264+0000] {docker.py:69} INFO -     string(8) "php-app2"
[2025-03-26T13:47:43.268+0000] {docker.py:69} INFO -     ["timestamp"]=>
[2025-03-26T13:47:43.268+0000] {docker.py:69} INFO -     int(1742996854)
[2025-03-26T13:47:43.268+0000] {docker.py:69} INFO -   }
[2025-03-26T13:47:43.269+0000] {docker.py:69} INFO -   [104]=>
[2025-03-26T13:47:43.270+0000] {docker.py:69} INFO -   object(stdClass)#106 (3) {
[2025-03-26T13:47:43.270+0000] {docker.py:69} INFO -     ["contador"]=>
[2025-03-26T13:47:43.271+0000] {docker.py:69} INFO -     int(1)
[2025-03-26T13:47:43.271+0000] {docker.py:69} INFO -     ["container"]=>
[2025-03-26T13:47:43.272+0000] {docker.py:69} INFO -     string(8) "php-app2"
[2025-03-26T13:47:43.272+0000] {docker.py:69} INFO -     ["timestamp"]=>
[2025-03-26T13:47:43.273+0000] {docker.py:69} INFO -     int(1742996855)
[2025-03-26T13:47:43.274+0000] {docker.py:69} INFO -   }
[2025-03-26T13:47:43.274+0000] {docker.py:69} INFO -   [105]=>
[2025-03-26T13:47:43.275+0000] {docker.py:69} INFO -   object(stdClass)#107 (3) {
[2025-03-26T13:47:43.275+0000] {docker.py:69} INFO -     ["contador"]=>
[2025-03-26T13:47:43.275+0000] {docker.py:69} INFO -     int(1)
[2025-03-26T13:47:43.276+0000] {docker.py:69} INFO -     ["container"]=>
[2025-03-26T13:47:43.279+0000] {docker.py:69} INFO -     string(8) "php-app1"
[2025-03-26T13:47:43.279+0000] {docker.py:69} INFO -     ["timestamp"]=>
[2025-03-26T13:47:43.280+0000] {docker.py:69} INFO -     int(1742996856)
[2025-03-26T13:47:43.281+0000] {docker.py:69} INFO -   }
[2025-03-26T13:47:43.281+0000] {docker.py:69} INFO -   [106]=>
[2025-03-26T13:47:43.281+0000] {docker.py:69} INFO -   object(stdClass)#108 (3) {
[2025-03-26T13:47:43.282+0000] {docker.py:69} INFO -     ["contador"]=>
[2025-03-26T13:47:43.282+0000] {docker.py:69} INFO -     int(1)
[2025-03-26T13:47:43.283+0000] {docker.py:69} INFO -     ["container"]=>
[2025-03-26T13:47:43.284+0000] {docker.py:69} INFO -     string(8) "php-app1"
[2025-03-26T13:47:43.286+0000] {docker.py:69} INFO -     ["timestamp"]=>
[2025-03-26T13:47:43.287+0000] {docker.py:69} INFO -     int(1742996856)
[2025-03-26T13:47:43.288+0000] {docker.py:69} INFO -   }
[2025-03-26T13:47:43.290+0000] {docker.py:69} INFO -   [107]=>
[2025-03-26T13:47:43.290+0000] {docker.py:69} INFO -   object(stdClass)#109 (3) {
[2025-03-26T13:47:43.291+0000] {docker.py:69} INFO -     ["contador"]=>
[2025-03-26T13:47:43.291+0000] {docker.py:69} INFO -     int(1)
[2025-03-26T13:47:43.292+0000] {docker.py:69} INFO -     ["container"]=>
[2025-03-26T13:47:43.293+0000] {docker.py:69} INFO -     string(8) "php-app2"
[2025-03-26T13:47:43.294+0000] {docker.py:69} INFO -     ["timestamp"]=>
[2025-03-26T13:47:43.294+0000] {docker.py:69} INFO -     int(1742996859)
[2025-03-26T13:47:43.295+0000] {docker.py:69} INFO -   }
[2025-03-26T13:47:43.297+0000] {docker.py:69} INFO -   [108]=>
[2025-03-26T13:47:43.298+0000] {docker.py:69} INFO -   object(stdClass)#110 (3) {
[2025-03-26T13:47:43.298+0000] {docker.py:69} INFO -     ["contador"]=>
[2025-03-26T13:47:43.299+0000] {docker.py:69} INFO -     int(1)
[2025-03-26T13:47:43.301+0000] {docker.py:69} INFO -     ["container"]=>
[2025-03-26T13:47:43.303+0000] {docker.py:69} INFO -     string(8) "php-app2"
[2025-03-26T13:47:43.307+0000] {docker.py:69} INFO -     ["timestamp"]=>
[2025-03-26T13:47:43.310+0000] {docker.py:69} INFO -     int(1742996860)
[2025-03-26T13:47:43.313+0000] {docker.py:69} INFO -   }
[2025-03-26T13:47:43.317+0000] {docker.py:69} INFO -   [109]=>
[2025-03-26T13:47:43.319+0000] {docker.py:69} INFO -   object(stdClass)#111 (3) {
[2025-03-26T13:47:43.320+0000] {docker.py:69} INFO -     ["contador"]=>
[2025-03-26T13:47:43.321+0000] {docker.py:69} INFO -     int(1)
[2025-03-26T13:47:43.322+0000] {docker.py:69} INFO -     ["container"]=>
[2025-03-26T13:47:43.323+0000] {docker.py:69} INFO -     string(8) "php-app2"
[2025-03-26T13:47:43.365+0000] {docker.py:69} INFO -     ["timestamp"]=>
[2025-03-26T13:47:43.365+0000] {docker.py:69} INFO -     int(1742996861)
[2025-03-26T13:47:43.366+0000] {docker.py:69} INFO -   }
[2025-03-26T13:47:43.369+0000] {docker.py:69} INFO -   [110]=>
[2025-03-26T13:47:43.372+0000] {docker.py:69} INFO -   array(3) {
[2025-03-26T13:47:43.373+0000] {docker.py:69} INFO -     ["contador"]=>
[2025-03-26T13:47:43.376+0000] {docker.py:69} INFO -     int(1)
[2025-03-26T13:47:43.377+0000] {docker.py:69} INFO -     ["container"]=>
[2025-03-26T13:47:43.379+0000] {docker.py:69} INFO -     string(8) "php-app1"
[2025-03-26T13:47:43.382+0000] {docker.py:69} INFO -     ["timestamp"]=>
[2025-03-26T13:47:43.385+0000] {docker.py:69} INFO -     int(1742996861)
[2025-03-26T13:47:43.386+0000] {docker.py:69} INFO -   }
[2025-03-26T13:47:43.387+0000] {docker.py:69} INFO - }
[2025-03-26T13:47:44.280+0000] {taskinstance.py:341} INFO - ::group::Post task execution logs
[2025-03-26T13:47:44.281+0000] {taskinstance.py:353} INFO - Marking task as SUCCESS. dag_id=containers1_dag, task_id=php_app1, run_id=scheduled__2025-03-25T03:30:00+00:00, execution_date=20250325T033000, start_date=20250326T134732, end_date=20250326T134744
[2025-03-26T13:47:44.516+0000] {local_task_job_runner.py:266} INFO - Task exited with return code 0
[2025-03-26T13:47:44.564+0000] {taskinstance.py:3901} INFO - 0 downstream tasks scheduled from follow-on schedule check
[2025-03-26T13:47:44.568+0000] {local_task_job_runner.py:245} INFO - ::endgroup::
