[2025-03-26T13:46:50.012+0000] {local_task_job_runner.py:123} INFO - ::group::Pre task execution logs
[2025-03-26T13:46:50.280+0000] {taskinstance.py:2614} INFO - Dependencies all met for dep_context=non-requeueable deps ti=<TaskInstance: containers1_dag.php_app1 scheduled__2025-03-25T02:20:00+00:00 [queued]>
[2025-03-26T13:46:50.298+0000] {taskinstance.py:2614} INFO - Dependencies all met for dep_context=requeueable deps ti=<TaskInstance: containers1_dag.php_app1 scheduled__2025-03-25T02:20:00+00:00 [queued]>
[2025-03-26T13:46:50.298+0000] {taskinstance.py:2867} INFO - Starting attempt 1 of 6
[2025-03-26T13:46:50.415+0000] {taskinstance.py:2890} INFO - Executing <Task(DockerOperator): php_app1> on 2025-03-25 02:20:00+00:00
[2025-03-26T13:46:50.542+0000] {logging_mixin.py:190} WARNING - /home/***/.local/lib/python3.12/site-packages/***/task/task_runner/standard_task_runner.py:70 DeprecationWarning: This process (pid=746) is multi-threaded, use of fork() may lead to deadlocks in the child.
[2025-03-26T13:46:50.546+0000] {standard_task_runner.py:72} INFO - Started process 756 to run task
[2025-03-26T13:46:50.758+0000] {standard_task_runner.py:104} INFO - Running: ['***', 'tasks', 'run', 'containers1_dag', 'php_app1', 'scheduled__2025-03-25T02:20:00+00:00', '--job-id', '78', '--raw', '--subdir', 'DAGS_FOLDER/containers1_dag.py', '--cfg-path', '/tmp/tmpbff39ebx']
[2025-03-26T13:46:50.784+0000] {standard_task_runner.py:105} INFO - Job 78: Subtask php_app1
[2025-03-26T13:46:51.819+0000] {task_command.py:467} INFO - Running <TaskInstance: containers1_dag.php_app1 scheduled__2025-03-25T02:20:00+00:00 [running]> on host 3d581a580455
[2025-03-26T13:46:52.924+0000] {taskinstance.py:3134} INFO - Exporting env vars: AIRFLOW_CTX_DAG_OWNER='andre' AIRFLOW_CTX_DAG_ID='containers1_dag' AIRFLOW_CTX_TASK_ID='php_app1' AIRFLOW_CTX_EXECUTION_DATE='2025-03-25T02:20:00+00:00' AIRFLOW_CTX_TRY_NUMBER='1' AIRFLOW_CTX_DAG_RUN_ID='scheduled__2025-03-25T02:20:00+00:00'
[2025-03-26T13:46:52.927+0000] {taskinstance.py:732} INFO - ::endgroup::
[2025-03-26T13:46:53.444+0000] {docker.py:345} INFO - Starting docker container from image php-app1
[2025-03-26T13:46:53.458+0000] {docker.py:353} WARNING - Using remote engine or docker-in-docker and mounting temporary volume from host is not supported. Falling back to `mount_tmp_dir=False` mode. You can set `mount_tmp_dir` parameter to False to disable mounting and remove the warning
[2025-03-26T13:46:57.688+0000] {docker.py:69} INFO - array(79) {
[2025-03-26T13:46:57.689+0000] {docker.py:69} INFO -   [0]=>
[2025-03-26T13:46:57.690+0000] {docker.py:69} INFO -   object(stdClass)#2 (3) {
[2025-03-26T13:46:57.700+0000] {docker.py:69} INFO -     ["contador"]=>
[2025-03-26T13:46:57.700+0000] {docker.py:69} INFO -     int(0)
[2025-03-26T13:46:57.701+0000] {docker.py:69} INFO -     ["container"]=>
[2025-03-26T13:46:57.705+0000] {docker.py:69} INFO -     string(8) "php-app1"
[2025-03-26T13:46:57.706+0000] {docker.py:69} INFO -     ["timestamp
[2025-03-26T13:46:57.706+0000] {docker.py:69} INFO - "]=>
[2025-03-26T13:46:57.707+0000] {docker.py:69} INFO -     int(1742852307)
[2025-03-26T13:46:57.707+0000] {docker.py:69} INFO -   }
[2025-03-26T13:46:57.708+0000] {docker.py:69} INFO -   [1]=>
[2025-03-26T13:46:57.708+0000] {docker.py:69} INFO -   object(stdClass)#3 (3) {
[2025-03-26T13:46:57.709+0000] {docker.py:69} INFO -     ["contador"]=>
[2025-03-26T13:46:57.712+0000] {docker.py:69} INFO -     int(1)
[2025-03-26T13:46:57.712+0000] {docker.py:69} INFO -     ["container"]=>
[2025-03-26T13:46:57.713+0000] {docker.py:69} INFO -     string(8) "php-app2"
[2025-03-26T13:46:57.714+0000] {docker.py:69} INFO -     ["timestamp"]=>
[2025-03-26T13:46:57.714+0000] {docker.py:69} INFO -     int(1742852309)
[2025-03-26T13:46:57.715+0000] {docker.py:69} INFO -   }
[2025-03-26T13:46:57.734+0000] {docker.py:69} INFO -   [2]=>
[2025-03-26T13:46:57.735+0000] {docker.py:69} INFO -   object(stdClass)#4 (3) {
[2025-03-26T13:46:57.818+0000] {docker.py:69} INFO -     ["contador"]=>
[2025-03-26T13:46:57.819+0000] {docker.py:69} INFO -     int(1)
[2025-03-26T13:46:57.819+0000] {docker.py:69} INFO -     [
[2025-03-26T13:46:57.820+0000] {docker.py:69} INFO - "container"]=>
[2025-03-26T13:46:57.820+0000] {docker.py:69} INFO -     string(8) "php-app1"
[2025-03-26T13:46:57.821+0000] {docker.py:69} INFO -     ["timestamp"]=>
[2025-03-26T13:46:57.821+0000] {docker.py:69} INFO -     int(1742852311)
[2025-03-26T13:46:57.822+0000] {docker.py:69} INFO -   }
[2025-03-26T13:46:57.822+0000] {docker.py:69} INFO -   [3]=>
[2025-03-26T13:46:57.822+0000] {docker.py:69} INFO -   object(stdClass)#5 (3) {
[2025-03-26T13:46:57.823+0000] {docker.py:69} INFO -     ["contador"]=>
[2025-03-26T13:46:57.823+0000] {docker.py:69} INFO -     int(1)
[2025-03-26T13:46:57.824+0000] {docker.py:69} INFO -     ["container"]=>
[2025-03-26T13:46:57.908+0000] {docker.py:69} INFO -     string(8) "php-app2"
[2025-03-26T13:46:57.914+0000] {docker.py:69} INFO -     ["timestamp"]=>
[2025-03-26T13:46:57.915+0000] {docker.py:69} INFO -     int(1742852314)
[2025-03-26T13:46:58.131+0000] {docker.py:69} INFO -   }
[2025-03-26T13:46:58.140+0000] {docker.py:69} INFO -   [4]=>
[2025-03-26T13:46:58.144+0000] {docker.py:69} INFO -   object(stdClass)#6 (3) {
[2025-03-26T13:46:58.197+0000] {docker.py:69} INFO -     ["contador"]=>
[2025-03-26T13:46:58.198+0000] {docker.py:69} INFO -     int(1)
[2025-03-26T13:46:58.252+0000] {docker.py:69} INFO -     ["container"]=>
[2025-03-26T13:46:58.252+0000] {docker.py:69} INFO -     string(8) "php-app2"
[2025-03-26T13:46:58.253+0000] {docker.py:69} INFO -     ["timestamp"]=>
[2025-03-26T13:46:58.253+0000] {docker.py:69} INFO -     int(1742996301)
[2025-03-26T13:46:58.255+0000] {docker.py:69} INFO -   }
[2025-03-26T13:46:58.255+0000] {docker.py:69} INFO -   [5]=>
[2025-03-26T13:46:58.256+0000] {docker.py:69} INFO -   object(stdClass)#7 (3) {
[2025-03-26T13:46:58.256+0000] {docker.py:69} INFO -     ["contador"]=>
[2025-03-26T13:46:58.257+0000] {docker.py:69} INFO -     int(1)
[2025-03-26T13:46:58.257+0000] {docker.py:69} INFO -     ["container"]=>
[2025-03-26T13:46:58.258+0000] {docker.py:69} INFO -     string(8) "php-app1"
[2025-03-26T13:46:58.258+0000] {docker.py:69} INFO -     ["timestamp"]=>
[2025-03-26T13:46:58.259+0000] {docker.py:69} INFO -     int(1742996302)
[2025-03-26T13:46:58.261+0000] {docker.py:69} INFO -   }
[2025-03-26T13:46:58.262+0000] {docker.py:69} INFO -   [6]=>
[2025-03-26T13:46:58.265+0000] {docker.py:69} INFO -   object(stdClass)#8 (3) {
[2025-03-26T13:46:58.266+0000] {docker.py:69} INFO -     ["contador"]=>
[2025-03-26T13:46:58.266+0000] {docker.py:69} INFO -     int(1)
[2025-03-26T13:46:58.266+0000] {docker.py:69} INFO -     ["container"]=>
[2025-03-26T13:46:58.273+0000] {docker.py:69} INFO -     string(8) "php-app1"
[2025-03-26T13:46:58.275+0000] {docker.py:69} INFO -     ["timestamp"]=>
[2025-03-26T13:46:58.275+0000] {docker.py:69} INFO -     int(1742996302)
[2025-03-26T13:46:58.276+0000] {docker.py:69} INFO -   }
[2025-03-26T13:46:58.276+0000] {docker.py:69} INFO -   [7]=>
[2025-03-26T13:46:58.277+0000] {docker.py:69} INFO -   object(stdClass)#9 (3) {
[2025-03-26T13:46:58.278+0000] {docker.py:69} INFO -     ["contador"]=>
[2025-03-26T13:46:58.281+0000] {docker.py:69} INFO -     int(1)
[2025-03-26T13:46:58.282+0000] {docker.py:69} INFO -     ["container"]=>
[2025-03-26T13:46:58.282+0000] {docker.py:69} INFO -     string(8) "php-app2"
[2025-03-26T13:46:58.284+0000] {docker.py:69} INFO -     ["timestamp"]=>
[2025-03-26T13:46:58.285+0000] {docker.py:69} INFO -     int(1742996303)
[2025-03-26T13:46:58.287+0000] {docker.py:69} INFO -   }
[2025-03-26T13:46:58.290+0000] {docker.py:69} INFO -   [8]=>
[2025-03-26T13:46:58.291+0000] {docker.py:69} INFO -   object(stdClass)#10 (3) {
[2025-03-26T13:46:58.291+0000] {docker.py:69} INFO -     ["contador"]=>
[2025-03-26T13:46:58.292+0000] {docker.py:69} INFO -     int(1)
[2025-03-26T13:46:58.292+0000] {docker.py:69} INFO -     ["container"]=>
[2025-03-26T13:46:58.293+0000] {docker.py:69} INFO -     string(8) "php-app1"
[2025-03-26T13:46:58.293+0000] {docker.py:69} INFO -     ["timestamp"]=>
[2025-03-26T13:46:58.294+0000] {docker.py:69} INFO -     int(1742996304)
[2025-03-26T13:46:58.294+0000] {docker.py:69} INFO -   }
[2025-03-26T13:46:58.294+0000] {docker.py:69} INFO -   [9]=>
[2025-03-26T13:46:58.295+0000] {docker.py:69} INFO -   object(stdClass)#11 (3) {
[2025-03-26T13:46:58.295+0000] {docker.py:69} INFO -     ["contador"]=>
[2025-03-26T13:46:58.295+0000] {docker.py:69} INFO -     int(1)
[2025-03-26T13:46:58.296+0000] {docker.py:69} INFO -     ["container"]=>
[2025-03-26T13:46:58.296+0000] {docker.py:69} INFO -     string(8) "php-app2"
[2025-03-26T13:46:58.297+0000] {docker.py:69} INFO -     ["timestamp"]=>
[2025-03-26T13:46:58.298+0000] {docker.py:69} INFO -     int(1742996305)
[2025-03-26T13:46:58.298+0000] {docker.py:69} INFO -   }
[2025-03-26T13:46:58.299+0000] {docker.py:69} INFO -   [10]=>
[2025-03-26T13:46:58.299+0000] {docker.py:69} INFO - object(stdClass)#12 (3) {
[2025-03-26T13:46:58.300+0000] {docker.py:69} INFO -     ["contador"]=>
[2025-03-26T13:46:58.301+0000] {docker.py:69} INFO -     int(1)
[2025-03-26T13:46:58.301+0000] {docker.py:69} INFO -     ["container"]=>
[2025-03-26T13:46:58.302+0000] {docker.py:69} INFO -     string(8) "php-app2"
[2025-03-26T13:46:58.303+0000] {docker.py:69} INFO -     ["timestamp"]=>
[2025-03-26T13:46:58.304+0000] {docker.py:69} INFO -     int(1742996305)
[2025-03-26T13:46:58.304+0000] {docker.py:69} INFO -   }
[2025-03-26T13:46:58.305+0000] {docker.py:69} INFO -   [11]=>
[2025-03-26T13:46:58.305+0000] {docker.py:69} INFO -   object(stdClass)#13 (3) {
[2025-03-26T13:46:58.306+0000] {docker.py:69} INFO -     ["contador"]=>
[2025-03-26T13:46:58.306+0000] {docker.py:69} INFO -     int(1)
[2025-03-26T13:46:58.307+0000] {docker.py:69} INFO -     ["container"]=>
[2025-03-26T13:46:58.307+0000] {docker.py:69} INFO -     string(8) "php-app1"
[2025-03-26T13:46:58.307+0000] {docker.py:69} INFO -     ["timestamp"]=>
[2025-03-26T13:46:58.308+0000] {docker.py:69} INFO -     int(1742996305)
[2025-03-26T13:46:58.308+0000] {docker.py:69} INFO -   }
[2025-03-26T13:46:58.308+0000] {docker.py:69} INFO -   [12]=>
[2025-03-26T13:46:58.309+0000] {docker.py:69} INFO - object(stdClass)#14 (3) {
[2025-03-26T13:46:58.310+0000] {docker.py:69} INFO -     ["contador"]=>
[2025-03-26T13:46:58.310+0000] {docker.py:69} INFO -     int(1)
[2025-03-26T13:46:58.310+0000] {docker.py:69} INFO -     ["container"]=>
[2025-03-26T13:46:58.311+0000] {docker.py:69} INFO -     string(8) "php-app1"
[2025-03-26T13:46:58.311+0000] {docker.py:69} INFO -     ["timestamp"]=>
[2025-03-26T13:46:58.312+0000] {docker.py:69} INFO -     int(1742996309)
[2025-03-26T13:46:58.312+0000] {docker.py:69} INFO -   }
[2025-03-26T13:46:58.312+0000] {docker.py:69} INFO -   [13]=>
[2025-03-26T13:46:58.313+0000] {docker.py:69} INFO -   object(stdClass)#15 (3) {
[2025-03-26T13:46:58.313+0000] {docker.py:69} INFO -     ["contador"]=>
[2025-03-26T13:46:58.314+0000] {docker.py:69} INFO -     int(1)
[2025-03-26T13:46:58.314+0000] {docker.py:69} INFO -     ["container"]=>
[2025-03-26T13:46:58.315+0000] {docker.py:69} INFO -     string(8) "php-app1"
[2025-03-26T13:46:58.315+0000] {docker.py:69} INFO -     ["timestamp"]=>
[2025-03-26T13:46:58.316+0000] {docker.py:69} INFO -     int(1742996309)
[2025-03-26T13:46:58.316+0000] {docker.py:69} INFO -   }
[2025-03-26T13:46:58.316+0000] {docker.py:69} INFO -   [14]=>
[2025-03-26T13:46:58.352+0000] {docker.py:69} INFO -   object(stdClass)#16 (3) {
[2025-03-26T13:46:58.353+0000] {docker.py:69} INFO -     ["contador"]=>
[2025-03-26T13:46:58.353+0000] {docker.py:69} INFO -     int(1)
[2025-03-26T13:46:58.354+0000] {docker.py:69} INFO -     ["container"]=>
[2025-03-26T13:46:58.364+0000] {docker.py:69} INFO - string(8) "php-app2"
[2025-03-26T13:46:58.373+0000] {docker.py:69} INFO -     ["timestamp"]=>
[2025-03-26T13:46:58.374+0000] {docker.py:69} INFO -     int(1742996309)
[2025-03-26T13:46:58.378+0000] {docker.py:69} INFO -   }
[2025-03-26T13:46:58.381+0000] {docker.py:69} INFO -   [15]=>
[2025-03-26T13:46:58.384+0000] {docker.py:69} INFO -   object(stdClass)#17 (3) {
[2025-03-26T13:46:58.385+0000] {docker.py:69} INFO -     ["contador"]=>
[2025-03-26T13:46:58.403+0000] {docker.py:69} INFO -     int(1)
[2025-03-26T13:46:58.404+0000] {docker.py:69} INFO -     ["container"]=>
[2025-03-26T13:46:58.405+0000] {docker.py:69} INFO -     string(8) "php-app2"
[2025-03-26T13:46:58.405+0000] {docker.py:69} INFO -     [
[2025-03-26T13:46:58.406+0000] {docker.py:69} INFO - "timestamp"]=>
[2025-03-26T13:46:58.406+0000] {docker.py:69} INFO -     int(1742996309)
[2025-03-26T13:46:58.407+0000] {docker.py:69} INFO -   }
[2025-03-26T13:46:58.407+0000] {docker.py:69} INFO -   [16]=>
[2025-03-26T13:46:58.407+0000] {docker.py:69} INFO -   object(stdClass)#18 (3) {
[2025-03-26T13:46:58.408+0000] {docker.py:69} INFO -     ["contador"]=>
[2025-03-26T13:46:58.408+0000] {docker.py:69} INFO -     int(1)
[2025-03-26T13:46:58.408+0000] {docker.py:69} INFO -     [
[2025-03-26T13:46:58.409+0000] {docker.py:69} INFO - "container"]=>
[2025-03-26T13:46:58.409+0000] {docker.py:69} INFO -     string(8) "php-app1"
[2025-03-26T13:46:58.410+0000] {docker.py:69} INFO -     ["timestamp"]=>
[2025-03-26T13:46:58.410+0000] {docker.py:69} INFO -     int(1742996310)
[2025-03-26T13:46:58.410+0000] {docker.py:69} INFO -   }
[2025-03-26T13:46:58.411+0000] {docker.py:69} INFO -   [17]=>
[2025-03-26T13:46:58.411+0000] {docker.py:69} INFO - 
[2025-03-26T13:46:58.411+0000] {docker.py:69} INFO - object(stdClass)#19 (3) {
[2025-03-26T13:46:58.412+0000] {docker.py:69} INFO -     ["contador"]=>
[2025-03-26T13:46:58.412+0000] {docker.py:69} INFO -     int(1)
[2025-03-26T13:46:58.413+0000] {docker.py:69} INFO -     ["container
[2025-03-26T13:46:58.414+0000] {docker.py:69} INFO - "
[2025-03-26T13:46:58.414+0000] {docker.py:69} INFO - ]=>
[2025-03-26T13:46:58.415+0000] {docker.py:69} INFO -     string(8) "
[2025-03-26T13:46:58.415+0000] {docker.py:69} INFO - php-app2"
[2025-03-26T13:46:58.416+0000] {docker.py:69} INFO -     ["timestamp"
[2025-03-26T13:46:58.416+0000] {docker.py:69} INFO - ]=>
[2025-03-26T13:46:58.416+0000] {docker.py:69} INFO -     int(1742996310)
[2025-03-26T13:46:58.417+0000] {docker.py:69} INFO -   }
[2025-03-26T13:46:58.417+0000] {docker.py:69} INFO -   [18]=>
[2025-03-26T13:46:58.418+0000] {docker.py:69} INFO - 
[2025-03-26T13:46:58.418+0000] {docker.py:69} INFO - object(stdClass)#20 (3) {
[2025-03-26T13:46:58.418+0000] {docker.py:69} INFO -     ["contador"]=>
[2025-03-26T13:46:58.419+0000] {docker.py:69} INFO - 
[2025-03-26T13:46:58.419+0000] {docker.py:69} INFO - int(1)
[2025-03-26T13:46:58.420+0000] {docker.py:69} INFO -     ["container"
[2025-03-26T13:46:58.420+0000] {docker.py:69} INFO - ]=>
[2025-03-26T13:46:58.420+0000] {docker.py:69} INFO -     string(8) "php-app2"
[2025-03-26T13:46:58.421+0000] {docker.py:69} INFO -     ["timestamp"]=>
[2025-03-26T13:46:58.421+0000] {docker.py:69} INFO -     int(1742996310)
[2025-03-26T13:46:58.421+0000] {docker.py:69} INFO -   }
[2025-03-26T13:46:58.422+0000] {docker.py:69} INFO -   [19]=>
[2025-03-26T13:46:58.422+0000] {docker.py:69} INFO -   object(stdClass)#21 (3) {
[2025-03-26T13:46:58.422+0000] {docker.py:69} INFO -     ["contador"]=>
[2025-03-26T13:46:58.423+0000] {docker.py:69} INFO -     int(1)
[2025-03-26T13:46:58.423+0000] {docker.py:69} INFO -     ["container"]=>
[2025-03-26T13:46:58.423+0000] {docker.py:69} INFO -     string(8) "php-app1
[2025-03-26T13:46:58.424+0000] {docker.py:69} INFO - "
[2025-03-26T13:46:58.424+0000] {docker.py:69} INFO -     [
[2025-03-26T13:46:58.425+0000] {docker.py:69} INFO - "
[2025-03-26T13:46:58.426+0000] {docker.py:69} INFO - timestamp"]=>
[2025-03-26T13:46:58.427+0000] {docker.py:69} INFO - 
[2025-03-26T13:46:58.428+0000] {docker.py:69} INFO - int(1742996311)
[2025-03-26T13:46:58.428+0000] {docker.py:69} INFO - }
[2025-03-26T13:46:58.428+0000] {docker.py:69} INFO -   [20]=>
[2025-03-26T13:46:58.434+0000] {docker.py:69} INFO -   object(stdClass)#22 (3) {
[2025-03-26T13:46:58.436+0000] {docker.py:69} INFO -     ["contador
[2025-03-26T13:46:58.437+0000] {docker.py:69} INFO - "]=>
[2025-03-26T13:46:58.438+0000] {docker.py:69} INFO -     int(1)
[2025-03-26T13:46:58.438+0000] {docker.py:69} INFO -     ["container"]=>
[2025-03-26T13:46:58.439+0000] {docker.py:69} INFO - string(8) "
[2025-03-26T13:46:58.441+0000] {docker.py:69} INFO - php-app1
[2025-03-26T13:46:58.441+0000] {docker.py:69} INFO - "
[2025-03-26T13:46:58.442+0000] {docker.py:69} INFO -     [
[2025-03-26T13:46:58.464+0000] {docker.py:69} INFO - "
[2025-03-26T13:46:58.464+0000] {docker.py:69} INFO - timestamp
[2025-03-26T13:46:58.465+0000] {docker.py:69} INFO - "
[2025-03-26T13:46:58.465+0000] {docker.py:69} INFO - ]=>
[2025-03-26T13:46:58.466+0000] {docker.py:69} INFO - 
[2025-03-26T13:46:58.487+0000] {docker.py:69} INFO - int(1742996311)
[2025-03-26T13:46:58.490+0000] {docker.py:69} INFO - 
[2025-03-26T13:46:58.507+0000] {docker.py:69} INFO - }
[2025-03-26T13:46:58.511+0000] {docker.py:69} INFO -   [21]=>
[2025-03-26T13:46:58.512+0000] {docker.py:69} INFO - 
[2025-03-26T13:46:58.516+0000] {docker.py:69} INFO - object(stdClass)#23 (3) {
[2025-03-26T13:46:58.520+0000] {docker.py:69} INFO -     [
[2025-03-26T13:46:58.521+0000] {docker.py:69} INFO - "
[2025-03-26T13:46:58.581+0000] {docker.py:69} INFO - contador
[2025-03-26T13:46:58.582+0000] {docker.py:69} INFO - "
[2025-03-26T13:46:58.593+0000] {docker.py:69} INFO - ]=>
[2025-03-26T13:46:58.734+0000] {docker.py:69} INFO - 
[2025-03-26T13:46:58.786+0000] {docker.py:69} INFO - int(1)
[2025-03-26T13:46:58.820+0000] {docker.py:69} INFO -     [
[2025-03-26T13:46:58.821+0000] {docker.py:69} INFO - "
[2025-03-26T13:46:58.822+0000] {docker.py:69} INFO - container
[2025-03-26T13:46:58.864+0000] {docker.py:69} INFO - "
[2025-03-26T13:46:58.865+0000] {docker.py:69} INFO - ]=>
[2025-03-26T13:46:58.866+0000] {docker.py:69} INFO - 
[2025-03-26T13:46:58.866+0000] {docker.py:69} INFO - string(8) "
[2025-03-26T13:46:58.867+0000] {docker.py:69} INFO - php-app2
[2025-03-26T13:46:58.867+0000] {docker.py:69} INFO - "
[2025-03-26T13:46:58.868+0000] {docker.py:69} INFO -     [
[2025-03-26T13:46:58.868+0000] {docker.py:69} INFO - "
[2025-03-26T13:46:58.869+0000] {docker.py:69} INFO - timestamp
[2025-03-26T13:46:58.870+0000] {docker.py:69} INFO - "
[2025-03-26T13:46:58.870+0000] {docker.py:69} INFO - ]=>
[2025-03-26T13:46:58.871+0000] {docker.py:69} INFO - 
[2025-03-26T13:46:58.871+0000] {docker.py:69} INFO - int(1742996312)
[2025-03-26T13:46:58.872+0000] {docker.py:69} INFO - 
[2025-03-26T13:46:58.872+0000] {docker.py:69} INFO - }
[2025-03-26T13:46:58.873+0000] {docker.py:69} INFO -   [22]=>
[2025-03-26T13:46:58.873+0000] {docker.py:69} INFO - 
[2025-03-26T13:46:58.874+0000] {docker.py:69} INFO - object(stdClass)#24 (3) {
[2025-03-26T13:46:58.874+0000] {docker.py:69} INFO -     [
[2025-03-26T13:46:58.875+0000] {docker.py:69} INFO - "
[2025-03-26T13:46:58.876+0000] {docker.py:69} INFO - contador
[2025-03-26T13:46:58.876+0000] {docker.py:69} INFO - "
[2025-03-26T13:46:58.877+0000] {docker.py:69} INFO - ]=>
[2025-03-26T13:46:58.880+0000] {docker.py:69} INFO - 
[2025-03-26T13:46:58.881+0000] {docker.py:69} INFO - int(1)
[2025-03-26T13:46:58.885+0000] {docker.py:69} INFO -     [
[2025-03-26T13:46:58.886+0000] {docker.py:69} INFO - "
[2025-03-26T13:46:58.890+0000] {docker.py:69} INFO - container
[2025-03-26T13:46:58.891+0000] {docker.py:69} INFO - "
[2025-03-26T13:46:58.891+0000] {docker.py:69} INFO - ]=>
[2025-03-26T13:46:58.948+0000] {docker.py:69} INFO - 
[2025-03-26T13:46:58.949+0000] {docker.py:69} INFO - string(8) "
[2025-03-26T13:46:58.949+0000] {docker.py:69} INFO - php-app1
[2025-03-26T13:46:58.950+0000] {docker.py:69} INFO - "
[2025-03-26T13:46:58.950+0000] {docker.py:69} INFO -     [
[2025-03-26T13:46:58.953+0000] {docker.py:69} INFO - "
[2025-03-26T13:46:58.954+0000] {docker.py:69} INFO - timestamp
[2025-03-26T13:46:58.956+0000] {docker.py:69} INFO - "
[2025-03-26T13:46:58.957+0000] {docker.py:69} INFO - ]=>
[2025-03-26T13:46:58.957+0000] {docker.py:69} INFO - 
[2025-03-26T13:46:58.958+0000] {docker.py:69} INFO - int(1742996313)
[2025-03-26T13:46:58.965+0000] {docker.py:69} INFO - 
[2025-03-26T13:46:58.966+0000] {docker.py:69} INFO - }
[2025-03-26T13:46:58.967+0000] {docker.py:69} INFO -   [23]=>
[2025-03-26T13:46:58.969+0000] {docker.py:69} INFO - 
[2025-03-26T13:46:58.971+0000] {docker.py:69} INFO - object(stdClass)#25 (3) {
[2025-03-26T13:46:58.972+0000] {docker.py:69} INFO -     [
[2025-03-26T13:46:58.973+0000] {docker.py:69} INFO - "
[2025-03-26T13:46:58.973+0000] {docker.py:69} INFO - contador
[2025-03-26T13:46:58.976+0000] {docker.py:69} INFO - "
[2025-03-26T13:46:58.978+0000] {docker.py:69} INFO - ]=>
[2025-03-26T13:46:58.978+0000] {docker.py:69} INFO - 
[2025-03-26T13:46:58.979+0000] {docker.py:69} INFO - int(1)
[2025-03-26T13:46:58.980+0000] {docker.py:69} INFO -     [
[2025-03-26T13:46:58.981+0000] {docker.py:69} INFO - "
[2025-03-26T13:46:58.981+0000] {docker.py:69} INFO - container
[2025-03-26T13:46:58.982+0000] {docker.py:69} INFO - "
[2025-03-26T13:46:58.983+0000] {docker.py:69} INFO - ]=>
[2025-03-26T13:46:58.983+0000] {docker.py:69} INFO - 
[2025-03-26T13:46:58.984+0000] {docker.py:69} INFO - string(8) "
[2025-03-26T13:46:58.985+0000] {docker.py:69} INFO - php-app1
[2025-03-26T13:46:58.986+0000] {docker.py:69} INFO - "
[2025-03-26T13:46:58.999+0000] {docker.py:69} INFO -     [
[2025-03-26T13:46:58.999+0000] {docker.py:69} INFO - "
[2025-03-26T13:46:58.999+0000] {docker.py:69} INFO - timestamp
[2025-03-26T13:46:59.000+0000] {docker.py:69} INFO - "
[2025-03-26T13:46:59.001+0000] {docker.py:69} INFO - ]=>
[2025-03-26T13:46:59.001+0000] {docker.py:69} INFO - 
[2025-03-26T13:46:59.002+0000] {docker.py:69} INFO - int(1742996751)
[2025-03-26T13:46:59.002+0000] {docker.py:69} INFO - 
[2025-03-26T13:46:59.002+0000] {docker.py:69} INFO - }
[2025-03-26T13:46:59.003+0000] {docker.py:69} INFO -   [24]=>
[2025-03-26T13:46:59.003+0000] {docker.py:69} INFO - 
[2025-03-26T13:46:59.005+0000] {docker.py:69} INFO - object(stdClass)#26 (3) {
[2025-03-26T13:46:59.005+0000] {docker.py:69} INFO -     [
[2025-03-26T13:46:59.006+0000] {docker.py:69} INFO - "
[2025-03-26T13:46:59.006+0000] {docker.py:69} INFO - contador
[2025-03-26T13:46:59.006+0000] {docker.py:69} INFO - "
[2025-03-26T13:46:59.007+0000] {docker.py:69} INFO - ]=>
[2025-03-26T13:46:59.007+0000] {docker.py:69} INFO - 
[2025-03-26T13:46:59.008+0000] {docker.py:69} INFO - int(1)
[2025-03-26T13:46:59.008+0000] {docker.py:69} INFO -     [
[2025-03-26T13:46:59.008+0000] {docker.py:69} INFO - "
[2025-03-26T13:46:59.009+0000] {docker.py:69} INFO - container
[2025-03-26T13:46:59.009+0000] {docker.py:69} INFO - "
[2025-03-26T13:46:59.014+0000] {docker.py:69} INFO - ]=>
[2025-03-26T13:46:59.014+0000] {docker.py:69} INFO - 
[2025-03-26T13:46:59.016+0000] {docker.py:69} INFO - string(8) "
[2025-03-26T13:46:59.017+0000] {docker.py:69} INFO - php-app2
[2025-03-26T13:46:59.017+0000] {docker.py:69} INFO - "
[2025-03-26T13:46:59.017+0000] {docker.py:69} INFO -     [
[2025-03-26T13:46:59.019+0000] {docker.py:69} INFO - "
[2025-03-26T13:46:59.019+0000] {docker.py:69} INFO - timestamp
[2025-03-26T13:46:59.020+0000] {docker.py:69} INFO - "
[2025-03-26T13:46:59.020+0000] {docker.py:69} INFO - ]=>
[2025-03-26T13:46:59.021+0000] {docker.py:69} INFO - 
[2025-03-26T13:46:59.027+0000] {docker.py:69} INFO - int(1742996751)
[2025-03-26T13:46:59.028+0000] {docker.py:69} INFO - 
[2025-03-26T13:46:59.043+0000] {docker.py:69} INFO - }
[2025-03-26T13:46:59.043+0000] {docker.py:69} INFO -   [25]=>
[2025-03-26T13:46:59.044+0000] {docker.py:69} INFO - 
[2025-03-26T13:46:59.045+0000] {docker.py:69} INFO - object(stdClass)#27 (3) {
[2025-03-26T13:46:59.045+0000] {docker.py:69} INFO -     ["contador"]=>
[2025-03-26T13:46:59.045+0000] {docker.py:69} INFO -     int(1)
[2025-03-26T13:46:59.046+0000] {docker.py:69} INFO -     ["container"]=>
[2025-03-26T13:46:59.046+0000] {docker.py:69} INFO -     string(8) "
[2025-03-26T13:46:59.047+0000] {docker.py:69} INFO - php-app2
[2025-03-26T13:46:59.047+0000] {docker.py:69} INFO - "
[2025-03-26T13:46:59.048+0000] {docker.py:69} INFO -     [
[2025-03-26T13:46:59.048+0000] {docker.py:69} INFO - "
[2025-03-26T13:46:59.049+0000] {docker.py:69} INFO - timestamp
[2025-03-26T13:46:59.050+0000] {docker.py:69} INFO - "
[2025-03-26T13:46:59.050+0000] {docker.py:69} INFO - ]=>
[2025-03-26T13:46:59.051+0000] {docker.py:69} INFO - 
[2025-03-26T13:46:59.051+0000] {docker.py:69} INFO - int(1742996756)
[2025-03-26T13:46:59.052+0000] {docker.py:69} INFO - 
[2025-03-26T13:46:59.052+0000] {docker.py:69} INFO - }
[2025-03-26T13:46:59.053+0000] {docker.py:69} INFO -   [26]=>
[2025-03-26T13:46:59.053+0000] {docker.py:69} INFO - 
[2025-03-26T13:46:59.054+0000] {docker.py:69} INFO - object(stdClass)#28 (3) {
[2025-03-26T13:46:59.054+0000] {docker.py:69} INFO -     [
[2025-03-26T13:46:59.055+0000] {docker.py:69} INFO - "
[2025-03-26T13:46:59.055+0000] {docker.py:69} INFO - contador
[2025-03-26T13:46:59.056+0000] {docker.py:69} INFO - "
[2025-03-26T13:46:59.056+0000] {docker.py:69} INFO - ]=>
[2025-03-26T13:46:59.057+0000] {docker.py:69} INFO - 
[2025-03-26T13:46:59.057+0000] {docker.py:69} INFO - int(1)
[2025-03-26T13:46:59.062+0000] {docker.py:69} INFO -     [
[2025-03-26T13:46:59.063+0000] {docker.py:69} INFO - "
[2025-03-26T13:46:59.063+0000] {docker.py:69} INFO - container
[2025-03-26T13:46:59.064+0000] {docker.py:69} INFO - "
[2025-03-26T13:46:59.064+0000] {docker.py:69} INFO - ]=>
[2025-03-26T13:46:59.065+0000] {docker.py:69} INFO - 
[2025-03-26T13:46:59.068+0000] {docker.py:69} INFO - string(8) "
[2025-03-26T13:46:59.087+0000] {docker.py:69} INFO - php-app1
[2025-03-26T13:46:59.089+0000] {docker.py:69} INFO - "
[2025-03-26T13:46:59.158+0000] {docker.py:69} INFO -     [
[2025-03-26T13:46:59.159+0000] {docker.py:69} INFO - "
[2025-03-26T13:46:59.159+0000] {docker.py:69} INFO - timestamp
[2025-03-26T13:46:59.159+0000] {docker.py:69} INFO - "
[2025-03-26T13:46:59.160+0000] {docker.py:69} INFO - ]=>
[2025-03-26T13:46:59.193+0000] {docker.py:69} INFO - 
[2025-03-26T13:46:59.194+0000] {docker.py:69} INFO - int(1742996756)
[2025-03-26T13:46:59.207+0000] {docker.py:69} INFO - 
[2025-03-26T13:46:59.208+0000] {docker.py:69} INFO - }
[2025-03-26T13:46:59.235+0000] {docker.py:69} INFO -   [27]=>
[2025-03-26T13:46:59.235+0000] {docker.py:69} INFO - 
[2025-03-26T13:46:59.236+0000] {docker.py:69} INFO - object(stdClass)#29 (3) {
[2025-03-26T13:46:59.236+0000] {docker.py:69} INFO -     [
[2025-03-26T13:46:59.252+0000] {docker.py:69} INFO - "
[2025-03-26T13:46:59.253+0000] {docker.py:69} INFO - contador
[2025-03-26T13:46:59.357+0000] {docker.py:69} INFO - "
[2025-03-26T13:46:59.358+0000] {docker.py:69} INFO - ]=>
[2025-03-26T13:46:59.358+0000] {docker.py:69} INFO - 
[2025-03-26T13:46:59.367+0000] {docker.py:69} INFO - int(1)
[2025-03-26T13:46:59.472+0000] {docker.py:69} INFO -     [
[2025-03-26T13:46:59.473+0000] {docker.py:69} INFO - "
[2025-03-26T13:46:59.475+0000] {docker.py:69} INFO - container
[2025-03-26T13:46:59.476+0000] {docker.py:69} INFO - "
[2025-03-26T13:46:59.507+0000] {docker.py:69} INFO - ]=>
[2025-03-26T13:46:59.554+0000] {docker.py:69} INFO - 
[2025-03-26T13:46:59.558+0000] {docker.py:69} INFO - string(8) "
[2025-03-26T13:46:59.561+0000] {docker.py:69} INFO - php-app1
[2025-03-26T13:46:59.564+0000] {docker.py:69} INFO - "
[2025-03-26T13:46:59.565+0000] {docker.py:69} INFO -     [
[2025-03-26T13:46:59.566+0000] {docker.py:69} INFO - "
[2025-03-26T13:46:59.569+0000] {docker.py:69} INFO - timestamp
[2025-03-26T13:46:59.570+0000] {docker.py:69} INFO - "
[2025-03-26T13:46:59.571+0000] {docker.py:69} INFO - ]=>
[2025-03-26T13:46:59.579+0000] {docker.py:69} INFO - 
[2025-03-26T13:46:59.580+0000] {docker.py:69} INFO - int(1742996757)
[2025-03-26T13:46:59.618+0000] {docker.py:69} INFO - 
[2025-03-26T13:46:59.619+0000] {docker.py:69} INFO - }
[2025-03-26T13:46:59.622+0000] {docker.py:69} INFO -   [28]=>
[2025-03-26T13:46:59.623+0000] {docker.py:69} INFO - 
[2025-03-26T13:46:59.623+0000] {docker.py:69} INFO - object(stdClass)#30 (3) {
[2025-03-26T13:46:59.624+0000] {docker.py:69} INFO -     [
[2025-03-26T13:46:59.627+0000] {docker.py:69} INFO - "
[2025-03-26T13:46:59.628+0000] {docker.py:69} INFO - contador
[2025-03-26T13:46:59.628+0000] {docker.py:69} INFO - "
[2025-03-26T13:46:59.629+0000] {docker.py:69} INFO - ]=>
[2025-03-26T13:46:59.629+0000] {docker.py:69} INFO - 
[2025-03-26T13:46:59.629+0000] {docker.py:69} INFO - int(1)
[2025-03-26T13:46:59.630+0000] {docker.py:69} INFO -     [
[2025-03-26T13:46:59.630+0000] {docker.py:69} INFO - "
[2025-03-26T13:46:59.631+0000] {docker.py:69} INFO - container
[2025-03-26T13:46:59.631+0000] {docker.py:69} INFO - "
[2025-03-26T13:46:59.637+0000] {docker.py:69} INFO - ]=>
[2025-03-26T13:46:59.639+0000] {docker.py:69} INFO - 
[2025-03-26T13:46:59.639+0000] {docker.py:69} INFO - string(8) "
[2025-03-26T13:46:59.640+0000] {docker.py:69} INFO - php-app2
[2025-03-26T13:46:59.640+0000] {docker.py:69} INFO - "
[2025-03-26T13:46:59.641+0000] {docker.py:69} INFO -     [
[2025-03-26T13:46:59.641+0000] {docker.py:69} INFO - "
[2025-03-26T13:46:59.641+0000] {docker.py:69} INFO - timestamp
[2025-03-26T13:46:59.642+0000] {docker.py:69} INFO - "
[2025-03-26T13:46:59.642+0000] {docker.py:69} INFO - ]=>
[2025-03-26T13:46:59.643+0000] {docker.py:69} INFO - 
[2025-03-26T13:46:59.643+0000] {docker.py:69} INFO - int(1742996757)
[2025-03-26T13:46:59.644+0000] {docker.py:69} INFO - 
[2025-03-26T13:46:59.644+0000] {docker.py:69} INFO - }
[2025-03-26T13:46:59.645+0000] {docker.py:69} INFO -   [29]=>
[2025-03-26T13:46:59.645+0000] {docker.py:69} INFO - 
[2025-03-26T13:46:59.646+0000] {docker.py:69} INFO - object(stdClass)#31 (3) {
[2025-03-26T13:46:59.646+0000] {docker.py:69} INFO -     [
[2025-03-26T13:46:59.647+0000] {docker.py:69} INFO - "
[2025-03-26T13:46:59.647+0000] {docker.py:69} INFO - contador
[2025-03-26T13:46:59.647+0000] {docker.py:69} INFO - "
[2025-03-26T13:46:59.648+0000] {docker.py:69} INFO - ]=>
[2025-03-26T13:46:59.648+0000] {docker.py:69} INFO - 
[2025-03-26T13:46:59.649+0000] {docker.py:69} INFO - int(1)
[2025-03-26T13:46:59.650+0000] {docker.py:69} INFO -     [
[2025-03-26T13:46:59.651+0000] {docker.py:69} INFO - "
[2025-03-26T13:46:59.651+0000] {docker.py:69} INFO - container
[2025-03-26T13:46:59.652+0000] {docker.py:69} INFO - "
[2025-03-26T13:46:59.652+0000] {docker.py:69} INFO - ]=>
[2025-03-26T13:46:59.655+0000] {docker.py:69} INFO - 
[2025-03-26T13:46:59.656+0000] {docker.py:69} INFO - string(8) "
[2025-03-26T13:46:59.656+0000] {docker.py:69} INFO - php-app2
[2025-03-26T13:46:59.657+0000] {docker.py:69} INFO - "
[2025-03-26T13:46:59.660+0000] {docker.py:69} INFO -     ["timestamp"]=>
[2025-03-26T13:46:59.660+0000] {docker.py:69} INFO -     int(1742996758)
[2025-03-26T13:46:59.661+0000] {docker.py:69} INFO -   }
[2025-03-26T13:46:59.661+0000] {docker.py:69} INFO -   [30]=>
[2025-03-26T13:46:59.661+0000] {docker.py:69} INFO -   object(stdClass)#32 (3) {
[2025-03-26T13:46:59.662+0000] {docker.py:69} INFO -     ["contador"]=>
[2025-03-26T13:46:59.663+0000] {docker.py:69} INFO -     int(1)
[2025-03-26T13:46:59.663+0000] {docker.py:69} INFO -     ["container"]=>
[2025-03-26T13:46:59.664+0000] {docker.py:69} INFO -     string(8) "php-app1"
[2025-03-26T13:46:59.664+0000] {docker.py:69} INFO -     ["timestamp"]=>
[2025-03-26T13:46:59.664+0000] {docker.py:69} INFO -     int(1742996760)
[2025-03-26T13:46:59.665+0000] {docker.py:69} INFO -   }
[2025-03-26T13:46:59.665+0000] {docker.py:69} INFO -   [31]=>
[2025-03-26T13:46:59.669+0000] {docker.py:69} INFO -   object(stdClass)#33 (3) {
[2025-03-26T13:46:59.669+0000] {docker.py:69} INFO -     ["contador"]=>
[2025-03-26T13:46:59.670+0000] {docker.py:69} INFO -     int(1)
[2025-03-26T13:46:59.670+0000] {docker.py:69} INFO -     ["container"]=>
[2025-03-26T13:46:59.671+0000] {docker.py:69} INFO -     string(8) "php-app2"
[2025-03-26T13:46:59.673+0000] {docker.py:69} INFO -     ["timestamp"]=>
[2025-03-26T13:46:59.674+0000] {docker.py:69} INFO -     int(1742996760)
[2025-03-26T13:46:59.675+0000] {docker.py:69} INFO -   }
[2025-03-26T13:46:59.677+0000] {docker.py:69} INFO -   [32]=>
[2025-03-26T13:46:59.678+0000] {docker.py:69} INFO -   object(stdClass)#34 (3) {
[2025-03-26T13:46:59.678+0000] {docker.py:69} INFO -     ["contador"]=>
[2025-03-26T13:46:59.679+0000] {docker.py:69} INFO -     int(1)
[2025-03-26T13:46:59.679+0000] {docker.py:69} INFO -     ["container"]=>
[2025-03-26T13:46:59.679+0000] {docker.py:69} INFO -     string(8) "php-app2"
[2025-03-26T13:46:59.680+0000] {docker.py:69} INFO -     ["timestamp"]=>
[2025-03-26T13:46:59.680+0000] {docker.py:69} INFO -     int(1742996761)
[2025-03-26T13:46:59.681+0000] {docker.py:69} INFO -   }
[2025-03-26T13:46:59.682+0000] {docker.py:69} INFO -   [33]=>
[2025-03-26T13:46:59.683+0000] {docker.py:69} INFO -   object(stdClass)#35 (3) {
[2025-03-26T13:46:59.686+0000] {docker.py:69} INFO -     ["contador"]=>
[2025-03-26T13:46:59.688+0000] {docker.py:69} INFO -     int(1)
[2025-03-26T13:46:59.689+0000] {docker.py:69} INFO -     ["container"]=>
[2025-03-26T13:46:59.689+0000] {docker.py:69} INFO -     string(8) "php-app1"
[2025-03-26T13:46:59.690+0000] {docker.py:69} INFO -     ["timestamp"]=>
[2025-03-26T13:46:59.690+0000] {docker.py:69} INFO -     int(1742996762)
[2025-03-26T13:46:59.691+0000] {docker.py:69} INFO -   }
[2025-03-26T13:46:59.692+0000] {docker.py:69} INFO -   [34]=>
[2025-03-26T13:46:59.692+0000] {docker.py:69} INFO -   object(stdClass)#36 (3) {
[2025-03-26T13:46:59.692+0000] {docker.py:69} INFO -     ["contador"]=>
[2025-03-26T13:46:59.693+0000] {docker.py:69} INFO -     int(1)
[2025-03-26T13:46:59.693+0000] {docker.py:69} INFO -     ["container"]=>
[2025-03-26T13:46:59.693+0000] {docker.py:69} INFO -     string(8) "php-app2"
[2025-03-26T13:46:59.694+0000] {docker.py:69} INFO -     ["timestamp"]=>
[2025-03-26T13:46:59.694+0000] {docker.py:69} INFO -     int(1742996762)
[2025-03-26T13:46:59.694+0000] {docker.py:69} INFO -   }
[2025-03-26T13:46:59.695+0000] {docker.py:69} INFO -   [35]=>
[2025-03-26T13:46:59.695+0000] {docker.py:69} INFO -   object(stdClass)#37 (3) {
[2025-03-26T13:46:59.695+0000] {docker.py:69} INFO -     ["contador"]=>
[2025-03-26T13:46:59.695+0000] {docker.py:69} INFO -     int(1)
[2025-03-26T13:46:59.696+0000] {docker.py:69} INFO -     ["container"]=>
[2025-03-26T13:46:59.696+0000] {docker.py:69} INFO -     string(8) "php-app1"
[2025-03-26T13:46:59.696+0000] {docker.py:69} INFO -     ["timestamp"]=>
[2025-03-26T13:46:59.697+0000] {docker.py:69} INFO -     int(1742996763)
[2025-03-26T13:46:59.697+0000] {docker.py:69} INFO -   }
[2025-03-26T13:46:59.697+0000] {docker.py:69} INFO -   [36]=>
[2025-03-26T13:46:59.698+0000] {docker.py:69} INFO -   object(stdClass)#38 (3) {
[2025-03-26T13:46:59.698+0000] {docker.py:69} INFO -     ["contador"]=>
[2025-03-26T13:46:59.699+0000] {docker.py:69} INFO -     int(1)
[2025-03-26T13:46:59.699+0000] {docker.py:69} INFO -     ["container"]=>
[2025-03-26T13:46:59.700+0000] {docker.py:69} INFO -     string(8) "php-app1"
[2025-03-26T13:46:59.700+0000] {docker.py:69} INFO -     ["timestamp"]=>
[2025-03-26T13:46:59.700+0000] {docker.py:69} INFO -     int(1742996763)
[2025-03-26T13:46:59.701+0000] {docker.py:69} INFO -   }
[2025-03-26T13:46:59.701+0000] {docker.py:69} INFO -   [37]=>
[2025-03-26T13:46:59.702+0000] {docker.py:69} INFO -   object(stdClass)#39 (3) {
[2025-03-26T13:46:59.702+0000] {docker.py:69} INFO -     ["contador"]=>
[2025-03-26T13:46:59.702+0000] {docker.py:69} INFO -     int(1)
[2025-03-26T13:46:59.703+0000] {docker.py:69} INFO -     ["container"]=>
[2025-03-26T13:46:59.703+0000] {docker.py:69} INFO -     string(8) "php-app2"
[2025-03-26T13:46:59.703+0000] {docker.py:69} INFO -     ["timestamp"]=>
[2025-03-26T13:46:59.704+0000] {docker.py:69} INFO -     int(1742996771)
[2025-03-26T13:46:59.709+0000] {docker.py:69} INFO -   }
[2025-03-26T13:46:59.709+0000] {docker.py:69} INFO -   [38]=>
[2025-03-26T13:46:59.710+0000] {docker.py:69} INFO -   object(stdClass)#40 (3) {
[2025-03-26T13:46:59.710+0000] {docker.py:69} INFO -     ["contador"]=>
[2025-03-26T13:46:59.711+0000] {docker.py:69} INFO -     int(1)
[2025-03-26T13:46:59.711+0000] {docker.py:69} INFO -     ["container"]=>
[2025-03-26T13:46:59.711+0000] {docker.py:69} INFO -     string(8) "php-app2"
[2025-03-26T13:46:59.712+0000] {docker.py:69} INFO -     ["timestamp"]=>
[2025-03-26T13:46:59.712+0000] {docker.py:69} INFO -     int(1742996773)
[2025-03-26T13:46:59.712+0000] {docker.py:69} INFO -   }
[2025-03-26T13:46:59.713+0000] {docker.py:69} INFO -   [39]=>
[2025-03-26T13:46:59.713+0000] {docker.py:69} INFO -   object(stdClass)#41 (3) {
[2025-03-26T13:46:59.725+0000] {docker.py:69} INFO -     ["contador"]=>
[2025-03-26T13:46:59.726+0000] {docker.py:69} INFO -     int(1)
[2025-03-26T13:46:59.726+0000] {docker.py:69} INFO -     ["container"]=>
[2025-03-26T13:46:59.727+0000] {docker.py:69} INFO -     string(8) "php-app1"
[2025-03-26T13:46:59.727+0000] {docker.py:69} INFO -     ["timestamp"]=>
[2025-03-26T13:46:59.727+0000] {docker.py:69} INFO -     int(1742996773)
[2025-03-26T13:46:59.728+0000] {docker.py:69} INFO -   }
[2025-03-26T13:46:59.728+0000] {docker.py:69} INFO -   [40]=>
[2025-03-26T13:46:59.729+0000] {docker.py:69} INFO -   object(stdClass)#42 (3) {
[2025-03-26T13:46:59.729+0000] {docker.py:69} INFO -     ["contador"]=>
[2025-03-26T13:46:59.730+0000] {docker.py:69} INFO -     int(1)
[2025-03-26T13:46:59.730+0000] {docker.py:69} INFO -     ["container"]=>
[2025-03-26T13:46:59.730+0000] {docker.py:69} INFO -     string(8) "php-app1"
[2025-03-26T13:46:59.735+0000] {docker.py:69} INFO -     ["timestamp"]=>
[2025-03-26T13:46:59.736+0000] {docker.py:69} INFO -     int(1742996775)
[2025-03-26T13:46:59.736+0000] {docker.py:69} INFO -   }
[2025-03-26T13:46:59.788+0000] {docker.py:69} INFO -   [41]=>
[2025-03-26T13:46:59.788+0000] {docker.py:69} INFO -   object(stdClass)#43 (3) {
[2025-03-26T13:46:59.789+0000] {docker.py:69} INFO -     ["contador"]=>
[2025-03-26T13:46:59.792+0000] {docker.py:69} INFO -     int(1)
[2025-03-26T13:46:59.793+0000] {docker.py:69} INFO -     ["container"]=>
[2025-03-26T13:46:59.793+0000] {docker.py:69} INFO -     string(8) "php-app2"
[2025-03-26T13:46:59.793+0000] {docker.py:69} INFO -     ["timestamp"]=>
[2025-03-26T13:46:59.794+0000] {docker.py:69} INFO -     int(1742996775)
[2025-03-26T13:46:59.794+0000] {docker.py:69} INFO -   }
[2025-03-26T13:46:59.795+0000] {docker.py:69} INFO -   [42]=>
[2025-03-26T13:46:59.796+0000] {docker.py:69} INFO -   object(stdClass)#44 (3) {
[2025-03-26T13:46:59.797+0000] {docker.py:69} INFO -     ["contador"]=>
[2025-03-26T13:46:59.797+0000] {docker.py:69} INFO -     int(1)
[2025-03-26T13:46:59.798+0000] {docker.py:69} INFO -     ["container"]=>
[2025-03-26T13:46:59.798+0000] {docker.py:69} INFO -     string(8) "php-app2"
[2025-03-26T13:46:59.798+0000] {docker.py:69} INFO -     ["timestamp"]=>
[2025-03-26T13:46:59.799+0000] {docker.py:69} INFO -     int(1742996775)
[2025-03-26T13:46:59.801+0000] {docker.py:69} INFO -   }
[2025-03-26T13:46:59.802+0000] {docker.py:69} INFO -   [43]=>
[2025-03-26T13:46:59.802+0000] {docker.py:69} INFO -   object(stdClass)#45 (3) {
[2025-03-26T13:46:59.802+0000] {docker.py:69} INFO -     ["contador"]=>
[2025-03-26T13:46:59.803+0000] {docker.py:69} INFO -     int(1)
[2025-03-26T13:46:59.803+0000] {docker.py:69} INFO -     ["container"]=>
[2025-03-26T13:46:59.804+0000] {docker.py:69} INFO -     string(8) "php-app1"
[2025-03-26T13:46:59.805+0000] {docker.py:69} INFO -     ["timestamp"]=>
[2025-03-26T13:46:59.806+0000] {docker.py:69} INFO -     int(1742996777)
[2025-03-26T13:46:59.806+0000] {docker.py:69} INFO -   }
[2025-03-26T13:46:59.807+0000] {docker.py:69} INFO -   [44]=>
[2025-03-26T13:46:59.808+0000] {docker.py:69} INFO -   object(stdClass)#46 (3) {
[2025-03-26T13:46:59.810+0000] {docker.py:69} INFO -     ["contador"]=>
[2025-03-26T13:46:59.810+0000] {docker.py:69} INFO -     int(1)
[2025-03-26T13:46:59.811+0000] {docker.py:69} INFO -     ["container"]=>
[2025-03-26T13:46:59.812+0000] {docker.py:69} INFO -     string(8) "php-app1"
[2025-03-26T13:46:59.815+0000] {docker.py:69} INFO -     ["timestamp"]=>
[2025-03-26T13:46:59.815+0000] {docker.py:69} INFO -     int(1742996779)
[2025-03-26T13:46:59.815+0000] {docker.py:69} INFO -   }
[2025-03-26T13:46:59.816+0000] {docker.py:69} INFO -   [45]=>
[2025-03-26T13:46:59.817+0000] {docker.py:69} INFO -   object(stdClass)#47 (3) {
[2025-03-26T13:46:59.818+0000] {docker.py:69} INFO -     ["contador"]=>
[2025-03-26T13:46:59.819+0000] {docker.py:69} INFO -     int(1)
[2025-03-26T13:46:59.819+0000] {docker.py:69} INFO -     ["container"]=>
[2025-03-26T13:46:59.819+0000] {docker.py:69} INFO -     string(8) "php-app2"
[2025-03-26T13:46:59.820+0000] {docker.py:69} INFO -     ["timestamp"]=>
[2025-03-26T13:46:59.821+0000] {docker.py:69} INFO -     int(1742996779)
[2025-03-26T13:46:59.821+0000] {docker.py:69} INFO -   }
[2025-03-26T13:46:59.822+0000] {docker.py:69} INFO -   [46]=>
[2025-03-26T13:46:59.822+0000] {docker.py:69} INFO -   object(stdClass)#48 (3) {
[2025-03-26T13:46:59.823+0000] {docker.py:69} INFO -     ["contador"]=>
[2025-03-26T13:46:59.824+0000] {docker.py:69} INFO -     int(1)
[2025-03-26T13:46:59.824+0000] {docker.py:69} INFO -     ["container"]=>
[2025-03-26T13:46:59.824+0000] {docker.py:69} INFO -     string(8) "php-app1"
[2025-03-26T13:46:59.825+0000] {docker.py:69} INFO -     ["timestamp"]=>
[2025-03-26T13:46:59.825+0000] {docker.py:69} INFO -     int(1742996781)
[2025-03-26T13:46:59.825+0000] {docker.py:69} INFO -   }
[2025-03-26T13:46:59.826+0000] {docker.py:69} INFO -   [47]=>
[2025-03-26T13:46:59.826+0000] {docker.py:69} INFO -   object(stdClass)#49 (3) {
[2025-03-26T13:46:59.827+0000] {docker.py:69} INFO -     ["contador"]=>
[2025-03-26T13:46:59.827+0000] {docker.py:69} INFO -     int(1)
[2025-03-26T13:46:59.828+0000] {docker.py:69} INFO -     ["container"]=>
[2025-03-26T13:46:59.828+0000] {docker.py:69} INFO -     string(8) "php-app1"
[2025-03-26T13:46:59.828+0000] {docker.py:69} INFO -     ["timestamp"]=>
[2025-03-26T13:46:59.829+0000] {docker.py:69} INFO -     int(1742996781)
[2025-03-26T13:46:59.829+0000] {docker.py:69} INFO -   }
[2025-03-26T13:46:59.833+0000] {docker.py:69} INFO -   [48]=>
[2025-03-26T13:46:59.833+0000] {docker.py:69} INFO -   object(stdClass)#50 (3) {
[2025-03-26T13:46:59.836+0000] {docker.py:69} INFO -     ["contador"]=>
[2025-03-26T13:46:59.837+0000] {docker.py:69} INFO -     int(1)
[2025-03-26T13:46:59.838+0000] {docker.py:69} INFO -     ["container"]=>
[2025-03-26T13:46:59.839+0000] {docker.py:69} INFO -     string(8) "php-app2"
[2025-03-26T13:46:59.839+0000] {docker.py:69} INFO -     ["timestamp"]=>
[2025-03-26T13:46:59.840+0000] {docker.py:69} INFO -     int(1742996781)
[2025-03-26T13:46:59.840+0000] {docker.py:69} INFO -   }
[2025-03-26T13:46:59.841+0000] {docker.py:69} INFO -   [49]=>
[2025-03-26T13:46:59.841+0000] {docker.py:69} INFO -   object(stdClass)#51 (3) {
[2025-03-26T13:46:59.842+0000] {docker.py:69} INFO -     ["contador"]=>
[2025-03-26T13:46:59.842+0000] {docker.py:69} INFO -     int(1)
[2025-03-26T13:46:59.843+0000] {docker.py:69} INFO -     ["container"]=>
[2025-03-26T13:46:59.843+0000] {docker.py:69} INFO -     string(8) "php-app1"
[2025-03-26T13:46:59.843+0000] {docker.py:69} INFO -     ["timestamp"]=>
[2025-03-26T13:46:59.844+0000] {docker.py:69} INFO -     int(1742996783)
[2025-03-26T13:46:59.844+0000] {docker.py:69} INFO -   }
[2025-03-26T13:46:59.845+0000] {docker.py:69} INFO -   [50]=>
[2025-03-26T13:46:59.845+0000] {docker.py:69} INFO -   object(stdClass)#52 (3) {
[2025-03-26T13:46:59.846+0000] {docker.py:69} INFO -     ["contador"]=>
[2025-03-26T13:46:59.846+0000] {docker.py:69} INFO -     int(1)
[2025-03-26T13:46:59.846+0000] {docker.py:69} INFO -     ["container"]=>
[2025-03-26T13:46:59.847+0000] {docker.py:69} INFO -     string(8) "php-app2"
[2025-03-26T13:46:59.847+0000] {docker.py:69} INFO -     ["timestamp"]=>
[2025-03-26T13:46:59.847+0000] {docker.py:69} INFO -     int(1742996783)
[2025-03-26T13:46:59.848+0000] {docker.py:69} INFO -   }
[2025-03-26T13:46:59.848+0000] {docker.py:69} INFO -   [51]=>
[2025-03-26T13:46:59.848+0000] {docker.py:69} INFO -   object(stdClass)#53 (3) {
[2025-03-26T13:46:59.849+0000] {docker.py:69} INFO -     ["contador"]=>
[2025-03-26T13:46:59.849+0000] {docker.py:69} INFO -     int(1)
[2025-03-26T13:46:59.850+0000] {docker.py:69} INFO -     ["container"]=>
[2025-03-26T13:46:59.850+0000] {docker.py:69} INFO -     string(8) "php-app1"
[2025-03-26T13:46:59.850+0000] {docker.py:69} INFO -     ["timestamp"]=>
[2025-03-26T13:46:59.851+0000] {docker.py:69} INFO -     int(1742996783)
[2025-03-26T13:46:59.851+0000] {docker.py:69} INFO -   }
[2025-03-26T13:46:59.851+0000] {docker.py:69} INFO -   [52]=>
[2025-03-26T13:46:59.852+0000] {docker.py:69} INFO -   object(stdClass)#54 (3) {
[2025-03-26T13:46:59.852+0000] {docker.py:69} INFO -     ["contador"]=>
[2025-03-26T13:46:59.853+0000] {docker.py:69} INFO -     int(1)
[2025-03-26T13:46:59.853+0000] {docker.py:69} INFO -     ["container"]=>
[2025-03-26T13:46:59.853+0000] {docker.py:69} INFO -     string(8) "php-app2"
[2025-03-26T13:46:59.854+0000] {docker.py:69} INFO -     ["timestamp"]=>
[2025-03-26T13:46:59.854+0000] {docker.py:69} INFO -     int(1742996785)
[2025-03-26T13:46:59.855+0000] {docker.py:69} INFO -   }
[2025-03-26T13:46:59.855+0000] {docker.py:69} INFO -   [53]=>
[2025-03-26T13:46:59.855+0000] {docker.py:69} INFO -   object(stdClass)#55 (3) {
[2025-03-26T13:46:59.856+0000] {docker.py:69} INFO -     ["contador"]=>
[2025-03-26T13:46:59.856+0000] {docker.py:69} INFO -     int(1)
[2025-03-26T13:46:59.857+0000] {docker.py:69} INFO -     ["container"]=>
[2025-03-26T13:46:59.857+0000] {docker.py:69} INFO -     string(8) "php-app2"
[2025-03-26T13:46:59.857+0000] {docker.py:69} INFO -     ["timestamp"]=>
[2025-03-26T13:46:59.858+0000] {docker.py:69} INFO -     int(1742996789)
[2025-03-26T13:46:59.858+0000] {docker.py:69} INFO -   }
[2025-03-26T13:46:59.858+0000] {docker.py:69} INFO -   [54]=>
[2025-03-26T13:46:59.859+0000] {docker.py:69} INFO -   object(stdClass)#56 (3) {
[2025-03-26T13:46:59.859+0000] {docker.py:69} INFO -     ["contador"]=>
[2025-03-26T13:46:59.859+0000] {docker.py:69} INFO -     int(1)
[2025-03-26T13:46:59.860+0000] {docker.py:69} INFO -     ["container"]=>
[2025-03-26T13:46:59.860+0000] {docker.py:69} INFO -     string(8) "php-app1"
[2025-03-26T13:46:59.861+0000] {docker.py:69} INFO -     ["timestamp"]=>
[2025-03-26T13:46:59.861+0000] {docker.py:69} INFO -     int(1742996790)
[2025-03-26T13:46:59.861+0000] {docker.py:69} INFO -   }
[2025-03-26T13:46:59.862+0000] {docker.py:69} INFO -   [55]=>
[2025-03-26T13:46:59.862+0000] {docker.py:69} INFO -   object(stdClass)#57 (3) {
[2025-03-26T13:46:59.863+0000] {docker.py:69} INFO -     ["contador"]=>
[2025-03-26T13:46:59.863+0000] {docker.py:69} INFO -     int(1)
[2025-03-26T13:46:59.863+0000] {docker.py:69} INFO -     ["container"]=>
[2025-03-26T13:46:59.864+0000] {docker.py:69} INFO -     string(8) "php-app1"
[2025-03-26T13:46:59.864+0000] {docker.py:69} INFO -     ["timestamp"]=>
[2025-03-26T13:46:59.864+0000] {docker.py:69} INFO -     int(1742996790)
[2025-03-26T13:46:59.865+0000] {docker.py:69} INFO -   }
[2025-03-26T13:46:59.865+0000] {docker.py:69} INFO -   [56]=>
[2025-03-26T13:46:59.866+0000] {docker.py:69} INFO -   object(stdClass)#58 (3) {
[2025-03-26T13:46:59.866+0000] {docker.py:69} INFO -     ["contador"]=>
[2025-03-26T13:46:59.866+0000] {docker.py:69} INFO -     int(1)
[2025-03-26T13:46:59.867+0000] {docker.py:69} INFO -     ["container"]=>
[2025-03-26T13:46:59.867+0000] {docker.py:69} INFO -     string(8) "php-app2"
[2025-03-26T13:46:59.868+0000] {docker.py:69} INFO -     ["timestamp"]=>
[2025-03-26T13:46:59.868+0000] {docker.py:69} INFO -     int(1742996790)
[2025-03-26T13:46:59.868+0000] {docker.py:69} INFO -   }
[2025-03-26T13:46:59.869+0000] {docker.py:69} INFO -   [57]=>
[2025-03-26T13:46:59.870+0000] {docker.py:69} INFO -   object(stdClass)#59 (3) {
[2025-03-26T13:46:59.870+0000] {docker.py:69} INFO -     ["contador"]=>
[2025-03-26T13:46:59.870+0000] {docker.py:69} INFO -     int(1)
[2025-03-26T13:46:59.871+0000] {docker.py:69} INFO -     ["container"]=>
[2025-03-26T13:46:59.871+0000] {docker.py:69} INFO -     string(8) "php-app2"
[2025-03-26T13:46:59.872+0000] {docker.py:69} INFO -     ["timestamp"]=>
[2025-03-26T13:46:59.872+0000] {docker.py:69} INFO -     int(1742996791)
[2025-03-26T13:46:59.872+0000] {docker.py:69} INFO -   }
[2025-03-26T13:46:59.873+0000] {docker.py:69} INFO -   [58]=>
[2025-03-26T13:46:59.873+0000] {docker.py:69} INFO -   object(stdClass)#60 (3) {
[2025-03-26T13:46:59.874+0000] {docker.py:69} INFO -     ["contador"]=>
[2025-03-26T13:46:59.874+0000] {docker.py:69} INFO -     int(1)
[2025-03-26T13:46:59.875+0000] {docker.py:69} INFO -     ["container"]=>
[2025-03-26T13:46:59.875+0000] {docker.py:69} INFO -     string(8) "php-app1"
[2025-03-26T13:46:59.876+0000] {docker.py:69} INFO -     ["timestamp"]=>
[2025-03-26T13:46:59.876+0000] {docker.py:69} INFO -     int(1742996792)
[2025-03-26T13:46:59.877+0000] {docker.py:69} INFO -   }
[2025-03-26T13:46:59.877+0000] {docker.py:69} INFO -   [59]=>
[2025-03-26T13:46:59.878+0000] {docker.py:69} INFO -   object(stdClass)#61 (3) {
[2025-03-26T13:46:59.878+0000] {docker.py:69} INFO -     ["contador"]=>
[2025-03-26T13:46:59.878+0000] {docker.py:69} INFO -     int(1)
[2025-03-26T13:46:59.879+0000] {docker.py:69} INFO -     ["container"]=>
[2025-03-26T13:46:59.879+0000] {docker.py:69} INFO -     string(8) "php-app1"
[2025-03-26T13:46:59.880+0000] {docker.py:69} INFO -     ["timestamp"]=>
[2025-03-26T13:46:59.880+0000] {docker.py:69} INFO -     int(1742996793)
[2025-03-26T13:46:59.881+0000] {docker.py:69} INFO -   }
[2025-03-26T13:46:59.894+0000] {docker.py:69} INFO -   [60]=>
[2025-03-26T13:46:59.895+0000] {docker.py:69} INFO -   object(stdClass)#62 (3) {
[2025-03-26T13:46:59.895+0000] {docker.py:69} INFO -     ["contador"]=>
[2025-03-26T13:46:59.895+0000] {docker.py:69} INFO -     int(1)
[2025-03-26T13:46:59.896+0000] {docker.py:69} INFO -     ["container"]=>
[2025-03-26T13:46:59.897+0000] {docker.py:69} INFO -     string(8) "php-app2"
[2025-03-26T13:46:59.900+0000] {docker.py:69} INFO -     ["timestamp"]=>
[2025-03-26T13:46:59.900+0000] {docker.py:69} INFO -     int(1742996794)
[2025-03-26T13:46:59.901+0000] {docker.py:69} INFO -   }
[2025-03-26T13:46:59.901+0000] {docker.py:69} INFO -   [61]=>
[2025-03-26T13:46:59.905+0000] {docker.py:69} INFO -   object(stdClass)#63 (3) {
[2025-03-26T13:46:59.906+0000] {docker.py:69} INFO -     ["contador"]=>
[2025-03-26T13:46:59.908+0000] {docker.py:69} INFO -     int(1)
[2025-03-26T13:46:59.910+0000] {docker.py:69} INFO -     ["container"]=>
[2025-03-26T13:46:59.911+0000] {docker.py:69} INFO -     string(8) "php-app1"
[2025-03-26T13:46:59.912+0000] {docker.py:69} INFO -     ["timestamp"]=>
[2025-03-26T13:46:59.912+0000] {docker.py:69} INFO -     int(1742996795)
[2025-03-26T13:46:59.913+0000] {docker.py:69} INFO -   }
[2025-03-26T13:46:59.913+0000] {docker.py:69} INFO -   [62]=>
[2025-03-26T13:46:59.914+0000] {docker.py:69} INFO -   object(stdClass)#64 (3) {
[2025-03-26T13:46:59.917+0000] {docker.py:69} INFO -     ["contador"]=>
[2025-03-26T13:46:59.918+0000] {docker.py:69} INFO -     int(1)
[2025-03-26T13:46:59.918+0000] {docker.py:69} INFO -     ["container"]=>
[2025-03-26T13:46:59.919+0000] {docker.py:69} INFO -     string(8) "php-app1"
[2025-03-26T13:46:59.919+0000] {docker.py:69} INFO -     ["timestamp"]=>
[2025-03-26T13:46:59.920+0000] {docker.py:69} INFO -     int(1742996797)
[2025-03-26T13:46:59.920+0000] {docker.py:69} INFO -   }
[2025-03-26T13:46:59.920+0000] {docker.py:69} INFO -   [63]=>
[2025-03-26T13:46:59.921+0000] {docker.py:69} INFO -   object(stdClass)#65 (3) {
[2025-03-26T13:46:59.923+0000] {docker.py:69} INFO -     ["contador"]=>
[2025-03-26T13:46:59.924+0000] {docker.py:69} INFO -     int(1)
[2025-03-26T13:46:59.924+0000] {docker.py:69} INFO -     ["container"]=>
[2025-03-26T13:46:59.924+0000] {docker.py:69} INFO -     string(8) "php-app2"
[2025-03-26T13:46:59.925+0000] {docker.py:69} INFO -     ["timestamp"]=>
[2025-03-26T13:46:59.938+0000] {docker.py:69} INFO -     int(1742996797)
[2025-03-26T13:46:59.940+0000] {docker.py:69} INFO -   }
[2025-03-26T13:46:59.940+0000] {docker.py:69} INFO -   [64]=>
[2025-03-26T13:46:59.941+0000] {docker.py:69} INFO -   object(stdClass)#66 (3) {
[2025-03-26T13:46:59.944+0000] {docker.py:69} INFO -     ["contador"]=>
[2025-03-26T13:46:59.974+0000] {docker.py:69} INFO -     int(1)
[2025-03-26T13:46:59.977+0000] {docker.py:69} INFO -     ["container"]=>
[2025-03-26T13:46:59.992+0000] {docker.py:69} INFO -     string(8) "php-app2"
[2025-03-26T13:46:59.995+0000] {docker.py:69} INFO -     ["timestamp"]=>
[2025-03-26T13:46:59.996+0000] {docker.py:69} INFO -     int(1742996797)
[2025-03-26T13:46:59.996+0000] {docker.py:69} INFO -   }
[2025-03-26T13:46:59.997+0000] {docker.py:69} INFO -   [65]=>
[2025-03-26T13:46:59.998+0000] {docker.py:69} INFO -   object(stdClass)#67 (3) {
[2025-03-26T13:46:59.998+0000] {docker.py:69} INFO -     ["contador"]=>
[2025-03-26T13:46:59.999+0000] {docker.py:69} INFO -     int(1)
[2025-03-26T13:47:00.000+0000] {docker.py:69} INFO -     ["container"]=>
[2025-03-26T13:47:00.000+0000] {docker.py:69} INFO -     string(8) "php-app1"
[2025-03-26T13:47:00.001+0000] {docker.py:69} INFO -     ["timestamp"]=>
[2025-03-26T13:47:00.002+0000] {docker.py:69} INFO -     int(1742996804)
[2025-03-26T13:47:00.003+0000] {docker.py:69} INFO -   }
[2025-03-26T13:47:00.004+0000] {docker.py:69} INFO -   [66]=>
[2025-03-26T13:47:00.004+0000] {docker.py:69} INFO -   object(stdClass)#68 (3) {
[2025-03-26T13:47:00.004+0000] {docker.py:69} INFO -     ["contador"]=>
[2025-03-26T13:47:00.005+0000] {docker.py:69} INFO -     int(1)
[2025-03-26T13:47:00.005+0000] {docker.py:69} INFO -     ["container"]=>
[2025-03-26T13:47:00.006+0000] {docker.py:69} INFO -     string(8) "php-app2"
[2025-03-26T13:47:00.006+0000] {docker.py:69} INFO -     ["timestamp"]=>
[2025-03-26T13:47:00.006+0000] {docker.py:69} INFO -     int(1742996806)
[2025-03-26T13:47:00.007+0000] {docker.py:69} INFO -   }
[2025-03-26T13:47:00.007+0000] {docker.py:69} INFO -   [67]=>
[2025-03-26T13:47:00.008+0000] {docker.py:69} INFO -   object(stdClass)#69 (3) {
[2025-03-26T13:47:00.008+0000] {docker.py:69} INFO -     ["contador"]=>
[2025-03-26T13:47:00.009+0000] {docker.py:69} INFO -     int(1)
[2025-03-26T13:47:00.009+0000] {docker.py:69} INFO -     ["container"]=>
[2025-03-26T13:47:00.010+0000] {docker.py:69} INFO -     string(8) "php-app2"
[2025-03-26T13:47:00.011+0000] {docker.py:69} INFO -     ["timestamp"]=>
[2025-03-26T13:47:00.011+0000] {docker.py:69} INFO -     int(1742996807)
[2025-03-26T13:47:00.012+0000] {docker.py:69} INFO -   }
[2025-03-26T13:47:00.013+0000] {docker.py:69} INFO -   [68]=>
[2025-03-26T13:47:00.013+0000] {docker.py:69} INFO -   object(stdClass)#70 (3) {
[2025-03-26T13:47:00.014+0000] {docker.py:69} INFO -     ["contador"]=>
[2025-03-26T13:47:00.014+0000] {docker.py:69} INFO -     int(1)
[2025-03-26T13:47:00.014+0000] {docker.py:69} INFO -     ["container"]=>
[2025-03-26T13:47:00.017+0000] {docker.py:69} INFO -     string(8) "php-app1"
[2025-03-26T13:47:00.019+0000] {docker.py:69} INFO -     ["timestamp"]=>
[2025-03-26T13:47:00.021+0000] {docker.py:69} INFO -     int(1742996807)
[2025-03-26T13:47:00.022+0000] {docker.py:69} INFO -   }
[2025-03-26T13:47:00.023+0000] {docker.py:69} INFO -   [69]=>
[2025-03-26T13:47:00.023+0000] {docker.py:69} INFO -   object(stdClass)#71 (3) {
[2025-03-26T13:47:00.024+0000] {docker.py:69} INFO -     ["contador"]=>
[2025-03-26T13:47:00.028+0000] {docker.py:69} INFO -     int(1)
[2025-03-26T13:47:00.029+0000] {docker.py:69} INFO -     ["container"]=>
[2025-03-26T13:47:00.029+0000] {docker.py:69} INFO -     string(8) "php-app2"
[2025-03-26T13:47:00.029+0000] {docker.py:69} INFO -     ["timestamp"]=>
[2025-03-26T13:47:00.030+0000] {docker.py:69} INFO -     int(1742996809)
[2025-03-26T13:47:00.030+0000] {docker.py:69} INFO -   }
[2025-03-26T13:47:00.030+0000] {docker.py:69} INFO -   [70]=>
[2025-03-26T13:47:00.031+0000] {docker.py:69} INFO -   object(stdClass)#72 (3) {
[2025-03-26T13:47:00.031+0000] {docker.py:69} INFO -     ["contador"]=>
[2025-03-26T13:47:00.032+0000] {docker.py:69} INFO -     int(1)
[2025-03-26T13:47:00.033+0000] {docker.py:69} INFO -     ["container"]=>
[2025-03-26T13:47:00.033+0000] {docker.py:69} INFO -     string(8) "php-app1"
[2025-03-26T13:47:00.034+0000] {docker.py:69} INFO -     ["timestamp"]=>
[2025-03-26T13:47:00.034+0000] {docker.py:69} INFO -     int(1742996810)
[2025-03-26T13:47:00.034+0000] {docker.py:69} INFO -   }
[2025-03-26T13:47:00.035+0000] {docker.py:69} INFO -   [71]=>
[2025-03-26T13:47:00.035+0000] {docker.py:69} INFO -   object(stdClass)#73 (3) {
[2025-03-26T13:47:00.036+0000] {docker.py:69} INFO -     ["contador"]=>
[2025-03-26T13:47:00.036+0000] {docker.py:69} INFO -     int(1)
[2025-03-26T13:47:00.037+0000] {docker.py:69} INFO -     ["container"]=>
[2025-03-26T13:47:00.045+0000] {docker.py:69} INFO -     string(8) "php-app1"
[2025-03-26T13:47:00.045+0000] {docker.py:69} INFO -     ["timestamp"]=>
[2025-03-26T13:47:00.046+0000] {docker.py:69} INFO -     int(1742996812)
[2025-03-26T13:47:00.049+0000] {docker.py:69} INFO -   }
[2025-03-26T13:47:00.050+0000] {docker.py:69} INFO -   [72]=>
[2025-03-26T13:47:00.051+0000] {docker.py:69} INFO -   object(stdClass)#74 (3) {
[2025-03-26T13:47:00.055+0000] {docker.py:69} INFO -     ["contador"]=>
[2025-03-26T13:47:00.055+0000] {docker.py:69} INFO -     int(1)
[2025-03-26T13:47:00.056+0000] {docker.py:69} INFO -     ["container"]=>
[2025-03-26T13:47:00.057+0000] {docker.py:69} INFO -     string(8) "php-app2"
[2025-03-26T13:47:00.057+0000] {docker.py:69} INFO -     ["timestamp"]=>
[2025-03-26T13:47:00.058+0000] {docker.py:69} INFO -     int(1742996813)
[2025-03-26T13:47:00.058+0000] {docker.py:69} INFO -   }
[2025-03-26T13:47:00.059+0000] {docker.py:69} INFO -   [73]=>
[2025-03-26T13:47:00.059+0000] {docker.py:69} INFO -   object(stdClass)#75 (3) {
[2025-03-26T13:47:00.060+0000] {docker.py:69} INFO -     ["contador"]=>
[2025-03-26T13:47:00.060+0000] {docker.py:69} INFO -     int(1)
[2025-03-26T13:47:00.061+0000] {docker.py:69} INFO -     ["container"]=>
[2025-03-26T13:47:00.061+0000] {docker.py:69} INFO -     string(8) "php-app1"
[2025-03-26T13:47:00.062+0000] {docker.py:69} INFO -     ["timestamp"]=>
[2025-03-26T13:47:00.062+0000] {docker.py:69} INFO -     int(1742996813)
[2025-03-26T13:47:00.063+0000] {docker.py:69} INFO -   }
[2025-03-26T13:47:00.063+0000] {docker.py:69} INFO -   [74]=>
[2025-03-26T13:47:00.063+0000] {docker.py:69} INFO -   object(stdClass)#76 (3) {
[2025-03-26T13:47:00.064+0000] {docker.py:69} INFO -     ["contador"]=>
[2025-03-26T13:47:00.068+0000] {docker.py:69} INFO -     int(1)
[2025-03-26T13:47:00.071+0000] {docker.py:69} INFO -     ["container"]=>
[2025-03-26T13:47:00.072+0000] {docker.py:69} INFO -     string(8) "php-app2"
[2025-03-26T13:47:00.073+0000] {docker.py:69} INFO -     ["timestamp"]=>
[2025-03-26T13:47:00.073+0000] {docker.py:69} INFO -     int(1742996815)
[2025-03-26T13:47:00.074+0000] {docker.py:69} INFO -   }
[2025-03-26T13:47:00.074+0000] {docker.py:69} INFO -   [75]=>
[2025-03-26T13:47:00.074+0000] {docker.py:69} INFO -   object(stdClass)#77 (3) {
[2025-03-26T13:47:00.075+0000] {docker.py:69} INFO -     ["contador"]=>
[2025-03-26T13:47:00.075+0000] {docker.py:69} INFO -     int(1)
[2025-03-26T13:47:00.076+0000] {docker.py:69} INFO -     ["container"]=>
[2025-03-26T13:47:00.077+0000] {docker.py:69} INFO -     string(8) "php-app1"
[2025-03-26T13:47:00.077+0000] {docker.py:69} INFO -     ["timestamp"]=>
[2025-03-26T13:47:00.078+0000] {docker.py:69} INFO -     int(1742996816)
[2025-03-26T13:47:00.078+0000] {docker.py:69} INFO -   }
[2025-03-26T13:47:00.079+0000] {docker.py:69} INFO -   [76]=>
[2025-03-26T13:47:00.079+0000] {docker.py:69} INFO -   object(stdClass)#78 (3) {
[2025-03-26T13:47:00.080+0000] {docker.py:69} INFO -     ["contador"]=>
[2025-03-26T13:47:00.084+0000] {docker.py:69} INFO -     int(1)
[2025-03-26T13:47:00.084+0000] {docker.py:69} INFO -     ["container"]=>
[2025-03-26T13:47:00.085+0000] {docker.py:69} INFO -     string(8) "php-app2"
[2025-03-26T13:47:00.095+0000] {docker.py:69} INFO -     ["timestamp"]=>
[2025-03-26T13:47:00.097+0000] {docker.py:69} INFO -     int(1742996816)
[2025-03-26T13:47:00.107+0000] {docker.py:69} INFO -   }
[2025-03-26T13:47:00.108+0000] {docker.py:69} INFO -   [77]=>
[2025-03-26T13:47:00.111+0000] {docker.py:69} INFO -   object(stdClass)#79 (3) {
[2025-03-26T13:47:00.112+0000] {docker.py:69} INFO -     ["contador"]=>
[2025-03-26T13:47:00.112+0000] {docker.py:69} INFO -     int(1)
[2025-03-26T13:47:00.113+0000] {docker.py:69} INFO -     ["container"]=>
[2025-03-26T13:47:00.113+0000] {docker.py:69} INFO -     string(8) "php-app1"
[2025-03-26T13:47:00.114+0000] {docker.py:69} INFO -     ["timestamp"]=>
[2025-03-26T13:47:00.127+0000] {docker.py:69} INFO -     int(1742996816)
[2025-03-26T13:47:00.127+0000] {docker.py:69} INFO -   }
[2025-03-26T13:47:00.128+0000] {docker.py:69} INFO -   [78]=>
[2025-03-26T13:47:00.128+0000] {docker.py:69} INFO -   array(3) {
[2025-03-26T13:47:00.129+0000] {docker.py:69} INFO -     ["contador"]=>
[2025-03-26T13:47:00.277+0000] {docker.py:69} INFO -     int(1)
[2025-03-26T13:47:00.278+0000] {docker.py:69} INFO -     ["container"]=>
[2025-03-26T13:47:00.278+0000] {docker.py:69} INFO -     string(8) "php-app1"
[2025-03-26T13:47:00.279+0000] {docker.py:69} INFO -     ["timestamp"]=>
[2025-03-26T13:47:00.298+0000] {docker.py:69} INFO -     int(1742996817)
[2025-03-26T13:47:00.298+0000] {docker.py:69} INFO -   }
[2025-03-26T13:47:00.299+0000] {docker.py:69} INFO - }
[2025-03-26T13:47:00.949+0000] {taskinstance.py:341} INFO - ::group::Post task execution logs
[2025-03-26T13:47:00.950+0000] {taskinstance.py:353} INFO - Marking task as SUCCESS. dag_id=containers1_dag, task_id=php_app1, run_id=scheduled__2025-03-25T02:20:00+00:00, execution_date=20250325T022000, start_date=20250326T134650, end_date=20250326T134700
[2025-03-26T13:47:02.265+0000] {local_task_job_runner.py:266} INFO - Task exited with return code 0
[2025-03-26T13:47:02.379+0000] {local_task_job_runner.py:245} INFO - ::endgroup::
