[2025-03-26T13:47:17.233+0000] {local_task_job_runner.py:123} INFO - ::group::Pre task execution logs
[2025-03-26T13:47:17.588+0000] {taskinstance.py:2614} INFO - Dependencies all met for dep_context=non-requeueable deps ti=<TaskInstance: containers1_dag.php_app1 scheduled__2025-03-25T03:05:00+00:00 [queued]>
[2025-03-26T13:47:17.895+0000] {taskinstance.py:2614} INFO - Dependencies all met for dep_context=requeueable deps ti=<TaskInstance: containers1_dag.php_app1 scheduled__2025-03-25T03:05:00+00:00 [queued]>
[2025-03-26T13:47:17.907+0000] {taskinstance.py:2867} INFO - Starting attempt 1 of 6
[2025-03-26T13:47:18.831+0000] {taskinstance.py:2890} INFO - Executing <Task(DockerOperator): php_app1> on 2025-03-25 03:05:00+00:00
[2025-03-26T13:47:18.909+0000] {logging_mixin.py:190} WARNING - /home/***/.local/lib/python3.12/site-packages/***/task/task_runner/standard_task_runner.py:70 DeprecationWarning: This process (pid=812) is multi-threaded, use of fork() may lead to deadlocks in the child.
[2025-03-26T13:47:18.912+0000] {standard_task_runner.py:72} INFO - Started process 829 to run task
[2025-03-26T13:47:18.908+0000] {standard_task_runner.py:104} INFO - Running: ['***', 'tasks', 'run', 'containers1_dag', 'php_app1', 'scheduled__2025-03-25T03:05:00+00:00', '--job-id', '96', '--raw', '--subdir', 'DAGS_FOLDER/containers1_dag.py', '--cfg-path', '/tmp/tmppeo8r4i_']
[2025-03-26T13:47:18.918+0000] {standard_task_runner.py:105} INFO - Job 96: Subtask php_app1
[2025-03-26T13:47:19.661+0000] {task_command.py:467} INFO - Running <TaskInstance: containers1_dag.php_app1 scheduled__2025-03-25T03:05:00+00:00 [running]> on host 3d581a580455
[2025-03-26T13:47:24.415+0000] {taskinstance.py:3134} INFO - Exporting env vars: AIRFLOW_CTX_DAG_OWNER='andre' AIRFLOW_CTX_DAG_ID='containers1_dag' AIRFLOW_CTX_TASK_ID='php_app1' AIRFLOW_CTX_EXECUTION_DATE='2025-03-25T03:05:00+00:00' AIRFLOW_CTX_TRY_NUMBER='1' AIRFLOW_CTX_DAG_RUN_ID='scheduled__2025-03-25T03:05:00+00:00'
[2025-03-26T13:47:24.417+0000] {taskinstance.py:732} INFO - ::endgroup::
[2025-03-26T13:47:24.874+0000] {docker.py:345} INFO - Starting docker container from image php-app1
[2025-03-26T13:47:24.903+0000] {docker.py:353} WARNING - Using remote engine or docker-in-docker and mounting temporary volume from host is not supported. Falling back to `mount_tmp_dir=False` mode. You can set `mount_tmp_dir` parameter to False to disable mounting and remove the warning
[2025-03-26T13:47:29.367+0000] {docker.py:69} INFO - array(98) {
[2025-03-26T13:47:29.368+0000] {docker.py:69} INFO -   [0]=>
[2025-03-26T13:47:29.369+0000] {docker.py:69} INFO - 
[2025-03-26T13:47:29.378+0000] {docker.py:69} INFO - object(stdClass)#2 (3) {
[2025-03-26T13:47:29.381+0000] {docker.py:69} INFO -     [
[2025-03-26T13:47:29.382+0000] {docker.py:69} INFO - "contador"]=>
[2025-03-26T13:47:29.383+0000] {docker.py:69} INFO -     int(0)
[2025-03-26T13:47:29.385+0000] {docker.py:69} INFO -     ["container"]=>
[2025-03-26T13:47:29.385+0000] {docker.py:69} INFO -     string(8) "php-app1"
[2025-03-26T13:47:29.386+0000] {docker.py:69} INFO -     ["timestamp"]=>
[2025-03-26T13:47:29.388+0000] {docker.py:69} INFO -     int(1742852307)
[2025-03-26T13:47:29.388+0000] {docker.py:69} INFO -   }
[2025-03-26T13:47:29.390+0000] {docker.py:69} INFO -   [1]=>
[2025-03-26T13:47:29.390+0000] {docker.py:69} INFO -   object(stdClass)#3 (3) {
[2025-03-26T13:47:29.391+0000] {docker.py:69} INFO -     ["contador"]=>
[2025-03-26T13:47:29.391+0000] {docker.py:69} INFO -     int(1)
[2025-03-26T13:47:29.392+0000] {docker.py:69} INFO -     ["container"]=>
[2025-03-26T13:47:29.392+0000] {docker.py:69} INFO -     string(8) "php-app2"
[2025-03-26T13:47:29.393+0000] {docker.py:69} INFO -     ["timestamp"]=>
[2025-03-26T13:47:29.393+0000] {docker.py:69} INFO -     int(1742852309)
[2025-03-26T13:47:29.394+0000] {docker.py:69} INFO -   }
[2025-03-26T13:47:29.394+0000] {docker.py:69} INFO -   [2]=>
[2025-03-26T13:47:29.395+0000] {docker.py:69} INFO -   object(stdClass)#4 (3) {
[2025-03-26T13:47:29.395+0000] {docker.py:69} INFO -     ["contador"]=>
[2025-03-26T13:47:29.396+0000] {docker.py:69} INFO -     int(1)
[2025-03-26T13:47:29.396+0000] {docker.py:69} INFO -     ["container"]=>
[2025-03-26T13:47:29.397+0000] {docker.py:69} INFO -     string(8) "php-app1"
[2025-03-26T13:47:29.398+0000] {docker.py:69} INFO -     ["timestamp"]=>
[2025-03-26T13:47:29.398+0000] {docker.py:69} INFO -     int(1742852311)
[2025-03-26T13:47:29.399+0000] {docker.py:69} INFO -   }
[2025-03-26T13:47:29.399+0000] {docker.py:69} INFO -   [3]=>
[2025-03-26T13:47:29.399+0000] {docker.py:69} INFO -   object(stdClass)#5 (3) {
[2025-03-26T13:47:29.400+0000] {docker.py:69} INFO -     ["contador"]=>
[2025-03-26T13:47:29.400+0000] {docker.py:69} INFO -     int(1)
[2025-03-26T13:47:29.401+0000] {docker.py:69} INFO -     ["container"]=>
[2025-03-26T13:47:29.401+0000] {docker.py:69} INFO -     string(8) "php-app2"
[2025-03-26T13:47:29.401+0000] {docker.py:69} INFO -     ["timestamp"]=>
[2025-03-26T13:47:29.402+0000] {docker.py:69} INFO -     int(1742852314)
[2025-03-26T13:47:29.402+0000] {docker.py:69} INFO -   }
[2025-03-26T13:47:29.403+0000] {docker.py:69} INFO -   [4]=>
[2025-03-26T13:47:29.403+0000] {docker.py:69} INFO -   object(stdClass)#6 (3) {
[2025-03-26T13:47:29.404+0000] {docker.py:69} INFO -     ["contador"]=>
[2025-03-26T13:47:29.404+0000] {docker.py:69} INFO -     int(1)
[2025-03-26T13:47:29.405+0000] {docker.py:69} INFO -     ["container"]=>
[2025-03-26T13:47:29.423+0000] {docker.py:69} INFO -     string(8) "php-app2"
[2025-03-26T13:47:29.424+0000] {docker.py:69} INFO -     ["timestamp"]=>
[2025-03-26T13:47:29.424+0000] {docker.py:69} INFO -     int(1742996301)
[2025-03-26T13:47:29.425+0000] {docker.py:69} INFO -   }
[2025-03-26T13:47:29.427+0000] {docker.py:69} INFO -   [5]=>
[2025-03-26T13:47:29.428+0000] {docker.py:69} INFO -   object(stdClass)#7 (3) {
[2025-03-26T13:47:29.428+0000] {docker.py:69} INFO -     ["contador"]=>
[2025-03-26T13:47:29.429+0000] {docker.py:69} INFO -     int(1)
[2025-03-26T13:47:29.429+0000] {docker.py:69} INFO -     ["container"]=>
[2025-03-26T13:47:29.440+0000] {docker.py:69} INFO -     string(8) "php-app1"
[2025-03-26T13:47:29.441+0000] {docker.py:69} INFO -     ["timestamp"
[2025-03-26T13:47:29.442+0000] {docker.py:69} INFO - ]=>
[2025-03-26T13:47:29.444+0000] {docker.py:69} INFO -     int(1742996302)
[2025-03-26T13:47:29.450+0000] {docker.py:69} INFO -   }
[2025-03-26T13:47:29.454+0000] {docker.py:69} INFO -   [6]=>
[2025-03-26T13:47:29.454+0000] {docker.py:69} INFO -   object(stdClass)#8 (3) {
[2025-03-26T13:47:29.455+0000] {docker.py:69} INFO -     ["contador"]=>
[2025-03-26T13:47:29.459+0000] {docker.py:69} INFO -     int(1)
[2025-03-26T13:47:29.461+0000] {docker.py:69} INFO -     ["container"]=>
[2025-03-26T13:47:29.462+0000] {docker.py:69} INFO -     string(8) "php-app1"
[2025-03-26T13:47:29.462+0000] {docker.py:69} INFO -     ["timestamp"]=>
[2025-03-26T13:47:29.463+0000] {docker.py:69} INFO -     int(1742996302)
[2025-03-26T13:47:29.465+0000] {docker.py:69} INFO -   }
[2025-03-26T13:47:29.466+0000] {docker.py:69} INFO -   [7]=>
[2025-03-26T13:47:29.467+0000] {docker.py:69} INFO -   object(stdClass)#9 (3) {
[2025-03-26T13:47:29.467+0000] {docker.py:69} INFO -     ["contador"]=>
[2025-03-26T13:47:29.468+0000] {docker.py:69} INFO -     int(1)
[2025-03-26T13:47:29.471+0000] {docker.py:69} INFO -     ["container"]=>
[2025-03-26T13:47:29.472+0000] {docker.py:69} INFO -     string(8) "php-app2"
[2025-03-26T13:47:29.474+0000] {docker.py:69} INFO -     ["timestamp"]=>
[2025-03-26T13:47:29.479+0000] {docker.py:69} INFO -     int(1742996303)
[2025-03-26T13:47:29.479+0000] {docker.py:69} INFO -   }
[2025-03-26T13:47:29.480+0000] {docker.py:69} INFO -   [8]=>
[2025-03-26T13:47:29.493+0000] {docker.py:69} INFO -   object(stdClass)#10 (3) {
[2025-03-26T13:47:29.494+0000] {docker.py:69} INFO -     ["contador"]=>
[2025-03-26T13:47:29.494+0000] {docker.py:69} INFO -     int(1)
[2025-03-26T13:47:29.495+0000] {docker.py:69} INFO -     ["container"]=>
[2025-03-26T13:47:29.515+0000] {docker.py:69} INFO -     string(8) "php-app1"
[2025-03-26T13:47:29.515+0000] {docker.py:69} INFO -     ["timestamp"]=>
[2025-03-26T13:47:29.532+0000] {docker.py:69} INFO -     int(1742996304)
[2025-03-26T13:47:29.532+0000] {docker.py:69} INFO -   }
[2025-03-26T13:47:29.532+0000] {docker.py:69} INFO -   [9]=>
[2025-03-26T13:47:29.533+0000] {docker.py:69} INFO -   object(stdClass)#11 (3) {
[2025-03-26T13:47:29.533+0000] {docker.py:69} INFO -     ["contador"]=>
[2025-03-26T13:47:29.534+0000] {docker.py:69} INFO -     int(1)
[2025-03-26T13:47:29.581+0000] {docker.py:69} INFO -     ["container"]=>
[2025-03-26T13:47:29.582+0000] {docker.py:69} INFO -     string(8) "php-app2"
[2025-03-26T13:47:29.583+0000] {docker.py:69} INFO -     ["timestamp"]=>
[2025-03-26T13:47:29.583+0000] {docker.py:69} INFO -     int(1742996305)
[2025-03-26T13:47:29.583+0000] {docker.py:69} INFO -   }
[2025-03-26T13:47:29.596+0000] {docker.py:69} INFO -   [10]=>
[2025-03-26T13:47:29.597+0000] {docker.py:69} INFO -   object(stdClass)#12 (3) {
[2025-03-26T13:47:29.598+0000] {docker.py:69} INFO -     ["contador"]=>
[2025-03-26T13:47:29.619+0000] {docker.py:69} INFO -     int(1)
[2025-03-26T13:47:29.620+0000] {docker.py:69} INFO -     ["container"]=>
[2025-03-26T13:47:29.628+0000] {docker.py:69} INFO -     string(8) "php-app2"
[2025-03-26T13:47:29.629+0000] {docker.py:69} INFO -     ["timestamp"]=>
[2025-03-26T13:47:29.639+0000] {docker.py:69} INFO -     int(1742996305)
[2025-03-26T13:47:29.640+0000] {docker.py:69} INFO -   }
[2025-03-26T13:47:29.641+0000] {docker.py:69} INFO -   [11]=>
[2025-03-26T13:47:29.672+0000] {docker.py:69} INFO -   object(stdClass)#13 (3) {
[2025-03-26T13:47:29.673+0000] {docker.py:69} INFO -     ["contador"]=>
[2025-03-26T13:47:29.673+0000] {docker.py:69} INFO -     int(1)
[2025-03-26T13:47:29.674+0000] {docker.py:69} INFO -     ["container"]=>
[2025-03-26T13:47:29.755+0000] {docker.py:69} INFO -     string(8) "php-app1"
[2025-03-26T13:47:29.756+0000] {docker.py:69} INFO -     ["timestamp"]=>
[2025-03-26T13:47:29.765+0000] {docker.py:69} INFO -     int(1742996305)
[2025-03-26T13:47:29.766+0000] {docker.py:69} INFO -   }
[2025-03-26T13:47:29.766+0000] {docker.py:69} INFO -   [12]=>
[2025-03-26T13:47:29.766+0000] {docker.py:69} INFO -   object(stdClass)#14 (3) {
[2025-03-26T13:47:29.767+0000] {docker.py:69} INFO -     ["contador"]=>
[2025-03-26T13:47:29.780+0000] {docker.py:69} INFO -     int(1)
[2025-03-26T13:47:29.790+0000] {docker.py:69} INFO -     ["container"]=>
[2025-03-26T13:47:29.791+0000] {docker.py:69} INFO -     string(8) "php-app1"
[2025-03-26T13:47:29.836+0000] {docker.py:69} INFO -     ["timestamp"]=>
[2025-03-26T13:47:29.836+0000] {docker.py:69} INFO -     int(1742996309)
[2025-03-26T13:47:29.837+0000] {docker.py:69} INFO -   }
[2025-03-26T13:47:29.856+0000] {docker.py:69} INFO -   [13]=>
[2025-03-26T13:47:29.856+0000] {docker.py:69} INFO -   object(stdClass)#15 (3) {
[2025-03-26T13:47:29.857+0000] {docker.py:69} INFO -     ["contador"]=>
[2025-03-26T13:47:29.857+0000] {docker.py:69} INFO -     int(1)
[2025-03-26T13:47:29.858+0000] {docker.py:69} INFO -     ["container"]=>
[2025-03-26T13:47:29.874+0000] {docker.py:69} INFO -     string(8) "php-app1"
[2025-03-26T13:47:29.875+0000] {docker.py:69} INFO -     ["timestamp"]=>
[2025-03-26T13:47:29.875+0000] {docker.py:69} INFO -     int(1742996309)
[2025-03-26T13:47:29.876+0000] {docker.py:69} INFO -   }
[2025-03-26T13:47:29.876+0000] {docker.py:69} INFO -   [14]=>
[2025-03-26T13:47:29.876+0000] {docker.py:69} INFO -   object(stdClass)#16 (3) {
[2025-03-26T13:47:29.877+0000] {docker.py:69} INFO -     ["contador"]=>
[2025-03-26T13:47:29.886+0000] {docker.py:69} INFO -     int(1)
[2025-03-26T13:47:29.887+0000] {docker.py:69} INFO -     ["container"]=>
[2025-03-26T13:47:29.887+0000] {docker.py:69} INFO -     string(8) "php-app2"
[2025-03-26T13:47:29.888+0000] {docker.py:69} INFO -     ["timestamp"]=>
[2025-03-26T13:47:29.888+0000] {docker.py:69} INFO -     int(1742996309)
[2025-03-26T13:47:29.888+0000] {docker.py:69} INFO -   }
[2025-03-26T13:47:29.889+0000] {docker.py:69} INFO -   [15]=>
[2025-03-26T13:47:29.902+0000] {docker.py:69} INFO -   object(stdClass)#17 (3) {
[2025-03-26T13:47:29.903+0000] {docker.py:69} INFO -     ["contador"]=>
[2025-03-26T13:47:29.903+0000] {docker.py:69} INFO -     int(1)
[2025-03-26T13:47:29.903+0000] {docker.py:69} INFO -     ["container"]=>
[2025-03-26T13:47:29.904+0000] {docker.py:69} INFO -     string(8) "php-app2"
[2025-03-26T13:47:29.904+0000] {docker.py:69} INFO -     ["timestamp"]=>
[2025-03-26T13:47:29.905+0000] {docker.py:69} INFO -     int(1742996309)
[2025-03-26T13:47:29.912+0000] {docker.py:69} INFO -   }
[2025-03-26T13:47:29.913+0000] {docker.py:69} INFO -   [16]=>
[2025-03-26T13:47:29.913+0000] {docker.py:69} INFO -   object(stdClass)#18 (3) {
[2025-03-26T13:47:29.914+0000] {docker.py:69} INFO -     ["contador"]=>
[2025-03-26T13:47:29.914+0000] {docker.py:69} INFO -     int(1)
[2025-03-26T13:47:29.914+0000] {docker.py:69} INFO -     ["container"]=>
[2025-03-26T13:47:29.915+0000] {docker.py:69} INFO -     string(8) "php-app1"
[2025-03-26T13:47:29.926+0000] {docker.py:69} INFO -     ["timestamp"]=>
[2025-03-26T13:47:29.927+0000] {docker.py:69} INFO -     int(1742996310)
[2025-03-26T13:47:29.927+0000] {docker.py:69} INFO -   }
[2025-03-26T13:47:29.928+0000] {docker.py:69} INFO -   [17]=>
[2025-03-26T13:47:29.928+0000] {docker.py:69} INFO -   object(stdClass)#19 (3) {
[2025-03-26T13:47:29.936+0000] {docker.py:69} INFO -     ["contador"]=>
[2025-03-26T13:47:29.937+0000] {docker.py:69} INFO -     int(1)
[2025-03-26T13:47:29.939+0000] {docker.py:69} INFO -     ["container"]=>
[2025-03-26T13:47:29.940+0000] {docker.py:69} INFO -     string(8) "php-app2"
[2025-03-26T13:47:29.943+0000] {docker.py:69} INFO -     ["timestamp"]=>
[2025-03-26T13:47:29.944+0000] {docker.py:69} INFO -     int(1742996310)
[2025-03-26T13:47:29.955+0000] {docker.py:69} INFO -   }
[2025-03-26T13:47:29.956+0000] {docker.py:69} INFO -   [18]=>
[2025-03-26T13:47:29.957+0000] {docker.py:69} INFO -   object(stdClass)#20 (3) {
[2025-03-26T13:47:29.959+0000] {docker.py:69} INFO -     ["contador"]=>
[2025-03-26T13:47:29.959+0000] {docker.py:69} INFO -     int(1)
[2025-03-26T13:47:29.960+0000] {docker.py:69} INFO -     ["container"]=>
[2025-03-26T13:47:29.969+0000] {docker.py:69} INFO -     string(8) "php-app2"
[2025-03-26T13:47:29.969+0000] {docker.py:69} INFO -     ["timestamp"]=>
[2025-03-26T13:47:29.970+0000] {docker.py:69} INFO -     int(1742996310)
[2025-03-26T13:47:29.970+0000] {docker.py:69} INFO -   }
[2025-03-26T13:47:29.973+0000] {docker.py:69} INFO -   [19]=>
[2025-03-26T13:47:29.973+0000] {docker.py:69} INFO -   object(stdClass)#21 (3) {
[2025-03-26T13:47:29.974+0000] {docker.py:69} INFO -     ["contador"]=>
[2025-03-26T13:47:29.978+0000] {docker.py:69} INFO -     int(1)
[2025-03-26T13:47:29.979+0000] {docker.py:69} INFO -     ["container"]=>
[2025-03-26T13:47:29.980+0000] {docker.py:69} INFO -     string(8) "php-app1"
[2025-03-26T13:47:29.980+0000] {docker.py:69} INFO -     ["timestamp"]=>
[2025-03-26T13:47:29.981+0000] {docker.py:69} INFO -     int(1742996311)
[2025-03-26T13:47:29.985+0000] {docker.py:69} INFO -   }
[2025-03-26T13:47:29.986+0000] {docker.py:69} INFO -   [20]=>
[2025-03-26T13:47:29.990+0000] {docker.py:69} INFO -   object(stdClass)#22 (3) {
[2025-03-26T13:47:29.990+0000] {docker.py:69} INFO -     ["contador"]=>
[2025-03-26T13:47:29.990+0000] {docker.py:69} INFO -     int(1)
[2025-03-26T13:47:29.991+0000] {docker.py:69} INFO -     ["container"]=>
[2025-03-26T13:47:29.994+0000] {docker.py:69} INFO -     string(8) "php-app1"
[2025-03-26T13:47:29.994+0000] {docker.py:69} INFO -     ["timestamp"]=>
[2025-03-26T13:47:29.995+0000] {docker.py:69} INFO -     int(1742996311)
[2025-03-26T13:47:29.998+0000] {docker.py:69} INFO -   }
[2025-03-26T13:47:29.999+0000] {docker.py:69} INFO -   [21]=>
[2025-03-26T13:47:29.999+0000] {docker.py:69} INFO -   object(stdClass)#23 (3) {
[2025-03-26T13:47:30.006+0000] {docker.py:69} INFO -     ["contador"]=>
[2025-03-26T13:47:30.007+0000] {docker.py:69} INFO -     int(1)
[2025-03-26T13:47:30.007+0000] {docker.py:69} INFO -     ["container"]=>
[2025-03-26T13:47:30.023+0000] {docker.py:69} INFO -     string(8) "php-app2"
[2025-03-26T13:47:30.024+0000] {docker.py:69} INFO -     ["timestamp"]=>
[2025-03-26T13:47:30.030+0000] {docker.py:69} INFO -     int(1742996312)
[2025-03-26T13:47:30.031+0000] {docker.py:69} INFO -   }
[2025-03-26T13:47:30.031+0000] {docker.py:69} INFO -   [22]=>
[2025-03-26T13:47:30.032+0000] {docker.py:69} INFO -   object(stdClass)#24 (3) {
[2025-03-26T13:47:30.034+0000] {docker.py:69} INFO -     ["contador"]=>
[2025-03-26T13:47:30.036+0000] {docker.py:69} INFO -     int(1)
[2025-03-26T13:47:30.038+0000] {docker.py:69} INFO -     ["container"]=>
[2025-03-26T13:47:30.041+0000] {docker.py:69} INFO -     string(8) "php-app1"
[2025-03-26T13:47:30.152+0000] {docker.py:69} INFO -     ["timestamp"]=>
[2025-03-26T13:47:30.152+0000] {docker.py:69} INFO -     int(1742996313)
[2025-03-26T13:47:30.153+0000] {docker.py:69} INFO -   }
[2025-03-26T13:47:30.153+0000] {docker.py:69} INFO -   [23]=>
[2025-03-26T13:47:30.154+0000] {docker.py:69} INFO -   object(stdClass)#25 (3) {
[2025-03-26T13:47:30.154+0000] {docker.py:69} INFO -     ["contador"]=>
[2025-03-26T13:47:30.155+0000] {docker.py:69} INFO -     int(1)
[2025-03-26T13:47:30.156+0000] {docker.py:69} INFO -     ["container"]=>
[2025-03-26T13:47:30.156+0000] {docker.py:69} INFO -     string(8) "php-app1"
[2025-03-26T13:47:30.157+0000] {docker.py:69} INFO -     ["timestamp"]=>
[2025-03-26T13:47:30.157+0000] {docker.py:69} INFO -     int(1742996751)
[2025-03-26T13:47:30.158+0000] {docker.py:69} INFO -   }
[2025-03-26T13:47:30.158+0000] {docker.py:69} INFO -   [24]=>
[2025-03-26T13:47:30.159+0000] {docker.py:69} INFO -   object(stdClass)#26 (3) {
[2025-03-26T13:47:30.159+0000] {docker.py:69} INFO -     ["contador"]=>
[2025-03-26T13:47:30.160+0000] {docker.py:69} INFO -     int(1)
[2025-03-26T13:47:30.161+0000] {docker.py:69} INFO -     ["container"]=>
[2025-03-26T13:47:30.161+0000] {docker.py:69} INFO -     string(8) "php-app2"
[2025-03-26T13:47:30.161+0000] {docker.py:69} INFO -     ["timestamp"]=>
[2025-03-26T13:47:30.162+0000] {docker.py:69} INFO -     int(1742996751)
[2025-03-26T13:47:30.163+0000] {docker.py:69} INFO -   }
[2025-03-26T13:47:30.163+0000] {docker.py:69} INFO -   [25]=>
[2025-03-26T13:47:30.164+0000] {docker.py:69} INFO -   object(stdClass)#27 (3) {
[2025-03-26T13:47:30.164+0000] {docker.py:69} INFO -     ["contador"]=>
[2025-03-26T13:47:30.165+0000] {docker.py:69} INFO -     int(1)
[2025-03-26T13:47:30.166+0000] {docker.py:69} INFO -     ["container"]=>
[2025-03-26T13:47:30.167+0000] {docker.py:69} INFO -     string(8) "php-app2"
[2025-03-26T13:47:30.167+0000] {docker.py:69} INFO -     ["timestamp"]=>
[2025-03-26T13:47:30.168+0000] {docker.py:69} INFO -     int(1742996756)
[2025-03-26T13:47:30.169+0000] {docker.py:69} INFO -   }
[2025-03-26T13:47:30.169+0000] {docker.py:69} INFO -   [26]=>
[2025-03-26T13:47:30.170+0000] {docker.py:69} INFO -   object(stdClass)#28 (3) {
[2025-03-26T13:47:30.170+0000] {docker.py:69} INFO -     ["contador"]=>
[2025-03-26T13:47:30.171+0000] {docker.py:69} INFO -     int(1)
[2025-03-26T13:47:30.172+0000] {docker.py:69} INFO -     ["container"]=>
[2025-03-26T13:47:30.172+0000] {docker.py:69} INFO -     string(8) "php-app1"
[2025-03-26T13:47:30.172+0000] {docker.py:69} INFO -     ["timestamp"]=>
[2025-03-26T13:47:30.173+0000] {docker.py:69} INFO -     int(1742996756)
[2025-03-26T13:47:30.174+0000] {docker.py:69} INFO -   }
[2025-03-26T13:47:30.174+0000] {docker.py:69} INFO -   [27]=>
[2025-03-26T13:47:30.175+0000] {docker.py:69} INFO -   object(stdClass)#29 (3) {
[2025-03-26T13:47:30.175+0000] {docker.py:69} INFO -     ["contador"]=>
[2025-03-26T13:47:30.176+0000] {docker.py:69} INFO -     int(1)
[2025-03-26T13:47:30.177+0000] {docker.py:69} INFO -     ["container"]=>
[2025-03-26T13:47:30.177+0000] {docker.py:69} INFO -     string(8) "php-app1"
[2025-03-26T13:47:30.178+0000] {docker.py:69} INFO -     ["timestamp"]=>
[2025-03-26T13:47:30.178+0000] {docker.py:69} INFO -     int(1742996757)
[2025-03-26T13:47:30.179+0000] {docker.py:69} INFO -   }
[2025-03-26T13:47:30.180+0000] {docker.py:69} INFO -   [28]=>
[2025-03-26T13:47:30.180+0000] {docker.py:69} INFO -   object(stdClass)#30 (3) {
[2025-03-26T13:47:30.181+0000] {docker.py:69} INFO -     ["contador"]=>
[2025-03-26T13:47:30.182+0000] {docker.py:69} INFO -     int(1)
[2025-03-26T13:47:30.182+0000] {docker.py:69} INFO -     ["container"]=>
[2025-03-26T13:47:30.183+0000] {docker.py:69} INFO -     string(8) "php-app2"
[2025-03-26T13:47:30.183+0000] {docker.py:69} INFO -     ["timestamp"]=>
[2025-03-26T13:47:30.184+0000] {docker.py:69} INFO -     int(1742996757)
[2025-03-26T13:47:30.185+0000] {docker.py:69} INFO -   }
[2025-03-26T13:47:30.185+0000] {docker.py:69} INFO -   [29]=>
[2025-03-26T13:47:30.186+0000] {docker.py:69} INFO -   object(stdClass)#31 (3) {
[2025-03-26T13:47:30.186+0000] {docker.py:69} INFO -     ["contador"]=>
[2025-03-26T13:47:30.187+0000] {docker.py:69} INFO -     int(1)
[2025-03-26T13:47:30.187+0000] {docker.py:69} INFO -     ["container"]=>
[2025-03-26T13:47:30.187+0000] {docker.py:69} INFO -     string(8) "php-app2"
[2025-03-26T13:47:30.188+0000] {docker.py:69} INFO -     ["timestamp"]=>
[2025-03-26T13:47:30.188+0000] {docker.py:69} INFO -     int(1742996758)
[2025-03-26T13:47:30.189+0000] {docker.py:69} INFO -   }
[2025-03-26T13:47:30.189+0000] {docker.py:69} INFO -   [30]=>
[2025-03-26T13:47:30.189+0000] {docker.py:69} INFO -   object(stdClass)#32 (3) {
[2025-03-26T13:47:30.190+0000] {docker.py:69} INFO -     ["contador"]=>
[2025-03-26T13:47:30.190+0000] {docker.py:69} INFO -     int(1)
[2025-03-26T13:47:30.191+0000] {docker.py:69} INFO -     ["container"]=>
[2025-03-26T13:47:30.191+0000] {docker.py:69} INFO -     string(8) "php-app1"
[2025-03-26T13:47:30.192+0000] {docker.py:69} INFO -     ["timestamp"]=>
[2025-03-26T13:47:30.192+0000] {docker.py:69} INFO -     int(1742996760)
[2025-03-26T13:47:30.193+0000] {docker.py:69} INFO -   }
[2025-03-26T13:47:30.193+0000] {docker.py:69} INFO -   [31]=>
[2025-03-26T13:47:30.193+0000] {docker.py:69} INFO -   object(stdClass)#33 (3) {
[2025-03-26T13:47:30.194+0000] {docker.py:69} INFO -     ["contador"]=>
[2025-03-26T13:47:30.194+0000] {docker.py:69} INFO -     int(1)
[2025-03-26T13:47:30.194+0000] {docker.py:69} INFO -     ["container"]=>
[2025-03-26T13:47:30.195+0000] {docker.py:69} INFO -     string(8) "php-app2"
[2025-03-26T13:47:30.195+0000] {docker.py:69} INFO -     ["timestamp"]=>
[2025-03-26T13:47:30.196+0000] {docker.py:69} INFO -     int(1742996760)
[2025-03-26T13:47:30.196+0000] {docker.py:69} INFO -   }
[2025-03-26T13:47:30.196+0000] {docker.py:69} INFO -   [32]=>
[2025-03-26T13:47:30.197+0000] {docker.py:69} INFO -   object(stdClass)#34 (3) {
[2025-03-26T13:47:30.197+0000] {docker.py:69} INFO -     ["contador"]=>
[2025-03-26T13:47:30.197+0000] {docker.py:69} INFO -     int(1)
[2025-03-26T13:47:30.198+0000] {docker.py:69} INFO -     ["container"]=>
[2025-03-26T13:47:30.198+0000] {docker.py:69} INFO -     string(8) "php-app2"
[2025-03-26T13:47:30.199+0000] {docker.py:69} INFO -     ["timestamp"]=>
[2025-03-26T13:47:30.199+0000] {docker.py:69} INFO -     int(1742996761)
[2025-03-26T13:47:30.200+0000] {docker.py:69} INFO -   }
[2025-03-26T13:47:30.200+0000] {docker.py:69} INFO -   [33]=>
[2025-03-26T13:47:30.200+0000] {docker.py:69} INFO -   object(stdClass)#35 (3) {
[2025-03-26T13:47:30.201+0000] {docker.py:69} INFO -     ["contador"]=>
[2025-03-26T13:47:30.201+0000] {docker.py:69} INFO -     int(1)
[2025-03-26T13:47:30.202+0000] {docker.py:69} INFO -     ["container"]=>
[2025-03-26T13:47:30.202+0000] {docker.py:69} INFO -     string(8) "php-app1"
[2025-03-26T13:47:30.203+0000] {docker.py:69} INFO -     ["timestamp"]=>
[2025-03-26T13:47:30.203+0000] {docker.py:69} INFO -     int(1742996762)
[2025-03-26T13:47:30.203+0000] {docker.py:69} INFO -   }
[2025-03-26T13:47:30.204+0000] {docker.py:69} INFO -   [34]=>
[2025-03-26T13:47:30.204+0000] {docker.py:69} INFO -   object(stdClass)#36 (3) {
[2025-03-26T13:47:30.205+0000] {docker.py:69} INFO -     ["contador"]=>
[2025-03-26T13:47:30.205+0000] {docker.py:69} INFO -     int(1)
[2025-03-26T13:47:30.206+0000] {docker.py:69} INFO -     ["container"]=>
[2025-03-26T13:47:30.206+0000] {docker.py:69} INFO -     string(8) "php-app2"
[2025-03-26T13:47:30.206+0000] {docker.py:69} INFO -     ["timestamp"]=>
[2025-03-26T13:47:30.207+0000] {docker.py:69} INFO -     int(1742996762)
[2025-03-26T13:47:30.207+0000] {docker.py:69} INFO -   }
[2025-03-26T13:47:30.207+0000] {docker.py:69} INFO -   [35]=>
[2025-03-26T13:47:30.208+0000] {docker.py:69} INFO -   object(stdClass)#37 (3) {
[2025-03-26T13:47:30.208+0000] {docker.py:69} INFO -     ["contador"]=>
[2025-03-26T13:47:30.208+0000] {docker.py:69} INFO -     int(1)
[2025-03-26T13:47:30.209+0000] {docker.py:69} INFO -     ["container"]=>
[2025-03-26T13:47:30.211+0000] {docker.py:69} INFO -     string(8) "php-app1"
[2025-03-26T13:47:30.212+0000] {docker.py:69} INFO -     ["timestamp"]=>
[2025-03-26T13:47:30.212+0000] {docker.py:69} INFO -     int(1742996763)
[2025-03-26T13:47:30.213+0000] {docker.py:69} INFO -   }
[2025-03-26T13:47:30.213+0000] {docker.py:69} INFO -   [36]=>
[2025-03-26T13:47:30.214+0000] {docker.py:69} INFO -   object(stdClass)#38 (3) {
[2025-03-26T13:47:30.215+0000] {docker.py:69} INFO -     ["contador"]=>
[2025-03-26T13:47:30.215+0000] {docker.py:69} INFO - 
[2025-03-26T13:47:30.216+0000] {docker.py:69} INFO - int(1)
[2025-03-26T13:47:30.217+0000] {docker.py:69} INFO -     ["container"]=>
[2025-03-26T13:47:30.217+0000] {docker.py:69} INFO -     string(8) "php-app1"
[2025-03-26T13:47:30.217+0000] {docker.py:69} INFO -     ["timestamp"]=>
[2025-03-26T13:47:30.218+0000] {docker.py:69} INFO -     int(1742996763)
[2025-03-26T13:47:30.218+0000] {docker.py:69} INFO -   }
[2025-03-26T13:47:30.219+0000] {docker.py:69} INFO -   [37]=>
[2025-03-26T13:47:30.220+0000] {docker.py:69} INFO -   object(stdClass)#39 (3) {
[2025-03-26T13:47:30.220+0000] {docker.py:69} INFO -     ["contador"]=>
[2025-03-26T13:47:30.221+0000] {docker.py:69} INFO -     int(1)
[2025-03-26T13:47:30.221+0000] {docker.py:69} INFO -     ["container"]=>
[2025-03-26T13:47:30.222+0000] {docker.py:69} INFO -     string(8) "php-app2"
[2025-03-26T13:47:30.224+0000] {docker.py:69} INFO -     ["timestamp"]=>
[2025-03-26T13:47:30.225+0000] {docker.py:69} INFO -     int(1742996771)
[2025-03-26T13:47:30.225+0000] {docker.py:69} INFO -   }
[2025-03-26T13:47:30.226+0000] {docker.py:69} INFO -   [38]=>
[2025-03-26T13:47:30.226+0000] {docker.py:69} INFO -   object(stdClass)#40 (3) {
[2025-03-26T13:47:30.227+0000] {docker.py:69} INFO -     ["contador"]=>
[2025-03-26T13:47:30.227+0000] {docker.py:69} INFO -     int(1)
[2025-03-26T13:47:30.228+0000] {docker.py:69} INFO -     ["container"]=>
[2025-03-26T13:47:30.228+0000] {docker.py:69} INFO -     string(8) "php-app2"
[2025-03-26T13:47:30.229+0000] {docker.py:69} INFO -     ["timestamp"]=>
[2025-03-26T13:47:30.239+0000] {docker.py:69} INFO -     int(1742996773)
[2025-03-26T13:47:30.240+0000] {docker.py:69} INFO -   }
[2025-03-26T13:47:30.240+0000] {docker.py:69} INFO -   [39]=>
[2025-03-26T13:47:30.240+0000] {docker.py:69} INFO -   object(stdClass)#41 (3) {
[2025-03-26T13:47:30.241+0000] {docker.py:69} INFO -     ["contador"]=>
[2025-03-26T13:47:30.241+0000] {docker.py:69} INFO -     int(1)
[2025-03-26T13:47:30.241+0000] {docker.py:69} INFO -     ["container"]=>
[2025-03-26T13:47:30.242+0000] {docker.py:69} INFO -     string(8) "php-app1"
[2025-03-26T13:47:30.242+0000] {docker.py:69} INFO -     ["timestamp"]=>
[2025-03-26T13:47:30.243+0000] {docker.py:69} INFO -     int(1742996773)
[2025-03-26T13:47:30.243+0000] {docker.py:69} INFO -   }
[2025-03-26T13:47:30.243+0000] {docker.py:69} INFO -   [40]=>
[2025-03-26T13:47:30.244+0000] {docker.py:69} INFO -   object(stdClass)#42 (3) {
[2025-03-26T13:47:30.244+0000] {docker.py:69} INFO -     ["contador"]=>
[2025-03-26T13:47:30.244+0000] {docker.py:69} INFO -     int(1)
[2025-03-26T13:47:30.245+0000] {docker.py:69} INFO -     ["container"]=>
[2025-03-26T13:47:30.245+0000] {docker.py:69} INFO -     string(8) "php-app1"
[2025-03-26T13:47:30.245+0000] {docker.py:69} INFO -     ["timestamp"]=>
[2025-03-26T13:47:30.246+0000] {docker.py:69} INFO -     int(1742996775)
[2025-03-26T13:47:30.246+0000] {docker.py:69} INFO -   }
[2025-03-26T13:47:30.246+0000] {docker.py:69} INFO -   [41]=>
[2025-03-26T13:47:30.247+0000] {docker.py:69} INFO -   object(stdClass)#43 (3) {
[2025-03-26T13:47:30.247+0000] {docker.py:69} INFO -     ["contador"]=>
[2025-03-26T13:47:30.247+0000] {docker.py:69} INFO -     int(1)
[2025-03-26T13:47:30.248+0000] {docker.py:69} INFO -     ["container"]=>
[2025-03-26T13:47:30.248+0000] {docker.py:69} INFO -     string(8) "php-app2"
[2025-03-26T13:47:30.248+0000] {docker.py:69} INFO -     ["timestamp"]=>
[2025-03-26T13:47:30.249+0000] {docker.py:69} INFO -     int(1742996775)
[2025-03-26T13:47:30.249+0000] {docker.py:69} INFO -   }
[2025-03-26T13:47:30.249+0000] {docker.py:69} INFO -   [42]=>
[2025-03-26T13:47:30.250+0000] {docker.py:69} INFO -   object(stdClass)#44 (3) {
[2025-03-26T13:47:30.250+0000] {docker.py:69} INFO -     ["contador"]=>
[2025-03-26T13:47:30.251+0000] {docker.py:69} INFO -     int(1)
[2025-03-26T13:47:30.251+0000] {docker.py:69} INFO -     [
[2025-03-26T13:47:30.252+0000] {docker.py:69} INFO - "container"]=>
[2025-03-26T13:47:30.252+0000] {docker.py:69} INFO -     string(8) "php-app2"
[2025-03-26T13:47:30.252+0000] {docker.py:69} INFO -     ["timestamp"
[2025-03-26T13:47:30.253+0000] {docker.py:69} INFO - ]=>
[2025-03-26T13:47:30.253+0000] {docker.py:69} INFO - int(1742996775)
[2025-03-26T13:47:30.254+0000] {docker.py:69} INFO -   }
[2025-03-26T13:47:30.254+0000] {docker.py:69} INFO -   [43]=>
[2025-03-26T13:47:30.255+0000] {docker.py:69} INFO -   object(stdClass)#45 (3) {
[2025-03-26T13:47:30.255+0000] {docker.py:69} INFO -     ["contador"]=>
[2025-03-26T13:47:30.255+0000] {docker.py:69} INFO -     int(1)
[2025-03-26T13:47:30.256+0000] {docker.py:69} INFO -     ["container"]=>
[2025-03-26T13:47:30.256+0000] {docker.py:69} INFO -     string(8) "php-app1"
[2025-03-26T13:47:30.256+0000] {docker.py:69} INFO -     ["timestamp"]=>
[2025-03-26T13:47:30.257+0000] {docker.py:69} INFO -     int(1742996777)
[2025-03-26T13:47:30.257+0000] {docker.py:69} INFO -   }
[2025-03-26T13:47:30.257+0000] {docker.py:69} INFO -   [44]=>
[2025-03-26T13:47:30.258+0000] {docker.py:69} INFO -   object(stdClass)#46 (3) {
[2025-03-26T13:47:30.258+0000] {docker.py:69} INFO -     ["contador"]=>
[2025-03-26T13:47:30.258+0000] {docker.py:69} INFO -     int(1)
[2025-03-26T13:47:30.277+0000] {docker.py:69} INFO -     ["container"]=>
[2025-03-26T13:47:30.277+0000] {docker.py:69} INFO -     string(8) "php-app1"
[2025-03-26T13:47:30.280+0000] {docker.py:69} INFO -     ["timestamp"]=>
[2025-03-26T13:47:30.281+0000] {docker.py:69} INFO -     int(1742996779)
[2025-03-26T13:47:30.281+0000] {docker.py:69} INFO -   }
[2025-03-26T13:47:30.282+0000] {docker.py:69} INFO -   [45]=>
[2025-03-26T13:47:30.282+0000] {docker.py:69} INFO -   object(stdClass)#47 (3) {
[2025-03-26T13:47:30.283+0000] {docker.py:69} INFO -     ["
[2025-03-26T13:47:30.286+0000] {docker.py:69} INFO - contador"
[2025-03-26T13:47:30.287+0000] {docker.py:69} INFO - ]=>
[2025-03-26T13:47:30.288+0000] {docker.py:69} INFO - int(1)
[2025-03-26T13:47:30.289+0000] {docker.py:69} INFO -     [
[2025-03-26T13:47:30.290+0000] {docker.py:69} INFO - "
[2025-03-26T13:47:30.290+0000] {docker.py:69} INFO - container
[2025-03-26T13:47:30.291+0000] {docker.py:69} INFO - "]=>
[2025-03-26T13:47:30.291+0000] {docker.py:69} INFO - string(8) "php-app2"
[2025-03-26T13:47:30.292+0000] {docker.py:69} INFO -     [
[2025-03-26T13:47:30.292+0000] {docker.py:69} INFO - "timestamp"]=>
[2025-03-26T13:47:30.293+0000] {docker.py:69} INFO -     int(1742996779)
[2025-03-26T13:47:30.294+0000] {docker.py:69} INFO -   }
[2025-03-26T13:47:30.295+0000] {docker.py:69} INFO -   [46]=>
[2025-03-26T13:47:30.295+0000] {docker.py:69} INFO -   object(stdClass)#48 (3) {
[2025-03-26T13:47:30.296+0000] {docker.py:69} INFO -     ["contador"]=>
[2025-03-26T13:47:30.297+0000] {docker.py:69} INFO -     int(1)
[2025-03-26T13:47:30.298+0000] {docker.py:69} INFO -     ["container"]=>
[2025-03-26T13:47:30.298+0000] {docker.py:69} INFO -     string(8) "php-app1"
[2025-03-26T13:47:30.299+0000] {docker.py:69} INFO -     ["timestamp"]=>
[2025-03-26T13:47:30.299+0000] {docker.py:69} INFO -     int(1742996781)
[2025-03-26T13:47:30.300+0000] {docker.py:69} INFO -   }
[2025-03-26T13:47:30.300+0000] {docker.py:69} INFO -   [47]=>
[2025-03-26T13:47:30.301+0000] {docker.py:69} INFO -   object(stdClass)#49 (3) {
[2025-03-26T13:47:30.301+0000] {docker.py:69} INFO -     ["contador"]=>
[2025-03-26T13:47:30.302+0000] {docker.py:69} INFO -     int(1)
[2025-03-26T13:47:30.302+0000] {docker.py:69} INFO -     ["container"]=>
[2025-03-26T13:47:30.303+0000] {docker.py:69} INFO -     string(8) "php-app1"
[2025-03-26T13:47:30.303+0000] {docker.py:69} INFO -     ["timestamp"]=>
[2025-03-26T13:47:30.304+0000] {docker.py:69} INFO -     int(1742996781)
[2025-03-26T13:47:30.304+0000] {docker.py:69} INFO -   }
[2025-03-26T13:47:30.305+0000] {docker.py:69} INFO -   [48]=>
[2025-03-26T13:47:30.305+0000] {docker.py:69} INFO - 
[2025-03-26T13:47:30.306+0000] {docker.py:69} INFO - object(stdClass)#50 (3) {
[2025-03-26T13:47:30.465+0000] {docker.py:69} INFO -     [
[2025-03-26T13:47:30.467+0000] {docker.py:69} INFO - "
[2025-03-26T13:47:30.470+0000] {docker.py:69} INFO - contador
[2025-03-26T13:47:30.473+0000] {docker.py:69} INFO - "]=>
[2025-03-26T13:47:30.477+0000] {docker.py:69} INFO -     int(1)
[2025-03-26T13:47:30.478+0000] {docker.py:69} INFO -     ["container"]=>
[2025-03-26T13:47:30.483+0000] {docker.py:69} INFO -     string(8) "php-app2"
[2025-03-26T13:47:30.483+0000] {docker.py:69} INFO -     ["timestamp"]=>
[2025-03-26T13:47:30.488+0000] {docker.py:69} INFO -     int(1742996781)
[2025-03-26T13:47:30.488+0000] {docker.py:69} INFO -   }
[2025-03-26T13:47:30.570+0000] {docker.py:69} INFO -   [49]=>
[2025-03-26T13:47:30.570+0000] {docker.py:69} INFO -   object(stdClass)#51 (3) {
[2025-03-26T13:47:30.571+0000] {docker.py:69} INFO -     ["contador"]=>
[2025-03-26T13:47:30.586+0000] {docker.py:69} INFO - 
[2025-03-26T13:47:30.586+0000] {docker.py:69} INFO - int(1)
[2025-03-26T13:47:30.686+0000] {docker.py:69} INFO -     ["container"]=>
[2025-03-26T13:47:30.687+0000] {docker.py:69} INFO -     string(8) "php-app1"
[2025-03-26T13:47:30.688+0000] {docker.py:69} INFO -     ["timestamp"]=>
[2025-03-26T13:47:30.689+0000] {docker.py:69} INFO -     int(1742996783)
[2025-03-26T13:47:30.690+0000] {docker.py:69} INFO -   }
[2025-03-26T13:47:30.691+0000] {docker.py:69} INFO -   [50]=>
[2025-03-26T13:47:30.692+0000] {docker.py:69} INFO -   object(stdClass)#52 (3) {
[2025-03-26T13:47:30.692+0000] {docker.py:69} INFO -     ["contador"]=>
[2025-03-26T13:47:30.693+0000] {docker.py:69} INFO -     int(1)
[2025-03-26T13:47:30.694+0000] {docker.py:69} INFO -     ["container"]=>
[2025-03-26T13:47:30.695+0000] {docker.py:69} INFO -     string(8) "php-app2"
[2025-03-26T13:47:30.696+0000] {docker.py:69} INFO -     ["timestamp"]=>
[2025-03-26T13:47:30.697+0000] {docker.py:69} INFO -     int(1742996783)
[2025-03-26T13:47:30.697+0000] {docker.py:69} INFO -   }
[2025-03-26T13:47:30.698+0000] {docker.py:69} INFO -   [51]=>
[2025-03-26T13:47:30.699+0000] {docker.py:69} INFO -   object(stdClass)#53 (3) {
[2025-03-26T13:47:30.700+0000] {docker.py:69} INFO -     ["contador"]=>
[2025-03-26T13:47:30.700+0000] {docker.py:69} INFO -     int(1)
[2025-03-26T13:47:30.701+0000] {docker.py:69} INFO -     ["container"]=>
[2025-03-26T13:47:30.701+0000] {docker.py:69} INFO -     string(8) "php-app1"
[2025-03-26T13:47:30.704+0000] {docker.py:69} INFO -     ["timestamp"]=>
[2025-03-26T13:47:30.705+0000] {docker.py:69} INFO -     int(1742996783)
[2025-03-26T13:47:30.706+0000] {docker.py:69} INFO -   }
[2025-03-26T13:47:30.707+0000] {docker.py:69} INFO -   [52]=>
[2025-03-26T13:47:30.707+0000] {docker.py:69} INFO -   object(stdClass)#54 (3) {
[2025-03-26T13:47:30.708+0000] {docker.py:69} INFO -     ["contador"]=>
[2025-03-26T13:47:30.709+0000] {docker.py:69} INFO -     int(1)
[2025-03-26T13:47:30.709+0000] {docker.py:69} INFO -     ["container"]=>
[2025-03-26T13:47:30.710+0000] {docker.py:69} INFO -     string(8) "php-app2"
[2025-03-26T13:47:30.710+0000] {docker.py:69} INFO -     ["timestamp"]=>
[2025-03-26T13:47:30.711+0000] {docker.py:69} INFO -     int(1742996785)
[2025-03-26T13:47:30.711+0000] {docker.py:69} INFO -   }
[2025-03-26T13:47:30.712+0000] {docker.py:69} INFO -   [53]=>
[2025-03-26T13:47:30.712+0000] {docker.py:69} INFO -   object(stdClass)#55 (3) {
[2025-03-26T13:47:30.713+0000] {docker.py:69} INFO -     ["contador"]=>
[2025-03-26T13:47:30.713+0000] {docker.py:69} INFO -     int(1)
[2025-03-26T13:47:30.714+0000] {docker.py:69} INFO -     ["container"]=>
[2025-03-26T13:47:30.714+0000] {docker.py:69} INFO -     string(8) "php-app2"
[2025-03-26T13:47:30.715+0000] {docker.py:69} INFO -     ["timestamp"]=>
[2025-03-26T13:47:30.717+0000] {docker.py:69} INFO -     int(1742996789)
[2025-03-26T13:47:30.719+0000] {docker.py:69} INFO -   }
[2025-03-26T13:47:30.720+0000] {docker.py:69} INFO -   [54]=>
[2025-03-26T13:47:30.722+0000] {docker.py:69} INFO -   object(stdClass)#56 (3) {
[2025-03-26T13:47:30.723+0000] {docker.py:69} INFO -     ["contador"]=>
[2025-03-26T13:47:30.724+0000] {docker.py:69} INFO -     int(1)
[2025-03-26T13:47:30.724+0000] {docker.py:69} INFO -     ["container"]=>
[2025-03-26T13:47:30.725+0000] {docker.py:69} INFO -     string(8) "php-app1"
[2025-03-26T13:47:30.726+0000] {docker.py:69} INFO -     ["timestamp"]=>
[2025-03-26T13:47:30.726+0000] {docker.py:69} INFO -     int(1742996790)
[2025-03-26T13:47:30.727+0000] {docker.py:69} INFO -   }
[2025-03-26T13:47:30.728+0000] {docker.py:69} INFO -   [55]=>
[2025-03-26T13:47:30.728+0000] {docker.py:69} INFO -   object(stdClass)#57 (3) {
[2025-03-26T13:47:30.729+0000] {docker.py:69} INFO -     ["contador"]=>
[2025-03-26T13:47:30.729+0000] {docker.py:69} INFO -     int(1)
[2025-03-26T13:47:30.730+0000] {docker.py:69} INFO -     ["container"]=>
[2025-03-26T13:47:30.730+0000] {docker.py:69} INFO -     string(8) "php-app1"
[2025-03-26T13:47:30.731+0000] {docker.py:69} INFO -     ["timestamp"]=>
[2025-03-26T13:47:30.731+0000] {docker.py:69} INFO -     int(1742996790)
[2025-03-26T13:47:30.732+0000] {docker.py:69} INFO -   }
[2025-03-26T13:47:30.732+0000] {docker.py:69} INFO -   [56]=>
[2025-03-26T13:47:30.732+0000] {docker.py:69} INFO -   object(stdClass)#58 (3) {
[2025-03-26T13:47:30.733+0000] {docker.py:69} INFO -     ["contador"]=>
[2025-03-26T13:47:30.734+0000] {docker.py:69} INFO -     int(1)
[2025-03-26T13:47:30.734+0000] {docker.py:69} INFO -     ["container"]=>
[2025-03-26T13:47:30.734+0000] {docker.py:69} INFO -     string(8) "php-app2"
[2025-03-26T13:47:30.735+0000] {docker.py:69} INFO -     ["timestamp"]=>
[2025-03-26T13:47:30.735+0000] {docker.py:69} INFO -     int(1742996790)
[2025-03-26T13:47:30.735+0000] {docker.py:69} INFO -   }
[2025-03-26T13:47:30.736+0000] {docker.py:69} INFO -   [57]=>
[2025-03-26T13:47:30.736+0000] {docker.py:69} INFO -   object(stdClass)#59 (3) {
[2025-03-26T13:47:30.737+0000] {docker.py:69} INFO -     ["contador"]=>
[2025-03-26T13:47:30.737+0000] {docker.py:69} INFO -     int(1)
[2025-03-26T13:47:30.737+0000] {docker.py:69} INFO -     ["container"]=>
[2025-03-26T13:47:30.738+0000] {docker.py:69} INFO -     string(8) "php-app2"
[2025-03-26T13:47:30.738+0000] {docker.py:69} INFO -     ["timestamp"]=>
[2025-03-26T13:47:30.739+0000] {docker.py:69} INFO -     int(1742996791)
[2025-03-26T13:47:30.739+0000] {docker.py:69} INFO -   }
[2025-03-26T13:47:30.739+0000] {docker.py:69} INFO -   [58]=>
[2025-03-26T13:47:30.741+0000] {docker.py:69} INFO -   object(stdClass)#60 (3) {
[2025-03-26T13:47:30.742+0000] {docker.py:69} INFO -     ["contador"]=>
[2025-03-26T13:47:30.743+0000] {docker.py:69} INFO -     int(1)
[2025-03-26T13:47:30.743+0000] {docker.py:69} INFO -     ["container"]=>
[2025-03-26T13:47:30.744+0000] {docker.py:69} INFO -     string(8) "php-app1"
[2025-03-26T13:47:30.744+0000] {docker.py:69} INFO -     ["timestamp"]=>
[2025-03-26T13:47:30.745+0000] {docker.py:69} INFO -     int(1742996792)
[2025-03-26T13:47:30.746+0000] {docker.py:69} INFO -   }
[2025-03-26T13:47:30.746+0000] {docker.py:69} INFO -   [59]=>
[2025-03-26T13:47:30.747+0000] {docker.py:69} INFO -   object(stdClass)#61 (3) {
[2025-03-26T13:47:30.748+0000] {docker.py:69} INFO -     ["contador"]=>
[2025-03-26T13:47:30.757+0000] {docker.py:69} INFO -     int(1)
[2025-03-26T13:47:30.758+0000] {docker.py:69} INFO -     ["container"]=>
[2025-03-26T13:47:30.792+0000] {docker.py:69} INFO -     string(8) "php-app1"
[2025-03-26T13:47:30.793+0000] {docker.py:69} INFO -     ["timestamp"]=>
[2025-03-26T13:47:30.804+0000] {docker.py:69} INFO -     int(1742996793)
[2025-03-26T13:47:30.806+0000] {docker.py:69} INFO -   }
[2025-03-26T13:47:30.807+0000] {docker.py:69} INFO -   [60]=>
[2025-03-26T13:47:30.807+0000] {docker.py:69} INFO -   object(stdClass)#62 (3) {
[2025-03-26T13:47:30.808+0000] {docker.py:69} INFO -     ["contador"]=>
[2025-03-26T13:47:30.808+0000] {docker.py:69} INFO -     int(1)
[2025-03-26T13:47:30.817+0000] {docker.py:69} INFO -     ["container"]=>
[2025-03-26T13:47:30.817+0000] {docker.py:69} INFO -     string(8) "php-app2"
[2025-03-26T13:47:30.818+0000] {docker.py:69} INFO -     ["timestamp"]=>
[2025-03-26T13:47:30.818+0000] {docker.py:69} INFO -     int(1742996794)
[2025-03-26T13:47:30.822+0000] {docker.py:69} INFO -   }
[2025-03-26T13:47:30.822+0000] {docker.py:69} INFO -   [61]=>
[2025-03-26T13:47:30.823+0000] {docker.py:69} INFO -   object(stdClass)#63 (3) {
[2025-03-26T13:47:30.823+0000] {docker.py:69} INFO -     ["contador"]=>
[2025-03-26T13:47:30.824+0000] {docker.py:69} INFO -     int(1)
[2025-03-26T13:47:30.824+0000] {docker.py:69} INFO -     ["container"]=>
[2025-03-26T13:47:30.825+0000] {docker.py:69} INFO -     string(8) "php-app1"
[2025-03-26T13:47:30.825+0000] {docker.py:69} INFO -     ["timestamp"]=>
[2025-03-26T13:47:30.826+0000] {docker.py:69} INFO -     int(1742996795)
[2025-03-26T13:47:30.826+0000] {docker.py:69} INFO -   }
[2025-03-26T13:47:30.827+0000] {docker.py:69} INFO -   [62]=>
[2025-03-26T13:47:30.827+0000] {docker.py:69} INFO -   object(stdClass)#64 (3) {
[2025-03-26T13:47:30.828+0000] {docker.py:69} INFO -     ["contador"]=>
[2025-03-26T13:47:30.829+0000] {docker.py:69} INFO -     int(1)
[2025-03-26T13:47:30.829+0000] {docker.py:69} INFO -     ["container"]=>
[2025-03-26T13:47:30.830+0000] {docker.py:69} INFO -     string(8) "php-app1"
[2025-03-26T13:47:30.830+0000] {docker.py:69} INFO -     ["timestamp"]=>
[2025-03-26T13:47:30.831+0000] {docker.py:69} INFO -     int(1742996797)
[2025-03-26T13:47:30.832+0000] {docker.py:69} INFO -   }
[2025-03-26T13:47:30.833+0000] {docker.py:69} INFO -   [63]=>
[2025-03-26T13:47:30.833+0000] {docker.py:69} INFO -   object(stdClass)#65 (3) {
[2025-03-26T13:47:30.834+0000] {docker.py:69} INFO -     ["contador"]=>
[2025-03-26T13:47:30.834+0000] {docker.py:69} INFO -     int(1)
[2025-03-26T13:47:30.835+0000] {docker.py:69} INFO -     ["container"]=>
[2025-03-26T13:47:30.835+0000] {docker.py:69} INFO -     string(8) "php-app2"
[2025-03-26T13:47:30.836+0000] {docker.py:69} INFO -     ["timestamp"]=>
[2025-03-26T13:47:30.836+0000] {docker.py:69} INFO -     int(1742996797)
[2025-03-26T13:47:30.836+0000] {docker.py:69} INFO -   }
[2025-03-26T13:47:30.837+0000] {docker.py:69} INFO -   [64]=>
[2025-03-26T13:47:30.837+0000] {docker.py:69} INFO -   object(stdClass)#66 (3) {
[2025-03-26T13:47:30.838+0000] {docker.py:69} INFO -     ["contador"]=>
[2025-03-26T13:47:30.838+0000] {docker.py:69} INFO -     int(1)
[2025-03-26T13:47:30.839+0000] {docker.py:69} INFO -     ["container"]=>
[2025-03-26T13:47:30.840+0000] {docker.py:69} INFO -     string(8) "php-app2"
[2025-03-26T13:47:30.841+0000] {docker.py:69} INFO -     ["timestamp"]=>
[2025-03-26T13:47:30.841+0000] {docker.py:69} INFO -     int(1742996797)
[2025-03-26T13:47:30.841+0000] {docker.py:69} INFO -   }
[2025-03-26T13:47:30.842+0000] {docker.py:69} INFO -   [65]=>
[2025-03-26T13:47:30.843+0000] {docker.py:69} INFO -   object(stdClass)#67 (3) {
[2025-03-26T13:47:30.843+0000] {docker.py:69} INFO -     ["contador"]=>
[2025-03-26T13:47:30.844+0000] {docker.py:69} INFO -     int(1)
[2025-03-26T13:47:30.844+0000] {docker.py:69} INFO -     ["container"]=>
[2025-03-26T13:47:30.845+0000] {docker.py:69} INFO -     string(8) "php-app1"
[2025-03-26T13:47:30.845+0000] {docker.py:69} INFO -     ["timestamp"]=>
[2025-03-26T13:47:30.846+0000] {docker.py:69} INFO -     int(1742996804)
[2025-03-26T13:47:30.846+0000] {docker.py:69} INFO -   }
[2025-03-26T13:47:30.847+0000] {docker.py:69} INFO -   [66]=>
[2025-03-26T13:47:30.848+0000] {docker.py:69} INFO -   object(stdClass)#68 (3) {
[2025-03-26T13:47:30.849+0000] {docker.py:69} INFO -     ["contador"]=>
[2025-03-26T13:47:30.849+0000] {docker.py:69} INFO -     int(1)
[2025-03-26T13:47:30.850+0000] {docker.py:69} INFO -     ["container"]=>
[2025-03-26T13:47:30.850+0000] {docker.py:69} INFO -     string(8) "php-app2"
[2025-03-26T13:47:30.851+0000] {docker.py:69} INFO -     ["timestamp"]=>
[2025-03-26T13:47:30.851+0000] {docker.py:69} INFO -     int(1742996806)
[2025-03-26T13:47:30.852+0000] {docker.py:69} INFO -   }
[2025-03-26T13:47:30.852+0000] {docker.py:69} INFO -   [67]=>
[2025-03-26T13:47:30.853+0000] {docker.py:69} INFO -   object(stdClass)#69 (3) {
[2025-03-26T13:47:30.854+0000] {docker.py:69} INFO -     ["contador"]=>
[2025-03-26T13:47:30.854+0000] {docker.py:69} INFO -     int(1)
[2025-03-26T13:47:30.856+0000] {docker.py:69} INFO -     ["container"]=>
[2025-03-26T13:47:30.856+0000] {docker.py:69} INFO -     string(8) "php-app2"
[2025-03-26T13:47:30.857+0000] {docker.py:69} INFO -     ["timestamp"]=>
[2025-03-26T13:47:30.858+0000] {docker.py:69} INFO -     int(1742996807)
[2025-03-26T13:47:30.858+0000] {docker.py:69} INFO -   }
[2025-03-26T13:47:30.858+0000] {docker.py:69} INFO -   [68]=>
[2025-03-26T13:47:30.859+0000] {docker.py:69} INFO -   object(stdClass)#70 (3) {
[2025-03-26T13:47:30.860+0000] {docker.py:69} INFO -     ["contador"]=>
[2025-03-26T13:47:30.860+0000] {docker.py:69} INFO -     int(1)
[2025-03-26T13:47:30.861+0000] {docker.py:69} INFO -     ["container"]=>
[2025-03-26T13:47:30.861+0000] {docker.py:69} INFO -     string(8) "php-app1"
[2025-03-26T13:47:30.862+0000] {docker.py:69} INFO -     ["timestamp"]=>
[2025-03-26T13:47:30.862+0000] {docker.py:69} INFO -     int(1742996807)
[2025-03-26T13:47:30.863+0000] {docker.py:69} INFO -   }
[2025-03-26T13:47:30.863+0000] {docker.py:69} INFO -   [69]=>
[2025-03-26T13:47:30.864+0000] {docker.py:69} INFO -   object(stdClass)#71 (3) {
[2025-03-26T13:47:30.865+0000] {docker.py:69} INFO -     ["contador"]=>
[2025-03-26T13:47:30.867+0000] {docker.py:69} INFO -     int(1)
[2025-03-26T13:47:30.891+0000] {docker.py:69} INFO -     ["container"]=>
[2025-03-26T13:47:30.892+0000] {docker.py:69} INFO -     string(8) "php-app2"
[2025-03-26T13:47:30.892+0000] {docker.py:69} INFO -     ["timestamp"]=>
[2025-03-26T13:47:30.892+0000] {docker.py:69} INFO -     int(1742996809)
[2025-03-26T13:47:30.893+0000] {docker.py:69} INFO -   }
[2025-03-26T13:47:30.893+0000] {docker.py:69} INFO -   [70]=>
[2025-03-26T13:47:30.894+0000] {docker.py:69} INFO -   object(stdClass)#72 (3) {
[2025-03-26T13:47:30.894+0000] {docker.py:69} INFO -     ["contador"]=>
[2025-03-26T13:47:30.894+0000] {docker.py:69} INFO -     int(1)
[2025-03-26T13:47:30.895+0000] {docker.py:69} INFO -     ["container"]=>
[2025-03-26T13:47:30.895+0000] {docker.py:69} INFO -     string(8) "php-app1"
[2025-03-26T13:47:30.895+0000] {docker.py:69} INFO -     ["timestamp"]=>
[2025-03-26T13:47:30.896+0000] {docker.py:69} INFO -     int(1742996810)
[2025-03-26T13:47:30.896+0000] {docker.py:69} INFO -   }
[2025-03-26T13:47:30.896+0000] {docker.py:69} INFO -   [71]=>
[2025-03-26T13:47:30.897+0000] {docker.py:69} INFO -   object(stdClass)#73 (3) {
[2025-03-26T13:47:30.897+0000] {docker.py:69} INFO -     ["contador"]=>
[2025-03-26T13:47:30.897+0000] {docker.py:69} INFO -     int(1)
[2025-03-26T13:47:30.898+0000] {docker.py:69} INFO -     ["container"]=>
[2025-03-26T13:47:30.899+0000] {docker.py:69} INFO -     string(8) "php-app1"
[2025-03-26T13:47:30.900+0000] {docker.py:69} INFO -     ["timestamp"]=>
[2025-03-26T13:47:30.900+0000] {docker.py:69} INFO -     int(1742996812)
[2025-03-26T13:47:30.901+0000] {docker.py:69} INFO -   }
[2025-03-26T13:47:30.915+0000] {docker.py:69} INFO -   [72]=>
[2025-03-26T13:47:30.916+0000] {docker.py:69} INFO -   object(stdClass)#74 (3) {
[2025-03-26T13:47:30.974+0000] {docker.py:69} INFO -     ["contador"]=>
[2025-03-26T13:47:30.975+0000] {docker.py:69} INFO -     int(1)
[2025-03-26T13:47:30.975+0000] {docker.py:69} INFO -     ["container"]=>
[2025-03-26T13:47:30.976+0000] {docker.py:69} INFO -     string(8) "php-app2"
[2025-03-26T13:47:30.977+0000] {docker.py:69} INFO -     ["timestamp"]=>
[2025-03-26T13:47:30.977+0000] {docker.py:69} INFO -     int(1742996813)
[2025-03-26T13:47:30.978+0000] {docker.py:69} INFO -   }
[2025-03-26T13:47:30.978+0000] {docker.py:69} INFO -   [73]=>
[2025-03-26T13:47:30.979+0000] {docker.py:69} INFO -   object(stdClass)#75 (3) {
[2025-03-26T13:47:30.981+0000] {docker.py:69} INFO -     ["contador"]=>
[2025-03-26T13:47:30.982+0000] {docker.py:69} INFO -     int(1)
[2025-03-26T13:47:30.984+0000] {docker.py:69} INFO -     ["container"]=>
[2025-03-26T13:47:30.985+0000] {docker.py:69} INFO -     string(8) "php-app1"
[2025-03-26T13:47:30.986+0000] {docker.py:69} INFO -     ["timestamp"]=>
[2025-03-26T13:47:30.987+0000] {docker.py:69} INFO -     int(1742996813)
[2025-03-26T13:47:30.988+0000] {docker.py:69} INFO -   }
[2025-03-26T13:47:30.989+0000] {docker.py:69} INFO -   [74]=>
[2025-03-26T13:47:30.990+0000] {docker.py:69} INFO -   object(stdClass)#76 (3) {
[2025-03-26T13:47:30.991+0000] {docker.py:69} INFO -     ["contador"]=>
[2025-03-26T13:47:30.992+0000] {docker.py:69} INFO -     int(1)
[2025-03-26T13:47:30.993+0000] {docker.py:69} INFO -     ["container"]=>
[2025-03-26T13:47:30.994+0000] {docker.py:69} INFO -     string(8) "php-app2"
[2025-03-26T13:47:30.995+0000] {docker.py:69} INFO -     ["timestamp"]=>
[2025-03-26T13:47:30.996+0000] {docker.py:69} INFO -     int(1742996815)
[2025-03-26T13:47:30.997+0000] {docker.py:69} INFO -   }
[2025-03-26T13:47:30.998+0000] {docker.py:69} INFO -   [75]=>
[2025-03-26T13:47:31.009+0000] {docker.py:69} INFO -   object(stdClass)#77 (3) {
[2025-03-26T13:47:31.010+0000] {docker.py:69} INFO -     ["contador"]=>
[2025-03-26T13:47:31.012+0000] {docker.py:69} INFO -     int(1)
[2025-03-26T13:47:31.013+0000] {docker.py:69} INFO -     ["container"]=>
[2025-03-26T13:47:31.014+0000] {docker.py:69} INFO -     string(8) "php-app1"
[2025-03-26T13:47:31.016+0000] {docker.py:69} INFO -     ["timestamp"]=>
[2025-03-26T13:47:31.017+0000] {docker.py:69} INFO -     int(1742996816)
[2025-03-26T13:47:31.021+0000] {docker.py:69} INFO -   }
[2025-03-26T13:47:31.021+0000] {docker.py:69} INFO -   [76]=>
[2025-03-26T13:47:31.022+0000] {docker.py:69} INFO -   object(stdClass)#78 (3) {
[2025-03-26T13:47:31.022+0000] {docker.py:69} INFO -     ["contador"]=>
[2025-03-26T13:47:31.023+0000] {docker.py:69} INFO -     int(1)
[2025-03-26T13:47:31.023+0000] {docker.py:69} INFO -     ["container"]=>
[2025-03-26T13:47:31.023+0000] {docker.py:69} INFO -     string(8) "php-app2"
[2025-03-26T13:47:31.024+0000] {docker.py:69} INFO -     ["timestamp"]=>
[2025-03-26T13:47:31.024+0000] {docker.py:69} INFO -     int(1742996816)
[2025-03-26T13:47:31.024+0000] {docker.py:69} INFO -   }
[2025-03-26T13:47:31.025+0000] {docker.py:69} INFO -   [77]=>
[2025-03-26T13:47:31.027+0000] {docker.py:69} INFO -   object(stdClass)#79 (3) {
[2025-03-26T13:47:31.028+0000] {docker.py:69} INFO -     ["contador"]=>
[2025-03-26T13:47:31.030+0000] {docker.py:69} INFO -     int(1)
[2025-03-26T13:47:31.031+0000] {docker.py:69} INFO -     ["container"]=>
[2025-03-26T13:47:31.039+0000] {docker.py:69} INFO -     string(8) "php-app1"
[2025-03-26T13:47:31.040+0000] {docker.py:69} INFO -     ["timestamp"]=>
[2025-03-26T13:47:31.060+0000] {docker.py:69} INFO -     int(1742996816)
[2025-03-26T13:47:31.070+0000] {docker.py:69} INFO -   }
[2025-03-26T13:47:31.080+0000] {docker.py:69} INFO -   [78]=>
[2025-03-26T13:47:31.080+0000] {docker.py:69} INFO -   object(stdClass)#80 (3) {
[2025-03-26T13:47:31.081+0000] {docker.py:69} INFO -     ["contador"]=>
[2025-03-26T13:47:31.099+0000] {docker.py:69} INFO -     int(1)
[2025-03-26T13:47:31.100+0000] {docker.py:69} INFO -     ["container"]=>
[2025-03-26T13:47:31.105+0000] {docker.py:69} INFO -     string(8) "php-app1"
[2025-03-26T13:47:31.110+0000] {docker.py:69} INFO -     ["timestamp"]=>
[2025-03-26T13:47:31.116+0000] {docker.py:69} INFO -     int(1742996817)
[2025-03-26T13:47:31.182+0000] {docker.py:69} INFO -   }
[2025-03-26T13:47:31.201+0000] {docker.py:69} INFO -   [79]=>
[2025-03-26T13:47:31.203+0000] {docker.py:69} INFO -   object(stdClass)#81 (3) {
[2025-03-26T13:47:31.207+0000] {docker.py:69} INFO -     ["contador"]=>
[2025-03-26T13:47:31.208+0000] {docker.py:69} INFO -     int(1)
[2025-03-26T13:47:31.208+0000] {docker.py:69} INFO -     ["container"]=>
[2025-03-26T13:47:31.209+0000] {docker.py:69} INFO -     string(8) "php-app2"
[2025-03-26T13:47:31.232+0000] {docker.py:69} INFO -     ["timestamp"]=>
[2025-03-26T13:47:31.233+0000] {docker.py:69} INFO -     int(1742996817)
[2025-03-26T13:47:31.233+0000] {docker.py:69} INFO -   }
[2025-03-26T13:47:31.234+0000] {docker.py:69} INFO -   [80]=>
[2025-03-26T13:47:31.277+0000] {docker.py:69} INFO -   object(stdClass)#82 (3) {
[2025-03-26T13:47:31.277+0000] {docker.py:69} INFO -     ["contador"]=>
[2025-03-26T13:47:31.278+0000] {docker.py:69} INFO -     int(1)
[2025-03-26T13:47:31.278+0000] {docker.py:69} INFO -     ["container"]=>
[2025-03-26T13:47:31.322+0000] {docker.py:69} INFO -     string(8) "php-app2"
[2025-03-26T13:47:31.322+0000] {docker.py:69} INFO -     ["timestamp"]=>
[2025-03-26T13:47:31.323+0000] {docker.py:69} INFO -     int(1742996818)
[2025-03-26T13:47:31.355+0000] {docker.py:69} INFO -   }
[2025-03-26T13:47:31.356+0000] {docker.py:69} INFO -   [81]=>
[2025-03-26T13:47:31.356+0000] {docker.py:69} INFO -   object(stdClass)#83 (3) {
[2025-03-26T13:47:31.357+0000] {docker.py:69} INFO -     ["contador"]=>
[2025-03-26T13:47:31.369+0000] {docker.py:69} INFO -     int(1)
[2025-03-26T13:47:31.397+0000] {docker.py:69} INFO -     ["container"]=>
[2025-03-26T13:47:31.400+0000] {docker.py:69} INFO -     string(8) "php-app1"
[2025-03-26T13:47:31.411+0000] {docker.py:69} INFO -     ["timestamp"]=>
[2025-03-26T13:47:31.412+0000] {docker.py:69} INFO -     int(1742996821)
[2025-03-26T13:47:31.527+0000] {docker.py:69} INFO -   }
[2025-03-26T13:47:31.527+0000] {docker.py:69} INFO -   [82]=>
[2025-03-26T13:47:31.528+0000] {docker.py:69} INFO -   object(stdClass)#84 (3) {
[2025-03-26T13:47:31.556+0000] {docker.py:69} INFO -     ["contador"]=>
[2025-03-26T13:47:31.557+0000] {docker.py:69} INFO -     int(1)
[2025-03-26T13:47:31.557+0000] {docker.py:69} INFO -     ["container"]=>
[2025-03-26T13:47:31.618+0000] {docker.py:69} INFO -     string(8) "php-app1"
[2025-03-26T13:47:31.620+0000] {docker.py:69} INFO -     ["timestamp"]=>
[2025-03-26T13:47:31.621+0000] {docker.py:69} INFO -     int(1742996824)
[2025-03-26T13:47:31.621+0000] {docker.py:69} INFO -   }
[2025-03-26T13:47:31.622+0000] {docker.py:69} INFO -   [83]=>
[2025-03-26T13:47:31.665+0000] {docker.py:69} INFO -   object(stdClass)#85 (3) {
[2025-03-26T13:47:31.677+0000] {docker.py:69} INFO -     ["contador"]=>
[2025-03-26T13:47:31.678+0000] {docker.py:69} INFO -     int(1)
[2025-03-26T13:47:31.678+0000] {docker.py:69} INFO -     ["container"]=>
[2025-03-26T13:47:31.678+0000] {docker.py:69} INFO -     string(8) "php-app2"
[2025-03-26T13:47:31.679+0000] {docker.py:69} INFO -     ["timestamp"]=>
[2025-03-26T13:47:31.679+0000] {docker.py:69} INFO -     int(1742996825)
[2025-03-26T13:47:31.680+0000] {docker.py:69} INFO -   }
[2025-03-26T13:47:31.716+0000] {docker.py:69} INFO -   [84]=>
[2025-03-26T13:47:31.716+0000] {docker.py:69} INFO -   object(stdClass)#86 (3) {
[2025-03-26T13:47:31.720+0000] {docker.py:69} INFO -     ["contador"]=>
[2025-03-26T13:47:31.721+0000] {docker.py:69} INFO -     int(1)
[2025-03-26T13:47:31.749+0000] {docker.py:69} INFO -     ["container"]=>
[2025-03-26T13:47:31.750+0000] {docker.py:69} INFO -     string(8) "php-app2"
[2025-03-26T13:47:31.750+0000] {docker.py:69} INFO -     ["timestamp"]=>
[2025-03-26T13:47:31.752+0000] {docker.py:69} INFO -     int(1742996826)
[2025-03-26T13:47:31.753+0000] {docker.py:69} INFO -   }
[2025-03-26T13:47:31.755+0000] {docker.py:69} INFO -   [85]=>
[2025-03-26T13:47:31.756+0000] {docker.py:69} INFO -   object(stdClass)#87 (3) {
[2025-03-26T13:47:31.756+0000] {docker.py:69} INFO -     ["contador"]=>
[2025-03-26T13:47:31.757+0000] {docker.py:69} INFO -     int(1)
[2025-03-26T13:47:31.757+0000] {docker.py:69} INFO -     ["container"]=>
[2025-03-26T13:47:31.758+0000] {docker.py:69} INFO -     string(8) "php-app2"
[2025-03-26T13:47:31.759+0000] {docker.py:69} INFO -     ["timestamp"]=>
[2025-03-26T13:47:31.761+0000] {docker.py:69} INFO -     int(1742996826)
[2025-03-26T13:47:31.762+0000] {docker.py:69} INFO -   }
[2025-03-26T13:47:31.762+0000] {docker.py:69} INFO -   [86]=>
[2025-03-26T13:47:31.763+0000] {docker.py:69} INFO -   object(stdClass)#88 (3) {
[2025-03-26T13:47:31.775+0000] {docker.py:69} INFO -     ["contador"]=>
[2025-03-26T13:47:31.783+0000] {docker.py:69} INFO -     int(1)
[2025-03-26T13:47:31.783+0000] {docker.py:69} INFO -     ["container"]=>
[2025-03-26T13:47:31.808+0000] {docker.py:69} INFO -     string(8) "php-app1"
[2025-03-26T13:47:31.830+0000] {docker.py:69} INFO -     ["timestamp"]=>
[2025-03-26T13:47:31.831+0000] {docker.py:69} INFO -     int(1742996827)
[2025-03-26T13:47:31.831+0000] {docker.py:69} INFO -   }
[2025-03-26T13:47:31.831+0000] {docker.py:69} INFO -   [87]=>
[2025-03-26T13:47:31.832+0000] {docker.py:69} INFO -   object(stdClass)#89 (3) {
[2025-03-26T13:47:31.832+0000] {docker.py:69} INFO -     ["contador"]=>
[2025-03-26T13:47:31.875+0000] {docker.py:69} INFO -     int(1)
[2025-03-26T13:47:31.876+0000] {docker.py:69} INFO -     ["container"]=>
[2025-03-26T13:47:31.879+0000] {docker.py:69} INFO -     string(8) "php-app2"
[2025-03-26T13:47:31.879+0000] {docker.py:69} INFO -     ["timestamp"]=>
[2025-03-26T13:47:31.880+0000] {docker.py:69} INFO -     int(1742996828)
[2025-03-26T13:47:31.880+0000] {docker.py:69} INFO -   }
[2025-03-26T13:47:31.880+0000] {docker.py:69} INFO -   [88]=>
[2025-03-26T13:47:31.881+0000] {docker.py:69} INFO -   object(stdClass)#90 (3) {
[2025-03-26T13:47:31.931+0000] {docker.py:69} INFO -     ["contador"]=>
[2025-03-26T13:47:31.932+0000] {docker.py:69} INFO -     int(1)
[2025-03-26T13:47:31.932+0000] {docker.py:69} INFO -     ["container"]=>
[2025-03-26T13:47:31.932+0000] {docker.py:69} INFO -     string(8) "php-app1"
[2025-03-26T13:47:31.933+0000] {docker.py:69} INFO -     ["timestamp"]=>
[2025-03-26T13:47:31.947+0000] {docker.py:69} INFO -     int(1742996828)
[2025-03-26T13:47:31.947+0000] {docker.py:69} INFO -   }
[2025-03-26T13:47:31.948+0000] {docker.py:69} INFO -   [89]=>
[2025-03-26T13:47:31.981+0000] {docker.py:69} INFO -   object(stdClass)#91 (3) {
[2025-03-26T13:47:31.982+0000] {docker.py:69} INFO -     ["contador"]=>
[2025-03-26T13:47:31.982+0000] {docker.py:69} INFO -     int(1)
[2025-03-26T13:47:31.982+0000] {docker.py:69} INFO -     ["container"]=>
[2025-03-26T13:47:31.983+0000] {docker.py:69} INFO -     string(8) "php-app2"
[2025-03-26T13:47:31.983+0000] {docker.py:69} INFO -     ["timestamp"]=>
[2025-03-26T13:47:32.007+0000] {docker.py:69} INFO -     int(1742996829)
[2025-03-26T13:47:32.008+0000] {docker.py:69} INFO -   }
[2025-03-26T13:47:32.058+0000] {docker.py:69} INFO -   [90]=>
[2025-03-26T13:47:32.059+0000] {docker.py:69} INFO -   object(stdClass)#92 (3) {
[2025-03-26T13:47:32.059+0000] {docker.py:69} INFO -     ["contador"]=>
[2025-03-26T13:47:32.060+0000] {docker.py:69} INFO -     int(1)
[2025-03-26T13:47:32.060+0000] {docker.py:69} INFO -     ["container"]=>
[2025-03-26T13:47:32.078+0000] {docker.py:69} INFO -     string(8) "php-app1"
[2025-03-26T13:47:32.078+0000] {docker.py:69} INFO -     ["timestamp"]=>
[2025-03-26T13:47:32.079+0000] {docker.py:69} INFO -     int(1742996829)
[2025-03-26T13:47:32.079+0000] {docker.py:69} INFO -   }
[2025-03-26T13:47:32.085+0000] {docker.py:69} INFO -   [91]=>
[2025-03-26T13:47:32.085+0000] {docker.py:69} INFO -   object(stdClass)#93 (3) {
[2025-03-26T13:47:32.086+0000] {docker.py:69} INFO -     ["contador"]=>
[2025-03-26T13:47:32.148+0000] {docker.py:69} INFO -     int(1)
[2025-03-26T13:47:32.149+0000] {docker.py:69} INFO -     ["container"]=>
[2025-03-26T13:47:32.150+0000] {docker.py:69} INFO -     string(8) "php-app2"
[2025-03-26T13:47:32.150+0000] {docker.py:69} INFO -     ["timestamp"]=>
[2025-03-26T13:47:32.150+0000] {docker.py:69} INFO -     int(1742996838)
[2025-03-26T13:47:32.180+0000] {docker.py:69} INFO -   }
[2025-03-26T13:47:32.181+0000] {docker.py:69} INFO -   [92]=>
[2025-03-26T13:47:32.181+0000] {docker.py:69} INFO -   object(stdClass)#94 (3) {
[2025-03-26T13:47:32.182+0000] {docker.py:69} INFO -     ["contador"]=>
[2025-03-26T13:47:32.187+0000] {docker.py:69} INFO -     int(1)
[2025-03-26T13:47:32.187+0000] {docker.py:69} INFO -     ["container"]=>
[2025-03-26T13:47:32.188+0000] {docker.py:69} INFO -     string(8) "php-app1"
[2025-03-26T13:47:32.213+0000] {docker.py:69} INFO -     ["timestamp"]=>
[2025-03-26T13:47:32.213+0000] {docker.py:69} INFO -     int(1742996841)
[2025-03-26T13:47:32.214+0000] {docker.py:69} INFO -   }
[2025-03-26T13:47:32.233+0000] {docker.py:69} INFO -   [93]=>
[2025-03-26T13:47:32.276+0000] {docker.py:69} INFO -   object(stdClass)#95 (3) {
[2025-03-26T13:47:32.277+0000] {docker.py:69} INFO -     ["contador"]=>
[2025-03-26T13:47:32.277+0000] {docker.py:69} INFO -     int(1)
[2025-03-26T13:47:32.277+0000] {docker.py:69} INFO -     ["container"]=>
[2025-03-26T13:47:32.278+0000] {docker.py:69} INFO - string(8) "php-app2"
[2025-03-26T13:47:32.278+0000] {docker.py:69} INFO -     ["timestamp"]=>
[2025-03-26T13:47:32.279+0000] {docker.py:69} INFO -     int(1742996842)
[2025-03-26T13:47:32.310+0000] {docker.py:69} INFO -   }
[2025-03-26T13:47:32.310+0000] {docker.py:69} INFO -   [94]=>
[2025-03-26T13:47:32.311+0000] {docker.py:69} INFO -   object(stdClass)#96 (3) {
[2025-03-26T13:47:32.311+0000] {docker.py:69} INFO -     ["contador"]=>
[2025-03-26T13:47:32.311+0000] {docker.py:69} INFO -     int(1)
[2025-03-26T13:47:32.312+0000] {docker.py:69} INFO -     ["container"]=>
[2025-03-26T13:47:32.312+0000] {docker.py:69} INFO -     string(8) "php-app1"
[2025-03-26T13:47:32.312+0000] {docker.py:69} INFO -     ["timestamp"]=>
[2025-03-26T13:47:32.313+0000] {docker.py:69} INFO -     int(1742996843)
[2025-03-26T13:47:32.339+0000] {docker.py:69} INFO -   }
[2025-03-26T13:47:32.339+0000] {docker.py:69} INFO -   [95]=>
[2025-03-26T13:47:32.339+0000] {docker.py:69} INFO -   object(stdClass)#97 (3) {
[2025-03-26T13:47:32.340+0000] {docker.py:69} INFO -     ["contador"]=>
[2025-03-26T13:47:32.340+0000] {docker.py:69} INFO -     int(1)
[2025-03-26T13:47:32.341+0000] {docker.py:69} INFO -     ["container"]=>
[2025-03-26T13:47:32.341+0000] {docker.py:69} INFO -     string(8) "php-app2"
[2025-03-26T13:47:32.341+0000] {docker.py:69} INFO -     ["timestamp"]=>
[2025-03-26T13:47:32.342+0000] {docker.py:69} INFO -     int(1742996843)
[2025-03-26T13:47:32.342+0000] {docker.py:69} INFO -   }
[2025-03-26T13:47:32.342+0000] {docker.py:69} INFO -   [96]=>
[2025-03-26T13:47:32.344+0000] {docker.py:69} INFO -   object(stdClass)#98 (3) {
[2025-03-26T13:47:32.345+0000] {docker.py:69} INFO -     ["contador"]=>
[2025-03-26T13:47:32.345+0000] {docker.py:69} INFO -     int(1)
[2025-03-26T13:47:32.346+0000] {docker.py:69} INFO -     ["container"]=>
[2025-03-26T13:47:32.347+0000] {docker.py:69} INFO -     string(8) "php-app1"
[2025-03-26T13:47:32.347+0000] {docker.py:69} INFO -     ["timestamp"]=>
[2025-03-26T13:47:32.347+0000] {docker.py:69} INFO -     int(1742996844)
[2025-03-26T13:47:32.348+0000] {docker.py:69} INFO -   }
[2025-03-26T13:47:32.348+0000] {docker.py:69} INFO -   [97]=>
[2025-03-26T13:47:32.349+0000] {docker.py:69} INFO -   array(3) {
[2025-03-26T13:47:32.349+0000] {docker.py:69} INFO -     ["contador"]=>
[2025-03-26T13:47:32.350+0000] {docker.py:69} INFO -     int(1)
[2025-03-26T13:47:32.350+0000] {docker.py:69} INFO -     ["container"]=>
[2025-03-26T13:47:32.350+0000] {docker.py:69} INFO -     string(8) "php-app1"
[2025-03-26T13:47:32.351+0000] {docker.py:69} INFO -     ["timestamp"]=>
[2025-03-26T13:47:32.351+0000] {docker.py:69} INFO -     int(1742996849)
[2025-03-26T13:47:32.352+0000] {docker.py:69} INFO -   }
[2025-03-26T13:47:32.352+0000] {docker.py:69} INFO - }
[2025-03-26T13:47:32.822+0000] {taskinstance.py:341} INFO - ::group::Post task execution logs
[2025-03-26T13:47:32.833+0000] {taskinstance.py:353} INFO - Marking task as SUCCESS. dag_id=containers1_dag, task_id=php_app1, run_id=scheduled__2025-03-25T03:05:00+00:00, execution_date=20250325T030500, start_date=20250326T134717, end_date=20250326T134732
[2025-03-26T13:47:33.557+0000] {local_task_job_runner.py:266} INFO - Task exited with return code 0
[2025-03-26T13:47:33.888+0000] {taskinstance.py:3901} INFO - 0 downstream tasks scheduled from follow-on schedule check
[2025-03-26T13:47:34.045+0000] {local_task_job_runner.py:245} INFO - ::endgroup::
[2025-03-26T13:47:34.189+0000] {standard_task_runner.py:217} INFO - Process not found (most likely exited), stop collecting metrics
