[2025-03-26T13:47:35.247+0000] {local_task_job_runner.py:123} INFO - ::group::Pre task execution logs
[2025-03-26T13:47:36.045+0000] {taskinstance.py:2614} INFO - Dependencies all met for dep_context=non-requeueable deps ti=<TaskInstance: containers1_dag.php_app1 scheduled__2025-03-25T03:35:00+00:00 [queued]>
[2025-03-26T13:47:36.268+0000] {taskinstance.py:2614} INFO - Dependencies all met for dep_context=requeueable deps ti=<TaskInstance: containers1_dag.php_app1 scheduled__2025-03-25T03:35:00+00:00 [queued]>
[2025-03-26T13:47:36.269+0000] {taskinstance.py:2867} INFO - Starting attempt 1 of 6
[2025-03-26T13:47:36.477+0000] {taskinstance.py:2890} INFO - Executing <Task(DockerOperator): php_app1> on 2025-03-25 03:35:00+00:00
[2025-03-26T13:47:36.504+0000] {logging_mixin.py:190} WARNING - /home/***/.local/lib/python3.12/site-packages/***/task/task_runner/standard_task_runner.py:70 DeprecationWarning: This process (pid=865) is multi-threaded, use of fork() may lead to deadlocks in the child.
[2025-03-26T13:47:36.505+0000] {standard_task_runner.py:72} INFO - Started process 876 to run task
[2025-03-26T13:47:36.591+0000] {standard_task_runner.py:104} INFO - Running: ['***', 'tasks', 'run', 'containers1_dag', 'php_app1', 'scheduled__2025-03-25T03:35:00+00:00', '--job-id', '110', '--raw', '--subdir', 'DAGS_FOLDER/containers1_dag.py', '--cfg-path', '/tmp/tmpiswh3quc']
[2025-03-26T13:47:36.595+0000] {standard_task_runner.py:105} INFO - Job 110: Subtask php_app1
[2025-03-26T13:47:36.955+0000] {task_command.py:467} INFO - Running <TaskInstance: containers1_dag.php_app1 scheduled__2025-03-25T03:35:00+00:00 [running]> on host 3d581a580455
[2025-03-26T13:47:38.261+0000] {taskinstance.py:3134} INFO - Exporting env vars: AIRFLOW_CTX_DAG_OWNER='andre' AIRFLOW_CTX_DAG_ID='containers1_dag' AIRFLOW_CTX_TASK_ID='php_app1' AIRFLOW_CTX_EXECUTION_DATE='2025-03-25T03:35:00+00:00' AIRFLOW_CTX_TRY_NUMBER='1' AIRFLOW_CTX_DAG_RUN_ID='scheduled__2025-03-25T03:35:00+00:00'
[2025-03-26T13:47:38.268+0000] {taskinstance.py:732} INFO - ::endgroup::
[2025-03-26T13:47:38.486+0000] {docker.py:345} INFO - Starting docker container from image php-app1
[2025-03-26T13:47:38.553+0000] {docker.py:353} WARNING - Using remote engine or docker-in-docker and mounting temporary volume from host is not supported. Falling back to `mount_tmp_dir=False` mode. You can set `mount_tmp_dir` parameter to False to disable mounting and remove the warning
[2025-03-26T13:47:42.555+0000] {docker.py:69} INFO - array(112) {
[2025-03-26T13:47:42.629+0000] {docker.py:69} INFO -   [0]=>
[2025-03-26T13:47:42.630+0000] {docker.py:69} INFO -   object(stdClass)#2 (3) {
[2025-03-26T13:47:42.630+0000] {docker.py:69} INFO -     ["contador"]=>
[2025-03-26T13:47:42.631+0000] {docker.py:69} INFO -     int(0)
[2025-03-26T13:47:42.631+0000] {docker.py:69} INFO -     ["container"]=>
[2025-03-26T13:47:42.632+0000] {docker.py:69} INFO -     string(8) "php-app1"
[2025-03-26T13:47:42.633+0000] {docker.py:69} INFO -     ["timestamp"]=>
[2025-03-26T13:47:42.633+0000] {docker.py:69} INFO -     int(1742852307)
[2025-03-26T13:47:42.634+0000] {docker.py:69} INFO -   }
[2025-03-26T13:47:42.635+0000] {docker.py:69} INFO -   [1]=>
[2025-03-26T13:47:42.635+0000] {docker.py:69} INFO -   object(stdClass)#3 (3) {
[2025-03-26T13:47:42.636+0000] {docker.py:69} INFO -     ["contador"]=>
[2025-03-26T13:47:42.637+0000] {docker.py:69} INFO -     int(1)
[2025-03-26T13:47:42.638+0000] {docker.py:69} INFO -     ["container"]=>
[2025-03-26T13:47:42.641+0000] {docker.py:69} INFO -     string(8) "php-app2"
[2025-03-26T13:47:42.642+0000] {docker.py:69} INFO -     ["timestamp"]=>
[2025-03-26T13:47:42.642+0000] {docker.py:69} INFO -     int(1742852309)
[2025-03-26T13:47:42.643+0000] {docker.py:69} INFO -   }
[2025-03-26T13:47:42.644+0000] {docker.py:69} INFO -   [2]=>
[2025-03-26T13:47:42.645+0000] {docker.py:69} INFO -   object(stdClass)#4 (3) {
[2025-03-26T13:47:42.645+0000] {docker.py:69} INFO -     ["contador"]=>
[2025-03-26T13:47:42.646+0000] {docker.py:69} INFO -     int(1)
[2025-03-26T13:47:42.646+0000] {docker.py:69} INFO -     ["container"]=>
[2025-03-26T13:47:42.647+0000] {docker.py:69} INFO -     string(8) "php-app1"
[2025-03-26T13:47:42.647+0000] {docker.py:69} INFO -     ["timestamp"]=>
[2025-03-26T13:47:42.648+0000] {docker.py:69} INFO -     int(1742852311)
[2025-03-26T13:47:42.649+0000] {docker.py:69} INFO -   }
[2025-03-26T13:47:42.652+0000] {docker.py:69} INFO -   [3]=>
[2025-03-26T13:47:42.653+0000] {docker.py:69} INFO -   object(stdClass)#5 (3) {
[2025-03-26T13:47:42.739+0000] {docker.py:69} INFO -     ["contador"]=>
[2025-03-26T13:47:42.739+0000] {docker.py:69} INFO -     int(1)
[2025-03-26T13:47:42.741+0000] {docker.py:69} INFO -     ["container"]=>
[2025-03-26T13:47:42.742+0000] {docker.py:69} INFO -     string(8) "php-app2"
[2025-03-26T13:47:42.759+0000] {docker.py:69} INFO -     ["timestamp"]=>
[2025-03-26T13:47:42.760+0000] {docker.py:69} INFO -     int(1742852314)
[2025-03-26T13:47:42.762+0000] {docker.py:69} INFO -   }
[2025-03-26T13:47:42.791+0000] {docker.py:69} INFO -   [4]=>
[2025-03-26T13:47:42.791+0000] {docker.py:69} INFO -   object(stdClass)#6 (3) {
[2025-03-26T13:47:42.792+0000] {docker.py:69} INFO -     ["contador"]=>
[2025-03-26T13:47:42.792+0000] {docker.py:69} INFO -     int(1)
[2025-03-26T13:47:42.793+0000] {docker.py:69} INFO -     ["container"]=>
[2025-03-26T13:47:42.794+0000] {docker.py:69} INFO -     string(8) "php-app2"
[2025-03-26T13:47:42.794+0000] {docker.py:69} INFO -     ["timestamp"]=>
[2025-03-26T13:47:42.795+0000] {docker.py:69} INFO -     int(1742996301)
[2025-03-26T13:47:42.795+0000] {docker.py:69} INFO -   }
[2025-03-26T13:47:42.796+0000] {docker.py:69} INFO -   [5]=>
[2025-03-26T13:47:42.796+0000] {docker.py:69} INFO -   object(stdClass)#7 (3) {
[2025-03-26T13:47:42.797+0000] {docker.py:69} INFO -     ["contador"]=>
[2025-03-26T13:47:42.797+0000] {docker.py:69} INFO -     int(1)
[2025-03-26T13:47:42.797+0000] {docker.py:69} INFO -     ["container"]=>
[2025-03-26T13:47:42.798+0000] {docker.py:69} INFO -     string(8) "php-app1"
[2025-03-26T13:47:42.798+0000] {docker.py:69} INFO -     ["timestamp"]=>
[2025-03-26T13:47:42.799+0000] {docker.py:69} INFO -     int(1742996302)
[2025-03-26T13:47:42.799+0000] {docker.py:69} INFO -   }
[2025-03-26T13:47:42.800+0000] {docker.py:69} INFO -   [6]=>
[2025-03-26T13:47:42.801+0000] {docker.py:69} INFO -   object(stdClass)#8 (3) {
[2025-03-26T13:47:42.802+0000] {docker.py:69} INFO -     ["contador"]=>
[2025-03-26T13:47:42.803+0000] {docker.py:69} INFO -     int(1)
[2025-03-26T13:47:42.803+0000] {docker.py:69} INFO -     ["container"]=>
[2025-03-26T13:47:42.804+0000] {docker.py:69} INFO -     string(8) "php-app1"
[2025-03-26T13:47:42.804+0000] {docker.py:69} INFO -     ["timestamp"]=>
[2025-03-26T13:47:42.805+0000] {docker.py:69} INFO -     int(1742996302)
[2025-03-26T13:47:42.805+0000] {docker.py:69} INFO -   }
[2025-03-26T13:47:42.806+0000] {docker.py:69} INFO -   [7]=>
[2025-03-26T13:47:42.806+0000] {docker.py:69} INFO -   object(stdClass)#9 (3) {
[2025-03-26T13:47:42.807+0000] {docker.py:69} INFO -     ["contador"]=>
[2025-03-26T13:47:42.807+0000] {docker.py:69} INFO -     int(1)
[2025-03-26T13:47:42.808+0000] {docker.py:69} INFO -     ["container"]=>
[2025-03-26T13:47:42.808+0000] {docker.py:69} INFO -     string(8) "php-app2"
[2025-03-26T13:47:42.809+0000] {docker.py:69} INFO -     ["timestamp"]=>
[2025-03-26T13:47:42.809+0000] {docker.py:69} INFO -     int(1742996303)
[2025-03-26T13:47:42.810+0000] {docker.py:69} INFO -   }
[2025-03-26T13:47:42.810+0000] {docker.py:69} INFO -   [8]=>
[2025-03-26T13:47:42.811+0000] {docker.py:69} INFO -   object(stdClass)#10 (3) {
[2025-03-26T13:47:42.811+0000] {docker.py:69} INFO -     ["contador"]=>
[2025-03-26T13:47:42.812+0000] {docker.py:69} INFO -     int(1)
[2025-03-26T13:47:42.812+0000] {docker.py:69} INFO -     ["container"]=>
[2025-03-26T13:47:42.813+0000] {docker.py:69} INFO -     string(8) "php-app1"
[2025-03-26T13:47:42.813+0000] {docker.py:69} INFO -     ["timestamp"]=>
[2025-03-26T13:47:42.814+0000] {docker.py:69} INFO -     int(1742996304)
[2025-03-26T13:47:42.814+0000] {docker.py:69} INFO -   }
[2025-03-26T13:47:42.815+0000] {docker.py:69} INFO -   [9]=>
[2025-03-26T13:47:42.815+0000] {docker.py:69} INFO -   object(stdClass)#11 (3) {
[2025-03-26T13:47:42.816+0000] {docker.py:69} INFO -     ["contador"]=>
[2025-03-26T13:47:42.816+0000] {docker.py:69} INFO -     int(1)
[2025-03-26T13:47:42.817+0000] {docker.py:69} INFO -     ["container"]=>
[2025-03-26T13:47:42.817+0000] {docker.py:69} INFO -     string(8) "php-app2"
[2025-03-26T13:47:42.818+0000] {docker.py:69} INFO -     ["timestamp"]=>
[2025-03-26T13:47:42.818+0000] {docker.py:69} INFO -     int(1742996305)
[2025-03-26T13:47:42.819+0000] {docker.py:69} INFO -   }
[2025-03-26T13:47:42.820+0000] {docker.py:69} INFO -   [10]=>
[2025-03-26T13:47:42.820+0000] {docker.py:69} INFO -   object(stdClass)#12 (3) {
[2025-03-26T13:47:42.821+0000] {docker.py:69} INFO -     ["contador"]=>
[2025-03-26T13:47:42.822+0000] {docker.py:69} INFO -     int(1)
[2025-03-26T13:47:42.822+0000] {docker.py:69} INFO -     ["container"]=>
[2025-03-26T13:47:42.823+0000] {docker.py:69} INFO -     string(8) "php-app2"
[2025-03-26T13:47:42.823+0000] {docker.py:69} INFO -     ["timestamp"]=>
[2025-03-26T13:47:42.824+0000] {docker.py:69} INFO -     int(1742996305)
[2025-03-26T13:47:42.825+0000] {docker.py:69} INFO -   }
[2025-03-26T13:47:42.826+0000] {docker.py:69} INFO -   [11]=>
[2025-03-26T13:47:42.827+0000] {docker.py:69} INFO -   object(stdClass)#13 (3) {
[2025-03-26T13:47:42.827+0000] {docker.py:69} INFO -     ["contador"]=>
[2025-03-26T13:47:42.828+0000] {docker.py:69} INFO -     int(1)
[2025-03-26T13:47:42.828+0000] {docker.py:69} INFO -     ["container"]=>
[2025-03-26T13:47:42.829+0000] {docker.py:69} INFO -     string(8) "php-app1"
[2025-03-26T13:47:42.829+0000] {docker.py:69} INFO -     ["timestamp"]=>
[2025-03-26T13:47:42.830+0000] {docker.py:69} INFO -     int(1742996305)
[2025-03-26T13:47:42.830+0000] {docker.py:69} INFO -   }
[2025-03-26T13:47:42.831+0000] {docker.py:69} INFO -   [12]=>
[2025-03-26T13:47:42.832+0000] {docker.py:69} INFO -   object(stdClass)#14 (3) {
[2025-03-26T13:47:42.832+0000] {docker.py:69} INFO -     ["contador"]=>
[2025-03-26T13:47:42.837+0000] {docker.py:69} INFO -     int(1)
[2025-03-26T13:47:42.847+0000] {docker.py:69} INFO -     ["container"]=>
[2025-03-26T13:47:42.848+0000] {docker.py:69} INFO -     string(8) "php-app1"
[2025-03-26T13:47:42.849+0000] {docker.py:69} INFO -     ["timestamp"]=>
[2025-03-26T13:47:42.849+0000] {docker.py:69} INFO -     int(1742996309)
[2025-03-26T13:47:42.850+0000] {docker.py:69} INFO -   }
[2025-03-26T13:47:42.850+0000] {docker.py:69} INFO -   [13]=>
[2025-03-26T13:47:42.850+0000] {docker.py:69} INFO -   object(stdClass)#15 (3) {
[2025-03-26T13:47:42.851+0000] {docker.py:69} INFO -     ["contador"]=>
[2025-03-26T13:47:42.851+0000] {docker.py:69} INFO -     int(1)
[2025-03-26T13:47:42.851+0000] {docker.py:69} INFO -     ["container"]=>
[2025-03-26T13:47:42.852+0000] {docker.py:69} INFO -     string(8) "php-app1"
[2025-03-26T13:47:42.852+0000] {docker.py:69} INFO -     ["timestamp"]=>
[2025-03-26T13:47:42.852+0000] {docker.py:69} INFO -     int(1742996309)
[2025-03-26T13:47:42.853+0000] {docker.py:69} INFO -   }
[2025-03-26T13:47:42.853+0000] {docker.py:69} INFO -   [14]=>
[2025-03-26T13:47:42.853+0000] {docker.py:69} INFO -   object(stdClass)#16 (3) {
[2025-03-26T13:47:42.854+0000] {docker.py:69} INFO -     ["contador"]=>
[2025-03-26T13:47:42.854+0000] {docker.py:69} INFO -     int(1)
[2025-03-26T13:47:42.855+0000] {docker.py:69} INFO -     ["container"]=>
[2025-03-26T13:47:42.855+0000] {docker.py:69} INFO -     string(8) "php-app2"
[2025-03-26T13:47:42.855+0000] {docker.py:69} INFO -     ["timestamp"]=>
[2025-03-26T13:47:42.856+0000] {docker.py:69} INFO -     int(1742996309)
[2025-03-26T13:47:42.856+0000] {docker.py:69} INFO -   }
[2025-03-26T13:47:42.856+0000] {docker.py:69} INFO -   [15]=>
[2025-03-26T13:47:42.857+0000] {docker.py:69} INFO -   object(stdClass)#17 (3) {
[2025-03-26T13:47:42.857+0000] {docker.py:69} INFO -     ["contador"]=>
[2025-03-26T13:47:42.858+0000] {docker.py:69} INFO -     int(1)
[2025-03-26T13:47:42.858+0000] {docker.py:69} INFO -     ["container"]=>
[2025-03-26T13:47:42.858+0000] {docker.py:69} INFO -     string(8) "php-app2"
[2025-03-26T13:47:42.859+0000] {docker.py:69} INFO -     ["timestamp"]=>
[2025-03-26T13:47:42.859+0000] {docker.py:69} INFO -     int(1742996309)
[2025-03-26T13:47:42.859+0000] {docker.py:69} INFO -   }
[2025-03-26T13:47:42.860+0000] {docker.py:69} INFO -   [16]=>
[2025-03-26T13:47:42.860+0000] {docker.py:69} INFO -   object(stdClass)#18 (3) {
[2025-03-26T13:47:42.861+0000] {docker.py:69} INFO -     ["contador"]=>
[2025-03-26T13:47:42.861+0000] {docker.py:69} INFO -     int(1)
[2025-03-26T13:47:42.862+0000] {docker.py:69} INFO -     ["container"]=>
[2025-03-26T13:47:42.863+0000] {docker.py:69} INFO -     string(8) "php-app1"
[2025-03-26T13:47:42.863+0000] {docker.py:69} INFO -     ["timestamp"]=>
[2025-03-26T13:47:42.863+0000] {docker.py:69} INFO -     int(1742996310)
[2025-03-26T13:47:42.864+0000] {docker.py:69} INFO -   }
[2025-03-26T13:47:42.864+0000] {docker.py:69} INFO -   [17]=>
[2025-03-26T13:47:42.865+0000] {docker.py:69} INFO -   object(stdClass)#19 (3) {
[2025-03-26T13:47:42.865+0000] {docker.py:69} INFO -     ["contador"]=>
[2025-03-26T13:47:42.866+0000] {docker.py:69} INFO -     int(1)
[2025-03-26T13:47:42.867+0000] {docker.py:69} INFO -     ["container"]=>
[2025-03-26T13:47:42.867+0000] {docker.py:69} INFO -     string(8) "php-app2"
[2025-03-26T13:47:42.868+0000] {docker.py:69} INFO -     ["timestamp"]=>
[2025-03-26T13:47:42.868+0000] {docker.py:69} INFO -     int(1742996310)
[2025-03-26T13:47:42.869+0000] {docker.py:69} INFO -   }
[2025-03-26T13:47:42.869+0000] {docker.py:69} INFO -   [18]=>
[2025-03-26T13:47:42.871+0000] {docker.py:69} INFO -   object(stdClass)#20 (3) {
[2025-03-26T13:47:42.871+0000] {docker.py:69} INFO -     ["contador"]=>
[2025-03-26T13:47:42.883+0000] {docker.py:69} INFO -     int(1)
[2025-03-26T13:47:42.884+0000] {docker.py:69} INFO -     ["container"]=>
[2025-03-26T13:47:42.884+0000] {docker.py:69} INFO -     string(8) "php-app2"
[2025-03-26T13:47:42.885+0000] {docker.py:69} INFO -     ["timestamp"]=>
[2025-03-26T13:47:42.885+0000] {docker.py:69} INFO -     int(1742996310)
[2025-03-26T13:47:42.886+0000] {docker.py:69} INFO -   }
[2025-03-26T13:47:42.886+0000] {docker.py:69} INFO -   [19]=>
[2025-03-26T13:47:42.887+0000] {docker.py:69} INFO -   object(stdClass)#21 (3) {
[2025-03-26T13:47:42.888+0000] {docker.py:69} INFO -     ["contador"]=>
[2025-03-26T13:47:42.888+0000] {docker.py:69} INFO -     int(1)
[2025-03-26T13:47:42.889+0000] {docker.py:69} INFO -     ["container"]=>
[2025-03-26T13:47:42.889+0000] {docker.py:69} INFO -     string(8) "php-app1"
[2025-03-26T13:47:42.890+0000] {docker.py:69} INFO -     ["timestamp"]=>
[2025-03-26T13:47:42.890+0000] {docker.py:69} INFO -     int(1742996311)
[2025-03-26T13:47:42.891+0000] {docker.py:69} INFO -   }
[2025-03-26T13:47:42.891+0000] {docker.py:69} INFO -   [20]=>
[2025-03-26T13:47:42.892+0000] {docker.py:69} INFO -   object(stdClass)#22 (3) {
[2025-03-26T13:47:42.893+0000] {docker.py:69} INFO -     ["contador"]=>
[2025-03-26T13:47:42.893+0000] {docker.py:69} INFO -     int(1)
[2025-03-26T13:47:42.894+0000] {docker.py:69} INFO -     ["container"]=>
[2025-03-26T13:47:42.895+0000] {docker.py:69} INFO -     string(8) "php-app1"
[2025-03-26T13:47:42.896+0000] {docker.py:69} INFO -     ["timestamp"]=>
[2025-03-26T13:47:42.896+0000] {docker.py:69} INFO -     int(1742996311)
[2025-03-26T13:47:42.897+0000] {docker.py:69} INFO -   }
[2025-03-26T13:47:42.897+0000] {docker.py:69} INFO -   [21]=>
[2025-03-26T13:47:42.898+0000] {docker.py:69} INFO -   object(stdClass)#23 (3) {
[2025-03-26T13:47:42.898+0000] {docker.py:69} INFO -     ["contador"]=>
[2025-03-26T13:47:42.899+0000] {docker.py:69} INFO -     int(1)
[2025-03-26T13:47:42.899+0000] {docker.py:69} INFO -     ["container"]=>
[2025-03-26T13:47:42.900+0000] {docker.py:69} INFO -     string(8) "php-app2"
[2025-03-26T13:47:42.900+0000] {docker.py:69} INFO -     ["timestamp"]=>
[2025-03-26T13:47:42.901+0000] {docker.py:69} INFO -     int(1742996312)
[2025-03-26T13:47:42.901+0000] {docker.py:69} INFO -   }
[2025-03-26T13:47:42.960+0000] {docker.py:69} INFO -   [22]=>
[2025-03-26T13:47:42.971+0000] {docker.py:69} INFO -   object(stdClass)#24 (3) {
[2025-03-26T13:47:42.972+0000] {docker.py:69} INFO -     ["contador"]=>
[2025-03-26T13:47:42.973+0000] {docker.py:69} INFO -     int(1)
[2025-03-26T13:47:42.973+0000] {docker.py:69} INFO -     ["container"]=>
[2025-03-26T13:47:42.974+0000] {docker.py:69} INFO -     string(8) "php-app1"
[2025-03-26T13:47:42.974+0000] {docker.py:69} INFO -     ["timestamp"]=>
[2025-03-26T13:47:42.975+0000] {docker.py:69} INFO -     int(1742996313)
[2025-03-26T13:47:42.975+0000] {docker.py:69} INFO -   }
[2025-03-26T13:47:42.976+0000] {docker.py:69} INFO -   [23]=>
[2025-03-26T13:47:42.976+0000] {docker.py:69} INFO -   object(stdClass)#25 (3) {
[2025-03-26T13:47:42.977+0000] {docker.py:69} INFO -     ["contador"]=>
[2025-03-26T13:47:42.977+0000] {docker.py:69} INFO -     int(1)
[2025-03-26T13:47:42.978+0000] {docker.py:69} INFO -     ["container"]=>
[2025-03-26T13:47:42.978+0000] {docker.py:69} INFO -     string(8) "php-app1"
[2025-03-26T13:47:42.979+0000] {docker.py:69} INFO -     ["timestamp"]=>
[2025-03-26T13:47:42.979+0000] {docker.py:69} INFO -     int(1742996751)
[2025-03-26T13:47:42.980+0000] {docker.py:69} INFO -   }
[2025-03-26T13:47:42.981+0000] {docker.py:69} INFO -   [24]=>
[2025-03-26T13:47:42.982+0000] {docker.py:69} INFO -   object(stdClass)#26 (3) {
[2025-03-26T13:47:42.983+0000] {docker.py:69} INFO -     ["contador"]=>
[2025-03-26T13:47:42.984+0000] {docker.py:69} INFO -     int(1)
[2025-03-26T13:47:42.984+0000] {docker.py:69} INFO -     ["container"]=>
[2025-03-26T13:47:42.985+0000] {docker.py:69} INFO -     string(8) "php-app2"
[2025-03-26T13:47:42.985+0000] {docker.py:69} INFO -     ["timestamp"]=>
[2025-03-26T13:47:42.986+0000] {docker.py:69} INFO -     int(1742996751)
[2025-03-26T13:47:42.987+0000] {docker.py:69} INFO -   }
[2025-03-26T13:47:42.988+0000] {docker.py:69} INFO -   [25]=>
[2025-03-26T13:47:42.988+0000] {docker.py:69} INFO -   object(stdClass)#27 (3) {
[2025-03-26T13:47:42.989+0000] {docker.py:69} INFO -     ["contador"]=>
[2025-03-26T13:47:42.989+0000] {docker.py:69} INFO -     int(1)
[2025-03-26T13:47:42.990+0000] {docker.py:69} INFO -     ["container"]=>
[2025-03-26T13:47:42.991+0000] {docker.py:69} INFO -     string(8) "php-app2"
[2025-03-26T13:47:42.991+0000] {docker.py:69} INFO -     ["timestamp"]=>
[2025-03-26T13:47:42.991+0000] {docker.py:69} INFO -     int(1742996756)
[2025-03-26T13:47:42.993+0000] {docker.py:69} INFO -   }
[2025-03-26T13:47:42.994+0000] {docker.py:69} INFO -   [26]=>
[2025-03-26T13:47:42.995+0000] {docker.py:69} INFO -   object(stdClass)#28 (3) {
[2025-03-26T13:47:42.995+0000] {docker.py:69} INFO -     ["contador"]=>
[2025-03-26T13:47:42.995+0000] {docker.py:69} INFO -     int(1)
[2025-03-26T13:47:42.996+0000] {docker.py:69} INFO -     ["container"]=>
[2025-03-26T13:47:42.996+0000] {docker.py:69} INFO -     string(8) "php-app1"
[2025-03-26T13:47:42.997+0000] {docker.py:69} INFO -     ["timestamp"]=>
[2025-03-26T13:47:42.997+0000] {docker.py:69} INFO -     int(1742996756)
[2025-03-26T13:47:42.997+0000] {docker.py:69} INFO -   }
[2025-03-26T13:47:42.998+0000] {docker.py:69} INFO -   [27]=>
[2025-03-26T13:47:42.999+0000] {docker.py:69} INFO -   object(stdClass)#29 (3) {
[2025-03-26T13:47:42.999+0000] {docker.py:69} INFO -     ["contador"]=>
[2025-03-26T13:47:43.000+0000] {docker.py:69} INFO -     int(1)
[2025-03-26T13:47:43.000+0000] {docker.py:69} INFO -     ["container"]=>
[2025-03-26T13:47:43.000+0000] {docker.py:69} INFO -     string(8) "php-app1"
[2025-03-26T13:47:43.001+0000] {docker.py:69} INFO -     ["timestamp"]=>
[2025-03-26T13:47:43.001+0000] {docker.py:69} INFO -     int(1742996757)
[2025-03-26T13:47:43.002+0000] {docker.py:69} INFO -   }
[2025-03-26T13:47:43.002+0000] {docker.py:69} INFO -   [28]=>
[2025-03-26T13:47:43.002+0000] {docker.py:69} INFO -   object(stdClass)#30 (3) {
[2025-03-26T13:47:43.003+0000] {docker.py:69} INFO -     ["contador"]=>
[2025-03-26T13:47:43.003+0000] {docker.py:69} INFO -     int(1)
[2025-03-26T13:47:43.003+0000] {docker.py:69} INFO -     ["container"]=>
[2025-03-26T13:47:43.004+0000] {docker.py:69} INFO -     string(8) "php-app2"
[2025-03-26T13:47:43.007+0000] {docker.py:69} INFO -     ["timestamp"]=>
[2025-03-26T13:47:43.007+0000] {docker.py:69} INFO -     int(1742996757)
[2025-03-26T13:47:43.007+0000] {docker.py:69} INFO -   }
[2025-03-26T13:47:43.008+0000] {docker.py:69} INFO -   [29]=>
[2025-03-26T13:47:43.008+0000] {docker.py:69} INFO -   object(stdClass)#31 (3) {
[2025-03-26T13:47:43.009+0000] {docker.py:69} INFO -     ["contador"]=>
[2025-03-26T13:47:43.009+0000] {docker.py:69} INFO -     int(1)
[2025-03-26T13:47:43.009+0000] {docker.py:69} INFO -     ["container"]=>
[2025-03-26T13:47:43.010+0000] {docker.py:69} INFO -     string(8) "php-app2"
[2025-03-26T13:47:43.010+0000] {docker.py:69} INFO -     ["timestamp"]=>
[2025-03-26T13:47:43.011+0000] {docker.py:69} INFO -     int(1742996758)
[2025-03-26T13:47:43.011+0000] {docker.py:69} INFO -   }
[2025-03-26T13:47:43.011+0000] {docker.py:69} INFO -   [30]=>
[2025-03-26T13:47:43.012+0000] {docker.py:69} INFO -   object(stdClass)#32 (3) {
[2025-03-26T13:47:43.012+0000] {docker.py:69} INFO -     ["contador"]=>
[2025-03-26T13:47:43.012+0000] {docker.py:69} INFO -     int(1)
[2025-03-26T13:47:43.013+0000] {docker.py:69} INFO -     ["container"]=>
[2025-03-26T13:47:43.013+0000] {docker.py:69} INFO -     string(8) "php-app1"
[2025-03-26T13:47:43.014+0000] {docker.py:69} INFO -     ["timestamp"]=>
[2025-03-26T13:47:43.014+0000] {docker.py:69} INFO -     int(1742996760)
[2025-03-26T13:47:43.016+0000] {docker.py:69} INFO -   }
[2025-03-26T13:47:43.016+0000] {docker.py:69} INFO -   [31]=>
[2025-03-26T13:47:43.017+0000] {docker.py:69} INFO -   object(stdClass)#33 (3) {
[2025-03-26T13:47:43.017+0000] {docker.py:69} INFO -     ["contador"]=>
[2025-03-26T13:47:43.017+0000] {docker.py:69} INFO -     int(1)
[2025-03-26T13:47:43.018+0000] {docker.py:69} INFO -     ["container"]=>
[2025-03-26T13:47:43.018+0000] {docker.py:69} INFO -     string(8) "php-app2"
[2025-03-26T13:47:43.019+0000] {docker.py:69} INFO -     ["timestamp"]=>
[2025-03-26T13:47:43.019+0000] {docker.py:69} INFO -     int(1742996760)
[2025-03-26T13:47:43.019+0000] {docker.py:69} INFO -   }
[2025-03-26T13:47:43.020+0000] {docker.py:69} INFO -   [32]=>
[2025-03-26T13:47:43.020+0000] {docker.py:69} INFO -   object(stdClass)#34 (3) {
[2025-03-26T13:47:43.021+0000] {docker.py:69} INFO -     ["contador"]=>
[2025-03-26T13:47:43.021+0000] {docker.py:69} INFO -     int(1)
[2025-03-26T13:47:43.021+0000] {docker.py:69} INFO -     ["container"]=>
[2025-03-26T13:47:43.022+0000] {docker.py:69} INFO -     string(8) "php-app2"
[2025-03-26T13:47:43.022+0000] {docker.py:69} INFO -     ["timestamp"]=>
[2025-03-26T13:47:43.023+0000] {docker.py:69} INFO -     int(1742996761)
[2025-03-26T13:47:43.023+0000] {docker.py:69} INFO -   }
[2025-03-26T13:47:43.023+0000] {docker.py:69} INFO -   [33]=>
[2025-03-26T13:47:43.024+0000] {docker.py:69} INFO -   object(stdClass)#35 (3) {
[2025-03-26T13:47:43.025+0000] {docker.py:69} INFO -     ["contador"]=>
[2025-03-26T13:47:43.025+0000] {docker.py:69} INFO -     int(1)
[2025-03-26T13:47:43.026+0000] {docker.py:69} INFO -     ["container"]=>
[2025-03-26T13:47:43.026+0000] {docker.py:69} INFO -     string(8) "php-app1"
[2025-03-26T13:47:43.026+0000] {docker.py:69} INFO -     ["timestamp"]=>
[2025-03-26T13:47:43.027+0000] {docker.py:69} INFO -     int(1742996762)
[2025-03-26T13:47:43.027+0000] {docker.py:69} INFO -   }
[2025-03-26T13:47:43.028+0000] {docker.py:69} INFO -   [34]=>
[2025-03-26T13:47:43.028+0000] {docker.py:69} INFO -   object(stdClass)#36 (3) {
[2025-03-26T13:47:43.029+0000] {docker.py:69} INFO -     ["contador"]=>
[2025-03-26T13:47:43.029+0000] {docker.py:69} INFO -     int(1)
[2025-03-26T13:47:43.031+0000] {docker.py:69} INFO -     ["container"]=>
[2025-03-26T13:47:43.032+0000] {docker.py:69} INFO -     string(8) "php-app2"
[2025-03-26T13:47:43.037+0000] {docker.py:69} INFO -     ["timestamp"]=>
[2025-03-26T13:47:43.037+0000] {docker.py:69} INFO -     int(1742996762)
[2025-03-26T13:47:43.038+0000] {docker.py:69} INFO -   }
[2025-03-26T13:47:43.038+0000] {docker.py:69} INFO -   [35]=>
[2025-03-26T13:47:43.039+0000] {docker.py:69} INFO -   object(stdClass)#37 (3) {
[2025-03-26T13:47:43.039+0000] {docker.py:69} INFO -     ["contador"]=>
[2025-03-26T13:47:43.040+0000] {docker.py:69} INFO -     int(1)
[2025-03-26T13:47:43.040+0000] {docker.py:69} INFO -     ["container"]=>
[2025-03-26T13:47:43.041+0000] {docker.py:69} INFO -     string(8) "php-app1"
[2025-03-26T13:47:43.041+0000] {docker.py:69} INFO -     ["timestamp"]=>
[2025-03-26T13:47:43.041+0000] {docker.py:69} INFO -     int(1742996763)
[2025-03-26T13:47:43.042+0000] {docker.py:69} INFO -   }
[2025-03-26T13:47:43.042+0000] {docker.py:69} INFO -   [36]=>
[2025-03-26T13:47:43.043+0000] {docker.py:69} INFO -   object(stdClass)#38 (3) {
[2025-03-26T13:47:43.043+0000] {docker.py:69} INFO -     ["contador"]=>
[2025-03-26T13:47:43.043+0000] {docker.py:69} INFO -     int(1)
[2025-03-26T13:47:43.044+0000] {docker.py:69} INFO -     ["container"]=>
[2025-03-26T13:47:43.044+0000] {docker.py:69} INFO -     string(8) "php-app1"
[2025-03-26T13:47:43.050+0000] {docker.py:69} INFO -     ["timestamp"]=>
[2025-03-26T13:47:43.052+0000] {docker.py:69} INFO -     int(1742996763)
[2025-03-26T13:47:43.053+0000] {docker.py:69} INFO -   }
[2025-03-26T13:47:43.054+0000] {docker.py:69} INFO -   [37]=>
[2025-03-26T13:47:43.054+0000] {docker.py:69} INFO -   object(stdClass)#39 (3) {
[2025-03-26T13:47:43.055+0000] {docker.py:69} INFO -     ["contador"]=>
[2025-03-26T13:47:43.056+0000] {docker.py:69} INFO -     int(1)
[2025-03-26T13:47:43.057+0000] {docker.py:69} INFO -     ["container"]=>
[2025-03-26T13:47:43.059+0000] {docker.py:69} INFO -     string(8) "php-app2"
[2025-03-26T13:47:43.060+0000] {docker.py:69} INFO -     ["timestamp"]=>
[2025-03-26T13:47:43.060+0000] {docker.py:69} INFO -     int(1742996771)
[2025-03-26T13:47:43.061+0000] {docker.py:69} INFO -   }
[2025-03-26T13:47:43.062+0000] {docker.py:69} INFO -   [38]=>
[2025-03-26T13:47:43.063+0000] {docker.py:69} INFO -   object(stdClass)#40 (3) {
[2025-03-26T13:47:43.065+0000] {docker.py:69} INFO -     ["contador"]=>
[2025-03-26T13:47:43.066+0000] {docker.py:69} INFO -     int(1)
[2025-03-26T13:47:43.066+0000] {docker.py:69} INFO -     ["container"]=>
[2025-03-26T13:47:43.066+0000] {docker.py:69} INFO -     string(8) "php-app2"
[2025-03-26T13:47:43.067+0000] {docker.py:69} INFO -     ["timestamp"]=>
[2025-03-26T13:47:43.067+0000] {docker.py:69} INFO -     int(1742996773)
[2025-03-26T13:47:43.068+0000] {docker.py:69} INFO -   }
[2025-03-26T13:47:43.068+0000] {docker.py:69} INFO -   [39]=>
[2025-03-26T13:47:43.068+0000] {docker.py:69} INFO -   object(stdClass)#41 (3) {
[2025-03-26T13:47:43.069+0000] {docker.py:69} INFO -     ["contador"]=>
[2025-03-26T13:47:43.069+0000] {docker.py:69} INFO -     int(1)
[2025-03-26T13:47:43.070+0000] {docker.py:69} INFO -     ["container"]=>
[2025-03-26T13:47:43.070+0000] {docker.py:69} INFO -     string(8) "php-app1"
[2025-03-26T13:47:43.070+0000] {docker.py:69} INFO -     ["timestamp"]=>
[2025-03-26T13:47:43.071+0000] {docker.py:69} INFO -     int(1742996773)
[2025-03-26T13:47:43.071+0000] {docker.py:69} INFO -   }
[2025-03-26T13:47:43.072+0000] {docker.py:69} INFO -   [40]=>
[2025-03-26T13:47:43.072+0000] {docker.py:69} INFO -   object(stdClass)#42 (3) {
[2025-03-26T13:47:43.074+0000] {docker.py:69} INFO -     ["contador"]=>
[2025-03-26T13:47:43.075+0000] {docker.py:69} INFO -     int(1)
[2025-03-26T13:47:43.076+0000] {docker.py:69} INFO -     ["container"]=>
[2025-03-26T13:47:43.076+0000] {docker.py:69} INFO -     string(8) "php-app1"
[2025-03-26T13:47:43.077+0000] {docker.py:69} INFO -     ["timestamp"]=>
[2025-03-26T13:47:43.092+0000] {docker.py:69} INFO -     int(1742996775)
[2025-03-26T13:47:43.092+0000] {docker.py:69} INFO -   }
[2025-03-26T13:47:43.093+0000] {docker.py:69} INFO -   [41]=>
[2025-03-26T13:47:43.093+0000] {docker.py:69} INFO -   object(stdClass)#43 (3) {
[2025-03-26T13:47:43.094+0000] {docker.py:69} INFO -     ["contador"]=>
[2025-03-26T13:47:43.094+0000] {docker.py:69} INFO -     int(1)
[2025-03-26T13:47:43.095+0000] {docker.py:69} INFO -     ["container"]=>
[2025-03-26T13:47:43.095+0000] {docker.py:69} INFO -     string(8) "php-app2"
[2025-03-26T13:47:43.097+0000] {docker.py:69} INFO -     ["timestamp"]=>
[2025-03-26T13:47:43.098+0000] {docker.py:69} INFO -     int(1742996775)
[2025-03-26T13:47:43.099+0000] {docker.py:69} INFO -   }
[2025-03-26T13:47:43.099+0000] {docker.py:69} INFO -   [42]=>
[2025-03-26T13:47:43.100+0000] {docker.py:69} INFO -   object(stdClass)#44 (3) {
[2025-03-26T13:47:43.101+0000] {docker.py:69} INFO -     ["contador"]=>
[2025-03-26T13:47:43.102+0000] {docker.py:69} INFO -     int(1)
[2025-03-26T13:47:43.103+0000] {docker.py:69} INFO -     ["container"]=>
[2025-03-26T13:47:43.103+0000] {docker.py:69} INFO -     string(8) "php-app2"
[2025-03-26T13:47:43.104+0000] {docker.py:69} INFO -     ["timestamp"]=>
[2025-03-26T13:47:43.106+0000] {docker.py:69} INFO -     int(1742996775)
[2025-03-26T13:47:43.106+0000] {docker.py:69} INFO -   }
[2025-03-26T13:47:43.109+0000] {docker.py:69} INFO -   [43]=>
[2025-03-26T13:47:43.110+0000] {docker.py:69} INFO -   object(stdClass)#45 (3) {
[2025-03-26T13:47:43.110+0000] {docker.py:69} INFO -     ["contador"]=>
[2025-03-26T13:47:43.111+0000] {docker.py:69} INFO -     int(1)
[2025-03-26T13:47:43.115+0000] {docker.py:69} INFO -     ["container"]=>
[2025-03-26T13:47:43.116+0000] {docker.py:69} INFO -     string(8) "php-app1"
[2025-03-26T13:47:43.117+0000] {docker.py:69} INFO -     ["timestamp"]=>
[2025-03-26T13:47:43.119+0000] {docker.py:69} INFO -     int(1742996777)
[2025-03-26T13:47:43.120+0000] {docker.py:69} INFO -   }
[2025-03-26T13:47:43.121+0000] {docker.py:69} INFO -   [44]=>
[2025-03-26T13:47:43.121+0000] {docker.py:69} INFO -   object(stdClass)#46 (3) {
[2025-03-26T13:47:43.122+0000] {docker.py:69} INFO -     ["contador"]=>
[2025-03-26T13:47:43.122+0000] {docker.py:69} INFO -     int(1)
[2025-03-26T13:47:43.122+0000] {docker.py:69} INFO -     ["container"]=>
[2025-03-26T13:47:43.123+0000] {docker.py:69} INFO -     string(8) "php-app1"
[2025-03-26T13:47:43.123+0000] {docker.py:69} INFO -     ["timestamp"]=>
[2025-03-26T13:47:43.124+0000] {docker.py:69} INFO -     int(1742996779)
[2025-03-26T13:47:43.124+0000] {docker.py:69} INFO -   }
[2025-03-26T13:47:43.125+0000] {docker.py:69} INFO -   [45]=>
[2025-03-26T13:47:43.125+0000] {docker.py:69} INFO -   object(stdClass)#47 (3) {
[2025-03-26T13:47:43.125+0000] {docker.py:69} INFO -     ["contador"]=>
[2025-03-26T13:47:43.126+0000] {docker.py:69} INFO -     int(1)
[2025-03-26T13:47:43.126+0000] {docker.py:69} INFO -     ["container"]=>
[2025-03-26T13:47:43.127+0000] {docker.py:69} INFO -     string(8) "php-app2"
[2025-03-26T13:47:43.129+0000] {docker.py:69} INFO -     ["timestamp"]=>
[2025-03-26T13:47:43.130+0000] {docker.py:69} INFO -     int(1742996779)
[2025-03-26T13:47:43.131+0000] {docker.py:69} INFO -   }
[2025-03-26T13:47:43.131+0000] {docker.py:69} INFO -   [46]=>
[2025-03-26T13:47:43.132+0000] {docker.py:69} INFO -   object(stdClass)#48 (3) {
[2025-03-26T13:47:43.132+0000] {docker.py:69} INFO -     ["contador"]=>
[2025-03-26T13:47:43.133+0000] {docker.py:69} INFO -     int(1)
[2025-03-26T13:47:43.134+0000] {docker.py:69} INFO -     ["container"]=>
[2025-03-26T13:47:43.135+0000] {docker.py:69} INFO -     string(8) "php-app1"
[2025-03-26T13:47:43.136+0000] {docker.py:69} INFO -     ["timestamp"]=>
[2025-03-26T13:47:43.137+0000] {docker.py:69} INFO -     int(1742996781)
[2025-03-26T13:47:43.137+0000] {docker.py:69} INFO -   }
[2025-03-26T13:47:43.138+0000] {docker.py:69} INFO -   [47]=>
[2025-03-26T13:47:43.139+0000] {docker.py:69} INFO -   object(stdClass)#49 (3) {
[2025-03-26T13:47:43.141+0000] {docker.py:69} INFO -     ["contador"]=>
[2025-03-26T13:47:43.141+0000] {docker.py:69} INFO -     int(1)
[2025-03-26T13:47:43.142+0000] {docker.py:69} INFO -     ["container"]=>
[2025-03-26T13:47:43.142+0000] {docker.py:69} INFO -     string(8) "php-app1"
[2025-03-26T13:47:43.143+0000] {docker.py:69} INFO -     ["timestamp"]=>
[2025-03-26T13:47:43.143+0000] {docker.py:69} INFO -     int(1742996781)
[2025-03-26T13:47:43.143+0000] {docker.py:69} INFO -   }
[2025-03-26T13:47:43.144+0000] {docker.py:69} INFO -   [48]=>
[2025-03-26T13:47:43.144+0000] {docker.py:69} INFO -   object(stdClass)#50 (3) {
[2025-03-26T13:47:43.145+0000] {docker.py:69} INFO -     ["contador"]=>
[2025-03-26T13:47:43.146+0000] {docker.py:69} INFO -     int(1)
[2025-03-26T13:47:43.147+0000] {docker.py:69} INFO -     ["container"]=>
[2025-03-26T13:47:43.148+0000] {docker.py:69} INFO -     string(8) "php-app2"
[2025-03-26T13:47:43.149+0000] {docker.py:69} INFO -     ["timestamp"]=>
[2025-03-26T13:47:43.149+0000] {docker.py:69} INFO -     int(1742996781)
[2025-03-26T13:47:43.150+0000] {docker.py:69} INFO -   }
[2025-03-26T13:47:43.151+0000] {docker.py:69} INFO -   [49]=>
[2025-03-26T13:47:43.151+0000] {docker.py:69} INFO -   object(stdClass)#51 (3) {
[2025-03-26T13:47:43.152+0000] {docker.py:69} INFO -     ["contador"]=>
[2025-03-26T13:47:43.152+0000] {docker.py:69} INFO -     int(1)
[2025-03-26T13:47:43.153+0000] {docker.py:69} INFO -     ["container"]=>
[2025-03-26T13:47:43.153+0000] {docker.py:69} INFO -     string(8) "php-app1"
[2025-03-26T13:47:43.154+0000] {docker.py:69} INFO -     ["timestamp"]=>
[2025-03-26T13:47:43.154+0000] {docker.py:69} INFO -     int(1742996783)
[2025-03-26T13:47:43.155+0000] {docker.py:69} INFO -   }
[2025-03-26T13:47:43.155+0000] {docker.py:69} INFO -   [50]=>
[2025-03-26T13:47:43.156+0000] {docker.py:69} INFO -   object(stdClass)#52 (3) {
[2025-03-26T13:47:43.156+0000] {docker.py:69} INFO -     ["contador"]=>
[2025-03-26T13:47:43.157+0000] {docker.py:69} INFO -     int(1)
[2025-03-26T13:47:43.157+0000] {docker.py:69} INFO -     ["container"]=>
[2025-03-26T13:47:43.158+0000] {docker.py:69} INFO -     string(8) "php-app2"
[2025-03-26T13:47:43.158+0000] {docker.py:69} INFO -     ["timestamp"]=>
[2025-03-26T13:47:43.158+0000] {docker.py:69} INFO -     int(1742996783)
[2025-03-26T13:47:43.159+0000] {docker.py:69} INFO -   }
[2025-03-26T13:47:43.159+0000] {docker.py:69} INFO -   [51]=>
[2025-03-26T13:47:43.160+0000] {docker.py:69} INFO -   object(stdClass)#53 (3) {
[2025-03-26T13:47:43.161+0000] {docker.py:69} INFO -     ["contador"]=>
[2025-03-26T13:47:43.161+0000] {docker.py:69} INFO -     int(1)
[2025-03-26T13:47:43.162+0000] {docker.py:69} INFO -     ["container"]=>
[2025-03-26T13:47:43.162+0000] {docker.py:69} INFO -     string(8) "php-app1"
[2025-03-26T13:47:43.163+0000] {docker.py:69} INFO -     ["timestamp"]=>
[2025-03-26T13:47:43.164+0000] {docker.py:69} INFO -     int(1742996783)
[2025-03-26T13:47:43.164+0000] {docker.py:69} INFO -   }
[2025-03-26T13:47:43.165+0000] {docker.py:69} INFO -   [52]=>
[2025-03-26T13:47:43.166+0000] {docker.py:69} INFO -   object(stdClass)#54 (3) {
[2025-03-26T13:47:43.167+0000] {docker.py:69} INFO -     ["contador"]=>
[2025-03-26T13:47:43.167+0000] {docker.py:69} INFO -     int(1)
[2025-03-26T13:47:43.169+0000] {docker.py:69} INFO -     ["container"]=>
[2025-03-26T13:47:43.170+0000] {docker.py:69} INFO -     string(8) "php-app2"
[2025-03-26T13:47:43.171+0000] {docker.py:69} INFO -     ["timestamp"]=>
[2025-03-26T13:47:43.171+0000] {docker.py:69} INFO -     int(1742996785)
[2025-03-26T13:47:43.172+0000] {docker.py:69} INFO -   }
[2025-03-26T13:47:43.173+0000] {docker.py:69} INFO -   [53]=>
[2025-03-26T13:47:43.174+0000] {docker.py:69} INFO -   object(stdClass)#55 (3) {
[2025-03-26T13:47:43.174+0000] {docker.py:69} INFO -     ["contador"]=>
[2025-03-26T13:47:43.175+0000] {docker.py:69} INFO -     int(1)
[2025-03-26T13:47:43.176+0000] {docker.py:69} INFO -     ["container"]=>
[2025-03-26T13:47:43.176+0000] {docker.py:69} INFO -     string(8) "php-app2"
[2025-03-26T13:47:43.177+0000] {docker.py:69} INFO -     ["timestamp"]=>
[2025-03-26T13:47:43.178+0000] {docker.py:69} INFO -     int(1742996789)
[2025-03-26T13:47:43.179+0000] {docker.py:69} INFO -   }
[2025-03-26T13:47:43.179+0000] {docker.py:69} INFO -   [54]=>
[2025-03-26T13:47:43.180+0000] {docker.py:69} INFO -   object(stdClass)#56 (3) {
[2025-03-26T13:47:43.181+0000] {docker.py:69} INFO -     ["contador"]=>
[2025-03-26T13:47:43.182+0000] {docker.py:69} INFO -     int(1)
[2025-03-26T13:47:43.183+0000] {docker.py:69} INFO -     ["container"]=>
[2025-03-26T13:47:43.183+0000] {docker.py:69} INFO -     string(8) "php-app1"
[2025-03-26T13:47:43.184+0000] {docker.py:69} INFO -     ["timestamp"]=>
[2025-03-26T13:47:43.184+0000] {docker.py:69} INFO -     int(1742996790)
[2025-03-26T13:47:43.185+0000] {docker.py:69} INFO -   }
[2025-03-26T13:47:43.185+0000] {docker.py:69} INFO -   [55]=>
[2025-03-26T13:47:43.186+0000] {docker.py:69} INFO -   object(stdClass)#57 (3) {
[2025-03-26T13:47:43.186+0000] {docker.py:69} INFO -     ["contador"]=>
[2025-03-26T13:47:43.186+0000] {docker.py:69} INFO -     int(1)
[2025-03-26T13:47:43.186+0000] {docker.py:69} INFO -     ["container"]=>
[2025-03-26T13:47:43.187+0000] {docker.py:69} INFO -     string(8) "php-app1"
[2025-03-26T13:47:43.187+0000] {docker.py:69} INFO -     ["timestamp"]=>
[2025-03-26T13:47:43.188+0000] {docker.py:69} INFO -     int(1742996790)
[2025-03-26T13:47:43.188+0000] {docker.py:69} INFO -   }
[2025-03-26T13:47:43.188+0000] {docker.py:69} INFO -   [56]=>
[2025-03-26T13:47:43.189+0000] {docker.py:69} INFO -   object(stdClass)#58 (3) {
[2025-03-26T13:47:43.189+0000] {docker.py:69} INFO -     ["contador"]=>
[2025-03-26T13:47:43.189+0000] {docker.py:69} INFO -     int(1)
[2025-03-26T13:47:43.194+0000] {docker.py:69} INFO -     ["container"]=>
[2025-03-26T13:47:43.195+0000] {docker.py:69} INFO -     string(8) "php-app2"
[2025-03-26T13:47:43.196+0000] {docker.py:69} INFO -     ["timestamp"]=>
[2025-03-26T13:47:43.199+0000] {docker.py:69} INFO -     int(1742996790)
[2025-03-26T13:47:43.207+0000] {docker.py:69} INFO -   }
[2025-03-26T13:47:43.210+0000] {docker.py:69} INFO -   [57]=>
[2025-03-26T13:47:43.211+0000] {docker.py:69} INFO -   object(stdClass)#59 (3) {
[2025-03-26T13:47:43.211+0000] {docker.py:69} INFO -     ["contador"]=>
[2025-03-26T13:47:43.213+0000] {docker.py:69} INFO -     int(1)
[2025-03-26T13:47:43.215+0000] {docker.py:69} INFO -     ["container"]=>
[2025-03-26T13:47:43.215+0000] {docker.py:69} INFO -     string(8) "php-app2"
[2025-03-26T13:47:43.216+0000] {docker.py:69} INFO -     ["timestamp"]=>
[2025-03-26T13:47:43.217+0000] {docker.py:69} INFO -     int(1742996791)
[2025-03-26T13:47:43.217+0000] {docker.py:69} INFO -   }
[2025-03-26T13:47:43.218+0000] {docker.py:69} INFO -   [58]=>
[2025-03-26T13:47:43.221+0000] {docker.py:69} INFO -   object(stdClass)#60 (3) {
[2025-03-26T13:47:43.233+0000] {docker.py:69} INFO -     ["contador"]=>
[2025-03-26T13:47:43.234+0000] {docker.py:69} INFO -     int(1)
[2025-03-26T13:47:43.234+0000] {docker.py:69} INFO -     ["container"]=>
[2025-03-26T13:47:43.235+0000] {docker.py:69} INFO -     string(8) "php-app1"
[2025-03-26T13:47:43.235+0000] {docker.py:69} INFO -     ["timestamp"]=>
[2025-03-26T13:47:43.236+0000] {docker.py:69} INFO -     int(1742996792)
[2025-03-26T13:47:43.236+0000] {docker.py:69} INFO -   }
[2025-03-26T13:47:43.237+0000] {docker.py:69} INFO -   [59]=>
[2025-03-26T13:47:43.237+0000] {docker.py:69} INFO -   object(stdClass)#61 (3) {
[2025-03-26T13:47:43.237+0000] {docker.py:69} INFO -     ["contador"]=>
[2025-03-26T13:47:43.238+0000] {docker.py:69} INFO -     int(1)
[2025-03-26T13:47:43.238+0000] {docker.py:69} INFO -     ["container"]=>
[2025-03-26T13:47:43.239+0000] {docker.py:69} INFO -     string(8) "php-app1"
[2025-03-26T13:47:43.239+0000] {docker.py:69} INFO -     ["timestamp"]=>
[2025-03-26T13:47:43.240+0000] {docker.py:69} INFO -     int(1742996793)
[2025-03-26T13:47:43.240+0000] {docker.py:69} INFO -   }
[2025-03-26T13:47:43.240+0000] {docker.py:69} INFO -   [60]=>
[2025-03-26T13:47:43.241+0000] {docker.py:69} INFO -   object(stdClass)#62 (3) {
[2025-03-26T13:47:43.241+0000] {docker.py:69} INFO -     ["contador"]=>
[2025-03-26T13:47:43.242+0000] {docker.py:69} INFO -     int(1)
[2025-03-26T13:47:43.242+0000] {docker.py:69} INFO -     ["container"]=>
[2025-03-26T13:47:43.243+0000] {docker.py:69} INFO -     string(8) "php-app2"
[2025-03-26T13:47:43.243+0000] {docker.py:69} INFO -     ["timestamp"]=>
[2025-03-26T13:47:43.244+0000] {docker.py:69} INFO -     int(1742996794)
[2025-03-26T13:47:43.244+0000] {docker.py:69} INFO -   }
[2025-03-26T13:47:43.245+0000] {docker.py:69} INFO -   [61]=>
[2025-03-26T13:47:43.246+0000] {docker.py:69} INFO -   object(stdClass)#63 (3) {
[2025-03-26T13:47:43.249+0000] {docker.py:69} INFO -     ["contador"]=>
[2025-03-26T13:47:43.249+0000] {docker.py:69} INFO -     int(1)
[2025-03-26T13:47:43.250+0000] {docker.py:69} INFO -     ["container"]=>
[2025-03-26T13:47:43.250+0000] {docker.py:69} INFO -     string(8) "php-app1"
[2025-03-26T13:47:43.251+0000] {docker.py:69} INFO -     ["timestamp"]=>
[2025-03-26T13:47:43.251+0000] {docker.py:69} INFO -     int(1742996795)
[2025-03-26T13:47:43.252+0000] {docker.py:69} INFO -   }
[2025-03-26T13:47:43.252+0000] {docker.py:69} INFO -   [62]=>
[2025-03-26T13:47:43.253+0000] {docker.py:69} INFO -   object(stdClass)#64 (3) {
[2025-03-26T13:47:43.253+0000] {docker.py:69} INFO -     ["contador"]=>
[2025-03-26T13:47:43.253+0000] {docker.py:69} INFO -     int(1)
[2025-03-26T13:47:43.254+0000] {docker.py:69} INFO -     ["container"]=>
[2025-03-26T13:47:43.254+0000] {docker.py:69} INFO -     string(8) "php-app1"
[2025-03-26T13:47:43.255+0000] {docker.py:69} INFO -     ["timestamp"]=>
[2025-03-26T13:47:43.255+0000] {docker.py:69} INFO -     int(1742996797)
[2025-03-26T13:47:43.255+0000] {docker.py:69} INFO -   }
[2025-03-26T13:47:43.256+0000] {docker.py:69} INFO -   [63]=>
[2025-03-26T13:47:43.256+0000] {docker.py:69} INFO -   object(stdClass)#65 (3) {
[2025-03-26T13:47:43.257+0000] {docker.py:69} INFO -     ["contador"]=>
[2025-03-26T13:47:43.258+0000] {docker.py:69} INFO -     int(1)
[2025-03-26T13:47:43.259+0000] {docker.py:69} INFO -     ["container"]=>
[2025-03-26T13:47:43.259+0000] {docker.py:69} INFO -     string(8) "php-app2"
[2025-03-26T13:47:43.260+0000] {docker.py:69} INFO -     ["timestamp"]=>
[2025-03-26T13:47:43.260+0000] {docker.py:69} INFO -     int(1742996797)
[2025-03-26T13:47:43.260+0000] {docker.py:69} INFO -   }
[2025-03-26T13:47:43.261+0000] {docker.py:69} INFO -   [64]=>
[2025-03-26T13:47:43.262+0000] {docker.py:69} INFO -   object(stdClass)#66 (3) {
[2025-03-26T13:47:43.263+0000] {docker.py:69} INFO -     ["contador"]=>
[2025-03-26T13:47:43.265+0000] {docker.py:69} INFO -     int(1)
[2025-03-26T13:47:43.266+0000] {docker.py:69} INFO -     ["container"]=>
[2025-03-26T13:47:43.266+0000] {docker.py:69} INFO -     string(8) "php-app2"
[2025-03-26T13:47:43.267+0000] {docker.py:69} INFO -     ["timestamp"]=>
[2025-03-26T13:47:43.267+0000] {docker.py:69} INFO -     int(1742996797)
[2025-03-26T13:47:43.268+0000] {docker.py:69} INFO -   }
[2025-03-26T13:47:43.269+0000] {docker.py:69} INFO -   [65]=>
[2025-03-26T13:47:43.269+0000] {docker.py:69} INFO -   object(stdClass)#67 (3) {
[2025-03-26T13:47:43.270+0000] {docker.py:69} INFO -     ["contador"]=>
[2025-03-26T13:47:43.271+0000] {docker.py:69} INFO -     int(1)
[2025-03-26T13:47:43.271+0000] {docker.py:69} INFO -     ["container"]=>
[2025-03-26T13:47:43.272+0000] {docker.py:69} INFO -     string(8) "php-app1"
[2025-03-26T13:47:43.272+0000] {docker.py:69} INFO -     ["timestamp"]=>
[2025-03-26T13:47:43.272+0000] {docker.py:69} INFO -     int(1742996804)
[2025-03-26T13:47:43.273+0000] {docker.py:69} INFO -   }
[2025-03-26T13:47:43.275+0000] {docker.py:69} INFO -   [66]=>
[2025-03-26T13:47:43.276+0000] {docker.py:69} INFO -   object(stdClass)#68 (3) {
[2025-03-26T13:47:43.276+0000] {docker.py:69} INFO -     ["contador"]=>
[2025-03-26T13:47:43.278+0000] {docker.py:69} INFO -     int(1)
[2025-03-26T13:47:43.279+0000] {docker.py:69} INFO -     ["container"]=>
[2025-03-26T13:47:43.280+0000] {docker.py:69} INFO -     string(8) "php-app2"
[2025-03-26T13:47:43.281+0000] {docker.py:69} INFO -     ["timestamp"]=>
[2025-03-26T13:47:43.281+0000] {docker.py:69} INFO -     int(1742996806)
[2025-03-26T13:47:43.282+0000] {docker.py:69} INFO -   }
[2025-03-26T13:47:43.284+0000] {docker.py:69} INFO -   [67]=>
[2025-03-26T13:47:43.293+0000] {docker.py:69} INFO -   object(stdClass)#69 (3) {
[2025-03-26T13:47:43.327+0000] {docker.py:69} INFO -     ["contador"]=>
[2025-03-26T13:47:43.335+0000] {docker.py:69} INFO -     int(1)
[2025-03-26T13:47:43.344+0000] {docker.py:69} INFO -     ["container"]=>
[2025-03-26T13:47:43.357+0000] {docker.py:69} INFO -     string(8) "php-app2"
[2025-03-26T13:47:43.358+0000] {docker.py:69} INFO -     ["timestamp"]=>
[2025-03-26T13:47:43.359+0000] {docker.py:69} INFO -     int(1742996807)
[2025-03-26T13:47:43.359+0000] {docker.py:69} INFO -   }
[2025-03-26T13:47:43.360+0000] {docker.py:69} INFO -   [68]=>
[2025-03-26T13:47:43.366+0000] {docker.py:69} INFO -   object(stdClass)#70 (3) {
[2025-03-26T13:47:43.367+0000] {docker.py:69} INFO -     ["contador"]=>
[2025-03-26T13:47:43.376+0000] {docker.py:69} INFO -     int(1)
[2025-03-26T13:47:43.377+0000] {docker.py:69} INFO -     ["container"]=>
[2025-03-26T13:47:43.377+0000] {docker.py:69} INFO -     string(8) "php-app1"
[2025-03-26T13:47:43.378+0000] {docker.py:69} INFO -     ["timestamp"]=>
[2025-03-26T13:47:43.388+0000] {docker.py:69} INFO -     int(1742996807)
[2025-03-26T13:47:43.389+0000] {docker.py:69} INFO -   }
[2025-03-26T13:47:43.393+0000] {docker.py:69} INFO -   [69]=>
[2025-03-26T13:47:43.394+0000] {docker.py:69} INFO -   object(stdClass)#71 (3) {
[2025-03-26T13:47:43.396+0000] {docker.py:69} INFO -     ["contador"]=>
[2025-03-26T13:47:43.398+0000] {docker.py:69} INFO -     int(1)
[2025-03-26T13:47:43.402+0000] {docker.py:69} INFO -     ["container"]=>
[2025-03-26T13:47:43.403+0000] {docker.py:69} INFO -     string(8) "php-app2"
[2025-03-26T13:47:43.404+0000] {docker.py:69} INFO -     ["timestamp"]=>
[2025-03-26T13:47:43.405+0000] {docker.py:69} INFO -     int(1742996809)
[2025-03-26T13:47:43.405+0000] {docker.py:69} INFO -   }
[2025-03-26T13:47:43.408+0000] {docker.py:69} INFO -   [70]=>
[2025-03-26T13:47:43.409+0000] {docker.py:69} INFO -   object(stdClass)#72 (3) {
[2025-03-26T13:47:43.414+0000] {docker.py:69} INFO -     ["contador"]=>
[2025-03-26T13:47:43.417+0000] {docker.py:69} INFO -     int(1)
[2025-03-26T13:47:43.425+0000] {docker.py:69} INFO -     ["container"]=>
[2025-03-26T13:47:43.426+0000] {docker.py:69} INFO -     string(8) "php-app1"
[2025-03-26T13:47:43.426+0000] {docker.py:69} INFO -     ["timestamp"]=>
[2025-03-26T13:47:43.427+0000] {docker.py:69} INFO -     int(1742996810)
[2025-03-26T13:47:43.427+0000] {docker.py:69} INFO -   }
[2025-03-26T13:47:43.428+0000] {docker.py:69} INFO -   [71]=>
[2025-03-26T13:47:43.428+0000] {docker.py:69} INFO -   object(stdClass)#73 (3) {
[2025-03-26T13:47:43.429+0000] {docker.py:69} INFO -     ["contador"]=>
[2025-03-26T13:47:43.430+0000] {docker.py:69} INFO -     int(1)
[2025-03-26T13:47:43.431+0000] {docker.py:69} INFO -     ["container"]=>
[2025-03-26T13:47:43.432+0000] {docker.py:69} INFO -     string(8) "php-app1"
[2025-03-26T13:47:43.433+0000] {docker.py:69} INFO -     ["timestamp"]=>
[2025-03-26T13:47:43.434+0000] {docker.py:69} INFO -     int(1742996812)
[2025-03-26T13:47:43.435+0000] {docker.py:69} INFO -   }
[2025-03-26T13:47:43.436+0000] {docker.py:69} INFO -   [72]=>
[2025-03-26T13:47:43.436+0000] {docker.py:69} INFO -   object(stdClass)#74 (3) {
[2025-03-26T13:47:43.436+0000] {docker.py:69} INFO -     ["contador"]=>
[2025-03-26T13:47:43.437+0000] {docker.py:69} INFO -     int(1)
[2025-03-26T13:47:43.437+0000] {docker.py:69} INFO -     ["container"]=>
[2025-03-26T13:47:43.437+0000] {docker.py:69} INFO -     string(8) "php-app2"
[2025-03-26T13:47:43.438+0000] {docker.py:69} INFO -     ["timestamp"]=>
[2025-03-26T13:47:43.438+0000] {docker.py:69} INFO -     int(1742996813)
[2025-03-26T13:47:43.438+0000] {docker.py:69} INFO -   }
[2025-03-26T13:47:43.439+0000] {docker.py:69} INFO -   [73]=>
[2025-03-26T13:47:43.439+0000] {docker.py:69} INFO -   object(stdClass)#75 (3) {
[2025-03-26T13:47:43.440+0000] {docker.py:69} INFO -     ["contador"]=>
[2025-03-26T13:47:43.440+0000] {docker.py:69} INFO -     int(1)
[2025-03-26T13:47:43.440+0000] {docker.py:69} INFO -     ["container"]=>
[2025-03-26T13:47:43.441+0000] {docker.py:69} INFO -     string(8) "php-app1"
[2025-03-26T13:47:43.441+0000] {docker.py:69} INFO -     ["timestamp"]=>
[2025-03-26T13:47:43.441+0000] {docker.py:69} INFO -     int(1742996813)
[2025-03-26T13:47:43.442+0000] {docker.py:69} INFO -   }
[2025-03-26T13:47:43.442+0000] {docker.py:69} INFO -   [74]=>
[2025-03-26T13:47:43.442+0000] {docker.py:69} INFO -   object(stdClass)#76 (3) {
[2025-03-26T13:47:43.443+0000] {docker.py:69} INFO -     ["contador"]=>
[2025-03-26T13:47:43.443+0000] {docker.py:69} INFO -     int(1)
[2025-03-26T13:47:43.444+0000] {docker.py:69} INFO -     ["container"]=>
[2025-03-26T13:47:43.444+0000] {docker.py:69} INFO -     string(8) "php-app2"
[2025-03-26T13:47:43.444+0000] {docker.py:69} INFO -     ["timestamp"]=>
[2025-03-26T13:47:43.445+0000] {docker.py:69} INFO -     int(1742996815)
[2025-03-26T13:47:43.446+0000] {docker.py:69} INFO -   }
[2025-03-26T13:47:43.447+0000] {docker.py:69} INFO -   [75]=>
[2025-03-26T13:47:43.448+0000] {docker.py:69} INFO -   object(stdClass)#77 (3) {
[2025-03-26T13:47:43.449+0000] {docker.py:69} INFO -     ["contador"]=>
[2025-03-26T13:47:43.449+0000] {docker.py:69} INFO -     int(1)
[2025-03-26T13:47:43.450+0000] {docker.py:69} INFO -     ["container"]=>
[2025-03-26T13:47:43.450+0000] {docker.py:69} INFO -     string(8) "php-app1"
[2025-03-26T13:47:43.451+0000] {docker.py:69} INFO -     ["timestamp"]=>
[2025-03-26T13:47:43.451+0000] {docker.py:69} INFO -     int(1742996816)
[2025-03-26T13:47:43.453+0000] {docker.py:69} INFO -   }
[2025-03-26T13:47:43.454+0000] {docker.py:69} INFO -   [76]=>
[2025-03-26T13:47:43.454+0000] {docker.py:69} INFO -   object(stdClass)#78 (3) {
[2025-03-26T13:47:43.456+0000] {docker.py:69} INFO -     ["contador"]=>
[2025-03-26T13:47:43.457+0000] {docker.py:69} INFO -     int(1)
[2025-03-26T13:47:43.458+0000] {docker.py:69} INFO -     ["container"]=>
[2025-03-26T13:47:43.459+0000] {docker.py:69} INFO -     string(8) "php-app2"
[2025-03-26T13:47:43.460+0000] {docker.py:69} INFO -     ["timestamp"]=>
[2025-03-26T13:47:43.463+0000] {docker.py:69} INFO -     int(1742996816)
[2025-03-26T13:47:43.465+0000] {docker.py:69} INFO -   }
[2025-03-26T13:47:43.465+0000] {docker.py:69} INFO -   [77]=>
[2025-03-26T13:47:43.466+0000] {docker.py:69} INFO -   object(stdClass)#79 (3) {
[2025-03-26T13:47:43.470+0000] {docker.py:69} INFO -     ["contador"]=>
[2025-03-26T13:47:43.471+0000] {docker.py:69} INFO -     int(1)
[2025-03-26T13:47:43.472+0000] {docker.py:69} INFO -     ["container"]=>
[2025-03-26T13:47:43.472+0000] {docker.py:69} INFO -     string(8) "php-app1"
[2025-03-26T13:47:43.472+0000] {docker.py:69} INFO -     ["timestamp"]=>
[2025-03-26T13:47:43.473+0000] {docker.py:69} INFO -     int(1742996816)
[2025-03-26T13:47:43.475+0000] {docker.py:69} INFO -   }
[2025-03-26T13:47:43.525+0000] {docker.py:69} INFO -   [78]=>
[2025-03-26T13:47:43.526+0000] {docker.py:69} INFO -   object(stdClass)#80 (3) {
[2025-03-26T13:47:43.527+0000] {docker.py:69} INFO -     ["contador"]=>
[2025-03-26T13:47:43.527+0000] {docker.py:69} INFO -     int(1)
[2025-03-26T13:47:43.527+0000] {docker.py:69} INFO -     ["container"]=>
[2025-03-26T13:47:43.528+0000] {docker.py:69} INFO -     string(8) "php-app1"
[2025-03-26T13:47:43.530+0000] {docker.py:69} INFO -     ["timestamp"]=>
[2025-03-26T13:47:43.531+0000] {docker.py:69} INFO -     int(1742996817)
[2025-03-26T13:47:43.531+0000] {docker.py:69} INFO -   }
[2025-03-26T13:47:43.532+0000] {docker.py:69} INFO -   [79]=>
[2025-03-26T13:47:43.532+0000] {docker.py:69} INFO -   object(stdClass)#81 (3) {
[2025-03-26T13:47:43.532+0000] {docker.py:69} INFO -     ["contador"]=>
[2025-03-26T13:47:43.533+0000] {docker.py:69} INFO -     int(1)
[2025-03-26T13:47:43.538+0000] {docker.py:69} INFO -     ["container"]=>
[2025-03-26T13:47:43.540+0000] {docker.py:69} INFO -     string(8) "php-app2"
[2025-03-26T13:47:43.543+0000] {docker.py:69} INFO -     ["timestamp"]=>
[2025-03-26T13:47:43.544+0000] {docker.py:69} INFO -     int(1742996817)
[2025-03-26T13:47:43.545+0000] {docker.py:69} INFO -   }
[2025-03-26T13:47:43.545+0000] {docker.py:69} INFO -   [80]=>
[2025-03-26T13:47:43.546+0000] {docker.py:69} INFO -   object(stdClass)#82 (3) {
[2025-03-26T13:47:43.551+0000] {docker.py:69} INFO -     ["contador"]=>
[2025-03-26T13:47:43.552+0000] {docker.py:69} INFO -     int(1)
[2025-03-26T13:47:43.553+0000] {docker.py:69} INFO -     ["container"]=>
[2025-03-26T13:47:43.553+0000] {docker.py:69} INFO -     string(8) "php-app2"
[2025-03-26T13:47:43.554+0000] {docker.py:69} INFO -     ["timestamp"]=>
[2025-03-26T13:47:43.554+0000] {docker.py:69} INFO -     int(1742996818)
[2025-03-26T13:47:43.555+0000] {docker.py:69} INFO -   }
[2025-03-26T13:47:43.555+0000] {docker.py:69} INFO -   [81]=>
[2025-03-26T13:47:43.555+0000] {docker.py:69} INFO -   object(stdClass)#83 (3) {
[2025-03-26T13:47:43.556+0000] {docker.py:69} INFO -     ["contador"]=>
[2025-03-26T13:47:43.556+0000] {docker.py:69} INFO -     int(1)
[2025-03-26T13:47:43.557+0000] {docker.py:69} INFO -     ["container"]=>
[2025-03-26T13:47:43.557+0000] {docker.py:69} INFO -     string(8) "php-app1"
[2025-03-26T13:47:43.557+0000] {docker.py:69} INFO -     ["timestamp"]=>
[2025-03-26T13:47:43.558+0000] {docker.py:69} INFO -     int(1742996821)
[2025-03-26T13:47:43.558+0000] {docker.py:69} INFO -   }
[2025-03-26T13:47:43.558+0000] {docker.py:69} INFO -   [82]=>
[2025-03-26T13:47:43.559+0000] {docker.py:69} INFO -   object(stdClass)#84 (3) {
[2025-03-26T13:47:43.559+0000] {docker.py:69} INFO -     ["contador"]=>
[2025-03-26T13:47:43.559+0000] {docker.py:69} INFO -     int(1)
[2025-03-26T13:47:43.560+0000] {docker.py:69} INFO -     ["container"]=>
[2025-03-26T13:47:43.560+0000] {docker.py:69} INFO -     string(8) "php-app1"
[2025-03-26T13:47:43.560+0000] {docker.py:69} INFO -     ["timestamp"]=>
[2025-03-26T13:47:43.561+0000] {docker.py:69} INFO -     int(1742996824)
[2025-03-26T13:47:43.561+0000] {docker.py:69} INFO -   }
[2025-03-26T13:47:43.562+0000] {docker.py:69} INFO -   [83]=>
[2025-03-26T13:47:43.562+0000] {docker.py:69} INFO -   object(stdClass)#85 (3) {
[2025-03-26T13:47:43.564+0000] {docker.py:69} INFO -     ["contador"]=>
[2025-03-26T13:47:43.564+0000] {docker.py:69} INFO -     int(1)
[2025-03-26T13:47:43.564+0000] {docker.py:69} INFO -     ["container"]=>
[2025-03-26T13:47:43.565+0000] {docker.py:69} INFO -     string(8) "php-app2"
[2025-03-26T13:47:43.565+0000] {docker.py:69} INFO -     ["timestamp"]=>
[2025-03-26T13:47:43.566+0000] {docker.py:69} INFO -     int(1742996825)
[2025-03-26T13:47:43.566+0000] {docker.py:69} INFO -   }
[2025-03-26T13:47:43.567+0000] {docker.py:69} INFO -   [84]=>
[2025-03-26T13:47:43.567+0000] {docker.py:69} INFO -   object(stdClass)#86 (3) {
[2025-03-26T13:47:43.568+0000] {docker.py:69} INFO -     ["contador"]=>
[2025-03-26T13:47:43.569+0000] {docker.py:69} INFO -     int(1)
[2025-03-26T13:47:43.569+0000] {docker.py:69} INFO -     ["container"]=>
[2025-03-26T13:47:43.569+0000] {docker.py:69} INFO -     string(8) "php-app2"
[2025-03-26T13:47:43.570+0000] {docker.py:69} INFO -     ["timestamp"]=>
[2025-03-26T13:47:43.574+0000] {docker.py:69} INFO -     int(1742996826)
[2025-03-26T13:47:43.574+0000] {docker.py:69} INFO -   }
[2025-03-26T13:47:43.575+0000] {docker.py:69} INFO -   [85]=>
[2025-03-26T13:47:43.575+0000] {docker.py:69} INFO -   object(stdClass)#87 (3) {
[2025-03-26T13:47:43.575+0000] {docker.py:69} INFO -     ["contador"]=>
[2025-03-26T13:47:43.576+0000] {docker.py:69} INFO -     int(1)
[2025-03-26T13:47:43.586+0000] {docker.py:69} INFO -     ["container"]=>
[2025-03-26T13:47:43.586+0000] {docker.py:69} INFO -     string(8) "php-app2"
[2025-03-26T13:47:43.587+0000] {docker.py:69} INFO -     ["timestamp"]=>
[2025-03-26T13:47:43.587+0000] {docker.py:69} INFO -     int(1742996826)
[2025-03-26T13:47:43.594+0000] {docker.py:69} INFO -   }
[2025-03-26T13:47:43.594+0000] {docker.py:69} INFO -   [86]=>
[2025-03-26T13:47:43.594+0000] {docker.py:69} INFO -   object(stdClass)#88 (3) {
[2025-03-26T13:47:43.595+0000] {docker.py:69} INFO -     ["contador"]=>
[2025-03-26T13:47:43.596+0000] {docker.py:69} INFO -     int(1)
[2025-03-26T13:47:43.596+0000] {docker.py:69} INFO -     ["container"]=>
[2025-03-26T13:47:43.597+0000] {docker.py:69} INFO -     string(8) "php-app1"
[2025-03-26T13:47:43.597+0000] {docker.py:69} INFO -     ["timestamp"]=>
[2025-03-26T13:47:43.598+0000] {docker.py:69} INFO -     int(1742996827)
[2025-03-26T13:47:43.599+0000] {docker.py:69} INFO -   }
[2025-03-26T13:47:43.599+0000] {docker.py:69} INFO -   [87]=>
[2025-03-26T13:47:43.599+0000] {docker.py:69} INFO -   object(stdClass)#89 (3) {
[2025-03-26T13:47:43.600+0000] {docker.py:69} INFO -     ["contador"]=>
[2025-03-26T13:47:43.600+0000] {docker.py:69} INFO -     int(1)
[2025-03-26T13:47:43.600+0000] {docker.py:69} INFO -     ["container"]=>
[2025-03-26T13:47:43.601+0000] {docker.py:69} INFO -     string(8) "php-app2"
[2025-03-26T13:47:43.602+0000] {docker.py:69} INFO -     ["timestamp"]=>
[2025-03-26T13:47:43.603+0000] {docker.py:69} INFO -     int(1742996828)
[2025-03-26T13:47:43.603+0000] {docker.py:69} INFO -   }
[2025-03-26T13:47:43.604+0000] {docker.py:69} INFO -   [88]=>
[2025-03-26T13:47:43.604+0000] {docker.py:69} INFO -   object(stdClass)#90 (3) {
[2025-03-26T13:47:43.605+0000] {docker.py:69} INFO -     ["contador"]=>
[2025-03-26T13:47:43.605+0000] {docker.py:69} INFO -     int(1)
[2025-03-26T13:47:43.617+0000] {docker.py:69} INFO -     ["container"]=>
[2025-03-26T13:47:43.652+0000] {docker.py:69} INFO -     string(8) "php-app1"
[2025-03-26T13:47:43.658+0000] {docker.py:69} INFO -     ["timestamp"]=>
[2025-03-26T13:47:43.658+0000] {docker.py:69} INFO -     int(1742996828)
[2025-03-26T13:47:43.664+0000] {docker.py:69} INFO -   }
[2025-03-26T13:47:43.665+0000] {docker.py:69} INFO -   [89]=>
[2025-03-26T13:47:43.669+0000] {docker.py:69} INFO -   object(stdClass)#91 (3) {
[2025-03-26T13:47:43.669+0000] {docker.py:69} INFO -     ["contador"]=>
[2025-03-26T13:47:43.670+0000] {docker.py:69} INFO -     int(1)
[2025-03-26T13:47:43.670+0000] {docker.py:69} INFO -     ["container"]=>
[2025-03-26T13:47:43.671+0000] {docker.py:69} INFO -     string(8) "php-app2"
[2025-03-26T13:47:43.676+0000] {docker.py:69} INFO -     ["timestamp"]=>
[2025-03-26T13:47:43.677+0000] {docker.py:69} INFO -     int(1742996829)
[2025-03-26T13:47:43.678+0000] {docker.py:69} INFO -   }
[2025-03-26T13:47:43.680+0000] {docker.py:69} INFO -   [90]=>
[2025-03-26T13:47:43.681+0000] {docker.py:69} INFO -   object(stdClass)#92 (3) {
[2025-03-26T13:47:43.681+0000] {docker.py:69} INFO -     ["contador"]=>
[2025-03-26T13:47:43.687+0000] {docker.py:69} INFO -     int(1)
[2025-03-26T13:47:43.690+0000] {docker.py:69} INFO -     ["container"]=>
[2025-03-26T13:47:43.691+0000] {docker.py:69} INFO -     string(8) "php-app1"
[2025-03-26T13:47:43.700+0000] {docker.py:69} INFO -     ["timestamp"]=>
[2025-03-26T13:47:43.702+0000] {docker.py:69} INFO -     int(1742996829)
[2025-03-26T13:47:43.703+0000] {docker.py:69} INFO -   }
[2025-03-26T13:47:43.703+0000] {docker.py:69} INFO -   [91]=>
[2025-03-26T13:47:43.703+0000] {docker.py:69} INFO -   object(stdClass)#93 (3) {
[2025-03-26T13:47:43.704+0000] {docker.py:69} INFO -     ["contador"]=>
[2025-03-26T13:47:43.705+0000] {docker.py:69} INFO -     int(1)
[2025-03-26T13:47:43.706+0000] {docker.py:69} INFO -     ["container"]=>
[2025-03-26T13:47:43.709+0000] {docker.py:69} INFO -     string(8) "php-app2"
[2025-03-26T13:47:43.710+0000] {docker.py:69} INFO -     ["timestamp"]=>
[2025-03-26T13:47:43.711+0000] {docker.py:69} INFO -     int(1742996838)
[2025-03-26T13:47:43.712+0000] {docker.py:69} INFO -   }
[2025-03-26T13:47:43.715+0000] {docker.py:69} INFO -   [92]=>
[2025-03-26T13:47:43.716+0000] {docker.py:69} INFO -   object(stdClass)#94 (3) {
[2025-03-26T13:47:43.719+0000] {docker.py:69} INFO -     ["contador"]=>
[2025-03-26T13:47:43.719+0000] {docker.py:69} INFO -     int(1)
[2025-03-26T13:47:43.720+0000] {docker.py:69} INFO -     ["container"]=>
[2025-03-26T13:47:43.732+0000] {docker.py:69} INFO -     string(8) "php-app1"
[2025-03-26T13:47:43.733+0000] {docker.py:69} INFO -     ["timestamp"]=>
[2025-03-26T13:47:43.733+0000] {docker.py:69} INFO -     int(1742996841)
[2025-03-26T13:47:43.734+0000] {docker.py:69} INFO -   }
[2025-03-26T13:47:43.735+0000] {docker.py:69} INFO -   [93]=>
[2025-03-26T13:47:43.736+0000] {docker.py:69} INFO -   object(stdClass)#95 (3) {
[2025-03-26T13:47:43.736+0000] {docker.py:69} INFO -     ["contador"]=>
[2025-03-26T13:47:43.737+0000] {docker.py:69} INFO -     int(1)
[2025-03-26T13:47:43.738+0000] {docker.py:69} INFO -     ["container"]=>
[2025-03-26T13:47:43.739+0000] {docker.py:69} INFO -     string(8) "php-app2"
[2025-03-26T13:47:43.739+0000] {docker.py:69} INFO -     ["timestamp"]=>
[2025-03-26T13:47:43.740+0000] {docker.py:69} INFO -     int(1742996842)
[2025-03-26T13:47:43.740+0000] {docker.py:69} INFO -   }
[2025-03-26T13:47:43.741+0000] {docker.py:69} INFO -   [94]=>
[2025-03-26T13:47:43.741+0000] {docker.py:69} INFO -   object(stdClass)#96 (3) {
[2025-03-26T13:47:43.742+0000] {docker.py:69} INFO -     ["contador"]=>
[2025-03-26T13:47:43.742+0000] {docker.py:69} INFO -     int(1)
[2025-03-26T13:47:43.743+0000] {docker.py:69} INFO -     ["container"]=>
[2025-03-26T13:47:43.743+0000] {docker.py:69} INFO -     string(8) "php-app1"
[2025-03-26T13:47:43.744+0000] {docker.py:69} INFO -     ["timestamp"]=>
[2025-03-26T13:47:43.745+0000] {docker.py:69} INFO -     int(1742996843)
[2025-03-26T13:47:43.745+0000] {docker.py:69} INFO -   }
[2025-03-26T13:47:43.746+0000] {docker.py:69} INFO -   [95]=>
[2025-03-26T13:47:43.746+0000] {docker.py:69} INFO -   object(stdClass)#97 (3) {
[2025-03-26T13:47:43.747+0000] {docker.py:69} INFO -     ["contador"]=>
[2025-03-26T13:47:43.748+0000] {docker.py:69} INFO -     int(1)
[2025-03-26T13:47:43.748+0000] {docker.py:69} INFO -     ["container"]=>
[2025-03-26T13:47:43.749+0000] {docker.py:69} INFO -     string(8) "php-app2"
[2025-03-26T13:47:43.749+0000] {docker.py:69} INFO -     ["timestamp"]=>
[2025-03-26T13:47:43.750+0000] {docker.py:69} INFO -     int(1742996843)
[2025-03-26T13:47:43.750+0000] {docker.py:69} INFO -   }
[2025-03-26T13:47:43.751+0000] {docker.py:69} INFO -   [96]=>
[2025-03-26T13:47:43.751+0000] {docker.py:69} INFO -   object(stdClass)#98 (3) {
[2025-03-26T13:47:43.752+0000] {docker.py:69} INFO -     ["contador"]=>
[2025-03-26T13:47:43.752+0000] {docker.py:69} INFO -     int(1)
[2025-03-26T13:47:43.752+0000] {docker.py:69} INFO -     ["container"]=>
[2025-03-26T13:47:43.753+0000] {docker.py:69} INFO -     string(8) "php-app1"
[2025-03-26T13:47:43.753+0000] {docker.py:69} INFO -     ["timestamp"]=>
[2025-03-26T13:47:43.753+0000] {docker.py:69} INFO -     int(1742996844)
[2025-03-26T13:47:43.754+0000] {docker.py:69} INFO -   }
[2025-03-26T13:47:43.754+0000] {docker.py:69} INFO -   [97]=>
[2025-03-26T13:47:43.755+0000] {docker.py:69} INFO -   object(stdClass)#99 (3) {
[2025-03-26T13:47:43.755+0000] {docker.py:69} INFO -     ["contador"]=>
[2025-03-26T13:47:43.755+0000] {docker.py:69} INFO -     int(1)
[2025-03-26T13:47:43.756+0000] {docker.py:69} INFO -     ["container"]=>
[2025-03-26T13:47:43.756+0000] {docker.py:69} INFO -     string(8) "php-app1"
[2025-03-26T13:47:43.756+0000] {docker.py:69} INFO -     ["timestamp"]=>
[2025-03-26T13:47:43.757+0000] {docker.py:69} INFO -     int(1742996849)
[2025-03-26T13:47:43.757+0000] {docker.py:69} INFO -   }
[2025-03-26T13:47:43.758+0000] {docker.py:69} INFO -   [98]=>
[2025-03-26T13:47:43.758+0000] {docker.py:69} INFO -   object(stdClass)#100 (3) {
[2025-03-26T13:47:43.759+0000] {docker.py:69} INFO -     ["contador"]=>
[2025-03-26T13:47:43.759+0000] {docker.py:69} INFO -     int(1)
[2025-03-26T13:47:43.760+0000] {docker.py:69} INFO -     ["container"]=>
[2025-03-26T13:47:43.760+0000] {docker.py:69} INFO -     string(8) "php-app2"
[2025-03-26T13:47:43.760+0000] {docker.py:69} INFO -     ["timestamp"]=>
[2025-03-26T13:47:43.761+0000] {docker.py:69} INFO -     int(1742996849)
[2025-03-26T13:47:43.761+0000] {docker.py:69} INFO -   }
[2025-03-26T13:47:43.761+0000] {docker.py:69} INFO -   [99]=>
[2025-03-26T13:47:43.762+0000] {docker.py:69} INFO -   object(stdClass)#101 (3) {
[2025-03-26T13:47:43.762+0000] {docker.py:69} INFO -     ["contador"]=>
[2025-03-26T13:47:43.763+0000] {docker.py:69} INFO -     int(1)
[2025-03-26T13:47:43.763+0000] {docker.py:69} INFO -     ["container"]=>
[2025-03-26T13:47:43.764+0000] {docker.py:69} INFO -     string(8) "php-app2"
[2025-03-26T13:47:43.764+0000] {docker.py:69} INFO -     ["timestamp"]=>
[2025-03-26T13:47:43.765+0000] {docker.py:69} INFO -     int(1742996849)
[2025-03-26T13:47:43.765+0000] {docker.py:69} INFO -   }
[2025-03-26T13:47:43.766+0000] {docker.py:69} INFO -   [100]=>
[2025-03-26T13:47:43.766+0000] {docker.py:69} INFO -   object(stdClass)#102 (3) {
[2025-03-26T13:47:43.767+0000] {docker.py:69} INFO -     ["contador"]=>
[2025-03-26T13:47:43.767+0000] {docker.py:69} INFO -     int(1)
[2025-03-26T13:47:43.768+0000] {docker.py:69} INFO -     ["container"]=>
[2025-03-26T13:47:43.768+0000] {docker.py:69} INFO -     string(8) "php-app2"
[2025-03-26T13:47:43.769+0000] {docker.py:69} INFO -     ["timestamp"]=>
[2025-03-26T13:47:43.769+0000] {docker.py:69} INFO -     int(1742996850)
[2025-03-26T13:47:43.770+0000] {docker.py:69} INFO -   }
[2025-03-26T13:47:43.770+0000] {docker.py:69} INFO -   [101]=>
[2025-03-26T13:47:43.771+0000] {docker.py:69} INFO -   object(stdClass)#103 (3) {
[2025-03-26T13:47:43.771+0000] {docker.py:69} INFO -     ["contador"]=>
[2025-03-26T13:47:43.772+0000] {docker.py:69} INFO -     int(1)
[2025-03-26T13:47:43.772+0000] {docker.py:69} INFO -     ["container"]=>
[2025-03-26T13:47:43.773+0000] {docker.py:69} INFO -     string(8) "php-app1"
[2025-03-26T13:47:43.773+0000] {docker.py:69} INFO -     ["timestamp"]=>
[2025-03-26T13:47:43.774+0000] {docker.py:69} INFO -     int(1742996850)
[2025-03-26T13:47:43.774+0000] {docker.py:69} INFO -   }
[2025-03-26T13:47:43.775+0000] {docker.py:69} INFO -   [102]=>
[2025-03-26T13:47:43.775+0000] {docker.py:69} INFO -   object(stdClass)#104 (3) {
[2025-03-26T13:47:43.775+0000] {docker.py:69} INFO -     ["contador"]=>
[2025-03-26T13:47:43.776+0000] {docker.py:69} INFO -     int(1)
[2025-03-26T13:47:43.776+0000] {docker.py:69} INFO -     ["container"]=>
[2025-03-26T13:47:43.777+0000] {docker.py:69} INFO -     string(8) "php-app1"
[2025-03-26T13:47:43.777+0000] {docker.py:69} INFO -     ["timestamp"]=>
[2025-03-26T13:47:43.778+0000] {docker.py:69} INFO -     int(1742996851)
[2025-03-26T13:47:43.778+0000] {docker.py:69} INFO -   }
[2025-03-26T13:47:43.779+0000] {docker.py:69} INFO -   [103]=>
[2025-03-26T13:47:43.779+0000] {docker.py:69} INFO -   object(stdClass)#105 (3) {
[2025-03-26T13:47:43.782+0000] {docker.py:69} INFO -     ["contador"]=>
[2025-03-26T13:47:43.783+0000] {docker.py:69} INFO -     int(1)
[2025-03-26T13:47:43.783+0000] {docker.py:69} INFO -     ["container"]=>
[2025-03-26T13:47:43.784+0000] {docker.py:69} INFO -     string(8) "php-app2"
[2025-03-26T13:47:43.784+0000] {docker.py:69} INFO -     ["timestamp"]=>
[2025-03-26T13:47:43.785+0000] {docker.py:69} INFO -     int(1742996854)
[2025-03-26T13:47:43.785+0000] {docker.py:69} INFO -   }
[2025-03-26T13:47:43.785+0000] {docker.py:69} INFO -   [104]=>
[2025-03-26T13:47:43.786+0000] {docker.py:69} INFO -   object(stdClass)#106 (3) {
[2025-03-26T13:47:43.791+0000] {docker.py:69} INFO -     ["contador"]=>
[2025-03-26T13:47:43.792+0000] {docker.py:69} INFO -     int(1)
[2025-03-26T13:47:43.793+0000] {docker.py:69} INFO -     ["container"]=>
[2025-03-26T13:47:43.796+0000] {docker.py:69} INFO -     string(8) "php-app2"
[2025-03-26T13:47:43.797+0000] {docker.py:69} INFO -     ["timestamp"]=>
[2025-03-26T13:47:43.797+0000] {docker.py:69} INFO -     int(1742996855)
[2025-03-26T13:47:43.798+0000] {docker.py:69} INFO -   }
[2025-03-26T13:47:43.800+0000] {docker.py:69} INFO -   [105]=>
[2025-03-26T13:47:43.801+0000] {docker.py:69} INFO -   object(stdClass)#107 (3) {
[2025-03-26T13:47:43.802+0000] {docker.py:69} INFO -     ["contador"]=>
[2025-03-26T13:47:43.803+0000] {docker.py:69} INFO -     int(1)
[2025-03-26T13:47:43.803+0000] {docker.py:69} INFO -     ["container"]=>
[2025-03-26T13:47:43.806+0000] {docker.py:69} INFO -     string(8) "php-app1"
[2025-03-26T13:47:43.807+0000] {docker.py:69} INFO -     ["timestamp"]=>
[2025-03-26T13:47:43.808+0000] {docker.py:69} INFO -     int(1742996856)
[2025-03-26T13:47:43.815+0000] {docker.py:69} INFO -   }
[2025-03-26T13:47:43.815+0000] {docker.py:69} INFO -   [106]=>
[2025-03-26T13:47:43.816+0000] {docker.py:69} INFO -   object(stdClass)#108 (3) {
[2025-03-26T13:47:43.817+0000] {docker.py:69} INFO -     ["contador"]=>
[2025-03-26T13:47:43.818+0000] {docker.py:69} INFO -     int(1)
[2025-03-26T13:47:43.823+0000] {docker.py:69} INFO -     ["container"]=>
[2025-03-26T13:47:43.826+0000] {docker.py:69} INFO -     string(8) "php-app1"
[2025-03-26T13:47:43.827+0000] {docker.py:69} INFO -     ["timestamp"]=>
[2025-03-26T13:47:43.828+0000] {docker.py:69} INFO -     int(1742996856)
[2025-03-26T13:47:43.828+0000] {docker.py:69} INFO -   }
[2025-03-26T13:47:43.829+0000] {docker.py:69} INFO -   [107]=>
[2025-03-26T13:47:43.829+0000] {docker.py:69} INFO -   object(stdClass)#109 (3) {
[2025-03-26T13:47:43.830+0000] {docker.py:69} INFO -     ["contador"]=>
[2025-03-26T13:47:43.830+0000] {docker.py:69} INFO -     int(1)
[2025-03-26T13:47:43.831+0000] {docker.py:69} INFO -     ["container"]=>
[2025-03-26T13:47:43.831+0000] {docker.py:69} INFO -     string(8) "php-app2"
[2025-03-26T13:47:43.832+0000] {docker.py:69} INFO -     ["timestamp"]=>
[2025-03-26T13:47:43.832+0000] {docker.py:69} INFO -     int(1742996859)
[2025-03-26T13:47:43.833+0000] {docker.py:69} INFO -   }
[2025-03-26T13:47:43.833+0000] {docker.py:69} INFO -   [108]=>
[2025-03-26T13:47:43.842+0000] {docker.py:69} INFO -   object(stdClass)#110 (3) {
[2025-03-26T13:47:43.843+0000] {docker.py:69} INFO -     ["contador"]=>
[2025-03-26T13:47:43.845+0000] {docker.py:69} INFO -     int(1)
[2025-03-26T13:47:43.846+0000] {docker.py:69} INFO -     ["container"]=>
[2025-03-26T13:47:43.847+0000] {docker.py:69} INFO -     string(8) "php-app2"
[2025-03-26T13:47:43.847+0000] {docker.py:69} INFO -     ["timestamp"]=>
[2025-03-26T13:47:43.857+0000] {docker.py:69} INFO -     int(1742996860)
[2025-03-26T13:47:43.858+0000] {docker.py:69} INFO -   }
[2025-03-26T13:47:43.866+0000] {docker.py:69} INFO -   [109]=>
[2025-03-26T13:47:43.874+0000] {docker.py:69} INFO -   object(stdClass)#111 (3) {
[2025-03-26T13:47:43.875+0000] {docker.py:69} INFO -     ["contador"]=>
[2025-03-26T13:47:43.877+0000] {docker.py:69} INFO -     int(1)
[2025-03-26T13:47:43.878+0000] {docker.py:69} INFO -     ["container"]=>
[2025-03-26T13:47:43.878+0000] {docker.py:69} INFO -     string(8) "php-app2"
[2025-03-26T13:47:43.879+0000] {docker.py:69} INFO -     ["timestamp"]=>
[2025-03-26T13:47:43.957+0000] {docker.py:69} INFO -     int(1742996861)
[2025-03-26T13:47:43.966+0000] {docker.py:69} INFO -   }
[2025-03-26T13:47:43.977+0000] {docker.py:69} INFO -   [110]=>
[2025-03-26T13:47:43.994+0000] {docker.py:69} INFO -   object(stdClass)#112 (3) {
[2025-03-26T13:47:43.997+0000] {docker.py:69} INFO -     ["contador"]=>
[2025-03-26T13:47:43.998+0000] {docker.py:69} INFO -     int(1)
[2025-03-26T13:47:44.004+0000] {docker.py:69} INFO -     ["container"]=>
[2025-03-26T13:47:44.012+0000] {docker.py:69} INFO -     string(8) "php-app1"
[2025-03-26T13:47:44.012+0000] {docker.py:69} INFO -     ["timestamp"]=>
[2025-03-26T13:47:44.013+0000] {docker.py:69} INFO -     int(1742996861)
[2025-03-26T13:47:44.013+0000] {docker.py:69} INFO -   }
[2025-03-26T13:47:44.014+0000] {docker.py:69} INFO -   [111]=>
[2025-03-26T13:47:44.014+0000] {docker.py:69} INFO -   array(3) {
[2025-03-26T13:47:44.014+0000] {docker.py:69} INFO -     ["contador"]=>
[2025-03-26T13:47:44.015+0000] {docker.py:69} INFO -     int(1)
[2025-03-26T13:47:44.015+0000] {docker.py:69} INFO -     ["container"]=>
[2025-03-26T13:47:44.016+0000] {docker.py:69} INFO -     string(8) "php-app1"
[2025-03-26T13:47:44.016+0000] {docker.py:69} INFO -     ["timestamp"]=>
[2025-03-26T13:47:44.016+0000] {docker.py:69} INFO -     int(1742996862)
[2025-03-26T13:47:44.017+0000] {docker.py:69} INFO -   }
[2025-03-26T13:47:44.017+0000] {docker.py:69} INFO - }
[2025-03-26T13:47:44.475+0000] {taskinstance.py:341} INFO - ::group::Post task execution logs
[2025-03-26T13:47:44.478+0000] {taskinstance.py:353} INFO - Marking task as SUCCESS. dag_id=containers1_dag, task_id=php_app1, run_id=scheduled__2025-03-25T03:35:00+00:00, execution_date=20250325T033500, start_date=20250326T134736, end_date=20250326T134744
[2025-03-26T13:47:44.694+0000] {local_task_job_runner.py:266} INFO - Task exited with return code 0
[2025-03-26T13:47:44.772+0000] {taskinstance.py:3901} INFO - 0 downstream tasks scheduled from follow-on schedule check
[2025-03-26T13:47:44.781+0000] {local_task_job_runner.py:245} INFO - ::endgroup::
