[2025-03-24T17:11:28.326+0000] {processor.py:186} INFO - Started process (PID=305) to work on /home/airflow/.local/lib/python3.12/site-packages/airflow/example_dags/example_python_decorator.py
[2025-03-24T17:11:28.327+0000] {processor.py:914} INFO - Processing file /home/airflow/.local/lib/python3.12/site-packages/airflow/example_dags/example_python_decorator.py for tasks to queue
[2025-03-24T17:11:28.331+0000] {logging_mixin.py:190} INFO - [2025-03-24T17:11:28.330+0000] {dagbag.py:588} INFO - Filling up the DagBag from /home/airflow/.local/lib/python3.12/site-packages/airflow/example_dags/example_python_decorator.py
[2025-03-24T17:11:28.363+0000] {processor.py:925} INFO - DAG(s) 'example_python_decorator' retrieved from /home/airflow/.local/lib/python3.12/site-packages/airflow/example_dags/example_python_decorator.py
[2025-03-24T17:11:28.572+0000] {logging_mixin.py:190} INFO - [2025-03-24T17:11:28.571+0000] {override.py:1912} INFO - Created Permission View: can delete on DAG:example_python_decorator
[2025-03-24T17:11:28.591+0000] {logging_mixin.py:190} INFO - [2025-03-24T17:11:28.591+0000] {override.py:1912} INFO - Created Permission View: can edit on DAG:example_python_decorator
[2025-03-24T17:11:28.605+0000] {logging_mixin.py:190} INFO - [2025-03-24T17:11:28.604+0000] {override.py:1912} INFO - Created Permission View: can read on DAG:example_python_decorator
[2025-03-24T17:11:28.622+0000] {logging_mixin.py:190} INFO - [2025-03-24T17:11:28.622+0000] {override.py:1912} INFO - Created Permission View: menu access on DAG Run:example_python_decorator
[2025-03-24T17:11:28.637+0000] {logging_mixin.py:190} INFO - [2025-03-24T17:11:28.636+0000] {override.py:1912} INFO - Created Permission View: can delete on DAG Run:example_python_decorator
[2025-03-24T17:11:28.651+0000] {logging_mixin.py:190} INFO - [2025-03-24T17:11:28.651+0000] {override.py:1912} INFO - Created Permission View: can read on DAG Run:example_python_decorator
[2025-03-24T17:11:28.666+0000] {logging_mixin.py:190} INFO - [2025-03-24T17:11:28.666+0000] {override.py:1912} INFO - Created Permission View: can create on DAG Run:example_python_decorator
[2025-03-24T17:11:28.667+0000] {logging_mixin.py:190} INFO - [2025-03-24T17:11:28.667+0000] {dag.py:3239} INFO - Sync 1 DAGs
[2025-03-24T17:11:28.692+0000] {logging_mixin.py:190} INFO - [2025-03-24T17:11:28.691+0000] {dag.py:3262} INFO - Creating ORM DAG for example_python_decorator
[2025-03-24T17:11:28.693+0000] {logging_mixin.py:190} INFO - [2025-03-24T17:11:28.692+0000] {dag.py:4180} INFO - Setting next_dagrun for example_python_decorator to None, run_after=None
[2025-03-24T17:11:28.732+0000] {processor.py:208} INFO - Processing /home/airflow/.local/lib/python3.12/site-packages/airflow/example_dags/example_python_decorator.py took 0.416 seconds
[2025-03-24T17:11:59.003+0000] {processor.py:186} INFO - Started process (PID=596) to work on /home/airflow/.local/lib/python3.12/site-packages/airflow/example_dags/example_python_decorator.py
[2025-03-24T17:11:59.004+0000] {processor.py:914} INFO - Processing file /home/airflow/.local/lib/python3.12/site-packages/airflow/example_dags/example_python_decorator.py for tasks to queue
[2025-03-24T17:11:59.008+0000] {logging_mixin.py:190} INFO - [2025-03-24T17:11:59.007+0000] {dagbag.py:588} INFO - Filling up the DagBag from /home/airflow/.local/lib/python3.12/site-packages/airflow/example_dags/example_python_decorator.py
[2025-03-24T17:11:59.034+0000] {processor.py:925} INFO - DAG(s) 'example_python_decorator' retrieved from /home/airflow/.local/lib/python3.12/site-packages/airflow/example_dags/example_python_decorator.py
[2025-03-24T17:11:59.076+0000] {logging_mixin.py:190} INFO - [2025-03-24T17:11:59.076+0000] {dag.py:3239} INFO - Sync 1 DAGs
[2025-03-24T17:11:59.105+0000] {logging_mixin.py:190} INFO - [2025-03-24T17:11:59.105+0000] {dag.py:4180} INFO - Setting next_dagrun for example_python_decorator to None, run_after=None
[2025-03-24T17:11:59.145+0000] {processor.py:208} INFO - Processing /home/airflow/.local/lib/python3.12/site-packages/airflow/example_dags/example_python_decorator.py took 0.152 seconds
[2025-03-24T17:12:29.522+0000] {processor.py:186} INFO - Started process (PID=884) to work on /home/airflow/.local/lib/python3.12/site-packages/airflow/example_dags/example_python_decorator.py
[2025-03-24T17:12:29.523+0000] {processor.py:914} INFO - Processing file /home/airflow/.local/lib/python3.12/site-packages/airflow/example_dags/example_python_decorator.py for tasks to queue
[2025-03-24T17:12:29.526+0000] {logging_mixin.py:190} INFO - [2025-03-24T17:12:29.526+0000] {dagbag.py:588} INFO - Filling up the DagBag from /home/airflow/.local/lib/python3.12/site-packages/airflow/example_dags/example_python_decorator.py
[2025-03-24T17:12:29.553+0000] {processor.py:925} INFO - DAG(s) 'example_python_decorator' retrieved from /home/airflow/.local/lib/python3.12/site-packages/airflow/example_dags/example_python_decorator.py
[2025-03-24T17:12:29.594+0000] {logging_mixin.py:190} INFO - [2025-03-24T17:12:29.593+0000] {dag.py:3239} INFO - Sync 1 DAGs
[2025-03-24T17:12:29.624+0000] {logging_mixin.py:190} INFO - [2025-03-24T17:12:29.624+0000] {dag.py:4180} INFO - Setting next_dagrun for example_python_decorator to None, run_after=None
[2025-03-24T17:12:29.677+0000] {processor.py:208} INFO - Processing /home/airflow/.local/lib/python3.12/site-packages/airflow/example_dags/example_python_decorator.py took 0.170 seconds
[2025-03-24T17:12:59.915+0000] {processor.py:186} INFO - Started process (PID=1173) to work on /home/airflow/.local/lib/python3.12/site-packages/airflow/example_dags/example_python_decorator.py
[2025-03-24T17:12:59.917+0000] {processor.py:914} INFO - Processing file /home/airflow/.local/lib/python3.12/site-packages/airflow/example_dags/example_python_decorator.py for tasks to queue
[2025-03-24T17:12:59.919+0000] {logging_mixin.py:190} INFO - [2025-03-24T17:12:59.919+0000] {dagbag.py:588} INFO - Filling up the DagBag from /home/airflow/.local/lib/python3.12/site-packages/airflow/example_dags/example_python_decorator.py
[2025-03-24T17:12:59.936+0000] {processor.py:925} INFO - DAG(s) 'example_python_decorator' retrieved from /home/airflow/.local/lib/python3.12/site-packages/airflow/example_dags/example_python_decorator.py
[2025-03-24T17:12:59.965+0000] {logging_mixin.py:190} INFO - [2025-03-24T17:12:59.965+0000] {dag.py:3239} INFO - Sync 1 DAGs
[2025-03-24T17:12:59.985+0000] {logging_mixin.py:190} INFO - [2025-03-24T17:12:59.984+0000] {dag.py:4180} INFO - Setting next_dagrun for example_python_decorator to None, run_after=None
[2025-03-24T17:13:00.021+0000] {processor.py:208} INFO - Processing /home/airflow/.local/lib/python3.12/site-packages/airflow/example_dags/example_python_decorator.py took 0.112 seconds
[2025-03-24T17:13:32.459+0000] {processor.py:186} INFO - Started process (PID=1464) to work on /home/airflow/.local/lib/python3.12/site-packages/airflow/example_dags/example_python_decorator.py
[2025-03-24T17:13:32.460+0000] {processor.py:914} INFO - Processing file /home/airflow/.local/lib/python3.12/site-packages/airflow/example_dags/example_python_decorator.py for tasks to queue
[2025-03-24T17:13:32.465+0000] {logging_mixin.py:190} INFO - [2025-03-24T17:13:32.464+0000] {dagbag.py:588} INFO - Filling up the DagBag from /home/airflow/.local/lib/python3.12/site-packages/airflow/example_dags/example_python_decorator.py
[2025-03-24T17:13:32.501+0000] {processor.py:925} INFO - DAG(s) 'example_python_decorator' retrieved from /home/airflow/.local/lib/python3.12/site-packages/airflow/example_dags/example_python_decorator.py
[2025-03-24T17:13:32.548+0000] {logging_mixin.py:190} INFO - [2025-03-24T17:13:32.547+0000] {dag.py:3239} INFO - Sync 1 DAGs
[2025-03-24T17:13:32.580+0000] {logging_mixin.py:190} INFO - [2025-03-24T17:13:32.579+0000] {dag.py:4180} INFO - Setting next_dagrun for example_python_decorator to None, run_after=None
[2025-03-24T17:13:32.622+0000] {processor.py:208} INFO - Processing /home/airflow/.local/lib/python3.12/site-packages/airflow/example_dags/example_python_decorator.py took 0.177 seconds
[2025-03-24T17:14:03.705+0000] {processor.py:186} INFO - Started process (PID=1755) to work on /home/airflow/.local/lib/python3.12/site-packages/airflow/example_dags/example_python_decorator.py
[2025-03-24T17:14:03.706+0000] {processor.py:914} INFO - Processing file /home/airflow/.local/lib/python3.12/site-packages/airflow/example_dags/example_python_decorator.py for tasks to queue
[2025-03-24T17:14:03.708+0000] {logging_mixin.py:190} INFO - [2025-03-24T17:14:03.708+0000] {dagbag.py:588} INFO - Filling up the DagBag from /home/airflow/.local/lib/python3.12/site-packages/airflow/example_dags/example_python_decorator.py
[2025-03-24T17:14:03.728+0000] {processor.py:925} INFO - DAG(s) 'example_python_decorator' retrieved from /home/airflow/.local/lib/python3.12/site-packages/airflow/example_dags/example_python_decorator.py
[2025-03-24T17:14:03.765+0000] {logging_mixin.py:190} INFO - [2025-03-24T17:14:03.764+0000] {dag.py:3239} INFO - Sync 1 DAGs
[2025-03-24T17:14:03.791+0000] {logging_mixin.py:190} INFO - [2025-03-24T17:14:03.791+0000] {dag.py:4180} INFO - Setting next_dagrun for example_python_decorator to None, run_after=None
[2025-03-24T17:14:03.821+0000] {processor.py:208} INFO - Processing /home/airflow/.local/lib/python3.12/site-packages/airflow/example_dags/example_python_decorator.py took 0.122 seconds
[2025-03-24T17:14:35.389+0000] {processor.py:186} INFO - Started process (PID=2046) to work on /home/airflow/.local/lib/python3.12/site-packages/airflow/example_dags/example_python_decorator.py
[2025-03-24T17:14:35.394+0000] {processor.py:914} INFO - Processing file /home/airflow/.local/lib/python3.12/site-packages/airflow/example_dags/example_python_decorator.py for tasks to queue
[2025-03-24T17:14:35.397+0000] {logging_mixin.py:190} INFO - [2025-03-24T17:14:35.396+0000] {dagbag.py:588} INFO - Filling up the DagBag from /home/airflow/.local/lib/python3.12/site-packages/airflow/example_dags/example_python_decorator.py
[2025-03-24T17:14:35.420+0000] {processor.py:925} INFO - DAG(s) 'example_python_decorator' retrieved from /home/airflow/.local/lib/python3.12/site-packages/airflow/example_dags/example_python_decorator.py
[2025-03-24T17:14:35.460+0000] {logging_mixin.py:190} INFO - [2025-03-24T17:14:35.459+0000] {dag.py:3239} INFO - Sync 1 DAGs
[2025-03-24T17:14:35.484+0000] {logging_mixin.py:190} INFO - [2025-03-24T17:14:35.483+0000] {dag.py:4180} INFO - Setting next_dagrun for example_python_decorator to None, run_after=None
[2025-03-24T17:14:35.527+0000] {processor.py:208} INFO - Processing /home/airflow/.local/lib/python3.12/site-packages/airflow/example_dags/example_python_decorator.py took 0.146 seconds
[2025-03-24T17:15:06.767+0000] {processor.py:186} INFO - Started process (PID=2338) to work on /home/airflow/.local/lib/python3.12/site-packages/airflow/example_dags/example_python_decorator.py
[2025-03-24T17:15:06.768+0000] {processor.py:914} INFO - Processing file /home/airflow/.local/lib/python3.12/site-packages/airflow/example_dags/example_python_decorator.py for tasks to queue
[2025-03-24T17:15:06.771+0000] {logging_mixin.py:190} INFO - [2025-03-24T17:15:06.771+0000] {dagbag.py:588} INFO - Filling up the DagBag from /home/airflow/.local/lib/python3.12/site-packages/airflow/example_dags/example_python_decorator.py
[2025-03-24T17:15:06.796+0000] {processor.py:925} INFO - DAG(s) 'example_python_decorator' retrieved from /home/airflow/.local/lib/python3.12/site-packages/airflow/example_dags/example_python_decorator.py
[2025-03-24T17:15:06.828+0000] {logging_mixin.py:190} INFO - [2025-03-24T17:15:06.828+0000] {dag.py:3239} INFO - Sync 1 DAGs
[2025-03-24T17:15:06.848+0000] {logging_mixin.py:190} INFO - [2025-03-24T17:15:06.847+0000] {dag.py:4180} INFO - Setting next_dagrun for example_python_decorator to None, run_after=None
[2025-03-24T17:15:06.877+0000] {processor.py:208} INFO - Processing /home/airflow/.local/lib/python3.12/site-packages/airflow/example_dags/example_python_decorator.py took 0.117 seconds
[2025-03-24T17:15:37.989+0000] {processor.py:186} INFO - Started process (PID=2629) to work on /home/airflow/.local/lib/python3.12/site-packages/airflow/example_dags/example_python_decorator.py
[2025-03-24T17:15:37.990+0000] {processor.py:914} INFO - Processing file /home/airflow/.local/lib/python3.12/site-packages/airflow/example_dags/example_python_decorator.py for tasks to queue
[2025-03-24T17:15:37.992+0000] {logging_mixin.py:190} INFO - [2025-03-24T17:15:37.992+0000] {dagbag.py:588} INFO - Filling up the DagBag from /home/airflow/.local/lib/python3.12/site-packages/airflow/example_dags/example_python_decorator.py
[2025-03-24T17:15:38.012+0000] {processor.py:925} INFO - DAG(s) 'example_python_decorator' retrieved from /home/airflow/.local/lib/python3.12/site-packages/airflow/example_dags/example_python_decorator.py
[2025-03-24T17:15:38.044+0000] {logging_mixin.py:190} INFO - [2025-03-24T17:15:38.043+0000] {dag.py:3239} INFO - Sync 1 DAGs
[2025-03-24T17:15:38.061+0000] {logging_mixin.py:190} INFO - [2025-03-24T17:15:38.061+0000] {dag.py:4180} INFO - Setting next_dagrun for example_python_decorator to None, run_after=None
[2025-03-24T17:15:38.108+0000] {processor.py:208} INFO - Processing /home/airflow/.local/lib/python3.12/site-packages/airflow/example_dags/example_python_decorator.py took 0.128 seconds
[2025-03-24T17:16:09.024+0000] {processor.py:186} INFO - Started process (PID=2920) to work on /home/airflow/.local/lib/python3.12/site-packages/airflow/example_dags/example_python_decorator.py
[2025-03-24T17:16:09.024+0000] {processor.py:914} INFO - Processing file /home/airflow/.local/lib/python3.12/site-packages/airflow/example_dags/example_python_decorator.py for tasks to queue
[2025-03-24T17:16:09.027+0000] {logging_mixin.py:190} INFO - [2025-03-24T17:16:09.027+0000] {dagbag.py:588} INFO - Filling up the DagBag from /home/airflow/.local/lib/python3.12/site-packages/airflow/example_dags/example_python_decorator.py
[2025-03-24T17:16:09.046+0000] {processor.py:925} INFO - DAG(s) 'example_python_decorator' retrieved from /home/airflow/.local/lib/python3.12/site-packages/airflow/example_dags/example_python_decorator.py
[2025-03-24T17:16:09.083+0000] {logging_mixin.py:190} INFO - [2025-03-24T17:16:09.082+0000] {dag.py:3239} INFO - Sync 1 DAGs
[2025-03-24T17:16:09.107+0000] {logging_mixin.py:190} INFO - [2025-03-24T17:16:09.106+0000] {dag.py:4180} INFO - Setting next_dagrun for example_python_decorator to None, run_after=None
[2025-03-24T17:16:09.140+0000] {processor.py:208} INFO - Processing /home/airflow/.local/lib/python3.12/site-packages/airflow/example_dags/example_python_decorator.py took 0.127 seconds
[2025-03-24T17:16:40.321+0000] {processor.py:186} INFO - Started process (PID=3210) to work on /home/airflow/.local/lib/python3.12/site-packages/airflow/example_dags/example_python_decorator.py
[2025-03-24T17:16:40.327+0000] {processor.py:914} INFO - Processing file /home/airflow/.local/lib/python3.12/site-packages/airflow/example_dags/example_python_decorator.py for tasks to queue
[2025-03-24T17:16:40.330+0000] {logging_mixin.py:190} INFO - [2025-03-24T17:16:40.329+0000] {dagbag.py:588} INFO - Filling up the DagBag from /home/airflow/.local/lib/python3.12/site-packages/airflow/example_dags/example_python_decorator.py
[2025-03-24T17:16:40.353+0000] {processor.py:925} INFO - DAG(s) 'example_python_decorator' retrieved from /home/airflow/.local/lib/python3.12/site-packages/airflow/example_dags/example_python_decorator.py
[2025-03-24T17:16:40.383+0000] {logging_mixin.py:190} INFO - [2025-03-24T17:16:40.383+0000] {dag.py:3239} INFO - Sync 1 DAGs
[2025-03-24T17:16:40.409+0000] {logging_mixin.py:190} INFO - [2025-03-24T17:16:40.408+0000] {dag.py:4180} INFO - Setting next_dagrun for example_python_decorator to None, run_after=None
[2025-03-24T17:16:40.450+0000] {processor.py:208} INFO - Processing /home/airflow/.local/lib/python3.12/site-packages/airflow/example_dags/example_python_decorator.py took 0.138 seconds
[2025-03-24T17:17:11.513+0000] {processor.py:186} INFO - Started process (PID=3501) to work on /home/airflow/.local/lib/python3.12/site-packages/airflow/example_dags/example_python_decorator.py
[2025-03-24T17:17:11.514+0000] {processor.py:914} INFO - Processing file /home/airflow/.local/lib/python3.12/site-packages/airflow/example_dags/example_python_decorator.py for tasks to queue
[2025-03-24T17:17:11.517+0000] {logging_mixin.py:190} INFO - [2025-03-24T17:17:11.516+0000] {dagbag.py:588} INFO - Filling up the DagBag from /home/airflow/.local/lib/python3.12/site-packages/airflow/example_dags/example_python_decorator.py
[2025-03-24T17:17:11.542+0000] {processor.py:925} INFO - DAG(s) 'example_python_decorator' retrieved from /home/airflow/.local/lib/python3.12/site-packages/airflow/example_dags/example_python_decorator.py
[2025-03-24T17:17:11.581+0000] {logging_mixin.py:190} INFO - [2025-03-24T17:17:11.581+0000] {dag.py:3239} INFO - Sync 1 DAGs
[2025-03-24T17:17:11.608+0000] {logging_mixin.py:190} INFO - [2025-03-24T17:17:11.608+0000] {dag.py:4180} INFO - Setting next_dagrun for example_python_decorator to None, run_after=None
[2025-03-24T17:17:11.649+0000] {processor.py:208} INFO - Processing /home/airflow/.local/lib/python3.12/site-packages/airflow/example_dags/example_python_decorator.py took 0.146 seconds
[2025-03-24T17:17:42.036+0000] {processor.py:186} INFO - Started process (PID=3787) to work on /home/airflow/.local/lib/python3.12/site-packages/airflow/example_dags/example_python_decorator.py
[2025-03-24T17:17:42.038+0000] {processor.py:914} INFO - Processing file /home/airflow/.local/lib/python3.12/site-packages/airflow/example_dags/example_python_decorator.py for tasks to queue
[2025-03-24T17:17:42.041+0000] {logging_mixin.py:190} INFO - [2025-03-24T17:17:42.041+0000] {dagbag.py:588} INFO - Filling up the DagBag from /home/airflow/.local/lib/python3.12/site-packages/airflow/example_dags/example_python_decorator.py
[2025-03-24T17:17:42.067+0000] {processor.py:925} INFO - DAG(s) 'example_python_decorator' retrieved from /home/airflow/.local/lib/python3.12/site-packages/airflow/example_dags/example_python_decorator.py
[2025-03-24T17:17:42.099+0000] {logging_mixin.py:190} INFO - [2025-03-24T17:17:42.098+0000] {dag.py:3239} INFO - Sync 1 DAGs
[2025-03-24T17:17:42.123+0000] {logging_mixin.py:190} INFO - [2025-03-24T17:17:42.123+0000] {dag.py:4180} INFO - Setting next_dagrun for example_python_decorator to None, run_after=None
[2025-03-24T17:17:42.171+0000] {processor.py:208} INFO - Processing /home/airflow/.local/lib/python3.12/site-packages/airflow/example_dags/example_python_decorator.py took 0.145 seconds
[2025-03-24T17:18:12.581+0000] {processor.py:186} INFO - Started process (PID=4103) to work on /home/airflow/.local/lib/python3.12/site-packages/airflow/example_dags/example_python_decorator.py
[2025-03-24T17:18:12.585+0000] {processor.py:914} INFO - Processing file /home/airflow/.local/lib/python3.12/site-packages/airflow/example_dags/example_python_decorator.py for tasks to queue
[2025-03-24T17:18:12.590+0000] {logging_mixin.py:190} INFO - [2025-03-24T17:18:12.589+0000] {dagbag.py:588} INFO - Filling up the DagBag from /home/airflow/.local/lib/python3.12/site-packages/airflow/example_dags/example_python_decorator.py
[2025-03-24T17:18:12.610+0000] {processor.py:925} INFO - DAG(s) 'example_python_decorator' retrieved from /home/airflow/.local/lib/python3.12/site-packages/airflow/example_dags/example_python_decorator.py
[2025-03-24T17:18:12.645+0000] {logging_mixin.py:190} INFO - [2025-03-24T17:18:12.644+0000] {dag.py:3239} INFO - Sync 1 DAGs
[2025-03-24T17:18:12.669+0000] {logging_mixin.py:190} INFO - [2025-03-24T17:18:12.668+0000] {dag.py:4180} INFO - Setting next_dagrun for example_python_decorator to None, run_after=None
[2025-03-24T17:18:12.702+0000] {processor.py:208} INFO - Processing /home/airflow/.local/lib/python3.12/site-packages/airflow/example_dags/example_python_decorator.py took 0.128 seconds
[2025-03-24T17:18:43.679+0000] {processor.py:186} INFO - Started process (PID=4390) to work on /home/airflow/.local/lib/python3.12/site-packages/airflow/example_dags/example_python_decorator.py
[2025-03-24T17:18:43.682+0000] {processor.py:914} INFO - Processing file /home/airflow/.local/lib/python3.12/site-packages/airflow/example_dags/example_python_decorator.py for tasks to queue
[2025-03-24T17:18:43.685+0000] {logging_mixin.py:190} INFO - [2025-03-24T17:18:43.684+0000] {dagbag.py:588} INFO - Filling up the DagBag from /home/airflow/.local/lib/python3.12/site-packages/airflow/example_dags/example_python_decorator.py
[2025-03-24T17:18:43.717+0000] {processor.py:925} INFO - DAG(s) 'example_python_decorator' retrieved from /home/airflow/.local/lib/python3.12/site-packages/airflow/example_dags/example_python_decorator.py
[2025-03-24T17:18:43.750+0000] {logging_mixin.py:190} INFO - [2025-03-24T17:18:43.750+0000] {dag.py:3239} INFO - Sync 1 DAGs
[2025-03-24T17:18:43.776+0000] {logging_mixin.py:190} INFO - [2025-03-24T17:18:43.776+0000] {dag.py:4180} INFO - Setting next_dagrun for example_python_decorator to None, run_after=None
[2025-03-24T17:18:43.804+0000] {processor.py:208} INFO - Processing /home/airflow/.local/lib/python3.12/site-packages/airflow/example_dags/example_python_decorator.py took 0.136 seconds
[2025-03-24T17:19:14.680+0000] {processor.py:186} INFO - Started process (PID=4681) to work on /home/airflow/.local/lib/python3.12/site-packages/airflow/example_dags/example_python_decorator.py
[2025-03-24T17:19:14.681+0000] {processor.py:914} INFO - Processing file /home/airflow/.local/lib/python3.12/site-packages/airflow/example_dags/example_python_decorator.py for tasks to queue
[2025-03-24T17:19:14.684+0000] {logging_mixin.py:190} INFO - [2025-03-24T17:19:14.683+0000] {dagbag.py:588} INFO - Filling up the DagBag from /home/airflow/.local/lib/python3.12/site-packages/airflow/example_dags/example_python_decorator.py
[2025-03-24T17:19:14.702+0000] {processor.py:925} INFO - DAG(s) 'example_python_decorator' retrieved from /home/airflow/.local/lib/python3.12/site-packages/airflow/example_dags/example_python_decorator.py
[2025-03-24T17:19:14.734+0000] {logging_mixin.py:190} INFO - [2025-03-24T17:19:14.734+0000] {dag.py:3239} INFO - Sync 1 DAGs
[2025-03-24T17:19:14.753+0000] {logging_mixin.py:190} INFO - [2025-03-24T17:19:14.753+0000] {dag.py:4180} INFO - Setting next_dagrun for example_python_decorator to None, run_after=None
[2025-03-24T17:19:14.783+0000] {processor.py:208} INFO - Processing /home/airflow/.local/lib/python3.12/site-packages/airflow/example_dags/example_python_decorator.py took 0.110 seconds
[2025-03-24T17:19:46.598+0000] {processor.py:186} INFO - Started process (PID=4978) to work on /home/airflow/.local/lib/python3.12/site-packages/airflow/example_dags/example_python_decorator.py
[2025-03-24T17:19:46.600+0000] {processor.py:914} INFO - Processing file /home/airflow/.local/lib/python3.12/site-packages/airflow/example_dags/example_python_decorator.py for tasks to queue
[2025-03-24T17:19:46.605+0000] {logging_mixin.py:190} INFO - [2025-03-24T17:19:46.605+0000] {dagbag.py:588} INFO - Filling up the DagBag from /home/airflow/.local/lib/python3.12/site-packages/airflow/example_dags/example_python_decorator.py
[2025-03-24T17:19:46.630+0000] {processor.py:925} INFO - DAG(s) 'example_python_decorator' retrieved from /home/airflow/.local/lib/python3.12/site-packages/airflow/example_dags/example_python_decorator.py
[2025-03-24T17:19:46.674+0000] {logging_mixin.py:190} INFO - [2025-03-24T17:19:46.674+0000] {dag.py:3239} INFO - Sync 1 DAGs
[2025-03-24T17:19:46.708+0000] {logging_mixin.py:190} INFO - [2025-03-24T17:19:46.708+0000] {dag.py:4180} INFO - Setting next_dagrun for example_python_decorator to None, run_after=None
[2025-03-24T17:19:46.751+0000] {processor.py:208} INFO - Processing /home/airflow/.local/lib/python3.12/site-packages/airflow/example_dags/example_python_decorator.py took 0.162 seconds
[2025-03-24T17:20:19.098+0000] {processor.py:186} INFO - Started process (PID=5273) to work on /home/airflow/.local/lib/python3.12/site-packages/airflow/example_dags/example_python_decorator.py
[2025-03-24T17:20:19.102+0000] {processor.py:914} INFO - Processing file /home/airflow/.local/lib/python3.12/site-packages/airflow/example_dags/example_python_decorator.py for tasks to queue
[2025-03-24T17:20:19.106+0000] {logging_mixin.py:190} INFO - [2025-03-24T17:20:19.105+0000] {dagbag.py:588} INFO - Filling up the DagBag from /home/airflow/.local/lib/python3.12/site-packages/airflow/example_dags/example_python_decorator.py
[2025-03-24T17:20:19.128+0000] {processor.py:925} INFO - DAG(s) 'example_python_decorator' retrieved from /home/airflow/.local/lib/python3.12/site-packages/airflow/example_dags/example_python_decorator.py
[2025-03-24T17:20:19.164+0000] {logging_mixin.py:190} INFO - [2025-03-24T17:20:19.164+0000] {dag.py:3239} INFO - Sync 1 DAGs
[2025-03-24T17:20:19.189+0000] {logging_mixin.py:190} INFO - [2025-03-24T17:20:19.188+0000] {dag.py:4180} INFO - Setting next_dagrun for example_python_decorator to None, run_after=None
[2025-03-24T17:20:19.231+0000] {processor.py:208} INFO - Processing /home/airflow/.local/lib/python3.12/site-packages/airflow/example_dags/example_python_decorator.py took 0.140 seconds
[2025-03-24T17:20:51.368+0000] {processor.py:186} INFO - Started process (PID=5566) to work on /home/airflow/.local/lib/python3.12/site-packages/airflow/example_dags/example_python_decorator.py
[2025-03-24T17:20:51.372+0000] {processor.py:914} INFO - Processing file /home/airflow/.local/lib/python3.12/site-packages/airflow/example_dags/example_python_decorator.py for tasks to queue
[2025-03-24T17:20:51.376+0000] {logging_mixin.py:190} INFO - [2025-03-24T17:20:51.376+0000] {dagbag.py:588} INFO - Filling up the DagBag from /home/airflow/.local/lib/python3.12/site-packages/airflow/example_dags/example_python_decorator.py
[2025-03-24T17:20:51.405+0000] {processor.py:925} INFO - DAG(s) 'example_python_decorator' retrieved from /home/airflow/.local/lib/python3.12/site-packages/airflow/example_dags/example_python_decorator.py
[2025-03-24T17:20:51.451+0000] {logging_mixin.py:190} INFO - [2025-03-24T17:20:51.450+0000] {dag.py:3239} INFO - Sync 1 DAGs
[2025-03-24T17:20:51.485+0000] {logging_mixin.py:190} INFO - [2025-03-24T17:20:51.484+0000] {dag.py:4180} INFO - Setting next_dagrun for example_python_decorator to None, run_after=None
[2025-03-24T17:20:51.521+0000] {processor.py:208} INFO - Processing /home/airflow/.local/lib/python3.12/site-packages/airflow/example_dags/example_python_decorator.py took 0.161 seconds
[2025-03-24T17:21:22.890+0000] {processor.py:186} INFO - Started process (PID=5856) to work on /home/airflow/.local/lib/python3.12/site-packages/airflow/example_dags/example_python_decorator.py
[2025-03-24T17:21:22.891+0000] {processor.py:914} INFO - Processing file /home/airflow/.local/lib/python3.12/site-packages/airflow/example_dags/example_python_decorator.py for tasks to queue
[2025-03-24T17:21:22.894+0000] {logging_mixin.py:190} INFO - [2025-03-24T17:21:22.893+0000] {dagbag.py:588} INFO - Filling up the DagBag from /home/airflow/.local/lib/python3.12/site-packages/airflow/example_dags/example_python_decorator.py
[2025-03-24T17:21:22.920+0000] {processor.py:925} INFO - DAG(s) 'example_python_decorator' retrieved from /home/airflow/.local/lib/python3.12/site-packages/airflow/example_dags/example_python_decorator.py
[2025-03-24T17:21:22.968+0000] {logging_mixin.py:190} INFO - [2025-03-24T17:21:22.968+0000] {dag.py:3239} INFO - Sync 1 DAGs
[2025-03-24T17:21:22.997+0000] {logging_mixin.py:190} INFO - [2025-03-24T17:21:22.997+0000] {dag.py:4180} INFO - Setting next_dagrun for example_python_decorator to None, run_after=None
[2025-03-24T17:21:23.044+0000] {processor.py:208} INFO - Processing /home/airflow/.local/lib/python3.12/site-packages/airflow/example_dags/example_python_decorator.py took 0.167 seconds
[2025-03-24T17:21:53.897+0000] {processor.py:186} INFO - Started process (PID=6147) to work on /home/airflow/.local/lib/python3.12/site-packages/airflow/example_dags/example_python_decorator.py
[2025-03-24T17:21:53.901+0000] {processor.py:914} INFO - Processing file /home/airflow/.local/lib/python3.12/site-packages/airflow/example_dags/example_python_decorator.py for tasks to queue
[2025-03-24T17:21:53.905+0000] {logging_mixin.py:190} INFO - [2025-03-24T17:21:53.904+0000] {dagbag.py:588} INFO - Filling up the DagBag from /home/airflow/.local/lib/python3.12/site-packages/airflow/example_dags/example_python_decorator.py
[2025-03-24T17:21:53.928+0000] {processor.py:925} INFO - DAG(s) 'example_python_decorator' retrieved from /home/airflow/.local/lib/python3.12/site-packages/airflow/example_dags/example_python_decorator.py
[2025-03-24T17:21:53.965+0000] {logging_mixin.py:190} INFO - [2025-03-24T17:21:53.964+0000] {dag.py:3239} INFO - Sync 1 DAGs
[2025-03-24T17:21:53.998+0000] {logging_mixin.py:190} INFO - [2025-03-24T17:21:53.998+0000] {dag.py:4180} INFO - Setting next_dagrun for example_python_decorator to None, run_after=None
[2025-03-24T17:21:54.043+0000] {processor.py:208} INFO - Processing /home/airflow/.local/lib/python3.12/site-packages/airflow/example_dags/example_python_decorator.py took 0.156 seconds
[2025-03-24T17:22:24.637+0000] {processor.py:186} INFO - Started process (PID=6433) to work on /home/airflow/.local/lib/python3.12/site-packages/airflow/example_dags/example_python_decorator.py
[2025-03-24T17:22:24.638+0000] {processor.py:914} INFO - Processing file /home/airflow/.local/lib/python3.12/site-packages/airflow/example_dags/example_python_decorator.py for tasks to queue
[2025-03-24T17:22:24.642+0000] {logging_mixin.py:190} INFO - [2025-03-24T17:22:24.642+0000] {dagbag.py:588} INFO - Filling up the DagBag from /home/airflow/.local/lib/python3.12/site-packages/airflow/example_dags/example_python_decorator.py
[2025-03-24T17:22:24.664+0000] {processor.py:925} INFO - DAG(s) 'example_python_decorator' retrieved from /home/airflow/.local/lib/python3.12/site-packages/airflow/example_dags/example_python_decorator.py
[2025-03-24T17:22:24.697+0000] {logging_mixin.py:190} INFO - [2025-03-24T17:22:24.697+0000] {dag.py:3239} INFO - Sync 1 DAGs
[2025-03-24T17:22:24.721+0000] {logging_mixin.py:190} INFO - [2025-03-24T17:22:24.720+0000] {dag.py:4180} INFO - Setting next_dagrun for example_python_decorator to None, run_after=None
[2025-03-24T17:22:24.752+0000] {processor.py:208} INFO - Processing /home/airflow/.local/lib/python3.12/site-packages/airflow/example_dags/example_python_decorator.py took 0.124 seconds
[2025-03-24T17:22:56.965+0000] {processor.py:186} INFO - Started process (PID=6729) to work on /home/airflow/.local/lib/python3.12/site-packages/airflow/example_dags/example_python_decorator.py
[2025-03-24T17:22:56.969+0000] {processor.py:914} INFO - Processing file /home/airflow/.local/lib/python3.12/site-packages/airflow/example_dags/example_python_decorator.py for tasks to queue
[2025-03-24T17:22:56.974+0000] {logging_mixin.py:190} INFO - [2025-03-24T17:22:56.973+0000] {dagbag.py:588} INFO - Filling up the DagBag from /home/airflow/.local/lib/python3.12/site-packages/airflow/example_dags/example_python_decorator.py
[2025-03-24T17:22:57.006+0000] {processor.py:925} INFO - DAG(s) 'example_python_decorator' retrieved from /home/airflow/.local/lib/python3.12/site-packages/airflow/example_dags/example_python_decorator.py
[2025-03-24T17:22:57.054+0000] {logging_mixin.py:190} INFO - [2025-03-24T17:22:57.053+0000] {dag.py:3239} INFO - Sync 1 DAGs
[2025-03-24T17:22:57.087+0000] {logging_mixin.py:190} INFO - [2025-03-24T17:22:57.086+0000] {dag.py:4180} INFO - Setting next_dagrun for example_python_decorator to None, run_after=None
[2025-03-24T17:22:57.130+0000] {processor.py:208} INFO - Processing /home/airflow/.local/lib/python3.12/site-packages/airflow/example_dags/example_python_decorator.py took 0.175 seconds
[2025-03-24T17:23:27.710+0000] {processor.py:186} INFO - Started process (PID=7015) to work on /home/airflow/.local/lib/python3.12/site-packages/airflow/example_dags/example_python_decorator.py
[2025-03-24T17:23:27.712+0000] {processor.py:914} INFO - Processing file /home/airflow/.local/lib/python3.12/site-packages/airflow/example_dags/example_python_decorator.py for tasks to queue
[2025-03-24T17:23:27.714+0000] {logging_mixin.py:190} INFO - [2025-03-24T17:23:27.714+0000] {dagbag.py:588} INFO - Filling up the DagBag from /home/airflow/.local/lib/python3.12/site-packages/airflow/example_dags/example_python_decorator.py
[2025-03-24T17:23:27.736+0000] {processor.py:925} INFO - DAG(s) 'example_python_decorator' retrieved from /home/airflow/.local/lib/python3.12/site-packages/airflow/example_dags/example_python_decorator.py
[2025-03-24T17:23:27.772+0000] {logging_mixin.py:190} INFO - [2025-03-24T17:23:27.771+0000] {dag.py:3239} INFO - Sync 1 DAGs
[2025-03-24T17:23:27.793+0000] {logging_mixin.py:190} INFO - [2025-03-24T17:23:27.792+0000] {dag.py:4180} INFO - Setting next_dagrun for example_python_decorator to None, run_after=None
[2025-03-24T17:23:27.823+0000] {processor.py:208} INFO - Processing /home/airflow/.local/lib/python3.12/site-packages/airflow/example_dags/example_python_decorator.py took 0.121 seconds
[2025-03-24T17:23:59.258+0000] {processor.py:186} INFO - Started process (PID=7306) to work on /home/airflow/.local/lib/python3.12/site-packages/airflow/example_dags/example_python_decorator.py
[2025-03-24T17:23:59.259+0000] {processor.py:914} INFO - Processing file /home/airflow/.local/lib/python3.12/site-packages/airflow/example_dags/example_python_decorator.py for tasks to queue
[2025-03-24T17:23:59.261+0000] {logging_mixin.py:190} INFO - [2025-03-24T17:23:59.260+0000] {dagbag.py:588} INFO - Filling up the DagBag from /home/airflow/.local/lib/python3.12/site-packages/airflow/example_dags/example_python_decorator.py
[2025-03-24T17:23:59.278+0000] {processor.py:925} INFO - DAG(s) 'example_python_decorator' retrieved from /home/airflow/.local/lib/python3.12/site-packages/airflow/example_dags/example_python_decorator.py
[2025-03-24T17:23:59.305+0000] {logging_mixin.py:190} INFO - [2025-03-24T17:23:59.305+0000] {dag.py:3239} INFO - Sync 1 DAGs
[2025-03-24T17:23:59.325+0000] {logging_mixin.py:190} INFO - [2025-03-24T17:23:59.324+0000] {dag.py:4180} INFO - Setting next_dagrun for example_python_decorator to None, run_after=None
[2025-03-24T17:23:59.355+0000] {processor.py:208} INFO - Processing /home/airflow/.local/lib/python3.12/site-packages/airflow/example_dags/example_python_decorator.py took 0.105 seconds
[2025-03-24T17:24:30.643+0000] {processor.py:186} INFO - Started process (PID=7608) to work on /home/airflow/.local/lib/python3.12/site-packages/airflow/example_dags/example_python_decorator.py
[2025-03-24T17:24:30.643+0000] {processor.py:914} INFO - Processing file /home/airflow/.local/lib/python3.12/site-packages/airflow/example_dags/example_python_decorator.py for tasks to queue
[2025-03-24T17:24:30.646+0000] {logging_mixin.py:190} INFO - [2025-03-24T17:24:30.645+0000] {dagbag.py:588} INFO - Filling up the DagBag from /home/airflow/.local/lib/python3.12/site-packages/airflow/example_dags/example_python_decorator.py
[2025-03-24T17:24:30.664+0000] {processor.py:925} INFO - DAG(s) 'example_python_decorator' retrieved from /home/airflow/.local/lib/python3.12/site-packages/airflow/example_dags/example_python_decorator.py
[2025-03-24T17:24:30.698+0000] {logging_mixin.py:190} INFO - [2025-03-24T17:24:30.697+0000] {dag.py:3239} INFO - Sync 1 DAGs
[2025-03-24T17:24:30.722+0000] {logging_mixin.py:190} INFO - [2025-03-24T17:24:30.722+0000] {dag.py:4180} INFO - Setting next_dagrun for example_python_decorator to None, run_after=None
[2025-03-24T17:24:30.756+0000] {processor.py:208} INFO - Processing /home/airflow/.local/lib/python3.12/site-packages/airflow/example_dags/example_python_decorator.py took 0.122 seconds
[2025-03-24T17:25:01.880+0000] {processor.py:186} INFO - Started process (PID=7899) to work on /home/airflow/.local/lib/python3.12/site-packages/airflow/example_dags/example_python_decorator.py
[2025-03-24T17:25:01.881+0000] {processor.py:914} INFO - Processing file /home/airflow/.local/lib/python3.12/site-packages/airflow/example_dags/example_python_decorator.py for tasks to queue
[2025-03-24T17:25:01.883+0000] {logging_mixin.py:190} INFO - [2025-03-24T17:25:01.883+0000] {dagbag.py:588} INFO - Filling up the DagBag from /home/airflow/.local/lib/python3.12/site-packages/airflow/example_dags/example_python_decorator.py
[2025-03-24T17:25:01.901+0000] {processor.py:925} INFO - DAG(s) 'example_python_decorator' retrieved from /home/airflow/.local/lib/python3.12/site-packages/airflow/example_dags/example_python_decorator.py
[2025-03-24T17:25:01.933+0000] {logging_mixin.py:190} INFO - [2025-03-24T17:25:01.933+0000] {dag.py:3239} INFO - Sync 1 DAGs
[2025-03-24T17:25:01.952+0000] {logging_mixin.py:190} INFO - [2025-03-24T17:25:01.951+0000] {dag.py:4180} INFO - Setting next_dagrun for example_python_decorator to None, run_after=None
[2025-03-24T17:25:01.979+0000] {processor.py:208} INFO - Processing /home/airflow/.local/lib/python3.12/site-packages/airflow/example_dags/example_python_decorator.py took 0.106 seconds
[2025-03-24T17:25:34.268+0000] {processor.py:186} INFO - Started process (PID=8205) to work on /home/airflow/.local/lib/python3.12/site-packages/airflow/example_dags/example_python_decorator.py
[2025-03-24T17:25:34.272+0000] {processor.py:914} INFO - Processing file /home/airflow/.local/lib/python3.12/site-packages/airflow/example_dags/example_python_decorator.py for tasks to queue
[2025-03-24T17:25:34.275+0000] {logging_mixin.py:190} INFO - [2025-03-24T17:25:34.275+0000] {dagbag.py:588} INFO - Filling up the DagBag from /home/airflow/.local/lib/python3.12/site-packages/airflow/example_dags/example_python_decorator.py
[2025-03-24T17:25:34.303+0000] {processor.py:925} INFO - DAG(s) 'example_python_decorator' retrieved from /home/airflow/.local/lib/python3.12/site-packages/airflow/example_dags/example_python_decorator.py
[2025-03-24T17:25:34.347+0000] {logging_mixin.py:190} INFO - [2025-03-24T17:25:34.347+0000] {dag.py:3239} INFO - Sync 1 DAGs
[2025-03-24T17:25:34.376+0000] {logging_mixin.py:190} INFO - [2025-03-24T17:25:34.376+0000] {dag.py:4180} INFO - Setting next_dagrun for example_python_decorator to None, run_after=None
[2025-03-24T17:25:34.412+0000] {processor.py:208} INFO - Processing /home/airflow/.local/lib/python3.12/site-packages/airflow/example_dags/example_python_decorator.py took 0.154 seconds
[2025-03-24T17:26:05.141+0000] {processor.py:186} INFO - Started process (PID=8491) to work on /home/airflow/.local/lib/python3.12/site-packages/airflow/example_dags/example_python_decorator.py
[2025-03-24T17:26:05.145+0000] {processor.py:914} INFO - Processing file /home/airflow/.local/lib/python3.12/site-packages/airflow/example_dags/example_python_decorator.py for tasks to queue
[2025-03-24T17:26:05.148+0000] {logging_mixin.py:190} INFO - [2025-03-24T17:26:05.147+0000] {dagbag.py:588} INFO - Filling up the DagBag from /home/airflow/.local/lib/python3.12/site-packages/airflow/example_dags/example_python_decorator.py
[2025-03-24T17:26:05.167+0000] {processor.py:925} INFO - DAG(s) 'example_python_decorator' retrieved from /home/airflow/.local/lib/python3.12/site-packages/airflow/example_dags/example_python_decorator.py
[2025-03-24T17:26:05.197+0000] {logging_mixin.py:190} INFO - [2025-03-24T17:26:05.196+0000] {dag.py:3239} INFO - Sync 1 DAGs
[2025-03-24T17:26:05.222+0000] {logging_mixin.py:190} INFO - [2025-03-24T17:26:05.222+0000] {dag.py:4180} INFO - Setting next_dagrun for example_python_decorator to None, run_after=None
[2025-03-24T17:26:05.260+0000] {processor.py:208} INFO - Processing /home/airflow/.local/lib/python3.12/site-packages/airflow/example_dags/example_python_decorator.py took 0.126 seconds
[2025-03-24T17:26:38.089+0000] {processor.py:186} INFO - Started process (PID=8807) to work on /home/airflow/.local/lib/python3.12/site-packages/airflow/example_dags/example_python_decorator.py
[2025-03-24T17:26:38.093+0000] {processor.py:914} INFO - Processing file /home/airflow/.local/lib/python3.12/site-packages/airflow/example_dags/example_python_decorator.py for tasks to queue
[2025-03-24T17:26:38.095+0000] {logging_mixin.py:190} INFO - [2025-03-24T17:26:38.095+0000] {dagbag.py:588} INFO - Filling up the DagBag from /home/airflow/.local/lib/python3.12/site-packages/airflow/example_dags/example_python_decorator.py
[2025-03-24T17:26:38.120+0000] {processor.py:925} INFO - DAG(s) 'example_python_decorator' retrieved from /home/airflow/.local/lib/python3.12/site-packages/airflow/example_dags/example_python_decorator.py
[2025-03-24T17:26:38.159+0000] {logging_mixin.py:190} INFO - [2025-03-24T17:26:38.159+0000] {dag.py:3239} INFO - Sync 1 DAGs
[2025-03-24T17:26:38.186+0000] {logging_mixin.py:190} INFO - [2025-03-24T17:26:38.185+0000] {dag.py:4180} INFO - Setting next_dagrun for example_python_decorator to None, run_after=None
[2025-03-24T17:26:38.225+0000] {processor.py:208} INFO - Processing /home/airflow/.local/lib/python3.12/site-packages/airflow/example_dags/example_python_decorator.py took 0.146 seconds
[2025-03-24T17:27:09.201+0000] {processor.py:186} INFO - Started process (PID=9098) to work on /home/airflow/.local/lib/python3.12/site-packages/airflow/example_dags/example_python_decorator.py
[2025-03-24T17:27:09.201+0000] {processor.py:914} INFO - Processing file /home/airflow/.local/lib/python3.12/site-packages/airflow/example_dags/example_python_decorator.py for tasks to queue
[2025-03-24T17:27:09.208+0000] {logging_mixin.py:190} INFO - [2025-03-24T17:27:09.207+0000] {dagbag.py:588} INFO - Filling up the DagBag from /home/airflow/.local/lib/python3.12/site-packages/airflow/example_dags/example_python_decorator.py
[2025-03-24T17:27:09.229+0000] {processor.py:925} INFO - DAG(s) 'example_python_decorator' retrieved from /home/airflow/.local/lib/python3.12/site-packages/airflow/example_dags/example_python_decorator.py
[2025-03-24T17:27:09.271+0000] {logging_mixin.py:190} INFO - [2025-03-24T17:27:09.271+0000] {dag.py:3239} INFO - Sync 1 DAGs
[2025-03-24T17:27:09.296+0000] {logging_mixin.py:190} INFO - [2025-03-24T17:27:09.295+0000] {dag.py:4180} INFO - Setting next_dagrun for example_python_decorator to None, run_after=None
[2025-03-24T17:27:09.334+0000] {processor.py:208} INFO - Processing /home/airflow/.local/lib/python3.12/site-packages/airflow/example_dags/example_python_decorator.py took 0.140 seconds
[2025-03-24T17:27:41.221+0000] {processor.py:186} INFO - Started process (PID=9394) to work on /home/airflow/.local/lib/python3.12/site-packages/airflow/example_dags/example_python_decorator.py
[2025-03-24T17:27:41.222+0000] {processor.py:914} INFO - Processing file /home/airflow/.local/lib/python3.12/site-packages/airflow/example_dags/example_python_decorator.py for tasks to queue
[2025-03-24T17:27:41.225+0000] {logging_mixin.py:190} INFO - [2025-03-24T17:27:41.224+0000] {dagbag.py:588} INFO - Filling up the DagBag from /home/airflow/.local/lib/python3.12/site-packages/airflow/example_dags/example_python_decorator.py
[2025-03-24T17:27:41.241+0000] {processor.py:925} INFO - DAG(s) 'example_python_decorator' retrieved from /home/airflow/.local/lib/python3.12/site-packages/airflow/example_dags/example_python_decorator.py
[2025-03-24T17:27:41.267+0000] {logging_mixin.py:190} INFO - [2025-03-24T17:27:41.267+0000] {dag.py:3239} INFO - Sync 1 DAGs
[2025-03-24T17:27:41.285+0000] {logging_mixin.py:190} INFO - [2025-03-24T17:27:41.284+0000] {dag.py:4180} INFO - Setting next_dagrun for example_python_decorator to None, run_after=None
[2025-03-24T17:27:41.324+0000] {processor.py:208} INFO - Processing /home/airflow/.local/lib/python3.12/site-packages/airflow/example_dags/example_python_decorator.py took 0.109 seconds
[2025-03-24T17:28:13.411+0000] {processor.py:186} INFO - Started process (PID=9685) to work on /home/airflow/.local/lib/python3.12/site-packages/airflow/example_dags/example_python_decorator.py
[2025-03-24T17:28:13.415+0000] {processor.py:914} INFO - Processing file /home/airflow/.local/lib/python3.12/site-packages/airflow/example_dags/example_python_decorator.py for tasks to queue
[2025-03-24T17:28:13.418+0000] {logging_mixin.py:190} INFO - [2025-03-24T17:28:13.417+0000] {dagbag.py:588} INFO - Filling up the DagBag from /home/airflow/.local/lib/python3.12/site-packages/airflow/example_dags/example_python_decorator.py
[2025-03-24T17:28:13.446+0000] {processor.py:925} INFO - DAG(s) 'example_python_decorator' retrieved from /home/airflow/.local/lib/python3.12/site-packages/airflow/example_dags/example_python_decorator.py
[2025-03-24T17:28:13.483+0000] {logging_mixin.py:190} INFO - [2025-03-24T17:28:13.483+0000] {dag.py:3239} INFO - Sync 1 DAGs
[2025-03-24T17:28:13.510+0000] {logging_mixin.py:190} INFO - [2025-03-24T17:28:13.510+0000] {dag.py:4180} INFO - Setting next_dagrun for example_python_decorator to None, run_after=None
[2025-03-24T17:28:13.546+0000] {processor.py:208} INFO - Processing /home/airflow/.local/lib/python3.12/site-packages/airflow/example_dags/example_python_decorator.py took 0.146 seconds
[2025-03-24T17:28:45.101+0000] {processor.py:186} INFO - Started process (PID=9976) to work on /home/airflow/.local/lib/python3.12/site-packages/airflow/example_dags/example_python_decorator.py
[2025-03-24T17:28:45.102+0000] {processor.py:914} INFO - Processing file /home/airflow/.local/lib/python3.12/site-packages/airflow/example_dags/example_python_decorator.py for tasks to queue
[2025-03-24T17:28:45.106+0000] {logging_mixin.py:190} INFO - [2025-03-24T17:28:45.105+0000] {dagbag.py:588} INFO - Filling up the DagBag from /home/airflow/.local/lib/python3.12/site-packages/airflow/example_dags/example_python_decorator.py
[2025-03-24T17:28:45.132+0000] {processor.py:925} INFO - DAG(s) 'example_python_decorator' retrieved from /home/airflow/.local/lib/python3.12/site-packages/airflow/example_dags/example_python_decorator.py
[2025-03-24T17:28:45.170+0000] {logging_mixin.py:190} INFO - [2025-03-24T17:28:45.170+0000] {dag.py:3239} INFO - Sync 1 DAGs
[2025-03-24T17:28:45.198+0000] {logging_mixin.py:190} INFO - [2025-03-24T17:28:45.198+0000] {dag.py:4180} INFO - Setting next_dagrun for example_python_decorator to None, run_after=None
[2025-03-24T17:28:45.241+0000] {processor.py:208} INFO - Processing /home/airflow/.local/lib/python3.12/site-packages/airflow/example_dags/example_python_decorator.py took 0.147 seconds
[2025-03-24T17:29:16.845+0000] {processor.py:186} INFO - Started process (PID=10272) to work on /home/airflow/.local/lib/python3.12/site-packages/airflow/example_dags/example_python_decorator.py
[2025-03-24T17:29:16.850+0000] {processor.py:914} INFO - Processing file /home/airflow/.local/lib/python3.12/site-packages/airflow/example_dags/example_python_decorator.py for tasks to queue
[2025-03-24T17:29:16.854+0000] {logging_mixin.py:190} INFO - [2025-03-24T17:29:16.854+0000] {dagbag.py:588} INFO - Filling up the DagBag from /home/airflow/.local/lib/python3.12/site-packages/airflow/example_dags/example_python_decorator.py
[2025-03-24T17:29:16.881+0000] {processor.py:925} INFO - DAG(s) 'example_python_decorator' retrieved from /home/airflow/.local/lib/python3.12/site-packages/airflow/example_dags/example_python_decorator.py
[2025-03-24T17:29:16.922+0000] {logging_mixin.py:190} INFO - [2025-03-24T17:29:16.922+0000] {dag.py:3239} INFO - Sync 1 DAGs
[2025-03-24T17:29:16.947+0000] {logging_mixin.py:190} INFO - [2025-03-24T17:29:16.947+0000] {dag.py:4180} INFO - Setting next_dagrun for example_python_decorator to None, run_after=None
[2025-03-24T17:29:16.987+0000] {processor.py:208} INFO - Processing /home/airflow/.local/lib/python3.12/site-packages/airflow/example_dags/example_python_decorator.py took 0.156 seconds
[2025-03-24T17:29:47.106+0000] {processor.py:186} INFO - Started process (PID=10560) to work on /home/airflow/.local/lib/python3.12/site-packages/airflow/example_dags/example_python_decorator.py
[2025-03-24T17:29:47.107+0000] {processor.py:914} INFO - Processing file /home/airflow/.local/lib/python3.12/site-packages/airflow/example_dags/example_python_decorator.py for tasks to queue
[2025-03-24T17:29:47.111+0000] {logging_mixin.py:190} INFO - [2025-03-24T17:29:47.110+0000] {dagbag.py:588} INFO - Filling up the DagBag from /home/airflow/.local/lib/python3.12/site-packages/airflow/example_dags/example_python_decorator.py
[2025-03-24T17:29:47.131+0000] {processor.py:925} INFO - DAG(s) 'example_python_decorator' retrieved from /home/airflow/.local/lib/python3.12/site-packages/airflow/example_dags/example_python_decorator.py
[2025-03-24T17:29:47.160+0000] {logging_mixin.py:190} INFO - [2025-03-24T17:29:47.160+0000] {dag.py:3239} INFO - Sync 1 DAGs
[2025-03-24T17:29:47.176+0000] {logging_mixin.py:190} INFO - [2025-03-24T17:29:47.176+0000] {dag.py:4180} INFO - Setting next_dagrun for example_python_decorator to None, run_after=None
[2025-03-24T17:29:47.204+0000] {processor.py:208} INFO - Processing /home/airflow/.local/lib/python3.12/site-packages/airflow/example_dags/example_python_decorator.py took 0.106 seconds
[2025-03-24T17:30:18.769+0000] {processor.py:186} INFO - Started process (PID=10873) to work on /home/airflow/.local/lib/python3.12/site-packages/airflow/example_dags/example_python_decorator.py
[2025-03-24T17:30:18.771+0000] {processor.py:914} INFO - Processing file /home/airflow/.local/lib/python3.12/site-packages/airflow/example_dags/example_python_decorator.py for tasks to queue
[2025-03-24T17:30:18.774+0000] {logging_mixin.py:190} INFO - [2025-03-24T17:30:18.773+0000] {dagbag.py:588} INFO - Filling up the DagBag from /home/airflow/.local/lib/python3.12/site-packages/airflow/example_dags/example_python_decorator.py
[2025-03-24T17:30:18.791+0000] {processor.py:925} INFO - DAG(s) 'example_python_decorator' retrieved from /home/airflow/.local/lib/python3.12/site-packages/airflow/example_dags/example_python_decorator.py
[2025-03-24T17:30:18.818+0000] {logging_mixin.py:190} INFO - [2025-03-24T17:30:18.818+0000] {dag.py:3239} INFO - Sync 1 DAGs
[2025-03-24T17:30:18.844+0000] {logging_mixin.py:190} INFO - [2025-03-24T17:30:18.844+0000] {dag.py:4180} INFO - Setting next_dagrun for example_python_decorator to None, run_after=None
[2025-03-24T17:30:18.880+0000] {processor.py:208} INFO - Processing /home/airflow/.local/lib/python3.12/site-packages/airflow/example_dags/example_python_decorator.py took 0.119 seconds
[2025-03-24T17:30:50.467+0000] {processor.py:186} INFO - Started process (PID=11162) to work on /home/airflow/.local/lib/python3.12/site-packages/airflow/example_dags/example_python_decorator.py
[2025-03-24T17:30:50.468+0000] {processor.py:914} INFO - Processing file /home/airflow/.local/lib/python3.12/site-packages/airflow/example_dags/example_python_decorator.py for tasks to queue
[2025-03-24T17:30:50.471+0000] {logging_mixin.py:190} INFO - [2025-03-24T17:30:50.470+0000] {dagbag.py:588} INFO - Filling up the DagBag from /home/airflow/.local/lib/python3.12/site-packages/airflow/example_dags/example_python_decorator.py
[2025-03-24T17:30:50.493+0000] {processor.py:925} INFO - DAG(s) 'example_python_decorator' retrieved from /home/airflow/.local/lib/python3.12/site-packages/airflow/example_dags/example_python_decorator.py
[2025-03-24T17:30:50.520+0000] {logging_mixin.py:190} INFO - [2025-03-24T17:30:50.520+0000] {dag.py:3239} INFO - Sync 1 DAGs
[2025-03-24T17:30:50.539+0000] {logging_mixin.py:190} INFO - [2025-03-24T17:30:50.539+0000] {dag.py:4180} INFO - Setting next_dagrun for example_python_decorator to None, run_after=None
[2025-03-24T17:30:50.570+0000] {processor.py:208} INFO - Processing /home/airflow/.local/lib/python3.12/site-packages/airflow/example_dags/example_python_decorator.py took 0.110 seconds
[2025-03-24T17:31:21.482+0000] {processor.py:186} INFO - Started process (PID=11453) to work on /home/airflow/.local/lib/python3.12/site-packages/airflow/example_dags/example_python_decorator.py
[2025-03-24T17:31:21.486+0000] {processor.py:914} INFO - Processing file /home/airflow/.local/lib/python3.12/site-packages/airflow/example_dags/example_python_decorator.py for tasks to queue
[2025-03-24T17:31:21.489+0000] {logging_mixin.py:190} INFO - [2025-03-24T17:31:21.488+0000] {dagbag.py:588} INFO - Filling up the DagBag from /home/airflow/.local/lib/python3.12/site-packages/airflow/example_dags/example_python_decorator.py
[2025-03-24T17:31:21.511+0000] {processor.py:925} INFO - DAG(s) 'example_python_decorator' retrieved from /home/airflow/.local/lib/python3.12/site-packages/airflow/example_dags/example_python_decorator.py
[2025-03-24T17:31:21.542+0000] {logging_mixin.py:190} INFO - [2025-03-24T17:31:21.542+0000] {dag.py:3239} INFO - Sync 1 DAGs
[2025-03-24T17:31:21.564+0000] {logging_mixin.py:190} INFO - [2025-03-24T17:31:21.563+0000] {dag.py:4180} INFO - Setting next_dagrun for example_python_decorator to None, run_after=None
[2025-03-24T17:31:21.604+0000] {processor.py:208} INFO - Processing /home/airflow/.local/lib/python3.12/site-packages/airflow/example_dags/example_python_decorator.py took 0.132 seconds
[2025-03-24T17:31:53.364+0000] {processor.py:186} INFO - Started process (PID=11751) to work on /home/airflow/.local/lib/python3.12/site-packages/airflow/example_dags/example_python_decorator.py
[2025-03-24T17:31:53.366+0000] {processor.py:914} INFO - Processing file /home/airflow/.local/lib/python3.12/site-packages/airflow/example_dags/example_python_decorator.py for tasks to queue
[2025-03-24T17:31:53.369+0000] {logging_mixin.py:190} INFO - [2025-03-24T17:31:53.368+0000] {dagbag.py:588} INFO - Filling up the DagBag from /home/airflow/.local/lib/python3.12/site-packages/airflow/example_dags/example_python_decorator.py
[2025-03-24T17:31:53.388+0000] {processor.py:925} INFO - DAG(s) 'example_python_decorator' retrieved from /home/airflow/.local/lib/python3.12/site-packages/airflow/example_dags/example_python_decorator.py
[2025-03-24T17:31:53.416+0000] {logging_mixin.py:190} INFO - [2025-03-24T17:31:53.415+0000] {dag.py:3239} INFO - Sync 1 DAGs
[2025-03-24T17:31:53.433+0000] {logging_mixin.py:190} INFO - [2025-03-24T17:31:53.433+0000] {dag.py:4180} INFO - Setting next_dagrun for example_python_decorator to None, run_after=None
[2025-03-24T17:31:53.461+0000] {processor.py:208} INFO - Processing /home/airflow/.local/lib/python3.12/site-packages/airflow/example_dags/example_python_decorator.py took 0.107 seconds
[2025-03-24T17:32:24.990+0000] {processor.py:186} INFO - Started process (PID=12041) to work on /home/airflow/.local/lib/python3.12/site-packages/airflow/example_dags/example_python_decorator.py
[2025-03-24T17:32:24.992+0000] {processor.py:914} INFO - Processing file /home/airflow/.local/lib/python3.12/site-packages/airflow/example_dags/example_python_decorator.py for tasks to queue
[2025-03-24T17:32:24.995+0000] {logging_mixin.py:190} INFO - [2025-03-24T17:32:24.994+0000] {dagbag.py:588} INFO - Filling up the DagBag from /home/airflow/.local/lib/python3.12/site-packages/airflow/example_dags/example_python_decorator.py
[2025-03-24T17:32:25.018+0000] {processor.py:925} INFO - DAG(s) 'example_python_decorator' retrieved from /home/airflow/.local/lib/python3.12/site-packages/airflow/example_dags/example_python_decorator.py
[2025-03-24T17:32:25.051+0000] {logging_mixin.py:190} INFO - [2025-03-24T17:32:25.051+0000] {dag.py:3239} INFO - Sync 1 DAGs
[2025-03-24T17:32:25.082+0000] {logging_mixin.py:190} INFO - [2025-03-24T17:32:25.082+0000] {dag.py:4180} INFO - Setting next_dagrun for example_python_decorator to None, run_after=None
[2025-03-24T17:32:25.122+0000] {processor.py:208} INFO - Processing /home/airflow/.local/lib/python3.12/site-packages/airflow/example_dags/example_python_decorator.py took 0.141 seconds
[2025-03-24T17:32:56.395+0000] {processor.py:186} INFO - Started process (PID=12330) to work on /home/airflow/.local/lib/python3.12/site-packages/airflow/example_dags/example_python_decorator.py
[2025-03-24T17:32:56.399+0000] {processor.py:914} INFO - Processing file /home/airflow/.local/lib/python3.12/site-packages/airflow/example_dags/example_python_decorator.py for tasks to queue
[2025-03-24T17:32:56.405+0000] {logging_mixin.py:190} INFO - [2025-03-24T17:32:56.404+0000] {dagbag.py:588} INFO - Filling up the DagBag from /home/airflow/.local/lib/python3.12/site-packages/airflow/example_dags/example_python_decorator.py
[2025-03-24T17:32:56.433+0000] {processor.py:925} INFO - DAG(s) 'example_python_decorator' retrieved from /home/airflow/.local/lib/python3.12/site-packages/airflow/example_dags/example_python_decorator.py
[2025-03-24T17:32:56.478+0000] {logging_mixin.py:190} INFO - [2025-03-24T17:32:56.478+0000] {dag.py:3239} INFO - Sync 1 DAGs
[2025-03-24T17:32:56.508+0000] {logging_mixin.py:190} INFO - [2025-03-24T17:32:56.508+0000] {dag.py:4180} INFO - Setting next_dagrun for example_python_decorator to None, run_after=None
[2025-03-24T17:32:56.546+0000] {processor.py:208} INFO - Processing /home/airflow/.local/lib/python3.12/site-packages/airflow/example_dags/example_python_decorator.py took 0.162 seconds
[2025-03-24T17:33:28.126+0000] {processor.py:186} INFO - Started process (PID=12621) to work on /home/airflow/.local/lib/python3.12/site-packages/airflow/example_dags/example_python_decorator.py
[2025-03-24T17:33:28.128+0000] {processor.py:914} INFO - Processing file /home/airflow/.local/lib/python3.12/site-packages/airflow/example_dags/example_python_decorator.py for tasks to queue
[2025-03-24T17:33:28.131+0000] {logging_mixin.py:190} INFO - [2025-03-24T17:33:28.130+0000] {dagbag.py:588} INFO - Filling up the DagBag from /home/airflow/.local/lib/python3.12/site-packages/airflow/example_dags/example_python_decorator.py
[2025-03-24T17:33:28.159+0000] {processor.py:925} INFO - DAG(s) 'example_python_decorator' retrieved from /home/airflow/.local/lib/python3.12/site-packages/airflow/example_dags/example_python_decorator.py
[2025-03-24T17:33:28.200+0000] {logging_mixin.py:190} INFO - [2025-03-24T17:33:28.199+0000] {dag.py:3239} INFO - Sync 1 DAGs
[2025-03-24T17:33:28.231+0000] {logging_mixin.py:190} INFO - [2025-03-24T17:33:28.231+0000] {dag.py:4180} INFO - Setting next_dagrun for example_python_decorator to None, run_after=None
[2025-03-24T17:33:28.267+0000] {processor.py:208} INFO - Processing /home/airflow/.local/lib/python3.12/site-packages/airflow/example_dags/example_python_decorator.py took 0.153 seconds
[2025-03-24T17:33:59.779+0000] {processor.py:186} INFO - Started process (PID=12917) to work on /home/airflow/.local/lib/python3.12/site-packages/airflow/example_dags/example_python_decorator.py
[2025-03-24T17:33:59.780+0000] {processor.py:914} INFO - Processing file /home/airflow/.local/lib/python3.12/site-packages/airflow/example_dags/example_python_decorator.py for tasks to queue
[2025-03-24T17:33:59.783+0000] {logging_mixin.py:190} INFO - [2025-03-24T17:33:59.783+0000] {dagbag.py:588} INFO - Filling up the DagBag from /home/airflow/.local/lib/python3.12/site-packages/airflow/example_dags/example_python_decorator.py
[2025-03-24T17:33:59.810+0000] {processor.py:925} INFO - DAG(s) 'example_python_decorator' retrieved from /home/airflow/.local/lib/python3.12/site-packages/airflow/example_dags/example_python_decorator.py
[2025-03-24T17:33:59.853+0000] {logging_mixin.py:190} INFO - [2025-03-24T17:33:59.853+0000] {dag.py:3239} INFO - Sync 1 DAGs
[2025-03-24T17:33:59.886+0000] {logging_mixin.py:190} INFO - [2025-03-24T17:33:59.886+0000] {dag.py:4180} INFO - Setting next_dagrun for example_python_decorator to None, run_after=None
[2025-03-24T17:33:59.933+0000] {processor.py:208} INFO - Processing /home/airflow/.local/lib/python3.12/site-packages/airflow/example_dags/example_python_decorator.py took 0.165 seconds
[2025-03-24T17:34:30.766+0000] {processor.py:186} INFO - Started process (PID=13208) to work on /home/airflow/.local/lib/python3.12/site-packages/airflow/example_dags/example_python_decorator.py
[2025-03-24T17:34:30.770+0000] {processor.py:914} INFO - Processing file /home/airflow/.local/lib/python3.12/site-packages/airflow/example_dags/example_python_decorator.py for tasks to queue
[2025-03-24T17:34:30.773+0000] {logging_mixin.py:190} INFO - [2025-03-24T17:34:30.772+0000] {dagbag.py:588} INFO - Filling up the DagBag from /home/airflow/.local/lib/python3.12/site-packages/airflow/example_dags/example_python_decorator.py
[2025-03-24T17:34:30.794+0000] {processor.py:925} INFO - DAG(s) 'example_python_decorator' retrieved from /home/airflow/.local/lib/python3.12/site-packages/airflow/example_dags/example_python_decorator.py
[2025-03-24T17:34:30.848+0000] {logging_mixin.py:190} INFO - [2025-03-24T17:34:30.847+0000] {dag.py:3239} INFO - Sync 1 DAGs
[2025-03-24T17:34:30.874+0000] {logging_mixin.py:190} INFO - [2025-03-24T17:34:30.873+0000] {dag.py:4180} INFO - Setting next_dagrun for example_python_decorator to None, run_after=None
[2025-03-24T17:34:30.932+0000] {processor.py:208} INFO - Processing /home/airflow/.local/lib/python3.12/site-packages/airflow/example_dags/example_python_decorator.py took 0.175 seconds
[2025-03-24T17:35:02.738+0000] {processor.py:186} INFO - Started process (PID=13499) to work on /home/airflow/.local/lib/python3.12/site-packages/airflow/example_dags/example_python_decorator.py
[2025-03-24T17:35:02.740+0000] {processor.py:914} INFO - Processing file /home/airflow/.local/lib/python3.12/site-packages/airflow/example_dags/example_python_decorator.py for tasks to queue
[2025-03-24T17:35:02.743+0000] {logging_mixin.py:190} INFO - [2025-03-24T17:35:02.742+0000] {dagbag.py:588} INFO - Filling up the DagBag from /home/airflow/.local/lib/python3.12/site-packages/airflow/example_dags/example_python_decorator.py
[2025-03-24T17:35:02.773+0000] {processor.py:925} INFO - DAG(s) 'example_python_decorator' retrieved from /home/airflow/.local/lib/python3.12/site-packages/airflow/example_dags/example_python_decorator.py
[2025-03-24T17:35:02.819+0000] {logging_mixin.py:190} INFO - [2025-03-24T17:35:02.818+0000] {dag.py:3239} INFO - Sync 1 DAGs
[2025-03-24T17:35:02.856+0000] {logging_mixin.py:190} INFO - [2025-03-24T17:35:02.855+0000] {dag.py:4180} INFO - Setting next_dagrun for example_python_decorator to None, run_after=None
[2025-03-24T17:35:03.124+0000] {processor.py:208} INFO - Processing /home/airflow/.local/lib/python3.12/site-packages/airflow/example_dags/example_python_decorator.py took 0.398 seconds
[2025-03-24T17:35:34.865+0000] {processor.py:186} INFO - Started process (PID=13789) to work on /home/airflow/.local/lib/python3.12/site-packages/airflow/example_dags/example_python_decorator.py
[2025-03-24T17:35:34.868+0000] {processor.py:914} INFO - Processing file /home/airflow/.local/lib/python3.12/site-packages/airflow/example_dags/example_python_decorator.py for tasks to queue
[2025-03-24T17:35:34.871+0000] {logging_mixin.py:190} INFO - [2025-03-24T17:35:34.870+0000] {dagbag.py:588} INFO - Filling up the DagBag from /home/airflow/.local/lib/python3.12/site-packages/airflow/example_dags/example_python_decorator.py
[2025-03-24T17:35:34.902+0000] {processor.py:925} INFO - DAG(s) 'example_python_decorator' retrieved from /home/airflow/.local/lib/python3.12/site-packages/airflow/example_dags/example_python_decorator.py
[2025-03-24T17:35:34.948+0000] {logging_mixin.py:190} INFO - [2025-03-24T17:35:34.948+0000] {dag.py:3239} INFO - Sync 1 DAGs
[2025-03-24T17:35:34.976+0000] {logging_mixin.py:190} INFO - [2025-03-24T17:35:34.976+0000] {dag.py:4180} INFO - Setting next_dagrun for example_python_decorator to None, run_after=None
[2025-03-24T17:35:35.020+0000] {processor.py:208} INFO - Processing /home/airflow/.local/lib/python3.12/site-packages/airflow/example_dags/example_python_decorator.py took 0.166 seconds
[2025-03-24T17:36:06.487+0000] {processor.py:186} INFO - Started process (PID=14080) to work on /home/airflow/.local/lib/python3.12/site-packages/airflow/example_dags/example_python_decorator.py
[2025-03-24T17:36:06.488+0000] {processor.py:914} INFO - Processing file /home/airflow/.local/lib/python3.12/site-packages/airflow/example_dags/example_python_decorator.py for tasks to queue
[2025-03-24T17:36:06.492+0000] {logging_mixin.py:190} INFO - [2025-03-24T17:36:06.491+0000] {dagbag.py:588} INFO - Filling up the DagBag from /home/airflow/.local/lib/python3.12/site-packages/airflow/example_dags/example_python_decorator.py
[2025-03-24T17:36:06.518+0000] {processor.py:925} INFO - DAG(s) 'example_python_decorator' retrieved from /home/airflow/.local/lib/python3.12/site-packages/airflow/example_dags/example_python_decorator.py
[2025-03-24T17:36:06.556+0000] {logging_mixin.py:190} INFO - [2025-03-24T17:36:06.556+0000] {dag.py:3239} INFO - Sync 1 DAGs
[2025-03-24T17:36:06.582+0000] {logging_mixin.py:190} INFO - [2025-03-24T17:36:06.581+0000] {dag.py:4180} INFO - Setting next_dagrun for example_python_decorator to None, run_after=None
[2025-03-24T17:36:06.622+0000] {processor.py:208} INFO - Processing /home/airflow/.local/lib/python3.12/site-packages/airflow/example_dags/example_python_decorator.py took 0.147 seconds
[2025-03-24T17:36:37.447+0000] {processor.py:186} INFO - Started process (PID=14371) to work on /home/airflow/.local/lib/python3.12/site-packages/airflow/example_dags/example_python_decorator.py
[2025-03-24T17:36:37.451+0000] {processor.py:914} INFO - Processing file /home/airflow/.local/lib/python3.12/site-packages/airflow/example_dags/example_python_decorator.py for tasks to queue
[2025-03-24T17:36:37.455+0000] {logging_mixin.py:190} INFO - [2025-03-24T17:36:37.454+0000] {dagbag.py:588} INFO - Filling up the DagBag from /home/airflow/.local/lib/python3.12/site-packages/airflow/example_dags/example_python_decorator.py
[2025-03-24T17:36:37.476+0000] {processor.py:925} INFO - DAG(s) 'example_python_decorator' retrieved from /home/airflow/.local/lib/python3.12/site-packages/airflow/example_dags/example_python_decorator.py
[2025-03-24T17:36:37.514+0000] {logging_mixin.py:190} INFO - [2025-03-24T17:36:37.514+0000] {dag.py:3239} INFO - Sync 1 DAGs
[2025-03-24T17:36:37.542+0000] {logging_mixin.py:190} INFO - [2025-03-24T17:36:37.542+0000] {dag.py:4180} INFO - Setting next_dagrun for example_python_decorator to None, run_after=None
[2025-03-24T17:36:37.580+0000] {processor.py:208} INFO - Processing /home/airflow/.local/lib/python3.12/site-packages/airflow/example_dags/example_python_decorator.py took 0.141 seconds
[2025-03-24T17:37:07.824+0000] {processor.py:186} INFO - Started process (PID=14658) to work on /home/airflow/.local/lib/python3.12/site-packages/airflow/example_dags/example_python_decorator.py
[2025-03-24T17:37:07.826+0000] {processor.py:914} INFO - Processing file /home/airflow/.local/lib/python3.12/site-packages/airflow/example_dags/example_python_decorator.py for tasks to queue
[2025-03-24T17:37:07.830+0000] {logging_mixin.py:190} INFO - [2025-03-24T17:37:07.829+0000] {dagbag.py:588} INFO - Filling up the DagBag from /home/airflow/.local/lib/python3.12/site-packages/airflow/example_dags/example_python_decorator.py
[2025-03-24T17:37:07.857+0000] {processor.py:925} INFO - DAG(s) 'example_python_decorator' retrieved from /home/airflow/.local/lib/python3.12/site-packages/airflow/example_dags/example_python_decorator.py
[2025-03-24T17:37:07.896+0000] {logging_mixin.py:190} INFO - [2025-03-24T17:37:07.896+0000] {dag.py:3239} INFO - Sync 1 DAGs
[2025-03-24T17:37:07.926+0000] {logging_mixin.py:190} INFO - [2025-03-24T17:37:07.921+0000] {dag.py:4180} INFO - Setting next_dagrun for example_python_decorator to None, run_after=None
[2025-03-24T17:37:07.967+0000] {processor.py:208} INFO - Processing /home/airflow/.local/lib/python3.12/site-packages/airflow/example_dags/example_python_decorator.py took 0.153 seconds
[2025-03-24T17:37:39.070+0000] {processor.py:186} INFO - Started process (PID=14949) to work on /home/airflow/.local/lib/python3.12/site-packages/airflow/example_dags/example_python_decorator.py
[2025-03-24T17:37:39.071+0000] {processor.py:914} INFO - Processing file /home/airflow/.local/lib/python3.12/site-packages/airflow/example_dags/example_python_decorator.py for tasks to queue
[2025-03-24T17:37:39.075+0000] {logging_mixin.py:190} INFO - [2025-03-24T17:37:39.074+0000] {dagbag.py:588} INFO - Filling up the DagBag from /home/airflow/.local/lib/python3.12/site-packages/airflow/example_dags/example_python_decorator.py
[2025-03-24T17:37:39.102+0000] {processor.py:925} INFO - DAG(s) 'example_python_decorator' retrieved from /home/airflow/.local/lib/python3.12/site-packages/airflow/example_dags/example_python_decorator.py
[2025-03-24T17:37:39.137+0000] {logging_mixin.py:190} INFO - [2025-03-24T17:37:39.137+0000] {dag.py:3239} INFO - Sync 1 DAGs
[2025-03-24T17:37:39.168+0000] {logging_mixin.py:190} INFO - [2025-03-24T17:37:39.167+0000] {dag.py:4180} INFO - Setting next_dagrun for example_python_decorator to None, run_after=None
[2025-03-24T17:37:39.206+0000] {processor.py:208} INFO - Processing /home/airflow/.local/lib/python3.12/site-packages/airflow/example_dags/example_python_decorator.py took 0.146 seconds
[2025-03-24T17:38:10.239+0000] {processor.py:186} INFO - Started process (PID=15238) to work on /home/airflow/.local/lib/python3.12/site-packages/airflow/example_dags/example_python_decorator.py
[2025-03-24T17:38:10.240+0000] {processor.py:914} INFO - Processing file /home/airflow/.local/lib/python3.12/site-packages/airflow/example_dags/example_python_decorator.py for tasks to queue
[2025-03-24T17:38:10.246+0000] {logging_mixin.py:190} INFO - [2025-03-24T17:38:10.245+0000] {dagbag.py:588} INFO - Filling up the DagBag from /home/airflow/.local/lib/python3.12/site-packages/airflow/example_dags/example_python_decorator.py
[2025-03-24T17:38:10.268+0000] {processor.py:925} INFO - DAG(s) 'example_python_decorator' retrieved from /home/airflow/.local/lib/python3.12/site-packages/airflow/example_dags/example_python_decorator.py
[2025-03-24T17:38:10.302+0000] {logging_mixin.py:190} INFO - [2025-03-24T17:38:10.302+0000] {dag.py:3239} INFO - Sync 1 DAGs
[2025-03-24T17:38:10.326+0000] {logging_mixin.py:190} INFO - [2025-03-24T17:38:10.325+0000] {dag.py:4180} INFO - Setting next_dagrun for example_python_decorator to None, run_after=None
[2025-03-24T17:38:10.371+0000] {processor.py:208} INFO - Processing /home/airflow/.local/lib/python3.12/site-packages/airflow/example_dags/example_python_decorator.py took 0.138 seconds
[2025-03-24T17:38:40.614+0000] {processor.py:186} INFO - Started process (PID=15526) to work on /home/airflow/.local/lib/python3.12/site-packages/airflow/example_dags/example_python_decorator.py
[2025-03-24T17:38:40.619+0000] {processor.py:914} INFO - Processing file /home/airflow/.local/lib/python3.12/site-packages/airflow/example_dags/example_python_decorator.py for tasks to queue
[2025-03-24T17:38:40.624+0000] {logging_mixin.py:190} INFO - [2025-03-24T17:38:40.623+0000] {dagbag.py:588} INFO - Filling up the DagBag from /home/airflow/.local/lib/python3.12/site-packages/airflow/example_dags/example_python_decorator.py
[2025-03-24T17:38:40.658+0000] {processor.py:925} INFO - DAG(s) 'example_python_decorator' retrieved from /home/airflow/.local/lib/python3.12/site-packages/airflow/example_dags/example_python_decorator.py
[2025-03-24T17:38:40.708+0000] {logging_mixin.py:190} INFO - [2025-03-24T17:38:40.708+0000] {dag.py:3239} INFO - Sync 1 DAGs
[2025-03-24T17:38:40.736+0000] {logging_mixin.py:190} INFO - [2025-03-24T17:38:40.736+0000] {dag.py:4180} INFO - Setting next_dagrun for example_python_decorator to None, run_after=None
[2025-03-24T17:38:40.781+0000] {processor.py:208} INFO - Processing /home/airflow/.local/lib/python3.12/site-packages/airflow/example_dags/example_python_decorator.py took 0.179 seconds
[2025-03-24T17:39:10.960+0000] {processor.py:186} INFO - Started process (PID=15817) to work on /home/airflow/.local/lib/python3.12/site-packages/airflow/example_dags/example_python_decorator.py
[2025-03-24T17:39:10.965+0000] {processor.py:914} INFO - Processing file /home/airflow/.local/lib/python3.12/site-packages/airflow/example_dags/example_python_decorator.py for tasks to queue
[2025-03-24T17:39:10.968+0000] {logging_mixin.py:190} INFO - [2025-03-24T17:39:10.967+0000] {dagbag.py:588} INFO - Filling up the DagBag from /home/airflow/.local/lib/python3.12/site-packages/airflow/example_dags/example_python_decorator.py
[2025-03-24T17:39:10.990+0000] {processor.py:925} INFO - DAG(s) 'example_python_decorator' retrieved from /home/airflow/.local/lib/python3.12/site-packages/airflow/example_dags/example_python_decorator.py
[2025-03-24T17:39:11.038+0000] {logging_mixin.py:190} INFO - [2025-03-24T17:39:11.038+0000] {dag.py:3239} INFO - Sync 1 DAGs
[2025-03-24T17:39:11.067+0000] {logging_mixin.py:190} INFO - [2025-03-24T17:39:11.067+0000] {dag.py:4180} INFO - Setting next_dagrun for example_python_decorator to None, run_after=None
[2025-03-24T17:39:11.114+0000] {processor.py:208} INFO - Processing /home/airflow/.local/lib/python3.12/site-packages/airflow/example_dags/example_python_decorator.py took 0.162 seconds
[2025-03-24T17:39:42.030+0000] {processor.py:186} INFO - Started process (PID=16106) to work on /home/airflow/.local/lib/python3.12/site-packages/airflow/example_dags/example_python_decorator.py
[2025-03-24T17:39:42.032+0000] {processor.py:914} INFO - Processing file /home/airflow/.local/lib/python3.12/site-packages/airflow/example_dags/example_python_decorator.py for tasks to queue
[2025-03-24T17:39:42.036+0000] {logging_mixin.py:190} INFO - [2025-03-24T17:39:42.036+0000] {dagbag.py:588} INFO - Filling up the DagBag from /home/airflow/.local/lib/python3.12/site-packages/airflow/example_dags/example_python_decorator.py
[2025-03-24T17:39:42.094+0000] {processor.py:925} INFO - DAG(s) 'example_python_decorator' retrieved from /home/airflow/.local/lib/python3.12/site-packages/airflow/example_dags/example_python_decorator.py
[2025-03-24T17:39:42.155+0000] {logging_mixin.py:190} INFO - [2025-03-24T17:39:42.154+0000] {dag.py:3239} INFO - Sync 1 DAGs
[2025-03-24T17:39:42.174+0000] {logging_mixin.py:190} INFO - [2025-03-24T17:39:42.174+0000] {dag.py:4180} INFO - Setting next_dagrun for example_python_decorator to None, run_after=None
[2025-03-24T17:39:42.207+0000] {processor.py:208} INFO - Processing /home/airflow/.local/lib/python3.12/site-packages/airflow/example_dags/example_python_decorator.py took 0.189 seconds
[2025-03-24T17:40:12.621+0000] {processor.py:186} INFO - Started process (PID=16397) to work on /home/airflow/.local/lib/python3.12/site-packages/airflow/example_dags/example_python_decorator.py
[2025-03-24T17:40:12.622+0000] {processor.py:914} INFO - Processing file /home/airflow/.local/lib/python3.12/site-packages/airflow/example_dags/example_python_decorator.py for tasks to queue
[2025-03-24T17:40:12.625+0000] {logging_mixin.py:190} INFO - [2025-03-24T17:40:12.624+0000] {dagbag.py:588} INFO - Filling up the DagBag from /home/airflow/.local/lib/python3.12/site-packages/airflow/example_dags/example_python_decorator.py
[2025-03-24T17:40:12.643+0000] {processor.py:925} INFO - DAG(s) 'example_python_decorator' retrieved from /home/airflow/.local/lib/python3.12/site-packages/airflow/example_dags/example_python_decorator.py
[2025-03-24T17:40:12.675+0000] {logging_mixin.py:190} INFO - [2025-03-24T17:40:12.674+0000] {dag.py:3239} INFO - Sync 1 DAGs
[2025-03-24T17:40:12.699+0000] {logging_mixin.py:190} INFO - [2025-03-24T17:40:12.699+0000] {dag.py:4180} INFO - Setting next_dagrun for example_python_decorator to None, run_after=None
[2025-03-24T17:40:12.730+0000] {processor.py:208} INFO - Processing /home/airflow/.local/lib/python3.12/site-packages/airflow/example_dags/example_python_decorator.py took 0.116 seconds
[2025-03-24T17:40:44.000+0000] {processor.py:186} INFO - Started process (PID=16688) to work on /home/airflow/.local/lib/python3.12/site-packages/airflow/example_dags/example_python_decorator.py
[2025-03-24T17:40:44.004+0000] {processor.py:914} INFO - Processing file /home/airflow/.local/lib/python3.12/site-packages/airflow/example_dags/example_python_decorator.py for tasks to queue
[2025-03-24T17:40:44.007+0000] {logging_mixin.py:190} INFO - [2025-03-24T17:40:44.007+0000] {dagbag.py:588} INFO - Filling up the DagBag from /home/airflow/.local/lib/python3.12/site-packages/airflow/example_dags/example_python_decorator.py
[2025-03-24T17:40:44.039+0000] {processor.py:925} INFO - DAG(s) 'example_python_decorator' retrieved from /home/airflow/.local/lib/python3.12/site-packages/airflow/example_dags/example_python_decorator.py
[2025-03-24T17:40:44.136+0000] {logging_mixin.py:190} INFO - [2025-03-24T17:40:44.136+0000] {dag.py:3239} INFO - Sync 1 DAGs
[2025-03-24T17:40:44.189+0000] {logging_mixin.py:190} INFO - [2025-03-24T17:40:44.188+0000] {dag.py:4180} INFO - Setting next_dagrun for example_python_decorator to None, run_after=None
[2025-03-24T17:40:44.226+0000] {processor.py:208} INFO - Processing /home/airflow/.local/lib/python3.12/site-packages/airflow/example_dags/example_python_decorator.py took 0.237 seconds
[2025-03-24T17:41:15.302+0000] {processor.py:186} INFO - Started process (PID=16979) to work on /home/airflow/.local/lib/python3.12/site-packages/airflow/example_dags/example_python_decorator.py
[2025-03-24T17:41:15.306+0000] {processor.py:914} INFO - Processing file /home/airflow/.local/lib/python3.12/site-packages/airflow/example_dags/example_python_decorator.py for tasks to queue
[2025-03-24T17:41:15.308+0000] {logging_mixin.py:190} INFO - [2025-03-24T17:41:15.307+0000] {dagbag.py:588} INFO - Filling up the DagBag from /home/airflow/.local/lib/python3.12/site-packages/airflow/example_dags/example_python_decorator.py
[2025-03-24T17:41:15.332+0000] {processor.py:925} INFO - DAG(s) 'example_python_decorator' retrieved from /home/airflow/.local/lib/python3.12/site-packages/airflow/example_dags/example_python_decorator.py
[2025-03-24T17:41:15.369+0000] {logging_mixin.py:190} INFO - [2025-03-24T17:41:15.369+0000] {dag.py:3239} INFO - Sync 1 DAGs
[2025-03-24T17:41:15.400+0000] {logging_mixin.py:190} INFO - [2025-03-24T17:41:15.400+0000] {dag.py:4180} INFO - Setting next_dagrun for example_python_decorator to None, run_after=None
[2025-03-24T17:41:15.436+0000] {processor.py:208} INFO - Processing /home/airflow/.local/lib/python3.12/site-packages/airflow/example_dags/example_python_decorator.py took 0.146 seconds
[2025-03-24T17:41:45.494+0000] {processor.py:186} INFO - Started process (PID=17266) to work on /home/airflow/.local/lib/python3.12/site-packages/airflow/example_dags/example_python_decorator.py
[2025-03-24T17:41:45.496+0000] {processor.py:914} INFO - Processing file /home/airflow/.local/lib/python3.12/site-packages/airflow/example_dags/example_python_decorator.py for tasks to queue
[2025-03-24T17:41:45.499+0000] {logging_mixin.py:190} INFO - [2025-03-24T17:41:45.499+0000] {dagbag.py:588} INFO - Filling up the DagBag from /home/airflow/.local/lib/python3.12/site-packages/airflow/example_dags/example_python_decorator.py
[2025-03-24T17:41:45.517+0000] {processor.py:925} INFO - DAG(s) 'example_python_decorator' retrieved from /home/airflow/.local/lib/python3.12/site-packages/airflow/example_dags/example_python_decorator.py
[2025-03-24T17:41:45.541+0000] {logging_mixin.py:190} INFO - [2025-03-24T17:41:45.541+0000] {dag.py:3239} INFO - Sync 1 DAGs
[2025-03-24T17:41:45.557+0000] {logging_mixin.py:190} INFO - [2025-03-24T17:41:45.557+0000] {dag.py:4180} INFO - Setting next_dagrun for example_python_decorator to None, run_after=None
[2025-03-24T17:41:45.583+0000] {processor.py:208} INFO - Processing /home/airflow/.local/lib/python3.12/site-packages/airflow/example_dags/example_python_decorator.py took 0.098 seconds
[2025-03-24T17:42:15.736+0000] {processor.py:186} INFO - Started process (PID=17555) to work on /home/airflow/.local/lib/python3.12/site-packages/airflow/example_dags/example_python_decorator.py
[2025-03-24T17:42:15.737+0000] {processor.py:914} INFO - Processing file /home/airflow/.local/lib/python3.12/site-packages/airflow/example_dags/example_python_decorator.py for tasks to queue
[2025-03-24T17:42:15.741+0000] {logging_mixin.py:190} INFO - [2025-03-24T17:42:15.740+0000] {dagbag.py:588} INFO - Filling up the DagBag from /home/airflow/.local/lib/python3.12/site-packages/airflow/example_dags/example_python_decorator.py
[2025-03-24T17:42:15.762+0000] {processor.py:925} INFO - DAG(s) 'example_python_decorator' retrieved from /home/airflow/.local/lib/python3.12/site-packages/airflow/example_dags/example_python_decorator.py
[2025-03-24T17:42:15.789+0000] {logging_mixin.py:190} INFO - [2025-03-24T17:42:15.789+0000] {dag.py:3239} INFO - Sync 1 DAGs
[2025-03-24T17:42:15.809+0000] {logging_mixin.py:190} INFO - [2025-03-24T17:42:15.809+0000] {dag.py:4180} INFO - Setting next_dagrun for example_python_decorator to None, run_after=None
[2025-03-24T17:42:15.835+0000] {processor.py:208} INFO - Processing /home/airflow/.local/lib/python3.12/site-packages/airflow/example_dags/example_python_decorator.py took 0.109 seconds
