[2025-03-24T17:11:11.768+0000] {processor.py:186} INFO - Started process (PID=168) to work on /home/airflow/.local/lib/python3.12/site-packages/airflow/example_dags/example_bash_operator.py
[2025-03-24T17:11:11.769+0000] {processor.py:914} INFO - Processing file /home/airflow/.local/lib/python3.12/site-packages/airflow/example_dags/example_bash_operator.py for tasks to queue
[2025-03-24T17:11:11.772+0000] {logging_mixin.py:190} INFO - [2025-03-24T17:11:11.772+0000] {dagbag.py:588} INFO - Filling up the DagBag from /home/airflow/.local/lib/python3.12/site-packages/airflow/example_dags/example_bash_operator.py
[2025-03-24T17:11:11.816+0000] {processor.py:925} INFO - DAG(s) 'example_bash_operator' retrieved from /home/airflow/.local/lib/python3.12/site-packages/airflow/example_dags/example_bash_operator.py
[2025-03-24T17:11:12.329+0000] {logging_mixin.py:190} INFO - [2025-03-24T17:11:12.328+0000] {override.py:1912} INFO - Created Permission View: can delete on DAG:example_bash_operator
[2025-03-24T17:11:12.352+0000] {logging_mixin.py:190} INFO - [2025-03-24T17:11:12.352+0000] {override.py:1912} INFO - Created Permission View: can edit on DAG:example_bash_operator
[2025-03-24T17:11:12.366+0000] {logging_mixin.py:190} INFO - [2025-03-24T17:11:12.366+0000] {override.py:1912} INFO - Created Permission View: can read on DAG:example_bash_operator
[2025-03-24T17:11:12.389+0000] {logging_mixin.py:190} INFO - [2025-03-24T17:11:12.389+0000] {override.py:1912} INFO - Created Permission View: menu access on DAG Run:example_bash_operator
[2025-03-24T17:11:12.408+0000] {logging_mixin.py:190} INFO - [2025-03-24T17:11:12.408+0000] {override.py:1912} INFO - Created Permission View: can delete on DAG Run:example_bash_operator
[2025-03-24T17:11:12.425+0000] {logging_mixin.py:190} INFO - [2025-03-24T17:11:12.425+0000] {override.py:1912} INFO - Created Permission View: can read on DAG Run:example_bash_operator
[2025-03-24T17:11:12.439+0000] {logging_mixin.py:190} INFO - [2025-03-24T17:11:12.438+0000] {override.py:1912} INFO - Created Permission View: can create on DAG Run:example_bash_operator
[2025-03-24T17:11:12.440+0000] {logging_mixin.py:190} INFO - [2025-03-24T17:11:12.439+0000] {dag.py:3239} INFO - Sync 1 DAGs
[2025-03-24T17:11:12.456+0000] {logging_mixin.py:190} INFO - [2025-03-24T17:11:12.456+0000] {dag.py:3262} INFO - Creating ORM DAG for example_bash_operator
[2025-03-24T17:11:12.471+0000] {logging_mixin.py:190} INFO - [2025-03-24T17:11:12.470+0000] {dag.py:4180} INFO - Setting next_dagrun for example_bash_operator to 2025-03-23 00:00:00+00:00, run_after=2025-03-24 00:00:00+00:00
[2025-03-24T17:11:12.519+0000] {processor.py:208} INFO - Processing /home/airflow/.local/lib/python3.12/site-packages/airflow/example_dags/example_bash_operator.py took 0.760 seconds
[2025-03-24T17:11:43.198+0000] {processor.py:186} INFO - Started process (PID=466) to work on /home/airflow/.local/lib/python3.12/site-packages/airflow/example_dags/example_bash_operator.py
[2025-03-24T17:11:43.200+0000] {processor.py:914} INFO - Processing file /home/airflow/.local/lib/python3.12/site-packages/airflow/example_dags/example_bash_operator.py for tasks to queue
[2025-03-24T17:11:43.203+0000] {logging_mixin.py:190} INFO - [2025-03-24T17:11:43.203+0000] {dagbag.py:588} INFO - Filling up the DagBag from /home/airflow/.local/lib/python3.12/site-packages/airflow/example_dags/example_bash_operator.py
[2025-03-24T17:11:43.243+0000] {processor.py:925} INFO - DAG(s) 'example_bash_operator' retrieved from /home/airflow/.local/lib/python3.12/site-packages/airflow/example_dags/example_bash_operator.py
[2025-03-24T17:11:43.308+0000] {logging_mixin.py:190} INFO - [2025-03-24T17:11:43.308+0000] {dag.py:3239} INFO - Sync 1 DAGs
[2025-03-24T17:11:43.368+0000] {logging_mixin.py:190} INFO - [2025-03-24T17:11:43.368+0000] {dag.py:4180} INFO - Setting next_dagrun for example_bash_operator to 2025-03-23 00:00:00+00:00, run_after=2025-03-24 00:00:00+00:00
[2025-03-24T17:11:43.434+0000] {processor.py:208} INFO - Processing /home/airflow/.local/lib/python3.12/site-packages/airflow/example_dags/example_bash_operator.py took 0.252 seconds
[2025-03-24T17:12:13.859+0000] {processor.py:186} INFO - Started process (PID=757) to work on /home/airflow/.local/lib/python3.12/site-packages/airflow/example_dags/example_bash_operator.py
[2025-03-24T17:12:13.860+0000] {processor.py:914} INFO - Processing file /home/airflow/.local/lib/python3.12/site-packages/airflow/example_dags/example_bash_operator.py for tasks to queue
[2025-03-24T17:12:13.862+0000] {logging_mixin.py:190} INFO - [2025-03-24T17:12:13.862+0000] {dagbag.py:588} INFO - Filling up the DagBag from /home/airflow/.local/lib/python3.12/site-packages/airflow/example_dags/example_bash_operator.py
[2025-03-24T17:12:13.880+0000] {processor.py:925} INFO - DAG(s) 'example_bash_operator' retrieved from /home/airflow/.local/lib/python3.12/site-packages/airflow/example_dags/example_bash_operator.py
[2025-03-24T17:12:13.935+0000] {logging_mixin.py:190} INFO - [2025-03-24T17:12:13.935+0000] {dag.py:3239} INFO - Sync 1 DAGs
[2025-03-24T17:12:13.988+0000] {logging_mixin.py:190} INFO - [2025-03-24T17:12:13.988+0000] {dag.py:4180} INFO - Setting next_dagrun for example_bash_operator to 2025-03-23 00:00:00+00:00, run_after=2025-03-24 00:00:00+00:00
[2025-03-24T17:12:14.043+0000] {processor.py:208} INFO - Processing /home/airflow/.local/lib/python3.12/site-packages/airflow/example_dags/example_bash_operator.py took 0.193 seconds
[2025-03-24T17:12:44.215+0000] {processor.py:186} INFO - Started process (PID=1048) to work on /home/airflow/.local/lib/python3.12/site-packages/airflow/example_dags/example_bash_operator.py
[2025-03-24T17:12:44.216+0000] {processor.py:914} INFO - Processing file /home/airflow/.local/lib/python3.12/site-packages/airflow/example_dags/example_bash_operator.py for tasks to queue
[2025-03-24T17:12:44.219+0000] {logging_mixin.py:190} INFO - [2025-03-24T17:12:44.218+0000] {dagbag.py:588} INFO - Filling up the DagBag from /home/airflow/.local/lib/python3.12/site-packages/airflow/example_dags/example_bash_operator.py
[2025-03-24T17:12:44.236+0000] {processor.py:925} INFO - DAG(s) 'example_bash_operator' retrieved from /home/airflow/.local/lib/python3.12/site-packages/airflow/example_dags/example_bash_operator.py
[2025-03-24T17:12:44.272+0000] {logging_mixin.py:190} INFO - [2025-03-24T17:12:44.272+0000] {dag.py:3239} INFO - Sync 1 DAGs
[2025-03-24T17:12:44.305+0000] {logging_mixin.py:190} INFO - [2025-03-24T17:12:44.305+0000] {dag.py:4180} INFO - Setting next_dagrun for example_bash_operator to 2025-03-23 00:00:00+00:00, run_after=2025-03-24 00:00:00+00:00
[2025-03-24T17:12:44.334+0000] {processor.py:208} INFO - Processing /home/airflow/.local/lib/python3.12/site-packages/airflow/example_dags/example_bash_operator.py took 0.128 seconds
[2025-03-24T17:13:15.052+0000] {processor.py:186} INFO - Started process (PID=1339) to work on /home/airflow/.local/lib/python3.12/site-packages/airflow/example_dags/example_bash_operator.py
[2025-03-24T17:13:15.052+0000] {processor.py:914} INFO - Processing file /home/airflow/.local/lib/python3.12/site-packages/airflow/example_dags/example_bash_operator.py for tasks to queue
[2025-03-24T17:13:15.055+0000] {logging_mixin.py:190} INFO - [2025-03-24T17:13:15.054+0000] {dagbag.py:588} INFO - Filling up the DagBag from /home/airflow/.local/lib/python3.12/site-packages/airflow/example_dags/example_bash_operator.py
[2025-03-24T17:13:15.073+0000] {processor.py:925} INFO - DAG(s) 'example_bash_operator' retrieved from /home/airflow/.local/lib/python3.12/site-packages/airflow/example_dags/example_bash_operator.py
[2025-03-24T17:13:15.122+0000] {logging_mixin.py:190} INFO - [2025-03-24T17:13:15.121+0000] {dag.py:3239} INFO - Sync 1 DAGs
[2025-03-24T17:13:15.160+0000] {logging_mixin.py:190} INFO - [2025-03-24T17:13:15.159+0000] {dag.py:4180} INFO - Setting next_dagrun for example_bash_operator to 2025-03-23 00:00:00+00:00, run_after=2025-03-24 00:00:00+00:00
[2025-03-24T17:13:15.192+0000] {processor.py:208} INFO - Processing /home/airflow/.local/lib/python3.12/site-packages/airflow/example_dags/example_bash_operator.py took 0.148 seconds
[2025-03-24T17:13:46.148+0000] {processor.py:186} INFO - Started process (PID=1630) to work on /home/airflow/.local/lib/python3.12/site-packages/airflow/example_dags/example_bash_operator.py
[2025-03-24T17:13:46.149+0000] {processor.py:914} INFO - Processing file /home/airflow/.local/lib/python3.12/site-packages/airflow/example_dags/example_bash_operator.py for tasks to queue
[2025-03-24T17:13:46.154+0000] {logging_mixin.py:190} INFO - [2025-03-24T17:13:46.153+0000] {dagbag.py:588} INFO - Filling up the DagBag from /home/airflow/.local/lib/python3.12/site-packages/airflow/example_dags/example_bash_operator.py
[2025-03-24T17:13:46.182+0000] {processor.py:925} INFO - DAG(s) 'example_bash_operator' retrieved from /home/airflow/.local/lib/python3.12/site-packages/airflow/example_dags/example_bash_operator.py
[2025-03-24T17:13:46.255+0000] {logging_mixin.py:190} INFO - [2025-03-24T17:13:46.254+0000] {dag.py:3239} INFO - Sync 1 DAGs
[2025-03-24T17:13:46.321+0000] {logging_mixin.py:190} INFO - [2025-03-24T17:13:46.320+0000] {dag.py:4180} INFO - Setting next_dagrun for example_bash_operator to 2025-03-23 00:00:00+00:00, run_after=2025-03-24 00:00:00+00:00
[2025-03-24T17:13:46.374+0000] {processor.py:208} INFO - Processing /home/airflow/.local/lib/python3.12/site-packages/airflow/example_dags/example_bash_operator.py took 0.234 seconds
[2025-03-24T17:14:17.106+0000] {processor.py:186} INFO - Started process (PID=1921) to work on /home/airflow/.local/lib/python3.12/site-packages/airflow/example_dags/example_bash_operator.py
[2025-03-24T17:14:17.108+0000] {processor.py:914} INFO - Processing file /home/airflow/.local/lib/python3.12/site-packages/airflow/example_dags/example_bash_operator.py for tasks to queue
[2025-03-24T17:14:17.112+0000] {logging_mixin.py:190} INFO - [2025-03-24T17:14:17.111+0000] {dagbag.py:588} INFO - Filling up the DagBag from /home/airflow/.local/lib/python3.12/site-packages/airflow/example_dags/example_bash_operator.py
[2025-03-24T17:14:17.140+0000] {processor.py:925} INFO - DAG(s) 'example_bash_operator' retrieved from /home/airflow/.local/lib/python3.12/site-packages/airflow/example_dags/example_bash_operator.py
[2025-03-24T17:14:17.195+0000] {logging_mixin.py:190} INFO - [2025-03-24T17:14:17.195+0000] {dag.py:3239} INFO - Sync 1 DAGs
[2025-03-24T17:14:17.241+0000] {logging_mixin.py:190} INFO - [2025-03-24T17:14:17.241+0000] {dag.py:4180} INFO - Setting next_dagrun for example_bash_operator to 2025-03-23 00:00:00+00:00, run_after=2025-03-24 00:00:00+00:00
[2025-03-24T17:14:17.305+0000] {processor.py:208} INFO - Processing /home/airflow/.local/lib/python3.12/site-packages/airflow/example_dags/example_bash_operator.py took 0.210 seconds
[2025-03-24T17:14:47.496+0000] {processor.py:186} INFO - Started process (PID=2215) to work on /home/airflow/.local/lib/python3.12/site-packages/airflow/example_dags/example_bash_operator.py
[2025-03-24T17:14:47.497+0000] {processor.py:914} INFO - Processing file /home/airflow/.local/lib/python3.12/site-packages/airflow/example_dags/example_bash_operator.py for tasks to queue
[2025-03-24T17:14:47.499+0000] {logging_mixin.py:190} INFO - [2025-03-24T17:14:47.499+0000] {dagbag.py:588} INFO - Filling up the DagBag from /home/airflow/.local/lib/python3.12/site-packages/airflow/example_dags/example_bash_operator.py
[2025-03-24T17:14:47.514+0000] {processor.py:925} INFO - DAG(s) 'example_bash_operator' retrieved from /home/airflow/.local/lib/python3.12/site-packages/airflow/example_dags/example_bash_operator.py
[2025-03-24T17:14:47.546+0000] {logging_mixin.py:190} INFO - [2025-03-24T17:14:47.545+0000] {dag.py:3239} INFO - Sync 1 DAGs
[2025-03-24T17:14:47.574+0000] {logging_mixin.py:190} INFO - [2025-03-24T17:14:47.573+0000] {dag.py:4180} INFO - Setting next_dagrun for example_bash_operator to 2025-03-23 00:00:00+00:00, run_after=2025-03-24 00:00:00+00:00
[2025-03-24T17:14:47.602+0000] {processor.py:208} INFO - Processing /home/airflow/.local/lib/python3.12/site-packages/airflow/example_dags/example_bash_operator.py took 0.112 seconds
[2025-03-24T17:15:17.848+0000] {processor.py:186} INFO - Started process (PID=2504) to work on /home/airflow/.local/lib/python3.12/site-packages/airflow/example_dags/example_bash_operator.py
[2025-03-24T17:15:17.849+0000] {processor.py:914} INFO - Processing file /home/airflow/.local/lib/python3.12/site-packages/airflow/example_dags/example_bash_operator.py for tasks to queue
[2025-03-24T17:15:17.853+0000] {logging_mixin.py:190} INFO - [2025-03-24T17:15:17.853+0000] {dagbag.py:588} INFO - Filling up the DagBag from /home/airflow/.local/lib/python3.12/site-packages/airflow/example_dags/example_bash_operator.py
[2025-03-24T17:15:17.877+0000] {processor.py:925} INFO - DAG(s) 'example_bash_operator' retrieved from /home/airflow/.local/lib/python3.12/site-packages/airflow/example_dags/example_bash_operator.py
[2025-03-24T17:15:17.934+0000] {logging_mixin.py:190} INFO - [2025-03-24T17:15:17.934+0000] {dag.py:3239} INFO - Sync 1 DAGs
[2025-03-24T17:15:17.987+0000] {logging_mixin.py:190} INFO - [2025-03-24T17:15:17.986+0000] {dag.py:4180} INFO - Setting next_dagrun for example_bash_operator to 2025-03-23 00:00:00+00:00, run_after=2025-03-24 00:00:00+00:00
[2025-03-24T17:15:18.026+0000] {processor.py:208} INFO - Processing /home/airflow/.local/lib/python3.12/site-packages/airflow/example_dags/example_bash_operator.py took 0.191 seconds
[2025-03-24T17:15:49.057+0000] {processor.py:186} INFO - Started process (PID=2795) to work on /home/airflow/.local/lib/python3.12/site-packages/airflow/example_dags/example_bash_operator.py
[2025-03-24T17:15:49.058+0000] {processor.py:914} INFO - Processing file /home/airflow/.local/lib/python3.12/site-packages/airflow/example_dags/example_bash_operator.py for tasks to queue
[2025-03-24T17:15:49.062+0000] {logging_mixin.py:190} INFO - [2025-03-24T17:15:49.061+0000] {dagbag.py:588} INFO - Filling up the DagBag from /home/airflow/.local/lib/python3.12/site-packages/airflow/example_dags/example_bash_operator.py
[2025-03-24T17:15:49.086+0000] {processor.py:925} INFO - DAG(s) 'example_bash_operator' retrieved from /home/airflow/.local/lib/python3.12/site-packages/airflow/example_dags/example_bash_operator.py
[2025-03-24T17:15:49.131+0000] {logging_mixin.py:190} INFO - [2025-03-24T17:15:49.130+0000] {dag.py:3239} INFO - Sync 1 DAGs
[2025-03-24T17:15:49.175+0000] {logging_mixin.py:190} INFO - [2025-03-24T17:15:49.175+0000] {dag.py:4180} INFO - Setting next_dagrun for example_bash_operator to 2025-03-23 00:00:00+00:00, run_after=2025-03-24 00:00:00+00:00
[2025-03-24T17:15:49.213+0000] {processor.py:208} INFO - Processing /home/airflow/.local/lib/python3.12/site-packages/airflow/example_dags/example_bash_operator.py took 0.165 seconds
[2025-03-24T17:16:19.853+0000] {processor.py:186} INFO - Started process (PID=3085) to work on /home/airflow/.local/lib/python3.12/site-packages/airflow/example_dags/example_bash_operator.py
[2025-03-24T17:16:19.854+0000] {processor.py:914} INFO - Processing file /home/airflow/.local/lib/python3.12/site-packages/airflow/example_dags/example_bash_operator.py for tasks to queue
[2025-03-24T17:16:19.857+0000] {logging_mixin.py:190} INFO - [2025-03-24T17:16:19.856+0000] {dagbag.py:588} INFO - Filling up the DagBag from /home/airflow/.local/lib/python3.12/site-packages/airflow/example_dags/example_bash_operator.py
[2025-03-24T17:16:19.873+0000] {processor.py:925} INFO - DAG(s) 'example_bash_operator' retrieved from /home/airflow/.local/lib/python3.12/site-packages/airflow/example_dags/example_bash_operator.py
[2025-03-24T17:16:19.923+0000] {logging_mixin.py:190} INFO - [2025-03-24T17:16:19.922+0000] {dag.py:3239} INFO - Sync 1 DAGs
[2025-03-24T17:16:19.967+0000] {logging_mixin.py:190} INFO - [2025-03-24T17:16:19.967+0000] {dag.py:4180} INFO - Setting next_dagrun for example_bash_operator to 2025-03-23 00:00:00+00:00, run_after=2025-03-24 00:00:00+00:00
[2025-03-24T17:16:19.998+0000] {processor.py:208} INFO - Processing /home/airflow/.local/lib/python3.12/site-packages/airflow/example_dags/example_bash_operator.py took 0.152 seconds
[2025-03-24T17:16:50.626+0000] {processor.py:186} INFO - Started process (PID=3376) to work on /home/airflow/.local/lib/python3.12/site-packages/airflow/example_dags/example_bash_operator.py
[2025-03-24T17:16:50.628+0000] {processor.py:914} INFO - Processing file /home/airflow/.local/lib/python3.12/site-packages/airflow/example_dags/example_bash_operator.py for tasks to queue
[2025-03-24T17:16:50.632+0000] {logging_mixin.py:190} INFO - [2025-03-24T17:16:50.631+0000] {dagbag.py:588} INFO - Filling up the DagBag from /home/airflow/.local/lib/python3.12/site-packages/airflow/example_dags/example_bash_operator.py
[2025-03-24T17:16:50.660+0000] {processor.py:925} INFO - DAG(s) 'example_bash_operator' retrieved from /home/airflow/.local/lib/python3.12/site-packages/airflow/example_dags/example_bash_operator.py
[2025-03-24T17:16:50.744+0000] {logging_mixin.py:190} INFO - [2025-03-24T17:16:50.743+0000] {dag.py:3239} INFO - Sync 1 DAGs
[2025-03-24T17:16:50.812+0000] {logging_mixin.py:190} INFO - [2025-03-24T17:16:50.812+0000] {dag.py:4180} INFO - Setting next_dagrun for example_bash_operator to 2025-03-23 00:00:00+00:00, run_after=2025-03-24 00:00:00+00:00
[2025-03-24T17:16:50.852+0000] {processor.py:208} INFO - Processing /home/airflow/.local/lib/python3.12/site-packages/airflow/example_dags/example_bash_operator.py took 0.237 seconds
[2025-03-24T17:17:21.304+0000] {processor.py:186} INFO - Started process (PID=3667) to work on /home/airflow/.local/lib/python3.12/site-packages/airflow/example_dags/example_bash_operator.py
[2025-03-24T17:17:21.307+0000] {processor.py:914} INFO - Processing file /home/airflow/.local/lib/python3.12/site-packages/airflow/example_dags/example_bash_operator.py for tasks to queue
[2025-03-24T17:17:21.313+0000] {logging_mixin.py:190} INFO - [2025-03-24T17:17:21.311+0000] {dagbag.py:588} INFO - Filling up the DagBag from /home/airflow/.local/lib/python3.12/site-packages/airflow/example_dags/example_bash_operator.py
[2025-03-24T17:17:21.342+0000] {processor.py:925} INFO - DAG(s) 'example_bash_operator' retrieved from /home/airflow/.local/lib/python3.12/site-packages/airflow/example_dags/example_bash_operator.py
[2025-03-24T17:17:21.431+0000] {logging_mixin.py:190} INFO - [2025-03-24T17:17:21.430+0000] {dag.py:3239} INFO - Sync 1 DAGs
[2025-03-24T17:17:21.501+0000] {logging_mixin.py:190} INFO - [2025-03-24T17:17:21.500+0000] {dag.py:4180} INFO - Setting next_dagrun for example_bash_operator to 2025-03-23 00:00:00+00:00, run_after=2025-03-24 00:00:00+00:00
[2025-03-24T17:17:21.560+0000] {processor.py:208} INFO - Processing /home/airflow/.local/lib/python3.12/site-packages/airflow/example_dags/example_bash_operator.py took 0.267 seconds
[2025-03-24T17:17:53.423+0000] {processor.py:186} INFO - Started process (PID=3979) to work on /home/airflow/.local/lib/python3.12/site-packages/airflow/example_dags/example_bash_operator.py
[2025-03-24T17:17:53.427+0000] {processor.py:914} INFO - Processing file /home/airflow/.local/lib/python3.12/site-packages/airflow/example_dags/example_bash_operator.py for tasks to queue
[2025-03-24T17:17:53.430+0000] {logging_mixin.py:190} INFO - [2025-03-24T17:17:53.430+0000] {dagbag.py:588} INFO - Filling up the DagBag from /home/airflow/.local/lib/python3.12/site-packages/airflow/example_dags/example_bash_operator.py
[2025-03-24T17:17:53.467+0000] {processor.py:925} INFO - DAG(s) 'example_bash_operator' retrieved from /home/airflow/.local/lib/python3.12/site-packages/airflow/example_dags/example_bash_operator.py
[2025-03-24T17:17:53.557+0000] {logging_mixin.py:190} INFO - [2025-03-24T17:17:53.557+0000] {dag.py:3239} INFO - Sync 1 DAGs
[2025-03-24T17:17:53.619+0000] {logging_mixin.py:190} INFO - [2025-03-24T17:17:53.619+0000] {dag.py:4180} INFO - Setting next_dagrun for example_bash_operator to 2025-03-24 00:00:00+00:00, run_after=2025-03-25 00:00:00+00:00
[2025-03-24T17:17:53.655+0000] {processor.py:208} INFO - Processing /home/airflow/.local/lib/python3.12/site-packages/airflow/example_dags/example_bash_operator.py took 0.249 seconds
[2025-03-24T17:18:23.751+0000] {processor.py:186} INFO - Started process (PID=4277) to work on /home/airflow/.local/lib/python3.12/site-packages/airflow/example_dags/example_bash_operator.py
[2025-03-24T17:18:23.752+0000] {processor.py:914} INFO - Processing file /home/airflow/.local/lib/python3.12/site-packages/airflow/example_dags/example_bash_operator.py for tasks to queue
[2025-03-24T17:18:23.756+0000] {logging_mixin.py:190} INFO - [2025-03-24T17:18:23.755+0000] {dagbag.py:588} INFO - Filling up the DagBag from /home/airflow/.local/lib/python3.12/site-packages/airflow/example_dags/example_bash_operator.py
[2025-03-24T17:18:23.776+0000] {processor.py:925} INFO - DAG(s) 'example_bash_operator' retrieved from /home/airflow/.local/lib/python3.12/site-packages/airflow/example_dags/example_bash_operator.py
[2025-03-24T17:18:23.814+0000] {logging_mixin.py:190} INFO - [2025-03-24T17:18:23.813+0000] {dag.py:3239} INFO - Sync 1 DAGs
[2025-03-24T17:18:23.847+0000] {logging_mixin.py:190} INFO - [2025-03-24T17:18:23.847+0000] {dag.py:4180} INFO - Setting next_dagrun for example_bash_operator to 2025-03-24 00:00:00+00:00, run_after=2025-03-25 00:00:00+00:00
[2025-03-24T17:18:23.878+0000] {processor.py:208} INFO - Processing /home/airflow/.local/lib/python3.12/site-packages/airflow/example_dags/example_bash_operator.py took 0.134 seconds
[2025-03-24T17:18:54.109+0000] {processor.py:186} INFO - Started process (PID=4536) to work on /home/airflow/.local/lib/python3.12/site-packages/airflow/example_dags/example_bash_operator.py
[2025-03-24T17:18:54.111+0000] {processor.py:914} INFO - Processing file /home/airflow/.local/lib/python3.12/site-packages/airflow/example_dags/example_bash_operator.py for tasks to queue
[2025-03-24T17:18:54.114+0000] {logging_mixin.py:190} INFO - [2025-03-24T17:18:54.114+0000] {dagbag.py:588} INFO - Filling up the DagBag from /home/airflow/.local/lib/python3.12/site-packages/airflow/example_dags/example_bash_operator.py
[2025-03-24T17:18:54.138+0000] {processor.py:925} INFO - DAG(s) 'example_bash_operator' retrieved from /home/airflow/.local/lib/python3.12/site-packages/airflow/example_dags/example_bash_operator.py
[2025-03-24T17:18:54.184+0000] {logging_mixin.py:190} INFO - [2025-03-24T17:18:54.183+0000] {dag.py:3239} INFO - Sync 1 DAGs
[2025-03-24T17:18:54.241+0000] {logging_mixin.py:190} INFO - [2025-03-24T17:18:54.241+0000] {dag.py:4180} INFO - Setting next_dagrun for example_bash_operator to 2025-03-24 00:00:00+00:00, run_after=2025-03-25 00:00:00+00:00
[2025-03-24T17:18:54.280+0000] {processor.py:208} INFO - Processing /home/airflow/.local/lib/python3.12/site-packages/airflow/example_dags/example_bash_operator.py took 0.183 seconds
[2025-03-24T17:19:24.963+0000] {processor.py:186} INFO - Started process (PID=4827) to work on /home/airflow/.local/lib/python3.12/site-packages/airflow/example_dags/example_bash_operator.py
[2025-03-24T17:19:24.964+0000] {processor.py:914} INFO - Processing file /home/airflow/.local/lib/python3.12/site-packages/airflow/example_dags/example_bash_operator.py for tasks to queue
[2025-03-24T17:19:24.968+0000] {logging_mixin.py:190} INFO - [2025-03-24T17:19:24.967+0000] {dagbag.py:588} INFO - Filling up the DagBag from /home/airflow/.local/lib/python3.12/site-packages/airflow/example_dags/example_bash_operator.py
[2025-03-24T17:19:24.993+0000] {processor.py:925} INFO - DAG(s) 'example_bash_operator' retrieved from /home/airflow/.local/lib/python3.12/site-packages/airflow/example_dags/example_bash_operator.py
[2025-03-24T17:19:25.052+0000] {logging_mixin.py:190} INFO - [2025-03-24T17:19:25.052+0000] {dag.py:3239} INFO - Sync 1 DAGs
[2025-03-24T17:19:25.106+0000] {logging_mixin.py:190} INFO - [2025-03-24T17:19:25.106+0000] {dag.py:4180} INFO - Setting next_dagrun for example_bash_operator to 2025-03-24 00:00:00+00:00, run_after=2025-03-25 00:00:00+00:00
[2025-03-24T17:19:25.149+0000] {processor.py:208} INFO - Processing /home/airflow/.local/lib/python3.12/site-packages/airflow/example_dags/example_bash_operator.py took 0.197 seconds
[2025-03-24T17:19:55.436+0000] {processor.py:186} INFO - Started process (PID=5118) to work on /home/airflow/.local/lib/python3.12/site-packages/airflow/example_dags/example_bash_operator.py
[2025-03-24T17:19:55.438+0000] {processor.py:914} INFO - Processing file /home/airflow/.local/lib/python3.12/site-packages/airflow/example_dags/example_bash_operator.py for tasks to queue
[2025-03-24T17:19:55.442+0000] {logging_mixin.py:190} INFO - [2025-03-24T17:19:55.441+0000] {dagbag.py:588} INFO - Filling up the DagBag from /home/airflow/.local/lib/python3.12/site-packages/airflow/example_dags/example_bash_operator.py
[2025-03-24T17:19:55.473+0000] {processor.py:925} INFO - DAG(s) 'example_bash_operator' retrieved from /home/airflow/.local/lib/python3.12/site-packages/airflow/example_dags/example_bash_operator.py
[2025-03-24T17:19:55.556+0000] {logging_mixin.py:190} INFO - [2025-03-24T17:19:55.556+0000] {dag.py:3239} INFO - Sync 1 DAGs
[2025-03-24T17:19:55.627+0000] {logging_mixin.py:190} INFO - [2025-03-24T17:19:55.626+0000] {dag.py:4180} INFO - Setting next_dagrun for example_bash_operator to 2025-03-24 00:00:00+00:00, run_after=2025-03-25 00:00:00+00:00
[2025-03-24T17:19:55.668+0000] {processor.py:208} INFO - Processing /home/airflow/.local/lib/python3.12/site-packages/airflow/example_dags/example_bash_operator.py took 0.243 seconds
[2025-03-24T17:20:26.072+0000] {processor.py:186} INFO - Started process (PID=5408) to work on /home/airflow/.local/lib/python3.12/site-packages/airflow/example_dags/example_bash_operator.py
[2025-03-24T17:20:26.073+0000] {processor.py:914} INFO - Processing file /home/airflow/.local/lib/python3.12/site-packages/airflow/example_dags/example_bash_operator.py for tasks to queue
[2025-03-24T17:20:26.076+0000] {logging_mixin.py:190} INFO - [2025-03-24T17:20:26.075+0000] {dagbag.py:588} INFO - Filling up the DagBag from /home/airflow/.local/lib/python3.12/site-packages/airflow/example_dags/example_bash_operator.py
[2025-03-24T17:20:26.100+0000] {processor.py:925} INFO - DAG(s) 'example_bash_operator' retrieved from /home/airflow/.local/lib/python3.12/site-packages/airflow/example_dags/example_bash_operator.py
[2025-03-24T17:20:26.146+0000] {logging_mixin.py:190} INFO - [2025-03-24T17:20:26.146+0000] {dag.py:3239} INFO - Sync 1 DAGs
[2025-03-24T17:20:26.198+0000] {logging_mixin.py:190} INFO - [2025-03-24T17:20:26.198+0000] {dag.py:4180} INFO - Setting next_dagrun for example_bash_operator to 2025-03-24 00:00:00+00:00, run_after=2025-03-25 00:00:00+00:00
[2025-03-24T17:20:26.232+0000] {processor.py:208} INFO - Processing /home/airflow/.local/lib/python3.12/site-packages/airflow/example_dags/example_bash_operator.py took 0.170 seconds
[2025-03-24T17:20:56.361+0000] {processor.py:186} INFO - Started process (PID=5699) to work on /home/airflow/.local/lib/python3.12/site-packages/airflow/example_dags/example_bash_operator.py
[2025-03-24T17:20:56.362+0000] {processor.py:914} INFO - Processing file /home/airflow/.local/lib/python3.12/site-packages/airflow/example_dags/example_bash_operator.py for tasks to queue
[2025-03-24T17:20:56.367+0000] {logging_mixin.py:190} INFO - [2025-03-24T17:20:56.367+0000] {dagbag.py:588} INFO - Filling up the DagBag from /home/airflow/.local/lib/python3.12/site-packages/airflow/example_dags/example_bash_operator.py
[2025-03-24T17:20:56.392+0000] {processor.py:925} INFO - DAG(s) 'example_bash_operator' retrieved from /home/airflow/.local/lib/python3.12/site-packages/airflow/example_dags/example_bash_operator.py
[2025-03-24T17:20:56.444+0000] {logging_mixin.py:190} INFO - [2025-03-24T17:20:56.444+0000] {dag.py:3239} INFO - Sync 1 DAGs
[2025-03-24T17:20:56.495+0000] {logging_mixin.py:190} INFO - [2025-03-24T17:20:56.494+0000] {dag.py:4180} INFO - Setting next_dagrun for example_bash_operator to 2025-03-24 00:00:00+00:00, run_after=2025-03-25 00:00:00+00:00
[2025-03-24T17:20:56.533+0000] {processor.py:208} INFO - Processing /home/airflow/.local/lib/python3.12/site-packages/airflow/example_dags/example_bash_operator.py took 0.187 seconds
[2025-03-24T17:21:26.832+0000] {processor.py:186} INFO - Started process (PID=5991) to work on /home/airflow/.local/lib/python3.12/site-packages/airflow/example_dags/example_bash_operator.py
[2025-03-24T17:21:26.834+0000] {processor.py:914} INFO - Processing file /home/airflow/.local/lib/python3.12/site-packages/airflow/example_dags/example_bash_operator.py for tasks to queue
[2025-03-24T17:21:26.839+0000] {logging_mixin.py:190} INFO - [2025-03-24T17:21:26.839+0000] {dagbag.py:588} INFO - Filling up the DagBag from /home/airflow/.local/lib/python3.12/site-packages/airflow/example_dags/example_bash_operator.py
[2025-03-24T17:21:26.869+0000] {processor.py:925} INFO - DAG(s) 'example_bash_operator' retrieved from /home/airflow/.local/lib/python3.12/site-packages/airflow/example_dags/example_bash_operator.py
[2025-03-24T17:21:26.944+0000] {logging_mixin.py:190} INFO - [2025-03-24T17:21:26.943+0000] {dag.py:3239} INFO - Sync 1 DAGs
[2025-03-24T17:21:26.993+0000] {logging_mixin.py:190} INFO - [2025-03-24T17:21:26.992+0000] {dag.py:4180} INFO - Setting next_dagrun for example_bash_operator to 2025-03-24 00:00:00+00:00, run_after=2025-03-25 00:00:00+00:00
[2025-03-24T17:21:27.043+0000] {processor.py:208} INFO - Processing /home/airflow/.local/lib/python3.12/site-packages/airflow/example_dags/example_bash_operator.py took 0.222 seconds
[2025-03-24T17:21:57.095+0000] {processor.py:186} INFO - Started process (PID=6277) to work on /home/airflow/.local/lib/python3.12/site-packages/airflow/example_dags/example_bash_operator.py
[2025-03-24T17:21:57.096+0000] {processor.py:914} INFO - Processing file /home/airflow/.local/lib/python3.12/site-packages/airflow/example_dags/example_bash_operator.py for tasks to queue
[2025-03-24T17:21:57.100+0000] {logging_mixin.py:190} INFO - [2025-03-24T17:21:57.099+0000] {dagbag.py:588} INFO - Filling up the DagBag from /home/airflow/.local/lib/python3.12/site-packages/airflow/example_dags/example_bash_operator.py
[2025-03-24T17:21:57.123+0000] {processor.py:925} INFO - DAG(s) 'example_bash_operator' retrieved from /home/airflow/.local/lib/python3.12/site-packages/airflow/example_dags/example_bash_operator.py
[2025-03-24T17:21:57.176+0000] {logging_mixin.py:190} INFO - [2025-03-24T17:21:57.176+0000] {dag.py:3239} INFO - Sync 1 DAGs
[2025-03-24T17:21:57.227+0000] {logging_mixin.py:190} INFO - [2025-03-24T17:21:57.227+0000] {dag.py:4180} INFO - Setting next_dagrun for example_bash_operator to 2025-03-24 00:00:00+00:00, run_after=2025-03-25 00:00:00+00:00
[2025-03-24T17:21:57.267+0000] {processor.py:208} INFO - Processing /home/airflow/.local/lib/python3.12/site-packages/airflow/example_dags/example_bash_operator.py took 0.181 seconds
[2025-03-24T17:22:27.304+0000] {processor.py:186} INFO - Started process (PID=6570) to work on /home/airflow/.local/lib/python3.12/site-packages/airflow/example_dags/example_bash_operator.py
[2025-03-24T17:22:27.305+0000] {processor.py:914} INFO - Processing file /home/airflow/.local/lib/python3.12/site-packages/airflow/example_dags/example_bash_operator.py for tasks to queue
[2025-03-24T17:22:27.307+0000] {logging_mixin.py:190} INFO - [2025-03-24T17:22:27.307+0000] {dagbag.py:588} INFO - Filling up the DagBag from /home/airflow/.local/lib/python3.12/site-packages/airflow/example_dags/example_bash_operator.py
[2025-03-24T17:22:27.321+0000] {processor.py:925} INFO - DAG(s) 'example_bash_operator' retrieved from /home/airflow/.local/lib/python3.12/site-packages/airflow/example_dags/example_bash_operator.py
[2025-03-24T17:22:27.352+0000] {logging_mixin.py:190} INFO - [2025-03-24T17:22:27.352+0000] {dag.py:3239} INFO - Sync 1 DAGs
[2025-03-24T17:22:27.388+0000] {logging_mixin.py:190} INFO - [2025-03-24T17:22:27.388+0000] {dag.py:4180} INFO - Setting next_dagrun for example_bash_operator to 2025-03-24 00:00:00+00:00, run_after=2025-03-25 00:00:00+00:00
[2025-03-24T17:22:27.414+0000] {processor.py:208} INFO - Processing /home/airflow/.local/lib/python3.12/site-packages/airflow/example_dags/example_bash_operator.py took 0.116 seconds
[2025-03-24T17:22:58.458+0000] {processor.py:186} INFO - Started process (PID=6794) to work on /home/airflow/.local/lib/python3.12/site-packages/airflow/example_dags/example_bash_operator.py
[2025-03-24T17:22:58.459+0000] {processor.py:914} INFO - Processing file /home/airflow/.local/lib/python3.12/site-packages/airflow/example_dags/example_bash_operator.py for tasks to queue
[2025-03-24T17:22:58.462+0000] {logging_mixin.py:190} INFO - [2025-03-24T17:22:58.461+0000] {dagbag.py:588} INFO - Filling up the DagBag from /home/airflow/.local/lib/python3.12/site-packages/airflow/example_dags/example_bash_operator.py
[2025-03-24T17:22:58.486+0000] {processor.py:925} INFO - DAG(s) 'example_bash_operator' retrieved from /home/airflow/.local/lib/python3.12/site-packages/airflow/example_dags/example_bash_operator.py
[2025-03-24T17:22:58.543+0000] {logging_mixin.py:190} INFO - [2025-03-24T17:22:58.543+0000] {dag.py:3239} INFO - Sync 1 DAGs
[2025-03-24T17:22:58.592+0000] {logging_mixin.py:190} INFO - [2025-03-24T17:22:58.591+0000] {dag.py:4180} INFO - Setting next_dagrun for example_bash_operator to 2025-03-24 00:00:00+00:00, run_after=2025-03-25 00:00:00+00:00
[2025-03-24T17:22:58.641+0000] {processor.py:208} INFO - Processing /home/airflow/.local/lib/python3.12/site-packages/airflow/example_dags/example_bash_operator.py took 0.194 seconds
[2025-03-24T17:23:29.480+0000] {processor.py:186} INFO - Started process (PID=7087) to work on /home/airflow/.local/lib/python3.12/site-packages/airflow/example_dags/example_bash_operator.py
[2025-03-24T17:23:29.481+0000] {processor.py:914} INFO - Processing file /home/airflow/.local/lib/python3.12/site-packages/airflow/example_dags/example_bash_operator.py for tasks to queue
[2025-03-24T17:23:29.485+0000] {logging_mixin.py:190} INFO - [2025-03-24T17:23:29.484+0000] {dagbag.py:588} INFO - Filling up the DagBag from /home/airflow/.local/lib/python3.12/site-packages/airflow/example_dags/example_bash_operator.py
[2025-03-24T17:23:29.506+0000] {processor.py:925} INFO - DAG(s) 'example_bash_operator' retrieved from /home/airflow/.local/lib/python3.12/site-packages/airflow/example_dags/example_bash_operator.py
[2025-03-24T17:23:29.546+0000] {logging_mixin.py:190} INFO - [2025-03-24T17:23:29.545+0000] {dag.py:3239} INFO - Sync 1 DAGs
[2025-03-24T17:23:29.577+0000] {logging_mixin.py:190} INFO - [2025-03-24T17:23:29.577+0000] {dag.py:4180} INFO - Setting next_dagrun for example_bash_operator to 2025-03-24 00:00:00+00:00, run_after=2025-03-25 00:00:00+00:00
[2025-03-24T17:23:29.611+0000] {processor.py:208} INFO - Processing /home/airflow/.local/lib/python3.12/site-packages/airflow/example_dags/example_bash_operator.py took 0.138 seconds
[2025-03-24T17:23:59.719+0000] {processor.py:186} INFO - Started process (PID=7336) to work on /home/airflow/.local/lib/python3.12/site-packages/airflow/example_dags/example_bash_operator.py
[2025-03-24T17:23:59.720+0000] {processor.py:914} INFO - Processing file /home/airflow/.local/lib/python3.12/site-packages/airflow/example_dags/example_bash_operator.py for tasks to queue
[2025-03-24T17:23:59.723+0000] {logging_mixin.py:190} INFO - [2025-03-24T17:23:59.722+0000] {dagbag.py:588} INFO - Filling up the DagBag from /home/airflow/.local/lib/python3.12/site-packages/airflow/example_dags/example_bash_operator.py
[2025-03-24T17:23:59.746+0000] {processor.py:925} INFO - DAG(s) 'example_bash_operator' retrieved from /home/airflow/.local/lib/python3.12/site-packages/airflow/example_dags/example_bash_operator.py
[2025-03-24T17:23:59.787+0000] {logging_mixin.py:190} INFO - [2025-03-24T17:23:59.787+0000] {dag.py:3239} INFO - Sync 1 DAGs
[2025-03-24T17:23:59.825+0000] {logging_mixin.py:190} INFO - [2025-03-24T17:23:59.825+0000] {dag.py:4180} INFO - Setting next_dagrun for example_bash_operator to 2025-03-24 00:00:00+00:00, run_after=2025-03-25 00:00:00+00:00
[2025-03-24T17:23:59.857+0000] {processor.py:208} INFO - Processing /home/airflow/.local/lib/python3.12/site-packages/airflow/example_dags/example_bash_operator.py took 0.145 seconds
[2025-03-24T17:24:30.135+0000] {processor.py:186} INFO - Started process (PID=7578) to work on /home/airflow/.local/lib/python3.12/site-packages/airflow/example_dags/example_bash_operator.py
[2025-03-24T17:24:30.136+0000] {processor.py:914} INFO - Processing file /home/airflow/.local/lib/python3.12/site-packages/airflow/example_dags/example_bash_operator.py for tasks to queue
[2025-03-24T17:24:30.140+0000] {logging_mixin.py:190} INFO - [2025-03-24T17:24:30.139+0000] {dagbag.py:588} INFO - Filling up the DagBag from /home/airflow/.local/lib/python3.12/site-packages/airflow/example_dags/example_bash_operator.py
[2025-03-24T17:24:30.162+0000] {processor.py:925} INFO - DAG(s) 'example_bash_operator' retrieved from /home/airflow/.local/lib/python3.12/site-packages/airflow/example_dags/example_bash_operator.py
[2025-03-24T17:24:30.200+0000] {logging_mixin.py:190} INFO - [2025-03-24T17:24:30.199+0000] {dag.py:3239} INFO - Sync 1 DAGs
[2025-03-24T17:24:30.237+0000] {logging_mixin.py:190} INFO - [2025-03-24T17:24:30.236+0000] {dag.py:4180} INFO - Setting next_dagrun for example_bash_operator to 2025-03-24 00:00:00+00:00, run_after=2025-03-25 00:00:00+00:00
[2025-03-24T17:24:30.264+0000] {processor.py:208} INFO - Processing /home/airflow/.local/lib/python3.12/site-packages/airflow/example_dags/example_bash_operator.py took 0.139 seconds
[2025-03-24T17:25:00.375+0000] {processor.py:186} INFO - Started process (PID=7849) to work on /home/airflow/.local/lib/python3.12/site-packages/airflow/example_dags/example_bash_operator.py
[2025-03-24T17:25:00.376+0000] {processor.py:914} INFO - Processing file /home/airflow/.local/lib/python3.12/site-packages/airflow/example_dags/example_bash_operator.py for tasks to queue
[2025-03-24T17:25:00.378+0000] {logging_mixin.py:190} INFO - [2025-03-24T17:25:00.378+0000] {dagbag.py:588} INFO - Filling up the DagBag from /home/airflow/.local/lib/python3.12/site-packages/airflow/example_dags/example_bash_operator.py
[2025-03-24T17:25:00.394+0000] {processor.py:925} INFO - DAG(s) 'example_bash_operator' retrieved from /home/airflow/.local/lib/python3.12/site-packages/airflow/example_dags/example_bash_operator.py
[2025-03-24T17:25:00.436+0000] {logging_mixin.py:190} INFO - [2025-03-24T17:25:00.436+0000] {dag.py:3239} INFO - Sync 1 DAGs
[2025-03-24T17:25:00.471+0000] {logging_mixin.py:190} INFO - [2025-03-24T17:25:00.470+0000] {dag.py:4180} INFO - Setting next_dagrun for example_bash_operator to 2025-03-24 00:00:00+00:00, run_after=2025-03-25 00:00:00+00:00
[2025-03-24T17:25:00.496+0000] {processor.py:208} INFO - Processing /home/airflow/.local/lib/python3.12/site-packages/airflow/example_dags/example_bash_operator.py took 0.129 seconds
[2025-03-24T17:25:30.765+0000] {processor.py:186} INFO - Started process (PID=8140) to work on /home/airflow/.local/lib/python3.12/site-packages/airflow/example_dags/example_bash_operator.py
[2025-03-24T17:25:30.766+0000] {processor.py:914} INFO - Processing file /home/airflow/.local/lib/python3.12/site-packages/airflow/example_dags/example_bash_operator.py for tasks to queue
[2025-03-24T17:25:30.769+0000] {logging_mixin.py:190} INFO - [2025-03-24T17:25:30.769+0000] {dagbag.py:588} INFO - Filling up the DagBag from /home/airflow/.local/lib/python3.12/site-packages/airflow/example_dags/example_bash_operator.py
[2025-03-24T17:25:30.796+0000] {processor.py:925} INFO - DAG(s) 'example_bash_operator' retrieved from /home/airflow/.local/lib/python3.12/site-packages/airflow/example_dags/example_bash_operator.py
[2025-03-24T17:25:30.846+0000] {logging_mixin.py:190} INFO - [2025-03-24T17:25:30.845+0000] {dag.py:3239} INFO - Sync 1 DAGs
[2025-03-24T17:25:30.885+0000] {logging_mixin.py:190} INFO - [2025-03-24T17:25:30.885+0000] {dag.py:4180} INFO - Setting next_dagrun for example_bash_operator to 2025-03-24 00:00:00+00:00, run_after=2025-03-25 00:00:00+00:00
[2025-03-24T17:25:30.914+0000] {processor.py:208} INFO - Processing /home/airflow/.local/lib/python3.12/site-packages/airflow/example_dags/example_bash_operator.py took 0.160 seconds
[2025-03-24T17:26:01.334+0000] {processor.py:186} INFO - Started process (PID=8431) to work on /home/airflow/.local/lib/python3.12/site-packages/airflow/example_dags/example_bash_operator.py
[2025-03-24T17:26:01.335+0000] {processor.py:914} INFO - Processing file /home/airflow/.local/lib/python3.12/site-packages/airflow/example_dags/example_bash_operator.py for tasks to queue
[2025-03-24T17:26:01.338+0000] {logging_mixin.py:190} INFO - [2025-03-24T17:26:01.338+0000] {dagbag.py:588} INFO - Filling up the DagBag from /home/airflow/.local/lib/python3.12/site-packages/airflow/example_dags/example_bash_operator.py
[2025-03-24T17:26:01.361+0000] {processor.py:925} INFO - DAG(s) 'example_bash_operator' retrieved from /home/airflow/.local/lib/python3.12/site-packages/airflow/example_dags/example_bash_operator.py
[2025-03-24T17:26:01.408+0000] {logging_mixin.py:190} INFO - [2025-03-24T17:26:01.408+0000] {dag.py:3239} INFO - Sync 1 DAGs
[2025-03-24T17:26:01.447+0000] {logging_mixin.py:190} INFO - [2025-03-24T17:26:01.447+0000] {dag.py:4180} INFO - Setting next_dagrun for example_bash_operator to 2025-03-24 00:00:00+00:00, run_after=2025-03-25 00:00:00+00:00
[2025-03-24T17:26:01.480+0000] {processor.py:208} INFO - Processing /home/airflow/.local/lib/python3.12/site-packages/airflow/example_dags/example_bash_operator.py took 0.157 seconds
[2025-03-24T17:26:31.779+0000] {processor.py:186} INFO - Started process (PID=8722) to work on /home/airflow/.local/lib/python3.12/site-packages/airflow/example_dags/example_bash_operator.py
[2025-03-24T17:26:31.780+0000] {processor.py:914} INFO - Processing file /home/airflow/.local/lib/python3.12/site-packages/airflow/example_dags/example_bash_operator.py for tasks to queue
[2025-03-24T17:26:31.783+0000] {logging_mixin.py:190} INFO - [2025-03-24T17:26:31.782+0000] {dagbag.py:588} INFO - Filling up the DagBag from /home/airflow/.local/lib/python3.12/site-packages/airflow/example_dags/example_bash_operator.py
[2025-03-24T17:26:31.806+0000] {processor.py:925} INFO - DAG(s) 'example_bash_operator' retrieved from /home/airflow/.local/lib/python3.12/site-packages/airflow/example_dags/example_bash_operator.py
[2025-03-24T17:26:31.863+0000] {logging_mixin.py:190} INFO - [2025-03-24T17:26:31.863+0000] {dag.py:3239} INFO - Sync 1 DAGs
[2025-03-24T17:26:31.911+0000] {logging_mixin.py:190} INFO - [2025-03-24T17:26:31.911+0000] {dag.py:4180} INFO - Setting next_dagrun for example_bash_operator to 2025-03-24 00:00:00+00:00, run_after=2025-03-25 00:00:00+00:00
[2025-03-24T17:26:31.947+0000] {processor.py:208} INFO - Processing /home/airflow/.local/lib/python3.12/site-packages/airflow/example_dags/example_bash_operator.py took 0.178 seconds
[2025-03-24T17:27:02.177+0000] {processor.py:186} INFO - Started process (PID=9013) to work on /home/airflow/.local/lib/python3.12/site-packages/airflow/example_dags/example_bash_operator.py
[2025-03-24T17:27:02.178+0000] {processor.py:914} INFO - Processing file /home/airflow/.local/lib/python3.12/site-packages/airflow/example_dags/example_bash_operator.py for tasks to queue
[2025-03-24T17:27:02.181+0000] {logging_mixin.py:190} INFO - [2025-03-24T17:27:02.180+0000] {dagbag.py:588} INFO - Filling up the DagBag from /home/airflow/.local/lib/python3.12/site-packages/airflow/example_dags/example_bash_operator.py
[2025-03-24T17:27:02.207+0000] {processor.py:925} INFO - DAG(s) 'example_bash_operator' retrieved from /home/airflow/.local/lib/python3.12/site-packages/airflow/example_dags/example_bash_operator.py
[2025-03-24T17:27:02.250+0000] {logging_mixin.py:190} INFO - [2025-03-24T17:27:02.250+0000] {dag.py:3239} INFO - Sync 1 DAGs
[2025-03-24T17:27:02.292+0000] {logging_mixin.py:190} INFO - [2025-03-24T17:27:02.292+0000] {dag.py:4180} INFO - Setting next_dagrun for example_bash_operator to 2025-03-24 00:00:00+00:00, run_after=2025-03-25 00:00:00+00:00
[2025-03-24T17:27:02.328+0000] {processor.py:208} INFO - Processing /home/airflow/.local/lib/python3.12/site-packages/airflow/example_dags/example_bash_operator.py took 0.165 seconds
[2025-03-24T17:27:32.408+0000] {processor.py:186} INFO - Started process (PID=9304) to work on /home/airflow/.local/lib/python3.12/site-packages/airflow/example_dags/example_bash_operator.py
[2025-03-24T17:27:32.409+0000] {processor.py:914} INFO - Processing file /home/airflow/.local/lib/python3.12/site-packages/airflow/example_dags/example_bash_operator.py for tasks to queue
[2025-03-24T17:27:32.412+0000] {logging_mixin.py:190} INFO - [2025-03-24T17:27:32.411+0000] {dagbag.py:588} INFO - Filling up the DagBag from /home/airflow/.local/lib/python3.12/site-packages/airflow/example_dags/example_bash_operator.py
[2025-03-24T17:27:32.433+0000] {processor.py:925} INFO - DAG(s) 'example_bash_operator' retrieved from /home/airflow/.local/lib/python3.12/site-packages/airflow/example_dags/example_bash_operator.py
[2025-03-24T17:27:32.481+0000] {logging_mixin.py:190} INFO - [2025-03-24T17:27:32.481+0000] {dag.py:3239} INFO - Sync 1 DAGs
[2025-03-24T17:27:32.525+0000] {logging_mixin.py:190} INFO - [2025-03-24T17:27:32.524+0000] {dag.py:4180} INFO - Setting next_dagrun for example_bash_operator to 2025-03-24 00:00:00+00:00, run_after=2025-03-25 00:00:00+00:00
[2025-03-24T17:27:32.562+0000] {processor.py:208} INFO - Processing /home/airflow/.local/lib/python3.12/site-packages/airflow/example_dags/example_bash_operator.py took 0.164 seconds
[2025-03-24T17:28:02.828+0000] {processor.py:186} INFO - Started process (PID=9595) to work on /home/airflow/.local/lib/python3.12/site-packages/airflow/example_dags/example_bash_operator.py
[2025-03-24T17:28:02.830+0000] {processor.py:914} INFO - Processing file /home/airflow/.local/lib/python3.12/site-packages/airflow/example_dags/example_bash_operator.py for tasks to queue
[2025-03-24T17:28:02.834+0000] {logging_mixin.py:190} INFO - [2025-03-24T17:28:02.834+0000] {dagbag.py:588} INFO - Filling up the DagBag from /home/airflow/.local/lib/python3.12/site-packages/airflow/example_dags/example_bash_operator.py
[2025-03-24T17:28:02.859+0000] {processor.py:925} INFO - DAG(s) 'example_bash_operator' retrieved from /home/airflow/.local/lib/python3.12/site-packages/airflow/example_dags/example_bash_operator.py
[2025-03-24T17:28:02.908+0000] {logging_mixin.py:190} INFO - [2025-03-24T17:28:02.907+0000] {dag.py:3239} INFO - Sync 1 DAGs
[2025-03-24T17:28:02.948+0000] {logging_mixin.py:190} INFO - [2025-03-24T17:28:02.947+0000] {dag.py:4180} INFO - Setting next_dagrun for example_bash_operator to 2025-03-24 00:00:00+00:00, run_after=2025-03-25 00:00:00+00:00
[2025-03-24T17:28:02.974+0000] {processor.py:208} INFO - Processing /home/airflow/.local/lib/python3.12/site-packages/airflow/example_dags/example_bash_operator.py took 0.157 seconds
[2025-03-24T17:28:33.669+0000] {processor.py:186} INFO - Started process (PID=9886) to work on /home/airflow/.local/lib/python3.12/site-packages/airflow/example_dags/example_bash_operator.py
[2025-03-24T17:28:33.671+0000] {processor.py:914} INFO - Processing file /home/airflow/.local/lib/python3.12/site-packages/airflow/example_dags/example_bash_operator.py for tasks to queue
[2025-03-24T17:28:33.675+0000] {logging_mixin.py:190} INFO - [2025-03-24T17:28:33.675+0000] {dagbag.py:588} INFO - Filling up the DagBag from /home/airflow/.local/lib/python3.12/site-packages/airflow/example_dags/example_bash_operator.py
[2025-03-24T17:28:33.697+0000] {processor.py:925} INFO - DAG(s) 'example_bash_operator' retrieved from /home/airflow/.local/lib/python3.12/site-packages/airflow/example_dags/example_bash_operator.py
[2025-03-24T17:28:33.747+0000] {logging_mixin.py:190} INFO - [2025-03-24T17:28:33.747+0000] {dag.py:3239} INFO - Sync 1 DAGs
[2025-03-24T17:28:33.795+0000] {logging_mixin.py:190} INFO - [2025-03-24T17:28:33.794+0000] {dag.py:4180} INFO - Setting next_dagrun for example_bash_operator to 2025-03-24 00:00:00+00:00, run_after=2025-03-25 00:00:00+00:00
[2025-03-24T17:28:33.837+0000] {processor.py:208} INFO - Processing /home/airflow/.local/lib/python3.12/site-packages/airflow/example_dags/example_bash_operator.py took 0.178 seconds
[2025-03-24T17:29:04.032+0000] {processor.py:186} INFO - Started process (PID=10177) to work on /home/airflow/.local/lib/python3.12/site-packages/airflow/example_dags/example_bash_operator.py
[2025-03-24T17:29:04.034+0000] {processor.py:914} INFO - Processing file /home/airflow/.local/lib/python3.12/site-packages/airflow/example_dags/example_bash_operator.py for tasks to queue
[2025-03-24T17:29:04.038+0000] {logging_mixin.py:190} INFO - [2025-03-24T17:29:04.037+0000] {dagbag.py:588} INFO - Filling up the DagBag from /home/airflow/.local/lib/python3.12/site-packages/airflow/example_dags/example_bash_operator.py
[2025-03-24T17:29:04.072+0000] {processor.py:925} INFO - DAG(s) 'example_bash_operator' retrieved from /home/airflow/.local/lib/python3.12/site-packages/airflow/example_dags/example_bash_operator.py
[2025-03-24T17:29:04.141+0000] {logging_mixin.py:190} INFO - [2025-03-24T17:29:04.141+0000] {dag.py:3239} INFO - Sync 1 DAGs
[2025-03-24T17:29:04.211+0000] {logging_mixin.py:190} INFO - [2025-03-24T17:29:04.211+0000] {dag.py:4180} INFO - Setting next_dagrun for example_bash_operator to 2025-03-24 00:00:00+00:00, run_after=2025-03-25 00:00:00+00:00
[2025-03-24T17:29:04.266+0000] {processor.py:208} INFO - Processing /home/airflow/.local/lib/python3.12/site-packages/airflow/example_dags/example_bash_operator.py took 0.247 seconds
[2025-03-24T17:29:34.676+0000] {processor.py:186} INFO - Started process (PID=10468) to work on /home/airflow/.local/lib/python3.12/site-packages/airflow/example_dags/example_bash_operator.py
[2025-03-24T17:29:34.677+0000] {processor.py:914} INFO - Processing file /home/airflow/.local/lib/python3.12/site-packages/airflow/example_dags/example_bash_operator.py for tasks to queue
[2025-03-24T17:29:34.680+0000] {logging_mixin.py:190} INFO - [2025-03-24T17:29:34.680+0000] {dagbag.py:588} INFO - Filling up the DagBag from /home/airflow/.local/lib/python3.12/site-packages/airflow/example_dags/example_bash_operator.py
[2025-03-24T17:29:34.698+0000] {processor.py:925} INFO - DAG(s) 'example_bash_operator' retrieved from /home/airflow/.local/lib/python3.12/site-packages/airflow/example_dags/example_bash_operator.py
[2025-03-24T17:29:34.737+0000] {logging_mixin.py:190} INFO - [2025-03-24T17:29:34.736+0000] {dag.py:3239} INFO - Sync 1 DAGs
[2025-03-24T17:29:34.772+0000] {logging_mixin.py:190} INFO - [2025-03-24T17:29:34.772+0000] {dag.py:4180} INFO - Setting next_dagrun for example_bash_operator to 2025-03-24 00:00:00+00:00, run_after=2025-03-25 00:00:00+00:00
[2025-03-24T17:29:34.803+0000] {processor.py:208} INFO - Processing /home/airflow/.local/lib/python3.12/site-packages/airflow/example_dags/example_bash_operator.py took 0.134 seconds
[2025-03-24T17:30:04.880+0000] {processor.py:186} INFO - Started process (PID=10760) to work on /home/airflow/.local/lib/python3.12/site-packages/airflow/example_dags/example_bash_operator.py
[2025-03-24T17:30:04.881+0000] {processor.py:914} INFO - Processing file /home/airflow/.local/lib/python3.12/site-packages/airflow/example_dags/example_bash_operator.py for tasks to queue
[2025-03-24T17:30:04.884+0000] {logging_mixin.py:190} INFO - [2025-03-24T17:30:04.883+0000] {dagbag.py:588} INFO - Filling up the DagBag from /home/airflow/.local/lib/python3.12/site-packages/airflow/example_dags/example_bash_operator.py
[2025-03-24T17:30:04.900+0000] {processor.py:925} INFO - DAG(s) 'example_bash_operator' retrieved from /home/airflow/.local/lib/python3.12/site-packages/airflow/example_dags/example_bash_operator.py
[2025-03-24T17:30:04.945+0000] {logging_mixin.py:190} INFO - [2025-03-24T17:30:04.944+0000] {dag.py:3239} INFO - Sync 1 DAGs
[2025-03-24T17:30:04.983+0000] {logging_mixin.py:190} INFO - [2025-03-24T17:30:04.983+0000] {dag.py:4180} INFO - Setting next_dagrun for example_bash_operator to 2025-03-24 00:00:00+00:00, run_after=2025-03-25 00:00:00+00:00
[2025-03-24T17:30:05.012+0000] {processor.py:208} INFO - Processing /home/airflow/.local/lib/python3.12/site-packages/airflow/example_dags/example_bash_operator.py took 0.140 seconds
[2025-03-24T17:30:35.551+0000] {processor.py:186} INFO - Started process (PID=11051) to work on /home/airflow/.local/lib/python3.12/site-packages/airflow/example_dags/example_bash_operator.py
[2025-03-24T17:30:35.552+0000] {processor.py:914} INFO - Processing file /home/airflow/.local/lib/python3.12/site-packages/airflow/example_dags/example_bash_operator.py for tasks to queue
[2025-03-24T17:30:35.555+0000] {logging_mixin.py:190} INFO - [2025-03-24T17:30:35.555+0000] {dagbag.py:588} INFO - Filling up the DagBag from /home/airflow/.local/lib/python3.12/site-packages/airflow/example_dags/example_bash_operator.py
[2025-03-24T17:30:35.574+0000] {processor.py:925} INFO - DAG(s) 'example_bash_operator' retrieved from /home/airflow/.local/lib/python3.12/site-packages/airflow/example_dags/example_bash_operator.py
[2025-03-24T17:30:35.610+0000] {logging_mixin.py:190} INFO - [2025-03-24T17:30:35.610+0000] {dag.py:3239} INFO - Sync 1 DAGs
[2025-03-24T17:30:35.647+0000] {logging_mixin.py:190} INFO - [2025-03-24T17:30:35.647+0000] {dag.py:4180} INFO - Setting next_dagrun for example_bash_operator to 2025-03-24 00:00:00+00:00, run_after=2025-03-25 00:00:00+00:00
[2025-03-24T17:30:35.675+0000] {processor.py:208} INFO - Processing /home/airflow/.local/lib/python3.12/site-packages/airflow/example_dags/example_bash_operator.py took 0.133 seconds
[2025-03-24T17:31:05.780+0000] {processor.py:186} INFO - Started process (PID=11342) to work on /home/airflow/.local/lib/python3.12/site-packages/airflow/example_dags/example_bash_operator.py
[2025-03-24T17:31:05.781+0000] {processor.py:914} INFO - Processing file /home/airflow/.local/lib/python3.12/site-packages/airflow/example_dags/example_bash_operator.py for tasks to queue
[2025-03-24T17:31:05.784+0000] {logging_mixin.py:190} INFO - [2025-03-24T17:31:05.783+0000] {dagbag.py:588} INFO - Filling up the DagBag from /home/airflow/.local/lib/python3.12/site-packages/airflow/example_dags/example_bash_operator.py
[2025-03-24T17:31:05.800+0000] {processor.py:925} INFO - DAG(s) 'example_bash_operator' retrieved from /home/airflow/.local/lib/python3.12/site-packages/airflow/example_dags/example_bash_operator.py
[2025-03-24T17:31:05.842+0000] {logging_mixin.py:190} INFO - [2025-03-24T17:31:05.842+0000] {dag.py:3239} INFO - Sync 1 DAGs
[2025-03-24T17:31:05.878+0000] {logging_mixin.py:190} INFO - [2025-03-24T17:31:05.877+0000] {dag.py:4180} INFO - Setting next_dagrun for example_bash_operator to 2025-03-24 00:00:00+00:00, run_after=2025-03-25 00:00:00+00:00
[2025-03-24T17:31:05.907+0000] {processor.py:208} INFO - Processing /home/airflow/.local/lib/python3.12/site-packages/airflow/example_dags/example_bash_operator.py took 0.134 seconds
[2025-03-24T17:31:36.594+0000] {processor.py:186} INFO - Started process (PID=11633) to work on /home/airflow/.local/lib/python3.12/site-packages/airflow/example_dags/example_bash_operator.py
[2025-03-24T17:31:36.595+0000] {processor.py:914} INFO - Processing file /home/airflow/.local/lib/python3.12/site-packages/airflow/example_dags/example_bash_operator.py for tasks to queue
[2025-03-24T17:31:36.598+0000] {logging_mixin.py:190} INFO - [2025-03-24T17:31:36.597+0000] {dagbag.py:588} INFO - Filling up the DagBag from /home/airflow/.local/lib/python3.12/site-packages/airflow/example_dags/example_bash_operator.py
[2025-03-24T17:31:36.615+0000] {processor.py:925} INFO - DAG(s) 'example_bash_operator' retrieved from /home/airflow/.local/lib/python3.12/site-packages/airflow/example_dags/example_bash_operator.py
[2025-03-24T17:31:36.649+0000] {logging_mixin.py:190} INFO - [2025-03-24T17:31:36.649+0000] {dag.py:3239} INFO - Sync 1 DAGs
[2025-03-24T17:31:36.683+0000] {logging_mixin.py:190} INFO - [2025-03-24T17:31:36.682+0000] {dag.py:4180} INFO - Setting next_dagrun for example_bash_operator to 2025-03-24 00:00:00+00:00, run_after=2025-03-25 00:00:00+00:00
[2025-03-24T17:31:36.719+0000] {processor.py:208} INFO - Processing /home/airflow/.local/lib/python3.12/site-packages/airflow/example_dags/example_bash_operator.py took 0.134 seconds
[2025-03-24T17:32:07.139+0000] {processor.py:186} INFO - Started process (PID=11924) to work on /home/airflow/.local/lib/python3.12/site-packages/airflow/example_dags/example_bash_operator.py
[2025-03-24T17:32:07.140+0000] {processor.py:914} INFO - Processing file /home/airflow/.local/lib/python3.12/site-packages/airflow/example_dags/example_bash_operator.py for tasks to queue
[2025-03-24T17:32:07.143+0000] {logging_mixin.py:190} INFO - [2025-03-24T17:32:07.143+0000] {dagbag.py:588} INFO - Filling up the DagBag from /home/airflow/.local/lib/python3.12/site-packages/airflow/example_dags/example_bash_operator.py
[2025-03-24T17:32:07.170+0000] {processor.py:925} INFO - DAG(s) 'example_bash_operator' retrieved from /home/airflow/.local/lib/python3.12/site-packages/airflow/example_dags/example_bash_operator.py
[2025-03-24T17:32:07.219+0000] {logging_mixin.py:190} INFO - [2025-03-24T17:32:07.218+0000] {dag.py:3239} INFO - Sync 1 DAGs
[2025-03-24T17:32:07.270+0000] {logging_mixin.py:190} INFO - [2025-03-24T17:32:07.270+0000] {dag.py:4180} INFO - Setting next_dagrun for example_bash_operator to 2025-03-24 00:00:00+00:00, run_after=2025-03-25 00:00:00+00:00
[2025-03-24T17:32:07.312+0000] {processor.py:208} INFO - Processing /home/airflow/.local/lib/python3.12/site-packages/airflow/example_dags/example_bash_operator.py took 0.184 seconds
[2025-03-24T17:32:37.681+0000] {processor.py:186} INFO - Started process (PID=12214) to work on /home/airflow/.local/lib/python3.12/site-packages/airflow/example_dags/example_bash_operator.py
[2025-03-24T17:32:37.682+0000] {processor.py:914} INFO - Processing file /home/airflow/.local/lib/python3.12/site-packages/airflow/example_dags/example_bash_operator.py for tasks to queue
[2025-03-24T17:32:37.685+0000] {logging_mixin.py:190} INFO - [2025-03-24T17:32:37.684+0000] {dagbag.py:588} INFO - Filling up the DagBag from /home/airflow/.local/lib/python3.12/site-packages/airflow/example_dags/example_bash_operator.py
[2025-03-24T17:32:37.713+0000] {processor.py:925} INFO - DAG(s) 'example_bash_operator' retrieved from /home/airflow/.local/lib/python3.12/site-packages/airflow/example_dags/example_bash_operator.py
[2025-03-24T17:32:37.792+0000] {logging_mixin.py:190} INFO - [2025-03-24T17:32:37.792+0000] {dag.py:3239} INFO - Sync 1 DAGs
[2025-03-24T17:32:37.847+0000] {logging_mixin.py:190} INFO - [2025-03-24T17:32:37.847+0000] {dag.py:4180} INFO - Setting next_dagrun for example_bash_operator to 2025-03-24 00:00:00+00:00, run_after=2025-03-25 00:00:00+00:00
[2025-03-24T17:32:37.887+0000] {processor.py:208} INFO - Processing /home/airflow/.local/lib/python3.12/site-packages/airflow/example_dags/example_bash_operator.py took 0.220 seconds
[2025-03-24T17:33:08.312+0000] {processor.py:186} INFO - Started process (PID=12505) to work on /home/airflow/.local/lib/python3.12/site-packages/airflow/example_dags/example_bash_operator.py
[2025-03-24T17:33:08.314+0000] {processor.py:914} INFO - Processing file /home/airflow/.local/lib/python3.12/site-packages/airflow/example_dags/example_bash_operator.py for tasks to queue
[2025-03-24T17:33:08.317+0000] {logging_mixin.py:190} INFO - [2025-03-24T17:33:08.317+0000] {dagbag.py:588} INFO - Filling up the DagBag from /home/airflow/.local/lib/python3.12/site-packages/airflow/example_dags/example_bash_operator.py
[2025-03-24T17:33:08.345+0000] {processor.py:925} INFO - DAG(s) 'example_bash_operator' retrieved from /home/airflow/.local/lib/python3.12/site-packages/airflow/example_dags/example_bash_operator.py
[2025-03-24T17:33:08.405+0000] {logging_mixin.py:190} INFO - [2025-03-24T17:33:08.404+0000] {dag.py:3239} INFO - Sync 1 DAGs
[2025-03-24T17:33:08.466+0000] {logging_mixin.py:190} INFO - [2025-03-24T17:33:08.465+0000] {dag.py:4180} INFO - Setting next_dagrun for example_bash_operator to 2025-03-24 00:00:00+00:00, run_after=2025-03-25 00:00:00+00:00
[2025-03-24T17:33:08.516+0000] {processor.py:208} INFO - Processing /home/airflow/.local/lib/python3.12/site-packages/airflow/example_dags/example_bash_operator.py took 0.216 seconds
[2025-03-24T17:33:39.082+0000] {processor.py:186} INFO - Started process (PID=12796) to work on /home/airflow/.local/lib/python3.12/site-packages/airflow/example_dags/example_bash_operator.py
[2025-03-24T17:33:39.083+0000] {processor.py:914} INFO - Processing file /home/airflow/.local/lib/python3.12/site-packages/airflow/example_dags/example_bash_operator.py for tasks to queue
[2025-03-24T17:33:39.087+0000] {logging_mixin.py:190} INFO - [2025-03-24T17:33:39.087+0000] {dagbag.py:588} INFO - Filling up the DagBag from /home/airflow/.local/lib/python3.12/site-packages/airflow/example_dags/example_bash_operator.py
[2025-03-24T17:33:39.114+0000] {processor.py:925} INFO - DAG(s) 'example_bash_operator' retrieved from /home/airflow/.local/lib/python3.12/site-packages/airflow/example_dags/example_bash_operator.py
[2025-03-24T17:33:39.160+0000] {logging_mixin.py:190} INFO - [2025-03-24T17:33:39.160+0000] {dag.py:3239} INFO - Sync 1 DAGs
[2025-03-24T17:33:39.204+0000] {logging_mixin.py:190} INFO - [2025-03-24T17:33:39.204+0000] {dag.py:4180} INFO - Setting next_dagrun for example_bash_operator to 2025-03-24 00:00:00+00:00, run_after=2025-03-25 00:00:00+00:00
[2025-03-24T17:33:39.239+0000] {processor.py:208} INFO - Processing /home/airflow/.local/lib/python3.12/site-packages/airflow/example_dags/example_bash_operator.py took 0.170 seconds
[2025-03-24T17:34:09.422+0000] {processor.py:186} INFO - Started process (PID=13087) to work on /home/airflow/.local/lib/python3.12/site-packages/airflow/example_dags/example_bash_operator.py
[2025-03-24T17:34:09.424+0000] {processor.py:914} INFO - Processing file /home/airflow/.local/lib/python3.12/site-packages/airflow/example_dags/example_bash_operator.py for tasks to queue
[2025-03-24T17:34:09.429+0000] {logging_mixin.py:190} INFO - [2025-03-24T17:34:09.429+0000] {dagbag.py:588} INFO - Filling up the DagBag from /home/airflow/.local/lib/python3.12/site-packages/airflow/example_dags/example_bash_operator.py
[2025-03-24T17:34:09.451+0000] {processor.py:925} INFO - DAG(s) 'example_bash_operator' retrieved from /home/airflow/.local/lib/python3.12/site-packages/airflow/example_dags/example_bash_operator.py
[2025-03-24T17:34:09.506+0000] {logging_mixin.py:190} INFO - [2025-03-24T17:34:09.505+0000] {dag.py:3239} INFO - Sync 1 DAGs
[2025-03-24T17:34:09.552+0000] {logging_mixin.py:190} INFO - [2025-03-24T17:34:09.552+0000] {dag.py:4180} INFO - Setting next_dagrun for example_bash_operator to 2025-03-24 00:00:00+00:00, run_after=2025-03-25 00:00:00+00:00
[2025-03-24T17:34:09.587+0000] {processor.py:208} INFO - Processing /home/airflow/.local/lib/python3.12/site-packages/airflow/example_dags/example_bash_operator.py took 0.174 seconds
[2025-03-24T17:34:39.974+0000] {processor.py:186} INFO - Started process (PID=13378) to work on /home/airflow/.local/lib/python3.12/site-packages/airflow/example_dags/example_bash_operator.py
[2025-03-24T17:34:39.976+0000] {processor.py:914} INFO - Processing file /home/airflow/.local/lib/python3.12/site-packages/airflow/example_dags/example_bash_operator.py for tasks to queue
[2025-03-24T17:34:39.980+0000] {logging_mixin.py:190} INFO - [2025-03-24T17:34:39.980+0000] {dagbag.py:588} INFO - Filling up the DagBag from /home/airflow/.local/lib/python3.12/site-packages/airflow/example_dags/example_bash_operator.py
[2025-03-24T17:34:40.002+0000] {processor.py:925} INFO - DAG(s) 'example_bash_operator' retrieved from /home/airflow/.local/lib/python3.12/site-packages/airflow/example_dags/example_bash_operator.py
[2025-03-24T17:34:40.056+0000] {logging_mixin.py:190} INFO - [2025-03-24T17:34:40.056+0000] {dag.py:3239} INFO - Sync 1 DAGs
[2025-03-24T17:34:40.107+0000] {logging_mixin.py:190} INFO - [2025-03-24T17:34:40.107+0000] {dag.py:4180} INFO - Setting next_dagrun for example_bash_operator to 2025-03-24 00:00:00+00:00, run_after=2025-03-25 00:00:00+00:00
[2025-03-24T17:34:40.140+0000] {processor.py:208} INFO - Processing /home/airflow/.local/lib/python3.12/site-packages/airflow/example_dags/example_bash_operator.py took 0.174 seconds
[2025-03-24T17:35:10.786+0000] {processor.py:186} INFO - Started process (PID=13671) to work on /home/airflow/.local/lib/python3.12/site-packages/airflow/example_dags/example_bash_operator.py
[2025-03-24T17:35:10.793+0000] {processor.py:914} INFO - Processing file /home/airflow/.local/lib/python3.12/site-packages/airflow/example_dags/example_bash_operator.py for tasks to queue
[2025-03-24T17:35:10.798+0000] {logging_mixin.py:190} INFO - [2025-03-24T17:35:10.797+0000] {dagbag.py:588} INFO - Filling up the DagBag from /home/airflow/.local/lib/python3.12/site-packages/airflow/example_dags/example_bash_operator.py
[2025-03-24T17:35:10.824+0000] {processor.py:925} INFO - DAG(s) 'example_bash_operator' retrieved from /home/airflow/.local/lib/python3.12/site-packages/airflow/example_dags/example_bash_operator.py
[2025-03-24T17:35:10.876+0000] {logging_mixin.py:190} INFO - [2025-03-24T17:35:10.875+0000] {dag.py:3239} INFO - Sync 1 DAGs
[2025-03-24T17:35:10.922+0000] {logging_mixin.py:190} INFO - [2025-03-24T17:35:10.921+0000] {dag.py:4180} INFO - Setting next_dagrun for example_bash_operator to 2025-03-24 00:00:00+00:00, run_after=2025-03-25 00:00:00+00:00
[2025-03-24T17:35:10.958+0000] {processor.py:208} INFO - Processing /home/airflow/.local/lib/python3.12/site-packages/airflow/example_dags/example_bash_operator.py took 0.187 seconds
[2025-03-24T17:35:41.278+0000] {processor.py:186} INFO - Started process (PID=13954) to work on /home/airflow/.local/lib/python3.12/site-packages/airflow/example_dags/example_bash_operator.py
[2025-03-24T17:35:41.279+0000] {processor.py:914} INFO - Processing file /home/airflow/.local/lib/python3.12/site-packages/airflow/example_dags/example_bash_operator.py for tasks to queue
[2025-03-24T17:35:41.281+0000] {logging_mixin.py:190} INFO - [2025-03-24T17:35:41.281+0000] {dagbag.py:588} INFO - Filling up the DagBag from /home/airflow/.local/lib/python3.12/site-packages/airflow/example_dags/example_bash_operator.py
[2025-03-24T17:35:41.310+0000] {processor.py:925} INFO - DAG(s) 'example_bash_operator' retrieved from /home/airflow/.local/lib/python3.12/site-packages/airflow/example_dags/example_bash_operator.py
[2025-03-24T17:35:41.361+0000] {logging_mixin.py:190} INFO - [2025-03-24T17:35:41.360+0000] {dag.py:3239} INFO - Sync 1 DAGs
[2025-03-24T17:35:41.395+0000] {logging_mixin.py:190} INFO - [2025-03-24T17:35:41.395+0000] {dag.py:4180} INFO - Setting next_dagrun for example_bash_operator to 2025-03-24 00:00:00+00:00, run_after=2025-03-25 00:00:00+00:00
[2025-03-24T17:35:41.424+0000] {processor.py:208} INFO - Processing /home/airflow/.local/lib/python3.12/site-packages/airflow/example_dags/example_bash_operator.py took 0.154 seconds
[2025-03-24T17:36:12.104+0000] {processor.py:186} INFO - Started process (PID=14245) to work on /home/airflow/.local/lib/python3.12/site-packages/airflow/example_dags/example_bash_operator.py
[2025-03-24T17:36:12.109+0000] {processor.py:914} INFO - Processing file /home/airflow/.local/lib/python3.12/site-packages/airflow/example_dags/example_bash_operator.py for tasks to queue
[2025-03-24T17:36:12.115+0000] {logging_mixin.py:190} INFO - [2025-03-24T17:36:12.114+0000] {dagbag.py:588} INFO - Filling up the DagBag from /home/airflow/.local/lib/python3.12/site-packages/airflow/example_dags/example_bash_operator.py
[2025-03-24T17:36:12.149+0000] {processor.py:925} INFO - DAG(s) 'example_bash_operator' retrieved from /home/airflow/.local/lib/python3.12/site-packages/airflow/example_dags/example_bash_operator.py
[2025-03-24T17:36:12.217+0000] {logging_mixin.py:190} INFO - [2025-03-24T17:36:12.217+0000] {dag.py:3239} INFO - Sync 1 DAGs
[2025-03-24T17:36:12.283+0000] {logging_mixin.py:190} INFO - [2025-03-24T17:36:12.283+0000] {dag.py:4180} INFO - Setting next_dagrun for example_bash_operator to 2025-03-24 00:00:00+00:00, run_after=2025-03-25 00:00:00+00:00
[2025-03-24T17:36:12.324+0000] {processor.py:208} INFO - Processing /home/airflow/.local/lib/python3.12/site-packages/airflow/example_dags/example_bash_operator.py took 0.232 seconds
[2025-03-24T17:36:42.503+0000] {processor.py:186} INFO - Started process (PID=14531) to work on /home/airflow/.local/lib/python3.12/site-packages/airflow/example_dags/example_bash_operator.py
[2025-03-24T17:36:42.505+0000] {processor.py:914} INFO - Processing file /home/airflow/.local/lib/python3.12/site-packages/airflow/example_dags/example_bash_operator.py for tasks to queue
[2025-03-24T17:36:42.509+0000] {logging_mixin.py:190} INFO - [2025-03-24T17:36:42.508+0000] {dagbag.py:588} INFO - Filling up the DagBag from /home/airflow/.local/lib/python3.12/site-packages/airflow/example_dags/example_bash_operator.py
[2025-03-24T17:36:42.531+0000] {processor.py:925} INFO - DAG(s) 'example_bash_operator' retrieved from /home/airflow/.local/lib/python3.12/site-packages/airflow/example_dags/example_bash_operator.py
[2025-03-24T17:36:42.582+0000] {logging_mixin.py:190} INFO - [2025-03-24T17:36:42.582+0000] {dag.py:3239} INFO - Sync 1 DAGs
[2025-03-24T17:36:42.631+0000] {logging_mixin.py:190} INFO - [2025-03-24T17:36:42.631+0000] {dag.py:4180} INFO - Setting next_dagrun for example_bash_operator to 2025-03-24 00:00:00+00:00, run_after=2025-03-25 00:00:00+00:00
[2025-03-24T17:36:42.669+0000] {processor.py:208} INFO - Processing /home/airflow/.local/lib/python3.12/site-packages/airflow/example_dags/example_bash_operator.py took 0.177 seconds
[2025-03-24T17:37:13.282+0000] {processor.py:186} INFO - Started process (PID=14816) to work on /home/airflow/.local/lib/python3.12/site-packages/airflow/example_dags/example_bash_operator.py
[2025-03-24T17:37:13.283+0000] {processor.py:914} INFO - Processing file /home/airflow/.local/lib/python3.12/site-packages/airflow/example_dags/example_bash_operator.py for tasks to queue
[2025-03-24T17:37:13.285+0000] {logging_mixin.py:190} INFO - [2025-03-24T17:37:13.285+0000] {dagbag.py:588} INFO - Filling up the DagBag from /home/airflow/.local/lib/python3.12/site-packages/airflow/example_dags/example_bash_operator.py
[2025-03-24T17:37:13.311+0000] {processor.py:925} INFO - DAG(s) 'example_bash_operator' retrieved from /home/airflow/.local/lib/python3.12/site-packages/airflow/example_dags/example_bash_operator.py
[2025-03-24T17:37:13.355+0000] {logging_mixin.py:190} INFO - [2025-03-24T17:37:13.355+0000] {dag.py:3239} INFO - Sync 1 DAGs
[2025-03-24T17:37:13.400+0000] {logging_mixin.py:190} INFO - [2025-03-24T17:37:13.399+0000] {dag.py:4180} INFO - Setting next_dagrun for example_bash_operator to 2025-03-24 00:00:00+00:00, run_after=2025-03-25 00:00:00+00:00
[2025-03-24T17:37:13.446+0000] {processor.py:208} INFO - Processing /home/airflow/.local/lib/python3.12/site-packages/airflow/example_dags/example_bash_operator.py took 0.175 seconds
[2025-03-24T17:37:43.584+0000] {processor.py:186} INFO - Started process (PID=15107) to work on /home/airflow/.local/lib/python3.12/site-packages/airflow/example_dags/example_bash_operator.py
[2025-03-24T17:37:43.586+0000] {processor.py:914} INFO - Processing file /home/airflow/.local/lib/python3.12/site-packages/airflow/example_dags/example_bash_operator.py for tasks to queue
[2025-03-24T17:37:43.589+0000] {logging_mixin.py:190} INFO - [2025-03-24T17:37:43.588+0000] {dagbag.py:588} INFO - Filling up the DagBag from /home/airflow/.local/lib/python3.12/site-packages/airflow/example_dags/example_bash_operator.py
[2025-03-24T17:37:43.617+0000] {processor.py:925} INFO - DAG(s) 'example_bash_operator' retrieved from /home/airflow/.local/lib/python3.12/site-packages/airflow/example_dags/example_bash_operator.py
[2025-03-24T17:37:43.669+0000] {logging_mixin.py:190} INFO - [2025-03-24T17:37:43.669+0000] {dag.py:3239} INFO - Sync 1 DAGs
[2025-03-24T17:37:43.723+0000] {logging_mixin.py:190} INFO - [2025-03-24T17:37:43.722+0000] {dag.py:4180} INFO - Setting next_dagrun for example_bash_operator to 2025-03-24 00:00:00+00:00, run_after=2025-03-25 00:00:00+00:00
[2025-03-24T17:37:43.773+0000] {processor.py:208} INFO - Processing /home/airflow/.local/lib/python3.12/site-packages/airflow/example_dags/example_bash_operator.py took 0.200 seconds
[2025-03-24T17:38:14.252+0000] {processor.py:186} INFO - Started process (PID=15398) to work on /home/airflow/.local/lib/python3.12/site-packages/airflow/example_dags/example_bash_operator.py
[2025-03-24T17:38:14.254+0000] {processor.py:914} INFO - Processing file /home/airflow/.local/lib/python3.12/site-packages/airflow/example_dags/example_bash_operator.py for tasks to queue
[2025-03-24T17:38:14.257+0000] {logging_mixin.py:190} INFO - [2025-03-24T17:38:14.257+0000] {dagbag.py:588} INFO - Filling up the DagBag from /home/airflow/.local/lib/python3.12/site-packages/airflow/example_dags/example_bash_operator.py
[2025-03-24T17:38:14.277+0000] {processor.py:925} INFO - DAG(s) 'example_bash_operator' retrieved from /home/airflow/.local/lib/python3.12/site-packages/airflow/example_dags/example_bash_operator.py
[2025-03-24T17:38:14.326+0000] {logging_mixin.py:190} INFO - [2025-03-24T17:38:14.326+0000] {dag.py:3239} INFO - Sync 1 DAGs
[2025-03-24T17:38:14.367+0000] {logging_mixin.py:190} INFO - [2025-03-24T17:38:14.366+0000] {dag.py:4180} INFO - Setting next_dagrun for example_bash_operator to 2025-03-24 00:00:00+00:00, run_after=2025-03-25 00:00:00+00:00
[2025-03-24T17:38:14.395+0000] {processor.py:208} INFO - Processing /home/airflow/.local/lib/python3.12/site-packages/airflow/example_dags/example_bash_operator.py took 0.152 seconds
[2025-03-24T17:38:44.881+0000] {processor.py:186} INFO - Started process (PID=15649) to work on /home/airflow/.local/lib/python3.12/site-packages/airflow/example_dags/example_bash_operator.py
[2025-03-24T17:38:44.885+0000] {processor.py:914} INFO - Processing file /home/airflow/.local/lib/python3.12/site-packages/airflow/example_dags/example_bash_operator.py for tasks to queue
[2025-03-24T17:38:44.887+0000] {logging_mixin.py:190} INFO - [2025-03-24T17:38:44.887+0000] {dagbag.py:588} INFO - Filling up the DagBag from /home/airflow/.local/lib/python3.12/site-packages/airflow/example_dags/example_bash_operator.py
[2025-03-24T17:38:44.903+0000] {processor.py:925} INFO - DAG(s) 'example_bash_operator' retrieved from /home/airflow/.local/lib/python3.12/site-packages/airflow/example_dags/example_bash_operator.py
[2025-03-24T17:38:44.946+0000] {logging_mixin.py:190} INFO - [2025-03-24T17:38:44.946+0000] {dag.py:3239} INFO - Sync 1 DAGs
[2025-03-24T17:38:45.001+0000] {logging_mixin.py:190} INFO - [2025-03-24T17:38:45.000+0000] {dag.py:4180} INFO - Setting next_dagrun for example_bash_operator to 2025-03-24 00:00:00+00:00, run_after=2025-03-25 00:00:00+00:00
[2025-03-24T17:38:45.037+0000] {processor.py:208} INFO - Processing /home/airflow/.local/lib/python3.12/site-packages/airflow/example_dags/example_bash_operator.py took 0.162 seconds
[2025-03-24T17:39:16.446+0000] {processor.py:186} INFO - Started process (PID=15916) to work on /home/airflow/.local/lib/python3.12/site-packages/airflow/example_dags/example_bash_operator.py
[2025-03-24T17:39:16.448+0000] {processor.py:914} INFO - Processing file /home/airflow/.local/lib/python3.12/site-packages/airflow/example_dags/example_bash_operator.py for tasks to queue
[2025-03-24T17:39:16.451+0000] {logging_mixin.py:190} INFO - [2025-03-24T17:39:16.451+0000] {dagbag.py:588} INFO - Filling up the DagBag from /home/airflow/.local/lib/python3.12/site-packages/airflow/example_dags/example_bash_operator.py
[2025-03-24T17:39:16.473+0000] {processor.py:925} INFO - DAG(s) 'example_bash_operator' retrieved from /home/airflow/.local/lib/python3.12/site-packages/airflow/example_dags/example_bash_operator.py
[2025-03-24T17:39:16.517+0000] {logging_mixin.py:190} INFO - [2025-03-24T17:39:16.517+0000] {dag.py:3239} INFO - Sync 1 DAGs
[2025-03-24T17:39:16.573+0000] {logging_mixin.py:190} INFO - [2025-03-24T17:39:16.573+0000] {dag.py:4180} INFO - Setting next_dagrun for example_bash_operator to 2025-03-24 00:00:00+00:00, run_after=2025-03-25 00:00:00+00:00
[2025-03-24T17:39:16.614+0000] {processor.py:208} INFO - Processing /home/airflow/.local/lib/python3.12/site-packages/airflow/example_dags/example_bash_operator.py took 0.177 seconds
[2025-03-24T17:39:48.226+0000] {processor.py:186} INFO - Started process (PID=16206) to work on /home/airflow/.local/lib/python3.12/site-packages/airflow/example_dags/example_bash_operator.py
[2025-03-24T17:39:48.228+0000] {processor.py:914} INFO - Processing file /home/airflow/.local/lib/python3.12/site-packages/airflow/example_dags/example_bash_operator.py for tasks to queue
[2025-03-24T17:39:48.231+0000] {logging_mixin.py:190} INFO - [2025-03-24T17:39:48.231+0000] {dagbag.py:588} INFO - Filling up the DagBag from /home/airflow/.local/lib/python3.12/site-packages/airflow/example_dags/example_bash_operator.py
[2025-03-24T17:39:48.266+0000] {processor.py:925} INFO - DAG(s) 'example_bash_operator' retrieved from /home/airflow/.local/lib/python3.12/site-packages/airflow/example_dags/example_bash_operator.py
[2025-03-24T17:39:48.337+0000] {logging_mixin.py:190} INFO - [2025-03-24T17:39:48.337+0000] {dag.py:3239} INFO - Sync 1 DAGs
[2025-03-24T17:39:48.374+0000] {logging_mixin.py:190} INFO - [2025-03-24T17:39:48.373+0000] {dag.py:4180} INFO - Setting next_dagrun for example_bash_operator to 2025-03-24 00:00:00+00:00, run_after=2025-03-25 00:00:00+00:00
[2025-03-24T17:39:48.413+0000] {processor.py:208} INFO - Processing /home/airflow/.local/lib/python3.12/site-packages/airflow/example_dags/example_bash_operator.py took 0.197 seconds
[2025-03-24T17:40:19.320+0000] {processor.py:186} INFO - Started process (PID=16494) to work on /home/airflow/.local/lib/python3.12/site-packages/airflow/example_dags/example_bash_operator.py
[2025-03-24T17:40:19.324+0000] {processor.py:914} INFO - Processing file /home/airflow/.local/lib/python3.12/site-packages/airflow/example_dags/example_bash_operator.py for tasks to queue
[2025-03-24T17:40:19.329+0000] {logging_mixin.py:190} INFO - [2025-03-24T17:40:19.328+0000] {dagbag.py:588} INFO - Filling up the DagBag from /home/airflow/.local/lib/python3.12/site-packages/airflow/example_dags/example_bash_operator.py
[2025-03-24T17:40:19.358+0000] {processor.py:925} INFO - DAG(s) 'example_bash_operator' retrieved from /home/airflow/.local/lib/python3.12/site-packages/airflow/example_dags/example_bash_operator.py
[2025-03-24T17:40:19.409+0000] {logging_mixin.py:190} INFO - [2025-03-24T17:40:19.408+0000] {dag.py:3239} INFO - Sync 1 DAGs
[2025-03-24T17:40:19.446+0000] {logging_mixin.py:190} INFO - [2025-03-24T17:40:19.446+0000] {dag.py:4180} INFO - Setting next_dagrun for example_bash_operator to 2025-03-24 00:00:00+00:00, run_after=2025-03-25 00:00:00+00:00
[2025-03-24T17:40:19.477+0000] {processor.py:208} INFO - Processing /home/airflow/.local/lib/python3.12/site-packages/airflow/example_dags/example_bash_operator.py took 0.168 seconds
[2025-03-24T17:40:49.658+0000] {processor.py:186} INFO - Started process (PID=16785) to work on /home/airflow/.local/lib/python3.12/site-packages/airflow/example_dags/example_bash_operator.py
[2025-03-24T17:40:49.662+0000] {processor.py:914} INFO - Processing file /home/airflow/.local/lib/python3.12/site-packages/airflow/example_dags/example_bash_operator.py for tasks to queue
[2025-03-24T17:40:49.666+0000] {logging_mixin.py:190} INFO - [2025-03-24T17:40:49.665+0000] {dagbag.py:588} INFO - Filling up the DagBag from /home/airflow/.local/lib/python3.12/site-packages/airflow/example_dags/example_bash_operator.py
[2025-03-24T17:40:49.690+0000] {processor.py:925} INFO - DAG(s) 'example_bash_operator' retrieved from /home/airflow/.local/lib/python3.12/site-packages/airflow/example_dags/example_bash_operator.py
[2025-03-24T17:40:49.734+0000] {logging_mixin.py:190} INFO - [2025-03-24T17:40:49.734+0000] {dag.py:3239} INFO - Sync 1 DAGs
[2025-03-24T17:40:49.772+0000] {logging_mixin.py:190} INFO - [2025-03-24T17:40:49.772+0000] {dag.py:4180} INFO - Setting next_dagrun for example_bash_operator to 2025-03-24 00:00:00+00:00, run_after=2025-03-25 00:00:00+00:00
[2025-03-24T17:40:49.809+0000] {processor.py:208} INFO - Processing /home/airflow/.local/lib/python3.12/site-packages/airflow/example_dags/example_bash_operator.py took 0.157 seconds
[2025-03-24T17:41:20.299+0000] {processor.py:186} INFO - Started process (PID=17071) to work on /home/airflow/.local/lib/python3.12/site-packages/airflow/example_dags/example_bash_operator.py
[2025-03-24T17:41:20.303+0000] {processor.py:914} INFO - Processing file /home/airflow/.local/lib/python3.12/site-packages/airflow/example_dags/example_bash_operator.py for tasks to queue
[2025-03-24T17:41:20.307+0000] {logging_mixin.py:190} INFO - [2025-03-24T17:41:20.306+0000] {dagbag.py:588} INFO - Filling up the DagBag from /home/airflow/.local/lib/python3.12/site-packages/airflow/example_dags/example_bash_operator.py
[2025-03-24T17:41:20.337+0000] {processor.py:925} INFO - DAG(s) 'example_bash_operator' retrieved from /home/airflow/.local/lib/python3.12/site-packages/airflow/example_dags/example_bash_operator.py
[2025-03-24T17:41:20.406+0000] {logging_mixin.py:190} INFO - [2025-03-24T17:41:20.405+0000] {dag.py:3239} INFO - Sync 1 DAGs
[2025-03-24T17:41:20.463+0000] {logging_mixin.py:190} INFO - [2025-03-24T17:41:20.463+0000] {dag.py:4180} INFO - Setting next_dagrun for example_bash_operator to 2025-03-24 00:00:00+00:00, run_after=2025-03-25 00:00:00+00:00
[2025-03-24T17:41:20.521+0000] {processor.py:208} INFO - Processing /home/airflow/.local/lib/python3.12/site-packages/airflow/example_dags/example_bash_operator.py took 0.232 seconds
[2025-03-24T17:41:51.255+0000] {processor.py:186} INFO - Started process (PID=17367) to work on /home/airflow/.local/lib/python3.12/site-packages/airflow/example_dags/example_bash_operator.py
[2025-03-24T17:41:51.258+0000] {processor.py:914} INFO - Processing file /home/airflow/.local/lib/python3.12/site-packages/airflow/example_dags/example_bash_operator.py for tasks to queue
[2025-03-24T17:41:51.261+0000] {logging_mixin.py:190} INFO - [2025-03-24T17:41:51.260+0000] {dagbag.py:588} INFO - Filling up the DagBag from /home/airflow/.local/lib/python3.12/site-packages/airflow/example_dags/example_bash_operator.py
[2025-03-24T17:41:51.277+0000] {processor.py:925} INFO - DAG(s) 'example_bash_operator' retrieved from /home/airflow/.local/lib/python3.12/site-packages/airflow/example_dags/example_bash_operator.py
[2025-03-24T17:41:51.338+0000] {logging_mixin.py:190} INFO - [2025-03-24T17:41:51.338+0000] {dag.py:3239} INFO - Sync 1 DAGs
[2025-03-24T17:41:51.395+0000] {logging_mixin.py:190} INFO - [2025-03-24T17:41:51.395+0000] {dag.py:4180} INFO - Setting next_dagrun for example_bash_operator to 2025-03-24 00:00:00+00:00, run_after=2025-03-25 00:00:00+00:00
[2025-03-24T17:41:51.431+0000] {processor.py:208} INFO - Processing /home/airflow/.local/lib/python3.12/site-packages/airflow/example_dags/example_bash_operator.py took 0.186 seconds
