[2025-03-24T17:11:30.872+0000] {processor.py:186} INFO - Started process (PID=365) to work on /home/airflow/.local/lib/python3.12/site-packages/airflow/example_dags/example_task_group_decorator.py
[2025-03-24T17:11:30.873+0000] {processor.py:914} INFO - Processing file /home/airflow/.local/lib/python3.12/site-packages/airflow/example_dags/example_task_group_decorator.py for tasks to queue
[2025-03-24T17:11:30.876+0000] {logging_mixin.py:190} INFO - [2025-03-24T17:11:30.875+0000] {dagbag.py:588} INFO - Filling up the DagBag from /home/airflow/.local/lib/python3.12/site-packages/airflow/example_dags/example_task_group_decorator.py
[2025-03-24T17:11:30.897+0000] {processor.py:925} INFO - DAG(s) 'example_task_group_decorator' retrieved from /home/airflow/.local/lib/python3.12/site-packages/airflow/example_dags/example_task_group_decorator.py
[2025-03-24T17:11:31.080+0000] {logging_mixin.py:190} INFO - [2025-03-24T17:11:31.079+0000] {override.py:1912} INFO - Created Permission View: can delete on DAG:example_task_group_decorator
[2025-03-24T17:11:31.107+0000] {logging_mixin.py:190} INFO - [2025-03-24T17:11:31.106+0000] {override.py:1912} INFO - Created Permission View: can edit on DAG:example_task_group_decorator
[2025-03-24T17:11:31.123+0000] {logging_mixin.py:190} INFO - [2025-03-24T17:11:31.122+0000] {override.py:1912} INFO - Created Permission View: can read on DAG:example_task_group_decorator
[2025-03-24T17:11:31.143+0000] {logging_mixin.py:190} INFO - [2025-03-24T17:11:31.143+0000] {override.py:1912} INFO - Created Permission View: menu access on DAG Run:example_task_group_decorator
[2025-03-24T17:11:31.158+0000] {logging_mixin.py:190} INFO - [2025-03-24T17:11:31.158+0000] {override.py:1912} INFO - Created Permission View: can delete on DAG Run:example_task_group_decorator
[2025-03-24T17:11:31.174+0000] {logging_mixin.py:190} INFO - [2025-03-24T17:11:31.173+0000] {override.py:1912} INFO - Created Permission View: can read on DAG Run:example_task_group_decorator
[2025-03-24T17:11:31.190+0000] {logging_mixin.py:190} INFO - [2025-03-24T17:11:31.189+0000] {override.py:1912} INFO - Created Permission View: can create on DAG Run:example_task_group_decorator
[2025-03-24T17:11:31.191+0000] {logging_mixin.py:190} INFO - [2025-03-24T17:11:31.190+0000] {dag.py:3239} INFO - Sync 1 DAGs
[2025-03-24T17:11:31.220+0000] {logging_mixin.py:190} INFO - [2025-03-24T17:11:31.220+0000] {dag.py:3262} INFO - Creating ORM DAG for example_task_group_decorator
[2025-03-24T17:11:31.221+0000] {logging_mixin.py:190} INFO - [2025-03-24T17:11:31.221+0000] {dag.py:4180} INFO - Setting next_dagrun for example_task_group_decorator to None, run_after=None
[2025-03-24T17:11:31.254+0000] {processor.py:208} INFO - Processing /home/airflow/.local/lib/python3.12/site-packages/airflow/example_dags/example_task_group_decorator.py took 0.389 seconds
[2025-03-24T17:12:01.485+0000] {processor.py:186} INFO - Started process (PID=658) to work on /home/airflow/.local/lib/python3.12/site-packages/airflow/example_dags/example_task_group_decorator.py
[2025-03-24T17:12:01.485+0000] {processor.py:914} INFO - Processing file /home/airflow/.local/lib/python3.12/site-packages/airflow/example_dags/example_task_group_decorator.py for tasks to queue
[2025-03-24T17:12:01.488+0000] {logging_mixin.py:190} INFO - [2025-03-24T17:12:01.488+0000] {dagbag.py:588} INFO - Filling up the DagBag from /home/airflow/.local/lib/python3.12/site-packages/airflow/example_dags/example_task_group_decorator.py
[2025-03-24T17:12:01.506+0000] {processor.py:925} INFO - DAG(s) 'example_task_group_decorator' retrieved from /home/airflow/.local/lib/python3.12/site-packages/airflow/example_dags/example_task_group_decorator.py
[2025-03-24T17:12:01.536+0000] {logging_mixin.py:190} INFO - [2025-03-24T17:12:01.536+0000] {dag.py:3239} INFO - Sync 1 DAGs
[2025-03-24T17:12:01.566+0000] {logging_mixin.py:190} INFO - [2025-03-24T17:12:01.565+0000] {dag.py:4180} INFO - Setting next_dagrun for example_task_group_decorator to None, run_after=None
[2025-03-24T17:12:01.602+0000] {processor.py:208} INFO - Processing /home/airflow/.local/lib/python3.12/site-packages/airflow/example_dags/example_task_group_decorator.py took 0.123 seconds
[2025-03-24T17:12:31.767+0000] {processor.py:186} INFO - Started process (PID=947) to work on /home/airflow/.local/lib/python3.12/site-packages/airflow/example_dags/example_task_group_decorator.py
[2025-03-24T17:12:31.768+0000] {processor.py:914} INFO - Processing file /home/airflow/.local/lib/python3.12/site-packages/airflow/example_dags/example_task_group_decorator.py for tasks to queue
[2025-03-24T17:12:31.771+0000] {logging_mixin.py:190} INFO - [2025-03-24T17:12:31.771+0000] {dagbag.py:588} INFO - Filling up the DagBag from /home/airflow/.local/lib/python3.12/site-packages/airflow/example_dags/example_task_group_decorator.py
[2025-03-24T17:12:31.797+0000] {processor.py:925} INFO - DAG(s) 'example_task_group_decorator' retrieved from /home/airflow/.local/lib/python3.12/site-packages/airflow/example_dags/example_task_group_decorator.py
[2025-03-24T17:12:31.848+0000] {logging_mixin.py:190} INFO - [2025-03-24T17:12:31.847+0000] {dag.py:3239} INFO - Sync 1 DAGs
[2025-03-24T17:12:31.874+0000] {logging_mixin.py:190} INFO - [2025-03-24T17:12:31.874+0000] {dag.py:4180} INFO - Setting next_dagrun for example_task_group_decorator to None, run_after=None
[2025-03-24T17:12:31.901+0000] {processor.py:208} INFO - Processing /home/airflow/.local/lib/python3.12/site-packages/airflow/example_dags/example_task_group_decorator.py took 0.144 seconds
[2025-03-24T17:13:02.450+0000] {processor.py:186} INFO - Started process (PID=1238) to work on /home/airflow/.local/lib/python3.12/site-packages/airflow/example_dags/example_task_group_decorator.py
[2025-03-24T17:13:02.451+0000] {processor.py:914} INFO - Processing file /home/airflow/.local/lib/python3.12/site-packages/airflow/example_dags/example_task_group_decorator.py for tasks to queue
[2025-03-24T17:13:02.455+0000] {logging_mixin.py:190} INFO - [2025-03-24T17:13:02.455+0000] {dagbag.py:588} INFO - Filling up the DagBag from /home/airflow/.local/lib/python3.12/site-packages/airflow/example_dags/example_task_group_decorator.py
[2025-03-24T17:13:02.479+0000] {processor.py:925} INFO - DAG(s) 'example_task_group_decorator' retrieved from /home/airflow/.local/lib/python3.12/site-packages/airflow/example_dags/example_task_group_decorator.py
[2025-03-24T17:13:02.514+0000] {logging_mixin.py:190} INFO - [2025-03-24T17:13:02.514+0000] {dag.py:3239} INFO - Sync 1 DAGs
[2025-03-24T17:13:02.538+0000] {logging_mixin.py:190} INFO - [2025-03-24T17:13:02.537+0000] {dag.py:4180} INFO - Setting next_dagrun for example_task_group_decorator to None, run_after=None
[2025-03-24T17:13:02.567+0000] {processor.py:208} INFO - Processing /home/airflow/.local/lib/python3.12/site-packages/airflow/example_dags/example_task_group_decorator.py took 0.132 seconds
[2025-03-24T17:13:35.888+0000] {processor.py:186} INFO - Started process (PID=1529) to work on /home/airflow/.local/lib/python3.12/site-packages/airflow/example_dags/example_task_group_decorator.py
[2025-03-24T17:13:35.891+0000] {processor.py:914} INFO - Processing file /home/airflow/.local/lib/python3.12/site-packages/airflow/example_dags/example_task_group_decorator.py for tasks to queue
[2025-03-24T17:13:35.899+0000] {logging_mixin.py:190} INFO - [2025-03-24T17:13:35.899+0000] {dagbag.py:588} INFO - Filling up the DagBag from /home/airflow/.local/lib/python3.12/site-packages/airflow/example_dags/example_task_group_decorator.py
[2025-03-24T17:13:35.947+0000] {processor.py:925} INFO - DAG(s) 'example_task_group_decorator' retrieved from /home/airflow/.local/lib/python3.12/site-packages/airflow/example_dags/example_task_group_decorator.py
[2025-03-24T17:13:36.031+0000] {logging_mixin.py:190} INFO - [2025-03-24T17:13:36.030+0000] {dag.py:3239} INFO - Sync 1 DAGs
[2025-03-24T17:13:36.067+0000] {logging_mixin.py:190} INFO - [2025-03-24T17:13:36.067+0000] {dag.py:4180} INFO - Setting next_dagrun for example_task_group_decorator to None, run_after=None
[2025-03-24T17:13:36.129+0000] {processor.py:208} INFO - Processing /home/airflow/.local/lib/python3.12/site-packages/airflow/example_dags/example_task_group_decorator.py took 0.276 seconds
[2025-03-24T17:14:06.378+0000] {processor.py:186} INFO - Started process (PID=1820) to work on /home/airflow/.local/lib/python3.12/site-packages/airflow/example_dags/example_task_group_decorator.py
[2025-03-24T17:14:06.380+0000] {processor.py:914} INFO - Processing file /home/airflow/.local/lib/python3.12/site-packages/airflow/example_dags/example_task_group_decorator.py for tasks to queue
[2025-03-24T17:14:06.389+0000] {logging_mixin.py:190} INFO - [2025-03-24T17:14:06.388+0000] {dagbag.py:588} INFO - Filling up the DagBag from /home/airflow/.local/lib/python3.12/site-packages/airflow/example_dags/example_task_group_decorator.py
[2025-03-24T17:14:06.438+0000] {processor.py:925} INFO - DAG(s) 'example_task_group_decorator' retrieved from /home/airflow/.local/lib/python3.12/site-packages/airflow/example_dags/example_task_group_decorator.py
[2025-03-24T17:14:06.503+0000] {logging_mixin.py:190} INFO - [2025-03-24T17:14:06.502+0000] {dag.py:3239} INFO - Sync 1 DAGs
[2025-03-24T17:14:06.531+0000] {logging_mixin.py:190} INFO - [2025-03-24T17:14:06.530+0000] {dag.py:4180} INFO - Setting next_dagrun for example_task_group_decorator to None, run_after=None
[2025-03-24T17:14:06.582+0000] {processor.py:208} INFO - Processing /home/airflow/.local/lib/python3.12/site-packages/airflow/example_dags/example_task_group_decorator.py took 0.216 seconds
[2025-03-24T17:14:37.509+0000] {processor.py:186} INFO - Started process (PID=2111) to work on /home/airflow/.local/lib/python3.12/site-packages/airflow/example_dags/example_task_group_decorator.py
[2025-03-24T17:14:37.510+0000] {processor.py:914} INFO - Processing file /home/airflow/.local/lib/python3.12/site-packages/airflow/example_dags/example_task_group_decorator.py for tasks to queue
[2025-03-24T17:14:37.513+0000] {logging_mixin.py:190} INFO - [2025-03-24T17:14:37.513+0000] {dagbag.py:588} INFO - Filling up the DagBag from /home/airflow/.local/lib/python3.12/site-packages/airflow/example_dags/example_task_group_decorator.py
[2025-03-24T17:14:37.540+0000] {processor.py:925} INFO - DAG(s) 'example_task_group_decorator' retrieved from /home/airflow/.local/lib/python3.12/site-packages/airflow/example_dags/example_task_group_decorator.py
[2025-03-24T17:14:37.590+0000] {logging_mixin.py:190} INFO - [2025-03-24T17:14:37.589+0000] {dag.py:3239} INFO - Sync 1 DAGs
[2025-03-24T17:14:37.623+0000] {logging_mixin.py:190} INFO - [2025-03-24T17:14:37.622+0000] {dag.py:4180} INFO - Setting next_dagrun for example_task_group_decorator to None, run_after=None
[2025-03-24T17:14:37.664+0000] {processor.py:208} INFO - Processing /home/airflow/.local/lib/python3.12/site-packages/airflow/example_dags/example_task_group_decorator.py took 0.164 seconds
[2025-03-24T17:15:07.771+0000] {processor.py:186} INFO - Started process (PID=2398) to work on /home/airflow/.local/lib/python3.12/site-packages/airflow/example_dags/example_task_group_decorator.py
[2025-03-24T17:15:07.772+0000] {processor.py:914} INFO - Processing file /home/airflow/.local/lib/python3.12/site-packages/airflow/example_dags/example_task_group_decorator.py for tasks to queue
[2025-03-24T17:15:07.775+0000] {logging_mixin.py:190} INFO - [2025-03-24T17:15:07.774+0000] {dagbag.py:588} INFO - Filling up the DagBag from /home/airflow/.local/lib/python3.12/site-packages/airflow/example_dags/example_task_group_decorator.py
[2025-03-24T17:15:07.795+0000] {processor.py:925} INFO - DAG(s) 'example_task_group_decorator' retrieved from /home/airflow/.local/lib/python3.12/site-packages/airflow/example_dags/example_task_group_decorator.py
[2025-03-24T17:15:07.832+0000] {logging_mixin.py:190} INFO - [2025-03-24T17:15:07.832+0000] {dag.py:3239} INFO - Sync 1 DAGs
[2025-03-24T17:15:07.849+0000] {logging_mixin.py:190} INFO - [2025-03-24T17:15:07.849+0000] {dag.py:4180} INFO - Setting next_dagrun for example_task_group_decorator to None, run_after=None
[2025-03-24T17:15:07.879+0000] {processor.py:208} INFO - Processing /home/airflow/.local/lib/python3.12/site-packages/airflow/example_dags/example_task_group_decorator.py took 0.116 seconds
[2025-03-24T17:15:38.899+0000] {processor.py:186} INFO - Started process (PID=2689) to work on /home/airflow/.local/lib/python3.12/site-packages/airflow/example_dags/example_task_group_decorator.py
[2025-03-24T17:15:38.900+0000] {processor.py:914} INFO - Processing file /home/airflow/.local/lib/python3.12/site-packages/airflow/example_dags/example_task_group_decorator.py for tasks to queue
[2025-03-24T17:15:38.903+0000] {logging_mixin.py:190} INFO - [2025-03-24T17:15:38.903+0000] {dagbag.py:588} INFO - Filling up the DagBag from /home/airflow/.local/lib/python3.12/site-packages/airflow/example_dags/example_task_group_decorator.py
[2025-03-24T17:15:38.922+0000] {processor.py:925} INFO - DAG(s) 'example_task_group_decorator' retrieved from /home/airflow/.local/lib/python3.12/site-packages/airflow/example_dags/example_task_group_decorator.py
[2025-03-24T17:15:38.956+0000] {logging_mixin.py:190} INFO - [2025-03-24T17:15:38.956+0000] {dag.py:3239} INFO - Sync 1 DAGs
[2025-03-24T17:15:38.975+0000] {logging_mixin.py:190} INFO - [2025-03-24T17:15:38.974+0000] {dag.py:4180} INFO - Setting next_dagrun for example_task_group_decorator to None, run_after=None
[2025-03-24T17:15:39.010+0000] {processor.py:208} INFO - Processing /home/airflow/.local/lib/python3.12/site-packages/airflow/example_dags/example_task_group_decorator.py took 0.118 seconds
[2025-03-24T17:16:10.382+0000] {processor.py:186} INFO - Started process (PID=2982) to work on /home/airflow/.local/lib/python3.12/site-packages/airflow/example_dags/example_task_group_decorator.py
[2025-03-24T17:16:10.383+0000] {processor.py:914} INFO - Processing file /home/airflow/.local/lib/python3.12/site-packages/airflow/example_dags/example_task_group_decorator.py for tasks to queue
[2025-03-24T17:16:10.386+0000] {logging_mixin.py:190} INFO - [2025-03-24T17:16:10.386+0000] {dagbag.py:588} INFO - Filling up the DagBag from /home/airflow/.local/lib/python3.12/site-packages/airflow/example_dags/example_task_group_decorator.py
[2025-03-24T17:16:10.424+0000] {processor.py:925} INFO - DAG(s) 'example_task_group_decorator' retrieved from /home/airflow/.local/lib/python3.12/site-packages/airflow/example_dags/example_task_group_decorator.py
[2025-03-24T17:16:10.482+0000] {logging_mixin.py:190} INFO - [2025-03-24T17:16:10.481+0000] {dag.py:3239} INFO - Sync 1 DAGs
[2025-03-24T17:16:10.518+0000] {logging_mixin.py:190} INFO - [2025-03-24T17:16:10.518+0000] {dag.py:4180} INFO - Setting next_dagrun for example_task_group_decorator to None, run_after=None
[2025-03-24T17:16:10.561+0000] {processor.py:208} INFO - Processing /home/airflow/.local/lib/python3.12/site-packages/airflow/example_dags/example_task_group_decorator.py took 0.190 seconds
[2025-03-24T17:16:41.328+0000] {processor.py:186} INFO - Started process (PID=3270) to work on /home/airflow/.local/lib/python3.12/site-packages/airflow/example_dags/example_task_group_decorator.py
[2025-03-24T17:16:41.330+0000] {processor.py:914} INFO - Processing file /home/airflow/.local/lib/python3.12/site-packages/airflow/example_dags/example_task_group_decorator.py for tasks to queue
[2025-03-24T17:16:41.334+0000] {logging_mixin.py:190} INFO - [2025-03-24T17:16:41.334+0000] {dagbag.py:588} INFO - Filling up the DagBag from /home/airflow/.local/lib/python3.12/site-packages/airflow/example_dags/example_task_group_decorator.py
[2025-03-24T17:16:41.367+0000] {processor.py:925} INFO - DAG(s) 'example_task_group_decorator' retrieved from /home/airflow/.local/lib/python3.12/site-packages/airflow/example_dags/example_task_group_decorator.py
[2025-03-24T17:16:41.418+0000] {logging_mixin.py:190} INFO - [2025-03-24T17:16:41.417+0000] {dag.py:3239} INFO - Sync 1 DAGs
[2025-03-24T17:16:41.444+0000] {logging_mixin.py:190} INFO - [2025-03-24T17:16:41.443+0000] {dag.py:4180} INFO - Setting next_dagrun for example_task_group_decorator to None, run_after=None
[2025-03-24T17:16:41.493+0000] {processor.py:208} INFO - Processing /home/airflow/.local/lib/python3.12/site-packages/airflow/example_dags/example_task_group_decorator.py took 0.177 seconds
[2025-03-24T17:17:13.927+0000] {processor.py:186} INFO - Started process (PID=3561) to work on /home/airflow/.local/lib/python3.12/site-packages/airflow/example_dags/example_task_group_decorator.py
[2025-03-24T17:17:13.943+0000] {processor.py:914} INFO - Processing file /home/airflow/.local/lib/python3.12/site-packages/airflow/example_dags/example_task_group_decorator.py for tasks to queue
[2025-03-24T17:17:13.950+0000] {logging_mixin.py:190} INFO - [2025-03-24T17:17:13.949+0000] {dagbag.py:588} INFO - Filling up the DagBag from /home/airflow/.local/lib/python3.12/site-packages/airflow/example_dags/example_task_group_decorator.py
[2025-03-24T17:17:13.988+0000] {processor.py:925} INFO - DAG(s) 'example_task_group_decorator' retrieved from /home/airflow/.local/lib/python3.12/site-packages/airflow/example_dags/example_task_group_decorator.py
[2025-03-24T17:17:14.073+0000] {logging_mixin.py:190} INFO - [2025-03-24T17:17:14.072+0000] {dag.py:3239} INFO - Sync 1 DAGs
[2025-03-24T17:17:14.103+0000] {logging_mixin.py:190} INFO - [2025-03-24T17:17:14.102+0000] {dag.py:4180} INFO - Setting next_dagrun for example_task_group_decorator to None, run_after=None
[2025-03-24T17:17:14.153+0000] {processor.py:208} INFO - Processing /home/airflow/.local/lib/python3.12/site-packages/airflow/example_dags/example_task_group_decorator.py took 0.237 seconds
[2025-03-24T17:17:44.297+0000] {processor.py:186} INFO - Started process (PID=3854) to work on /home/airflow/.local/lib/python3.12/site-packages/airflow/example_dags/example_task_group_decorator.py
[2025-03-24T17:17:44.298+0000] {processor.py:914} INFO - Processing file /home/airflow/.local/lib/python3.12/site-packages/airflow/example_dags/example_task_group_decorator.py for tasks to queue
[2025-03-24T17:17:44.300+0000] {logging_mixin.py:190} INFO - [2025-03-24T17:17:44.300+0000] {dagbag.py:588} INFO - Filling up the DagBag from /home/airflow/.local/lib/python3.12/site-packages/airflow/example_dags/example_task_group_decorator.py
[2025-03-24T17:17:44.326+0000] {processor.py:925} INFO - DAG(s) 'example_task_group_decorator' retrieved from /home/airflow/.local/lib/python3.12/site-packages/airflow/example_dags/example_task_group_decorator.py
[2025-03-24T17:17:44.370+0000] {logging_mixin.py:190} INFO - [2025-03-24T17:17:44.370+0000] {dag.py:3239} INFO - Sync 1 DAGs
[2025-03-24T17:17:44.395+0000] {logging_mixin.py:190} INFO - [2025-03-24T17:17:44.394+0000] {dag.py:4180} INFO - Setting next_dagrun for example_task_group_decorator to None, run_after=None
[2025-03-24T17:17:44.436+0000] {processor.py:208} INFO - Processing /home/airflow/.local/lib/python3.12/site-packages/airflow/example_dags/example_task_group_decorator.py took 0.148 seconds
[2025-03-24T17:18:15.500+0000] {processor.py:186} INFO - Started process (PID=4177) to work on /home/airflow/.local/lib/python3.12/site-packages/airflow/example_dags/example_task_group_decorator.py
[2025-03-24T17:18:15.501+0000] {processor.py:914} INFO - Processing file /home/airflow/.local/lib/python3.12/site-packages/airflow/example_dags/example_task_group_decorator.py for tasks to queue
[2025-03-24T17:18:15.504+0000] {logging_mixin.py:190} INFO - [2025-03-24T17:18:15.504+0000] {dagbag.py:588} INFO - Filling up the DagBag from /home/airflow/.local/lib/python3.12/site-packages/airflow/example_dags/example_task_group_decorator.py
[2025-03-24T17:18:15.532+0000] {processor.py:925} INFO - DAG(s) 'example_task_group_decorator' retrieved from /home/airflow/.local/lib/python3.12/site-packages/airflow/example_dags/example_task_group_decorator.py
[2025-03-24T17:18:15.567+0000] {logging_mixin.py:190} INFO - [2025-03-24T17:18:15.566+0000] {dag.py:3239} INFO - Sync 1 DAGs
[2025-03-24T17:18:15.588+0000] {logging_mixin.py:190} INFO - [2025-03-24T17:18:15.588+0000] {dag.py:4180} INFO - Setting next_dagrun for example_task_group_decorator to None, run_after=None
[2025-03-24T17:18:15.624+0000] {processor.py:208} INFO - Processing /home/airflow/.local/lib/python3.12/site-packages/airflow/example_dags/example_task_group_decorator.py took 0.134 seconds
[2025-03-24T17:18:46.878+0000] {processor.py:186} INFO - Started process (PID=4466) to work on /home/airflow/.local/lib/python3.12/site-packages/airflow/example_dags/example_task_group_decorator.py
[2025-03-24T17:18:46.883+0000] {processor.py:914} INFO - Processing file /home/airflow/.local/lib/python3.12/site-packages/airflow/example_dags/example_task_group_decorator.py for tasks to queue
[2025-03-24T17:18:46.892+0000] {logging_mixin.py:190} INFO - [2025-03-24T17:18:46.892+0000] {dagbag.py:588} INFO - Filling up the DagBag from /home/airflow/.local/lib/python3.12/site-packages/airflow/example_dags/example_task_group_decorator.py
[2025-03-24T17:18:46.986+0000] {processor.py:925} INFO - DAG(s) 'example_task_group_decorator' retrieved from /home/airflow/.local/lib/python3.12/site-packages/airflow/example_dags/example_task_group_decorator.py
[2025-03-24T17:18:47.043+0000] {logging_mixin.py:190} INFO - [2025-03-24T17:18:47.043+0000] {dag.py:3239} INFO - Sync 1 DAGs
[2025-03-24T17:18:47.077+0000] {logging_mixin.py:190} INFO - [2025-03-24T17:18:47.076+0000] {dag.py:4180} INFO - Setting next_dagrun for example_task_group_decorator to None, run_after=None
[2025-03-24T17:18:47.108+0000] {processor.py:208} INFO - Processing /home/airflow/.local/lib/python3.12/site-packages/airflow/example_dags/example_task_group_decorator.py took 0.251 seconds
[2025-03-24T17:19:18.071+0000] {processor.py:186} INFO - Started process (PID=4757) to work on /home/airflow/.local/lib/python3.12/site-packages/airflow/example_dags/example_task_group_decorator.py
[2025-03-24T17:19:18.072+0000] {processor.py:914} INFO - Processing file /home/airflow/.local/lib/python3.12/site-packages/airflow/example_dags/example_task_group_decorator.py for tasks to queue
[2025-03-24T17:19:18.074+0000] {logging_mixin.py:190} INFO - [2025-03-24T17:19:18.074+0000] {dagbag.py:588} INFO - Filling up the DagBag from /home/airflow/.local/lib/python3.12/site-packages/airflow/example_dags/example_task_group_decorator.py
[2025-03-24T17:19:18.099+0000] {processor.py:925} INFO - DAG(s) 'example_task_group_decorator' retrieved from /home/airflow/.local/lib/python3.12/site-packages/airflow/example_dags/example_task_group_decorator.py
[2025-03-24T17:19:18.149+0000] {logging_mixin.py:190} INFO - [2025-03-24T17:19:18.148+0000] {dag.py:3239} INFO - Sync 1 DAGs
[2025-03-24T17:19:18.173+0000] {logging_mixin.py:190} INFO - [2025-03-24T17:19:18.173+0000] {dag.py:4180} INFO - Setting next_dagrun for example_task_group_decorator to None, run_after=None
[2025-03-24T17:19:18.205+0000] {processor.py:208} INFO - Processing /home/airflow/.local/lib/python3.12/site-packages/airflow/example_dags/example_task_group_decorator.py took 0.143 seconds
[2025-03-24T17:19:48.634+0000] {processor.py:186} INFO - Started process (PID=5045) to work on /home/airflow/.local/lib/python3.12/site-packages/airflow/example_dags/example_task_group_decorator.py
[2025-03-24T17:19:48.639+0000] {processor.py:914} INFO - Processing file /home/airflow/.local/lib/python3.12/site-packages/airflow/example_dags/example_task_group_decorator.py for tasks to queue
[2025-03-24T17:19:48.644+0000] {logging_mixin.py:190} INFO - [2025-03-24T17:19:48.643+0000] {dagbag.py:588} INFO - Filling up the DagBag from /home/airflow/.local/lib/python3.12/site-packages/airflow/example_dags/example_task_group_decorator.py
[2025-03-24T17:19:48.685+0000] {processor.py:925} INFO - DAG(s) 'example_task_group_decorator' retrieved from /home/airflow/.local/lib/python3.12/site-packages/airflow/example_dags/example_task_group_decorator.py
[2025-03-24T17:19:48.738+0000] {logging_mixin.py:190} INFO - [2025-03-24T17:19:48.738+0000] {dag.py:3239} INFO - Sync 1 DAGs
[2025-03-24T17:19:48.771+0000] {logging_mixin.py:190} INFO - [2025-03-24T17:19:48.771+0000] {dag.py:4180} INFO - Setting next_dagrun for example_task_group_decorator to None, run_after=None
[2025-03-24T17:19:48.820+0000] {processor.py:208} INFO - Processing /home/airflow/.local/lib/python3.12/site-packages/airflow/example_dags/example_task_group_decorator.py took 0.196 seconds
[2025-03-24T17:20:20.531+0000] {processor.py:186} INFO - Started process (PID=5333) to work on /home/airflow/.local/lib/python3.12/site-packages/airflow/example_dags/example_task_group_decorator.py
[2025-03-24T17:20:20.535+0000] {processor.py:914} INFO - Processing file /home/airflow/.local/lib/python3.12/site-packages/airflow/example_dags/example_task_group_decorator.py for tasks to queue
[2025-03-24T17:20:20.541+0000] {logging_mixin.py:190} INFO - [2025-03-24T17:20:20.540+0000] {dagbag.py:588} INFO - Filling up the DagBag from /home/airflow/.local/lib/python3.12/site-packages/airflow/example_dags/example_task_group_decorator.py
[2025-03-24T17:20:20.567+0000] {processor.py:925} INFO - DAG(s) 'example_task_group_decorator' retrieved from /home/airflow/.local/lib/python3.12/site-packages/airflow/example_dags/example_task_group_decorator.py
[2025-03-24T17:20:20.625+0000] {logging_mixin.py:190} INFO - [2025-03-24T17:20:20.625+0000] {dag.py:3239} INFO - Sync 1 DAGs
[2025-03-24T17:20:20.658+0000] {logging_mixin.py:190} INFO - [2025-03-24T17:20:20.657+0000] {dag.py:4180} INFO - Setting next_dagrun for example_task_group_decorator to None, run_after=None
[2025-03-24T17:20:20.693+0000] {processor.py:208} INFO - Processing /home/airflow/.local/lib/python3.12/site-packages/airflow/example_dags/example_task_group_decorator.py took 0.169 seconds
[2025-03-24T17:20:52.906+0000] {processor.py:186} INFO - Started process (PID=5626) to work on /home/airflow/.local/lib/python3.12/site-packages/airflow/example_dags/example_task_group_decorator.py
[2025-03-24T17:20:52.910+0000] {processor.py:914} INFO - Processing file /home/airflow/.local/lib/python3.12/site-packages/airflow/example_dags/example_task_group_decorator.py for tasks to queue
[2025-03-24T17:20:52.914+0000] {logging_mixin.py:190} INFO - [2025-03-24T17:20:52.913+0000] {dagbag.py:588} INFO - Filling up the DagBag from /home/airflow/.local/lib/python3.12/site-packages/airflow/example_dags/example_task_group_decorator.py
[2025-03-24T17:20:52.950+0000] {processor.py:925} INFO - DAG(s) 'example_task_group_decorator' retrieved from /home/airflow/.local/lib/python3.12/site-packages/airflow/example_dags/example_task_group_decorator.py
[2025-03-24T17:20:53.010+0000] {logging_mixin.py:190} INFO - [2025-03-24T17:20:53.009+0000] {dag.py:3239} INFO - Sync 1 DAGs
[2025-03-24T17:20:53.043+0000] {logging_mixin.py:190} INFO - [2025-03-24T17:20:53.042+0000] {dag.py:4180} INFO - Setting next_dagrun for example_task_group_decorator to None, run_after=None
[2025-03-24T17:20:53.090+0000] {processor.py:208} INFO - Processing /home/airflow/.local/lib/python3.12/site-packages/airflow/example_dags/example_task_group_decorator.py took 0.197 seconds
[2025-03-24T17:21:24.316+0000] {processor.py:186} INFO - Started process (PID=5916) to work on /home/airflow/.local/lib/python3.12/site-packages/airflow/example_dags/example_task_group_decorator.py
[2025-03-24T17:21:24.318+0000] {processor.py:914} INFO - Processing file /home/airflow/.local/lib/python3.12/site-packages/airflow/example_dags/example_task_group_decorator.py for tasks to queue
[2025-03-24T17:21:24.324+0000] {logging_mixin.py:190} INFO - [2025-03-24T17:21:24.323+0000] {dagbag.py:588} INFO - Filling up the DagBag from /home/airflow/.local/lib/python3.12/site-packages/airflow/example_dags/example_task_group_decorator.py
[2025-03-24T17:21:24.354+0000] {processor.py:925} INFO - DAG(s) 'example_task_group_decorator' retrieved from /home/airflow/.local/lib/python3.12/site-packages/airflow/example_dags/example_task_group_decorator.py
[2025-03-24T17:21:24.405+0000] {logging_mixin.py:190} INFO - [2025-03-24T17:21:24.405+0000] {dag.py:3239} INFO - Sync 1 DAGs
[2025-03-24T17:21:24.445+0000] {logging_mixin.py:190} INFO - [2025-03-24T17:21:24.445+0000] {dag.py:4180} INFO - Setting next_dagrun for example_task_group_decorator to None, run_after=None
[2025-03-24T17:21:24.497+0000] {processor.py:208} INFO - Processing /home/airflow/.local/lib/python3.12/site-packages/airflow/example_dags/example_task_group_decorator.py took 0.190 seconds
[2025-03-24T17:21:55.527+0000] {processor.py:186} INFO - Started process (PID=6207) to work on /home/airflow/.local/lib/python3.12/site-packages/airflow/example_dags/example_task_group_decorator.py
[2025-03-24T17:21:55.528+0000] {processor.py:914} INFO - Processing file /home/airflow/.local/lib/python3.12/site-packages/airflow/example_dags/example_task_group_decorator.py for tasks to queue
[2025-03-24T17:21:55.532+0000] {logging_mixin.py:190} INFO - [2025-03-24T17:21:55.532+0000] {dagbag.py:588} INFO - Filling up the DagBag from /home/airflow/.local/lib/python3.12/site-packages/airflow/example_dags/example_task_group_decorator.py
[2025-03-24T17:21:55.568+0000] {processor.py:925} INFO - DAG(s) 'example_task_group_decorator' retrieved from /home/airflow/.local/lib/python3.12/site-packages/airflow/example_dags/example_task_group_decorator.py
[2025-03-24T17:21:55.619+0000] {logging_mixin.py:190} INFO - [2025-03-24T17:21:55.619+0000] {dag.py:3239} INFO - Sync 1 DAGs
[2025-03-24T17:21:55.659+0000] {logging_mixin.py:190} INFO - [2025-03-24T17:21:55.658+0000] {dag.py:4180} INFO - Setting next_dagrun for example_task_group_decorator to None, run_after=None
[2025-03-24T17:21:55.713+0000] {processor.py:208} INFO - Processing /home/airflow/.local/lib/python3.12/site-packages/airflow/example_dags/example_task_group_decorator.py took 0.198 seconds
[2025-03-24T17:22:26.099+0000] {processor.py:186} INFO - Started process (PID=6500) to work on /home/airflow/.local/lib/python3.12/site-packages/airflow/example_dags/example_task_group_decorator.py
[2025-03-24T17:22:26.100+0000] {processor.py:914} INFO - Processing file /home/airflow/.local/lib/python3.12/site-packages/airflow/example_dags/example_task_group_decorator.py for tasks to queue
[2025-03-24T17:22:26.103+0000] {logging_mixin.py:190} INFO - [2025-03-24T17:22:26.102+0000] {dagbag.py:588} INFO - Filling up the DagBag from /home/airflow/.local/lib/python3.12/site-packages/airflow/example_dags/example_task_group_decorator.py
[2025-03-24T17:22:26.121+0000] {processor.py:925} INFO - DAG(s) 'example_task_group_decorator' retrieved from /home/airflow/.local/lib/python3.12/site-packages/airflow/example_dags/example_task_group_decorator.py
[2025-03-24T17:22:26.149+0000] {logging_mixin.py:190} INFO - [2025-03-24T17:22:26.149+0000] {dag.py:3239} INFO - Sync 1 DAGs
[2025-03-24T17:22:26.165+0000] {logging_mixin.py:190} INFO - [2025-03-24T17:22:26.165+0000] {dag.py:4180} INFO - Setting next_dagrun for example_task_group_decorator to None, run_after=None
[2025-03-24T17:22:26.194+0000] {processor.py:208} INFO - Processing /home/airflow/.local/lib/python3.12/site-packages/airflow/example_dags/example_task_group_decorator.py took 0.101 seconds
[2025-03-24T17:22:58.592+0000] {processor.py:186} INFO - Started process (PID=6799) to work on /home/airflow/.local/lib/python3.12/site-packages/airflow/example_dags/example_task_group_decorator.py
[2025-03-24T17:22:58.596+0000] {processor.py:914} INFO - Processing file /home/airflow/.local/lib/python3.12/site-packages/airflow/example_dags/example_task_group_decorator.py for tasks to queue
[2025-03-24T17:22:58.599+0000] {logging_mixin.py:190} INFO - [2025-03-24T17:22:58.599+0000] {dagbag.py:588} INFO - Filling up the DagBag from /home/airflow/.local/lib/python3.12/site-packages/airflow/example_dags/example_task_group_decorator.py
[2025-03-24T17:22:58.627+0000] {processor.py:925} INFO - DAG(s) 'example_task_group_decorator' retrieved from /home/airflow/.local/lib/python3.12/site-packages/airflow/example_dags/example_task_group_decorator.py
[2025-03-24T17:22:58.673+0000] {logging_mixin.py:190} INFO - [2025-03-24T17:22:58.672+0000] {dag.py:3239} INFO - Sync 1 DAGs
[2025-03-24T17:22:58.699+0000] {logging_mixin.py:190} INFO - [2025-03-24T17:22:58.698+0000] {dag.py:4180} INFO - Setting next_dagrun for example_task_group_decorator to None, run_after=None
[2025-03-24T17:22:58.733+0000] {processor.py:208} INFO - Processing /home/airflow/.local/lib/python3.12/site-packages/airflow/example_dags/example_task_group_decorator.py took 0.151 seconds
[2025-03-24T17:23:29.492+0000] {processor.py:186} INFO - Started process (PID=7090) to work on /home/airflow/.local/lib/python3.12/site-packages/airflow/example_dags/example_task_group_decorator.py
[2025-03-24T17:23:29.493+0000] {processor.py:914} INFO - Processing file /home/airflow/.local/lib/python3.12/site-packages/airflow/example_dags/example_task_group_decorator.py for tasks to queue
[2025-03-24T17:23:29.496+0000] {logging_mixin.py:190} INFO - [2025-03-24T17:23:29.495+0000] {dagbag.py:588} INFO - Filling up the DagBag from /home/airflow/.local/lib/python3.12/site-packages/airflow/example_dags/example_task_group_decorator.py
[2025-03-24T17:23:29.525+0000] {processor.py:925} INFO - DAG(s) 'example_task_group_decorator' retrieved from /home/airflow/.local/lib/python3.12/site-packages/airflow/example_dags/example_task_group_decorator.py
[2025-03-24T17:23:29.555+0000] {logging_mixin.py:190} INFO - [2025-03-24T17:23:29.555+0000] {dag.py:3239} INFO - Sync 1 DAGs
[2025-03-24T17:23:29.573+0000] {logging_mixin.py:190} INFO - [2025-03-24T17:23:29.572+0000] {dag.py:4180} INFO - Setting next_dagrun for example_task_group_decorator to None, run_after=None
[2025-03-24T17:23:29.598+0000] {processor.py:208} INFO - Processing /home/airflow/.local/lib/python3.12/site-packages/airflow/example_dags/example_task_group_decorator.py took 0.115 seconds
[2025-03-24T17:24:00.893+0000] {processor.py:186} INFO - Started process (PID=7381) to work on /home/airflow/.local/lib/python3.12/site-packages/airflow/example_dags/example_task_group_decorator.py
[2025-03-24T17:24:00.895+0000] {processor.py:914} INFO - Processing file /home/airflow/.local/lib/python3.12/site-packages/airflow/example_dags/example_task_group_decorator.py for tasks to queue
[2025-03-24T17:24:00.897+0000] {logging_mixin.py:190} INFO - [2025-03-24T17:24:00.897+0000] {dagbag.py:588} INFO - Filling up the DagBag from /home/airflow/.local/lib/python3.12/site-packages/airflow/example_dags/example_task_group_decorator.py
[2025-03-24T17:24:00.918+0000] {processor.py:925} INFO - DAG(s) 'example_task_group_decorator' retrieved from /home/airflow/.local/lib/python3.12/site-packages/airflow/example_dags/example_task_group_decorator.py
[2025-03-24T17:24:00.961+0000] {logging_mixin.py:190} INFO - [2025-03-24T17:24:00.960+0000] {dag.py:3239} INFO - Sync 1 DAGs
[2025-03-24T17:24:00.988+0000] {logging_mixin.py:190} INFO - [2025-03-24T17:24:00.988+0000] {dag.py:4180} INFO - Setting next_dagrun for example_task_group_decorator to None, run_after=None
[2025-03-24T17:24:01.019+0000] {processor.py:208} INFO - Processing /home/airflow/.local/lib/python3.12/site-packages/airflow/example_dags/example_task_group_decorator.py took 0.134 seconds
[2025-03-24T17:24:32.184+0000] {processor.py:186} INFO - Started process (PID=7673) to work on /home/airflow/.local/lib/python3.12/site-packages/airflow/example_dags/example_task_group_decorator.py
[2025-03-24T17:24:32.185+0000] {processor.py:914} INFO - Processing file /home/airflow/.local/lib/python3.12/site-packages/airflow/example_dags/example_task_group_decorator.py for tasks to queue
[2025-03-24T17:24:32.189+0000] {logging_mixin.py:190} INFO - [2025-03-24T17:24:32.189+0000] {dagbag.py:588} INFO - Filling up the DagBag from /home/airflow/.local/lib/python3.12/site-packages/airflow/example_dags/example_task_group_decorator.py
[2025-03-24T17:24:32.211+0000] {processor.py:925} INFO - DAG(s) 'example_task_group_decorator' retrieved from /home/airflow/.local/lib/python3.12/site-packages/airflow/example_dags/example_task_group_decorator.py
[2025-03-24T17:24:32.244+0000] {logging_mixin.py:190} INFO - [2025-03-24T17:24:32.243+0000] {dag.py:3239} INFO - Sync 1 DAGs
[2025-03-24T17:24:32.264+0000] {logging_mixin.py:190} INFO - [2025-03-24T17:24:32.264+0000] {dag.py:4180} INFO - Setting next_dagrun for example_task_group_decorator to None, run_after=None
[2025-03-24T17:24:32.293+0000] {processor.py:208} INFO - Processing /home/airflow/.local/lib/python3.12/site-packages/airflow/example_dags/example_task_group_decorator.py took 0.118 seconds
[2025-03-24T17:25:03.172+0000] {processor.py:186} INFO - Started process (PID=7964) to work on /home/airflow/.local/lib/python3.12/site-packages/airflow/example_dags/example_task_group_decorator.py
[2025-03-24T17:25:03.176+0000] {processor.py:914} INFO - Processing file /home/airflow/.local/lib/python3.12/site-packages/airflow/example_dags/example_task_group_decorator.py for tasks to queue
[2025-03-24T17:25:03.181+0000] {logging_mixin.py:190} INFO - [2025-03-24T17:25:03.180+0000] {dagbag.py:588} INFO - Filling up the DagBag from /home/airflow/.local/lib/python3.12/site-packages/airflow/example_dags/example_task_group_decorator.py
[2025-03-24T17:25:03.211+0000] {processor.py:925} INFO - DAG(s) 'example_task_group_decorator' retrieved from /home/airflow/.local/lib/python3.12/site-packages/airflow/example_dags/example_task_group_decorator.py
[2025-03-24T17:25:03.249+0000] {logging_mixin.py:190} INFO - [2025-03-24T17:25:03.249+0000] {dag.py:3239} INFO - Sync 1 DAGs
[2025-03-24T17:25:03.267+0000] {logging_mixin.py:190} INFO - [2025-03-24T17:25:03.267+0000] {dag.py:4180} INFO - Setting next_dagrun for example_task_group_decorator to None, run_after=None
[2025-03-24T17:25:03.293+0000] {processor.py:208} INFO - Processing /home/airflow/.local/lib/python3.12/site-packages/airflow/example_dags/example_task_group_decorator.py took 0.131 seconds
[2025-03-24T17:25:35.725+0000] {processor.py:186} INFO - Started process (PID=8267) to work on /home/airflow/.local/lib/python3.12/site-packages/airflow/example_dags/example_task_group_decorator.py
[2025-03-24T17:25:35.726+0000] {processor.py:914} INFO - Processing file /home/airflow/.local/lib/python3.12/site-packages/airflow/example_dags/example_task_group_decorator.py for tasks to queue
[2025-03-24T17:25:35.729+0000] {logging_mixin.py:190} INFO - [2025-03-24T17:25:35.728+0000] {dagbag.py:588} INFO - Filling up the DagBag from /home/airflow/.local/lib/python3.12/site-packages/airflow/example_dags/example_task_group_decorator.py
[2025-03-24T17:25:35.759+0000] {processor.py:925} INFO - DAG(s) 'example_task_group_decorator' retrieved from /home/airflow/.local/lib/python3.12/site-packages/airflow/example_dags/example_task_group_decorator.py
[2025-03-24T17:25:35.799+0000] {logging_mixin.py:190} INFO - [2025-03-24T17:25:35.799+0000] {dag.py:3239} INFO - Sync 1 DAGs
[2025-03-24T17:25:35.821+0000] {logging_mixin.py:190} INFO - [2025-03-24T17:25:35.821+0000] {dag.py:4180} INFO - Setting next_dagrun for example_task_group_decorator to None, run_after=None
[2025-03-24T17:25:35.870+0000] {processor.py:208} INFO - Processing /home/airflow/.local/lib/python3.12/site-packages/airflow/example_dags/example_task_group_decorator.py took 0.154 seconds
[2025-03-24T17:26:07.284+0000] {processor.py:186} INFO - Started process (PID=8576) to work on /home/airflow/.local/lib/python3.12/site-packages/airflow/example_dags/example_task_group_decorator.py
[2025-03-24T17:26:07.285+0000] {processor.py:914} INFO - Processing file /home/airflow/.local/lib/python3.12/site-packages/airflow/example_dags/example_task_group_decorator.py for tasks to queue
[2025-03-24T17:26:07.288+0000] {logging_mixin.py:190} INFO - [2025-03-24T17:26:07.288+0000] {dagbag.py:588} INFO - Filling up the DagBag from /home/airflow/.local/lib/python3.12/site-packages/airflow/example_dags/example_task_group_decorator.py
[2025-03-24T17:26:07.319+0000] {processor.py:925} INFO - DAG(s) 'example_task_group_decorator' retrieved from /home/airflow/.local/lib/python3.12/site-packages/airflow/example_dags/example_task_group_decorator.py
[2025-03-24T17:26:07.366+0000] {logging_mixin.py:190} INFO - [2025-03-24T17:26:07.366+0000] {dag.py:3239} INFO - Sync 1 DAGs
[2025-03-24T17:26:07.397+0000] {logging_mixin.py:190} INFO - [2025-03-24T17:26:07.397+0000] {dag.py:4180} INFO - Setting next_dagrun for example_task_group_decorator to None, run_after=None
[2025-03-24T17:26:07.434+0000] {processor.py:208} INFO - Processing /home/airflow/.local/lib/python3.12/site-packages/airflow/example_dags/example_task_group_decorator.py took 0.159 seconds
[2025-03-24T17:26:39.622+0000] {processor.py:186} INFO - Started process (PID=8874) to work on /home/airflow/.local/lib/python3.12/site-packages/airflow/example_dags/example_task_group_decorator.py
[2025-03-24T17:26:39.624+0000] {processor.py:914} INFO - Processing file /home/airflow/.local/lib/python3.12/site-packages/airflow/example_dags/example_task_group_decorator.py for tasks to queue
[2025-03-24T17:26:39.627+0000] {logging_mixin.py:190} INFO - [2025-03-24T17:26:39.627+0000] {dagbag.py:588} INFO - Filling up the DagBag from /home/airflow/.local/lib/python3.12/site-packages/airflow/example_dags/example_task_group_decorator.py
[2025-03-24T17:26:39.665+0000] {processor.py:925} INFO - DAG(s) 'example_task_group_decorator' retrieved from /home/airflow/.local/lib/python3.12/site-packages/airflow/example_dags/example_task_group_decorator.py
[2025-03-24T17:26:39.731+0000] {logging_mixin.py:190} INFO - [2025-03-24T17:26:39.731+0000] {dag.py:3239} INFO - Sync 1 DAGs
[2025-03-24T17:26:39.765+0000] {logging_mixin.py:190} INFO - [2025-03-24T17:26:39.765+0000] {dag.py:4180} INFO - Setting next_dagrun for example_task_group_decorator to None, run_after=None
[2025-03-24T17:26:39.834+0000] {processor.py:208} INFO - Processing /home/airflow/.local/lib/python3.12/site-packages/airflow/example_dags/example_task_group_decorator.py took 0.223 seconds
[2025-03-24T17:27:11.048+0000] {processor.py:186} INFO - Started process (PID=9165) to work on /home/airflow/.local/lib/python3.12/site-packages/airflow/example_dags/example_task_group_decorator.py
[2025-03-24T17:27:11.049+0000] {processor.py:914} INFO - Processing file /home/airflow/.local/lib/python3.12/site-packages/airflow/example_dags/example_task_group_decorator.py for tasks to queue
[2025-03-24T17:27:11.052+0000] {logging_mixin.py:190} INFO - [2025-03-24T17:27:11.051+0000] {dagbag.py:588} INFO - Filling up the DagBag from /home/airflow/.local/lib/python3.12/site-packages/airflow/example_dags/example_task_group_decorator.py
[2025-03-24T17:27:11.092+0000] {processor.py:925} INFO - DAG(s) 'example_task_group_decorator' retrieved from /home/airflow/.local/lib/python3.12/site-packages/airflow/example_dags/example_task_group_decorator.py
[2025-03-24T17:27:11.136+0000] {logging_mixin.py:190} INFO - [2025-03-24T17:27:11.135+0000] {dag.py:3239} INFO - Sync 1 DAGs
[2025-03-24T17:27:11.165+0000] {logging_mixin.py:190} INFO - [2025-03-24T17:27:11.164+0000] {dag.py:4180} INFO - Setting next_dagrun for example_task_group_decorator to None, run_after=None
[2025-03-24T17:27:11.216+0000] {processor.py:208} INFO - Processing /home/airflow/.local/lib/python3.12/site-packages/airflow/example_dags/example_task_group_decorator.py took 0.180 seconds
[2025-03-24T17:27:42.316+0000] {processor.py:186} INFO - Started process (PID=9454) to work on /home/airflow/.local/lib/python3.12/site-packages/airflow/example_dags/example_task_group_decorator.py
[2025-03-24T17:27:42.320+0000] {processor.py:914} INFO - Processing file /home/airflow/.local/lib/python3.12/site-packages/airflow/example_dags/example_task_group_decorator.py for tasks to queue
[2025-03-24T17:27:42.323+0000] {logging_mixin.py:190} INFO - [2025-03-24T17:27:42.322+0000] {dagbag.py:588} INFO - Filling up the DagBag from /home/airflow/.local/lib/python3.12/site-packages/airflow/example_dags/example_task_group_decorator.py
[2025-03-24T17:27:42.341+0000] {processor.py:925} INFO - DAG(s) 'example_task_group_decorator' retrieved from /home/airflow/.local/lib/python3.12/site-packages/airflow/example_dags/example_task_group_decorator.py
[2025-03-24T17:27:42.383+0000] {logging_mixin.py:190} INFO - [2025-03-24T17:27:42.383+0000] {dag.py:3239} INFO - Sync 1 DAGs
[2025-03-24T17:27:42.404+0000] {logging_mixin.py:190} INFO - [2025-03-24T17:27:42.403+0000] {dag.py:4180} INFO - Setting next_dagrun for example_task_group_decorator to None, run_after=None
[2025-03-24T17:27:42.440+0000] {processor.py:208} INFO - Processing /home/airflow/.local/lib/python3.12/site-packages/airflow/example_dags/example_task_group_decorator.py took 0.131 seconds
[2025-03-24T17:28:14.826+0000] {processor.py:186} INFO - Started process (PID=9745) to work on /home/airflow/.local/lib/python3.12/site-packages/airflow/example_dags/example_task_group_decorator.py
[2025-03-24T17:28:14.831+0000] {processor.py:914} INFO - Processing file /home/airflow/.local/lib/python3.12/site-packages/airflow/example_dags/example_task_group_decorator.py for tasks to queue
[2025-03-24T17:28:14.837+0000] {logging_mixin.py:190} INFO - [2025-03-24T17:28:14.836+0000] {dagbag.py:588} INFO - Filling up the DagBag from /home/airflow/.local/lib/python3.12/site-packages/airflow/example_dags/example_task_group_decorator.py
[2025-03-24T17:28:14.865+0000] {processor.py:925} INFO - DAG(s) 'example_task_group_decorator' retrieved from /home/airflow/.local/lib/python3.12/site-packages/airflow/example_dags/example_task_group_decorator.py
[2025-03-24T17:28:14.912+0000] {logging_mixin.py:190} INFO - [2025-03-24T17:28:14.912+0000] {dag.py:3239} INFO - Sync 1 DAGs
[2025-03-24T17:28:14.940+0000] {logging_mixin.py:190} INFO - [2025-03-24T17:28:14.939+0000] {dag.py:4180} INFO - Setting next_dagrun for example_task_group_decorator to None, run_after=None
[2025-03-24T17:28:14.982+0000] {processor.py:208} INFO - Processing /home/airflow/.local/lib/python3.12/site-packages/airflow/example_dags/example_task_group_decorator.py took 0.168 seconds
[2025-03-24T17:28:47.107+0000] {processor.py:186} INFO - Started process (PID=10056) to work on /home/airflow/.local/lib/python3.12/site-packages/airflow/example_dags/example_task_group_decorator.py
[2025-03-24T17:28:47.108+0000] {processor.py:914} INFO - Processing file /home/airflow/.local/lib/python3.12/site-packages/airflow/example_dags/example_task_group_decorator.py for tasks to queue
[2025-03-24T17:28:47.114+0000] {logging_mixin.py:190} INFO - [2025-03-24T17:28:47.113+0000] {dagbag.py:588} INFO - Filling up the DagBag from /home/airflow/.local/lib/python3.12/site-packages/airflow/example_dags/example_task_group_decorator.py
[2025-03-24T17:28:47.147+0000] {processor.py:925} INFO - DAG(s) 'example_task_group_decorator' retrieved from /home/airflow/.local/lib/python3.12/site-packages/airflow/example_dags/example_task_group_decorator.py
[2025-03-24T17:28:47.197+0000] {logging_mixin.py:190} INFO - [2025-03-24T17:28:47.197+0000] {dag.py:3239} INFO - Sync 1 DAGs
[2025-03-24T17:28:47.237+0000] {logging_mixin.py:190} INFO - [2025-03-24T17:28:47.237+0000] {dag.py:4180} INFO - Setting next_dagrun for example_task_group_decorator to None, run_after=None
[2025-03-24T17:28:47.297+0000] {processor.py:208} INFO - Processing /home/airflow/.local/lib/python3.12/site-packages/airflow/example_dags/example_task_group_decorator.py took 0.203 seconds
[2025-03-24T17:29:18.596+0000] {processor.py:186} INFO - Started process (PID=10358) to work on /home/airflow/.local/lib/python3.12/site-packages/airflow/example_dags/example_task_group_decorator.py
[2025-03-24T17:29:18.598+0000] {processor.py:914} INFO - Processing file /home/airflow/.local/lib/python3.12/site-packages/airflow/example_dags/example_task_group_decorator.py for tasks to queue
[2025-03-24T17:29:18.601+0000] {logging_mixin.py:190} INFO - [2025-03-24T17:29:18.600+0000] {dagbag.py:588} INFO - Filling up the DagBag from /home/airflow/.local/lib/python3.12/site-packages/airflow/example_dags/example_task_group_decorator.py
[2025-03-24T17:29:18.630+0000] {processor.py:925} INFO - DAG(s) 'example_task_group_decorator' retrieved from /home/airflow/.local/lib/python3.12/site-packages/airflow/example_dags/example_task_group_decorator.py
[2025-03-24T17:29:18.669+0000] {logging_mixin.py:190} INFO - [2025-03-24T17:29:18.669+0000] {dag.py:3239} INFO - Sync 1 DAGs
[2025-03-24T17:29:18.698+0000] {logging_mixin.py:190} INFO - [2025-03-24T17:29:18.698+0000] {dag.py:4180} INFO - Setting next_dagrun for example_task_group_decorator to None, run_after=None
[2025-03-24T17:29:18.745+0000] {processor.py:208} INFO - Processing /home/airflow/.local/lib/python3.12/site-packages/airflow/example_dags/example_task_group_decorator.py took 0.161 seconds
[2025-03-24T17:29:48.863+0000] {processor.py:186} INFO - Started process (PID=10647) to work on /home/airflow/.local/lib/python3.12/site-packages/airflow/example_dags/example_task_group_decorator.py
[2025-03-24T17:29:48.864+0000] {processor.py:914} INFO - Processing file /home/airflow/.local/lib/python3.12/site-packages/airflow/example_dags/example_task_group_decorator.py for tasks to queue
[2025-03-24T17:29:48.866+0000] {logging_mixin.py:190} INFO - [2025-03-24T17:29:48.866+0000] {dagbag.py:588} INFO - Filling up the DagBag from /home/airflow/.local/lib/python3.12/site-packages/airflow/example_dags/example_task_group_decorator.py
[2025-03-24T17:29:48.885+0000] {processor.py:925} INFO - DAG(s) 'example_task_group_decorator' retrieved from /home/airflow/.local/lib/python3.12/site-packages/airflow/example_dags/example_task_group_decorator.py
[2025-03-24T17:29:48.913+0000] {logging_mixin.py:190} INFO - [2025-03-24T17:29:48.913+0000] {dag.py:3239} INFO - Sync 1 DAGs
[2025-03-24T17:29:48.930+0000] {logging_mixin.py:190} INFO - [2025-03-24T17:29:48.929+0000] {dag.py:4180} INFO - Setting next_dagrun for example_task_group_decorator to None, run_after=None
[2025-03-24T17:29:48.956+0000] {processor.py:208} INFO - Processing /home/airflow/.local/lib/python3.12/site-packages/airflow/example_dags/example_task_group_decorator.py took 0.099 seconds
[2025-03-24T17:30:20.137+0000] {processor.py:186} INFO - Started process (PID=10936) to work on /home/airflow/.local/lib/python3.12/site-packages/airflow/example_dags/example_task_group_decorator.py
[2025-03-24T17:30:20.149+0000] {processor.py:914} INFO - Processing file /home/airflow/.local/lib/python3.12/site-packages/airflow/example_dags/example_task_group_decorator.py for tasks to queue
[2025-03-24T17:30:20.152+0000] {logging_mixin.py:190} INFO - [2025-03-24T17:30:20.152+0000] {dagbag.py:588} INFO - Filling up the DagBag from /home/airflow/.local/lib/python3.12/site-packages/airflow/example_dags/example_task_group_decorator.py
[2025-03-24T17:30:20.173+0000] {processor.py:925} INFO - DAG(s) 'example_task_group_decorator' retrieved from /home/airflow/.local/lib/python3.12/site-packages/airflow/example_dags/example_task_group_decorator.py
[2025-03-24T17:30:20.203+0000] {logging_mixin.py:190} INFO - [2025-03-24T17:30:20.203+0000] {dag.py:3239} INFO - Sync 1 DAGs
[2025-03-24T17:30:20.220+0000] {logging_mixin.py:190} INFO - [2025-03-24T17:30:20.220+0000] {dag.py:4180} INFO - Setting next_dagrun for example_task_group_decorator to None, run_after=None
[2025-03-24T17:30:20.247+0000] {processor.py:208} INFO - Processing /home/airflow/.local/lib/python3.12/site-packages/airflow/example_dags/example_task_group_decorator.py took 0.117 seconds
[2025-03-24T17:30:52.557+0000] {processor.py:186} INFO - Started process (PID=11232) to work on /home/airflow/.local/lib/python3.12/site-packages/airflow/example_dags/example_task_group_decorator.py
[2025-03-24T17:30:52.558+0000] {processor.py:914} INFO - Processing file /home/airflow/.local/lib/python3.12/site-packages/airflow/example_dags/example_task_group_decorator.py for tasks to queue
[2025-03-24T17:30:52.562+0000] {logging_mixin.py:190} INFO - [2025-03-24T17:30:52.562+0000] {dagbag.py:588} INFO - Filling up the DagBag from /home/airflow/.local/lib/python3.12/site-packages/airflow/example_dags/example_task_group_decorator.py
[2025-03-24T17:30:52.594+0000] {processor.py:925} INFO - DAG(s) 'example_task_group_decorator' retrieved from /home/airflow/.local/lib/python3.12/site-packages/airflow/example_dags/example_task_group_decorator.py
[2025-03-24T17:30:52.644+0000] {logging_mixin.py:190} INFO - [2025-03-24T17:30:52.644+0000] {dag.py:3239} INFO - Sync 1 DAGs
[2025-03-24T17:30:52.663+0000] {logging_mixin.py:190} INFO - [2025-03-24T17:30:52.663+0000] {dag.py:4180} INFO - Setting next_dagrun for example_task_group_decorator to None, run_after=None
[2025-03-24T17:30:52.691+0000] {processor.py:208} INFO - Processing /home/airflow/.local/lib/python3.12/site-packages/airflow/example_dags/example_task_group_decorator.py took 0.144 seconds
[2025-03-24T17:31:22.844+0000] {processor.py:186} INFO - Started process (PID=11523) to work on /home/airflow/.local/lib/python3.12/site-packages/airflow/example_dags/example_task_group_decorator.py
[2025-03-24T17:31:22.845+0000] {processor.py:914} INFO - Processing file /home/airflow/.local/lib/python3.12/site-packages/airflow/example_dags/example_task_group_decorator.py for tasks to queue
[2025-03-24T17:31:22.848+0000] {logging_mixin.py:190} INFO - [2025-03-24T17:31:22.848+0000] {dagbag.py:588} INFO - Filling up the DagBag from /home/airflow/.local/lib/python3.12/site-packages/airflow/example_dags/example_task_group_decorator.py
[2025-03-24T17:31:22.873+0000] {processor.py:925} INFO - DAG(s) 'example_task_group_decorator' retrieved from /home/airflow/.local/lib/python3.12/site-packages/airflow/example_dags/example_task_group_decorator.py
[2025-03-24T17:31:22.904+0000] {logging_mixin.py:190} INFO - [2025-03-24T17:31:22.904+0000] {dag.py:3239} INFO - Sync 1 DAGs
[2025-03-24T17:31:22.922+0000] {logging_mixin.py:190} INFO - [2025-03-24T17:31:22.922+0000] {dag.py:4180} INFO - Setting next_dagrun for example_task_group_decorator to None, run_after=None
[2025-03-24T17:31:22.950+0000] {processor.py:208} INFO - Processing /home/airflow/.local/lib/python3.12/site-packages/airflow/example_dags/example_task_group_decorator.py took 0.117 seconds
[2025-03-24T17:31:54.522+0000] {processor.py:186} INFO - Started process (PID=11819) to work on /home/airflow/.local/lib/python3.12/site-packages/airflow/example_dags/example_task_group_decorator.py
[2025-03-24T17:31:54.523+0000] {processor.py:914} INFO - Processing file /home/airflow/.local/lib/python3.12/site-packages/airflow/example_dags/example_task_group_decorator.py for tasks to queue
[2025-03-24T17:31:54.525+0000] {logging_mixin.py:190} INFO - [2025-03-24T17:31:54.525+0000] {dagbag.py:588} INFO - Filling up the DagBag from /home/airflow/.local/lib/python3.12/site-packages/airflow/example_dags/example_task_group_decorator.py
[2025-03-24T17:31:54.545+0000] {processor.py:925} INFO - DAG(s) 'example_task_group_decorator' retrieved from /home/airflow/.local/lib/python3.12/site-packages/airflow/example_dags/example_task_group_decorator.py
[2025-03-24T17:31:54.576+0000] {logging_mixin.py:190} INFO - [2025-03-24T17:31:54.575+0000] {dag.py:3239} INFO - Sync 1 DAGs
[2025-03-24T17:31:54.599+0000] {logging_mixin.py:190} INFO - [2025-03-24T17:31:54.599+0000] {dag.py:4180} INFO - Setting next_dagrun for example_task_group_decorator to None, run_after=None
[2025-03-24T17:31:54.632+0000] {processor.py:208} INFO - Processing /home/airflow/.local/lib/python3.12/site-packages/airflow/example_dags/example_task_group_decorator.py took 0.117 seconds
[2025-03-24T17:32:26.525+0000] {processor.py:186} INFO - Started process (PID=12109) to work on /home/airflow/.local/lib/python3.12/site-packages/airflow/example_dags/example_task_group_decorator.py
[2025-03-24T17:32:26.526+0000] {processor.py:914} INFO - Processing file /home/airflow/.local/lib/python3.12/site-packages/airflow/example_dags/example_task_group_decorator.py for tasks to queue
[2025-03-24T17:32:26.531+0000] {logging_mixin.py:190} INFO - [2025-03-24T17:32:26.530+0000] {dagbag.py:588} INFO - Filling up the DagBag from /home/airflow/.local/lib/python3.12/site-packages/airflow/example_dags/example_task_group_decorator.py
[2025-03-24T17:32:26.568+0000] {processor.py:925} INFO - DAG(s) 'example_task_group_decorator' retrieved from /home/airflow/.local/lib/python3.12/site-packages/airflow/example_dags/example_task_group_decorator.py
[2025-03-24T17:32:26.622+0000] {logging_mixin.py:190} INFO - [2025-03-24T17:32:26.622+0000] {dag.py:3239} INFO - Sync 1 DAGs
[2025-03-24T17:32:26.657+0000] {logging_mixin.py:190} INFO - [2025-03-24T17:32:26.657+0000] {dag.py:4180} INFO - Setting next_dagrun for example_task_group_decorator to None, run_after=None
[2025-03-24T17:32:26.696+0000] {processor.py:208} INFO - Processing /home/airflow/.local/lib/python3.12/site-packages/airflow/example_dags/example_task_group_decorator.py took 0.184 seconds
[2025-03-24T17:32:57.698+0000] {processor.py:186} INFO - Started process (PID=12395) to work on /home/airflow/.local/lib/python3.12/site-packages/airflow/example_dags/example_task_group_decorator.py
[2025-03-24T17:32:57.699+0000] {processor.py:914} INFO - Processing file /home/airflow/.local/lib/python3.12/site-packages/airflow/example_dags/example_task_group_decorator.py for tasks to queue
[2025-03-24T17:32:57.702+0000] {logging_mixin.py:190} INFO - [2025-03-24T17:32:57.701+0000] {dagbag.py:588} INFO - Filling up the DagBag from /home/airflow/.local/lib/python3.12/site-packages/airflow/example_dags/example_task_group_decorator.py
[2025-03-24T17:32:57.736+0000] {processor.py:925} INFO - DAG(s) 'example_task_group_decorator' retrieved from /home/airflow/.local/lib/python3.12/site-packages/airflow/example_dags/example_task_group_decorator.py
[2025-03-24T17:32:57.781+0000] {logging_mixin.py:190} INFO - [2025-03-24T17:32:57.781+0000] {dag.py:3239} INFO - Sync 1 DAGs
[2025-03-24T17:32:57.806+0000] {logging_mixin.py:190} INFO - [2025-03-24T17:32:57.805+0000] {dag.py:4180} INFO - Setting next_dagrun for example_task_group_decorator to None, run_after=None
[2025-03-24T17:32:57.852+0000] {processor.py:208} INFO - Processing /home/airflow/.local/lib/python3.12/site-packages/airflow/example_dags/example_task_group_decorator.py took 0.165 seconds
[2025-03-24T17:33:29.460+0000] {processor.py:186} INFO - Started process (PID=12686) to work on /home/airflow/.local/lib/python3.12/site-packages/airflow/example_dags/example_task_group_decorator.py
[2025-03-24T17:33:29.462+0000] {processor.py:914} INFO - Processing file /home/airflow/.local/lib/python3.12/site-packages/airflow/example_dags/example_task_group_decorator.py for tasks to queue
[2025-03-24T17:33:29.465+0000] {logging_mixin.py:190} INFO - [2025-03-24T17:33:29.465+0000] {dagbag.py:588} INFO - Filling up the DagBag from /home/airflow/.local/lib/python3.12/site-packages/airflow/example_dags/example_task_group_decorator.py
[2025-03-24T17:33:29.498+0000] {processor.py:925} INFO - DAG(s) 'example_task_group_decorator' retrieved from /home/airflow/.local/lib/python3.12/site-packages/airflow/example_dags/example_task_group_decorator.py
[2025-03-24T17:33:29.552+0000] {logging_mixin.py:190} INFO - [2025-03-24T17:33:29.552+0000] {dag.py:3239} INFO - Sync 1 DAGs
[2025-03-24T17:33:29.580+0000] {logging_mixin.py:190} INFO - [2025-03-24T17:33:29.580+0000] {dag.py:4180} INFO - Setting next_dagrun for example_task_group_decorator to None, run_after=None
[2025-03-24T17:33:29.621+0000] {processor.py:208} INFO - Processing /home/airflow/.local/lib/python3.12/site-packages/airflow/example_dags/example_task_group_decorator.py took 0.171 seconds
[2025-03-24T17:34:01.008+0000] {processor.py:186} INFO - Started process (PID=12977) to work on /home/airflow/.local/lib/python3.12/site-packages/airflow/example_dags/example_task_group_decorator.py
[2025-03-24T17:34:01.013+0000] {processor.py:914} INFO - Processing file /home/airflow/.local/lib/python3.12/site-packages/airflow/example_dags/example_task_group_decorator.py for tasks to queue
[2025-03-24T17:34:01.017+0000] {logging_mixin.py:190} INFO - [2025-03-24T17:34:01.017+0000] {dagbag.py:588} INFO - Filling up the DagBag from /home/airflow/.local/lib/python3.12/site-packages/airflow/example_dags/example_task_group_decorator.py
[2025-03-24T17:34:01.045+0000] {processor.py:925} INFO - DAG(s) 'example_task_group_decorator' retrieved from /home/airflow/.local/lib/python3.12/site-packages/airflow/example_dags/example_task_group_decorator.py
[2025-03-24T17:34:01.090+0000] {logging_mixin.py:190} INFO - [2025-03-24T17:34:01.089+0000] {dag.py:3239} INFO - Sync 1 DAGs
[2025-03-24T17:34:01.123+0000] {logging_mixin.py:190} INFO - [2025-03-24T17:34:01.122+0000] {dag.py:4180} INFO - Setting next_dagrun for example_task_group_decorator to None, run_after=None
[2025-03-24T17:34:01.168+0000] {processor.py:208} INFO - Processing /home/airflow/.local/lib/python3.12/site-packages/airflow/example_dags/example_task_group_decorator.py took 0.169 seconds
[2025-03-24T17:34:31.752+0000] {processor.py:186} INFO - Started process (PID=13268) to work on /home/airflow/.local/lib/python3.12/site-packages/airflow/example_dags/example_task_group_decorator.py
[2025-03-24T17:34:31.753+0000] {processor.py:914} INFO - Processing file /home/airflow/.local/lib/python3.12/site-packages/airflow/example_dags/example_task_group_decorator.py for tasks to queue
[2025-03-24T17:34:31.757+0000] {logging_mixin.py:190} INFO - [2025-03-24T17:34:31.756+0000] {dagbag.py:588} INFO - Filling up the DagBag from /home/airflow/.local/lib/python3.12/site-packages/airflow/example_dags/example_task_group_decorator.py
[2025-03-24T17:34:31.775+0000] {processor.py:925} INFO - DAG(s) 'example_task_group_decorator' retrieved from /home/airflow/.local/lib/python3.12/site-packages/airflow/example_dags/example_task_group_decorator.py
[2025-03-24T17:34:31.811+0000] {logging_mixin.py:190} INFO - [2025-03-24T17:34:31.811+0000] {dag.py:3239} INFO - Sync 1 DAGs
[2025-03-24T17:34:31.837+0000] {logging_mixin.py:190} INFO - [2025-03-24T17:34:31.837+0000] {dag.py:4180} INFO - Setting next_dagrun for example_task_group_decorator to None, run_after=None
[2025-03-24T17:34:31.870+0000] {processor.py:208} INFO - Processing /home/airflow/.local/lib/python3.12/site-packages/airflow/example_dags/example_task_group_decorator.py took 0.125 seconds
[2025-03-24T17:35:04.192+0000] {processor.py:186} INFO - Started process (PID=13559) to work on /home/airflow/.local/lib/python3.12/site-packages/airflow/example_dags/example_task_group_decorator.py
[2025-03-24T17:35:04.194+0000] {processor.py:914} INFO - Processing file /home/airflow/.local/lib/python3.12/site-packages/airflow/example_dags/example_task_group_decorator.py for tasks to queue
[2025-03-24T17:35:04.198+0000] {logging_mixin.py:190} INFO - [2025-03-24T17:35:04.197+0000] {dagbag.py:588} INFO - Filling up the DagBag from /home/airflow/.local/lib/python3.12/site-packages/airflow/example_dags/example_task_group_decorator.py
[2025-03-24T17:35:04.226+0000] {processor.py:925} INFO - DAG(s) 'example_task_group_decorator' retrieved from /home/airflow/.local/lib/python3.12/site-packages/airflow/example_dags/example_task_group_decorator.py
[2025-03-24T17:35:04.269+0000] {logging_mixin.py:190} INFO - [2025-03-24T17:35:04.269+0000] {dag.py:3239} INFO - Sync 1 DAGs
[2025-03-24T17:35:04.294+0000] {logging_mixin.py:190} INFO - [2025-03-24T17:35:04.294+0000] {dag.py:4180} INFO - Setting next_dagrun for example_task_group_decorator to None, run_after=None
[2025-03-24T17:35:04.335+0000] {processor.py:208} INFO - Processing /home/airflow/.local/lib/python3.12/site-packages/airflow/example_dags/example_task_group_decorator.py took 0.154 seconds
[2025-03-24T17:35:36.301+0000] {processor.py:186} INFO - Started process (PID=13849) to work on /home/airflow/.local/lib/python3.12/site-packages/airflow/example_dags/example_task_group_decorator.py
[2025-03-24T17:35:36.303+0000] {processor.py:914} INFO - Processing file /home/airflow/.local/lib/python3.12/site-packages/airflow/example_dags/example_task_group_decorator.py for tasks to queue
[2025-03-24T17:35:36.309+0000] {logging_mixin.py:190} INFO - [2025-03-24T17:35:36.308+0000] {dagbag.py:588} INFO - Filling up the DagBag from /home/airflow/.local/lib/python3.12/site-packages/airflow/example_dags/example_task_group_decorator.py
[2025-03-24T17:35:36.355+0000] {processor.py:925} INFO - DAG(s) 'example_task_group_decorator' retrieved from /home/airflow/.local/lib/python3.12/site-packages/airflow/example_dags/example_task_group_decorator.py
[2025-03-24T17:35:36.445+0000] {logging_mixin.py:190} INFO - [2025-03-24T17:35:36.445+0000] {dag.py:3239} INFO - Sync 1 DAGs
[2025-03-24T17:35:36.497+0000] {logging_mixin.py:190} INFO - [2025-03-24T17:35:36.496+0000] {dag.py:4180} INFO - Setting next_dagrun for example_task_group_decorator to None, run_after=None
[2025-03-24T17:35:36.557+0000] {processor.py:208} INFO - Processing /home/airflow/.local/lib/python3.12/site-packages/airflow/example_dags/example_task_group_decorator.py took 0.271 seconds
[2025-03-24T17:36:07.765+0000] {processor.py:186} INFO - Started process (PID=14140) to work on /home/airflow/.local/lib/python3.12/site-packages/airflow/example_dags/example_task_group_decorator.py
[2025-03-24T17:36:07.773+0000] {processor.py:914} INFO - Processing file /home/airflow/.local/lib/python3.12/site-packages/airflow/example_dags/example_task_group_decorator.py for tasks to queue
[2025-03-24T17:36:07.777+0000] {logging_mixin.py:190} INFO - [2025-03-24T17:36:07.776+0000] {dagbag.py:588} INFO - Filling up the DagBag from /home/airflow/.local/lib/python3.12/site-packages/airflow/example_dags/example_task_group_decorator.py
[2025-03-24T17:36:07.815+0000] {processor.py:925} INFO - DAG(s) 'example_task_group_decorator' retrieved from /home/airflow/.local/lib/python3.12/site-packages/airflow/example_dags/example_task_group_decorator.py
[2025-03-24T17:36:07.877+0000] {logging_mixin.py:190} INFO - [2025-03-24T17:36:07.877+0000] {dag.py:3239} INFO - Sync 1 DAGs
[2025-03-24T17:36:07.912+0000] {logging_mixin.py:190} INFO - [2025-03-24T17:36:07.911+0000] {dag.py:4180} INFO - Setting next_dagrun for example_task_group_decorator to None, run_after=None
[2025-03-24T17:36:07.989+0000] {processor.py:208} INFO - Processing /home/airflow/.local/lib/python3.12/site-packages/airflow/example_dags/example_task_group_decorator.py took 0.235 seconds
[2025-03-24T17:36:38.767+0000] {processor.py:186} INFO - Started process (PID=14431) to work on /home/airflow/.local/lib/python3.12/site-packages/airflow/example_dags/example_task_group_decorator.py
[2025-03-24T17:36:38.768+0000] {processor.py:914} INFO - Processing file /home/airflow/.local/lib/python3.12/site-packages/airflow/example_dags/example_task_group_decorator.py for tasks to queue
[2025-03-24T17:36:38.773+0000] {logging_mixin.py:190} INFO - [2025-03-24T17:36:38.773+0000] {dagbag.py:588} INFO - Filling up the DagBag from /home/airflow/.local/lib/python3.12/site-packages/airflow/example_dags/example_task_group_decorator.py
[2025-03-24T17:36:38.810+0000] {processor.py:925} INFO - DAG(s) 'example_task_group_decorator' retrieved from /home/airflow/.local/lib/python3.12/site-packages/airflow/example_dags/example_task_group_decorator.py
[2025-03-24T17:36:38.887+0000] {logging_mixin.py:190} INFO - [2025-03-24T17:36:38.887+0000] {dag.py:3239} INFO - Sync 1 DAGs
[2025-03-24T17:36:38.930+0000] {logging_mixin.py:190} INFO - [2025-03-24T17:36:38.929+0000] {dag.py:4180} INFO - Setting next_dagrun for example_task_group_decorator to None, run_after=None
[2025-03-24T17:36:38.979+0000] {processor.py:208} INFO - Processing /home/airflow/.local/lib/python3.12/site-packages/airflow/example_dags/example_task_group_decorator.py took 0.222 seconds
[2025-03-24T17:37:09.699+0000] {processor.py:186} INFO - Started process (PID=14721) to work on /home/airflow/.local/lib/python3.12/site-packages/airflow/example_dags/example_task_group_decorator.py
[2025-03-24T17:37:09.701+0000] {processor.py:914} INFO - Processing file /home/airflow/.local/lib/python3.12/site-packages/airflow/example_dags/example_task_group_decorator.py for tasks to queue
[2025-03-24T17:37:09.704+0000] {logging_mixin.py:190} INFO - [2025-03-24T17:37:09.703+0000] {dagbag.py:588} INFO - Filling up the DagBag from /home/airflow/.local/lib/python3.12/site-packages/airflow/example_dags/example_task_group_decorator.py
[2025-03-24T17:37:09.736+0000] {processor.py:925} INFO - DAG(s) 'example_task_group_decorator' retrieved from /home/airflow/.local/lib/python3.12/site-packages/airflow/example_dags/example_task_group_decorator.py
[2025-03-24T17:37:09.782+0000] {logging_mixin.py:190} INFO - [2025-03-24T17:37:09.782+0000] {dag.py:3239} INFO - Sync 1 DAGs
[2025-03-24T17:37:09.809+0000] {logging_mixin.py:190} INFO - [2025-03-24T17:37:09.809+0000] {dag.py:4180} INFO - Setting next_dagrun for example_task_group_decorator to None, run_after=None
[2025-03-24T17:37:09.848+0000] {processor.py:208} INFO - Processing /home/airflow/.local/lib/python3.12/site-packages/airflow/example_dags/example_task_group_decorator.py took 0.160 seconds
[2025-03-24T17:37:40.962+0000] {processor.py:186} INFO - Started process (PID=15014) to work on /home/airflow/.local/lib/python3.12/site-packages/airflow/example_dags/example_task_group_decorator.py
[2025-03-24T17:37:40.964+0000] {processor.py:914} INFO - Processing file /home/airflow/.local/lib/python3.12/site-packages/airflow/example_dags/example_task_group_decorator.py for tasks to queue
[2025-03-24T17:37:40.968+0000] {logging_mixin.py:190} INFO - [2025-03-24T17:37:40.967+0000] {dagbag.py:588} INFO - Filling up the DagBag from /home/airflow/.local/lib/python3.12/site-packages/airflow/example_dags/example_task_group_decorator.py
[2025-03-24T17:37:40.998+0000] {processor.py:925} INFO - DAG(s) 'example_task_group_decorator' retrieved from /home/airflow/.local/lib/python3.12/site-packages/airflow/example_dags/example_task_group_decorator.py
[2025-03-24T17:37:41.051+0000] {logging_mixin.py:190} INFO - [2025-03-24T17:37:41.050+0000] {dag.py:3239} INFO - Sync 1 DAGs
[2025-03-24T17:37:41.077+0000] {logging_mixin.py:190} INFO - [2025-03-24T17:37:41.077+0000] {dag.py:4180} INFO - Setting next_dagrun for example_task_group_decorator to None, run_after=None
[2025-03-24T17:37:41.132+0000] {processor.py:208} INFO - Processing /home/airflow/.local/lib/python3.12/site-packages/airflow/example_dags/example_task_group_decorator.py took 0.180 seconds
[2025-03-24T17:38:12.350+0000] {processor.py:186} INFO - Started process (PID=15305) to work on /home/airflow/.local/lib/python3.12/site-packages/airflow/example_dags/example_task_group_decorator.py
[2025-03-24T17:38:12.351+0000] {processor.py:914} INFO - Processing file /home/airflow/.local/lib/python3.12/site-packages/airflow/example_dags/example_task_group_decorator.py for tasks to queue
[2025-03-24T17:38:12.356+0000] {logging_mixin.py:190} INFO - [2025-03-24T17:38:12.356+0000] {dagbag.py:588} INFO - Filling up the DagBag from /home/airflow/.local/lib/python3.12/site-packages/airflow/example_dags/example_task_group_decorator.py
[2025-03-24T17:38:12.389+0000] {processor.py:925} INFO - DAG(s) 'example_task_group_decorator' retrieved from /home/airflow/.local/lib/python3.12/site-packages/airflow/example_dags/example_task_group_decorator.py
[2025-03-24T17:38:12.434+0000] {logging_mixin.py:190} INFO - [2025-03-24T17:38:12.434+0000] {dag.py:3239} INFO - Sync 1 DAGs
[2025-03-24T17:38:12.463+0000] {logging_mixin.py:190} INFO - [2025-03-24T17:38:12.463+0000] {dag.py:4180} INFO - Setting next_dagrun for example_task_group_decorator to None, run_after=None
[2025-03-24T17:38:12.499+0000] {processor.py:208} INFO - Processing /home/airflow/.local/lib/python3.12/site-packages/airflow/example_dags/example_task_group_decorator.py took 0.157 seconds
[2025-03-24T17:38:44.024+0000] {processor.py:186} INFO - Started process (PID=15594) to work on /home/airflow/.local/lib/python3.12/site-packages/airflow/example_dags/example_task_group_decorator.py
[2025-03-24T17:38:44.038+0000] {processor.py:914} INFO - Processing file /home/airflow/.local/lib/python3.12/site-packages/airflow/example_dags/example_task_group_decorator.py for tasks to queue
[2025-03-24T17:38:44.041+0000] {logging_mixin.py:190} INFO - [2025-03-24T17:38:44.041+0000] {dagbag.py:588} INFO - Filling up the DagBag from /home/airflow/.local/lib/python3.12/site-packages/airflow/example_dags/example_task_group_decorator.py
[2025-03-24T17:38:44.069+0000] {processor.py:925} INFO - DAG(s) 'example_task_group_decorator' retrieved from /home/airflow/.local/lib/python3.12/site-packages/airflow/example_dags/example_task_group_decorator.py
[2025-03-24T17:38:44.104+0000] {logging_mixin.py:190} INFO - [2025-03-24T17:38:44.103+0000] {dag.py:3239} INFO - Sync 1 DAGs
[2025-03-24T17:38:44.125+0000] {logging_mixin.py:190} INFO - [2025-03-24T17:38:44.125+0000] {dag.py:4180} INFO - Setting next_dagrun for example_task_group_decorator to None, run_after=None
[2025-03-24T17:38:44.156+0000] {processor.py:208} INFO - Processing /home/airflow/.local/lib/python3.12/site-packages/airflow/example_dags/example_task_group_decorator.py took 0.140 seconds
[2025-03-24T17:39:15.523+0000] {processor.py:186} INFO - Started process (PID=15885) to work on /home/airflow/.local/lib/python3.12/site-packages/airflow/example_dags/example_task_group_decorator.py
[2025-03-24T17:39:15.527+0000] {processor.py:914} INFO - Processing file /home/airflow/.local/lib/python3.12/site-packages/airflow/example_dags/example_task_group_decorator.py for tasks to queue
[2025-03-24T17:39:15.532+0000] {logging_mixin.py:190} INFO - [2025-03-24T17:39:15.532+0000] {dagbag.py:588} INFO - Filling up the DagBag from /home/airflow/.local/lib/python3.12/site-packages/airflow/example_dags/example_task_group_decorator.py
[2025-03-24T17:39:15.558+0000] {processor.py:925} INFO - DAG(s) 'example_task_group_decorator' retrieved from /home/airflow/.local/lib/python3.12/site-packages/airflow/example_dags/example_task_group_decorator.py
[2025-03-24T17:39:15.600+0000] {logging_mixin.py:190} INFO - [2025-03-24T17:39:15.600+0000] {dag.py:3239} INFO - Sync 1 DAGs
[2025-03-24T17:39:15.623+0000] {logging_mixin.py:190} INFO - [2025-03-24T17:39:15.622+0000] {dag.py:4180} INFO - Setting next_dagrun for example_task_group_decorator to None, run_after=None
[2025-03-24T17:39:15.657+0000] {processor.py:208} INFO - Processing /home/airflow/.local/lib/python3.12/site-packages/airflow/example_dags/example_task_group_decorator.py took 0.144 seconds
[2025-03-24T17:39:46.172+0000] {processor.py:186} INFO - Started process (PID=16171) to work on /home/airflow/.local/lib/python3.12/site-packages/airflow/example_dags/example_task_group_decorator.py
[2025-03-24T17:39:46.174+0000] {processor.py:914} INFO - Processing file /home/airflow/.local/lib/python3.12/site-packages/airflow/example_dags/example_task_group_decorator.py for tasks to queue
[2025-03-24T17:39:46.180+0000] {logging_mixin.py:190} INFO - [2025-03-24T17:39:46.179+0000] {dagbag.py:588} INFO - Filling up the DagBag from /home/airflow/.local/lib/python3.12/site-packages/airflow/example_dags/example_task_group_decorator.py
[2025-03-24T17:39:46.226+0000] {processor.py:925} INFO - DAG(s) 'example_task_group_decorator' retrieved from /home/airflow/.local/lib/python3.12/site-packages/airflow/example_dags/example_task_group_decorator.py
[2025-03-24T17:39:46.283+0000] {logging_mixin.py:190} INFO - [2025-03-24T17:39:46.281+0000] {dag.py:3239} INFO - Sync 1 DAGs
[2025-03-24T17:39:46.332+0000] {logging_mixin.py:190} INFO - [2025-03-24T17:39:46.332+0000] {dag.py:4180} INFO - Setting next_dagrun for example_task_group_decorator to None, run_after=None
[2025-03-24T17:39:46.386+0000] {processor.py:208} INFO - Processing /home/airflow/.local/lib/python3.12/site-packages/airflow/example_dags/example_task_group_decorator.py took 0.227 seconds
[2025-03-24T17:40:16.903+0000] {processor.py:186} INFO - Started process (PID=16457) to work on /home/airflow/.local/lib/python3.12/site-packages/airflow/example_dags/example_task_group_decorator.py
[2025-03-24T17:40:16.905+0000] {processor.py:914} INFO - Processing file /home/airflow/.local/lib/python3.12/site-packages/airflow/example_dags/example_task_group_decorator.py for tasks to queue
[2025-03-24T17:40:16.910+0000] {logging_mixin.py:190} INFO - [2025-03-24T17:40:16.910+0000] {dagbag.py:588} INFO - Filling up the DagBag from /home/airflow/.local/lib/python3.12/site-packages/airflow/example_dags/example_task_group_decorator.py
[2025-03-24T17:40:16.949+0000] {processor.py:925} INFO - DAG(s) 'example_task_group_decorator' retrieved from /home/airflow/.local/lib/python3.12/site-packages/airflow/example_dags/example_task_group_decorator.py
[2025-03-24T17:40:16.989+0000] {logging_mixin.py:190} INFO - [2025-03-24T17:40:16.988+0000] {dag.py:3239} INFO - Sync 1 DAGs
[2025-03-24T17:40:17.020+0000] {logging_mixin.py:190} INFO - [2025-03-24T17:40:17.019+0000] {dag.py:4180} INFO - Setting next_dagrun for example_task_group_decorator to None, run_after=None
[2025-03-24T17:40:17.074+0000] {processor.py:208} INFO - Processing /home/airflow/.local/lib/python3.12/site-packages/airflow/example_dags/example_task_group_decorator.py took 0.181 seconds
[2025-03-24T17:40:47.303+0000] {processor.py:186} INFO - Started process (PID=16753) to work on /home/airflow/.local/lib/python3.12/site-packages/airflow/example_dags/example_task_group_decorator.py
[2025-03-24T17:40:47.304+0000] {processor.py:914} INFO - Processing file /home/airflow/.local/lib/python3.12/site-packages/airflow/example_dags/example_task_group_decorator.py for tasks to queue
[2025-03-24T17:40:47.309+0000] {logging_mixin.py:190} INFO - [2025-03-24T17:40:47.308+0000] {dagbag.py:588} INFO - Filling up the DagBag from /home/airflow/.local/lib/python3.12/site-packages/airflow/example_dags/example_task_group_decorator.py
[2025-03-24T17:40:47.345+0000] {processor.py:925} INFO - DAG(s) 'example_task_group_decorator' retrieved from /home/airflow/.local/lib/python3.12/site-packages/airflow/example_dags/example_task_group_decorator.py
[2025-03-24T17:40:47.405+0000] {logging_mixin.py:190} INFO - [2025-03-24T17:40:47.405+0000] {dag.py:3239} INFO - Sync 1 DAGs
[2025-03-24T17:40:47.432+0000] {logging_mixin.py:190} INFO - [2025-03-24T17:40:47.431+0000] {dag.py:4180} INFO - Setting next_dagrun for example_task_group_decorator to None, run_after=None
[2025-03-24T17:40:47.471+0000] {processor.py:208} INFO - Processing /home/airflow/.local/lib/python3.12/site-packages/airflow/example_dags/example_task_group_decorator.py took 0.179 seconds
[2025-03-24T17:41:17.714+0000] {processor.py:186} INFO - Started process (PID=17044) to work on /home/airflow/.local/lib/python3.12/site-packages/airflow/example_dags/example_task_group_decorator.py
[2025-03-24T17:41:17.715+0000] {processor.py:914} INFO - Processing file /home/airflow/.local/lib/python3.12/site-packages/airflow/example_dags/example_task_group_decorator.py for tasks to queue
[2025-03-24T17:41:17.719+0000] {logging_mixin.py:190} INFO - [2025-03-24T17:41:17.718+0000] {dagbag.py:588} INFO - Filling up the DagBag from /home/airflow/.local/lib/python3.12/site-packages/airflow/example_dags/example_task_group_decorator.py
[2025-03-24T17:41:17.753+0000] {processor.py:925} INFO - DAG(s) 'example_task_group_decorator' retrieved from /home/airflow/.local/lib/python3.12/site-packages/airflow/example_dags/example_task_group_decorator.py
[2025-03-24T17:41:17.802+0000] {logging_mixin.py:190} INFO - [2025-03-24T17:41:17.801+0000] {dag.py:3239} INFO - Sync 1 DAGs
[2025-03-24T17:41:17.833+0000] {logging_mixin.py:190} INFO - [2025-03-24T17:41:17.832+0000] {dag.py:4180} INFO - Setting next_dagrun for example_task_group_decorator to None, run_after=None
[2025-03-24T17:41:17.868+0000] {processor.py:208} INFO - Processing /home/airflow/.local/lib/python3.12/site-packages/airflow/example_dags/example_task_group_decorator.py took 0.166 seconds
[2025-03-24T17:41:48.807+0000] {processor.py:186} INFO - Started process (PID=17334) to work on /home/airflow/.local/lib/python3.12/site-packages/airflow/example_dags/example_task_group_decorator.py
[2025-03-24T17:41:48.808+0000] {processor.py:914} INFO - Processing file /home/airflow/.local/lib/python3.12/site-packages/airflow/example_dags/example_task_group_decorator.py for tasks to queue
[2025-03-24T17:41:48.810+0000] {logging_mixin.py:190} INFO - [2025-03-24T17:41:48.810+0000] {dagbag.py:588} INFO - Filling up the DagBag from /home/airflow/.local/lib/python3.12/site-packages/airflow/example_dags/example_task_group_decorator.py
[2025-03-24T17:41:48.833+0000] {processor.py:925} INFO - DAG(s) 'example_task_group_decorator' retrieved from /home/airflow/.local/lib/python3.12/site-packages/airflow/example_dags/example_task_group_decorator.py
[2025-03-24T17:41:48.870+0000] {logging_mixin.py:190} INFO - [2025-03-24T17:41:48.870+0000] {dag.py:3239} INFO - Sync 1 DAGs
[2025-03-24T17:41:48.889+0000] {logging_mixin.py:190} INFO - [2025-03-24T17:41:48.889+0000] {dag.py:4180} INFO - Setting next_dagrun for example_task_group_decorator to None, run_after=None
[2025-03-24T17:41:48.916+0000] {processor.py:208} INFO - Processing /home/airflow/.local/lib/python3.12/site-packages/airflow/example_dags/example_task_group_decorator.py took 0.117 seconds
