[2025-03-24T17:11:28.490+0000] {processor.py:186} INFO - Started process (PID=310) to work on /home/airflow/.local/lib/python3.12/site-packages/airflow/example_dags/example_python_operator.py
[2025-03-24T17:11:28.491+0000] {processor.py:914} INFO - Processing file /home/airflow/.local/lib/python3.12/site-packages/airflow/example_dags/example_python_operator.py for tasks to queue
[2025-03-24T17:11:28.495+0000] {logging_mixin.py:190} INFO - [2025-03-24T17:11:28.494+0000] {dagbag.py:588} INFO - Filling up the DagBag from /home/airflow/.local/lib/python3.12/site-packages/airflow/example_dags/example_python_operator.py
[2025-03-24T17:11:28.518+0000] {processor.py:925} INFO - DAG(s) 'example_python_operator' retrieved from /home/airflow/.local/lib/python3.12/site-packages/airflow/example_dags/example_python_operator.py
[2025-03-24T17:11:28.726+0000] {logging_mixin.py:190} INFO - [2025-03-24T17:11:28.725+0000] {override.py:1912} INFO - Created Permission View: can delete on DAG:example_python_operator
[2025-03-24T17:11:28.745+0000] {logging_mixin.py:190} INFO - [2025-03-24T17:11:28.745+0000] {override.py:1912} INFO - Created Permission View: can edit on DAG:example_python_operator
[2025-03-24T17:11:28.760+0000] {logging_mixin.py:190} INFO - [2025-03-24T17:11:28.759+0000] {override.py:1912} INFO - Created Permission View: can read on DAG:example_python_operator
[2025-03-24T17:11:28.780+0000] {logging_mixin.py:190} INFO - [2025-03-24T17:11:28.780+0000] {override.py:1912} INFO - Created Permission View: menu access on DAG Run:example_python_operator
[2025-03-24T17:11:28.796+0000] {logging_mixin.py:190} INFO - [2025-03-24T17:11:28.796+0000] {override.py:1912} INFO - Created Permission View: can delete on DAG Run:example_python_operator
[2025-03-24T17:11:28.812+0000] {logging_mixin.py:190} INFO - [2025-03-24T17:11:28.811+0000] {override.py:1912} INFO - Created Permission View: can read on DAG Run:example_python_operator
[2025-03-24T17:11:28.827+0000] {logging_mixin.py:190} INFO - [2025-03-24T17:11:28.826+0000] {override.py:1912} INFO - Created Permission View: can create on DAG Run:example_python_operator
[2025-03-24T17:11:28.827+0000] {logging_mixin.py:190} INFO - [2025-03-24T17:11:28.827+0000] {dag.py:3239} INFO - Sync 1 DAGs
[2025-03-24T17:11:28.854+0000] {logging_mixin.py:190} INFO - [2025-03-24T17:11:28.854+0000] {dag.py:3262} INFO - Creating ORM DAG for example_python_operator
[2025-03-24T17:11:28.855+0000] {logging_mixin.py:190} INFO - [2025-03-24T17:11:28.855+0000] {dag.py:4180} INFO - Setting next_dagrun for example_python_operator to None, run_after=None
[2025-03-24T17:11:28.887+0000] {processor.py:208} INFO - Processing /home/airflow/.local/lib/python3.12/site-packages/airflow/example_dags/example_python_operator.py took 0.406 seconds
[2025-03-24T17:11:59.198+0000] {processor.py:186} INFO - Started process (PID=601) to work on /home/airflow/.local/lib/python3.12/site-packages/airflow/example_dags/example_python_operator.py
[2025-03-24T17:11:59.200+0000] {processor.py:914} INFO - Processing file /home/airflow/.local/lib/python3.12/site-packages/airflow/example_dags/example_python_operator.py for tasks to queue
[2025-03-24T17:11:59.203+0000] {logging_mixin.py:190} INFO - [2025-03-24T17:11:59.203+0000] {dagbag.py:588} INFO - Filling up the DagBag from /home/airflow/.local/lib/python3.12/site-packages/airflow/example_dags/example_python_operator.py
[2025-03-24T17:11:59.230+0000] {processor.py:925} INFO - DAG(s) 'example_python_operator' retrieved from /home/airflow/.local/lib/python3.12/site-packages/airflow/example_dags/example_python_operator.py
[2025-03-24T17:11:59.276+0000] {logging_mixin.py:190} INFO - [2025-03-24T17:11:59.276+0000] {dag.py:3239} INFO - Sync 1 DAGs
[2025-03-24T17:11:59.308+0000] {logging_mixin.py:190} INFO - [2025-03-24T17:11:59.308+0000] {dag.py:4180} INFO - Setting next_dagrun for example_python_operator to None, run_after=None
[2025-03-24T17:11:59.351+0000] {processor.py:208} INFO - Processing /home/airflow/.local/lib/python3.12/site-packages/airflow/example_dags/example_python_operator.py took 0.163 seconds
[2025-03-24T17:12:29.547+0000] {processor.py:186} INFO - Started process (PID=887) to work on /home/airflow/.local/lib/python3.12/site-packages/airflow/example_dags/example_python_operator.py
[2025-03-24T17:12:29.548+0000] {processor.py:914} INFO - Processing file /home/airflow/.local/lib/python3.12/site-packages/airflow/example_dags/example_python_operator.py for tasks to queue
[2025-03-24T17:12:29.552+0000] {logging_mixin.py:190} INFO - [2025-03-24T17:12:29.551+0000] {dagbag.py:588} INFO - Filling up the DagBag from /home/airflow/.local/lib/python3.12/site-packages/airflow/example_dags/example_python_operator.py
[2025-03-24T17:12:29.572+0000] {processor.py:925} INFO - DAG(s) 'example_python_operator' retrieved from /home/airflow/.local/lib/python3.12/site-packages/airflow/example_dags/example_python_operator.py
[2025-03-24T17:12:29.609+0000] {logging_mixin.py:190} INFO - [2025-03-24T17:12:29.609+0000] {dag.py:3239} INFO - Sync 1 DAGs
[2025-03-24T17:12:29.642+0000] {logging_mixin.py:190} INFO - [2025-03-24T17:12:29.642+0000] {dag.py:4180} INFO - Setting next_dagrun for example_python_operator to None, run_after=None
[2025-03-24T17:12:29.699+0000] {processor.py:208} INFO - Processing /home/airflow/.local/lib/python3.12/site-packages/airflow/example_dags/example_python_operator.py took 0.159 seconds
[2025-03-24T17:13:00.070+0000] {processor.py:186} INFO - Started process (PID=1178) to work on /home/airflow/.local/lib/python3.12/site-packages/airflow/example_dags/example_python_operator.py
[2025-03-24T17:13:00.071+0000] {processor.py:914} INFO - Processing file /home/airflow/.local/lib/python3.12/site-packages/airflow/example_dags/example_python_operator.py for tasks to queue
[2025-03-24T17:13:00.074+0000] {logging_mixin.py:190} INFO - [2025-03-24T17:13:00.073+0000] {dagbag.py:588} INFO - Filling up the DagBag from /home/airflow/.local/lib/python3.12/site-packages/airflow/example_dags/example_python_operator.py
[2025-03-24T17:13:00.089+0000] {processor.py:925} INFO - DAG(s) 'example_python_operator' retrieved from /home/airflow/.local/lib/python3.12/site-packages/airflow/example_dags/example_python_operator.py
[2025-03-24T17:13:00.117+0000] {logging_mixin.py:190} INFO - [2025-03-24T17:13:00.117+0000] {dag.py:3239} INFO - Sync 1 DAGs
[2025-03-24T17:13:00.135+0000] {logging_mixin.py:190} INFO - [2025-03-24T17:13:00.135+0000] {dag.py:4180} INFO - Setting next_dagrun for example_python_operator to None, run_after=None
[2025-03-24T17:13:00.160+0000] {processor.py:208} INFO - Processing /home/airflow/.local/lib/python3.12/site-packages/airflow/example_dags/example_python_operator.py took 0.097 seconds
[2025-03-24T17:13:32.682+0000] {processor.py:186} INFO - Started process (PID=1470) to work on /home/airflow/.local/lib/python3.12/site-packages/airflow/example_dags/example_python_operator.py
[2025-03-24T17:13:32.687+0000] {processor.py:914} INFO - Processing file /home/airflow/.local/lib/python3.12/site-packages/airflow/example_dags/example_python_operator.py for tasks to queue
[2025-03-24T17:13:32.691+0000] {logging_mixin.py:190} INFO - [2025-03-24T17:13:32.690+0000] {dagbag.py:588} INFO - Filling up the DagBag from /home/airflow/.local/lib/python3.12/site-packages/airflow/example_dags/example_python_operator.py
[2025-03-24T17:13:32.720+0000] {processor.py:925} INFO - DAG(s) 'example_python_operator' retrieved from /home/airflow/.local/lib/python3.12/site-packages/airflow/example_dags/example_python_operator.py
[2025-03-24T17:13:32.785+0000] {logging_mixin.py:190} INFO - [2025-03-24T17:13:32.784+0000] {dag.py:3239} INFO - Sync 1 DAGs
[2025-03-24T17:13:32.833+0000] {logging_mixin.py:190} INFO - [2025-03-24T17:13:32.832+0000] {dag.py:4180} INFO - Setting next_dagrun for example_python_operator to None, run_after=None
[2025-03-24T17:13:32.926+0000] {processor.py:208} INFO - Processing /home/airflow/.local/lib/python3.12/site-packages/airflow/example_dags/example_python_operator.py took 0.257 seconds
[2025-03-24T17:14:03.863+0000] {processor.py:186} INFO - Started process (PID=1762) to work on /home/airflow/.local/lib/python3.12/site-packages/airflow/example_dags/example_python_operator.py
[2025-03-24T17:14:03.864+0000] {processor.py:914} INFO - Processing file /home/airflow/.local/lib/python3.12/site-packages/airflow/example_dags/example_python_operator.py for tasks to queue
[2025-03-24T17:14:03.866+0000] {logging_mixin.py:190} INFO - [2025-03-24T17:14:03.866+0000] {dagbag.py:588} INFO - Filling up the DagBag from /home/airflow/.local/lib/python3.12/site-packages/airflow/example_dags/example_python_operator.py
[2025-03-24T17:14:03.881+0000] {processor.py:925} INFO - DAG(s) 'example_python_operator' retrieved from /home/airflow/.local/lib/python3.12/site-packages/airflow/example_dags/example_python_operator.py
[2025-03-24T17:14:03.910+0000] {logging_mixin.py:190} INFO - [2025-03-24T17:14:03.910+0000] {dag.py:3239} INFO - Sync 1 DAGs
[2025-03-24T17:14:03.937+0000] {logging_mixin.py:190} INFO - [2025-03-24T17:14:03.937+0000] {dag.py:4180} INFO - Setting next_dagrun for example_python_operator to None, run_after=None
[2025-03-24T17:14:03.973+0000] {processor.py:208} INFO - Processing /home/airflow/.local/lib/python3.12/site-packages/airflow/example_dags/example_python_operator.py took 0.118 seconds
[2025-03-24T17:14:35.480+0000] {processor.py:186} INFO - Started process (PID=2051) to work on /home/airflow/.local/lib/python3.12/site-packages/airflow/example_dags/example_python_operator.py
[2025-03-24T17:14:35.486+0000] {processor.py:914} INFO - Processing file /home/airflow/.local/lib/python3.12/site-packages/airflow/example_dags/example_python_operator.py for tasks to queue
[2025-03-24T17:14:35.489+0000] {logging_mixin.py:190} INFO - [2025-03-24T17:14:35.489+0000] {dagbag.py:588} INFO - Filling up the DagBag from /home/airflow/.local/lib/python3.12/site-packages/airflow/example_dags/example_python_operator.py
[2025-03-24T17:14:35.508+0000] {processor.py:925} INFO - DAG(s) 'example_python_operator' retrieved from /home/airflow/.local/lib/python3.12/site-packages/airflow/example_dags/example_python_operator.py
[2025-03-24T17:14:35.547+0000] {logging_mixin.py:190} INFO - [2025-03-24T17:14:35.547+0000] {dag.py:3239} INFO - Sync 1 DAGs
[2025-03-24T17:14:35.571+0000] {logging_mixin.py:190} INFO - [2025-03-24T17:14:35.571+0000] {dag.py:4180} INFO - Setting next_dagrun for example_python_operator to None, run_after=None
[2025-03-24T17:14:35.612+0000] {processor.py:208} INFO - Processing /home/airflow/.local/lib/python3.12/site-packages/airflow/example_dags/example_python_operator.py took 0.140 seconds
[2025-03-24T17:15:06.896+0000] {processor.py:186} INFO - Started process (PID=2345) to work on /home/airflow/.local/lib/python3.12/site-packages/airflow/example_dags/example_python_operator.py
[2025-03-24T17:15:06.897+0000] {processor.py:914} INFO - Processing file /home/airflow/.local/lib/python3.12/site-packages/airflow/example_dags/example_python_operator.py for tasks to queue
[2025-03-24T17:15:06.900+0000] {logging_mixin.py:190} INFO - [2025-03-24T17:15:06.900+0000] {dagbag.py:588} INFO - Filling up the DagBag from /home/airflow/.local/lib/python3.12/site-packages/airflow/example_dags/example_python_operator.py
[2025-03-24T17:15:06.919+0000] {processor.py:925} INFO - DAG(s) 'example_python_operator' retrieved from /home/airflow/.local/lib/python3.12/site-packages/airflow/example_dags/example_python_operator.py
[2025-03-24T17:15:06.950+0000] {logging_mixin.py:190} INFO - [2025-03-24T17:15:06.949+0000] {dag.py:3239} INFO - Sync 1 DAGs
[2025-03-24T17:15:06.971+0000] {logging_mixin.py:190} INFO - [2025-03-24T17:15:06.971+0000] {dag.py:4180} INFO - Setting next_dagrun for example_python_operator to None, run_after=None
[2025-03-24T17:15:07.002+0000] {processor.py:208} INFO - Processing /home/airflow/.local/lib/python3.12/site-packages/airflow/example_dags/example_python_operator.py took 0.114 seconds
[2025-03-24T17:15:38.068+0000] {processor.py:186} INFO - Started process (PID=2634) to work on /home/airflow/.local/lib/python3.12/site-packages/airflow/example_dags/example_python_operator.py
[2025-03-24T17:15:38.071+0000] {processor.py:914} INFO - Processing file /home/airflow/.local/lib/python3.12/site-packages/airflow/example_dags/example_python_operator.py for tasks to queue
[2025-03-24T17:15:38.074+0000] {logging_mixin.py:190} INFO - [2025-03-24T17:15:38.074+0000] {dagbag.py:588} INFO - Filling up the DagBag from /home/airflow/.local/lib/python3.12/site-packages/airflow/example_dags/example_python_operator.py
[2025-03-24T17:15:38.088+0000] {processor.py:925} INFO - DAG(s) 'example_python_operator' retrieved from /home/airflow/.local/lib/python3.12/site-packages/airflow/example_dags/example_python_operator.py
[2025-03-24T17:15:38.119+0000] {logging_mixin.py:190} INFO - [2025-03-24T17:15:38.119+0000] {dag.py:3239} INFO - Sync 1 DAGs
[2025-03-24T17:15:38.139+0000] {logging_mixin.py:190} INFO - [2025-03-24T17:15:38.139+0000] {dag.py:4180} INFO - Setting next_dagrun for example_python_operator to None, run_after=None
[2025-03-24T17:15:38.183+0000] {processor.py:208} INFO - Processing /home/airflow/.local/lib/python3.12/site-packages/airflow/example_dags/example_python_operator.py took 0.122 seconds
[2025-03-24T17:16:09.165+0000] {processor.py:186} INFO - Started process (PID=2927) to work on /home/airflow/.local/lib/python3.12/site-packages/airflow/example_dags/example_python_operator.py
[2025-03-24T17:16:09.166+0000] {processor.py:914} INFO - Processing file /home/airflow/.local/lib/python3.12/site-packages/airflow/example_dags/example_python_operator.py for tasks to queue
[2025-03-24T17:16:09.170+0000] {logging_mixin.py:190} INFO - [2025-03-24T17:16:09.169+0000] {dagbag.py:588} INFO - Filling up the DagBag from /home/airflow/.local/lib/python3.12/site-packages/airflow/example_dags/example_python_operator.py
[2025-03-24T17:16:09.185+0000] {processor.py:925} INFO - DAG(s) 'example_python_operator' retrieved from /home/airflow/.local/lib/python3.12/site-packages/airflow/example_dags/example_python_operator.py
[2025-03-24T17:16:09.216+0000] {logging_mixin.py:190} INFO - [2025-03-24T17:16:09.216+0000] {dag.py:3239} INFO - Sync 1 DAGs
[2025-03-24T17:16:09.238+0000] {logging_mixin.py:190} INFO - [2025-03-24T17:16:09.237+0000] {dag.py:4180} INFO - Setting next_dagrun for example_python_operator to None, run_after=None
[2025-03-24T17:16:09.275+0000] {processor.py:208} INFO - Processing /home/airflow/.local/lib/python3.12/site-packages/airflow/example_dags/example_python_operator.py took 0.119 seconds
[2025-03-24T17:16:40.408+0000] {processor.py:186} INFO - Started process (PID=3215) to work on /home/airflow/.local/lib/python3.12/site-packages/airflow/example_dags/example_python_operator.py
[2025-03-24T17:16:40.412+0000] {processor.py:914} INFO - Processing file /home/airflow/.local/lib/python3.12/site-packages/airflow/example_dags/example_python_operator.py for tasks to queue
[2025-03-24T17:16:40.414+0000] {logging_mixin.py:190} INFO - [2025-03-24T17:16:40.414+0000] {dagbag.py:588} INFO - Filling up the DagBag from /home/airflow/.local/lib/python3.12/site-packages/airflow/example_dags/example_python_operator.py
[2025-03-24T17:16:40.428+0000] {processor.py:925} INFO - DAG(s) 'example_python_operator' retrieved from /home/airflow/.local/lib/python3.12/site-packages/airflow/example_dags/example_python_operator.py
[2025-03-24T17:16:40.465+0000] {logging_mixin.py:190} INFO - [2025-03-24T17:16:40.464+0000] {dag.py:3239} INFO - Sync 1 DAGs
[2025-03-24T17:16:40.486+0000] {logging_mixin.py:190} INFO - [2025-03-24T17:16:40.486+0000] {dag.py:4180} INFO - Setting next_dagrun for example_python_operator to None, run_after=None
[2025-03-24T17:16:40.515+0000] {processor.py:208} INFO - Processing /home/airflow/.local/lib/python3.12/site-packages/airflow/example_dags/example_python_operator.py took 0.115 seconds
[2025-03-24T17:17:11.706+0000] {processor.py:186} INFO - Started process (PID=3506) to work on /home/airflow/.local/lib/python3.12/site-packages/airflow/example_dags/example_python_operator.py
[2025-03-24T17:17:11.710+0000] {processor.py:914} INFO - Processing file /home/airflow/.local/lib/python3.12/site-packages/airflow/example_dags/example_python_operator.py for tasks to queue
[2025-03-24T17:17:11.714+0000] {logging_mixin.py:190} INFO - [2025-03-24T17:17:11.713+0000] {dagbag.py:588} INFO - Filling up the DagBag from /home/airflow/.local/lib/python3.12/site-packages/airflow/example_dags/example_python_operator.py
[2025-03-24T17:17:11.735+0000] {processor.py:925} INFO - DAG(s) 'example_python_operator' retrieved from /home/airflow/.local/lib/python3.12/site-packages/airflow/example_dags/example_python_operator.py
[2025-03-24T17:17:11.779+0000] {logging_mixin.py:190} INFO - [2025-03-24T17:17:11.778+0000] {dag.py:3239} INFO - Sync 1 DAGs
[2025-03-24T17:17:11.807+0000] {logging_mixin.py:190} INFO - [2025-03-24T17:17:11.807+0000] {dag.py:4180} INFO - Setting next_dagrun for example_python_operator to None, run_after=None
[2025-03-24T17:17:11.850+0000] {processor.py:208} INFO - Processing /home/airflow/.local/lib/python3.12/site-packages/airflow/example_dags/example_python_operator.py took 0.153 seconds
[2025-03-24T17:17:42.195+0000] {processor.py:186} INFO - Started process (PID=3794) to work on /home/airflow/.local/lib/python3.12/site-packages/airflow/example_dags/example_python_operator.py
[2025-03-24T17:17:42.196+0000] {processor.py:914} INFO - Processing file /home/airflow/.local/lib/python3.12/site-packages/airflow/example_dags/example_python_operator.py for tasks to queue
[2025-03-24T17:17:42.198+0000] {logging_mixin.py:190} INFO - [2025-03-24T17:17:42.198+0000] {dagbag.py:588} INFO - Filling up the DagBag from /home/airflow/.local/lib/python3.12/site-packages/airflow/example_dags/example_python_operator.py
[2025-03-24T17:17:42.218+0000] {processor.py:925} INFO - DAG(s) 'example_python_operator' retrieved from /home/airflow/.local/lib/python3.12/site-packages/airflow/example_dags/example_python_operator.py
[2025-03-24T17:17:42.254+0000] {logging_mixin.py:190} INFO - [2025-03-24T17:17:42.253+0000] {dag.py:3239} INFO - Sync 1 DAGs
[2025-03-24T17:17:42.276+0000] {logging_mixin.py:190} INFO - [2025-03-24T17:17:42.275+0000] {dag.py:4180} INFO - Setting next_dagrun for example_python_operator to None, run_after=None
[2025-03-24T17:17:42.306+0000] {processor.py:208} INFO - Processing /home/airflow/.local/lib/python3.12/site-packages/airflow/example_dags/example_python_operator.py took 0.119 seconds
[2025-03-24T17:18:12.750+0000] {processor.py:186} INFO - Started process (PID=4108) to work on /home/airflow/.local/lib/python3.12/site-packages/airflow/example_dags/example_python_operator.py
[2025-03-24T17:18:12.754+0000] {processor.py:914} INFO - Processing file /home/airflow/.local/lib/python3.12/site-packages/airflow/example_dags/example_python_operator.py for tasks to queue
[2025-03-24T17:18:12.757+0000] {logging_mixin.py:190} INFO - [2025-03-24T17:18:12.756+0000] {dagbag.py:588} INFO - Filling up the DagBag from /home/airflow/.local/lib/python3.12/site-packages/airflow/example_dags/example_python_operator.py
[2025-03-24T17:18:12.772+0000] {processor.py:925} INFO - DAG(s) 'example_python_operator' retrieved from /home/airflow/.local/lib/python3.12/site-packages/airflow/example_dags/example_python_operator.py
[2025-03-24T17:18:12.800+0000] {logging_mixin.py:190} INFO - [2025-03-24T17:18:12.800+0000] {dag.py:3239} INFO - Sync 1 DAGs
[2025-03-24T17:18:12.819+0000] {logging_mixin.py:190} INFO - [2025-03-24T17:18:12.818+0000] {dag.py:4180} INFO - Setting next_dagrun for example_python_operator to None, run_after=None
[2025-03-24T17:18:12.846+0000] {processor.py:208} INFO - Processing /home/airflow/.local/lib/python3.12/site-packages/airflow/example_dags/example_python_operator.py took 0.107 seconds
[2025-03-24T17:18:43.824+0000] {processor.py:186} INFO - Started process (PID=4395) to work on /home/airflow/.local/lib/python3.12/site-packages/airflow/example_dags/example_python_operator.py
[2025-03-24T17:18:43.825+0000] {processor.py:914} INFO - Processing file /home/airflow/.local/lib/python3.12/site-packages/airflow/example_dags/example_python_operator.py for tasks to queue
[2025-03-24T17:18:43.828+0000] {logging_mixin.py:190} INFO - [2025-03-24T17:18:43.828+0000] {dagbag.py:588} INFO - Filling up the DagBag from /home/airflow/.local/lib/python3.12/site-packages/airflow/example_dags/example_python_operator.py
[2025-03-24T17:18:43.845+0000] {processor.py:925} INFO - DAG(s) 'example_python_operator' retrieved from /home/airflow/.local/lib/python3.12/site-packages/airflow/example_dags/example_python_operator.py
[2025-03-24T17:18:43.901+0000] {logging_mixin.py:190} INFO - [2025-03-24T17:18:43.900+0000] {dag.py:3239} INFO - Sync 1 DAGs
[2025-03-24T17:18:43.951+0000] {logging_mixin.py:190} INFO - [2025-03-24T17:18:43.950+0000] {dag.py:4180} INFO - Setting next_dagrun for example_python_operator to None, run_after=None
[2025-03-24T17:18:43.999+0000] {processor.py:208} INFO - Processing /home/airflow/.local/lib/python3.12/site-packages/airflow/example_dags/example_python_operator.py took 0.186 seconds
[2025-03-24T17:19:14.804+0000] {processor.py:186} INFO - Started process (PID=4688) to work on /home/airflow/.local/lib/python3.12/site-packages/airflow/example_dags/example_python_operator.py
[2025-03-24T17:19:14.806+0000] {processor.py:914} INFO - Processing file /home/airflow/.local/lib/python3.12/site-packages/airflow/example_dags/example_python_operator.py for tasks to queue
[2025-03-24T17:19:14.808+0000] {logging_mixin.py:190} INFO - [2025-03-24T17:19:14.807+0000] {dagbag.py:588} INFO - Filling up the DagBag from /home/airflow/.local/lib/python3.12/site-packages/airflow/example_dags/example_python_operator.py
[2025-03-24T17:19:14.823+0000] {processor.py:925} INFO - DAG(s) 'example_python_operator' retrieved from /home/airflow/.local/lib/python3.12/site-packages/airflow/example_dags/example_python_operator.py
[2025-03-24T17:19:14.858+0000] {logging_mixin.py:190} INFO - [2025-03-24T17:19:14.858+0000] {dag.py:3239} INFO - Sync 1 DAGs
[2025-03-24T17:19:14.883+0000] {logging_mixin.py:190} INFO - [2025-03-24T17:19:14.883+0000] {dag.py:4180} INFO - Setting next_dagrun for example_python_operator to None, run_after=None
[2025-03-24T17:19:14.914+0000] {processor.py:208} INFO - Processing /home/airflow/.local/lib/python3.12/site-packages/airflow/example_dags/example_python_operator.py took 0.117 seconds
[2025-03-24T17:19:46.759+0000] {processor.py:186} INFO - Started process (PID=4983) to work on /home/airflow/.local/lib/python3.12/site-packages/airflow/example_dags/example_python_operator.py
[2025-03-24T17:19:46.760+0000] {processor.py:914} INFO - Processing file /home/airflow/.local/lib/python3.12/site-packages/airflow/example_dags/example_python_operator.py for tasks to queue
[2025-03-24T17:19:46.763+0000] {logging_mixin.py:190} INFO - [2025-03-24T17:19:46.763+0000] {dagbag.py:588} INFO - Filling up the DagBag from /home/airflow/.local/lib/python3.12/site-packages/airflow/example_dags/example_python_operator.py
[2025-03-24T17:19:46.790+0000] {processor.py:925} INFO - DAG(s) 'example_python_operator' retrieved from /home/airflow/.local/lib/python3.12/site-packages/airflow/example_dags/example_python_operator.py
[2025-03-24T17:19:46.837+0000] {logging_mixin.py:190} INFO - [2025-03-24T17:19:46.836+0000] {dag.py:3239} INFO - Sync 1 DAGs
[2025-03-24T17:19:46.874+0000] {logging_mixin.py:190} INFO - [2025-03-24T17:19:46.874+0000] {dag.py:4180} INFO - Setting next_dagrun for example_python_operator to None, run_after=None
[2025-03-24T17:19:46.918+0000] {processor.py:208} INFO - Processing /home/airflow/.local/lib/python3.12/site-packages/airflow/example_dags/example_python_operator.py took 0.173 seconds
[2025-03-24T17:20:19.304+0000] {processor.py:186} INFO - Started process (PID=5278) to work on /home/airflow/.local/lib/python3.12/site-packages/airflow/example_dags/example_python_operator.py
[2025-03-24T17:20:19.308+0000] {processor.py:914} INFO - Processing file /home/airflow/.local/lib/python3.12/site-packages/airflow/example_dags/example_python_operator.py for tasks to queue
[2025-03-24T17:20:19.311+0000] {logging_mixin.py:190} INFO - [2025-03-24T17:20:19.310+0000] {dagbag.py:588} INFO - Filling up the DagBag from /home/airflow/.local/lib/python3.12/site-packages/airflow/example_dags/example_python_operator.py
[2025-03-24T17:20:19.331+0000] {processor.py:925} INFO - DAG(s) 'example_python_operator' retrieved from /home/airflow/.local/lib/python3.12/site-packages/airflow/example_dags/example_python_operator.py
[2025-03-24T17:20:19.369+0000] {logging_mixin.py:190} INFO - [2025-03-24T17:20:19.368+0000] {dag.py:3239} INFO - Sync 1 DAGs
[2025-03-24T17:20:19.394+0000] {logging_mixin.py:190} INFO - [2025-03-24T17:20:19.394+0000] {dag.py:4180} INFO - Setting next_dagrun for example_python_operator to None, run_after=None
[2025-03-24T17:20:19.431+0000] {processor.py:208} INFO - Processing /home/airflow/.local/lib/python3.12/site-packages/airflow/example_dags/example_python_operator.py took 0.145 seconds
[2025-03-24T17:20:51.574+0000] {processor.py:186} INFO - Started process (PID=5571) to work on /home/airflow/.local/lib/python3.12/site-packages/airflow/example_dags/example_python_operator.py
[2025-03-24T17:20:51.578+0000] {processor.py:914} INFO - Processing file /home/airflow/.local/lib/python3.12/site-packages/airflow/example_dags/example_python_operator.py for tasks to queue
[2025-03-24T17:20:51.584+0000] {logging_mixin.py:190} INFO - [2025-03-24T17:20:51.583+0000] {dagbag.py:588} INFO - Filling up the DagBag from /home/airflow/.local/lib/python3.12/site-packages/airflow/example_dags/example_python_operator.py
[2025-03-24T17:20:51.607+0000] {processor.py:925} INFO - DAG(s) 'example_python_operator' retrieved from /home/airflow/.local/lib/python3.12/site-packages/airflow/example_dags/example_python_operator.py
[2025-03-24T17:20:51.660+0000] {logging_mixin.py:190} INFO - [2025-03-24T17:20:51.660+0000] {dag.py:3239} INFO - Sync 1 DAGs
[2025-03-24T17:20:51.692+0000] {logging_mixin.py:190} INFO - [2025-03-24T17:20:51.691+0000] {dag.py:4180} INFO - Setting next_dagrun for example_python_operator to None, run_after=None
[2025-03-24T17:20:51.752+0000] {processor.py:208} INFO - Processing /home/airflow/.local/lib/python3.12/site-packages/airflow/example_dags/example_python_operator.py took 0.189 seconds
[2025-03-24T17:21:23.093+0000] {processor.py:186} INFO - Started process (PID=5861) to work on /home/airflow/.local/lib/python3.12/site-packages/airflow/example_dags/example_python_operator.py
[2025-03-24T17:21:23.094+0000] {processor.py:914} INFO - Processing file /home/airflow/.local/lib/python3.12/site-packages/airflow/example_dags/example_python_operator.py for tasks to queue
[2025-03-24T17:21:23.097+0000] {logging_mixin.py:190} INFO - [2025-03-24T17:21:23.097+0000] {dagbag.py:588} INFO - Filling up the DagBag from /home/airflow/.local/lib/python3.12/site-packages/airflow/example_dags/example_python_operator.py
[2025-03-24T17:21:23.119+0000] {processor.py:925} INFO - DAG(s) 'example_python_operator' retrieved from /home/airflow/.local/lib/python3.12/site-packages/airflow/example_dags/example_python_operator.py
[2025-03-24T17:21:23.170+0000] {logging_mixin.py:190} INFO - [2025-03-24T17:21:23.169+0000] {dag.py:3239} INFO - Sync 1 DAGs
[2025-03-24T17:21:23.195+0000] {logging_mixin.py:190} INFO - [2025-03-24T17:21:23.195+0000] {dag.py:4180} INFO - Setting next_dagrun for example_python_operator to None, run_after=None
[2025-03-24T17:21:23.244+0000] {processor.py:208} INFO - Processing /home/airflow/.local/lib/python3.12/site-packages/airflow/example_dags/example_python_operator.py took 0.161 seconds
[2025-03-24T17:21:54.096+0000] {processor.py:186} INFO - Started process (PID=6152) to work on /home/airflow/.local/lib/python3.12/site-packages/airflow/example_dags/example_python_operator.py
[2025-03-24T17:21:54.099+0000] {processor.py:914} INFO - Processing file /home/airflow/.local/lib/python3.12/site-packages/airflow/example_dags/example_python_operator.py for tasks to queue
[2025-03-24T17:21:54.104+0000] {logging_mixin.py:190} INFO - [2025-03-24T17:21:54.103+0000] {dagbag.py:588} INFO - Filling up the DagBag from /home/airflow/.local/lib/python3.12/site-packages/airflow/example_dags/example_python_operator.py
[2025-03-24T17:21:54.128+0000] {processor.py:925} INFO - DAG(s) 'example_python_operator' retrieved from /home/airflow/.local/lib/python3.12/site-packages/airflow/example_dags/example_python_operator.py
[2025-03-24T17:21:54.165+0000] {logging_mixin.py:190} INFO - [2025-03-24T17:21:54.164+0000] {dag.py:3239} INFO - Sync 1 DAGs
[2025-03-24T17:21:54.191+0000] {logging_mixin.py:190} INFO - [2025-03-24T17:21:54.190+0000] {dag.py:4180} INFO - Setting next_dagrun for example_python_operator to None, run_after=None
[2025-03-24T17:21:54.227+0000] {processor.py:208} INFO - Processing /home/airflow/.local/lib/python3.12/site-packages/airflow/example_dags/example_python_operator.py took 0.143 seconds
[2025-03-24T17:22:24.772+0000] {processor.py:186} INFO - Started process (PID=6440) to work on /home/airflow/.local/lib/python3.12/site-packages/airflow/example_dags/example_python_operator.py
[2025-03-24T17:22:24.773+0000] {processor.py:914} INFO - Processing file /home/airflow/.local/lib/python3.12/site-packages/airflow/example_dags/example_python_operator.py for tasks to queue
[2025-03-24T17:22:24.776+0000] {logging_mixin.py:190} INFO - [2025-03-24T17:22:24.775+0000] {dagbag.py:588} INFO - Filling up the DagBag from /home/airflow/.local/lib/python3.12/site-packages/airflow/example_dags/example_python_operator.py
[2025-03-24T17:22:24.790+0000] {processor.py:925} INFO - DAG(s) 'example_python_operator' retrieved from /home/airflow/.local/lib/python3.12/site-packages/airflow/example_dags/example_python_operator.py
[2025-03-24T17:22:24.819+0000] {logging_mixin.py:190} INFO - [2025-03-24T17:22:24.819+0000] {dag.py:3239} INFO - Sync 1 DAGs
[2025-03-24T17:22:24.843+0000] {logging_mixin.py:190} INFO - [2025-03-24T17:22:24.843+0000] {dag.py:4180} INFO - Setting next_dagrun for example_python_operator to None, run_after=None
[2025-03-24T17:22:24.871+0000] {processor.py:208} INFO - Processing /home/airflow/.local/lib/python3.12/site-packages/airflow/example_dags/example_python_operator.py took 0.106 seconds
[2025-03-24T17:22:57.182+0000] {processor.py:186} INFO - Started process (PID=6734) to work on /home/airflow/.local/lib/python3.12/site-packages/airflow/example_dags/example_python_operator.py
[2025-03-24T17:22:57.186+0000] {processor.py:914} INFO - Processing file /home/airflow/.local/lib/python3.12/site-packages/airflow/example_dags/example_python_operator.py for tasks to queue
[2025-03-24T17:22:57.190+0000] {logging_mixin.py:190} INFO - [2025-03-24T17:22:57.190+0000] {dagbag.py:588} INFO - Filling up the DagBag from /home/airflow/.local/lib/python3.12/site-packages/airflow/example_dags/example_python_operator.py
[2025-03-24T17:22:57.210+0000] {processor.py:925} INFO - DAG(s) 'example_python_operator' retrieved from /home/airflow/.local/lib/python3.12/site-packages/airflow/example_dags/example_python_operator.py
[2025-03-24T17:22:57.246+0000] {logging_mixin.py:190} INFO - [2025-03-24T17:22:57.246+0000] {dag.py:3239} INFO - Sync 1 DAGs
[2025-03-24T17:22:57.276+0000] {logging_mixin.py:190} INFO - [2025-03-24T17:22:57.275+0000] {dag.py:4180} INFO - Setting next_dagrun for example_python_operator to None, run_after=None
[2025-03-24T17:22:57.313+0000] {processor.py:208} INFO - Processing /home/airflow/.local/lib/python3.12/site-packages/airflow/example_dags/example_python_operator.py took 0.139 seconds
[2025-03-24T17:23:27.866+0000] {processor.py:186} INFO - Started process (PID=7025) to work on /home/airflow/.local/lib/python3.12/site-packages/airflow/example_dags/example_python_operator.py
[2025-03-24T17:23:27.866+0000] {processor.py:914} INFO - Processing file /home/airflow/.local/lib/python3.12/site-packages/airflow/example_dags/example_python_operator.py for tasks to queue
[2025-03-24T17:23:27.869+0000] {logging_mixin.py:190} INFO - [2025-03-24T17:23:27.869+0000] {dagbag.py:588} INFO - Filling up the DagBag from /home/airflow/.local/lib/python3.12/site-packages/airflow/example_dags/example_python_operator.py
[2025-03-24T17:23:27.885+0000] {processor.py:925} INFO - DAG(s) 'example_python_operator' retrieved from /home/airflow/.local/lib/python3.12/site-packages/airflow/example_dags/example_python_operator.py
[2025-03-24T17:23:27.916+0000] {logging_mixin.py:190} INFO - [2025-03-24T17:23:27.916+0000] {dag.py:3239} INFO - Sync 1 DAGs
[2025-03-24T17:23:27.936+0000] {logging_mixin.py:190} INFO - [2025-03-24T17:23:27.935+0000] {dag.py:4180} INFO - Setting next_dagrun for example_python_operator to None, run_after=None
[2025-03-24T17:23:27.975+0000] {processor.py:208} INFO - Processing /home/airflow/.local/lib/python3.12/site-packages/airflow/example_dags/example_python_operator.py took 0.117 seconds
[2025-03-24T17:23:59.374+0000] {processor.py:186} INFO - Started process (PID=7313) to work on /home/airflow/.local/lib/python3.12/site-packages/airflow/example_dags/example_python_operator.py
[2025-03-24T17:23:59.376+0000] {processor.py:914} INFO - Processing file /home/airflow/.local/lib/python3.12/site-packages/airflow/example_dags/example_python_operator.py for tasks to queue
[2025-03-24T17:23:59.378+0000] {logging_mixin.py:190} INFO - [2025-03-24T17:23:59.378+0000] {dagbag.py:588} INFO - Filling up the DagBag from /home/airflow/.local/lib/python3.12/site-packages/airflow/example_dags/example_python_operator.py
[2025-03-24T17:23:59.393+0000] {processor.py:925} INFO - DAG(s) 'example_python_operator' retrieved from /home/airflow/.local/lib/python3.12/site-packages/airflow/example_dags/example_python_operator.py
[2025-03-24T17:23:59.425+0000] {logging_mixin.py:190} INFO - [2025-03-24T17:23:59.425+0000] {dag.py:3239} INFO - Sync 1 DAGs
[2025-03-24T17:23:59.451+0000] {logging_mixin.py:190} INFO - [2025-03-24T17:23:59.451+0000] {dag.py:4180} INFO - Setting next_dagrun for example_python_operator to None, run_after=None
[2025-03-24T17:23:59.487+0000] {processor.py:208} INFO - Processing /home/airflow/.local/lib/python3.12/site-packages/airflow/example_dags/example_python_operator.py took 0.121 seconds
[2025-03-24T17:24:30.757+0000] {processor.py:186} INFO - Started process (PID=7613) to work on /home/airflow/.local/lib/python3.12/site-packages/airflow/example_dags/example_python_operator.py
[2025-03-24T17:24:30.758+0000] {processor.py:914} INFO - Processing file /home/airflow/.local/lib/python3.12/site-packages/airflow/example_dags/example_python_operator.py for tasks to queue
[2025-03-24T17:24:30.761+0000] {logging_mixin.py:190} INFO - [2025-03-24T17:24:30.761+0000] {dagbag.py:588} INFO - Filling up the DagBag from /home/airflow/.local/lib/python3.12/site-packages/airflow/example_dags/example_python_operator.py
[2025-03-24T17:24:30.780+0000] {processor.py:925} INFO - DAG(s) 'example_python_operator' retrieved from /home/airflow/.local/lib/python3.12/site-packages/airflow/example_dags/example_python_operator.py
[2025-03-24T17:24:30.815+0000] {logging_mixin.py:190} INFO - [2025-03-24T17:24:30.814+0000] {dag.py:3239} INFO - Sync 1 DAGs
[2025-03-24T17:24:30.842+0000] {logging_mixin.py:190} INFO - [2025-03-24T17:24:30.841+0000] {dag.py:4180} INFO - Setting next_dagrun for example_python_operator to None, run_after=None
[2025-03-24T17:24:30.871+0000] {processor.py:208} INFO - Processing /home/airflow/.local/lib/python3.12/site-packages/airflow/example_dags/example_python_operator.py took 0.124 seconds
[2025-03-24T17:25:01.996+0000] {processor.py:186} INFO - Started process (PID=7905) to work on /home/airflow/.local/lib/python3.12/site-packages/airflow/example_dags/example_python_operator.py
[2025-03-24T17:25:01.997+0000] {processor.py:914} INFO - Processing file /home/airflow/.local/lib/python3.12/site-packages/airflow/example_dags/example_python_operator.py for tasks to queue
[2025-03-24T17:25:02.000+0000] {logging_mixin.py:190} INFO - [2025-03-24T17:25:02.000+0000] {dagbag.py:588} INFO - Filling up the DagBag from /home/airflow/.local/lib/python3.12/site-packages/airflow/example_dags/example_python_operator.py
[2025-03-24T17:25:02.016+0000] {processor.py:925} INFO - DAG(s) 'example_python_operator' retrieved from /home/airflow/.local/lib/python3.12/site-packages/airflow/example_dags/example_python_operator.py
[2025-03-24T17:25:02.043+0000] {logging_mixin.py:190} INFO - [2025-03-24T17:25:02.042+0000] {dag.py:3239} INFO - Sync 1 DAGs
[2025-03-24T17:25:02.064+0000] {logging_mixin.py:190} INFO - [2025-03-24T17:25:02.064+0000] {dag.py:4180} INFO - Setting next_dagrun for example_python_operator to None, run_after=None
[2025-03-24T17:25:02.090+0000] {processor.py:208} INFO - Processing /home/airflow/.local/lib/python3.12/site-packages/airflow/example_dags/example_python_operator.py took 0.103 seconds
[2025-03-24T17:25:34.454+0000] {processor.py:186} INFO - Started process (PID=8210) to work on /home/airflow/.local/lib/python3.12/site-packages/airflow/example_dags/example_python_operator.py
[2025-03-24T17:25:34.458+0000] {processor.py:914} INFO - Processing file /home/airflow/.local/lib/python3.12/site-packages/airflow/example_dags/example_python_operator.py for tasks to queue
[2025-03-24T17:25:34.460+0000] {logging_mixin.py:190} INFO - [2025-03-24T17:25:34.460+0000] {dagbag.py:588} INFO - Filling up the DagBag from /home/airflow/.local/lib/python3.12/site-packages/airflow/example_dags/example_python_operator.py
[2025-03-24T17:25:34.480+0000] {processor.py:925} INFO - DAG(s) 'example_python_operator' retrieved from /home/airflow/.local/lib/python3.12/site-packages/airflow/example_dags/example_python_operator.py
[2025-03-24T17:25:34.518+0000] {logging_mixin.py:190} INFO - [2025-03-24T17:25:34.518+0000] {dag.py:3239} INFO - Sync 1 DAGs
[2025-03-24T17:25:34.546+0000] {logging_mixin.py:190} INFO - [2025-03-24T17:25:34.545+0000] {dag.py:4180} INFO - Setting next_dagrun for example_python_operator to None, run_after=None
[2025-03-24T17:25:34.599+0000] {processor.py:208} INFO - Processing /home/airflow/.local/lib/python3.12/site-packages/airflow/example_dags/example_python_operator.py took 0.152 seconds
[2025-03-24T17:26:05.303+0000] {processor.py:186} INFO - Started process (PID=8501) to work on /home/airflow/.local/lib/python3.12/site-packages/airflow/example_dags/example_python_operator.py
[2025-03-24T17:26:05.306+0000] {processor.py:914} INFO - Processing file /home/airflow/.local/lib/python3.12/site-packages/airflow/example_dags/example_python_operator.py for tasks to queue
[2025-03-24T17:26:05.308+0000] {logging_mixin.py:190} INFO - [2025-03-24T17:26:05.308+0000] {dagbag.py:588} INFO - Filling up the DagBag from /home/airflow/.local/lib/python3.12/site-packages/airflow/example_dags/example_python_operator.py
[2025-03-24T17:26:05.329+0000] {processor.py:925} INFO - DAG(s) 'example_python_operator' retrieved from /home/airflow/.local/lib/python3.12/site-packages/airflow/example_dags/example_python_operator.py
[2025-03-24T17:26:05.371+0000] {logging_mixin.py:190} INFO - [2025-03-24T17:26:05.370+0000] {dag.py:3239} INFO - Sync 1 DAGs
[2025-03-24T17:26:05.401+0000] {logging_mixin.py:190} INFO - [2025-03-24T17:26:05.400+0000] {dag.py:4180} INFO - Setting next_dagrun for example_python_operator to None, run_after=None
[2025-03-24T17:26:05.439+0000] {processor.py:208} INFO - Processing /home/airflow/.local/lib/python3.12/site-packages/airflow/example_dags/example_python_operator.py took 0.143 seconds
[2025-03-24T17:26:38.273+0000] {processor.py:186} INFO - Started process (PID=8812) to work on /home/airflow/.local/lib/python3.12/site-packages/airflow/example_dags/example_python_operator.py
[2025-03-24T17:26:38.277+0000] {processor.py:914} INFO - Processing file /home/airflow/.local/lib/python3.12/site-packages/airflow/example_dags/example_python_operator.py for tasks to queue
[2025-03-24T17:26:38.279+0000] {logging_mixin.py:190} INFO - [2025-03-24T17:26:38.279+0000] {dagbag.py:588} INFO - Filling up the DagBag from /home/airflow/.local/lib/python3.12/site-packages/airflow/example_dags/example_python_operator.py
[2025-03-24T17:26:38.305+0000] {processor.py:925} INFO - DAG(s) 'example_python_operator' retrieved from /home/airflow/.local/lib/python3.12/site-packages/airflow/example_dags/example_python_operator.py
[2025-03-24T17:26:38.345+0000] {logging_mixin.py:190} INFO - [2025-03-24T17:26:38.344+0000] {dag.py:3239} INFO - Sync 1 DAGs
[2025-03-24T17:26:38.373+0000] {logging_mixin.py:190} INFO - [2025-03-24T17:26:38.373+0000] {dag.py:4180} INFO - Setting next_dagrun for example_python_operator to None, run_after=None
[2025-03-24T17:26:38.426+0000] {processor.py:208} INFO - Processing /home/airflow/.local/lib/python3.12/site-packages/airflow/example_dags/example_python_operator.py took 0.164 seconds
[2025-03-24T17:27:09.407+0000] {processor.py:186} INFO - Started process (PID=9103) to work on /home/airflow/.local/lib/python3.12/site-packages/airflow/example_dags/example_python_operator.py
[2025-03-24T17:27:09.411+0000] {processor.py:914} INFO - Processing file /home/airflow/.local/lib/python3.12/site-packages/airflow/example_dags/example_python_operator.py for tasks to queue
[2025-03-24T17:27:09.414+0000] {logging_mixin.py:190} INFO - [2025-03-24T17:27:09.413+0000] {dagbag.py:588} INFO - Filling up the DagBag from /home/airflow/.local/lib/python3.12/site-packages/airflow/example_dags/example_python_operator.py
[2025-03-24T17:27:09.437+0000] {processor.py:925} INFO - DAG(s) 'example_python_operator' retrieved from /home/airflow/.local/lib/python3.12/site-packages/airflow/example_dags/example_python_operator.py
[2025-03-24T17:27:09.482+0000] {logging_mixin.py:190} INFO - [2025-03-24T17:27:09.482+0000] {dag.py:3239} INFO - Sync 1 DAGs
[2025-03-24T17:27:09.510+0000] {logging_mixin.py:190} INFO - [2025-03-24T17:27:09.510+0000] {dag.py:4180} INFO - Setting next_dagrun for example_python_operator to None, run_after=None
[2025-03-24T17:27:09.553+0000] {processor.py:208} INFO - Processing /home/airflow/.local/lib/python3.12/site-packages/airflow/example_dags/example_python_operator.py took 0.161 seconds
[2025-03-24T17:27:41.390+0000] {processor.py:186} INFO - Started process (PID=9399) to work on /home/airflow/.local/lib/python3.12/site-packages/airflow/example_dags/example_python_operator.py
[2025-03-24T17:27:41.395+0000] {processor.py:914} INFO - Processing file /home/airflow/.local/lib/python3.12/site-packages/airflow/example_dags/example_python_operator.py for tasks to queue
[2025-03-24T17:27:41.397+0000] {logging_mixin.py:190} INFO - [2025-03-24T17:27:41.397+0000] {dagbag.py:588} INFO - Filling up the DagBag from /home/airflow/.local/lib/python3.12/site-packages/airflow/example_dags/example_python_operator.py
[2025-03-24T17:27:41.416+0000] {processor.py:925} INFO - DAG(s) 'example_python_operator' retrieved from /home/airflow/.local/lib/python3.12/site-packages/airflow/example_dags/example_python_operator.py
[2025-03-24T17:27:41.454+0000] {logging_mixin.py:190} INFO - [2025-03-24T17:27:41.454+0000] {dag.py:3239} INFO - Sync 1 DAGs
[2025-03-24T17:27:41.483+0000] {logging_mixin.py:190} INFO - [2025-03-24T17:27:41.483+0000] {dag.py:4180} INFO - Setting next_dagrun for example_python_operator to None, run_after=None
[2025-03-24T17:27:41.521+0000] {processor.py:208} INFO - Processing /home/airflow/.local/lib/python3.12/site-packages/airflow/example_dags/example_python_operator.py took 0.138 seconds
[2025-03-24T17:28:13.597+0000] {processor.py:186} INFO - Started process (PID=9690) to work on /home/airflow/.local/lib/python3.12/site-packages/airflow/example_dags/example_python_operator.py
[2025-03-24T17:28:13.600+0000] {processor.py:914} INFO - Processing file /home/airflow/.local/lib/python3.12/site-packages/airflow/example_dags/example_python_operator.py for tasks to queue
[2025-03-24T17:28:13.605+0000] {logging_mixin.py:190} INFO - [2025-03-24T17:28:13.604+0000] {dagbag.py:588} INFO - Filling up the DagBag from /home/airflow/.local/lib/python3.12/site-packages/airflow/example_dags/example_python_operator.py
[2025-03-24T17:28:13.624+0000] {processor.py:925} INFO - DAG(s) 'example_python_operator' retrieved from /home/airflow/.local/lib/python3.12/site-packages/airflow/example_dags/example_python_operator.py
[2025-03-24T17:28:13.663+0000] {logging_mixin.py:190} INFO - [2025-03-24T17:28:13.662+0000] {dag.py:3239} INFO - Sync 1 DAGs
[2025-03-24T17:28:13.692+0000] {logging_mixin.py:190} INFO - [2025-03-24T17:28:13.692+0000] {dag.py:4180} INFO - Setting next_dagrun for example_python_operator to None, run_after=None
[2025-03-24T17:28:13.745+0000] {processor.py:208} INFO - Processing /home/airflow/.local/lib/python3.12/site-packages/airflow/example_dags/example_python_operator.py took 0.158 seconds
[2025-03-24T17:28:45.292+0000] {processor.py:186} INFO - Started process (PID=9983) to work on /home/airflow/.local/lib/python3.12/site-packages/airflow/example_dags/example_python_operator.py
[2025-03-24T17:28:45.294+0000] {processor.py:914} INFO - Processing file /home/airflow/.local/lib/python3.12/site-packages/airflow/example_dags/example_python_operator.py for tasks to queue
[2025-03-24T17:28:45.297+0000] {logging_mixin.py:190} INFO - [2025-03-24T17:28:45.297+0000] {dagbag.py:588} INFO - Filling up the DagBag from /home/airflow/.local/lib/python3.12/site-packages/airflow/example_dags/example_python_operator.py
[2025-03-24T17:28:45.320+0000] {processor.py:925} INFO - DAG(s) 'example_python_operator' retrieved from /home/airflow/.local/lib/python3.12/site-packages/airflow/example_dags/example_python_operator.py
[2025-03-24T17:28:45.361+0000] {logging_mixin.py:190} INFO - [2025-03-24T17:28:45.360+0000] {dag.py:3239} INFO - Sync 1 DAGs
[2025-03-24T17:28:45.383+0000] {logging_mixin.py:190} INFO - [2025-03-24T17:28:45.383+0000] {dag.py:4180} INFO - Setting next_dagrun for example_python_operator to None, run_after=None
[2025-03-24T17:28:45.433+0000] {processor.py:208} INFO - Processing /home/airflow/.local/lib/python3.12/site-packages/airflow/example_dags/example_python_operator.py took 0.151 seconds
[2025-03-24T17:29:17.044+0000] {processor.py:186} INFO - Started process (PID=10277) to work on /home/airflow/.local/lib/python3.12/site-packages/airflow/example_dags/example_python_operator.py
[2025-03-24T17:29:17.047+0000] {processor.py:914} INFO - Processing file /home/airflow/.local/lib/python3.12/site-packages/airflow/example_dags/example_python_operator.py for tasks to queue
[2025-03-24T17:29:17.049+0000] {logging_mixin.py:190} INFO - [2025-03-24T17:29:17.049+0000] {dagbag.py:588} INFO - Filling up the DagBag from /home/airflow/.local/lib/python3.12/site-packages/airflow/example_dags/example_python_operator.py
[2025-03-24T17:29:17.070+0000] {processor.py:925} INFO - DAG(s) 'example_python_operator' retrieved from /home/airflow/.local/lib/python3.12/site-packages/airflow/example_dags/example_python_operator.py
[2025-03-24T17:29:17.109+0000] {logging_mixin.py:190} INFO - [2025-03-24T17:29:17.109+0000] {dag.py:3239} INFO - Sync 1 DAGs
[2025-03-24T17:29:17.133+0000] {logging_mixin.py:190} INFO - [2025-03-24T17:29:17.133+0000] {dag.py:4180} INFO - Setting next_dagrun for example_python_operator to None, run_after=None
[2025-03-24T17:29:17.192+0000] {processor.py:208} INFO - Processing /home/airflow/.local/lib/python3.12/site-packages/airflow/example_dags/example_python_operator.py took 0.159 seconds
[2025-03-24T17:29:47.255+0000] {processor.py:186} INFO - Started process (PID=10568) to work on /home/airflow/.local/lib/python3.12/site-packages/airflow/example_dags/example_python_operator.py
[2025-03-24T17:29:47.257+0000] {processor.py:914} INFO - Processing file /home/airflow/.local/lib/python3.12/site-packages/airflow/example_dags/example_python_operator.py for tasks to queue
[2025-03-24T17:29:47.260+0000] {logging_mixin.py:190} INFO - [2025-03-24T17:29:47.259+0000] {dagbag.py:588} INFO - Filling up the DagBag from /home/airflow/.local/lib/python3.12/site-packages/airflow/example_dags/example_python_operator.py
[2025-03-24T17:29:47.279+0000] {processor.py:925} INFO - DAG(s) 'example_python_operator' retrieved from /home/airflow/.local/lib/python3.12/site-packages/airflow/example_dags/example_python_operator.py
[2025-03-24T17:29:47.308+0000] {logging_mixin.py:190} INFO - [2025-03-24T17:29:47.307+0000] {dag.py:3239} INFO - Sync 1 DAGs
[2025-03-24T17:29:47.326+0000] {logging_mixin.py:190} INFO - [2025-03-24T17:29:47.326+0000] {dag.py:4180} INFO - Setting next_dagrun for example_python_operator to None, run_after=None
[2025-03-24T17:29:47.356+0000] {processor.py:208} INFO - Processing /home/airflow/.local/lib/python3.12/site-packages/airflow/example_dags/example_python_operator.py took 0.109 seconds
[2025-03-24T17:30:18.789+0000] {processor.py:186} INFO - Started process (PID=10876) to work on /home/airflow/.local/lib/python3.12/site-packages/airflow/example_dags/example_python_operator.py
[2025-03-24T17:30:18.790+0000] {processor.py:914} INFO - Processing file /home/airflow/.local/lib/python3.12/site-packages/airflow/example_dags/example_python_operator.py for tasks to queue
[2025-03-24T17:30:18.793+0000] {logging_mixin.py:190} INFO - [2025-03-24T17:30:18.792+0000] {dagbag.py:588} INFO - Filling up the DagBag from /home/airflow/.local/lib/python3.12/site-packages/airflow/example_dags/example_python_operator.py
[2025-03-24T17:30:18.808+0000] {processor.py:925} INFO - DAG(s) 'example_python_operator' retrieved from /home/airflow/.local/lib/python3.12/site-packages/airflow/example_dags/example_python_operator.py
[2025-03-24T17:30:18.845+0000] {logging_mixin.py:190} INFO - [2025-03-24T17:30:18.845+0000] {dag.py:3239} INFO - Sync 1 DAGs
[2025-03-24T17:30:18.867+0000] {logging_mixin.py:190} INFO - [2025-03-24T17:30:18.867+0000] {dag.py:4180} INFO - Setting next_dagrun for example_python_operator to None, run_after=None
[2025-03-24T17:30:18.900+0000] {processor.py:208} INFO - Processing /home/airflow/.local/lib/python3.12/site-packages/airflow/example_dags/example_python_operator.py took 0.118 seconds
[2025-03-24T17:30:50.612+0000] {processor.py:186} INFO - Started process (PID=11169) to work on /home/airflow/.local/lib/python3.12/site-packages/airflow/example_dags/example_python_operator.py
[2025-03-24T17:30:50.613+0000] {processor.py:914} INFO - Processing file /home/airflow/.local/lib/python3.12/site-packages/airflow/example_dags/example_python_operator.py for tasks to queue
[2025-03-24T17:30:50.617+0000] {logging_mixin.py:190} INFO - [2025-03-24T17:30:50.616+0000] {dagbag.py:588} INFO - Filling up the DagBag from /home/airflow/.local/lib/python3.12/site-packages/airflow/example_dags/example_python_operator.py
[2025-03-24T17:30:50.636+0000] {processor.py:925} INFO - DAG(s) 'example_python_operator' retrieved from /home/airflow/.local/lib/python3.12/site-packages/airflow/example_dags/example_python_operator.py
[2025-03-24T17:30:50.663+0000] {logging_mixin.py:190} INFO - [2025-03-24T17:30:50.663+0000] {dag.py:3239} INFO - Sync 1 DAGs
[2025-03-24T17:30:50.685+0000] {logging_mixin.py:190} INFO - [2025-03-24T17:30:50.685+0000] {dag.py:4180} INFO - Setting next_dagrun for example_python_operator to None, run_after=None
[2025-03-24T17:30:50.714+0000] {processor.py:208} INFO - Processing /home/airflow/.local/lib/python3.12/site-packages/airflow/example_dags/example_python_operator.py took 0.111 seconds
[2025-03-24T17:31:21.565+0000] {processor.py:186} INFO - Started process (PID=11458) to work on /home/airflow/.local/lib/python3.12/site-packages/airflow/example_dags/example_python_operator.py
[2025-03-24T17:31:21.569+0000] {processor.py:914} INFO - Processing file /home/airflow/.local/lib/python3.12/site-packages/airflow/example_dags/example_python_operator.py for tasks to queue
[2025-03-24T17:31:21.571+0000] {logging_mixin.py:190} INFO - [2025-03-24T17:31:21.571+0000] {dagbag.py:588} INFO - Filling up the DagBag from /home/airflow/.local/lib/python3.12/site-packages/airflow/example_dags/example_python_operator.py
[2025-03-24T17:31:21.586+0000] {processor.py:925} INFO - DAG(s) 'example_python_operator' retrieved from /home/airflow/.local/lib/python3.12/site-packages/airflow/example_dags/example_python_operator.py
[2025-03-24T17:31:21.618+0000] {logging_mixin.py:190} INFO - [2025-03-24T17:31:21.617+0000] {dag.py:3239} INFO - Sync 1 DAGs
[2025-03-24T17:31:21.637+0000] {logging_mixin.py:190} INFO - [2025-03-24T17:31:21.637+0000] {dag.py:4180} INFO - Setting next_dagrun for example_python_operator to None, run_after=None
[2025-03-24T17:31:21.685+0000] {processor.py:208} INFO - Processing /home/airflow/.local/lib/python3.12/site-packages/airflow/example_dags/example_python_operator.py took 0.129 seconds
[2025-03-24T17:31:53.499+0000] {processor.py:186} INFO - Started process (PID=11756) to work on /home/airflow/.local/lib/python3.12/site-packages/airflow/example_dags/example_python_operator.py
[2025-03-24T17:31:53.500+0000] {processor.py:914} INFO - Processing file /home/airflow/.local/lib/python3.12/site-packages/airflow/example_dags/example_python_operator.py for tasks to queue
[2025-03-24T17:31:53.504+0000] {logging_mixin.py:190} INFO - [2025-03-24T17:31:53.503+0000] {dagbag.py:588} INFO - Filling up the DagBag from /home/airflow/.local/lib/python3.12/site-packages/airflow/example_dags/example_python_operator.py
[2025-03-24T17:31:53.524+0000] {processor.py:925} INFO - DAG(s) 'example_python_operator' retrieved from /home/airflow/.local/lib/python3.12/site-packages/airflow/example_dags/example_python_operator.py
[2025-03-24T17:31:53.560+0000] {logging_mixin.py:190} INFO - [2025-03-24T17:31:53.559+0000] {dag.py:3239} INFO - Sync 1 DAGs
[2025-03-24T17:31:53.584+0000] {logging_mixin.py:190} INFO - [2025-03-24T17:31:53.583+0000] {dag.py:4180} INFO - Setting next_dagrun for example_python_operator to None, run_after=None
[2025-03-24T17:31:53.626+0000] {processor.py:208} INFO - Processing /home/airflow/.local/lib/python3.12/site-packages/airflow/example_dags/example_python_operator.py took 0.136 seconds
[2025-03-24T17:32:25.019+0000] {processor.py:186} INFO - Started process (PID=12044) to work on /home/airflow/.local/lib/python3.12/site-packages/airflow/example_dags/example_python_operator.py
[2025-03-24T17:32:25.023+0000] {processor.py:914} INFO - Processing file /home/airflow/.local/lib/python3.12/site-packages/airflow/example_dags/example_python_operator.py for tasks to queue
[2025-03-24T17:32:25.027+0000] {logging_mixin.py:190} INFO - [2025-03-24T17:32:25.027+0000] {dagbag.py:588} INFO - Filling up the DagBag from /home/airflow/.local/lib/python3.12/site-packages/airflow/example_dags/example_python_operator.py
[2025-03-24T17:32:25.047+0000] {processor.py:925} INFO - DAG(s) 'example_python_operator' retrieved from /home/airflow/.local/lib/python3.12/site-packages/airflow/example_dags/example_python_operator.py
[2025-03-24T17:32:25.098+0000] {logging_mixin.py:190} INFO - [2025-03-24T17:32:25.097+0000] {dag.py:3239} INFO - Sync 1 DAGs
[2025-03-24T17:32:25.130+0000] {logging_mixin.py:190} INFO - [2025-03-24T17:32:25.129+0000] {dag.py:4180} INFO - Setting next_dagrun for example_python_operator to None, run_after=None
[2025-03-24T17:32:25.167+0000] {processor.py:208} INFO - Processing /home/airflow/.local/lib/python3.12/site-packages/airflow/example_dags/example_python_operator.py took 0.156 seconds
[2025-03-24T17:32:56.495+0000] {processor.py:186} INFO - Started process (PID=12335) to work on /home/airflow/.local/lib/python3.12/site-packages/airflow/example_dags/example_python_operator.py
[2025-03-24T17:32:56.499+0000] {processor.py:914} INFO - Processing file /home/airflow/.local/lib/python3.12/site-packages/airflow/example_dags/example_python_operator.py for tasks to queue
[2025-03-24T17:32:56.502+0000] {logging_mixin.py:190} INFO - [2025-03-24T17:32:56.501+0000] {dagbag.py:588} INFO - Filling up the DagBag from /home/airflow/.local/lib/python3.12/site-packages/airflow/example_dags/example_python_operator.py
[2025-03-24T17:32:56.525+0000] {processor.py:925} INFO - DAG(s) 'example_python_operator' retrieved from /home/airflow/.local/lib/python3.12/site-packages/airflow/example_dags/example_python_operator.py
[2025-03-24T17:32:56.563+0000] {logging_mixin.py:190} INFO - [2025-03-24T17:32:56.563+0000] {dag.py:3239} INFO - Sync 1 DAGs
[2025-03-24T17:32:56.595+0000] {logging_mixin.py:190} INFO - [2025-03-24T17:32:56.595+0000] {dag.py:4180} INFO - Setting next_dagrun for example_python_operator to None, run_after=None
[2025-03-24T17:32:56.644+0000] {processor.py:208} INFO - Processing /home/airflow/.local/lib/python3.12/site-packages/airflow/example_dags/example_python_operator.py took 0.161 seconds
[2025-03-24T17:33:28.180+0000] {processor.py:186} INFO - Started process (PID=12626) to work on /home/airflow/.local/lib/python3.12/site-packages/airflow/example_dags/example_python_operator.py
[2025-03-24T17:33:28.182+0000] {processor.py:914} INFO - Processing file /home/airflow/.local/lib/python3.12/site-packages/airflow/example_dags/example_python_operator.py for tasks to queue
[2025-03-24T17:33:28.185+0000] {logging_mixin.py:190} INFO - [2025-03-24T17:33:28.184+0000] {dagbag.py:588} INFO - Filling up the DagBag from /home/airflow/.local/lib/python3.12/site-packages/airflow/example_dags/example_python_operator.py
[2025-03-24T17:33:28.212+0000] {processor.py:925} INFO - DAG(s) 'example_python_operator' retrieved from /home/airflow/.local/lib/python3.12/site-packages/airflow/example_dags/example_python_operator.py
[2025-03-24T17:33:28.249+0000] {logging_mixin.py:190} INFO - [2025-03-24T17:33:28.248+0000] {dag.py:3239} INFO - Sync 1 DAGs
[2025-03-24T17:33:28.279+0000] {logging_mixin.py:190} INFO - [2025-03-24T17:33:28.279+0000] {dag.py:4180} INFO - Setting next_dagrun for example_python_operator to None, run_after=None
[2025-03-24T17:33:28.317+0000] {processor.py:208} INFO - Processing /home/airflow/.local/lib/python3.12/site-packages/airflow/example_dags/example_python_operator.py took 0.149 seconds
[2025-03-24T17:33:59.949+0000] {processor.py:186} INFO - Started process (PID=12922) to work on /home/airflow/.local/lib/python3.12/site-packages/airflow/example_dags/example_python_operator.py
[2025-03-24T17:33:59.950+0000] {processor.py:914} INFO - Processing file /home/airflow/.local/lib/python3.12/site-packages/airflow/example_dags/example_python_operator.py for tasks to queue
[2025-03-24T17:33:59.954+0000] {logging_mixin.py:190} INFO - [2025-03-24T17:33:59.953+0000] {dagbag.py:588} INFO - Filling up the DagBag from /home/airflow/.local/lib/python3.12/site-packages/airflow/example_dags/example_python_operator.py
[2025-03-24T17:33:59.984+0000] {processor.py:925} INFO - DAG(s) 'example_python_operator' retrieved from /home/airflow/.local/lib/python3.12/site-packages/airflow/example_dags/example_python_operator.py
[2025-03-24T17:34:00.030+0000] {logging_mixin.py:190} INFO - [2025-03-24T17:34:00.030+0000] {dag.py:3239} INFO - Sync 1 DAGs
[2025-03-24T17:34:00.054+0000] {logging_mixin.py:190} INFO - [2025-03-24T17:34:00.054+0000] {dag.py:4180} INFO - Setting next_dagrun for example_python_operator to None, run_after=None
[2025-03-24T17:34:00.099+0000] {processor.py:208} INFO - Processing /home/airflow/.local/lib/python3.12/site-packages/airflow/example_dags/example_python_operator.py took 0.162 seconds
[2025-03-24T17:34:30.890+0000] {processor.py:186} INFO - Started process (PID=13213) to work on /home/airflow/.local/lib/python3.12/site-packages/airflow/example_dags/example_python_operator.py
[2025-03-24T17:34:30.891+0000] {processor.py:914} INFO - Processing file /home/airflow/.local/lib/python3.12/site-packages/airflow/example_dags/example_python_operator.py for tasks to queue
[2025-03-24T17:34:30.895+0000] {logging_mixin.py:190} INFO - [2025-03-24T17:34:30.894+0000] {dagbag.py:588} INFO - Filling up the DagBag from /home/airflow/.local/lib/python3.12/site-packages/airflow/example_dags/example_python_operator.py
[2025-03-24T17:34:30.914+0000] {processor.py:925} INFO - DAG(s) 'example_python_operator' retrieved from /home/airflow/.local/lib/python3.12/site-packages/airflow/example_dags/example_python_operator.py
[2025-03-24T17:34:30.956+0000] {logging_mixin.py:190} INFO - [2025-03-24T17:34:30.955+0000] {dag.py:3239} INFO - Sync 1 DAGs
[2025-03-24T17:34:30.980+0000] {logging_mixin.py:190} INFO - [2025-03-24T17:34:30.979+0000] {dag.py:4180} INFO - Setting next_dagrun for example_python_operator to None, run_after=None
[2025-03-24T17:34:31.021+0000] {processor.py:208} INFO - Processing /home/airflow/.local/lib/python3.12/site-packages/airflow/example_dags/example_python_operator.py took 0.141 seconds
[2025-03-24T17:35:02.862+0000] {processor.py:186} INFO - Started process (PID=13504) to work on /home/airflow/.local/lib/python3.12/site-packages/airflow/example_dags/example_python_operator.py
[2025-03-24T17:35:02.875+0000] {processor.py:914} INFO - Processing file /home/airflow/.local/lib/python3.12/site-packages/airflow/example_dags/example_python_operator.py for tasks to queue
[2025-03-24T17:35:02.878+0000] {logging_mixin.py:190} INFO - [2025-03-24T17:35:02.878+0000] {dagbag.py:588} INFO - Filling up the DagBag from /home/airflow/.local/lib/python3.12/site-packages/airflow/example_dags/example_python_operator.py
[2025-03-24T17:35:02.896+0000] {processor.py:925} INFO - DAG(s) 'example_python_operator' retrieved from /home/airflow/.local/lib/python3.12/site-packages/airflow/example_dags/example_python_operator.py
[2025-03-24T17:35:02.932+0000] {logging_mixin.py:190} INFO - [2025-03-24T17:35:02.932+0000] {dag.py:3239} INFO - Sync 1 DAGs
[2025-03-24T17:35:02.957+0000] {logging_mixin.py:190} INFO - [2025-03-24T17:35:02.956+0000] {dag.py:4180} INFO - Setting next_dagrun for example_python_operator to None, run_after=None
[2025-03-24T17:35:03.126+0000] {processor.py:208} INFO - Processing /home/airflow/.local/lib/python3.12/site-packages/airflow/example_dags/example_python_operator.py took 0.278 seconds
[2025-03-24T17:35:34.972+0000] {processor.py:186} INFO - Started process (PID=13794) to work on /home/airflow/.local/lib/python3.12/site-packages/airflow/example_dags/example_python_operator.py
[2025-03-24T17:35:34.977+0000] {processor.py:914} INFO - Processing file /home/airflow/.local/lib/python3.12/site-packages/airflow/example_dags/example_python_operator.py for tasks to queue
[2025-03-24T17:35:34.981+0000] {logging_mixin.py:190} INFO - [2025-03-24T17:35:34.980+0000] {dagbag.py:588} INFO - Filling up the DagBag from /home/airflow/.local/lib/python3.12/site-packages/airflow/example_dags/example_python_operator.py
[2025-03-24T17:35:35.007+0000] {processor.py:925} INFO - DAG(s) 'example_python_operator' retrieved from /home/airflow/.local/lib/python3.12/site-packages/airflow/example_dags/example_python_operator.py
[2025-03-24T17:35:35.066+0000] {logging_mixin.py:190} INFO - [2025-03-24T17:35:35.066+0000] {dag.py:3239} INFO - Sync 1 DAGs
[2025-03-24T17:35:35.103+0000] {logging_mixin.py:190} INFO - [2025-03-24T17:35:35.103+0000] {dag.py:4180} INFO - Setting next_dagrun for example_python_operator to None, run_after=None
[2025-03-24T17:35:35.153+0000] {processor.py:208} INFO - Processing /home/airflow/.local/lib/python3.12/site-packages/airflow/example_dags/example_python_operator.py took 0.191 seconds
[2025-03-24T17:36:06.620+0000] {processor.py:186} INFO - Started process (PID=14085) to work on /home/airflow/.local/lib/python3.12/site-packages/airflow/example_dags/example_python_operator.py
[2025-03-24T17:36:06.625+0000] {processor.py:914} INFO - Processing file /home/airflow/.local/lib/python3.12/site-packages/airflow/example_dags/example_python_operator.py for tasks to queue
[2025-03-24T17:36:06.627+0000] {logging_mixin.py:190} INFO - [2025-03-24T17:36:06.627+0000] {dagbag.py:588} INFO - Filling up the DagBag from /home/airflow/.local/lib/python3.12/site-packages/airflow/example_dags/example_python_operator.py
[2025-03-24T17:36:06.647+0000] {processor.py:925} INFO - DAG(s) 'example_python_operator' retrieved from /home/airflow/.local/lib/python3.12/site-packages/airflow/example_dags/example_python_operator.py
[2025-03-24T17:36:06.686+0000] {logging_mixin.py:190} INFO - [2025-03-24T17:36:06.686+0000] {dag.py:3239} INFO - Sync 1 DAGs
[2025-03-24T17:36:06.711+0000] {logging_mixin.py:190} INFO - [2025-03-24T17:36:06.710+0000] {dag.py:4180} INFO - Setting next_dagrun for example_python_operator to None, run_after=None
[2025-03-24T17:36:06.748+0000] {processor.py:208} INFO - Processing /home/airflow/.local/lib/python3.12/site-packages/airflow/example_dags/example_python_operator.py took 0.139 seconds
[2025-03-24T17:36:37.632+0000] {processor.py:186} INFO - Started process (PID=14376) to work on /home/airflow/.local/lib/python3.12/site-packages/airflow/example_dags/example_python_operator.py
[2025-03-24T17:36:37.638+0000] {processor.py:914} INFO - Processing file /home/airflow/.local/lib/python3.12/site-packages/airflow/example_dags/example_python_operator.py for tasks to queue
[2025-03-24T17:36:37.641+0000] {logging_mixin.py:190} INFO - [2025-03-24T17:36:37.641+0000] {dagbag.py:588} INFO - Filling up the DagBag from /home/airflow/.local/lib/python3.12/site-packages/airflow/example_dags/example_python_operator.py
[2025-03-24T17:36:37.663+0000] {processor.py:925} INFO - DAG(s) 'example_python_operator' retrieved from /home/airflow/.local/lib/python3.12/site-packages/airflow/example_dags/example_python_operator.py
[2025-03-24T17:36:37.708+0000] {logging_mixin.py:190} INFO - [2025-03-24T17:36:37.708+0000] {dag.py:3239} INFO - Sync 1 DAGs
[2025-03-24T17:36:37.734+0000] {logging_mixin.py:190} INFO - [2025-03-24T17:36:37.733+0000] {dag.py:4180} INFO - Setting next_dagrun for example_python_operator to None, run_after=None
[2025-03-24T17:36:37.777+0000] {processor.py:208} INFO - Processing /home/airflow/.local/lib/python3.12/site-packages/airflow/example_dags/example_python_operator.py took 0.153 seconds
[2025-03-24T17:37:08.028+0000] {processor.py:186} INFO - Started process (PID=14666) to work on /home/airflow/.local/lib/python3.12/site-packages/airflow/example_dags/example_python_operator.py
[2025-03-24T17:37:08.032+0000] {processor.py:914} INFO - Processing file /home/airflow/.local/lib/python3.12/site-packages/airflow/example_dags/example_python_operator.py for tasks to queue
[2025-03-24T17:37:08.034+0000] {logging_mixin.py:190} INFO - [2025-03-24T17:37:08.034+0000] {dagbag.py:588} INFO - Filling up the DagBag from /home/airflow/.local/lib/python3.12/site-packages/airflow/example_dags/example_python_operator.py
[2025-03-24T17:37:08.057+0000] {processor.py:925} INFO - DAG(s) 'example_python_operator' retrieved from /home/airflow/.local/lib/python3.12/site-packages/airflow/example_dags/example_python_operator.py
[2025-03-24T17:37:08.097+0000] {logging_mixin.py:190} INFO - [2025-03-24T17:37:08.096+0000] {dag.py:3239} INFO - Sync 1 DAGs
[2025-03-24T17:37:08.126+0000] {logging_mixin.py:190} INFO - [2025-03-24T17:37:08.124+0000] {dag.py:4180} INFO - Setting next_dagrun for example_python_operator to None, run_after=None
[2025-03-24T17:37:08.169+0000] {processor.py:208} INFO - Processing /home/airflow/.local/lib/python3.12/site-packages/airflow/example_dags/example_python_operator.py took 0.154 seconds
[2025-03-24T17:37:39.107+0000] {processor.py:186} INFO - Started process (PID=14952) to work on /home/airflow/.local/lib/python3.12/site-packages/airflow/example_dags/example_python_operator.py
[2025-03-24T17:37:39.109+0000] {processor.py:914} INFO - Processing file /home/airflow/.local/lib/python3.12/site-packages/airflow/example_dags/example_python_operator.py for tasks to queue
[2025-03-24T17:37:39.115+0000] {logging_mixin.py:190} INFO - [2025-03-24T17:37:39.114+0000] {dagbag.py:588} INFO - Filling up the DagBag from /home/airflow/.local/lib/python3.12/site-packages/airflow/example_dags/example_python_operator.py
[2025-03-24T17:37:39.135+0000] {processor.py:925} INFO - DAG(s) 'example_python_operator' retrieved from /home/airflow/.local/lib/python3.12/site-packages/airflow/example_dags/example_python_operator.py
[2025-03-24T17:37:39.176+0000] {logging_mixin.py:190} INFO - [2025-03-24T17:37:39.176+0000] {dag.py:3239} INFO - Sync 1 DAGs
[2025-03-24T17:37:39.205+0000] {logging_mixin.py:190} INFO - [2025-03-24T17:37:39.204+0000] {dag.py:4180} INFO - Setting next_dagrun for example_python_operator to None, run_after=None
[2025-03-24T17:37:39.254+0000] {processor.py:208} INFO - Processing /home/airflow/.local/lib/python3.12/site-packages/airflow/example_dags/example_python_operator.py took 0.154 seconds
[2025-03-24T17:38:10.438+0000] {processor.py:186} INFO - Started process (PID=15243) to work on /home/airflow/.local/lib/python3.12/site-packages/airflow/example_dags/example_python_operator.py
[2025-03-24T17:38:10.443+0000] {processor.py:914} INFO - Processing file /home/airflow/.local/lib/python3.12/site-packages/airflow/example_dags/example_python_operator.py for tasks to queue
[2025-03-24T17:38:10.447+0000] {logging_mixin.py:190} INFO - [2025-03-24T17:38:10.446+0000] {dagbag.py:588} INFO - Filling up the DagBag from /home/airflow/.local/lib/python3.12/site-packages/airflow/example_dags/example_python_operator.py
[2025-03-24T17:38:10.474+0000] {processor.py:925} INFO - DAG(s) 'example_python_operator' retrieved from /home/airflow/.local/lib/python3.12/site-packages/airflow/example_dags/example_python_operator.py
[2025-03-24T17:38:10.533+0000] {logging_mixin.py:190} INFO - [2025-03-24T17:38:10.532+0000] {dag.py:3239} INFO - Sync 1 DAGs
[2025-03-24T17:38:10.565+0000] {logging_mixin.py:190} INFO - [2025-03-24T17:38:10.564+0000] {dag.py:4180} INFO - Setting next_dagrun for example_python_operator to None, run_after=None
[2025-03-24T17:38:10.605+0000] {processor.py:208} INFO - Processing /home/airflow/.local/lib/python3.12/site-packages/airflow/example_dags/example_python_operator.py took 0.181 seconds
[2025-03-24T17:38:40.861+0000] {processor.py:186} INFO - Started process (PID=15534) to work on /home/airflow/.local/lib/python3.12/site-packages/airflow/example_dags/example_python_operator.py
[2025-03-24T17:38:40.862+0000] {processor.py:914} INFO - Processing file /home/airflow/.local/lib/python3.12/site-packages/airflow/example_dags/example_python_operator.py for tasks to queue
[2025-03-24T17:38:40.868+0000] {logging_mixin.py:190} INFO - [2025-03-24T17:38:40.868+0000] {dagbag.py:588} INFO - Filling up the DagBag from /home/airflow/.local/lib/python3.12/site-packages/airflow/example_dags/example_python_operator.py
[2025-03-24T17:38:40.897+0000] {processor.py:925} INFO - DAG(s) 'example_python_operator' retrieved from /home/airflow/.local/lib/python3.12/site-packages/airflow/example_dags/example_python_operator.py
[2025-03-24T17:38:41.012+0000] {logging_mixin.py:190} INFO - [2025-03-24T17:38:41.012+0000] {dag.py:3239} INFO - Sync 1 DAGs
[2025-03-24T17:38:41.076+0000] {logging_mixin.py:190} INFO - [2025-03-24T17:38:41.075+0000] {dag.py:4180} INFO - Setting next_dagrun for example_python_operator to None, run_after=None
[2025-03-24T17:38:41.140+0000] {processor.py:208} INFO - Processing /home/airflow/.local/lib/python3.12/site-packages/airflow/example_dags/example_python_operator.py took 0.293 seconds
[2025-03-24T17:39:11.987+0000] {processor.py:186} INFO - Started process (PID=15822) to work on /home/airflow/.local/lib/python3.12/site-packages/airflow/example_dags/example_python_operator.py
[2025-03-24T17:39:11.991+0000] {processor.py:914} INFO - Processing file /home/airflow/.local/lib/python3.12/site-packages/airflow/example_dags/example_python_operator.py for tasks to queue
[2025-03-24T17:39:11.994+0000] {logging_mixin.py:190} INFO - [2025-03-24T17:39:11.993+0000] {dagbag.py:588} INFO - Filling up the DagBag from /home/airflow/.local/lib/python3.12/site-packages/airflow/example_dags/example_python_operator.py
[2025-03-24T17:39:12.029+0000] {processor.py:925} INFO - DAG(s) 'example_python_operator' retrieved from /home/airflow/.local/lib/python3.12/site-packages/airflow/example_dags/example_python_operator.py
[2025-03-24T17:39:12.086+0000] {logging_mixin.py:190} INFO - [2025-03-24T17:39:12.085+0000] {dag.py:3239} INFO - Sync 1 DAGs
[2025-03-24T17:39:12.130+0000] {logging_mixin.py:190} INFO - [2025-03-24T17:39:12.130+0000] {dag.py:4180} INFO - Setting next_dagrun for example_python_operator to None, run_after=None
[2025-03-24T17:39:12.191+0000] {processor.py:208} INFO - Processing /home/airflow/.local/lib/python3.12/site-packages/airflow/example_dags/example_python_operator.py took 0.218 seconds
[2025-03-24T17:39:42.402+0000] {processor.py:186} INFO - Started process (PID=16118) to work on /home/airflow/.local/lib/python3.12/site-packages/airflow/example_dags/example_python_operator.py
[2025-03-24T17:39:42.404+0000] {processor.py:914} INFO - Processing file /home/airflow/.local/lib/python3.12/site-packages/airflow/example_dags/example_python_operator.py for tasks to queue
[2025-03-24T17:39:42.406+0000] {logging_mixin.py:190} INFO - [2025-03-24T17:39:42.406+0000] {dagbag.py:588} INFO - Filling up the DagBag from /home/airflow/.local/lib/python3.12/site-packages/airflow/example_dags/example_python_operator.py
[2025-03-24T17:39:42.425+0000] {processor.py:925} INFO - DAG(s) 'example_python_operator' retrieved from /home/airflow/.local/lib/python3.12/site-packages/airflow/example_dags/example_python_operator.py
[2025-03-24T17:39:42.460+0000] {logging_mixin.py:190} INFO - [2025-03-24T17:39:42.459+0000] {dag.py:3239} INFO - Sync 1 DAGs
[2025-03-24T17:39:42.481+0000] {logging_mixin.py:190} INFO - [2025-03-24T17:39:42.481+0000] {dag.py:4180} INFO - Setting next_dagrun for example_python_operator to None, run_after=None
[2025-03-24T17:39:42.513+0000] {processor.py:208} INFO - Processing /home/airflow/.local/lib/python3.12/site-packages/airflow/example_dags/example_python_operator.py took 0.119 seconds
[2025-03-24T17:40:12.777+0000] {processor.py:186} INFO - Started process (PID=16402) to work on /home/airflow/.local/lib/python3.12/site-packages/airflow/example_dags/example_python_operator.py
[2025-03-24T17:40:12.781+0000] {processor.py:914} INFO - Processing file /home/airflow/.local/lib/python3.12/site-packages/airflow/example_dags/example_python_operator.py for tasks to queue
[2025-03-24T17:40:12.783+0000] {logging_mixin.py:190} INFO - [2025-03-24T17:40:12.783+0000] {dagbag.py:588} INFO - Filling up the DagBag from /home/airflow/.local/lib/python3.12/site-packages/airflow/example_dags/example_python_operator.py
[2025-03-24T17:40:12.802+0000] {processor.py:925} INFO - DAG(s) 'example_python_operator' retrieved from /home/airflow/.local/lib/python3.12/site-packages/airflow/example_dags/example_python_operator.py
[2025-03-24T17:40:12.834+0000] {logging_mixin.py:190} INFO - [2025-03-24T17:40:12.833+0000] {dag.py:3239} INFO - Sync 1 DAGs
[2025-03-24T17:40:12.862+0000] {logging_mixin.py:190} INFO - [2025-03-24T17:40:12.861+0000] {dag.py:4180} INFO - Setting next_dagrun for example_python_operator to None, run_after=None
[2025-03-24T17:40:12.906+0000] {processor.py:208} INFO - Processing /home/airflow/.local/lib/python3.12/site-packages/airflow/example_dags/example_python_operator.py took 0.137 seconds
[2025-03-24T17:40:44.269+0000] {processor.py:186} INFO - Started process (PID=16694) to work on /home/airflow/.local/lib/python3.12/site-packages/airflow/example_dags/example_python_operator.py
[2025-03-24T17:40:44.284+0000] {processor.py:914} INFO - Processing file /home/airflow/.local/lib/python3.12/site-packages/airflow/example_dags/example_python_operator.py for tasks to queue
[2025-03-24T17:40:44.291+0000] {logging_mixin.py:190} INFO - [2025-03-24T17:40:44.290+0000] {dagbag.py:588} INFO - Filling up the DagBag from /home/airflow/.local/lib/python3.12/site-packages/airflow/example_dags/example_python_operator.py
[2025-03-24T17:40:44.321+0000] {processor.py:925} INFO - DAG(s) 'example_python_operator' retrieved from /home/airflow/.local/lib/python3.12/site-packages/airflow/example_dags/example_python_operator.py
[2025-03-24T17:40:44.364+0000] {logging_mixin.py:190} INFO - [2025-03-24T17:40:44.364+0000] {dag.py:3239} INFO - Sync 1 DAGs
[2025-03-24T17:40:44.391+0000] {logging_mixin.py:190} INFO - [2025-03-24T17:40:44.391+0000] {dag.py:4180} INFO - Setting next_dagrun for example_python_operator to None, run_after=None
[2025-03-24T17:40:44.419+0000] {processor.py:208} INFO - Processing /home/airflow/.local/lib/python3.12/site-packages/airflow/example_dags/example_python_operator.py took 0.163 seconds
[2025-03-24T17:41:15.487+0000] {processor.py:186} INFO - Started process (PID=16984) to work on /home/airflow/.local/lib/python3.12/site-packages/airflow/example_dags/example_python_operator.py
[2025-03-24T17:41:15.491+0000] {processor.py:914} INFO - Processing file /home/airflow/.local/lib/python3.12/site-packages/airflow/example_dags/example_python_operator.py for tasks to queue
[2025-03-24T17:41:15.496+0000] {logging_mixin.py:190} INFO - [2025-03-24T17:41:15.495+0000] {dagbag.py:588} INFO - Filling up the DagBag from /home/airflow/.local/lib/python3.12/site-packages/airflow/example_dags/example_python_operator.py
[2025-03-24T17:41:15.519+0000] {processor.py:925} INFO - DAG(s) 'example_python_operator' retrieved from /home/airflow/.local/lib/python3.12/site-packages/airflow/example_dags/example_python_operator.py
[2025-03-24T17:41:15.560+0000] {logging_mixin.py:190} INFO - [2025-03-24T17:41:15.559+0000] {dag.py:3239} INFO - Sync 1 DAGs
[2025-03-24T17:41:15.589+0000] {logging_mixin.py:190} INFO - [2025-03-24T17:41:15.589+0000] {dag.py:4180} INFO - Setting next_dagrun for example_python_operator to None, run_after=None
[2025-03-24T17:41:15.624+0000] {processor.py:208} INFO - Processing /home/airflow/.local/lib/python3.12/site-packages/airflow/example_dags/example_python_operator.py took 0.148 seconds
[2025-03-24T17:41:46.559+0000] {processor.py:186} INFO - Started process (PID=17274) to work on /home/airflow/.local/lib/python3.12/site-packages/airflow/example_dags/example_python_operator.py
[2025-03-24T17:41:46.560+0000] {processor.py:914} INFO - Processing file /home/airflow/.local/lib/python3.12/site-packages/airflow/example_dags/example_python_operator.py for tasks to queue
[2025-03-24T17:41:46.563+0000] {logging_mixin.py:190} INFO - [2025-03-24T17:41:46.562+0000] {dagbag.py:588} INFO - Filling up the DagBag from /home/airflow/.local/lib/python3.12/site-packages/airflow/example_dags/example_python_operator.py
[2025-03-24T17:41:46.577+0000] {processor.py:925} INFO - DAG(s) 'example_python_operator' retrieved from /home/airflow/.local/lib/python3.12/site-packages/airflow/example_dags/example_python_operator.py
[2025-03-24T17:41:46.606+0000] {logging_mixin.py:190} INFO - [2025-03-24T17:41:46.606+0000] {dag.py:3239} INFO - Sync 1 DAGs
[2025-03-24T17:41:46.625+0000] {logging_mixin.py:190} INFO - [2025-03-24T17:41:46.625+0000] {dag.py:4180} INFO - Setting next_dagrun for example_python_operator to None, run_after=None
[2025-03-24T17:41:46.657+0000] {processor.py:208} INFO - Processing /home/airflow/.local/lib/python3.12/site-packages/airflow/example_dags/example_python_operator.py took 0.105 seconds
[2025-03-24T17:42:16.778+0000] {processor.py:186} INFO - Started process (PID=17626) to work on /home/airflow/.local/lib/python3.12/site-packages/airflow/example_dags/example_python_operator.py
[2025-03-24T17:42:16.779+0000] {processor.py:914} INFO - Processing file /home/airflow/.local/lib/python3.12/site-packages/airflow/example_dags/example_python_operator.py for tasks to queue
[2025-03-24T17:42:16.783+0000] {logging_mixin.py:190} INFO - [2025-03-24T17:42:16.782+0000] {dagbag.py:588} INFO - Filling up the DagBag from /home/airflow/.local/lib/python3.12/site-packages/airflow/example_dags/example_python_operator.py
[2025-03-24T17:42:16.803+0000] {processor.py:925} INFO - DAG(s) 'example_python_operator' retrieved from /home/airflow/.local/lib/python3.12/site-packages/airflow/example_dags/example_python_operator.py
[2025-03-24T17:42:16.840+0000] {logging_mixin.py:190} INFO - [2025-03-24T17:42:16.840+0000] {dag.py:3239} INFO - Sync 1 DAGs
[2025-03-24T17:42:16.864+0000] {logging_mixin.py:190} INFO - [2025-03-24T17:42:16.864+0000] {dag.py:4180} INFO - Setting next_dagrun for example_python_operator to None, run_after=None
[2025-03-24T17:42:16.898+0000] {processor.py:208} INFO - Processing /home/airflow/.local/lib/python3.12/site-packages/airflow/example_dags/example_python_operator.py took 0.129 seconds
