[2025-03-24T17:11:32.570+0000] {processor.py:186} INFO - Started process (PID=390) to work on /home/airflow/.local/lib/python3.12/site-packages/airflow/example_dags/example_xcom.py
[2025-03-24T17:11:32.571+0000] {processor.py:914} INFO - Processing file /home/airflow/.local/lib/python3.12/site-packages/airflow/example_dags/example_xcom.py for tasks to queue
[2025-03-24T17:11:32.576+0000] {logging_mixin.py:190} INFO - [2025-03-24T17:11:32.575+0000] {dagbag.py:588} INFO - Filling up the DagBag from /home/airflow/.local/lib/python3.12/site-packages/airflow/example_dags/example_xcom.py
[2025-03-24T17:11:32.602+0000] {processor.py:925} INFO - DAG(s) 'example_xcom' retrieved from /home/airflow/.local/lib/python3.12/site-packages/airflow/example_dags/example_xcom.py
[2025-03-24T17:11:32.901+0000] {logging_mixin.py:190} INFO - [2025-03-24T17:11:32.899+0000] {override.py:1912} INFO - Created Permission View: can delete on DAG:example_xcom
[2025-03-24T17:11:32.936+0000] {logging_mixin.py:190} INFO - [2025-03-24T17:11:32.935+0000] {override.py:1912} INFO - Created Permission View: can edit on DAG:example_xcom
[2025-03-24T17:11:32.966+0000] {logging_mixin.py:190} INFO - [2025-03-24T17:11:32.966+0000] {override.py:1912} INFO - Created Permission View: can read on DAG:example_xcom
[2025-03-24T17:11:32.992+0000] {logging_mixin.py:190} INFO - [2025-03-24T17:11:32.991+0000] {override.py:1912} INFO - Created Permission View: menu access on DAG Run:example_xcom
[2025-03-24T17:11:33.013+0000] {logging_mixin.py:190} INFO - [2025-03-24T17:11:33.012+0000] {override.py:1912} INFO - Created Permission View: can delete on DAG Run:example_xcom
[2025-03-24T17:11:33.038+0000] {logging_mixin.py:190} INFO - [2025-03-24T17:11:33.037+0000] {override.py:1912} INFO - Created Permission View: can read on DAG Run:example_xcom
[2025-03-24T17:11:33.066+0000] {logging_mixin.py:190} INFO - [2025-03-24T17:11:33.065+0000] {override.py:1912} INFO - Created Permission View: can create on DAG Run:example_xcom
[2025-03-24T17:11:33.067+0000] {logging_mixin.py:190} INFO - [2025-03-24T17:11:33.066+0000] {dag.py:3239} INFO - Sync 1 DAGs
[2025-03-24T17:11:33.106+0000] {logging_mixin.py:190} INFO - [2025-03-24T17:11:33.105+0000] {dag.py:3262} INFO - Creating ORM DAG for example_xcom
[2025-03-24T17:11:33.129+0000] {logging_mixin.py:190} INFO - [2025-03-24T17:11:33.129+0000] {dag.py:4180} INFO - Setting next_dagrun for example_xcom to 2021-01-01 00:00:00+00:00, run_after=2021-01-01 00:00:00+00:00
[2025-03-24T17:11:33.219+0000] {processor.py:208} INFO - Processing /home/airflow/.local/lib/python3.12/site-packages/airflow/example_dags/example_xcom.py took 0.663 seconds
[2025-03-24T17:12:03.729+0000] {processor.py:186} INFO - Started process (PID=681) to work on /home/airflow/.local/lib/python3.12/site-packages/airflow/example_dags/example_xcom.py
[2025-03-24T17:12:03.730+0000] {processor.py:914} INFO - Processing file /home/airflow/.local/lib/python3.12/site-packages/airflow/example_dags/example_xcom.py for tasks to queue
[2025-03-24T17:12:03.734+0000] {logging_mixin.py:190} INFO - [2025-03-24T17:12:03.733+0000] {dagbag.py:588} INFO - Filling up the DagBag from /home/airflow/.local/lib/python3.12/site-packages/airflow/example_dags/example_xcom.py
[2025-03-24T17:12:03.753+0000] {processor.py:925} INFO - DAG(s) 'example_xcom' retrieved from /home/airflow/.local/lib/python3.12/site-packages/airflow/example_dags/example_xcom.py
[2025-03-24T17:12:03.796+0000] {logging_mixin.py:190} INFO - [2025-03-24T17:12:03.795+0000] {dag.py:3239} INFO - Sync 1 DAGs
[2025-03-24T17:12:03.833+0000] {logging_mixin.py:190} INFO - [2025-03-24T17:12:03.832+0000] {dag.py:4180} INFO - Setting next_dagrun for example_xcom to 2021-01-01 00:00:00+00:00, run_after=2021-01-01 00:00:00+00:00
[2025-03-24T17:12:03.872+0000] {processor.py:208} INFO - Processing /home/airflow/.local/lib/python3.12/site-packages/airflow/example_dags/example_xcom.py took 0.154 seconds
[2025-03-24T17:12:34.028+0000] {processor.py:186} INFO - Started process (PID=969) to work on /home/airflow/.local/lib/python3.12/site-packages/airflow/example_dags/example_xcom.py
[2025-03-24T17:12:34.028+0000] {processor.py:914} INFO - Processing file /home/airflow/.local/lib/python3.12/site-packages/airflow/example_dags/example_xcom.py for tasks to queue
[2025-03-24T17:12:34.031+0000] {logging_mixin.py:190} INFO - [2025-03-24T17:12:34.030+0000] {dagbag.py:588} INFO - Filling up the DagBag from /home/airflow/.local/lib/python3.12/site-packages/airflow/example_dags/example_xcom.py
[2025-03-24T17:12:34.045+0000] {processor.py:925} INFO - DAG(s) 'example_xcom' retrieved from /home/airflow/.local/lib/python3.12/site-packages/airflow/example_dags/example_xcom.py
[2025-03-24T17:12:34.071+0000] {logging_mixin.py:190} INFO - [2025-03-24T17:12:34.070+0000] {dag.py:3239} INFO - Sync 1 DAGs
[2025-03-24T17:12:34.100+0000] {logging_mixin.py:190} INFO - [2025-03-24T17:12:34.099+0000] {dag.py:4180} INFO - Setting next_dagrun for example_xcom to 2021-01-01 00:00:00+00:00, run_after=2021-01-01 00:00:00+00:00
[2025-03-24T17:12:34.140+0000] {processor.py:208} INFO - Processing /home/airflow/.local/lib/python3.12/site-packages/airflow/example_dags/example_xcom.py took 0.119 seconds
[2025-03-24T17:13:04.861+0000] {processor.py:186} INFO - Started process (PID=1263) to work on /home/airflow/.local/lib/python3.12/site-packages/airflow/example_dags/example_xcom.py
[2025-03-24T17:13:04.862+0000] {processor.py:914} INFO - Processing file /home/airflow/.local/lib/python3.12/site-packages/airflow/example_dags/example_xcom.py for tasks to queue
[2025-03-24T17:13:04.865+0000] {logging_mixin.py:190} INFO - [2025-03-24T17:13:04.864+0000] {dagbag.py:588} INFO - Filling up the DagBag from /home/airflow/.local/lib/python3.12/site-packages/airflow/example_dags/example_xcom.py
[2025-03-24T17:13:04.876+0000] {processor.py:925} INFO - DAG(s) 'example_xcom' retrieved from /home/airflow/.local/lib/python3.12/site-packages/airflow/example_dags/example_xcom.py
[2025-03-24T17:13:04.913+0000] {logging_mixin.py:190} INFO - [2025-03-24T17:13:04.912+0000] {dag.py:3239} INFO - Sync 1 DAGs
[2025-03-24T17:13:04.962+0000] {logging_mixin.py:190} INFO - [2025-03-24T17:13:04.962+0000] {dag.py:4180} INFO - Setting next_dagrun for example_xcom to 2021-01-01 00:00:00+00:00, run_after=2021-01-01 00:00:00+00:00
[2025-03-24T17:13:05.013+0000] {processor.py:208} INFO - Processing /home/airflow/.local/lib/python3.12/site-packages/airflow/example_dags/example_xcom.py took 0.159 seconds
[2025-03-24T17:13:36.672+0000] {processor.py:186} INFO - Started process (PID=1554) to work on /home/airflow/.local/lib/python3.12/site-packages/airflow/example_dags/example_xcom.py
[2025-03-24T17:13:36.673+0000] {processor.py:914} INFO - Processing file /home/airflow/.local/lib/python3.12/site-packages/airflow/example_dags/example_xcom.py for tasks to queue
[2025-03-24T17:13:36.678+0000] {logging_mixin.py:190} INFO - [2025-03-24T17:13:36.678+0000] {dagbag.py:588} INFO - Filling up the DagBag from /home/airflow/.local/lib/python3.12/site-packages/airflow/example_dags/example_xcom.py
[2025-03-24T17:13:36.697+0000] {processor.py:925} INFO - DAG(s) 'example_xcom' retrieved from /home/airflow/.local/lib/python3.12/site-packages/airflow/example_dags/example_xcom.py
[2025-03-24T17:13:36.745+0000] {logging_mixin.py:190} INFO - [2025-03-24T17:13:36.745+0000] {dag.py:3239} INFO - Sync 1 DAGs
[2025-03-24T17:13:36.794+0000] {logging_mixin.py:190} INFO - [2025-03-24T17:13:36.793+0000] {dag.py:4180} INFO - Setting next_dagrun for example_xcom to 2021-01-01 00:00:00+00:00, run_after=2021-01-01 00:00:00+00:00
[2025-03-24T17:13:36.838+0000] {processor.py:208} INFO - Processing /home/airflow/.local/lib/python3.12/site-packages/airflow/example_dags/example_xcom.py took 0.178 seconds
[2025-03-24T17:14:06.909+0000] {processor.py:186} INFO - Started process (PID=1845) to work on /home/airflow/.local/lib/python3.12/site-packages/airflow/example_dags/example_xcom.py
[2025-03-24T17:14:06.911+0000] {processor.py:914} INFO - Processing file /home/airflow/.local/lib/python3.12/site-packages/airflow/example_dags/example_xcom.py for tasks to queue
[2025-03-24T17:14:06.914+0000] {logging_mixin.py:190} INFO - [2025-03-24T17:14:06.913+0000] {dagbag.py:588} INFO - Filling up the DagBag from /home/airflow/.local/lib/python3.12/site-packages/airflow/example_dags/example_xcom.py
[2025-03-24T17:14:06.927+0000] {processor.py:925} INFO - DAG(s) 'example_xcom' retrieved from /home/airflow/.local/lib/python3.12/site-packages/airflow/example_dags/example_xcom.py
[2025-03-24T17:14:06.954+0000] {logging_mixin.py:190} INFO - [2025-03-24T17:14:06.954+0000] {dag.py:3239} INFO - Sync 1 DAGs
[2025-03-24T17:14:06.983+0000] {logging_mixin.py:190} INFO - [2025-03-24T17:14:06.983+0000] {dag.py:4180} INFO - Setting next_dagrun for example_xcom to 2021-01-01 00:00:00+00:00, run_after=2021-01-01 00:00:00+00:00
[2025-03-24T17:14:07.020+0000] {processor.py:208} INFO - Processing /home/airflow/.local/lib/python3.12/site-packages/airflow/example_dags/example_xcom.py took 0.118 seconds
[2025-03-24T17:14:38.772+0000] {processor.py:186} INFO - Started process (PID=2136) to work on /home/airflow/.local/lib/python3.12/site-packages/airflow/example_dags/example_xcom.py
[2025-03-24T17:14:38.774+0000] {processor.py:914} INFO - Processing file /home/airflow/.local/lib/python3.12/site-packages/airflow/example_dags/example_xcom.py for tasks to queue
[2025-03-24T17:14:38.781+0000] {logging_mixin.py:190} INFO - [2025-03-24T17:14:38.780+0000] {dagbag.py:588} INFO - Filling up the DagBag from /home/airflow/.local/lib/python3.12/site-packages/airflow/example_dags/example_xcom.py
[2025-03-24T17:14:38.800+0000] {processor.py:925} INFO - DAG(s) 'example_xcom' retrieved from /home/airflow/.local/lib/python3.12/site-packages/airflow/example_dags/example_xcom.py
[2025-03-24T17:14:38.854+0000] {logging_mixin.py:190} INFO - [2025-03-24T17:14:38.854+0000] {dag.py:3239} INFO - Sync 1 DAGs
[2025-03-24T17:14:38.942+0000] {logging_mixin.py:190} INFO - [2025-03-24T17:14:38.941+0000] {dag.py:4180} INFO - Setting next_dagrun for example_xcom to 2021-01-01 00:00:00+00:00, run_after=2021-01-01 00:00:00+00:00
[2025-03-24T17:14:38.988+0000] {processor.py:208} INFO - Processing /home/airflow/.local/lib/python3.12/site-packages/airflow/example_dags/example_xcom.py took 0.226 seconds
[2025-03-24T17:15:09.245+0000] {processor.py:186} INFO - Started process (PID=2428) to work on /home/airflow/.local/lib/python3.12/site-packages/airflow/example_dags/example_xcom.py
[2025-03-24T17:15:09.246+0000] {processor.py:914} INFO - Processing file /home/airflow/.local/lib/python3.12/site-packages/airflow/example_dags/example_xcom.py for tasks to queue
[2025-03-24T17:15:09.250+0000] {logging_mixin.py:190} INFO - [2025-03-24T17:15:09.249+0000] {dagbag.py:588} INFO - Filling up the DagBag from /home/airflow/.local/lib/python3.12/site-packages/airflow/example_dags/example_xcom.py
[2025-03-24T17:15:09.267+0000] {processor.py:925} INFO - DAG(s) 'example_xcom' retrieved from /home/airflow/.local/lib/python3.12/site-packages/airflow/example_dags/example_xcom.py
[2025-03-24T17:15:09.307+0000] {logging_mixin.py:190} INFO - [2025-03-24T17:15:09.307+0000] {dag.py:3239} INFO - Sync 1 DAGs
[2025-03-24T17:15:09.367+0000] {logging_mixin.py:190} INFO - [2025-03-24T17:15:09.367+0000] {dag.py:4180} INFO - Setting next_dagrun for example_xcom to 2021-01-01 00:00:00+00:00, run_after=2021-01-01 00:00:00+00:00
[2025-03-24T17:15:09.410+0000] {processor.py:208} INFO - Processing /home/airflow/.local/lib/python3.12/site-packages/airflow/example_dags/example_xcom.py took 0.175 seconds
[2025-03-24T17:15:39.478+0000] {processor.py:186} INFO - Started process (PID=2716) to work on /home/airflow/.local/lib/python3.12/site-packages/airflow/example_dags/example_xcom.py
[2025-03-24T17:15:39.479+0000] {processor.py:914} INFO - Processing file /home/airflow/.local/lib/python3.12/site-packages/airflow/example_dags/example_xcom.py for tasks to queue
[2025-03-24T17:15:39.481+0000] {logging_mixin.py:190} INFO - [2025-03-24T17:15:39.480+0000] {dagbag.py:588} INFO - Filling up the DagBag from /home/airflow/.local/lib/python3.12/site-packages/airflow/example_dags/example_xcom.py
[2025-03-24T17:15:39.491+0000] {processor.py:925} INFO - DAG(s) 'example_xcom' retrieved from /home/airflow/.local/lib/python3.12/site-packages/airflow/example_dags/example_xcom.py
[2025-03-24T17:15:39.522+0000] {logging_mixin.py:190} INFO - [2025-03-24T17:15:39.522+0000] {dag.py:3239} INFO - Sync 1 DAGs
[2025-03-24T17:15:39.560+0000] {logging_mixin.py:190} INFO - [2025-03-24T17:15:39.559+0000] {dag.py:4180} INFO - Setting next_dagrun for example_xcom to 2021-01-01 00:00:00+00:00, run_after=2021-01-01 00:00:00+00:00
[2025-03-24T17:15:39.592+0000] {processor.py:208} INFO - Processing /home/airflow/.local/lib/python3.12/site-packages/airflow/example_dags/example_xcom.py took 0.121 seconds
[2025-03-24T17:16:11.032+0000] {processor.py:186} INFO - Started process (PID=3005) to work on /home/airflow/.local/lib/python3.12/site-packages/airflow/example_dags/example_xcom.py
[2025-03-24T17:16:11.033+0000] {processor.py:914} INFO - Processing file /home/airflow/.local/lib/python3.12/site-packages/airflow/example_dags/example_xcom.py for tasks to queue
[2025-03-24T17:16:11.038+0000] {logging_mixin.py:190} INFO - [2025-03-24T17:16:11.037+0000] {dagbag.py:588} INFO - Filling up the DagBag from /home/airflow/.local/lib/python3.12/site-packages/airflow/example_dags/example_xcom.py
[2025-03-24T17:16:11.064+0000] {processor.py:925} INFO - DAG(s) 'example_xcom' retrieved from /home/airflow/.local/lib/python3.12/site-packages/airflow/example_dags/example_xcom.py
[2025-03-24T17:16:11.121+0000] {logging_mixin.py:190} INFO - [2025-03-24T17:16:11.121+0000] {dag.py:3239} INFO - Sync 1 DAGs
[2025-03-24T17:16:11.223+0000] {logging_mixin.py:190} INFO - [2025-03-24T17:16:11.222+0000] {dag.py:4180} INFO - Setting next_dagrun for example_xcom to 2021-01-01 00:00:00+00:00, run_after=2021-01-01 00:00:00+00:00
[2025-03-24T17:16:11.271+0000] {processor.py:208} INFO - Processing /home/airflow/.local/lib/python3.12/site-packages/airflow/example_dags/example_xcom.py took 0.257 seconds
[2025-03-24T17:16:41.704+0000] {processor.py:186} INFO - Started process (PID=3295) to work on /home/airflow/.local/lib/python3.12/site-packages/airflow/example_dags/example_xcom.py
[2025-03-24T17:16:41.705+0000] {processor.py:914} INFO - Processing file /home/airflow/.local/lib/python3.12/site-packages/airflow/example_dags/example_xcom.py for tasks to queue
[2025-03-24T17:16:41.709+0000] {logging_mixin.py:190} INFO - [2025-03-24T17:16:41.709+0000] {dagbag.py:588} INFO - Filling up the DagBag from /home/airflow/.local/lib/python3.12/site-packages/airflow/example_dags/example_xcom.py
[2025-03-24T17:16:41.731+0000] {processor.py:925} INFO - DAG(s) 'example_xcom' retrieved from /home/airflow/.local/lib/python3.12/site-packages/airflow/example_dags/example_xcom.py
[2025-03-24T17:16:41.776+0000] {logging_mixin.py:190} INFO - [2025-03-24T17:16:41.775+0000] {dag.py:3239} INFO - Sync 1 DAGs
[2025-03-24T17:16:41.830+0000] {logging_mixin.py:190} INFO - [2025-03-24T17:16:41.829+0000] {dag.py:4180} INFO - Setting next_dagrun for example_xcom to 2021-01-01 00:00:00+00:00, run_after=2021-01-01 00:00:00+00:00
[2025-03-24T17:16:41.864+0000] {processor.py:208} INFO - Processing /home/airflow/.local/lib/python3.12/site-packages/airflow/example_dags/example_xcom.py took 0.174 seconds
[2025-03-24T17:17:14.839+0000] {processor.py:186} INFO - Started process (PID=3592) to work on /home/airflow/.local/lib/python3.12/site-packages/airflow/example_dags/example_xcom.py
[2025-03-24T17:17:14.843+0000] {processor.py:914} INFO - Processing file /home/airflow/.local/lib/python3.12/site-packages/airflow/example_dags/example_xcom.py for tasks to queue
[2025-03-24T17:17:14.849+0000] {logging_mixin.py:190} INFO - [2025-03-24T17:17:14.848+0000] {dagbag.py:588} INFO - Filling up the DagBag from /home/airflow/.local/lib/python3.12/site-packages/airflow/example_dags/example_xcom.py
[2025-03-24T17:17:14.869+0000] {processor.py:925} INFO - DAG(s) 'example_xcom' retrieved from /home/airflow/.local/lib/python3.12/site-packages/airflow/example_dags/example_xcom.py
[2025-03-24T17:17:14.951+0000] {logging_mixin.py:190} INFO - [2025-03-24T17:17:14.951+0000] {dag.py:3239} INFO - Sync 1 DAGs
[2025-03-24T17:17:15.006+0000] {logging_mixin.py:190} INFO - [2025-03-24T17:17:15.006+0000] {dag.py:4180} INFO - Setting next_dagrun for example_xcom to 2021-01-01 00:00:00+00:00, run_after=2021-01-01 00:00:00+00:00
[2025-03-24T17:17:15.072+0000] {processor.py:208} INFO - Processing /home/airflow/.local/lib/python3.12/site-packages/airflow/example_dags/example_xcom.py took 0.244 seconds
[2025-03-24T17:17:47.105+0000] {processor.py:186} INFO - Started process (PID=3889) to work on /home/airflow/.local/lib/python3.12/site-packages/airflow/example_dags/example_xcom.py
[2025-03-24T17:17:47.110+0000] {processor.py:914} INFO - Processing file /home/airflow/.local/lib/python3.12/site-packages/airflow/example_dags/example_xcom.py for tasks to queue
[2025-03-24T17:17:47.117+0000] {logging_mixin.py:190} INFO - [2025-03-24T17:17:47.116+0000] {dagbag.py:588} INFO - Filling up the DagBag from /home/airflow/.local/lib/python3.12/site-packages/airflow/example_dags/example_xcom.py
[2025-03-24T17:17:47.242+0000] {processor.py:925} INFO - DAG(s) 'example_xcom' retrieved from /home/airflow/.local/lib/python3.12/site-packages/airflow/example_dags/example_xcom.py
[2025-03-24T17:17:47.456+0000] {logging_mixin.py:190} INFO - [2025-03-24T17:17:47.450+0000] {dag.py:3239} INFO - Sync 1 DAGs
[2025-03-24T17:17:47.598+0000] {logging_mixin.py:190} INFO - [2025-03-24T17:17:47.598+0000] {dag.py:4180} INFO - Setting next_dagrun for example_xcom to 2021-01-01 00:00:00+00:00, run_after=2021-01-01 00:00:00+00:00
[2025-03-24T17:17:47.663+0000] {processor.py:208} INFO - Processing /home/airflow/.local/lib/python3.12/site-packages/airflow/example_dags/example_xcom.py took 0.579 seconds
[2025-03-24T17:18:17.856+0000] {processor.py:186} INFO - Started process (PID=4196) to work on /home/airflow/.local/lib/python3.12/site-packages/airflow/example_dags/example_xcom.py
[2025-03-24T17:18:17.857+0000] {processor.py:914} INFO - Processing file /home/airflow/.local/lib/python3.12/site-packages/airflow/example_dags/example_xcom.py for tasks to queue
[2025-03-24T17:18:17.861+0000] {logging_mixin.py:190} INFO - [2025-03-24T17:18:17.861+0000] {dagbag.py:588} INFO - Filling up the DagBag from /home/airflow/.local/lib/python3.12/site-packages/airflow/example_dags/example_xcom.py
[2025-03-24T17:18:17.871+0000] {processor.py:925} INFO - DAG(s) 'example_xcom' retrieved from /home/airflow/.local/lib/python3.12/site-packages/airflow/example_dags/example_xcom.py
[2025-03-24T17:18:17.894+0000] {logging_mixin.py:190} INFO - [2025-03-24T17:18:17.893+0000] {dag.py:3239} INFO - Sync 1 DAGs
[2025-03-24T17:18:17.920+0000] {logging_mixin.py:190} INFO - [2025-03-24T17:18:17.920+0000] {dag.py:4180} INFO - Setting next_dagrun for example_xcom to 2021-01-01 00:00:00+00:00, run_after=2021-01-01 00:00:00+00:00
[2025-03-24T17:18:17.953+0000] {processor.py:208} INFO - Processing /home/airflow/.local/lib/python3.12/site-packages/airflow/example_dags/example_xcom.py took 0.113 seconds
[2025-03-24T17:18:48.512+0000] {processor.py:186} INFO - Started process (PID=4488) to work on /home/airflow/.local/lib/python3.12/site-packages/airflow/example_dags/example_xcom.py
[2025-03-24T17:18:48.513+0000] {processor.py:914} INFO - Processing file /home/airflow/.local/lib/python3.12/site-packages/airflow/example_dags/example_xcom.py for tasks to queue
[2025-03-24T17:18:48.517+0000] {logging_mixin.py:190} INFO - [2025-03-24T17:18:48.517+0000] {dagbag.py:588} INFO - Filling up the DagBag from /home/airflow/.local/lib/python3.12/site-packages/airflow/example_dags/example_xcom.py
[2025-03-24T17:18:48.531+0000] {processor.py:925} INFO - DAG(s) 'example_xcom' retrieved from /home/airflow/.local/lib/python3.12/site-packages/airflow/example_dags/example_xcom.py
[2025-03-24T17:18:48.580+0000] {logging_mixin.py:190} INFO - [2025-03-24T17:18:48.579+0000] {dag.py:3239} INFO - Sync 1 DAGs
[2025-03-24T17:18:48.642+0000] {logging_mixin.py:190} INFO - [2025-03-24T17:18:48.641+0000] {dag.py:4180} INFO - Setting next_dagrun for example_xcom to 2021-01-01 00:00:00+00:00, run_after=2021-01-01 00:00:00+00:00
[2025-03-24T17:18:48.680+0000] {processor.py:208} INFO - Processing /home/airflow/.local/lib/python3.12/site-packages/airflow/example_dags/example_xcom.py took 0.179 seconds
[2025-03-24T17:19:19.148+0000] {processor.py:186} INFO - Started process (PID=4779) to work on /home/airflow/.local/lib/python3.12/site-packages/airflow/example_dags/example_xcom.py
[2025-03-24T17:19:19.149+0000] {processor.py:914} INFO - Processing file /home/airflow/.local/lib/python3.12/site-packages/airflow/example_dags/example_xcom.py for tasks to queue
[2025-03-24T17:19:19.152+0000] {logging_mixin.py:190} INFO - [2025-03-24T17:19:19.151+0000] {dagbag.py:588} INFO - Filling up the DagBag from /home/airflow/.local/lib/python3.12/site-packages/airflow/example_dags/example_xcom.py
[2025-03-24T17:19:19.168+0000] {processor.py:925} INFO - DAG(s) 'example_xcom' retrieved from /home/airflow/.local/lib/python3.12/site-packages/airflow/example_dags/example_xcom.py
[2025-03-24T17:19:19.200+0000] {logging_mixin.py:190} INFO - [2025-03-24T17:19:19.199+0000] {dag.py:3239} INFO - Sync 1 DAGs
[2025-03-24T17:19:19.231+0000] {logging_mixin.py:190} INFO - [2025-03-24T17:19:19.231+0000] {dag.py:4180} INFO - Setting next_dagrun for example_xcom to 2021-01-01 00:00:00+00:00, run_after=2021-01-01 00:00:00+00:00
[2025-03-24T17:19:19.259+0000] {processor.py:208} INFO - Processing /home/airflow/.local/lib/python3.12/site-packages/airflow/example_dags/example_xcom.py took 0.117 seconds
[2025-03-24T17:19:50.352+0000] {processor.py:186} INFO - Started process (PID=5068) to work on /home/airflow/.local/lib/python3.12/site-packages/airflow/example_dags/example_xcom.py
[2025-03-24T17:19:50.353+0000] {processor.py:914} INFO - Processing file /home/airflow/.local/lib/python3.12/site-packages/airflow/example_dags/example_xcom.py for tasks to queue
[2025-03-24T17:19:50.358+0000] {logging_mixin.py:190} INFO - [2025-03-24T17:19:50.357+0000] {dagbag.py:588} INFO - Filling up the DagBag from /home/airflow/.local/lib/python3.12/site-packages/airflow/example_dags/example_xcom.py
[2025-03-24T17:19:50.376+0000] {processor.py:925} INFO - DAG(s) 'example_xcom' retrieved from /home/airflow/.local/lib/python3.12/site-packages/airflow/example_dags/example_xcom.py
[2025-03-24T17:19:50.423+0000] {logging_mixin.py:190} INFO - [2025-03-24T17:19:50.422+0000] {dag.py:3239} INFO - Sync 1 DAGs
[2025-03-24T17:19:50.464+0000] {logging_mixin.py:190} INFO - [2025-03-24T17:19:50.464+0000] {dag.py:4180} INFO - Setting next_dagrun for example_xcom to 2021-01-01 00:00:00+00:00, run_after=2021-01-01 00:00:00+00:00
[2025-03-24T17:19:50.501+0000] {processor.py:208} INFO - Processing /home/airflow/.local/lib/python3.12/site-packages/airflow/example_dags/example_xcom.py took 0.160 seconds
[2025-03-24T17:20:21.043+0000] {processor.py:186} INFO - Started process (PID=5358) to work on /home/airflow/.local/lib/python3.12/site-packages/airflow/example_dags/example_xcom.py
[2025-03-24T17:20:21.047+0000] {processor.py:914} INFO - Processing file /home/airflow/.local/lib/python3.12/site-packages/airflow/example_dags/example_xcom.py for tasks to queue
[2025-03-24T17:20:21.051+0000] {logging_mixin.py:190} INFO - [2025-03-24T17:20:21.050+0000] {dagbag.py:588} INFO - Filling up the DagBag from /home/airflow/.local/lib/python3.12/site-packages/airflow/example_dags/example_xcom.py
[2025-03-24T17:20:21.065+0000] {processor.py:925} INFO - DAG(s) 'example_xcom' retrieved from /home/airflow/.local/lib/python3.12/site-packages/airflow/example_dags/example_xcom.py
[2025-03-24T17:20:21.098+0000] {logging_mixin.py:190} INFO - [2025-03-24T17:20:21.098+0000] {dag.py:3239} INFO - Sync 1 DAGs
[2025-03-24T17:20:21.140+0000] {logging_mixin.py:190} INFO - [2025-03-24T17:20:21.140+0000] {dag.py:4180} INFO - Setting next_dagrun for example_xcom to 2021-01-01 00:00:00+00:00, run_after=2021-01-01 00:00:00+00:00
[2025-03-24T17:20:21.184+0000] {processor.py:208} INFO - Processing /home/airflow/.local/lib/python3.12/site-packages/airflow/example_dags/example_xcom.py took 0.152 seconds
[2025-03-24T17:20:53.371+0000] {processor.py:186} INFO - Started process (PID=5649) to work on /home/airflow/.local/lib/python3.12/site-packages/airflow/example_dags/example_xcom.py
[2025-03-24T17:20:53.373+0000] {processor.py:914} INFO - Processing file /home/airflow/.local/lib/python3.12/site-packages/airflow/example_dags/example_xcom.py for tasks to queue
[2025-03-24T17:20:53.379+0000] {logging_mixin.py:190} INFO - [2025-03-24T17:20:53.378+0000] {dagbag.py:588} INFO - Filling up the DagBag from /home/airflow/.local/lib/python3.12/site-packages/airflow/example_dags/example_xcom.py
[2025-03-24T17:20:53.401+0000] {processor.py:925} INFO - DAG(s) 'example_xcom' retrieved from /home/airflow/.local/lib/python3.12/site-packages/airflow/example_dags/example_xcom.py
[2025-03-24T17:20:53.445+0000] {logging_mixin.py:190} INFO - [2025-03-24T17:20:53.445+0000] {dag.py:3239} INFO - Sync 1 DAGs
[2025-03-24T17:20:53.500+0000] {logging_mixin.py:190} INFO - [2025-03-24T17:20:53.500+0000] {dag.py:4180} INFO - Setting next_dagrun for example_xcom to 2021-01-01 00:00:00+00:00, run_after=2021-01-01 00:00:00+00:00
[2025-03-24T17:20:53.547+0000] {processor.py:208} INFO - Processing /home/airflow/.local/lib/python3.12/site-packages/airflow/example_dags/example_xcom.py took 0.188 seconds
[2025-03-24T17:21:24.763+0000] {processor.py:186} INFO - Started process (PID=5941) to work on /home/airflow/.local/lib/python3.12/site-packages/airflow/example_dags/example_xcom.py
[2025-03-24T17:21:24.764+0000] {processor.py:914} INFO - Processing file /home/airflow/.local/lib/python3.12/site-packages/airflow/example_dags/example_xcom.py for tasks to queue
[2025-03-24T17:21:24.768+0000] {logging_mixin.py:190} INFO - [2025-03-24T17:21:24.767+0000] {dagbag.py:588} INFO - Filling up the DagBag from /home/airflow/.local/lib/python3.12/site-packages/airflow/example_dags/example_xcom.py
[2025-03-24T17:21:24.783+0000] {processor.py:925} INFO - DAG(s) 'example_xcom' retrieved from /home/airflow/.local/lib/python3.12/site-packages/airflow/example_dags/example_xcom.py
[2025-03-24T17:21:24.828+0000] {logging_mixin.py:190} INFO - [2025-03-24T17:21:24.827+0000] {dag.py:3239} INFO - Sync 1 DAGs
[2025-03-24T17:21:24.886+0000] {logging_mixin.py:190} INFO - [2025-03-24T17:21:24.886+0000] {dag.py:4180} INFO - Setting next_dagrun for example_xcom to 2021-01-01 00:00:00+00:00, run_after=2021-01-01 00:00:00+00:00
[2025-03-24T17:21:24.935+0000] {processor.py:208} INFO - Processing /home/airflow/.local/lib/python3.12/site-packages/airflow/example_dags/example_xcom.py took 0.184 seconds
[2025-03-24T17:21:56.075+0000] {processor.py:186} INFO - Started process (PID=6232) to work on /home/airflow/.local/lib/python3.12/site-packages/airflow/example_dags/example_xcom.py
[2025-03-24T17:21:56.080+0000] {processor.py:914} INFO - Processing file /home/airflow/.local/lib/python3.12/site-packages/airflow/example_dags/example_xcom.py for tasks to queue
[2025-03-24T17:21:56.083+0000] {logging_mixin.py:190} INFO - [2025-03-24T17:21:56.083+0000] {dagbag.py:588} INFO - Filling up the DagBag from /home/airflow/.local/lib/python3.12/site-packages/airflow/example_dags/example_xcom.py
[2025-03-24T17:21:56.103+0000] {processor.py:925} INFO - DAG(s) 'example_xcom' retrieved from /home/airflow/.local/lib/python3.12/site-packages/airflow/example_dags/example_xcom.py
[2025-03-24T17:21:56.147+0000] {logging_mixin.py:190} INFO - [2025-03-24T17:21:56.147+0000] {dag.py:3239} INFO - Sync 1 DAGs
[2025-03-24T17:21:56.184+0000] {logging_mixin.py:190} INFO - [2025-03-24T17:21:56.183+0000] {dag.py:4180} INFO - Setting next_dagrun for example_xcom to 2021-01-01 00:00:00+00:00, run_after=2021-01-01 00:00:00+00:00
[2025-03-24T17:21:56.244+0000] {processor.py:208} INFO - Processing /home/airflow/.local/lib/python3.12/site-packages/airflow/example_dags/example_xcom.py took 0.179 seconds
[2025-03-24T17:22:26.545+0000] {processor.py:186} INFO - Started process (PID=6523) to work on /home/airflow/.local/lib/python3.12/site-packages/airflow/example_dags/example_xcom.py
[2025-03-24T17:22:26.546+0000] {processor.py:914} INFO - Processing file /home/airflow/.local/lib/python3.12/site-packages/airflow/example_dags/example_xcom.py for tasks to queue
[2025-03-24T17:22:26.551+0000] {logging_mixin.py:190} INFO - [2025-03-24T17:22:26.550+0000] {dagbag.py:588} INFO - Filling up the DagBag from /home/airflow/.local/lib/python3.12/site-packages/airflow/example_dags/example_xcom.py
[2025-03-24T17:22:26.563+0000] {processor.py:925} INFO - DAG(s) 'example_xcom' retrieved from /home/airflow/.local/lib/python3.12/site-packages/airflow/example_dags/example_xcom.py
[2025-03-24T17:22:26.595+0000] {logging_mixin.py:190} INFO - [2025-03-24T17:22:26.595+0000] {dag.py:3239} INFO - Sync 1 DAGs
[2025-03-24T17:22:26.633+0000] {logging_mixin.py:190} INFO - [2025-03-24T17:22:26.633+0000] {dag.py:4180} INFO - Setting next_dagrun for example_xcom to 2021-01-01 00:00:00+00:00, run_after=2021-01-01 00:00:00+00:00
[2025-03-24T17:22:26.663+0000] {processor.py:208} INFO - Processing /home/airflow/.local/lib/python3.12/site-packages/airflow/example_dags/example_xcom.py took 0.127 seconds
[2025-03-24T17:22:59.076+0000] {processor.py:186} INFO - Started process (PID=6824) to work on /home/airflow/.local/lib/python3.12/site-packages/airflow/example_dags/example_xcom.py
[2025-03-24T17:22:59.080+0000] {processor.py:914} INFO - Processing file /home/airflow/.local/lib/python3.12/site-packages/airflow/example_dags/example_xcom.py for tasks to queue
[2025-03-24T17:22:59.082+0000] {logging_mixin.py:190} INFO - [2025-03-24T17:22:59.082+0000] {dagbag.py:588} INFO - Filling up the DagBag from /home/airflow/.local/lib/python3.12/site-packages/airflow/example_dags/example_xcom.py
[2025-03-24T17:22:59.097+0000] {processor.py:925} INFO - DAG(s) 'example_xcom' retrieved from /home/airflow/.local/lib/python3.12/site-packages/airflow/example_dags/example_xcom.py
[2025-03-24T17:22:59.131+0000] {logging_mixin.py:190} INFO - [2025-03-24T17:22:59.131+0000] {dag.py:3239} INFO - Sync 1 DAGs
[2025-03-24T17:22:59.172+0000] {logging_mixin.py:190} INFO - [2025-03-24T17:22:59.171+0000] {dag.py:4180} INFO - Setting next_dagrun for example_xcom to 2021-01-01 00:00:00+00:00, run_after=2021-01-01 00:00:00+00:00
[2025-03-24T17:22:59.211+0000] {processor.py:208} INFO - Processing /home/airflow/.local/lib/python3.12/site-packages/airflow/example_dags/example_xcom.py took 0.147 seconds
[2025-03-24T17:23:30.106+0000] {processor.py:186} INFO - Started process (PID=7117) to work on /home/airflow/.local/lib/python3.12/site-packages/airflow/example_dags/example_xcom.py
[2025-03-24T17:23:30.106+0000] {processor.py:914} INFO - Processing file /home/airflow/.local/lib/python3.12/site-packages/airflow/example_dags/example_xcom.py for tasks to queue
[2025-03-24T17:23:30.109+0000] {logging_mixin.py:190} INFO - [2025-03-24T17:23:30.108+0000] {dagbag.py:588} INFO - Filling up the DagBag from /home/airflow/.local/lib/python3.12/site-packages/airflow/example_dags/example_xcom.py
[2025-03-24T17:23:30.120+0000] {processor.py:925} INFO - DAG(s) 'example_xcom' retrieved from /home/airflow/.local/lib/python3.12/site-packages/airflow/example_dags/example_xcom.py
[2025-03-24T17:23:30.146+0000] {logging_mixin.py:190} INFO - [2025-03-24T17:23:30.145+0000] {dag.py:3239} INFO - Sync 1 DAGs
[2025-03-24T17:23:30.176+0000] {logging_mixin.py:190} INFO - [2025-03-24T17:23:30.176+0000] {dag.py:4180} INFO - Setting next_dagrun for example_xcom to 2021-01-01 00:00:00+00:00, run_after=2021-01-01 00:00:00+00:00
[2025-03-24T17:23:30.207+0000] {processor.py:208} INFO - Processing /home/airflow/.local/lib/python3.12/site-packages/airflow/example_dags/example_xcom.py took 0.109 seconds
[2025-03-24T17:24:01.519+0000] {processor.py:186} INFO - Started process (PID=7413) to work on /home/airflow/.local/lib/python3.12/site-packages/airflow/example_dags/example_xcom.py
[2025-03-24T17:24:01.521+0000] {processor.py:914} INFO - Processing file /home/airflow/.local/lib/python3.12/site-packages/airflow/example_dags/example_xcom.py for tasks to queue
[2025-03-24T17:24:01.523+0000] {logging_mixin.py:190} INFO - [2025-03-24T17:24:01.523+0000] {dagbag.py:588} INFO - Filling up the DagBag from /home/airflow/.local/lib/python3.12/site-packages/airflow/example_dags/example_xcom.py
[2025-03-24T17:24:01.534+0000] {processor.py:925} INFO - DAG(s) 'example_xcom' retrieved from /home/airflow/.local/lib/python3.12/site-packages/airflow/example_dags/example_xcom.py
[2025-03-24T17:24:01.561+0000] {logging_mixin.py:190} INFO - [2025-03-24T17:24:01.560+0000] {dag.py:3239} INFO - Sync 1 DAGs
[2025-03-24T17:24:01.597+0000] {logging_mixin.py:190} INFO - [2025-03-24T17:24:01.597+0000] {dag.py:4180} INFO - Setting next_dagrun for example_xcom to 2021-01-01 00:00:00+00:00, run_after=2021-01-01 00:00:00+00:00
[2025-03-24T17:24:01.628+0000] {processor.py:208} INFO - Processing /home/airflow/.local/lib/python3.12/site-packages/airflow/example_dags/example_xcom.py took 0.118 seconds
[2025-03-24T17:24:32.684+0000] {processor.py:186} INFO - Started process (PID=7708) to work on /home/airflow/.local/lib/python3.12/site-packages/airflow/example_dags/example_xcom.py
[2025-03-24T17:24:32.685+0000] {processor.py:914} INFO - Processing file /home/airflow/.local/lib/python3.12/site-packages/airflow/example_dags/example_xcom.py for tasks to queue
[2025-03-24T17:24:32.688+0000] {logging_mixin.py:190} INFO - [2025-03-24T17:24:32.688+0000] {dagbag.py:588} INFO - Filling up the DagBag from /home/airflow/.local/lib/python3.12/site-packages/airflow/example_dags/example_xcom.py
[2025-03-24T17:24:32.704+0000] {processor.py:925} INFO - DAG(s) 'example_xcom' retrieved from /home/airflow/.local/lib/python3.12/site-packages/airflow/example_dags/example_xcom.py
[2025-03-24T17:24:32.734+0000] {logging_mixin.py:190} INFO - [2025-03-24T17:24:32.734+0000] {dag.py:3239} INFO - Sync 1 DAGs
[2025-03-24T17:24:32.769+0000] {logging_mixin.py:190} INFO - [2025-03-24T17:24:32.768+0000] {dag.py:4180} INFO - Setting next_dagrun for example_xcom to 2021-01-01 00:00:00+00:00, run_after=2021-01-01 00:00:00+00:00
[2025-03-24T17:24:32.802+0000] {processor.py:208} INFO - Processing /home/airflow/.local/lib/python3.12/site-packages/airflow/example_dags/example_xcom.py took 0.128 seconds
[2025-03-24T17:25:03.752+0000] {processor.py:186} INFO - Started process (PID=7999) to work on /home/airflow/.local/lib/python3.12/site-packages/airflow/example_dags/example_xcom.py
[2025-03-24T17:25:03.753+0000] {processor.py:914} INFO - Processing file /home/airflow/.local/lib/python3.12/site-packages/airflow/example_dags/example_xcom.py for tasks to queue
[2025-03-24T17:25:03.756+0000] {logging_mixin.py:190} INFO - [2025-03-24T17:25:03.755+0000] {dagbag.py:588} INFO - Filling up the DagBag from /home/airflow/.local/lib/python3.12/site-packages/airflow/example_dags/example_xcom.py
[2025-03-24T17:25:03.766+0000] {processor.py:925} INFO - DAG(s) 'example_xcom' retrieved from /home/airflow/.local/lib/python3.12/site-packages/airflow/example_dags/example_xcom.py
[2025-03-24T17:25:03.791+0000] {logging_mixin.py:190} INFO - [2025-03-24T17:25:03.791+0000] {dag.py:3239} INFO - Sync 1 DAGs
[2025-03-24T17:25:03.824+0000] {logging_mixin.py:190} INFO - [2025-03-24T17:25:03.823+0000] {dag.py:4180} INFO - Setting next_dagrun for example_xcom to 2021-01-01 00:00:00+00:00, run_after=2021-01-01 00:00:00+00:00
[2025-03-24T17:25:03.861+0000] {processor.py:208} INFO - Processing /home/airflow/.local/lib/python3.12/site-packages/airflow/example_dags/example_xcom.py took 0.119 seconds
[2025-03-24T17:25:36.587+0000] {processor.py:186} INFO - Started process (PID=8315) to work on /home/airflow/.local/lib/python3.12/site-packages/airflow/example_dags/example_xcom.py
[2025-03-24T17:25:36.591+0000] {processor.py:914} INFO - Processing file /home/airflow/.local/lib/python3.12/site-packages/airflow/example_dags/example_xcom.py for tasks to queue
[2025-03-24T17:25:36.594+0000] {logging_mixin.py:190} INFO - [2025-03-24T17:25:36.593+0000] {dagbag.py:588} INFO - Filling up the DagBag from /home/airflow/.local/lib/python3.12/site-packages/airflow/example_dags/example_xcom.py
[2025-03-24T17:25:36.609+0000] {processor.py:925} INFO - DAG(s) 'example_xcom' retrieved from /home/airflow/.local/lib/python3.12/site-packages/airflow/example_dags/example_xcom.py
[2025-03-24T17:25:36.653+0000] {logging_mixin.py:190} INFO - [2025-03-24T17:25:36.652+0000] {dag.py:3239} INFO - Sync 1 DAGs
[2025-03-24T17:25:36.695+0000] {logging_mixin.py:190} INFO - [2025-03-24T17:25:36.694+0000] {dag.py:4180} INFO - Setting next_dagrun for example_xcom to 2021-01-01 00:00:00+00:00, run_after=2021-01-01 00:00:00+00:00
[2025-03-24T17:25:36.727+0000] {processor.py:208} INFO - Processing /home/airflow/.local/lib/python3.12/site-packages/airflow/example_dags/example_xcom.py took 0.150 seconds
[2025-03-24T17:26:07.798+0000] {processor.py:186} INFO - Started process (PID=8606) to work on /home/airflow/.local/lib/python3.12/site-packages/airflow/example_dags/example_xcom.py
[2025-03-24T17:26:07.799+0000] {processor.py:914} INFO - Processing file /home/airflow/.local/lib/python3.12/site-packages/airflow/example_dags/example_xcom.py for tasks to queue
[2025-03-24T17:26:07.803+0000] {logging_mixin.py:190} INFO - [2025-03-24T17:26:07.802+0000] {dagbag.py:588} INFO - Filling up the DagBag from /home/airflow/.local/lib/python3.12/site-packages/airflow/example_dags/example_xcom.py
[2025-03-24T17:26:07.816+0000] {processor.py:925} INFO - DAG(s) 'example_xcom' retrieved from /home/airflow/.local/lib/python3.12/site-packages/airflow/example_dags/example_xcom.py
[2025-03-24T17:26:07.853+0000] {logging_mixin.py:190} INFO - [2025-03-24T17:26:07.853+0000] {dag.py:3239} INFO - Sync 1 DAGs
[2025-03-24T17:26:07.903+0000] {logging_mixin.py:190} INFO - [2025-03-24T17:26:07.902+0000] {dag.py:4180} INFO - Setting next_dagrun for example_xcom to 2021-01-01 00:00:00+00:00, run_after=2021-01-01 00:00:00+00:00
[2025-03-24T17:26:07.952+0000] {processor.py:208} INFO - Processing /home/airflow/.local/lib/python3.12/site-packages/airflow/example_dags/example_xcom.py took 0.160 seconds
[2025-03-24T17:26:40.067+0000] {processor.py:186} INFO - Started process (PID=8897) to work on /home/airflow/.local/lib/python3.12/site-packages/airflow/example_dags/example_xcom.py
[2025-03-24T17:26:40.068+0000] {processor.py:914} INFO - Processing file /home/airflow/.local/lib/python3.12/site-packages/airflow/example_dags/example_xcom.py for tasks to queue
[2025-03-24T17:26:40.075+0000] {logging_mixin.py:190} INFO - [2025-03-24T17:26:40.074+0000] {dagbag.py:588} INFO - Filling up the DagBag from /home/airflow/.local/lib/python3.12/site-packages/airflow/example_dags/example_xcom.py
[2025-03-24T17:26:40.089+0000] {processor.py:925} INFO - DAG(s) 'example_xcom' retrieved from /home/airflow/.local/lib/python3.12/site-packages/airflow/example_dags/example_xcom.py
[2025-03-24T17:26:40.129+0000] {logging_mixin.py:190} INFO - [2025-03-24T17:26:40.128+0000] {dag.py:3239} INFO - Sync 1 DAGs
[2025-03-24T17:26:40.176+0000] {logging_mixin.py:190} INFO - [2025-03-24T17:26:40.176+0000] {dag.py:4180} INFO - Setting next_dagrun for example_xcom to 2021-01-01 00:00:00+00:00, run_after=2021-01-01 00:00:00+00:00
[2025-03-24T17:26:40.217+0000] {processor.py:208} INFO - Processing /home/airflow/.local/lib/python3.12/site-packages/airflow/example_dags/example_xcom.py took 0.158 seconds
[2025-03-24T17:27:11.499+0000] {processor.py:186} INFO - Started process (PID=9188) to work on /home/airflow/.local/lib/python3.12/site-packages/airflow/example_dags/example_xcom.py
[2025-03-24T17:27:11.500+0000] {processor.py:914} INFO - Processing file /home/airflow/.local/lib/python3.12/site-packages/airflow/example_dags/example_xcom.py for tasks to queue
[2025-03-24T17:27:11.506+0000] {logging_mixin.py:190} INFO - [2025-03-24T17:27:11.506+0000] {dagbag.py:588} INFO - Filling up the DagBag from /home/airflow/.local/lib/python3.12/site-packages/airflow/example_dags/example_xcom.py
[2025-03-24T17:27:11.524+0000] {processor.py:925} INFO - DAG(s) 'example_xcom' retrieved from /home/airflow/.local/lib/python3.12/site-packages/airflow/example_dags/example_xcom.py
[2025-03-24T17:27:11.558+0000] {logging_mixin.py:190} INFO - [2025-03-24T17:27:11.557+0000] {dag.py:3239} INFO - Sync 1 DAGs
[2025-03-24T17:27:11.605+0000] {logging_mixin.py:190} INFO - [2025-03-24T17:27:11.604+0000] {dag.py:4180} INFO - Setting next_dagrun for example_xcom to 2021-01-01 00:00:00+00:00, run_after=2021-01-01 00:00:00+00:00
[2025-03-24T17:27:11.644+0000] {processor.py:208} INFO - Processing /home/airflow/.local/lib/python3.12/site-packages/airflow/example_dags/example_xcom.py took 0.156 seconds
[2025-03-24T17:27:42.675+0000] {processor.py:186} INFO - Started process (PID=9479) to work on /home/airflow/.local/lib/python3.12/site-packages/airflow/example_dags/example_xcom.py
[2025-03-24T17:27:42.676+0000] {processor.py:914} INFO - Processing file /home/airflow/.local/lib/python3.12/site-packages/airflow/example_dags/example_xcom.py for tasks to queue
[2025-03-24T17:27:42.680+0000] {logging_mixin.py:190} INFO - [2025-03-24T17:27:42.679+0000] {dagbag.py:588} INFO - Filling up the DagBag from /home/airflow/.local/lib/python3.12/site-packages/airflow/example_dags/example_xcom.py
[2025-03-24T17:27:42.695+0000] {processor.py:925} INFO - DAG(s) 'example_xcom' retrieved from /home/airflow/.local/lib/python3.12/site-packages/airflow/example_dags/example_xcom.py
[2025-03-24T17:27:42.729+0000] {logging_mixin.py:190} INFO - [2025-03-24T17:27:42.729+0000] {dag.py:3239} INFO - Sync 1 DAGs
[2025-03-24T17:27:42.757+0000] {logging_mixin.py:190} INFO - [2025-03-24T17:27:42.757+0000] {dag.py:4180} INFO - Setting next_dagrun for example_xcom to 2021-01-01 00:00:00+00:00, run_after=2021-01-01 00:00:00+00:00
[2025-03-24T17:27:42.783+0000] {processor.py:208} INFO - Processing /home/airflow/.local/lib/python3.12/site-packages/airflow/example_dags/example_xcom.py took 0.115 seconds
[2025-03-24T17:28:15.640+0000] {processor.py:186} INFO - Started process (PID=9790) to work on /home/airflow/.local/lib/python3.12/site-packages/airflow/example_dags/example_xcom.py
[2025-03-24T17:28:15.641+0000] {processor.py:914} INFO - Processing file /home/airflow/.local/lib/python3.12/site-packages/airflow/example_dags/example_xcom.py for tasks to queue
[2025-03-24T17:28:15.645+0000] {logging_mixin.py:190} INFO - [2025-03-24T17:28:15.644+0000] {dagbag.py:588} INFO - Filling up the DagBag from /home/airflow/.local/lib/python3.12/site-packages/airflow/example_dags/example_xcom.py
[2025-03-24T17:28:15.660+0000] {processor.py:925} INFO - DAG(s) 'example_xcom' retrieved from /home/airflow/.local/lib/python3.12/site-packages/airflow/example_dags/example_xcom.py
[2025-03-24T17:28:15.695+0000] {logging_mixin.py:190} INFO - [2025-03-24T17:28:15.694+0000] {dag.py:3239} INFO - Sync 1 DAGs
[2025-03-24T17:28:15.737+0000] {logging_mixin.py:190} INFO - [2025-03-24T17:28:15.736+0000] {dag.py:4180} INFO - Setting next_dagrun for example_xcom to 2021-01-01 00:00:00+00:00, run_after=2021-01-01 00:00:00+00:00
[2025-03-24T17:28:15.777+0000] {processor.py:208} INFO - Processing /home/airflow/.local/lib/python3.12/site-packages/airflow/example_dags/example_xcom.py took 0.148 seconds
[2025-03-24T17:28:48.275+0000] {processor.py:186} INFO - Started process (PID=10092) to work on /home/airflow/.local/lib/python3.12/site-packages/airflow/example_dags/example_xcom.py
[2025-03-24T17:28:48.279+0000] {processor.py:914} INFO - Processing file /home/airflow/.local/lib/python3.12/site-packages/airflow/example_dags/example_xcom.py for tasks to queue
[2025-03-24T17:28:48.284+0000] {logging_mixin.py:190} INFO - [2025-03-24T17:28:48.284+0000] {dagbag.py:588} INFO - Filling up the DagBag from /home/airflow/.local/lib/python3.12/site-packages/airflow/example_dags/example_xcom.py
[2025-03-24T17:28:48.307+0000] {processor.py:925} INFO - DAG(s) 'example_xcom' retrieved from /home/airflow/.local/lib/python3.12/site-packages/airflow/example_dags/example_xcom.py
[2025-03-24T17:28:48.380+0000] {logging_mixin.py:190} INFO - [2025-03-24T17:28:48.379+0000] {dag.py:3239} INFO - Sync 1 DAGs
[2025-03-24T17:28:48.428+0000] {logging_mixin.py:190} INFO - [2025-03-24T17:28:48.427+0000] {dag.py:4180} INFO - Setting next_dagrun for example_xcom to 2021-01-01 00:00:00+00:00, run_after=2021-01-01 00:00:00+00:00
[2025-03-24T17:28:48.474+0000] {processor.py:208} INFO - Processing /home/airflow/.local/lib/python3.12/site-packages/airflow/example_dags/example_xcom.py took 0.211 seconds
[2025-03-24T17:29:19.291+0000] {processor.py:186} INFO - Started process (PID=10383) to work on /home/airflow/.local/lib/python3.12/site-packages/airflow/example_dags/example_xcom.py
[2025-03-24T17:29:19.295+0000] {processor.py:914} INFO - Processing file /home/airflow/.local/lib/python3.12/site-packages/airflow/example_dags/example_xcom.py for tasks to queue
[2025-03-24T17:29:19.299+0000] {logging_mixin.py:190} INFO - [2025-03-24T17:29:19.298+0000] {dagbag.py:588} INFO - Filling up the DagBag from /home/airflow/.local/lib/python3.12/site-packages/airflow/example_dags/example_xcom.py
[2025-03-24T17:29:19.314+0000] {processor.py:925} INFO - DAG(s) 'example_xcom' retrieved from /home/airflow/.local/lib/python3.12/site-packages/airflow/example_dags/example_xcom.py
[2025-03-24T17:29:19.358+0000] {logging_mixin.py:190} INFO - [2025-03-24T17:29:19.358+0000] {dag.py:3239} INFO - Sync 1 DAGs
[2025-03-24T17:29:19.401+0000] {logging_mixin.py:190} INFO - [2025-03-24T17:29:19.401+0000] {dag.py:4180} INFO - Setting next_dagrun for example_xcom to 2021-01-01 00:00:00+00:00, run_after=2021-01-01 00:00:00+00:00
[2025-03-24T17:29:19.436+0000] {processor.py:208} INFO - Processing /home/airflow/.local/lib/python3.12/site-packages/airflow/example_dags/example_xcom.py took 0.154 seconds
[2025-03-24T17:29:49.641+0000] {processor.py:186} INFO - Started process (PID=10675) to work on /home/airflow/.local/lib/python3.12/site-packages/airflow/example_dags/example_xcom.py
[2025-03-24T17:29:49.642+0000] {processor.py:914} INFO - Processing file /home/airflow/.local/lib/python3.12/site-packages/airflow/example_dags/example_xcom.py for tasks to queue
[2025-03-24T17:29:49.646+0000] {logging_mixin.py:190} INFO - [2025-03-24T17:29:49.646+0000] {dagbag.py:588} INFO - Filling up the DagBag from /home/airflow/.local/lib/python3.12/site-packages/airflow/example_dags/example_xcom.py
[2025-03-24T17:29:49.661+0000] {processor.py:925} INFO - DAG(s) 'example_xcom' retrieved from /home/airflow/.local/lib/python3.12/site-packages/airflow/example_dags/example_xcom.py
[2025-03-24T17:29:49.690+0000] {logging_mixin.py:190} INFO - [2025-03-24T17:29:49.689+0000] {dag.py:3239} INFO - Sync 1 DAGs
[2025-03-24T17:29:49.721+0000] {logging_mixin.py:190} INFO - [2025-03-24T17:29:49.721+0000] {dag.py:4180} INFO - Setting next_dagrun for example_xcom to 2021-01-01 00:00:00+00:00, run_after=2021-01-01 00:00:00+00:00
[2025-03-24T17:29:49.751+0000] {processor.py:208} INFO - Processing /home/airflow/.local/lib/python3.12/site-packages/airflow/example_dags/example_xcom.py took 0.119 seconds
[2025-03-24T17:30:20.678+0000] {processor.py:186} INFO - Started process (PID=10966) to work on /home/airflow/.local/lib/python3.12/site-packages/airflow/example_dags/example_xcom.py
[2025-03-24T17:30:20.682+0000] {processor.py:914} INFO - Processing file /home/airflow/.local/lib/python3.12/site-packages/airflow/example_dags/example_xcom.py for tasks to queue
[2025-03-24T17:30:20.684+0000] {logging_mixin.py:190} INFO - [2025-03-24T17:30:20.684+0000] {dagbag.py:588} INFO - Filling up the DagBag from /home/airflow/.local/lib/python3.12/site-packages/airflow/example_dags/example_xcom.py
[2025-03-24T17:30:20.696+0000] {processor.py:925} INFO - DAG(s) 'example_xcom' retrieved from /home/airflow/.local/lib/python3.12/site-packages/airflow/example_dags/example_xcom.py
[2025-03-24T17:30:20.724+0000] {logging_mixin.py:190} INFO - [2025-03-24T17:30:20.723+0000] {dag.py:3239} INFO - Sync 1 DAGs
[2025-03-24T17:30:20.756+0000] {logging_mixin.py:190} INFO - [2025-03-24T17:30:20.755+0000] {dag.py:4180} INFO - Setting next_dagrun for example_xcom to 2021-01-01 00:00:00+00:00, run_after=2021-01-01 00:00:00+00:00
[2025-03-24T17:30:20.784+0000] {processor.py:208} INFO - Processing /home/airflow/.local/lib/python3.12/site-packages/airflow/example_dags/example_xcom.py took 0.113 seconds
[2025-03-24T17:30:52.915+0000] {processor.py:186} INFO - Started process (PID=11257) to work on /home/airflow/.local/lib/python3.12/site-packages/airflow/example_dags/example_xcom.py
[2025-03-24T17:30:52.916+0000] {processor.py:914} INFO - Processing file /home/airflow/.local/lib/python3.12/site-packages/airflow/example_dags/example_xcom.py for tasks to queue
[2025-03-24T17:30:52.918+0000] {logging_mixin.py:190} INFO - [2025-03-24T17:30:52.918+0000] {dagbag.py:588} INFO - Filling up the DagBag from /home/airflow/.local/lib/python3.12/site-packages/airflow/example_dags/example_xcom.py
[2025-03-24T17:30:52.933+0000] {processor.py:925} INFO - DAG(s) 'example_xcom' retrieved from /home/airflow/.local/lib/python3.12/site-packages/airflow/example_dags/example_xcom.py
[2025-03-24T17:30:52.969+0000] {logging_mixin.py:190} INFO - [2025-03-24T17:30:52.968+0000] {dag.py:3239} INFO - Sync 1 DAGs
[2025-03-24T17:30:53.013+0000] {logging_mixin.py:190} INFO - [2025-03-24T17:30:53.013+0000] {dag.py:4180} INFO - Setting next_dagrun for example_xcom to 2021-01-01 00:00:00+00:00, run_after=2021-01-01 00:00:00+00:00
[2025-03-24T17:30:53.050+0000] {processor.py:208} INFO - Processing /home/airflow/.local/lib/python3.12/site-packages/airflow/example_dags/example_xcom.py took 0.143 seconds
[2025-03-24T17:31:23.383+0000] {processor.py:186} INFO - Started process (PID=11543) to work on /home/airflow/.local/lib/python3.12/site-packages/airflow/example_dags/example_xcom.py
[2025-03-24T17:31:23.384+0000] {processor.py:914} INFO - Processing file /home/airflow/.local/lib/python3.12/site-packages/airflow/example_dags/example_xcom.py for tasks to queue
[2025-03-24T17:31:23.387+0000] {logging_mixin.py:190} INFO - [2025-03-24T17:31:23.387+0000] {dagbag.py:588} INFO - Filling up the DagBag from /home/airflow/.local/lib/python3.12/site-packages/airflow/example_dags/example_xcom.py
[2025-03-24T17:31:23.397+0000] {processor.py:925} INFO - DAG(s) 'example_xcom' retrieved from /home/airflow/.local/lib/python3.12/site-packages/airflow/example_dags/example_xcom.py
[2025-03-24T17:31:23.430+0000] {logging_mixin.py:190} INFO - [2025-03-24T17:31:23.430+0000] {dag.py:3239} INFO - Sync 1 DAGs
[2025-03-24T17:31:23.473+0000] {logging_mixin.py:190} INFO - [2025-03-24T17:31:23.472+0000] {dag.py:4180} INFO - Setting next_dagrun for example_xcom to 2021-01-01 00:00:00+00:00, run_after=2021-01-01 00:00:00+00:00
[2025-03-24T17:31:23.504+0000] {processor.py:208} INFO - Processing /home/airflow/.local/lib/python3.12/site-packages/airflow/example_dags/example_xcom.py took 0.130 seconds
[2025-03-24T17:31:55.259+0000] {processor.py:186} INFO - Started process (PID=11844) to work on /home/airflow/.local/lib/python3.12/site-packages/airflow/example_dags/example_xcom.py
[2025-03-24T17:31:55.260+0000] {processor.py:914} INFO - Processing file /home/airflow/.local/lib/python3.12/site-packages/airflow/example_dags/example_xcom.py for tasks to queue
[2025-03-24T17:31:55.263+0000] {logging_mixin.py:190} INFO - [2025-03-24T17:31:55.262+0000] {dagbag.py:588} INFO - Filling up the DagBag from /home/airflow/.local/lib/python3.12/site-packages/airflow/example_dags/example_xcom.py
[2025-03-24T17:31:55.277+0000] {processor.py:925} INFO - DAG(s) 'example_xcom' retrieved from /home/airflow/.local/lib/python3.12/site-packages/airflow/example_dags/example_xcom.py
[2025-03-24T17:31:55.305+0000] {logging_mixin.py:190} INFO - [2025-03-24T17:31:55.304+0000] {dag.py:3239} INFO - Sync 1 DAGs
[2025-03-24T17:31:55.337+0000] {logging_mixin.py:190} INFO - [2025-03-24T17:31:55.337+0000] {dag.py:4180} INFO - Setting next_dagrun for example_xcom to 2021-01-01 00:00:00+00:00, run_after=2021-01-01 00:00:00+00:00
[2025-03-24T17:31:55.369+0000] {processor.py:208} INFO - Processing /home/airflow/.local/lib/python3.12/site-packages/airflow/example_dags/example_xcom.py took 0.119 seconds
[2025-03-24T17:32:27.658+0000] {processor.py:186} INFO - Started process (PID=12134) to work on /home/airflow/.local/lib/python3.12/site-packages/airflow/example_dags/example_xcom.py
[2025-03-24T17:32:27.662+0000] {processor.py:914} INFO - Processing file /home/airflow/.local/lib/python3.12/site-packages/airflow/example_dags/example_xcom.py for tasks to queue
[2025-03-24T17:32:27.666+0000] {logging_mixin.py:190} INFO - [2025-03-24T17:32:27.665+0000] {dagbag.py:588} INFO - Filling up the DagBag from /home/airflow/.local/lib/python3.12/site-packages/airflow/example_dags/example_xcom.py
[2025-03-24T17:32:27.681+0000] {processor.py:925} INFO - DAG(s) 'example_xcom' retrieved from /home/airflow/.local/lib/python3.12/site-packages/airflow/example_dags/example_xcom.py
[2025-03-24T17:32:27.715+0000] {logging_mixin.py:190} INFO - [2025-03-24T17:32:27.715+0000] {dag.py:3239} INFO - Sync 1 DAGs
[2025-03-24T17:32:27.746+0000] {logging_mixin.py:190} INFO - [2025-03-24T17:32:27.746+0000] {dag.py:4180} INFO - Setting next_dagrun for example_xcom to 2021-01-01 00:00:00+00:00, run_after=2021-01-01 00:00:00+00:00
[2025-03-24T17:32:27.774+0000] {processor.py:208} INFO - Processing /home/airflow/.local/lib/python3.12/site-packages/airflow/example_dags/example_xcom.py took 0.125 seconds
[2025-03-24T17:32:58.519+0000] {processor.py:186} INFO - Started process (PID=12425) to work on /home/airflow/.local/lib/python3.12/site-packages/airflow/example_dags/example_xcom.py
[2025-03-24T17:32:58.523+0000] {processor.py:914} INFO - Processing file /home/airflow/.local/lib/python3.12/site-packages/airflow/example_dags/example_xcom.py for tasks to queue
[2025-03-24T17:32:58.528+0000] {logging_mixin.py:190} INFO - [2025-03-24T17:32:58.527+0000] {dagbag.py:588} INFO - Filling up the DagBag from /home/airflow/.local/lib/python3.12/site-packages/airflow/example_dags/example_xcom.py
[2025-03-24T17:32:58.549+0000] {processor.py:925} INFO - DAG(s) 'example_xcom' retrieved from /home/airflow/.local/lib/python3.12/site-packages/airflow/example_dags/example_xcom.py
[2025-03-24T17:32:58.582+0000] {logging_mixin.py:190} INFO - [2025-03-24T17:32:58.582+0000] {dag.py:3239} INFO - Sync 1 DAGs
[2025-03-24T17:32:58.622+0000] {logging_mixin.py:190} INFO - [2025-03-24T17:32:58.622+0000] {dag.py:4180} INFO - Setting next_dagrun for example_xcom to 2021-01-01 00:00:00+00:00, run_after=2021-01-01 00:00:00+00:00
[2025-03-24T17:32:58.660+0000] {processor.py:208} INFO - Processing /home/airflow/.local/lib/python3.12/site-packages/airflow/example_dags/example_xcom.py took 0.160 seconds
[2025-03-24T17:33:30.446+0000] {processor.py:186} INFO - Started process (PID=12716) to work on /home/airflow/.local/lib/python3.12/site-packages/airflow/example_dags/example_xcom.py
[2025-03-24T17:33:30.450+0000] {processor.py:914} INFO - Processing file /home/airflow/.local/lib/python3.12/site-packages/airflow/example_dags/example_xcom.py for tasks to queue
[2025-03-24T17:33:30.452+0000] {logging_mixin.py:190} INFO - [2025-03-24T17:33:30.452+0000] {dagbag.py:588} INFO - Filling up the DagBag from /home/airflow/.local/lib/python3.12/site-packages/airflow/example_dags/example_xcom.py
[2025-03-24T17:33:30.470+0000] {processor.py:925} INFO - DAG(s) 'example_xcom' retrieved from /home/airflow/.local/lib/python3.12/site-packages/airflow/example_dags/example_xcom.py
[2025-03-24T17:33:30.505+0000] {logging_mixin.py:190} INFO - [2025-03-24T17:33:30.505+0000] {dag.py:3239} INFO - Sync 1 DAGs
[2025-03-24T17:33:30.548+0000] {logging_mixin.py:190} INFO - [2025-03-24T17:33:30.547+0000] {dag.py:4180} INFO - Setting next_dagrun for example_xcom to 2021-01-01 00:00:00+00:00, run_after=2021-01-01 00:00:00+00:00
[2025-03-24T17:33:30.588+0000] {processor.py:208} INFO - Processing /home/airflow/.local/lib/python3.12/site-packages/airflow/example_dags/example_xcom.py took 0.153 seconds
[2025-03-24T17:34:01.739+0000] {processor.py:186} INFO - Started process (PID=13007) to work on /home/airflow/.local/lib/python3.12/site-packages/airflow/example_dags/example_xcom.py
[2025-03-24T17:34:01.743+0000] {processor.py:914} INFO - Processing file /home/airflow/.local/lib/python3.12/site-packages/airflow/example_dags/example_xcom.py for tasks to queue
[2025-03-24T17:34:01.746+0000] {logging_mixin.py:190} INFO - [2025-03-24T17:34:01.745+0000] {dagbag.py:588} INFO - Filling up the DagBag from /home/airflow/.local/lib/python3.12/site-packages/airflow/example_dags/example_xcom.py
[2025-03-24T17:34:01.763+0000] {processor.py:925} INFO - DAG(s) 'example_xcom' retrieved from /home/airflow/.local/lib/python3.12/site-packages/airflow/example_dags/example_xcom.py
[2025-03-24T17:34:01.805+0000] {logging_mixin.py:190} INFO - [2025-03-24T17:34:01.804+0000] {dag.py:3239} INFO - Sync 1 DAGs
[2025-03-24T17:34:01.850+0000] {logging_mixin.py:190} INFO - [2025-03-24T17:34:01.849+0000] {dag.py:4180} INFO - Setting next_dagrun for example_xcom to 2021-01-01 00:00:00+00:00, run_after=2021-01-01 00:00:00+00:00
[2025-03-24T17:34:01.897+0000] {processor.py:208} INFO - Processing /home/airflow/.local/lib/python3.12/site-packages/airflow/example_dags/example_xcom.py took 0.170 seconds
[2025-03-24T17:34:32.128+0000] {processor.py:186} INFO - Started process (PID=13293) to work on /home/airflow/.local/lib/python3.12/site-packages/airflow/example_dags/example_xcom.py
[2025-03-24T17:34:32.130+0000] {processor.py:914} INFO - Processing file /home/airflow/.local/lib/python3.12/site-packages/airflow/example_dags/example_xcom.py for tasks to queue
[2025-03-24T17:34:32.133+0000] {logging_mixin.py:190} INFO - [2025-03-24T17:34:32.133+0000] {dagbag.py:588} INFO - Filling up the DagBag from /home/airflow/.local/lib/python3.12/site-packages/airflow/example_dags/example_xcom.py
[2025-03-24T17:34:32.148+0000] {processor.py:925} INFO - DAG(s) 'example_xcom' retrieved from /home/airflow/.local/lib/python3.12/site-packages/airflow/example_dags/example_xcom.py
[2025-03-24T17:34:32.179+0000] {logging_mixin.py:190} INFO - [2025-03-24T17:34:32.178+0000] {dag.py:3239} INFO - Sync 1 DAGs
[2025-03-24T17:34:32.215+0000] {logging_mixin.py:190} INFO - [2025-03-24T17:34:32.215+0000] {dag.py:4180} INFO - Setting next_dagrun for example_xcom to 2021-01-01 00:00:00+00:00, run_after=2021-01-01 00:00:00+00:00
[2025-03-24T17:34:32.247+0000] {processor.py:208} INFO - Processing /home/airflow/.local/lib/python3.12/site-packages/airflow/example_dags/example_xcom.py took 0.128 seconds
[2025-03-24T17:35:04.670+0000] {processor.py:186} INFO - Started process (PID=13584) to work on /home/airflow/.local/lib/python3.12/site-packages/airflow/example_dags/example_xcom.py
[2025-03-24T17:35:04.673+0000] {processor.py:914} INFO - Processing file /home/airflow/.local/lib/python3.12/site-packages/airflow/example_dags/example_xcom.py for tasks to queue
[2025-03-24T17:35:04.678+0000] {logging_mixin.py:190} INFO - [2025-03-24T17:35:04.677+0000] {dagbag.py:588} INFO - Filling up the DagBag from /home/airflow/.local/lib/python3.12/site-packages/airflow/example_dags/example_xcom.py
[2025-03-24T17:35:04.695+0000] {processor.py:925} INFO - DAG(s) 'example_xcom' retrieved from /home/airflow/.local/lib/python3.12/site-packages/airflow/example_dags/example_xcom.py
[2025-03-24T17:35:04.755+0000] {logging_mixin.py:190} INFO - [2025-03-24T17:35:04.754+0000] {dag.py:3239} INFO - Sync 1 DAGs
[2025-03-24T17:35:04.798+0000] {logging_mixin.py:190} INFO - [2025-03-24T17:35:04.798+0000] {dag.py:4180} INFO - Setting next_dagrun for example_xcom to 2021-01-01 00:00:00+00:00, run_after=2021-01-01 00:00:00+00:00
[2025-03-24T17:35:04.853+0000] {processor.py:208} INFO - Processing /home/airflow/.local/lib/python3.12/site-packages/airflow/example_dags/example_xcom.py took 0.191 seconds
[2025-03-24T17:35:36.893+0000] {processor.py:186} INFO - Started process (PID=13874) to work on /home/airflow/.local/lib/python3.12/site-packages/airflow/example_dags/example_xcom.py
[2025-03-24T17:35:36.894+0000] {processor.py:914} INFO - Processing file /home/airflow/.local/lib/python3.12/site-packages/airflow/example_dags/example_xcom.py for tasks to queue
[2025-03-24T17:35:36.900+0000] {logging_mixin.py:190} INFO - [2025-03-24T17:35:36.899+0000] {dagbag.py:588} INFO - Filling up the DagBag from /home/airflow/.local/lib/python3.12/site-packages/airflow/example_dags/example_xcom.py
[2025-03-24T17:35:36.924+0000] {processor.py:925} INFO - DAG(s) 'example_xcom' retrieved from /home/airflow/.local/lib/python3.12/site-packages/airflow/example_dags/example_xcom.py
[2025-03-24T17:35:36.976+0000] {logging_mixin.py:190} INFO - [2025-03-24T17:35:36.975+0000] {dag.py:3239} INFO - Sync 1 DAGs
[2025-03-24T17:35:37.050+0000] {logging_mixin.py:190} INFO - [2025-03-24T17:35:37.049+0000] {dag.py:4180} INFO - Setting next_dagrun for example_xcom to 2021-01-01 00:00:00+00:00, run_after=2021-01-01 00:00:00+00:00
[2025-03-24T17:35:37.117+0000] {processor.py:208} INFO - Processing /home/airflow/.local/lib/python3.12/site-packages/airflow/example_dags/example_xcom.py took 0.241 seconds
[2025-03-24T17:36:08.331+0000] {processor.py:186} INFO - Started process (PID=14165) to work on /home/airflow/.local/lib/python3.12/site-packages/airflow/example_dags/example_xcom.py
[2025-03-24T17:36:08.335+0000] {processor.py:914} INFO - Processing file /home/airflow/.local/lib/python3.12/site-packages/airflow/example_dags/example_xcom.py for tasks to queue
[2025-03-24T17:36:08.343+0000] {logging_mixin.py:190} INFO - [2025-03-24T17:36:08.343+0000] {dagbag.py:588} INFO - Filling up the DagBag from /home/airflow/.local/lib/python3.12/site-packages/airflow/example_dags/example_xcom.py
[2025-03-24T17:36:08.364+0000] {processor.py:925} INFO - DAG(s) 'example_xcom' retrieved from /home/airflow/.local/lib/python3.12/site-packages/airflow/example_dags/example_xcom.py
[2025-03-24T17:36:08.433+0000] {logging_mixin.py:190} INFO - [2025-03-24T17:36:08.432+0000] {dag.py:3239} INFO - Sync 1 DAGs
[2025-03-24T17:36:08.523+0000] {logging_mixin.py:190} INFO - [2025-03-24T17:36:08.523+0000] {dag.py:4180} INFO - Setting next_dagrun for example_xcom to 2021-01-01 00:00:00+00:00, run_after=2021-01-01 00:00:00+00:00
[2025-03-24T17:36:08.573+0000] {processor.py:208} INFO - Processing /home/airflow/.local/lib/python3.12/site-packages/airflow/example_dags/example_xcom.py took 0.259 seconds
[2025-03-24T17:36:39.363+0000] {processor.py:186} INFO - Started process (PID=14456) to work on /home/airflow/.local/lib/python3.12/site-packages/airflow/example_dags/example_xcom.py
[2025-03-24T17:36:39.364+0000] {processor.py:914} INFO - Processing file /home/airflow/.local/lib/python3.12/site-packages/airflow/example_dags/example_xcom.py for tasks to queue
[2025-03-24T17:36:39.368+0000] {logging_mixin.py:190} INFO - [2025-03-24T17:36:39.367+0000] {dagbag.py:588} INFO - Filling up the DagBag from /home/airflow/.local/lib/python3.12/site-packages/airflow/example_dags/example_xcom.py
[2025-03-24T17:36:39.385+0000] {processor.py:925} INFO - DAG(s) 'example_xcom' retrieved from /home/airflow/.local/lib/python3.12/site-packages/airflow/example_dags/example_xcom.py
[2025-03-24T17:36:39.430+0000] {logging_mixin.py:190} INFO - [2025-03-24T17:36:39.430+0000] {dag.py:3239} INFO - Sync 1 DAGs
[2025-03-24T17:36:39.473+0000] {logging_mixin.py:190} INFO - [2025-03-24T17:36:39.472+0000] {dag.py:4180} INFO - Setting next_dagrun for example_xcom to 2021-01-01 00:00:00+00:00, run_after=2021-01-01 00:00:00+00:00
[2025-03-24T17:36:39.532+0000] {processor.py:208} INFO - Processing /home/airflow/.local/lib/python3.12/site-packages/airflow/example_dags/example_xcom.py took 0.179 seconds
[2025-03-24T17:37:10.102+0000] {processor.py:186} INFO - Started process (PID=14746) to work on /home/airflow/.local/lib/python3.12/site-packages/airflow/example_dags/example_xcom.py
[2025-03-24T17:37:10.103+0000] {processor.py:914} INFO - Processing file /home/airflow/.local/lib/python3.12/site-packages/airflow/example_dags/example_xcom.py for tasks to queue
[2025-03-24T17:37:10.106+0000] {logging_mixin.py:190} INFO - [2025-03-24T17:37:10.105+0000] {dagbag.py:588} INFO - Filling up the DagBag from /home/airflow/.local/lib/python3.12/site-packages/airflow/example_dags/example_xcom.py
[2025-03-24T17:37:10.121+0000] {processor.py:925} INFO - DAG(s) 'example_xcom' retrieved from /home/airflow/.local/lib/python3.12/site-packages/airflow/example_dags/example_xcom.py
[2025-03-24T17:37:10.166+0000] {logging_mixin.py:190} INFO - [2025-03-24T17:37:10.165+0000] {dag.py:3239} INFO - Sync 1 DAGs
[2025-03-24T17:37:10.205+0000] {logging_mixin.py:190} INFO - [2025-03-24T17:37:10.205+0000] {dag.py:4180} INFO - Setting next_dagrun for example_xcom to 2021-01-01 00:00:00+00:00, run_after=2021-01-01 00:00:00+00:00
[2025-03-24T17:37:10.241+0000] {processor.py:208} INFO - Processing /home/airflow/.local/lib/python3.12/site-packages/airflow/example_dags/example_xcom.py took 0.151 seconds
[2025-03-24T17:37:41.401+0000] {processor.py:186} INFO - Started process (PID=15037) to work on /home/airflow/.local/lib/python3.12/site-packages/airflow/example_dags/example_xcom.py
[2025-03-24T17:37:41.402+0000] {processor.py:914} INFO - Processing file /home/airflow/.local/lib/python3.12/site-packages/airflow/example_dags/example_xcom.py for tasks to queue
[2025-03-24T17:37:41.407+0000] {logging_mixin.py:190} INFO - [2025-03-24T17:37:41.406+0000] {dagbag.py:588} INFO - Filling up the DagBag from /home/airflow/.local/lib/python3.12/site-packages/airflow/example_dags/example_xcom.py
[2025-03-24T17:37:41.423+0000] {processor.py:925} INFO - DAG(s) 'example_xcom' retrieved from /home/airflow/.local/lib/python3.12/site-packages/airflow/example_dags/example_xcom.py
[2025-03-24T17:37:41.460+0000] {logging_mixin.py:190} INFO - [2025-03-24T17:37:41.459+0000] {dag.py:3239} INFO - Sync 1 DAGs
[2025-03-24T17:37:41.499+0000] {logging_mixin.py:190} INFO - [2025-03-24T17:37:41.499+0000] {dag.py:4180} INFO - Setting next_dagrun for example_xcom to 2021-01-01 00:00:00+00:00, run_after=2021-01-01 00:00:00+00:00
[2025-03-24T17:37:41.536+0000] {processor.py:208} INFO - Processing /home/airflow/.local/lib/python3.12/site-packages/airflow/example_dags/example_xcom.py took 0.146 seconds
[2025-03-24T17:38:12.918+0000] {processor.py:186} INFO - Started process (PID=15328) to work on /home/airflow/.local/lib/python3.12/site-packages/airflow/example_dags/example_xcom.py
[2025-03-24T17:38:12.919+0000] {processor.py:914} INFO - Processing file /home/airflow/.local/lib/python3.12/site-packages/airflow/example_dags/example_xcom.py for tasks to queue
[2025-03-24T17:38:12.923+0000] {logging_mixin.py:190} INFO - [2025-03-24T17:38:12.923+0000] {dagbag.py:588} INFO - Filling up the DagBag from /home/airflow/.local/lib/python3.12/site-packages/airflow/example_dags/example_xcom.py
[2025-03-24T17:38:12.945+0000] {processor.py:925} INFO - DAG(s) 'example_xcom' retrieved from /home/airflow/.local/lib/python3.12/site-packages/airflow/example_dags/example_xcom.py
[2025-03-24T17:38:12.996+0000] {logging_mixin.py:190} INFO - [2025-03-24T17:38:12.996+0000] {dag.py:3239} INFO - Sync 1 DAGs
[2025-03-24T17:38:13.080+0000] {logging_mixin.py:190} INFO - [2025-03-24T17:38:13.080+0000] {dag.py:4180} INFO - Setting next_dagrun for example_xcom to 2021-01-01 00:00:00+00:00, run_after=2021-01-01 00:00:00+00:00
[2025-03-24T17:38:13.126+0000] {processor.py:208} INFO - Processing /home/airflow/.local/lib/python3.12/site-packages/airflow/example_dags/example_xcom.py took 0.234 seconds
[2025-03-24T17:38:44.364+0000] {processor.py:186} INFO - Started process (PID=15619) to work on /home/airflow/.local/lib/python3.12/site-packages/airflow/example_dags/example_xcom.py
[2025-03-24T17:38:44.365+0000] {processor.py:914} INFO - Processing file /home/airflow/.local/lib/python3.12/site-packages/airflow/example_dags/example_xcom.py for tasks to queue
[2025-03-24T17:38:44.369+0000] {logging_mixin.py:190} INFO - [2025-03-24T17:38:44.368+0000] {dagbag.py:588} INFO - Filling up the DagBag from /home/airflow/.local/lib/python3.12/site-packages/airflow/example_dags/example_xcom.py
[2025-03-24T17:38:44.383+0000] {processor.py:925} INFO - DAG(s) 'example_xcom' retrieved from /home/airflow/.local/lib/python3.12/site-packages/airflow/example_dags/example_xcom.py
[2025-03-24T17:38:44.416+0000] {logging_mixin.py:190} INFO - [2025-03-24T17:38:44.415+0000] {dag.py:3239} INFO - Sync 1 DAGs
[2025-03-24T17:38:44.455+0000] {logging_mixin.py:190} INFO - [2025-03-24T17:38:44.455+0000] {dag.py:4180} INFO - Setting next_dagrun for example_xcom to 2021-01-01 00:00:00+00:00, run_after=2021-01-01 00:00:00+00:00
[2025-03-24T17:38:44.492+0000] {processor.py:208} INFO - Processing /home/airflow/.local/lib/python3.12/site-packages/airflow/example_dags/example_xcom.py took 0.137 seconds
[2025-03-24T17:39:16.230+0000] {processor.py:186} INFO - Started process (PID=15907) to work on /home/airflow/.local/lib/python3.12/site-packages/airflow/example_dags/example_xcom.py
[2025-03-24T17:39:16.231+0000] {processor.py:914} INFO - Processing file /home/airflow/.local/lib/python3.12/site-packages/airflow/example_dags/example_xcom.py for tasks to queue
[2025-03-24T17:39:16.234+0000] {logging_mixin.py:190} INFO - [2025-03-24T17:39:16.233+0000] {dagbag.py:588} INFO - Filling up the DagBag from /home/airflow/.local/lib/python3.12/site-packages/airflow/example_dags/example_xcom.py
[2025-03-24T17:39:16.249+0000] {processor.py:925} INFO - DAG(s) 'example_xcom' retrieved from /home/airflow/.local/lib/python3.12/site-packages/airflow/example_dags/example_xcom.py
[2025-03-24T17:39:16.284+0000] {logging_mixin.py:190} INFO - [2025-03-24T17:39:16.283+0000] {dag.py:3239} INFO - Sync 1 DAGs
[2025-03-24T17:39:16.343+0000] {logging_mixin.py:190} INFO - [2025-03-24T17:39:16.343+0000] {dag.py:4180} INFO - Setting next_dagrun for example_xcom to 2021-01-01 00:00:00+00:00, run_after=2021-01-01 00:00:00+00:00
[2025-03-24T17:39:16.383+0000] {processor.py:208} INFO - Processing /home/airflow/.local/lib/python3.12/site-packages/airflow/example_dags/example_xcom.py took 0.164 seconds
[2025-03-24T17:39:47.991+0000] {processor.py:186} INFO - Started process (PID=16201) to work on /home/airflow/.local/lib/python3.12/site-packages/airflow/example_dags/example_xcom.py
[2025-03-24T17:39:47.993+0000] {processor.py:914} INFO - Processing file /home/airflow/.local/lib/python3.12/site-packages/airflow/example_dags/example_xcom.py for tasks to queue
[2025-03-24T17:39:47.997+0000] {logging_mixin.py:190} INFO - [2025-03-24T17:39:47.996+0000] {dagbag.py:588} INFO - Filling up the DagBag from /home/airflow/.local/lib/python3.12/site-packages/airflow/example_dags/example_xcom.py
[2025-03-24T17:39:48.015+0000] {processor.py:925} INFO - DAG(s) 'example_xcom' retrieved from /home/airflow/.local/lib/python3.12/site-packages/airflow/example_dags/example_xcom.py
[2025-03-24T17:39:48.058+0000] {logging_mixin.py:190} INFO - [2025-03-24T17:39:48.058+0000] {dag.py:3239} INFO - Sync 1 DAGs
[2025-03-24T17:39:48.108+0000] {logging_mixin.py:190} INFO - [2025-03-24T17:39:48.108+0000] {dag.py:4180} INFO - Setting next_dagrun for example_xcom to 2021-01-01 00:00:00+00:00, run_after=2021-01-01 00:00:00+00:00
[2025-03-24T17:39:48.159+0000] {processor.py:208} INFO - Processing /home/airflow/.local/lib/python3.12/site-packages/airflow/example_dags/example_xcom.py took 0.178 seconds
[2025-03-24T17:40:18.285+0000] {processor.py:186} INFO - Started process (PID=16489) to work on /home/airflow/.local/lib/python3.12/site-packages/airflow/example_dags/example_xcom.py
[2025-03-24T17:40:18.289+0000] {processor.py:914} INFO - Processing file /home/airflow/.local/lib/python3.12/site-packages/airflow/example_dags/example_xcom.py for tasks to queue
[2025-03-24T17:40:18.291+0000] {logging_mixin.py:190} INFO - [2025-03-24T17:40:18.291+0000] {dagbag.py:588} INFO - Filling up the DagBag from /home/airflow/.local/lib/python3.12/site-packages/airflow/example_dags/example_xcom.py
[2025-03-24T17:40:18.303+0000] {processor.py:925} INFO - DAG(s) 'example_xcom' retrieved from /home/airflow/.local/lib/python3.12/site-packages/airflow/example_dags/example_xcom.py
[2025-03-24T17:40:18.346+0000] {logging_mixin.py:190} INFO - [2025-03-24T17:40:18.346+0000] {dag.py:3239} INFO - Sync 1 DAGs
[2025-03-24T17:40:18.377+0000] {logging_mixin.py:190} INFO - [2025-03-24T17:40:18.377+0000] {dag.py:4180} INFO - Setting next_dagrun for example_xcom to 2021-01-01 00:00:00+00:00, run_after=2021-01-01 00:00:00+00:00
[2025-03-24T17:40:18.408+0000] {processor.py:208} INFO - Processing /home/airflow/.local/lib/python3.12/site-packages/airflow/example_dags/example_xcom.py took 0.130 seconds
[2025-03-24T17:40:49.069+0000] {processor.py:186} INFO - Started process (PID=16778) to work on /home/airflow/.local/lib/python3.12/site-packages/airflow/example_dags/example_xcom.py
[2025-03-24T17:40:49.071+0000] {processor.py:914} INFO - Processing file /home/airflow/.local/lib/python3.12/site-packages/airflow/example_dags/example_xcom.py for tasks to queue
[2025-03-24T17:40:49.073+0000] {logging_mixin.py:190} INFO - [2025-03-24T17:40:49.073+0000] {dagbag.py:588} INFO - Filling up the DagBag from /home/airflow/.local/lib/python3.12/site-packages/airflow/example_dags/example_xcom.py
[2025-03-24T17:40:49.092+0000] {processor.py:925} INFO - DAG(s) 'example_xcom' retrieved from /home/airflow/.local/lib/python3.12/site-packages/airflow/example_dags/example_xcom.py
[2025-03-24T17:40:49.137+0000] {logging_mixin.py:190} INFO - [2025-03-24T17:40:49.137+0000] {dag.py:3239} INFO - Sync 1 DAGs
[2025-03-24T17:40:49.179+0000] {logging_mixin.py:190} INFO - [2025-03-24T17:40:49.178+0000] {dag.py:4180} INFO - Setting next_dagrun for example_xcom to 2021-01-01 00:00:00+00:00, run_after=2021-01-01 00:00:00+00:00
[2025-03-24T17:40:49.210+0000] {processor.py:208} INFO - Processing /home/airflow/.local/lib/python3.12/site-packages/airflow/example_dags/example_xcom.py took 0.153 seconds
[2025-03-24T17:41:19.268+0000] {processor.py:186} INFO - Started process (PID=17066) to work on /home/airflow/.local/lib/python3.12/site-packages/airflow/example_dags/example_xcom.py
[2025-03-24T17:41:19.272+0000] {processor.py:914} INFO - Processing file /home/airflow/.local/lib/python3.12/site-packages/airflow/example_dags/example_xcom.py for tasks to queue
[2025-03-24T17:41:19.274+0000] {logging_mixin.py:190} INFO - [2025-03-24T17:41:19.274+0000] {dagbag.py:588} INFO - Filling up the DagBag from /home/airflow/.local/lib/python3.12/site-packages/airflow/example_dags/example_xcom.py
[2025-03-24T17:41:19.288+0000] {processor.py:925} INFO - DAG(s) 'example_xcom' retrieved from /home/airflow/.local/lib/python3.12/site-packages/airflow/example_dags/example_xcom.py
[2025-03-24T17:41:19.317+0000] {logging_mixin.py:190} INFO - [2025-03-24T17:41:19.317+0000] {dag.py:3239} INFO - Sync 1 DAGs
[2025-03-24T17:41:19.353+0000] {logging_mixin.py:190} INFO - [2025-03-24T17:41:19.352+0000] {dag.py:4180} INFO - Setting next_dagrun for example_xcom to 2021-01-01 00:00:00+00:00, run_after=2021-01-01 00:00:00+00:00
[2025-03-24T17:41:19.387+0000] {processor.py:208} INFO - Processing /home/airflow/.local/lib/python3.12/site-packages/airflow/example_dags/example_xcom.py took 0.129 seconds
[2025-03-24T17:41:50.103+0000] {processor.py:186} INFO - Started process (PID=17354) to work on /home/airflow/.local/lib/python3.12/site-packages/airflow/example_dags/example_xcom.py
[2025-03-24T17:41:50.103+0000] {processor.py:914} INFO - Processing file /home/airflow/.local/lib/python3.12/site-packages/airflow/example_dags/example_xcom.py for tasks to queue
[2025-03-24T17:41:50.106+0000] {logging_mixin.py:190} INFO - [2025-03-24T17:41:50.106+0000] {dagbag.py:588} INFO - Filling up the DagBag from /home/airflow/.local/lib/python3.12/site-packages/airflow/example_dags/example_xcom.py
[2025-03-24T17:41:50.127+0000] {processor.py:925} INFO - DAG(s) 'example_xcom' retrieved from /home/airflow/.local/lib/python3.12/site-packages/airflow/example_dags/example_xcom.py
[2025-03-24T17:41:50.167+0000] {logging_mixin.py:190} INFO - [2025-03-24T17:41:50.166+0000] {dag.py:3239} INFO - Sync 1 DAGs
[2025-03-24T17:41:50.202+0000] {logging_mixin.py:190} INFO - [2025-03-24T17:41:50.202+0000] {dag.py:4180} INFO - Setting next_dagrun for example_xcom to 2021-01-01 00:00:00+00:00, run_after=2021-01-01 00:00:00+00:00
[2025-03-24T17:41:50.233+0000] {processor.py:208} INFO - Processing /home/airflow/.local/lib/python3.12/site-packages/airflow/example_dags/example_xcom.py took 0.137 seconds
