[2025-03-24T17:11:26.109+0000] {processor.py:186} INFO - Started process (PID=280) to work on /home/airflow/.local/lib/python3.12/site-packages/airflow/example_dags/example_nested_branch_dag.py
[2025-03-24T17:11:26.110+0000] {processor.py:914} INFO - Processing file /home/airflow/.local/lib/python3.12/site-packages/airflow/example_dags/example_nested_branch_dag.py for tasks to queue
[2025-03-24T17:11:26.113+0000] {logging_mixin.py:190} INFO - [2025-03-24T17:11:26.113+0000] {dagbag.py:588} INFO - Filling up the DagBag from /home/airflow/.local/lib/python3.12/site-packages/airflow/example_dags/example_nested_branch_dag.py
[2025-03-24T17:11:26.137+0000] {processor.py:925} INFO - DAG(s) 'example_nested_branch_dag' retrieved from /home/airflow/.local/lib/python3.12/site-packages/airflow/example_dags/example_nested_branch_dag.py
[2025-03-24T17:11:26.361+0000] {logging_mixin.py:190} INFO - [2025-03-24T17:11:26.360+0000] {override.py:1912} INFO - Created Permission View: can delete on DAG:example_nested_branch_dag
[2025-03-24T17:11:26.389+0000] {logging_mixin.py:190} INFO - [2025-03-24T17:11:26.388+0000] {override.py:1912} INFO - Created Permission View: can edit on DAG:example_nested_branch_dag
[2025-03-24T17:11:26.411+0000] {logging_mixin.py:190} INFO - [2025-03-24T17:11:26.410+0000] {override.py:1912} INFO - Created Permission View: can read on DAG:example_nested_branch_dag
[2025-03-24T17:11:26.432+0000] {logging_mixin.py:190} INFO - [2025-03-24T17:11:26.432+0000] {override.py:1912} INFO - Created Permission View: menu access on DAG Run:example_nested_branch_dag
[2025-03-24T17:11:26.448+0000] {logging_mixin.py:190} INFO - [2025-03-24T17:11:26.448+0000] {override.py:1912} INFO - Created Permission View: can delete on DAG Run:example_nested_branch_dag
[2025-03-24T17:11:26.465+0000] {logging_mixin.py:190} INFO - [2025-03-24T17:11:26.465+0000] {override.py:1912} INFO - Created Permission View: can read on DAG Run:example_nested_branch_dag
[2025-03-24T17:11:26.486+0000] {logging_mixin.py:190} INFO - [2025-03-24T17:11:26.485+0000] {override.py:1912} INFO - Created Permission View: can create on DAG Run:example_nested_branch_dag
[2025-03-24T17:11:26.487+0000] {logging_mixin.py:190} INFO - [2025-03-24T17:11:26.487+0000] {dag.py:3239} INFO - Sync 1 DAGs
[2025-03-24T17:11:26.526+0000] {logging_mixin.py:190} INFO - [2025-03-24T17:11:26.525+0000] {dag.py:3262} INFO - Creating ORM DAG for example_nested_branch_dag
[2025-03-24T17:11:26.549+0000] {logging_mixin.py:190} INFO - [2025-03-24T17:11:26.548+0000] {dag.py:4180} INFO - Setting next_dagrun for example_nested_branch_dag to 2025-03-23 00:00:00+00:00, run_after=2025-03-24 00:00:00+00:00
[2025-03-24T17:11:26.628+0000] {processor.py:208} INFO - Processing /home/airflow/.local/lib/python3.12/site-packages/airflow/example_dags/example_nested_branch_dag.py took 0.529 seconds
[2025-03-24T17:11:57.339+0000] {processor.py:186} INFO - Started process (PID=571) to work on /home/airflow/.local/lib/python3.12/site-packages/airflow/example_dags/example_nested_branch_dag.py
[2025-03-24T17:11:57.340+0000] {processor.py:914} INFO - Processing file /home/airflow/.local/lib/python3.12/site-packages/airflow/example_dags/example_nested_branch_dag.py for tasks to queue
[2025-03-24T17:11:57.343+0000] {logging_mixin.py:190} INFO - [2025-03-24T17:11:57.343+0000] {dagbag.py:588} INFO - Filling up the DagBag from /home/airflow/.local/lib/python3.12/site-packages/airflow/example_dags/example_nested_branch_dag.py
[2025-03-24T17:11:57.367+0000] {processor.py:925} INFO - DAG(s) 'example_nested_branch_dag' retrieved from /home/airflow/.local/lib/python3.12/site-packages/airflow/example_dags/example_nested_branch_dag.py
[2025-03-24T17:11:57.401+0000] {logging_mixin.py:190} INFO - [2025-03-24T17:11:57.401+0000] {dag.py:3239} INFO - Sync 1 DAGs
[2025-03-24T17:11:57.437+0000] {logging_mixin.py:190} INFO - [2025-03-24T17:11:57.437+0000] {dag.py:4180} INFO - Setting next_dagrun for example_nested_branch_dag to 2025-03-23 00:00:00+00:00, run_after=2025-03-24 00:00:00+00:00
[2025-03-24T17:11:57.464+0000] {processor.py:208} INFO - Processing /home/airflow/.local/lib/python3.12/site-packages/airflow/example_dags/example_nested_branch_dag.py took 0.136 seconds
[2025-03-24T17:12:27.865+0000] {processor.py:186} INFO - Started process (PID=862) to work on /home/airflow/.local/lib/python3.12/site-packages/airflow/example_dags/example_nested_branch_dag.py
[2025-03-24T17:12:27.870+0000] {processor.py:914} INFO - Processing file /home/airflow/.local/lib/python3.12/site-packages/airflow/example_dags/example_nested_branch_dag.py for tasks to queue
[2025-03-24T17:12:27.873+0000] {logging_mixin.py:190} INFO - [2025-03-24T17:12:27.873+0000] {dagbag.py:588} INFO - Filling up the DagBag from /home/airflow/.local/lib/python3.12/site-packages/airflow/example_dags/example_nested_branch_dag.py
[2025-03-24T17:12:27.892+0000] {processor.py:925} INFO - DAG(s) 'example_nested_branch_dag' retrieved from /home/airflow/.local/lib/python3.12/site-packages/airflow/example_dags/example_nested_branch_dag.py
[2025-03-24T17:12:27.925+0000] {logging_mixin.py:190} INFO - [2025-03-24T17:12:27.925+0000] {dag.py:3239} INFO - Sync 1 DAGs
[2025-03-24T17:12:27.960+0000] {logging_mixin.py:190} INFO - [2025-03-24T17:12:27.960+0000] {dag.py:4180} INFO - Setting next_dagrun for example_nested_branch_dag to 2025-03-23 00:00:00+00:00, run_after=2025-03-24 00:00:00+00:00
[2025-03-24T17:12:27.997+0000] {processor.py:208} INFO - Processing /home/airflow/.local/lib/python3.12/site-packages/airflow/example_dags/example_nested_branch_dag.py took 0.141 seconds
[2025-03-24T17:12:58.692+0000] {processor.py:186} INFO - Started process (PID=1148) to work on /home/airflow/.local/lib/python3.12/site-packages/airflow/example_dags/example_nested_branch_dag.py
[2025-03-24T17:12:58.697+0000] {processor.py:914} INFO - Processing file /home/airflow/.local/lib/python3.12/site-packages/airflow/example_dags/example_nested_branch_dag.py for tasks to queue
[2025-03-24T17:12:58.699+0000] {logging_mixin.py:190} INFO - [2025-03-24T17:12:58.699+0000] {dagbag.py:588} INFO - Filling up the DagBag from /home/airflow/.local/lib/python3.12/site-packages/airflow/example_dags/example_nested_branch_dag.py
[2025-03-24T17:12:58.713+0000] {processor.py:925} INFO - DAG(s) 'example_nested_branch_dag' retrieved from /home/airflow/.local/lib/python3.12/site-packages/airflow/example_dags/example_nested_branch_dag.py
[2025-03-24T17:12:58.741+0000] {logging_mixin.py:190} INFO - [2025-03-24T17:12:58.740+0000] {dag.py:3239} INFO - Sync 1 DAGs
[2025-03-24T17:12:58.772+0000] {logging_mixin.py:190} INFO - [2025-03-24T17:12:58.772+0000] {dag.py:4180} INFO - Setting next_dagrun for example_nested_branch_dag to 2025-03-23 00:00:00+00:00, run_after=2025-03-24 00:00:00+00:00
[2025-03-24T17:12:58.804+0000] {processor.py:208} INFO - Processing /home/airflow/.local/lib/python3.12/site-packages/airflow/example_dags/example_nested_branch_dag.py took 0.119 seconds
[2025-03-24T17:13:29.263+0000] {processor.py:186} INFO - Started process (PID=1436) to work on /home/airflow/.local/lib/python3.12/site-packages/airflow/example_dags/example_nested_branch_dag.py
[2025-03-24T17:13:29.264+0000] {processor.py:914} INFO - Processing file /home/airflow/.local/lib/python3.12/site-packages/airflow/example_dags/example_nested_branch_dag.py for tasks to queue
[2025-03-24T17:13:29.268+0000] {logging_mixin.py:190} INFO - [2025-03-24T17:13:29.267+0000] {dagbag.py:588} INFO - Filling up the DagBag from /home/airflow/.local/lib/python3.12/site-packages/airflow/example_dags/example_nested_branch_dag.py
[2025-03-24T17:13:29.287+0000] {processor.py:925} INFO - DAG(s) 'example_nested_branch_dag' retrieved from /home/airflow/.local/lib/python3.12/site-packages/airflow/example_dags/example_nested_branch_dag.py
[2025-03-24T17:13:29.334+0000] {logging_mixin.py:190} INFO - [2025-03-24T17:13:29.333+0000] {dag.py:3239} INFO - Sync 1 DAGs
[2025-03-24T17:13:29.396+0000] {logging_mixin.py:190} INFO - [2025-03-24T17:13:29.396+0000] {dag.py:4180} INFO - Setting next_dagrun for example_nested_branch_dag to 2025-03-23 00:00:00+00:00, run_after=2025-03-24 00:00:00+00:00
[2025-03-24T17:13:29.443+0000] {processor.py:208} INFO - Processing /home/airflow/.local/lib/python3.12/site-packages/airflow/example_dags/example_nested_branch_dag.py took 0.187 seconds
[2025-03-24T17:14:00.221+0000] {processor.py:186} INFO - Started process (PID=1725) to work on /home/airflow/.local/lib/python3.12/site-packages/airflow/example_dags/example_nested_branch_dag.py
[2025-03-24T17:14:00.223+0000] {processor.py:914} INFO - Processing file /home/airflow/.local/lib/python3.12/site-packages/airflow/example_dags/example_nested_branch_dag.py for tasks to queue
[2025-03-24T17:14:00.226+0000] {logging_mixin.py:190} INFO - [2025-03-24T17:14:00.226+0000] {dagbag.py:588} INFO - Filling up the DagBag from /home/airflow/.local/lib/python3.12/site-packages/airflow/example_dags/example_nested_branch_dag.py
[2025-03-24T17:14:00.248+0000] {processor.py:925} INFO - DAG(s) 'example_nested_branch_dag' retrieved from /home/airflow/.local/lib/python3.12/site-packages/airflow/example_dags/example_nested_branch_dag.py
[2025-03-24T17:14:00.275+0000] {logging_mixin.py:190} INFO - [2025-03-24T17:14:00.275+0000] {dag.py:3239} INFO - Sync 1 DAGs
[2025-03-24T17:14:00.316+0000] {logging_mixin.py:190} INFO - [2025-03-24T17:14:00.316+0000] {dag.py:4180} INFO - Setting next_dagrun for example_nested_branch_dag to 2025-03-23 00:00:00+00:00, run_after=2025-03-24 00:00:00+00:00
[2025-03-24T17:14:00.349+0000] {processor.py:208} INFO - Processing /home/airflow/.local/lib/python3.12/site-packages/airflow/example_dags/example_nested_branch_dag.py took 0.138 seconds
[2025-03-24T17:14:31.767+0000] {processor.py:186} INFO - Started process (PID=2018) to work on /home/airflow/.local/lib/python3.12/site-packages/airflow/example_dags/example_nested_branch_dag.py
[2025-03-24T17:14:31.769+0000] {processor.py:914} INFO - Processing file /home/airflow/.local/lib/python3.12/site-packages/airflow/example_dags/example_nested_branch_dag.py for tasks to queue
[2025-03-24T17:14:31.771+0000] {logging_mixin.py:190} INFO - [2025-03-24T17:14:31.771+0000] {dagbag.py:588} INFO - Filling up the DagBag from /home/airflow/.local/lib/python3.12/site-packages/airflow/example_dags/example_nested_branch_dag.py
[2025-03-24T17:14:31.791+0000] {processor.py:925} INFO - DAG(s) 'example_nested_branch_dag' retrieved from /home/airflow/.local/lib/python3.12/site-packages/airflow/example_dags/example_nested_branch_dag.py
[2025-03-24T17:14:31.828+0000] {logging_mixin.py:190} INFO - [2025-03-24T17:14:31.828+0000] {dag.py:3239} INFO - Sync 1 DAGs
[2025-03-24T17:14:31.866+0000] {logging_mixin.py:190} INFO - [2025-03-24T17:14:31.866+0000] {dag.py:4180} INFO - Setting next_dagrun for example_nested_branch_dag to 2025-03-23 00:00:00+00:00, run_after=2025-03-24 00:00:00+00:00
[2025-03-24T17:14:31.900+0000] {processor.py:208} INFO - Processing /home/airflow/.local/lib/python3.12/site-packages/airflow/example_dags/example_nested_branch_dag.py took 0.145 seconds
[2025-03-24T17:15:03.421+0000] {processor.py:186} INFO - Started process (PID=2310) to work on /home/airflow/.local/lib/python3.12/site-packages/airflow/example_dags/example_nested_branch_dag.py
[2025-03-24T17:15:03.422+0000] {processor.py:914} INFO - Processing file /home/airflow/.local/lib/python3.12/site-packages/airflow/example_dags/example_nested_branch_dag.py for tasks to queue
[2025-03-24T17:15:03.424+0000] {logging_mixin.py:190} INFO - [2025-03-24T17:15:03.424+0000] {dagbag.py:588} INFO - Filling up the DagBag from /home/airflow/.local/lib/python3.12/site-packages/airflow/example_dags/example_nested_branch_dag.py
[2025-03-24T17:15:03.441+0000] {processor.py:925} INFO - DAG(s) 'example_nested_branch_dag' retrieved from /home/airflow/.local/lib/python3.12/site-packages/airflow/example_dags/example_nested_branch_dag.py
[2025-03-24T17:15:03.475+0000] {logging_mixin.py:190} INFO - [2025-03-24T17:15:03.474+0000] {dag.py:3239} INFO - Sync 1 DAGs
[2025-03-24T17:15:03.508+0000] {logging_mixin.py:190} INFO - [2025-03-24T17:15:03.508+0000] {dag.py:4180} INFO - Setting next_dagrun for example_nested_branch_dag to 2025-03-23 00:00:00+00:00, run_after=2025-03-24 00:00:00+00:00
[2025-03-24T17:15:03.537+0000] {processor.py:208} INFO - Processing /home/airflow/.local/lib/python3.12/site-packages/airflow/example_dags/example_nested_branch_dag.py took 0.123 seconds
[2025-03-24T17:15:34.699+0000] {processor.py:186} INFO - Started process (PID=2599) to work on /home/airflow/.local/lib/python3.12/site-packages/airflow/example_dags/example_nested_branch_dag.py
[2025-03-24T17:15:34.714+0000] {processor.py:914} INFO - Processing file /home/airflow/.local/lib/python3.12/site-packages/airflow/example_dags/example_nested_branch_dag.py for tasks to queue
[2025-03-24T17:15:34.716+0000] {logging_mixin.py:190} INFO - [2025-03-24T17:15:34.716+0000] {dagbag.py:588} INFO - Filling up the DagBag from /home/airflow/.local/lib/python3.12/site-packages/airflow/example_dags/example_nested_branch_dag.py
[2025-03-24T17:15:34.732+0000] {processor.py:925} INFO - DAG(s) 'example_nested_branch_dag' retrieved from /home/airflow/.local/lib/python3.12/site-packages/airflow/example_dags/example_nested_branch_dag.py
[2025-03-24T17:15:34.765+0000] {logging_mixin.py:190} INFO - [2025-03-24T17:15:34.764+0000] {dag.py:3239} INFO - Sync 1 DAGs
[2025-03-24T17:15:34.817+0000] {logging_mixin.py:190} INFO - [2025-03-24T17:15:34.817+0000] {dag.py:4180} INFO - Setting next_dagrun for example_nested_branch_dag to 2025-03-23 00:00:00+00:00, run_after=2025-03-24 00:00:00+00:00
[2025-03-24T17:15:34.866+0000] {processor.py:208} INFO - Processing /home/airflow/.local/lib/python3.12/site-packages/airflow/example_dags/example_nested_branch_dag.py took 0.173 seconds
[2025-03-24T17:16:05.711+0000] {processor.py:186} INFO - Started process (PID=2890) to work on /home/airflow/.local/lib/python3.12/site-packages/airflow/example_dags/example_nested_branch_dag.py
[2025-03-24T17:16:05.712+0000] {processor.py:914} INFO - Processing file /home/airflow/.local/lib/python3.12/site-packages/airflow/example_dags/example_nested_branch_dag.py for tasks to queue
[2025-03-24T17:16:05.714+0000] {logging_mixin.py:190} INFO - [2025-03-24T17:16:05.713+0000] {dagbag.py:588} INFO - Filling up the DagBag from /home/airflow/.local/lib/python3.12/site-packages/airflow/example_dags/example_nested_branch_dag.py
[2025-03-24T17:16:05.728+0000] {processor.py:925} INFO - DAG(s) 'example_nested_branch_dag' retrieved from /home/airflow/.local/lib/python3.12/site-packages/airflow/example_dags/example_nested_branch_dag.py
[2025-03-24T17:16:05.754+0000] {logging_mixin.py:190} INFO - [2025-03-24T17:16:05.754+0000] {dag.py:3239} INFO - Sync 1 DAGs
[2025-03-24T17:16:05.789+0000] {logging_mixin.py:190} INFO - [2025-03-24T17:16:05.788+0000] {dag.py:4180} INFO - Setting next_dagrun for example_nested_branch_dag to 2025-03-23 00:00:00+00:00, run_after=2025-03-24 00:00:00+00:00
[2025-03-24T17:16:05.817+0000] {processor.py:208} INFO - Processing /home/airflow/.local/lib/python3.12/site-packages/airflow/example_dags/example_nested_branch_dag.py took 0.113 seconds
[2025-03-24T17:16:37.698+0000] {processor.py:186} INFO - Started process (PID=3180) to work on /home/airflow/.local/lib/python3.12/site-packages/airflow/example_dags/example_nested_branch_dag.py
[2025-03-24T17:16:37.700+0000] {processor.py:914} INFO - Processing file /home/airflow/.local/lib/python3.12/site-packages/airflow/example_dags/example_nested_branch_dag.py for tasks to queue
[2025-03-24T17:16:37.704+0000] {logging_mixin.py:190} INFO - [2025-03-24T17:16:37.703+0000] {dagbag.py:588} INFO - Filling up the DagBag from /home/airflow/.local/lib/python3.12/site-packages/airflow/example_dags/example_nested_branch_dag.py
[2025-03-24T17:16:37.723+0000] {processor.py:925} INFO - DAG(s) 'example_nested_branch_dag' retrieved from /home/airflow/.local/lib/python3.12/site-packages/airflow/example_dags/example_nested_branch_dag.py
[2025-03-24T17:16:37.775+0000] {logging_mixin.py:190} INFO - [2025-03-24T17:16:37.774+0000] {dag.py:3239} INFO - Sync 1 DAGs
[2025-03-24T17:16:37.835+0000] {logging_mixin.py:190} INFO - [2025-03-24T17:16:37.834+0000] {dag.py:4180} INFO - Setting next_dagrun for example_nested_branch_dag to 2025-03-23 00:00:00+00:00, run_after=2025-03-24 00:00:00+00:00
[2025-03-24T17:16:37.900+0000] {processor.py:208} INFO - Processing /home/airflow/.local/lib/python3.12/site-packages/airflow/example_dags/example_nested_branch_dag.py took 0.212 seconds
[2025-03-24T17:17:08.859+0000] {processor.py:186} INFO - Started process (PID=3471) to work on /home/airflow/.local/lib/python3.12/site-packages/airflow/example_dags/example_nested_branch_dag.py
[2025-03-24T17:17:08.860+0000] {processor.py:914} INFO - Processing file /home/airflow/.local/lib/python3.12/site-packages/airflow/example_dags/example_nested_branch_dag.py for tasks to queue
[2025-03-24T17:17:08.863+0000] {logging_mixin.py:190} INFO - [2025-03-24T17:17:08.863+0000] {dagbag.py:588} INFO - Filling up the DagBag from /home/airflow/.local/lib/python3.12/site-packages/airflow/example_dags/example_nested_branch_dag.py
[2025-03-24T17:17:08.884+0000] {processor.py:925} INFO - DAG(s) 'example_nested_branch_dag' retrieved from /home/airflow/.local/lib/python3.12/site-packages/airflow/example_dags/example_nested_branch_dag.py
[2025-03-24T17:17:08.917+0000] {logging_mixin.py:190} INFO - [2025-03-24T17:17:08.916+0000] {dag.py:3239} INFO - Sync 1 DAGs
[2025-03-24T17:17:08.952+0000] {logging_mixin.py:190} INFO - [2025-03-24T17:17:08.952+0000] {dag.py:4180} INFO - Setting next_dagrun for example_nested_branch_dag to 2025-03-23 00:00:00+00:00, run_after=2025-03-24 00:00:00+00:00
[2025-03-24T17:17:08.979+0000] {processor.py:208} INFO - Processing /home/airflow/.local/lib/python3.12/site-packages/airflow/example_dags/example_nested_branch_dag.py took 0.130 seconds
[2025-03-24T17:17:40.884+0000] {processor.py:186} INFO - Started process (PID=3762) to work on /home/airflow/.local/lib/python3.12/site-packages/airflow/example_dags/example_nested_branch_dag.py
[2025-03-24T17:17:40.885+0000] {processor.py:914} INFO - Processing file /home/airflow/.local/lib/python3.12/site-packages/airflow/example_dags/example_nested_branch_dag.py for tasks to queue
[2025-03-24T17:17:40.889+0000] {logging_mixin.py:190} INFO - [2025-03-24T17:17:40.888+0000] {dagbag.py:588} INFO - Filling up the DagBag from /home/airflow/.local/lib/python3.12/site-packages/airflow/example_dags/example_nested_branch_dag.py
[2025-03-24T17:17:40.909+0000] {processor.py:925} INFO - DAG(s) 'example_nested_branch_dag' retrieved from /home/airflow/.local/lib/python3.12/site-packages/airflow/example_dags/example_nested_branch_dag.py
[2025-03-24T17:17:40.945+0000] {logging_mixin.py:190} INFO - [2025-03-24T17:17:40.944+0000] {dag.py:3239} INFO - Sync 1 DAGs
[2025-03-24T17:17:40.988+0000] {logging_mixin.py:190} INFO - [2025-03-24T17:17:40.988+0000] {dag.py:4180} INFO - Setting next_dagrun for example_nested_branch_dag to 2025-03-23 00:00:00+00:00, run_after=2025-03-24 00:00:00+00:00
[2025-03-24T17:17:41.019+0000] {processor.py:208} INFO - Processing /home/airflow/.local/lib/python3.12/site-packages/airflow/example_dags/example_nested_branch_dag.py took 0.145 seconds
[2025-03-24T17:18:11.912+0000] {processor.py:186} INFO - Started process (PID=4078) to work on /home/airflow/.local/lib/python3.12/site-packages/airflow/example_dags/example_nested_branch_dag.py
[2025-03-24T17:18:11.913+0000] {processor.py:914} INFO - Processing file /home/airflow/.local/lib/python3.12/site-packages/airflow/example_dags/example_nested_branch_dag.py for tasks to queue
[2025-03-24T17:18:11.916+0000] {logging_mixin.py:190} INFO - [2025-03-24T17:18:11.915+0000] {dagbag.py:588} INFO - Filling up the DagBag from /home/airflow/.local/lib/python3.12/site-packages/airflow/example_dags/example_nested_branch_dag.py
[2025-03-24T17:18:11.932+0000] {processor.py:925} INFO - DAG(s) 'example_nested_branch_dag' retrieved from /home/airflow/.local/lib/python3.12/site-packages/airflow/example_dags/example_nested_branch_dag.py
[2025-03-24T17:18:11.966+0000] {logging_mixin.py:190} INFO - [2025-03-24T17:18:11.966+0000] {dag.py:3239} INFO - Sync 1 DAGs
[2025-03-24T17:18:12.006+0000] {logging_mixin.py:190} INFO - [2025-03-24T17:18:12.005+0000] {dag.py:4180} INFO - Setting next_dagrun for example_nested_branch_dag to 2025-03-23 00:00:00+00:00, run_after=2025-03-24 00:00:00+00:00
[2025-03-24T17:18:12.047+0000] {processor.py:208} INFO - Processing /home/airflow/.local/lib/python3.12/site-packages/airflow/example_dags/example_nested_branch_dag.py took 0.146 seconds
[2025-03-24T17:18:43.277+0000] {processor.py:186} INFO - Started process (PID=4370) to work on /home/airflow/.local/lib/python3.12/site-packages/airflow/example_dags/example_nested_branch_dag.py
[2025-03-24T17:18:43.278+0000] {processor.py:914} INFO - Processing file /home/airflow/.local/lib/python3.12/site-packages/airflow/example_dags/example_nested_branch_dag.py for tasks to queue
[2025-03-24T17:18:43.282+0000] {logging_mixin.py:190} INFO - [2025-03-24T17:18:43.282+0000] {dagbag.py:588} INFO - Filling up the DagBag from /home/airflow/.local/lib/python3.12/site-packages/airflow/example_dags/example_nested_branch_dag.py
[2025-03-24T17:18:43.304+0000] {processor.py:925} INFO - DAG(s) 'example_nested_branch_dag' retrieved from /home/airflow/.local/lib/python3.12/site-packages/airflow/example_dags/example_nested_branch_dag.py
[2025-03-24T17:18:43.343+0000] {logging_mixin.py:190} INFO - [2025-03-24T17:18:43.343+0000] {dag.py:3239} INFO - Sync 1 DAGs
[2025-03-24T17:18:43.390+0000] {logging_mixin.py:190} INFO - [2025-03-24T17:18:43.390+0000] {dag.py:4180} INFO - Setting next_dagrun for example_nested_branch_dag to 2025-03-23 00:00:00+00:00, run_after=2025-03-24 00:00:00+00:00
[2025-03-24T17:18:43.427+0000] {processor.py:208} INFO - Processing /home/airflow/.local/lib/python3.12/site-packages/airflow/example_dags/example_nested_branch_dag.py took 0.162 seconds
[2025-03-24T17:19:14.345+0000] {processor.py:186} INFO - Started process (PID=4661) to work on /home/airflow/.local/lib/python3.12/site-packages/airflow/example_dags/example_nested_branch_dag.py
[2025-03-24T17:19:14.347+0000] {processor.py:914} INFO - Processing file /home/airflow/.local/lib/python3.12/site-packages/airflow/example_dags/example_nested_branch_dag.py for tasks to queue
[2025-03-24T17:19:14.351+0000] {logging_mixin.py:190} INFO - [2025-03-24T17:19:14.350+0000] {dagbag.py:588} INFO - Filling up the DagBag from /home/airflow/.local/lib/python3.12/site-packages/airflow/example_dags/example_nested_branch_dag.py
[2025-03-24T17:19:14.370+0000] {processor.py:925} INFO - DAG(s) 'example_nested_branch_dag' retrieved from /home/airflow/.local/lib/python3.12/site-packages/airflow/example_dags/example_nested_branch_dag.py
[2025-03-24T17:19:14.411+0000] {logging_mixin.py:190} INFO - [2025-03-24T17:19:14.411+0000] {dag.py:3239} INFO - Sync 1 DAGs
[2025-03-24T17:19:14.446+0000] {logging_mixin.py:190} INFO - [2025-03-24T17:19:14.445+0000] {dag.py:4180} INFO - Setting next_dagrun for example_nested_branch_dag to 2025-03-23 00:00:00+00:00, run_after=2025-03-24 00:00:00+00:00
[2025-03-24T17:19:14.470+0000] {processor.py:208} INFO - Processing /home/airflow/.local/lib/python3.12/site-packages/airflow/example_dags/example_nested_branch_dag.py took 0.134 seconds
[2025-03-24T17:19:46.022+0000] {processor.py:186} INFO - Started process (PID=4958) to work on /home/airflow/.local/lib/python3.12/site-packages/airflow/example_dags/example_nested_branch_dag.py
[2025-03-24T17:19:46.023+0000] {processor.py:914} INFO - Processing file /home/airflow/.local/lib/python3.12/site-packages/airflow/example_dags/example_nested_branch_dag.py for tasks to queue
[2025-03-24T17:19:46.028+0000] {logging_mixin.py:190} INFO - [2025-03-24T17:19:46.027+0000] {dagbag.py:588} INFO - Filling up the DagBag from /home/airflow/.local/lib/python3.12/site-packages/airflow/example_dags/example_nested_branch_dag.py
[2025-03-24T17:19:46.052+0000] {processor.py:925} INFO - DAG(s) 'example_nested_branch_dag' retrieved from /home/airflow/.local/lib/python3.12/site-packages/airflow/example_dags/example_nested_branch_dag.py
[2025-03-24T17:19:46.096+0000] {logging_mixin.py:190} INFO - [2025-03-24T17:19:46.095+0000] {dag.py:3239} INFO - Sync 1 DAGs
[2025-03-24T17:19:46.160+0000] {logging_mixin.py:190} INFO - [2025-03-24T17:19:46.159+0000] {dag.py:4180} INFO - Setting next_dagrun for example_nested_branch_dag to 2025-03-23 00:00:00+00:00, run_after=2025-03-24 00:00:00+00:00
[2025-03-24T17:19:46.201+0000] {processor.py:208} INFO - Processing /home/airflow/.local/lib/python3.12/site-packages/airflow/example_dags/example_nested_branch_dag.py took 0.191 seconds
[2025-03-24T17:20:18.194+0000] {processor.py:186} INFO - Started process (PID=5248) to work on /home/airflow/.local/lib/python3.12/site-packages/airflow/example_dags/example_nested_branch_dag.py
[2025-03-24T17:20:18.196+0000] {processor.py:914} INFO - Processing file /home/airflow/.local/lib/python3.12/site-packages/airflow/example_dags/example_nested_branch_dag.py for tasks to queue
[2025-03-24T17:20:18.199+0000] {logging_mixin.py:190} INFO - [2025-03-24T17:20:18.199+0000] {dagbag.py:588} INFO - Filling up the DagBag from /home/airflow/.local/lib/python3.12/site-packages/airflow/example_dags/example_nested_branch_dag.py
[2025-03-24T17:20:18.217+0000] {processor.py:925} INFO - DAG(s) 'example_nested_branch_dag' retrieved from /home/airflow/.local/lib/python3.12/site-packages/airflow/example_dags/example_nested_branch_dag.py
[2025-03-24T17:20:18.258+0000] {logging_mixin.py:190} INFO - [2025-03-24T17:20:18.258+0000] {dag.py:3239} INFO - Sync 1 DAGs
[2025-03-24T17:20:18.308+0000] {logging_mixin.py:190} INFO - [2025-03-24T17:20:18.308+0000] {dag.py:4180} INFO - Setting next_dagrun for example_nested_branch_dag to 2025-03-23 00:00:00+00:00, run_after=2025-03-24 00:00:00+00:00
[2025-03-24T17:20:18.347+0000] {processor.py:208} INFO - Processing /home/airflow/.local/lib/python3.12/site-packages/airflow/example_dags/example_nested_branch_dag.py took 0.164 seconds
[2025-03-24T17:20:50.277+0000] {processor.py:186} INFO - Started process (PID=5544) to work on /home/airflow/.local/lib/python3.12/site-packages/airflow/example_dags/example_nested_branch_dag.py
[2025-03-24T17:20:50.281+0000] {processor.py:914} INFO - Processing file /home/airflow/.local/lib/python3.12/site-packages/airflow/example_dags/example_nested_branch_dag.py for tasks to queue
[2025-03-24T17:20:50.285+0000] {logging_mixin.py:190} INFO - [2025-03-24T17:20:50.284+0000] {dagbag.py:588} INFO - Filling up the DagBag from /home/airflow/.local/lib/python3.12/site-packages/airflow/example_dags/example_nested_branch_dag.py
[2025-03-24T17:20:50.307+0000] {processor.py:925} INFO - DAG(s) 'example_nested_branch_dag' retrieved from /home/airflow/.local/lib/python3.12/site-packages/airflow/example_dags/example_nested_branch_dag.py
[2025-03-24T17:20:50.350+0000] {logging_mixin.py:190} INFO - [2025-03-24T17:20:50.350+0000] {dag.py:3239} INFO - Sync 1 DAGs
[2025-03-24T17:20:50.399+0000] {logging_mixin.py:190} INFO - [2025-03-24T17:20:50.399+0000] {dag.py:4180} INFO - Setting next_dagrun for example_nested_branch_dag to 2025-03-23 00:00:00+00:00, run_after=2025-03-24 00:00:00+00:00
[2025-03-24T17:20:50.447+0000] {processor.py:208} INFO - Processing /home/airflow/.local/lib/python3.12/site-packages/airflow/example_dags/example_nested_branch_dag.py took 0.184 seconds
[2025-03-24T17:21:21.963+0000] {processor.py:186} INFO - Started process (PID=5831) to work on /home/airflow/.local/lib/python3.12/site-packages/airflow/example_dags/example_nested_branch_dag.py
[2025-03-24T17:21:21.964+0000] {processor.py:914} INFO - Processing file /home/airflow/.local/lib/python3.12/site-packages/airflow/example_dags/example_nested_branch_dag.py for tasks to queue
[2025-03-24T17:21:21.969+0000] {logging_mixin.py:190} INFO - [2025-03-24T17:21:21.968+0000] {dagbag.py:588} INFO - Filling up the DagBag from /home/airflow/.local/lib/python3.12/site-packages/airflow/example_dags/example_nested_branch_dag.py
[2025-03-24T17:21:21.992+0000] {processor.py:925} INFO - DAG(s) 'example_nested_branch_dag' retrieved from /home/airflow/.local/lib/python3.12/site-packages/airflow/example_dags/example_nested_branch_dag.py
[2025-03-24T17:21:22.040+0000] {logging_mixin.py:190} INFO - [2025-03-24T17:21:22.040+0000] {dag.py:3239} INFO - Sync 1 DAGs
[2025-03-24T17:21:22.090+0000] {logging_mixin.py:190} INFO - [2025-03-24T17:21:22.090+0000] {dag.py:4180} INFO - Setting next_dagrun for example_nested_branch_dag to 2025-03-23 00:00:00+00:00, run_after=2025-03-24 00:00:00+00:00
[2025-03-24T17:21:22.129+0000] {processor.py:208} INFO - Processing /home/airflow/.local/lib/python3.12/site-packages/airflow/example_dags/example_nested_branch_dag.py took 0.174 seconds
[2025-03-24T17:21:53.281+0000] {processor.py:186} INFO - Started process (PID=6122) to work on /home/airflow/.local/lib/python3.12/site-packages/airflow/example_dags/example_nested_branch_dag.py
[2025-03-24T17:21:53.282+0000] {processor.py:914} INFO - Processing file /home/airflow/.local/lib/python3.12/site-packages/airflow/example_dags/example_nested_branch_dag.py for tasks to queue
[2025-03-24T17:21:53.285+0000] {logging_mixin.py:190} INFO - [2025-03-24T17:21:53.285+0000] {dagbag.py:588} INFO - Filling up the DagBag from /home/airflow/.local/lib/python3.12/site-packages/airflow/example_dags/example_nested_branch_dag.py
[2025-03-24T17:21:53.304+0000] {processor.py:925} INFO - DAG(s) 'example_nested_branch_dag' retrieved from /home/airflow/.local/lib/python3.12/site-packages/airflow/example_dags/example_nested_branch_dag.py
[2025-03-24T17:21:53.344+0000] {logging_mixin.py:190} INFO - [2025-03-24T17:21:53.343+0000] {dag.py:3239} INFO - Sync 1 DAGs
[2025-03-24T17:21:53.390+0000] {logging_mixin.py:190} INFO - [2025-03-24T17:21:53.389+0000] {dag.py:4180} INFO - Setting next_dagrun for example_nested_branch_dag to 2025-03-23 00:00:00+00:00, run_after=2025-03-24 00:00:00+00:00
[2025-03-24T17:21:53.426+0000] {processor.py:208} INFO - Processing /home/airflow/.local/lib/python3.12/site-packages/airflow/example_dags/example_nested_branch_dag.py took 0.152 seconds
[2025-03-24T17:22:24.248+0000] {processor.py:186} INFO - Started process (PID=6413) to work on /home/airflow/.local/lib/python3.12/site-packages/airflow/example_dags/example_nested_branch_dag.py
[2025-03-24T17:22:24.249+0000] {processor.py:914} INFO - Processing file /home/airflow/.local/lib/python3.12/site-packages/airflow/example_dags/example_nested_branch_dag.py for tasks to queue
[2025-03-24T17:22:24.252+0000] {logging_mixin.py:190} INFO - [2025-03-24T17:22:24.252+0000] {dagbag.py:588} INFO - Filling up the DagBag from /home/airflow/.local/lib/python3.12/site-packages/airflow/example_dags/example_nested_branch_dag.py
[2025-03-24T17:22:24.273+0000] {processor.py:925} INFO - DAG(s) 'example_nested_branch_dag' retrieved from /home/airflow/.local/lib/python3.12/site-packages/airflow/example_dags/example_nested_branch_dag.py
[2025-03-24T17:22:24.306+0000] {logging_mixin.py:190} INFO - [2025-03-24T17:22:24.306+0000] {dag.py:3239} INFO - Sync 1 DAGs
[2025-03-24T17:22:24.345+0000] {logging_mixin.py:190} INFO - [2025-03-24T17:22:24.345+0000] {dag.py:4180} INFO - Setting next_dagrun for example_nested_branch_dag to 2025-03-23 00:00:00+00:00, run_after=2025-03-24 00:00:00+00:00
[2025-03-24T17:22:24.370+0000] {processor.py:208} INFO - Processing /home/airflow/.local/lib/python3.12/site-packages/airflow/example_dags/example_nested_branch_dag.py took 0.131 seconds
[2025-03-24T17:22:56.025+0000] {processor.py:186} INFO - Started process (PID=6704) to work on /home/airflow/.local/lib/python3.12/site-packages/airflow/example_dags/example_nested_branch_dag.py
[2025-03-24T17:22:56.028+0000] {processor.py:914} INFO - Processing file /home/airflow/.local/lib/python3.12/site-packages/airflow/example_dags/example_nested_branch_dag.py for tasks to queue
[2025-03-24T17:22:56.031+0000] {logging_mixin.py:190} INFO - [2025-03-24T17:22:56.030+0000] {dagbag.py:588} INFO - Filling up the DagBag from /home/airflow/.local/lib/python3.12/site-packages/airflow/example_dags/example_nested_branch_dag.py
[2025-03-24T17:22:56.048+0000] {processor.py:925} INFO - DAG(s) 'example_nested_branch_dag' retrieved from /home/airflow/.local/lib/python3.12/site-packages/airflow/example_dags/example_nested_branch_dag.py
[2025-03-24T17:22:56.098+0000] {logging_mixin.py:190} INFO - [2025-03-24T17:22:56.097+0000] {dag.py:3239} INFO - Sync 1 DAGs
[2025-03-24T17:22:56.145+0000] {logging_mixin.py:190} INFO - [2025-03-24T17:22:56.145+0000] {dag.py:4180} INFO - Setting next_dagrun for example_nested_branch_dag to 2025-03-23 00:00:00+00:00, run_after=2025-03-24 00:00:00+00:00
[2025-03-24T17:22:56.184+0000] {processor.py:208} INFO - Processing /home/airflow/.local/lib/python3.12/site-packages/airflow/example_dags/example_nested_branch_dag.py took 0.172 seconds
[2025-03-24T17:23:27.366+0000] {processor.py:186} INFO - Started process (PID=6995) to work on /home/airflow/.local/lib/python3.12/site-packages/airflow/example_dags/example_nested_branch_dag.py
[2025-03-24T17:23:27.367+0000] {processor.py:914} INFO - Processing file /home/airflow/.local/lib/python3.12/site-packages/airflow/example_dags/example_nested_branch_dag.py for tasks to queue
[2025-03-24T17:23:27.370+0000] {logging_mixin.py:190} INFO - [2025-03-24T17:23:27.369+0000] {dagbag.py:588} INFO - Filling up the DagBag from /home/airflow/.local/lib/python3.12/site-packages/airflow/example_dags/example_nested_branch_dag.py
[2025-03-24T17:23:27.383+0000] {processor.py:925} INFO - DAG(s) 'example_nested_branch_dag' retrieved from /home/airflow/.local/lib/python3.12/site-packages/airflow/example_dags/example_nested_branch_dag.py
[2025-03-24T17:23:27.412+0000] {logging_mixin.py:190} INFO - [2025-03-24T17:23:27.412+0000] {dag.py:3239} INFO - Sync 1 DAGs
[2025-03-24T17:23:27.447+0000] {logging_mixin.py:190} INFO - [2025-03-24T17:23:27.447+0000] {dag.py:4180} INFO - Setting next_dagrun for example_nested_branch_dag to 2025-03-23 00:00:00+00:00, run_after=2025-03-24 00:00:00+00:00
[2025-03-24T17:23:27.476+0000] {processor.py:208} INFO - Processing /home/airflow/.local/lib/python3.12/site-packages/airflow/example_dags/example_nested_branch_dag.py took 0.116 seconds
[2025-03-24T17:23:58.838+0000] {processor.py:186} INFO - Started process (PID=7286) to work on /home/airflow/.local/lib/python3.12/site-packages/airflow/example_dags/example_nested_branch_dag.py
[2025-03-24T17:23:58.840+0000] {processor.py:914} INFO - Processing file /home/airflow/.local/lib/python3.12/site-packages/airflow/example_dags/example_nested_branch_dag.py for tasks to queue
[2025-03-24T17:23:58.843+0000] {logging_mixin.py:190} INFO - [2025-03-24T17:23:58.843+0000] {dagbag.py:588} INFO - Filling up the DagBag from /home/airflow/.local/lib/python3.12/site-packages/airflow/example_dags/example_nested_branch_dag.py
[2025-03-24T17:23:58.866+0000] {processor.py:925} INFO - DAG(s) 'example_nested_branch_dag' retrieved from /home/airflow/.local/lib/python3.12/site-packages/airflow/example_dags/example_nested_branch_dag.py
[2025-03-24T17:23:58.907+0000] {logging_mixin.py:190} INFO - [2025-03-24T17:23:58.907+0000] {dag.py:3239} INFO - Sync 1 DAGs
[2025-03-24T17:23:58.958+0000] {logging_mixin.py:190} INFO - [2025-03-24T17:23:58.957+0000] {dag.py:4180} INFO - Setting next_dagrun for example_nested_branch_dag to 2025-03-23 00:00:00+00:00, run_after=2025-03-24 00:00:00+00:00
[2025-03-24T17:23:58.997+0000] {processor.py:208} INFO - Processing /home/airflow/.local/lib/python3.12/site-packages/airflow/example_dags/example_nested_branch_dag.py took 0.170 seconds
[2025-03-24T17:24:30.304+0000] {processor.py:186} INFO - Started process (PID=7588) to work on /home/airflow/.local/lib/python3.12/site-packages/airflow/example_dags/example_nested_branch_dag.py
[2025-03-24T17:24:30.305+0000] {processor.py:914} INFO - Processing file /home/airflow/.local/lib/python3.12/site-packages/airflow/example_dags/example_nested_branch_dag.py for tasks to queue
[2025-03-24T17:24:30.308+0000] {logging_mixin.py:190} INFO - [2025-03-24T17:24:30.308+0000] {dagbag.py:588} INFO - Filling up the DagBag from /home/airflow/.local/lib/python3.12/site-packages/airflow/example_dags/example_nested_branch_dag.py
[2025-03-24T17:24:30.326+0000] {processor.py:925} INFO - DAG(s) 'example_nested_branch_dag' retrieved from /home/airflow/.local/lib/python3.12/site-packages/airflow/example_dags/example_nested_branch_dag.py
[2025-03-24T17:24:30.355+0000] {logging_mixin.py:190} INFO - [2025-03-24T17:24:30.355+0000] {dag.py:3239} INFO - Sync 1 DAGs
[2025-03-24T17:24:30.392+0000] {logging_mixin.py:190} INFO - [2025-03-24T17:24:30.392+0000] {dag.py:4180} INFO - Setting next_dagrun for example_nested_branch_dag to 2025-03-23 00:00:00+00:00, run_after=2025-03-24 00:00:00+00:00
[2025-03-24T17:24:30.421+0000] {processor.py:208} INFO - Processing /home/airflow/.local/lib/python3.12/site-packages/airflow/example_dags/example_nested_branch_dag.py took 0.125 seconds
[2025-03-24T17:25:01.568+0000] {processor.py:186} INFO - Started process (PID=7879) to work on /home/airflow/.local/lib/python3.12/site-packages/airflow/example_dags/example_nested_branch_dag.py
[2025-03-24T17:25:01.569+0000] {processor.py:914} INFO - Processing file /home/airflow/.local/lib/python3.12/site-packages/airflow/example_dags/example_nested_branch_dag.py for tasks to queue
[2025-03-24T17:25:01.572+0000] {logging_mixin.py:190} INFO - [2025-03-24T17:25:01.572+0000] {dagbag.py:588} INFO - Filling up the DagBag from /home/airflow/.local/lib/python3.12/site-packages/airflow/example_dags/example_nested_branch_dag.py
[2025-03-24T17:25:01.586+0000] {processor.py:925} INFO - DAG(s) 'example_nested_branch_dag' retrieved from /home/airflow/.local/lib/python3.12/site-packages/airflow/example_dags/example_nested_branch_dag.py
[2025-03-24T17:25:01.611+0000] {logging_mixin.py:190} INFO - [2025-03-24T17:25:01.611+0000] {dag.py:3239} INFO - Sync 1 DAGs
[2025-03-24T17:25:01.646+0000] {logging_mixin.py:190} INFO - [2025-03-24T17:25:01.646+0000] {dag.py:4180} INFO - Setting next_dagrun for example_nested_branch_dag to 2025-03-23 00:00:00+00:00, run_after=2025-03-24 00:00:00+00:00
[2025-03-24T17:25:01.675+0000] {processor.py:208} INFO - Processing /home/airflow/.local/lib/python3.12/site-packages/airflow/example_dags/example_nested_branch_dag.py took 0.116 seconds
[2025-03-24T17:25:33.293+0000] {processor.py:186} INFO - Started process (PID=8170) to work on /home/airflow/.local/lib/python3.12/site-packages/airflow/example_dags/example_nested_branch_dag.py
[2025-03-24T17:25:33.294+0000] {processor.py:914} INFO - Processing file /home/airflow/.local/lib/python3.12/site-packages/airflow/example_dags/example_nested_branch_dag.py for tasks to queue
[2025-03-24T17:25:33.298+0000] {logging_mixin.py:190} INFO - [2025-03-24T17:25:33.298+0000] {dagbag.py:588} INFO - Filling up the DagBag from /home/airflow/.local/lib/python3.12/site-packages/airflow/example_dags/example_nested_branch_dag.py
[2025-03-24T17:25:33.320+0000] {processor.py:925} INFO - DAG(s) 'example_nested_branch_dag' retrieved from /home/airflow/.local/lib/python3.12/site-packages/airflow/example_dags/example_nested_branch_dag.py
[2025-03-24T17:25:33.361+0000] {logging_mixin.py:190} INFO - [2025-03-24T17:25:33.361+0000] {dag.py:3239} INFO - Sync 1 DAGs
[2025-03-24T17:25:33.483+0000] {logging_mixin.py:190} INFO - [2025-03-24T17:25:33.483+0000] {dag.py:4180} INFO - Setting next_dagrun for example_nested_branch_dag to 2025-03-23 00:00:00+00:00, run_after=2025-03-24 00:00:00+00:00
[2025-03-24T17:25:33.540+0000] {processor.py:208} INFO - Processing /home/airflow/.local/lib/python3.12/site-packages/airflow/example_dags/example_nested_branch_dag.py took 0.256 seconds
[2025-03-24T17:26:04.785+0000] {processor.py:186} INFO - Started process (PID=8471) to work on /home/airflow/.local/lib/python3.12/site-packages/airflow/example_dags/example_nested_branch_dag.py
[2025-03-24T17:26:04.789+0000] {processor.py:914} INFO - Processing file /home/airflow/.local/lib/python3.12/site-packages/airflow/example_dags/example_nested_branch_dag.py for tasks to queue
[2025-03-24T17:26:04.791+0000] {logging_mixin.py:190} INFO - [2025-03-24T17:26:04.791+0000] {dagbag.py:588} INFO - Filling up the DagBag from /home/airflow/.local/lib/python3.12/site-packages/airflow/example_dags/example_nested_branch_dag.py
[2025-03-24T17:26:04.805+0000] {processor.py:925} INFO - DAG(s) 'example_nested_branch_dag' retrieved from /home/airflow/.local/lib/python3.12/site-packages/airflow/example_dags/example_nested_branch_dag.py
[2025-03-24T17:26:04.838+0000] {logging_mixin.py:190} INFO - [2025-03-24T17:26:04.838+0000] {dag.py:3239} INFO - Sync 1 DAGs
[2025-03-24T17:26:04.875+0000] {logging_mixin.py:190} INFO - [2025-03-24T17:26:04.875+0000] {dag.py:4180} INFO - Setting next_dagrun for example_nested_branch_dag to 2025-03-23 00:00:00+00:00, run_after=2025-03-24 00:00:00+00:00
[2025-03-24T17:26:04.908+0000] {processor.py:208} INFO - Processing /home/airflow/.local/lib/python3.12/site-packages/airflow/example_dags/example_nested_branch_dag.py took 0.131 seconds
[2025-03-24T17:26:36.782+0000] {processor.py:186} INFO - Started process (PID=8764) to work on /home/airflow/.local/lib/python3.12/site-packages/airflow/example_dags/example_nested_branch_dag.py
[2025-03-24T17:26:36.784+0000] {processor.py:914} INFO - Processing file /home/airflow/.local/lib/python3.12/site-packages/airflow/example_dags/example_nested_branch_dag.py for tasks to queue
[2025-03-24T17:26:36.788+0000] {logging_mixin.py:190} INFO - [2025-03-24T17:26:36.787+0000] {dagbag.py:588} INFO - Filling up the DagBag from /home/airflow/.local/lib/python3.12/site-packages/airflow/example_dags/example_nested_branch_dag.py
[2025-03-24T17:26:36.811+0000] {processor.py:925} INFO - DAG(s) 'example_nested_branch_dag' retrieved from /home/airflow/.local/lib/python3.12/site-packages/airflow/example_dags/example_nested_branch_dag.py
[2025-03-24T17:26:36.857+0000] {logging_mixin.py:190} INFO - [2025-03-24T17:26:36.857+0000] {dag.py:3239} INFO - Sync 1 DAGs
[2025-03-24T17:26:36.910+0000] {logging_mixin.py:190} INFO - [2025-03-24T17:26:36.909+0000] {dag.py:4180} INFO - Setting next_dagrun for example_nested_branch_dag to 2025-03-23 00:00:00+00:00, run_after=2025-03-24 00:00:00+00:00
[2025-03-24T17:26:36.948+0000] {processor.py:208} INFO - Processing /home/airflow/.local/lib/python3.12/site-packages/airflow/example_dags/example_nested_branch_dag.py took 0.174 seconds
[2025-03-24T17:27:08.584+0000] {processor.py:186} INFO - Started process (PID=9073) to work on /home/airflow/.local/lib/python3.12/site-packages/airflow/example_dags/example_nested_branch_dag.py
[2025-03-24T17:27:08.586+0000] {processor.py:914} INFO - Processing file /home/airflow/.local/lib/python3.12/site-packages/airflow/example_dags/example_nested_branch_dag.py for tasks to queue
[2025-03-24T17:27:08.591+0000] {logging_mixin.py:190} INFO - [2025-03-24T17:27:08.591+0000] {dagbag.py:588} INFO - Filling up the DagBag from /home/airflow/.local/lib/python3.12/site-packages/airflow/example_dags/example_nested_branch_dag.py
[2025-03-24T17:27:08.611+0000] {processor.py:925} INFO - DAG(s) 'example_nested_branch_dag' retrieved from /home/airflow/.local/lib/python3.12/site-packages/airflow/example_dags/example_nested_branch_dag.py
[2025-03-24T17:27:08.648+0000] {logging_mixin.py:190} INFO - [2025-03-24T17:27:08.648+0000] {dag.py:3239} INFO - Sync 1 DAGs
[2025-03-24T17:27:08.696+0000] {logging_mixin.py:190} INFO - [2025-03-24T17:27:08.696+0000] {dag.py:4180} INFO - Setting next_dagrun for example_nested_branch_dag to 2025-03-23 00:00:00+00:00, run_after=2025-03-24 00:00:00+00:00
[2025-03-24T17:27:08.730+0000] {processor.py:208} INFO - Processing /home/airflow/.local/lib/python3.12/site-packages/airflow/example_dags/example_nested_branch_dag.py took 0.154 seconds
[2025-03-24T17:27:40.283+0000] {processor.py:186} INFO - Started process (PID=9364) to work on /home/airflow/.local/lib/python3.12/site-packages/airflow/example_dags/example_nested_branch_dag.py
[2025-03-24T17:27:40.284+0000] {processor.py:914} INFO - Processing file /home/airflow/.local/lib/python3.12/site-packages/airflow/example_dags/example_nested_branch_dag.py for tasks to queue
[2025-03-24T17:27:40.287+0000] {logging_mixin.py:190} INFO - [2025-03-24T17:27:40.286+0000] {dagbag.py:588} INFO - Filling up the DagBag from /home/airflow/.local/lib/python3.12/site-packages/airflow/example_dags/example_nested_branch_dag.py
[2025-03-24T17:27:40.301+0000] {processor.py:925} INFO - DAG(s) 'example_nested_branch_dag' retrieved from /home/airflow/.local/lib/python3.12/site-packages/airflow/example_dags/example_nested_branch_dag.py
[2025-03-24T17:27:40.341+0000] {logging_mixin.py:190} INFO - [2025-03-24T17:27:40.341+0000] {dag.py:3239} INFO - Sync 1 DAGs
[2025-03-24T17:27:40.385+0000] {logging_mixin.py:190} INFO - [2025-03-24T17:27:40.384+0000] {dag.py:4180} INFO - Setting next_dagrun for example_nested_branch_dag to 2025-03-23 00:00:00+00:00, run_after=2025-03-24 00:00:00+00:00
[2025-03-24T17:27:40.425+0000] {processor.py:208} INFO - Processing /home/airflow/.local/lib/python3.12/site-packages/airflow/example_dags/example_nested_branch_dag.py took 0.149 seconds
[2025-03-24T17:28:12.505+0000] {processor.py:186} INFO - Started process (PID=9660) to work on /home/airflow/.local/lib/python3.12/site-packages/airflow/example_dags/example_nested_branch_dag.py
[2025-03-24T17:28:12.508+0000] {processor.py:914} INFO - Processing file /home/airflow/.local/lib/python3.12/site-packages/airflow/example_dags/example_nested_branch_dag.py for tasks to queue
[2025-03-24T17:28:12.511+0000] {logging_mixin.py:190} INFO - [2025-03-24T17:28:12.511+0000] {dagbag.py:588} INFO - Filling up the DagBag from /home/airflow/.local/lib/python3.12/site-packages/airflow/example_dags/example_nested_branch_dag.py
[2025-03-24T17:28:12.531+0000] {processor.py:925} INFO - DAG(s) 'example_nested_branch_dag' retrieved from /home/airflow/.local/lib/python3.12/site-packages/airflow/example_dags/example_nested_branch_dag.py
[2025-03-24T17:28:12.566+0000] {logging_mixin.py:190} INFO - [2025-03-24T17:28:12.565+0000] {dag.py:3239} INFO - Sync 1 DAGs
[2025-03-24T17:28:12.609+0000] {logging_mixin.py:190} INFO - [2025-03-24T17:28:12.608+0000] {dag.py:4180} INFO - Setting next_dagrun for example_nested_branch_dag to 2025-03-23 00:00:00+00:00, run_after=2025-03-24 00:00:00+00:00
[2025-03-24T17:28:12.648+0000] {processor.py:208} INFO - Processing /home/airflow/.local/lib/python3.12/site-packages/airflow/example_dags/example_nested_branch_dag.py took 0.153 seconds
[2025-03-24T17:28:44.217+0000] {processor.py:186} INFO - Started process (PID=9956) to work on /home/airflow/.local/lib/python3.12/site-packages/airflow/example_dags/example_nested_branch_dag.py
[2025-03-24T17:28:44.221+0000] {processor.py:914} INFO - Processing file /home/airflow/.local/lib/python3.12/site-packages/airflow/example_dags/example_nested_branch_dag.py for tasks to queue
[2025-03-24T17:28:44.226+0000] {logging_mixin.py:190} INFO - [2025-03-24T17:28:44.225+0000] {dagbag.py:588} INFO - Filling up the DagBag from /home/airflow/.local/lib/python3.12/site-packages/airflow/example_dags/example_nested_branch_dag.py
[2025-03-24T17:28:44.248+0000] {processor.py:925} INFO - DAG(s) 'example_nested_branch_dag' retrieved from /home/airflow/.local/lib/python3.12/site-packages/airflow/example_dags/example_nested_branch_dag.py
[2025-03-24T17:28:44.289+0000] {logging_mixin.py:190} INFO - [2025-03-24T17:28:44.288+0000] {dag.py:3239} INFO - Sync 1 DAGs
[2025-03-24T17:28:44.333+0000] {logging_mixin.py:190} INFO - [2025-03-24T17:28:44.333+0000] {dag.py:4180} INFO - Setting next_dagrun for example_nested_branch_dag to 2025-03-23 00:00:00+00:00, run_after=2025-03-24 00:00:00+00:00
[2025-03-24T17:28:44.376+0000] {processor.py:208} INFO - Processing /home/airflow/.local/lib/python3.12/site-packages/airflow/example_dags/example_nested_branch_dag.py took 0.168 seconds
[2025-03-24T17:29:15.904+0000] {processor.py:186} INFO - Started process (PID=10252) to work on /home/airflow/.local/lib/python3.12/site-packages/airflow/example_dags/example_nested_branch_dag.py
[2025-03-24T17:29:15.906+0000] {processor.py:914} INFO - Processing file /home/airflow/.local/lib/python3.12/site-packages/airflow/example_dags/example_nested_branch_dag.py for tasks to queue
[2025-03-24T17:29:15.912+0000] {logging_mixin.py:190} INFO - [2025-03-24T17:29:15.911+0000] {dagbag.py:588} INFO - Filling up the DagBag from /home/airflow/.local/lib/python3.12/site-packages/airflow/example_dags/example_nested_branch_dag.py
[2025-03-24T17:29:15.935+0000] {processor.py:925} INFO - DAG(s) 'example_nested_branch_dag' retrieved from /home/airflow/.local/lib/python3.12/site-packages/airflow/example_dags/example_nested_branch_dag.py
[2025-03-24T17:29:15.981+0000] {logging_mixin.py:190} INFO - [2025-03-24T17:29:15.980+0000] {dag.py:3239} INFO - Sync 1 DAGs
[2025-03-24T17:29:16.036+0000] {logging_mixin.py:190} INFO - [2025-03-24T17:29:16.035+0000] {dag.py:4180} INFO - Setting next_dagrun for example_nested_branch_dag to 2025-03-23 00:00:00+00:00, run_after=2025-03-24 00:00:00+00:00
[2025-03-24T17:29:16.073+0000] {processor.py:208} INFO - Processing /home/airflow/.local/lib/python3.12/site-packages/airflow/example_dags/example_nested_branch_dag.py took 0.180 seconds
[2025-03-24T17:29:46.765+0000] {processor.py:186} INFO - Started process (PID=10540) to work on /home/airflow/.local/lib/python3.12/site-packages/airflow/example_dags/example_nested_branch_dag.py
[2025-03-24T17:29:46.766+0000] {processor.py:914} INFO - Processing file /home/airflow/.local/lib/python3.12/site-packages/airflow/example_dags/example_nested_branch_dag.py for tasks to queue
[2025-03-24T17:29:46.769+0000] {logging_mixin.py:190} INFO - [2025-03-24T17:29:46.769+0000] {dagbag.py:588} INFO - Filling up the DagBag from /home/airflow/.local/lib/python3.12/site-packages/airflow/example_dags/example_nested_branch_dag.py
[2025-03-24T17:29:46.783+0000] {processor.py:925} INFO - DAG(s) 'example_nested_branch_dag' retrieved from /home/airflow/.local/lib/python3.12/site-packages/airflow/example_dags/example_nested_branch_dag.py
[2025-03-24T17:29:46.808+0000] {logging_mixin.py:190} INFO - [2025-03-24T17:29:46.808+0000] {dag.py:3239} INFO - Sync 1 DAGs
[2025-03-24T17:29:46.849+0000] {logging_mixin.py:190} INFO - [2025-03-24T17:29:46.848+0000] {dag.py:4180} INFO - Setting next_dagrun for example_nested_branch_dag to 2025-03-23 00:00:00+00:00, run_after=2025-03-24 00:00:00+00:00
[2025-03-24T17:29:46.877+0000] {processor.py:208} INFO - Processing /home/airflow/.local/lib/python3.12/site-packages/airflow/example_dags/example_nested_branch_dag.py took 0.120 seconds
[2025-03-24T17:30:18.409+0000] {processor.py:186} INFO - Started process (PID=10851) to work on /home/airflow/.local/lib/python3.12/site-packages/airflow/example_dags/example_nested_branch_dag.py
[2025-03-24T17:30:18.410+0000] {processor.py:914} INFO - Processing file /home/airflow/.local/lib/python3.12/site-packages/airflow/example_dags/example_nested_branch_dag.py for tasks to queue
[2025-03-24T17:30:18.413+0000] {logging_mixin.py:190} INFO - [2025-03-24T17:30:18.413+0000] {dagbag.py:588} INFO - Filling up the DagBag from /home/airflow/.local/lib/python3.12/site-packages/airflow/example_dags/example_nested_branch_dag.py
[2025-03-24T17:30:18.427+0000] {processor.py:925} INFO - DAG(s) 'example_nested_branch_dag' retrieved from /home/airflow/.local/lib/python3.12/site-packages/airflow/example_dags/example_nested_branch_dag.py
[2025-03-24T17:30:18.452+0000] {logging_mixin.py:190} INFO - [2025-03-24T17:30:18.452+0000] {dag.py:3239} INFO - Sync 1 DAGs
[2025-03-24T17:30:18.485+0000] {logging_mixin.py:190} INFO - [2025-03-24T17:30:18.484+0000] {dag.py:4180} INFO - Setting next_dagrun for example_nested_branch_dag to 2025-03-23 00:00:00+00:00, run_after=2025-03-24 00:00:00+00:00
[2025-03-24T17:30:18.512+0000] {processor.py:208} INFO - Processing /home/airflow/.local/lib/python3.12/site-packages/airflow/example_dags/example_nested_branch_dag.py took 0.110 seconds
[2025-03-24T17:30:50.081+0000] {processor.py:186} INFO - Started process (PID=11142) to work on /home/airflow/.local/lib/python3.12/site-packages/airflow/example_dags/example_nested_branch_dag.py
[2025-03-24T17:30:50.082+0000] {processor.py:914} INFO - Processing file /home/airflow/.local/lib/python3.12/site-packages/airflow/example_dags/example_nested_branch_dag.py for tasks to queue
[2025-03-24T17:30:50.084+0000] {logging_mixin.py:190} INFO - [2025-03-24T17:30:50.083+0000] {dagbag.py:588} INFO - Filling up the DagBag from /home/airflow/.local/lib/python3.12/site-packages/airflow/example_dags/example_nested_branch_dag.py
[2025-03-24T17:30:50.099+0000] {processor.py:925} INFO - DAG(s) 'example_nested_branch_dag' retrieved from /home/airflow/.local/lib/python3.12/site-packages/airflow/example_dags/example_nested_branch_dag.py
[2025-03-24T17:30:50.128+0000] {logging_mixin.py:190} INFO - [2025-03-24T17:30:50.127+0000] {dag.py:3239} INFO - Sync 1 DAGs
[2025-03-24T17:30:50.162+0000] {logging_mixin.py:190} INFO - [2025-03-24T17:30:50.161+0000] {dag.py:4180} INFO - Setting next_dagrun for example_nested_branch_dag to 2025-03-23 00:00:00+00:00, run_after=2025-03-24 00:00:00+00:00
[2025-03-24T17:30:50.197+0000] {processor.py:208} INFO - Processing /home/airflow/.local/lib/python3.12/site-packages/airflow/example_dags/example_nested_branch_dag.py took 0.125 seconds
[2025-03-24T17:31:21.100+0000] {processor.py:186} INFO - Started process (PID=11433) to work on /home/airflow/.local/lib/python3.12/site-packages/airflow/example_dags/example_nested_branch_dag.py
[2025-03-24T17:31:21.101+0000] {processor.py:914} INFO - Processing file /home/airflow/.local/lib/python3.12/site-packages/airflow/example_dags/example_nested_branch_dag.py for tasks to queue
[2025-03-24T17:31:21.104+0000] {logging_mixin.py:190} INFO - [2025-03-24T17:31:21.103+0000] {dagbag.py:588} INFO - Filling up the DagBag from /home/airflow/.local/lib/python3.12/site-packages/airflow/example_dags/example_nested_branch_dag.py
[2025-03-24T17:31:21.118+0000] {processor.py:925} INFO - DAG(s) 'example_nested_branch_dag' retrieved from /home/airflow/.local/lib/python3.12/site-packages/airflow/example_dags/example_nested_branch_dag.py
[2025-03-24T17:31:21.149+0000] {logging_mixin.py:190} INFO - [2025-03-24T17:31:21.148+0000] {dag.py:3239} INFO - Sync 1 DAGs
[2025-03-24T17:31:21.186+0000] {logging_mixin.py:190} INFO - [2025-03-24T17:31:21.186+0000] {dag.py:4180} INFO - Setting next_dagrun for example_nested_branch_dag to 2025-03-23 00:00:00+00:00, run_after=2025-03-24 00:00:00+00:00
[2025-03-24T17:31:21.234+0000] {processor.py:208} INFO - Processing /home/airflow/.local/lib/python3.12/site-packages/airflow/example_dags/example_nested_branch_dag.py took 0.144 seconds
[2025-03-24T17:31:52.791+0000] {processor.py:186} INFO - Started process (PID=11724) to work on /home/airflow/.local/lib/python3.12/site-packages/airflow/example_dags/example_nested_branch_dag.py
[2025-03-24T17:31:52.792+0000] {processor.py:914} INFO - Processing file /home/airflow/.local/lib/python3.12/site-packages/airflow/example_dags/example_nested_branch_dag.py for tasks to queue
[2025-03-24T17:31:52.796+0000] {logging_mixin.py:190} INFO - [2025-03-24T17:31:52.795+0000] {dagbag.py:588} INFO - Filling up the DagBag from /home/airflow/.local/lib/python3.12/site-packages/airflow/example_dags/example_nested_branch_dag.py
[2025-03-24T17:31:52.811+0000] {processor.py:925} INFO - DAG(s) 'example_nested_branch_dag' retrieved from /home/airflow/.local/lib/python3.12/site-packages/airflow/example_dags/example_nested_branch_dag.py
[2025-03-24T17:31:52.844+0000] {logging_mixin.py:190} INFO - [2025-03-24T17:31:52.844+0000] {dag.py:3239} INFO - Sync 1 DAGs
[2025-03-24T17:31:52.884+0000] {logging_mixin.py:190} INFO - [2025-03-24T17:31:52.883+0000] {dag.py:4180} INFO - Setting next_dagrun for example_nested_branch_dag to 2025-03-23 00:00:00+00:00, run_after=2025-03-24 00:00:00+00:00
[2025-03-24T17:31:52.933+0000] {processor.py:208} INFO - Processing /home/airflow/.local/lib/python3.12/site-packages/airflow/example_dags/example_nested_branch_dag.py took 0.151 seconds
[2025-03-24T17:32:24.175+0000] {processor.py:186} INFO - Started process (PID=12014) to work on /home/airflow/.local/lib/python3.12/site-packages/airflow/example_dags/example_nested_branch_dag.py
[2025-03-24T17:32:24.176+0000] {processor.py:914} INFO - Processing file /home/airflow/.local/lib/python3.12/site-packages/airflow/example_dags/example_nested_branch_dag.py for tasks to queue
[2025-03-24T17:32:24.178+0000] {logging_mixin.py:190} INFO - [2025-03-24T17:32:24.178+0000] {dagbag.py:588} INFO - Filling up the DagBag from /home/airflow/.local/lib/python3.12/site-packages/airflow/example_dags/example_nested_branch_dag.py
[2025-03-24T17:32:24.196+0000] {processor.py:925} INFO - DAG(s) 'example_nested_branch_dag' retrieved from /home/airflow/.local/lib/python3.12/site-packages/airflow/example_dags/example_nested_branch_dag.py
[2025-03-24T17:32:24.235+0000] {logging_mixin.py:190} INFO - [2025-03-24T17:32:24.234+0000] {dag.py:3239} INFO - Sync 1 DAGs
[2025-03-24T17:32:24.286+0000] {logging_mixin.py:190} INFO - [2025-03-24T17:32:24.285+0000] {dag.py:4180} INFO - Setting next_dagrun for example_nested_branch_dag to 2025-03-23 00:00:00+00:00, run_after=2025-03-24 00:00:00+00:00
[2025-03-24T17:32:24.343+0000] {processor.py:208} INFO - Processing /home/airflow/.local/lib/python3.12/site-packages/airflow/example_dags/example_nested_branch_dag.py took 0.178 seconds
[2025-03-24T17:32:55.944+0000] {processor.py:186} INFO - Started process (PID=12310) to work on /home/airflow/.local/lib/python3.12/site-packages/airflow/example_dags/example_nested_branch_dag.py
[2025-03-24T17:32:55.948+0000] {processor.py:914} INFO - Processing file /home/airflow/.local/lib/python3.12/site-packages/airflow/example_dags/example_nested_branch_dag.py for tasks to queue
[2025-03-24T17:32:55.951+0000] {logging_mixin.py:190} INFO - [2025-03-24T17:32:55.950+0000] {dagbag.py:588} INFO - Filling up the DagBag from /home/airflow/.local/lib/python3.12/site-packages/airflow/example_dags/example_nested_branch_dag.py
[2025-03-24T17:32:55.967+0000] {processor.py:925} INFO - DAG(s) 'example_nested_branch_dag' retrieved from /home/airflow/.local/lib/python3.12/site-packages/airflow/example_dags/example_nested_branch_dag.py
[2025-03-24T17:32:56.007+0000] {logging_mixin.py:190} INFO - [2025-03-24T17:32:56.006+0000] {dag.py:3239} INFO - Sync 1 DAGs
[2025-03-24T17:32:56.052+0000] {logging_mixin.py:190} INFO - [2025-03-24T17:32:56.051+0000] {dag.py:4180} INFO - Setting next_dagrun for example_nested_branch_dag to 2025-03-23 00:00:00+00:00, run_after=2025-03-24 00:00:00+00:00
[2025-03-24T17:32:56.083+0000] {processor.py:208} INFO - Processing /home/airflow/.local/lib/python3.12/site-packages/airflow/example_dags/example_nested_branch_dag.py took 0.148 seconds
[2025-03-24T17:33:27.645+0000] {processor.py:186} INFO - Started process (PID=12601) to work on /home/airflow/.local/lib/python3.12/site-packages/airflow/example_dags/example_nested_branch_dag.py
[2025-03-24T17:33:27.651+0000] {processor.py:914} INFO - Processing file /home/airflow/.local/lib/python3.12/site-packages/airflow/example_dags/example_nested_branch_dag.py for tasks to queue
[2025-03-24T17:33:27.658+0000] {logging_mixin.py:190} INFO - [2025-03-24T17:33:27.657+0000] {dagbag.py:588} INFO - Filling up the DagBag from /home/airflow/.local/lib/python3.12/site-packages/airflow/example_dags/example_nested_branch_dag.py
[2025-03-24T17:33:27.680+0000] {processor.py:925} INFO - DAG(s) 'example_nested_branch_dag' retrieved from /home/airflow/.local/lib/python3.12/site-packages/airflow/example_dags/example_nested_branch_dag.py
[2025-03-24T17:33:27.715+0000] {logging_mixin.py:190} INFO - [2025-03-24T17:33:27.715+0000] {dag.py:3239} INFO - Sync 1 DAGs
[2025-03-24T17:33:27.772+0000] {logging_mixin.py:190} INFO - [2025-03-24T17:33:27.771+0000] {dag.py:4180} INFO - Setting next_dagrun for example_nested_branch_dag to 2025-03-23 00:00:00+00:00, run_after=2025-03-24 00:00:00+00:00
[2025-03-24T17:33:27.803+0000] {processor.py:208} INFO - Processing /home/airflow/.local/lib/python3.12/site-packages/airflow/example_dags/example_nested_branch_dag.py took 0.170 seconds
[2025-03-24T17:33:59.334+0000] {processor.py:186} INFO - Started process (PID=12897) to work on /home/airflow/.local/lib/python3.12/site-packages/airflow/example_dags/example_nested_branch_dag.py
[2025-03-24T17:33:59.335+0000] {processor.py:914} INFO - Processing file /home/airflow/.local/lib/python3.12/site-packages/airflow/example_dags/example_nested_branch_dag.py for tasks to queue
[2025-03-24T17:33:59.338+0000] {logging_mixin.py:190} INFO - [2025-03-24T17:33:59.338+0000] {dagbag.py:588} INFO - Filling up the DagBag from /home/airflow/.local/lib/python3.12/site-packages/airflow/example_dags/example_nested_branch_dag.py
[2025-03-24T17:33:59.365+0000] {processor.py:925} INFO - DAG(s) 'example_nested_branch_dag' retrieved from /home/airflow/.local/lib/python3.12/site-packages/airflow/example_dags/example_nested_branch_dag.py
[2025-03-24T17:33:59.406+0000] {logging_mixin.py:190} INFO - [2025-03-24T17:33:59.405+0000] {dag.py:3239} INFO - Sync 1 DAGs
[2025-03-24T17:33:59.457+0000] {logging_mixin.py:190} INFO - [2025-03-24T17:33:59.456+0000] {dag.py:4180} INFO - Setting next_dagrun for example_nested_branch_dag to 2025-03-23 00:00:00+00:00, run_after=2025-03-24 00:00:00+00:00
[2025-03-24T17:33:59.493+0000] {processor.py:208} INFO - Processing /home/airflow/.local/lib/python3.12/site-packages/airflow/example_dags/example_nested_branch_dag.py took 0.171 seconds
[2025-03-24T17:34:30.373+0000] {processor.py:186} INFO - Started process (PID=13188) to work on /home/airflow/.local/lib/python3.12/site-packages/airflow/example_dags/example_nested_branch_dag.py
[2025-03-24T17:34:30.377+0000] {processor.py:914} INFO - Processing file /home/airflow/.local/lib/python3.12/site-packages/airflow/example_dags/example_nested_branch_dag.py for tasks to queue
[2025-03-24T17:34:30.380+0000] {logging_mixin.py:190} INFO - [2025-03-24T17:34:30.379+0000] {dagbag.py:588} INFO - Filling up the DagBag from /home/airflow/.local/lib/python3.12/site-packages/airflow/example_dags/example_nested_branch_dag.py
[2025-03-24T17:34:30.394+0000] {processor.py:925} INFO - DAG(s) 'example_nested_branch_dag' retrieved from /home/airflow/.local/lib/python3.12/site-packages/airflow/example_dags/example_nested_branch_dag.py
[2025-03-24T17:34:30.423+0000] {logging_mixin.py:190} INFO - [2025-03-24T17:34:30.423+0000] {dag.py:3239} INFO - Sync 1 DAGs
[2025-03-24T17:34:30.462+0000] {logging_mixin.py:190} INFO - [2025-03-24T17:34:30.462+0000] {dag.py:4180} INFO - Setting next_dagrun for example_nested_branch_dag to 2025-03-23 00:00:00+00:00, run_after=2025-03-24 00:00:00+00:00
[2025-03-24T17:34:30.503+0000] {processor.py:208} INFO - Processing /home/airflow/.local/lib/python3.12/site-packages/airflow/example_dags/example_nested_branch_dag.py took 0.138 seconds
[2025-03-24T17:35:02.285+0000] {processor.py:186} INFO - Started process (PID=13479) to work on /home/airflow/.local/lib/python3.12/site-packages/airflow/example_dags/example_nested_branch_dag.py
[2025-03-24T17:35:02.286+0000] {processor.py:914} INFO - Processing file /home/airflow/.local/lib/python3.12/site-packages/airflow/example_dags/example_nested_branch_dag.py for tasks to queue
[2025-03-24T17:35:02.289+0000] {logging_mixin.py:190} INFO - [2025-03-24T17:35:02.289+0000] {dagbag.py:588} INFO - Filling up the DagBag from /home/airflow/.local/lib/python3.12/site-packages/airflow/example_dags/example_nested_branch_dag.py
[2025-03-24T17:35:02.311+0000] {processor.py:925} INFO - DAG(s) 'example_nested_branch_dag' retrieved from /home/airflow/.local/lib/python3.12/site-packages/airflow/example_dags/example_nested_branch_dag.py
[2025-03-24T17:35:02.353+0000] {logging_mixin.py:190} INFO - [2025-03-24T17:35:02.353+0000] {dag.py:3239} INFO - Sync 1 DAGs
[2025-03-24T17:35:02.397+0000] {logging_mixin.py:190} INFO - [2025-03-24T17:35:02.397+0000] {dag.py:4180} INFO - Setting next_dagrun for example_nested_branch_dag to 2025-03-23 00:00:00+00:00, run_after=2025-03-24 00:00:00+00:00
[2025-03-24T17:35:02.432+0000] {processor.py:208} INFO - Processing /home/airflow/.local/lib/python3.12/site-packages/airflow/example_dags/example_nested_branch_dag.py took 0.156 seconds
[2025-03-24T17:35:34.315+0000] {processor.py:186} INFO - Started process (PID=13769) to work on /home/airflow/.local/lib/python3.12/site-packages/airflow/example_dags/example_nested_branch_dag.py
[2025-03-24T17:35:34.316+0000] {processor.py:914} INFO - Processing file /home/airflow/.local/lib/python3.12/site-packages/airflow/example_dags/example_nested_branch_dag.py for tasks to queue
[2025-03-24T17:35:34.320+0000] {logging_mixin.py:190} INFO - [2025-03-24T17:35:34.319+0000] {dagbag.py:588} INFO - Filling up the DagBag from /home/airflow/.local/lib/python3.12/site-packages/airflow/example_dags/example_nested_branch_dag.py
[2025-03-24T17:35:34.343+0000] {processor.py:925} INFO - DAG(s) 'example_nested_branch_dag' retrieved from /home/airflow/.local/lib/python3.12/site-packages/airflow/example_dags/example_nested_branch_dag.py
[2025-03-24T17:35:34.398+0000] {logging_mixin.py:190} INFO - [2025-03-24T17:35:34.397+0000] {dag.py:3239} INFO - Sync 1 DAGs
[2025-03-24T17:35:34.463+0000] {logging_mixin.py:190} INFO - [2025-03-24T17:35:34.462+0000] {dag.py:4180} INFO - Setting next_dagrun for example_nested_branch_dag to 2025-03-23 00:00:00+00:00, run_after=2025-03-24 00:00:00+00:00
[2025-03-24T17:35:34.502+0000] {processor.py:208} INFO - Processing /home/airflow/.local/lib/python3.12/site-packages/airflow/example_dags/example_nested_branch_dag.py took 0.201 seconds
[2025-03-24T17:36:05.972+0000] {processor.py:186} INFO - Started process (PID=14060) to work on /home/airflow/.local/lib/python3.12/site-packages/airflow/example_dags/example_nested_branch_dag.py
[2025-03-24T17:36:05.974+0000] {processor.py:914} INFO - Processing file /home/airflow/.local/lib/python3.12/site-packages/airflow/example_dags/example_nested_branch_dag.py for tasks to queue
[2025-03-24T17:36:05.979+0000] {logging_mixin.py:190} INFO - [2025-03-24T17:36:05.978+0000] {dagbag.py:588} INFO - Filling up the DagBag from /home/airflow/.local/lib/python3.12/site-packages/airflow/example_dags/example_nested_branch_dag.py
[2025-03-24T17:36:06.002+0000] {processor.py:925} INFO - DAG(s) 'example_nested_branch_dag' retrieved from /home/airflow/.local/lib/python3.12/site-packages/airflow/example_dags/example_nested_branch_dag.py
[2025-03-24T17:36:06.062+0000] {logging_mixin.py:190} INFO - [2025-03-24T17:36:06.062+0000] {dag.py:3239} INFO - Sync 1 DAGs
[2025-03-24T17:36:06.115+0000] {logging_mixin.py:190} INFO - [2025-03-24T17:36:06.115+0000] {dag.py:4180} INFO - Setting next_dagrun for example_nested_branch_dag to 2025-03-23 00:00:00+00:00, run_after=2025-03-24 00:00:00+00:00
[2025-03-24T17:36:06.155+0000] {processor.py:208} INFO - Processing /home/airflow/.local/lib/python3.12/site-packages/airflow/example_dags/example_nested_branch_dag.py took 0.194 seconds
[2025-03-24T17:36:36.509+0000] {processor.py:186} INFO - Started process (PID=14351) to work on /home/airflow/.local/lib/python3.12/site-packages/airflow/example_dags/example_nested_branch_dag.py
[2025-03-24T17:36:36.510+0000] {processor.py:914} INFO - Processing file /home/airflow/.local/lib/python3.12/site-packages/airflow/example_dags/example_nested_branch_dag.py for tasks to queue
[2025-03-24T17:36:36.513+0000] {logging_mixin.py:190} INFO - [2025-03-24T17:36:36.513+0000] {dagbag.py:588} INFO - Filling up the DagBag from /home/airflow/.local/lib/python3.12/site-packages/airflow/example_dags/example_nested_branch_dag.py
[2025-03-24T17:36:36.539+0000] {processor.py:925} INFO - DAG(s) 'example_nested_branch_dag' retrieved from /home/airflow/.local/lib/python3.12/site-packages/airflow/example_dags/example_nested_branch_dag.py
[2025-03-24T17:36:36.579+0000] {logging_mixin.py:190} INFO - [2025-03-24T17:36:36.578+0000] {dag.py:3239} INFO - Sync 1 DAGs
[2025-03-24T17:36:36.625+0000] {logging_mixin.py:190} INFO - [2025-03-24T17:36:36.624+0000] {dag.py:4180} INFO - Setting next_dagrun for example_nested_branch_dag to 2025-03-23 00:00:00+00:00, run_after=2025-03-24 00:00:00+00:00
[2025-03-24T17:36:36.663+0000] {processor.py:208} INFO - Processing /home/airflow/.local/lib/python3.12/site-packages/airflow/example_dags/example_nested_branch_dag.py took 0.166 seconds
[2025-03-24T17:37:07.168+0000] {processor.py:186} INFO - Started process (PID=14636) to work on /home/airflow/.local/lib/python3.12/site-packages/airflow/example_dags/example_nested_branch_dag.py
[2025-03-24T17:37:07.169+0000] {processor.py:914} INFO - Processing file /home/airflow/.local/lib/python3.12/site-packages/airflow/example_dags/example_nested_branch_dag.py for tasks to queue
[2025-03-24T17:37:07.174+0000] {logging_mixin.py:190} INFO - [2025-03-24T17:37:07.173+0000] {dagbag.py:588} INFO - Filling up the DagBag from /home/airflow/.local/lib/python3.12/site-packages/airflow/example_dags/example_nested_branch_dag.py
[2025-03-24T17:37:07.194+0000] {processor.py:925} INFO - DAG(s) 'example_nested_branch_dag' retrieved from /home/airflow/.local/lib/python3.12/site-packages/airflow/example_dags/example_nested_branch_dag.py
[2025-03-24T17:37:07.229+0000] {logging_mixin.py:190} INFO - [2025-03-24T17:37:07.229+0000] {dag.py:3239} INFO - Sync 1 DAGs
[2025-03-24T17:37:07.270+0000] {logging_mixin.py:190} INFO - [2025-03-24T17:37:07.269+0000] {dag.py:4180} INFO - Setting next_dagrun for example_nested_branch_dag to 2025-03-23 00:00:00+00:00, run_after=2025-03-24 00:00:00+00:00
[2025-03-24T17:37:07.308+0000] {processor.py:208} INFO - Processing /home/airflow/.local/lib/python3.12/site-packages/airflow/example_dags/example_nested_branch_dag.py took 0.147 seconds
[2025-03-24T17:37:38.216+0000] {processor.py:186} INFO - Started process (PID=14927) to work on /home/airflow/.local/lib/python3.12/site-packages/airflow/example_dags/example_nested_branch_dag.py
[2025-03-24T17:37:38.221+0000] {processor.py:914} INFO - Processing file /home/airflow/.local/lib/python3.12/site-packages/airflow/example_dags/example_nested_branch_dag.py for tasks to queue
[2025-03-24T17:37:38.223+0000] {logging_mixin.py:190} INFO - [2025-03-24T17:37:38.223+0000] {dagbag.py:588} INFO - Filling up the DagBag from /home/airflow/.local/lib/python3.12/site-packages/airflow/example_dags/example_nested_branch_dag.py
[2025-03-24T17:37:38.242+0000] {processor.py:925} INFO - DAG(s) 'example_nested_branch_dag' retrieved from /home/airflow/.local/lib/python3.12/site-packages/airflow/example_dags/example_nested_branch_dag.py
[2025-03-24T17:37:38.277+0000] {logging_mixin.py:190} INFO - [2025-03-24T17:37:38.277+0000] {dag.py:3239} INFO - Sync 1 DAGs
[2025-03-24T17:37:38.322+0000] {logging_mixin.py:190} INFO - [2025-03-24T17:37:38.322+0000] {dag.py:4180} INFO - Setting next_dagrun for example_nested_branch_dag to 2025-03-23 00:00:00+00:00, run_after=2025-03-24 00:00:00+00:00
[2025-03-24T17:37:38.357+0000] {processor.py:208} INFO - Processing /home/airflow/.local/lib/python3.12/site-packages/airflow/example_dags/example_nested_branch_dag.py took 0.154 seconds
[2025-03-24T17:38:08.461+0000] {processor.py:186} INFO - Started process (PID=15215) to work on /home/airflow/.local/lib/python3.12/site-packages/airflow/example_dags/example_nested_branch_dag.py
[2025-03-24T17:38:08.462+0000] {processor.py:914} INFO - Processing file /home/airflow/.local/lib/python3.12/site-packages/airflow/example_dags/example_nested_branch_dag.py for tasks to queue
[2025-03-24T17:38:08.465+0000] {logging_mixin.py:190} INFO - [2025-03-24T17:38:08.464+0000] {dagbag.py:588} INFO - Filling up the DagBag from /home/airflow/.local/lib/python3.12/site-packages/airflow/example_dags/example_nested_branch_dag.py
[2025-03-24T17:38:08.481+0000] {processor.py:925} INFO - DAG(s) 'example_nested_branch_dag' retrieved from /home/airflow/.local/lib/python3.12/site-packages/airflow/example_dags/example_nested_branch_dag.py
[2025-03-24T17:38:08.512+0000] {logging_mixin.py:190} INFO - [2025-03-24T17:38:08.512+0000] {dag.py:3239} INFO - Sync 1 DAGs
[2025-03-24T17:38:08.547+0000] {logging_mixin.py:190} INFO - [2025-03-24T17:38:08.547+0000] {dag.py:4180} INFO - Setting next_dagrun for example_nested_branch_dag to 2025-03-23 00:00:00+00:00, run_after=2025-03-24 00:00:00+00:00
[2025-03-24T17:38:08.581+0000] {processor.py:208} INFO - Processing /home/airflow/.local/lib/python3.12/site-packages/airflow/example_dags/example_nested_branch_dag.py took 0.129 seconds
[2025-03-24T17:38:39.010+0000] {processor.py:186} INFO - Started process (PID=15506) to work on /home/airflow/.local/lib/python3.12/site-packages/airflow/example_dags/example_nested_branch_dag.py
[2025-03-24T17:38:39.014+0000] {processor.py:914} INFO - Processing file /home/airflow/.local/lib/python3.12/site-packages/airflow/example_dags/example_nested_branch_dag.py for tasks to queue
[2025-03-24T17:38:39.019+0000] {logging_mixin.py:190} INFO - [2025-03-24T17:38:39.019+0000] {dagbag.py:588} INFO - Filling up the DagBag from /home/airflow/.local/lib/python3.12/site-packages/airflow/example_dags/example_nested_branch_dag.py
[2025-03-24T17:38:39.043+0000] {processor.py:925} INFO - DAG(s) 'example_nested_branch_dag' retrieved from /home/airflow/.local/lib/python3.12/site-packages/airflow/example_dags/example_nested_branch_dag.py
[2025-03-24T17:38:39.085+0000] {logging_mixin.py:190} INFO - [2025-03-24T17:38:39.084+0000] {dag.py:3239} INFO - Sync 1 DAGs
[2025-03-24T17:38:39.140+0000] {logging_mixin.py:190} INFO - [2025-03-24T17:38:39.139+0000] {dag.py:4180} INFO - Setting next_dagrun for example_nested_branch_dag to 2025-03-23 00:00:00+00:00, run_after=2025-03-24 00:00:00+00:00
[2025-03-24T17:38:39.181+0000] {processor.py:208} INFO - Processing /home/airflow/.local/lib/python3.12/site-packages/airflow/example_dags/example_nested_branch_dag.py took 0.187 seconds
[2025-03-24T17:39:09.991+0000] {processor.py:186} INFO - Started process (PID=15795) to work on /home/airflow/.local/lib/python3.12/site-packages/airflow/example_dags/example_nested_branch_dag.py
[2025-03-24T17:39:09.998+0000] {processor.py:914} INFO - Processing file /home/airflow/.local/lib/python3.12/site-packages/airflow/example_dags/example_nested_branch_dag.py for tasks to queue
[2025-03-24T17:39:10.002+0000] {logging_mixin.py:190} INFO - [2025-03-24T17:39:10.001+0000] {dagbag.py:588} INFO - Filling up the DagBag from /home/airflow/.local/lib/python3.12/site-packages/airflow/example_dags/example_nested_branch_dag.py
[2025-03-24T17:39:10.026+0000] {processor.py:925} INFO - DAG(s) 'example_nested_branch_dag' retrieved from /home/airflow/.local/lib/python3.12/site-packages/airflow/example_dags/example_nested_branch_dag.py
[2025-03-24T17:39:10.076+0000] {logging_mixin.py:190} INFO - [2025-03-24T17:39:10.076+0000] {dag.py:3239} INFO - Sync 1 DAGs
[2025-03-24T17:39:10.164+0000] {logging_mixin.py:190} INFO - [2025-03-24T17:39:10.163+0000] {dag.py:4180} INFO - Setting next_dagrun for example_nested_branch_dag to 2025-03-23 00:00:00+00:00, run_after=2025-03-24 00:00:00+00:00
[2025-03-24T17:39:10.212+0000] {processor.py:208} INFO - Processing /home/airflow/.local/lib/python3.12/site-packages/airflow/example_dags/example_nested_branch_dag.py took 0.233 seconds
[2025-03-24T17:39:41.225+0000] {processor.py:186} INFO - Started process (PID=16086) to work on /home/airflow/.local/lib/python3.12/site-packages/airflow/example_dags/example_nested_branch_dag.py
[2025-03-24T17:39:41.226+0000] {processor.py:914} INFO - Processing file /home/airflow/.local/lib/python3.12/site-packages/airflow/example_dags/example_nested_branch_dag.py for tasks to queue
[2025-03-24T17:39:41.230+0000] {logging_mixin.py:190} INFO - [2025-03-24T17:39:41.230+0000] {dagbag.py:588} INFO - Filling up the DagBag from /home/airflow/.local/lib/python3.12/site-packages/airflow/example_dags/example_nested_branch_dag.py
[2025-03-24T17:39:41.250+0000] {processor.py:925} INFO - DAG(s) 'example_nested_branch_dag' retrieved from /home/airflow/.local/lib/python3.12/site-packages/airflow/example_dags/example_nested_branch_dag.py
[2025-03-24T17:39:41.288+0000] {logging_mixin.py:190} INFO - [2025-03-24T17:39:41.288+0000] {dag.py:3239} INFO - Sync 1 DAGs
[2025-03-24T17:39:41.351+0000] {logging_mixin.py:190} INFO - [2025-03-24T17:39:41.350+0000] {dag.py:4180} INFO - Setting next_dagrun for example_nested_branch_dag to 2025-03-23 00:00:00+00:00, run_after=2025-03-24 00:00:00+00:00
[2025-03-24T17:39:41.395+0000] {processor.py:208} INFO - Processing /home/airflow/.local/lib/python3.12/site-packages/airflow/example_dags/example_nested_branch_dag.py took 0.180 seconds
[2025-03-24T17:40:12.011+0000] {processor.py:186} INFO - Started process (PID=16374) to work on /home/airflow/.local/lib/python3.12/site-packages/airflow/example_dags/example_nested_branch_dag.py
[2025-03-24T17:40:12.018+0000] {processor.py:914} INFO - Processing file /home/airflow/.local/lib/python3.12/site-packages/airflow/example_dags/example_nested_branch_dag.py for tasks to queue
[2025-03-24T17:40:12.024+0000] {logging_mixin.py:190} INFO - [2025-03-24T17:40:12.024+0000] {dagbag.py:588} INFO - Filling up the DagBag from /home/airflow/.local/lib/python3.12/site-packages/airflow/example_dags/example_nested_branch_dag.py
[2025-03-24T17:40:12.046+0000] {processor.py:925} INFO - DAG(s) 'example_nested_branch_dag' retrieved from /home/airflow/.local/lib/python3.12/site-packages/airflow/example_dags/example_nested_branch_dag.py
[2025-03-24T17:40:12.082+0000] {logging_mixin.py:190} INFO - [2025-03-24T17:40:12.082+0000] {dag.py:3239} INFO - Sync 1 DAGs
[2025-03-24T17:40:12.123+0000] {logging_mixin.py:190} INFO - [2025-03-24T17:40:12.122+0000] {dag.py:4180} INFO - Setting next_dagrun for example_nested_branch_dag to 2025-03-23 00:00:00+00:00, run_after=2025-03-24 00:00:00+00:00
[2025-03-24T17:40:12.167+0000] {processor.py:208} INFO - Processing /home/airflow/.local/lib/python3.12/site-packages/airflow/example_dags/example_nested_branch_dag.py took 0.171 seconds
[2025-03-24T17:40:43.012+0000] {processor.py:186} INFO - Started process (PID=16668) to work on /home/airflow/.local/lib/python3.12/site-packages/airflow/example_dags/example_nested_branch_dag.py
[2025-03-24T17:40:43.014+0000] {processor.py:914} INFO - Processing file /home/airflow/.local/lib/python3.12/site-packages/airflow/example_dags/example_nested_branch_dag.py for tasks to queue
[2025-03-24T17:40:43.023+0000] {logging_mixin.py:190} INFO - [2025-03-24T17:40:43.023+0000] {dagbag.py:588} INFO - Filling up the DagBag from /home/airflow/.local/lib/python3.12/site-packages/airflow/example_dags/example_nested_branch_dag.py
[2025-03-24T17:40:43.065+0000] {processor.py:925} INFO - DAG(s) 'example_nested_branch_dag' retrieved from /home/airflow/.local/lib/python3.12/site-packages/airflow/example_dags/example_nested_branch_dag.py
[2025-03-24T17:40:43.116+0000] {logging_mixin.py:190} INFO - [2025-03-24T17:40:43.115+0000] {dag.py:3239} INFO - Sync 1 DAGs
[2025-03-24T17:40:43.173+0000] {logging_mixin.py:190} INFO - [2025-03-24T17:40:43.172+0000] {dag.py:4180} INFO - Setting next_dagrun for example_nested_branch_dag to 2025-03-23 00:00:00+00:00, run_after=2025-03-24 00:00:00+00:00
[2025-03-24T17:40:43.228+0000] {processor.py:208} INFO - Processing /home/airflow/.local/lib/python3.12/site-packages/airflow/example_dags/example_nested_branch_dag.py took 0.242 seconds
[2025-03-24T17:41:13.618+0000] {processor.py:186} INFO - Started process (PID=16956) to work on /home/airflow/.local/lib/python3.12/site-packages/airflow/example_dags/example_nested_branch_dag.py
[2025-03-24T17:41:13.622+0000] {processor.py:914} INFO - Processing file /home/airflow/.local/lib/python3.12/site-packages/airflow/example_dags/example_nested_branch_dag.py for tasks to queue
[2025-03-24T17:41:13.626+0000] {logging_mixin.py:190} INFO - [2025-03-24T17:41:13.625+0000] {dagbag.py:588} INFO - Filling up the DagBag from /home/airflow/.local/lib/python3.12/site-packages/airflow/example_dags/example_nested_branch_dag.py
[2025-03-24T17:41:13.654+0000] {processor.py:925} INFO - DAG(s) 'example_nested_branch_dag' retrieved from /home/airflow/.local/lib/python3.12/site-packages/airflow/example_dags/example_nested_branch_dag.py
[2025-03-24T17:41:13.711+0000] {logging_mixin.py:190} INFO - [2025-03-24T17:41:13.710+0000] {dag.py:3239} INFO - Sync 1 DAGs
[2025-03-24T17:41:13.764+0000] {logging_mixin.py:190} INFO - [2025-03-24T17:41:13.764+0000] {dag.py:4180} INFO - Setting next_dagrun for example_nested_branch_dag to 2025-03-23 00:00:00+00:00, run_after=2025-03-24 00:00:00+00:00
[2025-03-24T17:41:13.797+0000] {processor.py:208} INFO - Processing /home/airflow/.local/lib/python3.12/site-packages/airflow/example_dags/example_nested_branch_dag.py took 0.190 seconds
[2025-03-24T17:41:44.107+0000] {processor.py:186} INFO - Started process (PID=17246) to work on /home/airflow/.local/lib/python3.12/site-packages/airflow/example_dags/example_nested_branch_dag.py
[2025-03-24T17:41:44.108+0000] {processor.py:914} INFO - Processing file /home/airflow/.local/lib/python3.12/site-packages/airflow/example_dags/example_nested_branch_dag.py for tasks to queue
[2025-03-24T17:41:44.112+0000] {logging_mixin.py:190} INFO - [2025-03-24T17:41:44.111+0000] {dagbag.py:588} INFO - Filling up the DagBag from /home/airflow/.local/lib/python3.12/site-packages/airflow/example_dags/example_nested_branch_dag.py
[2025-03-24T17:41:44.129+0000] {processor.py:925} INFO - DAG(s) 'example_nested_branch_dag' retrieved from /home/airflow/.local/lib/python3.12/site-packages/airflow/example_dags/example_nested_branch_dag.py
[2025-03-24T17:41:44.163+0000] {logging_mixin.py:190} INFO - [2025-03-24T17:41:44.163+0000] {dag.py:3239} INFO - Sync 1 DAGs
[2025-03-24T17:41:44.198+0000] {logging_mixin.py:190} INFO - [2025-03-24T17:41:44.198+0000] {dag.py:4180} INFO - Setting next_dagrun for example_nested_branch_dag to 2025-03-23 00:00:00+00:00, run_after=2025-03-24 00:00:00+00:00
[2025-03-24T17:41:44.228+0000] {processor.py:208} INFO - Processing /home/airflow/.local/lib/python3.12/site-packages/airflow/example_dags/example_nested_branch_dag.py took 0.132 seconds
[2025-03-24T17:42:14.362+0000] {processor.py:186} INFO - Started process (PID=17537) to work on /home/airflow/.local/lib/python3.12/site-packages/airflow/example_dags/example_nested_branch_dag.py
[2025-03-24T17:42:14.366+0000] {processor.py:914} INFO - Processing file /home/airflow/.local/lib/python3.12/site-packages/airflow/example_dags/example_nested_branch_dag.py for tasks to queue
[2025-03-24T17:42:14.370+0000] {logging_mixin.py:190} INFO - [2025-03-24T17:42:14.369+0000] {dagbag.py:588} INFO - Filling up the DagBag from /home/airflow/.local/lib/python3.12/site-packages/airflow/example_dags/example_nested_branch_dag.py
[2025-03-24T17:42:14.391+0000] {processor.py:925} INFO - DAG(s) 'example_nested_branch_dag' retrieved from /home/airflow/.local/lib/python3.12/site-packages/airflow/example_dags/example_nested_branch_dag.py
[2025-03-24T17:42:14.425+0000] {logging_mixin.py:190} INFO - [2025-03-24T17:42:14.424+0000] {dag.py:3239} INFO - Sync 1 DAGs
[2025-03-24T17:42:14.457+0000] {logging_mixin.py:190} INFO - [2025-03-24T17:42:14.456+0000] {dag.py:4180} INFO - Setting next_dagrun for example_nested_branch_dag to 2025-03-23 00:00:00+00:00, run_after=2025-03-24 00:00:00+00:00
[2025-03-24T17:42:14.486+0000] {processor.py:208} INFO - Processing /home/airflow/.local/lib/python3.12/site-packages/airflow/example_dags/example_nested_branch_dag.py took 0.131 seconds
