[2025-03-24T17:11:11.756+0000] {processor.py:186} INFO - Started process (PID=165) to work on /home/airflow/.local/lib/python3.12/site-packages/airflow/example_dags/example_bash_decorator.py
[2025-03-24T17:11:11.757+0000] {processor.py:914} INFO - Processing file /home/airflow/.local/lib/python3.12/site-packages/airflow/example_dags/example_bash_decorator.py for tasks to queue
[2025-03-24T17:11:11.760+0000] {logging_mixin.py:190} INFO - [2025-03-24T17:11:11.760+0000] {dagbag.py:588} INFO - Filling up the DagBag from /home/airflow/.local/lib/python3.12/site-packages/airflow/example_dags/example_bash_decorator.py
[2025-03-24T17:11:11.815+0000] {processor.py:925} INFO - DAG(s) 'example_bash_decorator' retrieved from /home/airflow/.local/lib/python3.12/site-packages/airflow/example_dags/example_bash_decorator.py
[2025-03-24T17:11:12.333+0000] {logging_mixin.py:190} INFO - [2025-03-24T17:11:12.331+0000] {override.py:1912} INFO - Created Permission View: can delete on DAG:example_bash_decorator
[2025-03-24T17:11:12.356+0000] {logging_mixin.py:190} INFO - [2025-03-24T17:11:12.356+0000] {override.py:1912} INFO - Created Permission View: can edit on DAG:example_bash_decorator
[2025-03-24T17:11:12.370+0000] {logging_mixin.py:190} INFO - [2025-03-24T17:11:12.370+0000] {override.py:1912} INFO - Created Permission View: can read on DAG:example_bash_decorator
[2025-03-24T17:11:12.395+0000] {logging_mixin.py:190} INFO - [2025-03-24T17:11:12.393+0000] {override.py:1912} INFO - Created Permission View: menu access on DAG Run:example_bash_decorator
[2025-03-24T17:11:12.412+0000] {logging_mixin.py:190} INFO - [2025-03-24T17:11:12.411+0000] {override.py:1912} INFO - Created Permission View: can delete on DAG Run:example_bash_decorator
[2025-03-24T17:11:12.429+0000] {logging_mixin.py:190} INFO - [2025-03-24T17:11:12.428+0000] {override.py:1912} INFO - Created Permission View: can read on DAG Run:example_bash_decorator
[2025-03-24T17:11:12.443+0000] {logging_mixin.py:190} INFO - [2025-03-24T17:11:12.442+0000] {override.py:1912} INFO - Created Permission View: can create on DAG Run:example_bash_decorator
[2025-03-24T17:11:12.443+0000] {logging_mixin.py:190} INFO - [2025-03-24T17:11:12.443+0000] {dag.py:3239} INFO - Sync 1 DAGs
[2025-03-24T17:11:12.464+0000] {logging_mixin.py:190} INFO - [2025-03-24T17:11:12.464+0000] {dag.py:3262} INFO - Creating ORM DAG for example_bash_decorator
[2025-03-24T17:11:12.466+0000] {logging_mixin.py:190} INFO - [2025-03-24T17:11:12.465+0000] {dag.py:4180} INFO - Setting next_dagrun for example_bash_decorator to None, run_after=None
[2025-03-24T17:11:12.496+0000] {processor.py:208} INFO - Processing /home/airflow/.local/lib/python3.12/site-packages/airflow/example_dags/example_bash_decorator.py took 0.753 seconds
[2025-03-24T17:11:43.185+0000] {processor.py:186} INFO - Started process (PID=463) to work on /home/airflow/.local/lib/python3.12/site-packages/airflow/example_dags/example_bash_decorator.py
[2025-03-24T17:11:43.186+0000] {processor.py:914} INFO - Processing file /home/airflow/.local/lib/python3.12/site-packages/airflow/example_dags/example_bash_decorator.py for tasks to queue
[2025-03-24T17:11:43.190+0000] {logging_mixin.py:190} INFO - [2025-03-24T17:11:43.189+0000] {dagbag.py:588} INFO - Filling up the DagBag from /home/airflow/.local/lib/python3.12/site-packages/airflow/example_dags/example_bash_decorator.py
[2025-03-24T17:11:43.228+0000] {processor.py:925} INFO - DAG(s) 'example_bash_decorator' retrieved from /home/airflow/.local/lib/python3.12/site-packages/airflow/example_dags/example_bash_decorator.py
[2025-03-24T17:11:43.277+0000] {logging_mixin.py:190} INFO - [2025-03-24T17:11:43.277+0000] {dag.py:3239} INFO - Sync 1 DAGs
[2025-03-24T17:11:43.308+0000] {logging_mixin.py:190} INFO - [2025-03-24T17:11:43.308+0000] {dag.py:4180} INFO - Setting next_dagrun for example_bash_decorator to None, run_after=None
[2025-03-24T17:11:43.354+0000] {processor.py:208} INFO - Processing /home/airflow/.local/lib/python3.12/site-packages/airflow/example_dags/example_bash_decorator.py took 0.183 seconds
[2025-03-24T17:12:13.847+0000] {processor.py:186} INFO - Started process (PID=754) to work on /home/airflow/.local/lib/python3.12/site-packages/airflow/example_dags/example_bash_decorator.py
[2025-03-24T17:12:13.848+0000] {processor.py:914} INFO - Processing file /home/airflow/.local/lib/python3.12/site-packages/airflow/example_dags/example_bash_decorator.py for tasks to queue
[2025-03-24T17:12:13.851+0000] {logging_mixin.py:190} INFO - [2025-03-24T17:12:13.850+0000] {dagbag.py:588} INFO - Filling up the DagBag from /home/airflow/.local/lib/python3.12/site-packages/airflow/example_dags/example_bash_decorator.py
[2025-03-24T17:12:13.871+0000] {processor.py:925} INFO - DAG(s) 'example_bash_decorator' retrieved from /home/airflow/.local/lib/python3.12/site-packages/airflow/example_dags/example_bash_decorator.py
[2025-03-24T17:12:13.910+0000] {logging_mixin.py:190} INFO - [2025-03-24T17:12:13.909+0000] {dag.py:3239} INFO - Sync 1 DAGs
[2025-03-24T17:12:13.938+0000] {logging_mixin.py:190} INFO - [2025-03-24T17:12:13.938+0000] {dag.py:4180} INFO - Setting next_dagrun for example_bash_decorator to None, run_after=None
[2025-03-24T17:12:13.977+0000] {processor.py:208} INFO - Processing /home/airflow/.local/lib/python3.12/site-packages/airflow/example_dags/example_bash_decorator.py took 0.137 seconds
[2025-03-24T17:12:44.205+0000] {processor.py:186} INFO - Started process (PID=1045) to work on /home/airflow/.local/lib/python3.12/site-packages/airflow/example_dags/example_bash_decorator.py
[2025-03-24T17:12:44.208+0000] {processor.py:914} INFO - Processing file /home/airflow/.local/lib/python3.12/site-packages/airflow/example_dags/example_bash_decorator.py for tasks to queue
[2025-03-24T17:12:44.213+0000] {logging_mixin.py:190} INFO - [2025-03-24T17:12:44.212+0000] {dagbag.py:588} INFO - Filling up the DagBag from /home/airflow/.local/lib/python3.12/site-packages/airflow/example_dags/example_bash_decorator.py
[2025-03-24T17:12:44.231+0000] {processor.py:925} INFO - DAG(s) 'example_bash_decorator' retrieved from /home/airflow/.local/lib/python3.12/site-packages/airflow/example_dags/example_bash_decorator.py
[2025-03-24T17:12:44.262+0000] {logging_mixin.py:190} INFO - [2025-03-24T17:12:44.262+0000] {dag.py:3239} INFO - Sync 1 DAGs
[2025-03-24T17:12:44.282+0000] {logging_mixin.py:190} INFO - [2025-03-24T17:12:44.281+0000] {dag.py:4180} INFO - Setting next_dagrun for example_bash_decorator to None, run_after=None
[2025-03-24T17:12:44.310+0000] {processor.py:208} INFO - Processing /home/airflow/.local/lib/python3.12/site-packages/airflow/example_dags/example_bash_decorator.py took 0.115 seconds
[2025-03-24T17:13:15.044+0000] {processor.py:186} INFO - Started process (PID=1336) to work on /home/airflow/.local/lib/python3.12/site-packages/airflow/example_dags/example_bash_decorator.py
[2025-03-24T17:13:15.046+0000] {processor.py:914} INFO - Processing file /home/airflow/.local/lib/python3.12/site-packages/airflow/example_dags/example_bash_decorator.py for tasks to queue
[2025-03-24T17:13:15.049+0000] {logging_mixin.py:190} INFO - [2025-03-24T17:13:15.049+0000] {dagbag.py:588} INFO - Filling up the DagBag from /home/airflow/.local/lib/python3.12/site-packages/airflow/example_dags/example_bash_decorator.py
[2025-03-24T17:13:15.069+0000] {processor.py:925} INFO - DAG(s) 'example_bash_decorator' retrieved from /home/airflow/.local/lib/python3.12/site-packages/airflow/example_dags/example_bash_decorator.py
[2025-03-24T17:13:15.107+0000] {logging_mixin.py:190} INFO - [2025-03-24T17:13:15.106+0000] {dag.py:3239} INFO - Sync 1 DAGs
[2025-03-24T17:13:15.135+0000] {logging_mixin.py:190} INFO - [2025-03-24T17:13:15.134+0000] {dag.py:4180} INFO - Setting next_dagrun for example_bash_decorator to None, run_after=None
[2025-03-24T17:13:15.170+0000] {processor.py:208} INFO - Processing /home/airflow/.local/lib/python3.12/site-packages/airflow/example_dags/example_bash_decorator.py took 0.136 seconds
[2025-03-24T17:13:46.137+0000] {processor.py:186} INFO - Started process (PID=1627) to work on /home/airflow/.local/lib/python3.12/site-packages/airflow/example_dags/example_bash_decorator.py
[2025-03-24T17:13:46.141+0000] {processor.py:914} INFO - Processing file /home/airflow/.local/lib/python3.12/site-packages/airflow/example_dags/example_bash_decorator.py for tasks to queue
[2025-03-24T17:13:46.146+0000] {logging_mixin.py:190} INFO - [2025-03-24T17:13:46.145+0000] {dagbag.py:588} INFO - Filling up the DagBag from /home/airflow/.local/lib/python3.12/site-packages/airflow/example_dags/example_bash_decorator.py
[2025-03-24T17:13:46.181+0000] {processor.py:925} INFO - DAG(s) 'example_bash_decorator' retrieved from /home/airflow/.local/lib/python3.12/site-packages/airflow/example_dags/example_bash_decorator.py
[2025-03-24T17:13:46.236+0000] {logging_mixin.py:190} INFO - [2025-03-24T17:13:46.235+0000] {dag.py:3239} INFO - Sync 1 DAGs
[2025-03-24T17:13:46.269+0000] {logging_mixin.py:190} INFO - [2025-03-24T17:13:46.268+0000] {dag.py:4180} INFO - Setting next_dagrun for example_bash_decorator to None, run_after=None
[2025-03-24T17:13:46.314+0000] {processor.py:208} INFO - Processing /home/airflow/.local/lib/python3.12/site-packages/airflow/example_dags/example_bash_decorator.py took 0.190 seconds
[2025-03-24T17:14:17.096+0000] {processor.py:186} INFO - Started process (PID=1918) to work on /home/airflow/.local/lib/python3.12/site-packages/airflow/example_dags/example_bash_decorator.py
[2025-03-24T17:14:17.103+0000] {processor.py:914} INFO - Processing file /home/airflow/.local/lib/python3.12/site-packages/airflow/example_dags/example_bash_decorator.py for tasks to queue
[2025-03-24T17:14:17.108+0000] {logging_mixin.py:190} INFO - [2025-03-24T17:14:17.107+0000] {dagbag.py:588} INFO - Filling up the DagBag from /home/airflow/.local/lib/python3.12/site-packages/airflow/example_dags/example_bash_decorator.py
[2025-03-24T17:14:17.145+0000] {processor.py:925} INFO - DAG(s) 'example_bash_decorator' retrieved from /home/airflow/.local/lib/python3.12/site-packages/airflow/example_dags/example_bash_decorator.py
[2025-03-24T17:14:17.198+0000] {logging_mixin.py:190} INFO - [2025-03-24T17:14:17.198+0000] {dag.py:3239} INFO - Sync 1 DAGs
[2025-03-24T17:14:17.235+0000] {logging_mixin.py:190} INFO - [2025-03-24T17:14:17.235+0000] {dag.py:4180} INFO - Setting next_dagrun for example_bash_decorator to None, run_after=None
[2025-03-24T17:14:17.282+0000] {processor.py:208} INFO - Processing /home/airflow/.local/lib/python3.12/site-packages/airflow/example_dags/example_bash_decorator.py took 0.197 seconds
[2025-03-24T17:14:47.362+0000] {processor.py:186} INFO - Started process (PID=2210) to work on /home/airflow/.local/lib/python3.12/site-packages/airflow/example_dags/example_bash_decorator.py
[2025-03-24T17:14:47.365+0000] {processor.py:914} INFO - Processing file /home/airflow/.local/lib/python3.12/site-packages/airflow/example_dags/example_bash_decorator.py for tasks to queue
[2025-03-24T17:14:47.368+0000] {logging_mixin.py:190} INFO - [2025-03-24T17:14:47.368+0000] {dagbag.py:588} INFO - Filling up the DagBag from /home/airflow/.local/lib/python3.12/site-packages/airflow/example_dags/example_bash_decorator.py
[2025-03-24T17:14:47.387+0000] {processor.py:925} INFO - DAG(s) 'example_bash_decorator' retrieved from /home/airflow/.local/lib/python3.12/site-packages/airflow/example_dags/example_bash_decorator.py
[2025-03-24T17:14:47.414+0000] {logging_mixin.py:190} INFO - [2025-03-24T17:14:47.413+0000] {dag.py:3239} INFO - Sync 1 DAGs
[2025-03-24T17:14:47.433+0000] {logging_mixin.py:190} INFO - [2025-03-24T17:14:47.433+0000] {dag.py:4180} INFO - Setting next_dagrun for example_bash_decorator to None, run_after=None
[2025-03-24T17:14:47.462+0000] {processor.py:208} INFO - Processing /home/airflow/.local/lib/python3.12/site-packages/airflow/example_dags/example_bash_decorator.py took 0.109 seconds
[2025-03-24T17:15:17.835+0000] {processor.py:186} INFO - Started process (PID=2501) to work on /home/airflow/.local/lib/python3.12/site-packages/airflow/example_dags/example_bash_decorator.py
[2025-03-24T17:15:17.836+0000] {processor.py:914} INFO - Processing file /home/airflow/.local/lib/python3.12/site-packages/airflow/example_dags/example_bash_decorator.py for tasks to queue
[2025-03-24T17:15:17.842+0000] {logging_mixin.py:190} INFO - [2025-03-24T17:15:17.841+0000] {dagbag.py:588} INFO - Filling up the DagBag from /home/airflow/.local/lib/python3.12/site-packages/airflow/example_dags/example_bash_decorator.py
[2025-03-24T17:15:17.870+0000] {processor.py:925} INFO - DAG(s) 'example_bash_decorator' retrieved from /home/airflow/.local/lib/python3.12/site-packages/airflow/example_dags/example_bash_decorator.py
[2025-03-24T17:15:17.915+0000] {logging_mixin.py:190} INFO - [2025-03-24T17:15:17.915+0000] {dag.py:3239} INFO - Sync 1 DAGs
[2025-03-24T17:15:17.946+0000] {logging_mixin.py:190} INFO - [2025-03-24T17:15:17.946+0000] {dag.py:4180} INFO - Setting next_dagrun for example_bash_decorator to None, run_after=None
[2025-03-24T17:15:17.986+0000] {processor.py:208} INFO - Processing /home/airflow/.local/lib/python3.12/site-packages/airflow/example_dags/example_bash_decorator.py took 0.163 seconds
[2025-03-24T17:15:49.046+0000] {processor.py:186} INFO - Started process (PID=2792) to work on /home/airflow/.local/lib/python3.12/site-packages/airflow/example_dags/example_bash_decorator.py
[2025-03-24T17:15:49.048+0000] {processor.py:914} INFO - Processing file /home/airflow/.local/lib/python3.12/site-packages/airflow/example_dags/example_bash_decorator.py for tasks to queue
[2025-03-24T17:15:49.051+0000] {logging_mixin.py:190} INFO - [2025-03-24T17:15:49.051+0000] {dagbag.py:588} INFO - Filling up the DagBag from /home/airflow/.local/lib/python3.12/site-packages/airflow/example_dags/example_bash_decorator.py
[2025-03-24T17:15:49.077+0000] {processor.py:925} INFO - DAG(s) 'example_bash_decorator' retrieved from /home/airflow/.local/lib/python3.12/site-packages/airflow/example_dags/example_bash_decorator.py
[2025-03-24T17:15:49.120+0000] {logging_mixin.py:190} INFO - [2025-03-24T17:15:49.120+0000] {dag.py:3239} INFO - Sync 1 DAGs
[2025-03-24T17:15:49.147+0000] {logging_mixin.py:190} INFO - [2025-03-24T17:15:49.147+0000] {dag.py:4180} INFO - Setting next_dagrun for example_bash_decorator to None, run_after=None
[2025-03-24T17:15:49.183+0000] {processor.py:208} INFO - Processing /home/airflow/.local/lib/python3.12/site-packages/airflow/example_dags/example_bash_decorator.py took 0.146 seconds
[2025-03-24T17:16:19.846+0000] {processor.py:186} INFO - Started process (PID=3082) to work on /home/airflow/.local/lib/python3.12/site-packages/airflow/example_dags/example_bash_decorator.py
[2025-03-24T17:16:19.846+0000] {processor.py:914} INFO - Processing file /home/airflow/.local/lib/python3.12/site-packages/airflow/example_dags/example_bash_decorator.py for tasks to queue
[2025-03-24T17:16:19.849+0000] {logging_mixin.py:190} INFO - [2025-03-24T17:16:19.848+0000] {dagbag.py:588} INFO - Filling up the DagBag from /home/airflow/.local/lib/python3.12/site-packages/airflow/example_dags/example_bash_decorator.py
[2025-03-24T17:16:19.868+0000] {processor.py:925} INFO - DAG(s) 'example_bash_decorator' retrieved from /home/airflow/.local/lib/python3.12/site-packages/airflow/example_dags/example_bash_decorator.py
[2025-03-24T17:16:19.909+0000] {logging_mixin.py:190} INFO - [2025-03-24T17:16:19.909+0000] {dag.py:3239} INFO - Sync 1 DAGs
[2025-03-24T17:16:19.936+0000] {logging_mixin.py:190} INFO - [2025-03-24T17:16:19.936+0000] {dag.py:4180} INFO - Setting next_dagrun for example_bash_decorator to None, run_after=None
[2025-03-24T17:16:19.980+0000] {processor.py:208} INFO - Processing /home/airflow/.local/lib/python3.12/site-packages/airflow/example_dags/example_bash_decorator.py took 0.144 seconds
[2025-03-24T17:16:50.609+0000] {processor.py:186} INFO - Started process (PID=3373) to work on /home/airflow/.local/lib/python3.12/site-packages/airflow/example_dags/example_bash_decorator.py
[2025-03-24T17:16:50.617+0000] {processor.py:914} INFO - Processing file /home/airflow/.local/lib/python3.12/site-packages/airflow/example_dags/example_bash_decorator.py for tasks to queue
[2025-03-24T17:16:50.621+0000] {logging_mixin.py:190} INFO - [2025-03-24T17:16:50.621+0000] {dagbag.py:588} INFO - Filling up the DagBag from /home/airflow/.local/lib/python3.12/site-packages/airflow/example_dags/example_bash_decorator.py
[2025-03-24T17:16:50.658+0000] {processor.py:925} INFO - DAG(s) 'example_bash_decorator' retrieved from /home/airflow/.local/lib/python3.12/site-packages/airflow/example_dags/example_bash_decorator.py
[2025-03-24T17:16:50.725+0000] {logging_mixin.py:190} INFO - [2025-03-24T17:16:50.725+0000] {dag.py:3239} INFO - Sync 1 DAGs
[2025-03-24T17:16:50.760+0000] {logging_mixin.py:190} INFO - [2025-03-24T17:16:50.760+0000] {dag.py:4180} INFO - Setting next_dagrun for example_bash_decorator to None, run_after=None
[2025-03-24T17:16:50.811+0000] {processor.py:208} INFO - Processing /home/airflow/.local/lib/python3.12/site-packages/airflow/example_dags/example_bash_decorator.py took 0.215 seconds
[2025-03-24T17:17:21.301+0000] {processor.py:186} INFO - Started process (PID=3664) to work on /home/airflow/.local/lib/python3.12/site-packages/airflow/example_dags/example_bash_decorator.py
[2025-03-24T17:17:21.302+0000] {processor.py:914} INFO - Processing file /home/airflow/.local/lib/python3.12/site-packages/airflow/example_dags/example_bash_decorator.py for tasks to queue
[2025-03-24T17:17:21.305+0000] {logging_mixin.py:190} INFO - [2025-03-24T17:17:21.305+0000] {dagbag.py:588} INFO - Filling up the DagBag from /home/airflow/.local/lib/python3.12/site-packages/airflow/example_dags/example_bash_decorator.py
[2025-03-24T17:17:21.345+0000] {processor.py:925} INFO - DAG(s) 'example_bash_decorator' retrieved from /home/airflow/.local/lib/python3.12/site-packages/airflow/example_dags/example_bash_decorator.py
[2025-03-24T17:17:21.434+0000] {logging_mixin.py:190} INFO - [2025-03-24T17:17:21.434+0000] {dag.py:3239} INFO - Sync 1 DAGs
[2025-03-24T17:17:21.471+0000] {logging_mixin.py:190} INFO - [2025-03-24T17:17:21.471+0000] {dag.py:4180} INFO - Setting next_dagrun for example_bash_decorator to None, run_after=None
[2025-03-24T17:17:21.539+0000] {processor.py:208} INFO - Processing /home/airflow/.local/lib/python3.12/site-packages/airflow/example_dags/example_bash_decorator.py took 0.260 seconds
[2025-03-24T17:17:53.226+0000] {processor.py:186} INFO - Started process (PID=3974) to work on /home/airflow/.local/lib/python3.12/site-packages/airflow/example_dags/example_bash_decorator.py
[2025-03-24T17:17:53.228+0000] {processor.py:914} INFO - Processing file /home/airflow/.local/lib/python3.12/site-packages/airflow/example_dags/example_bash_decorator.py for tasks to queue
[2025-03-24T17:17:53.235+0000] {logging_mixin.py:190} INFO - [2025-03-24T17:17:53.233+0000] {dagbag.py:588} INFO - Filling up the DagBag from /home/airflow/.local/lib/python3.12/site-packages/airflow/example_dags/example_bash_decorator.py
[2025-03-24T17:17:53.273+0000] {processor.py:925} INFO - DAG(s) 'example_bash_decorator' retrieved from /home/airflow/.local/lib/python3.12/site-packages/airflow/example_dags/example_bash_decorator.py
[2025-03-24T17:17:53.349+0000] {logging_mixin.py:190} INFO - [2025-03-24T17:17:53.348+0000] {dag.py:3239} INFO - Sync 1 DAGs
[2025-03-24T17:17:53.402+0000] {logging_mixin.py:190} INFO - [2025-03-24T17:17:53.402+0000] {dag.py:4180} INFO - Setting next_dagrun for example_bash_decorator to None, run_after=None
[2025-03-24T17:17:53.473+0000] {processor.py:208} INFO - Processing /home/airflow/.local/lib/python3.12/site-packages/airflow/example_dags/example_bash_decorator.py took 0.278 seconds
[2025-03-24T17:18:23.615+0000] {processor.py:186} INFO - Started process (PID=4272) to work on /home/airflow/.local/lib/python3.12/site-packages/airflow/example_dags/example_bash_decorator.py
[2025-03-24T17:18:23.619+0000] {processor.py:914} INFO - Processing file /home/airflow/.local/lib/python3.12/site-packages/airflow/example_dags/example_bash_decorator.py for tasks to queue
[2025-03-24T17:18:23.623+0000] {logging_mixin.py:190} INFO - [2025-03-24T17:18:23.622+0000] {dagbag.py:588} INFO - Filling up the DagBag from /home/airflow/.local/lib/python3.12/site-packages/airflow/example_dags/example_bash_decorator.py
[2025-03-24T17:18:23.642+0000] {processor.py:925} INFO - DAG(s) 'example_bash_decorator' retrieved from /home/airflow/.local/lib/python3.12/site-packages/airflow/example_dags/example_bash_decorator.py
[2025-03-24T17:18:23.671+0000] {logging_mixin.py:190} INFO - [2025-03-24T17:18:23.670+0000] {dag.py:3239} INFO - Sync 1 DAGs
[2025-03-24T17:18:23.688+0000] {logging_mixin.py:190} INFO - [2025-03-24T17:18:23.688+0000] {dag.py:4180} INFO - Setting next_dagrun for example_bash_decorator to None, run_after=None
[2025-03-24T17:18:23.715+0000] {processor.py:208} INFO - Processing /home/airflow/.local/lib/python3.12/site-packages/airflow/example_dags/example_bash_decorator.py took 0.106 seconds
[2025-03-24T17:18:54.099+0000] {processor.py:186} INFO - Started process (PID=4533) to work on /home/airflow/.local/lib/python3.12/site-packages/airflow/example_dags/example_bash_decorator.py
[2025-03-24T17:18:54.100+0000] {processor.py:914} INFO - Processing file /home/airflow/.local/lib/python3.12/site-packages/airflow/example_dags/example_bash_decorator.py for tasks to queue
[2025-03-24T17:18:54.104+0000] {logging_mixin.py:190} INFO - [2025-03-24T17:18:54.103+0000] {dagbag.py:588} INFO - Filling up the DagBag from /home/airflow/.local/lib/python3.12/site-packages/airflow/example_dags/example_bash_decorator.py
[2025-03-24T17:18:54.134+0000] {processor.py:925} INFO - DAG(s) 'example_bash_decorator' retrieved from /home/airflow/.local/lib/python3.12/site-packages/airflow/example_dags/example_bash_decorator.py
[2025-03-24T17:18:54.173+0000] {logging_mixin.py:190} INFO - [2025-03-24T17:18:54.172+0000] {dag.py:3239} INFO - Sync 1 DAGs
[2025-03-24T17:18:54.212+0000] {logging_mixin.py:190} INFO - [2025-03-24T17:18:54.212+0000] {dag.py:4180} INFO - Setting next_dagrun for example_bash_decorator to None, run_after=None
[2025-03-24T17:18:54.251+0000] {processor.py:208} INFO - Processing /home/airflow/.local/lib/python3.12/site-packages/airflow/example_dags/example_bash_decorator.py took 0.168 seconds
[2025-03-24T17:19:24.949+0000] {processor.py:186} INFO - Started process (PID=4824) to work on /home/airflow/.local/lib/python3.12/site-packages/airflow/example_dags/example_bash_decorator.py
[2025-03-24T17:19:24.954+0000] {processor.py:914} INFO - Processing file /home/airflow/.local/lib/python3.12/site-packages/airflow/example_dags/example_bash_decorator.py for tasks to queue
[2025-03-24T17:19:24.957+0000] {logging_mixin.py:190} INFO - [2025-03-24T17:19:24.957+0000] {dagbag.py:588} INFO - Filling up the DagBag from /home/airflow/.local/lib/python3.12/site-packages/airflow/example_dags/example_bash_decorator.py
[2025-03-24T17:19:24.985+0000] {processor.py:925} INFO - DAG(s) 'example_bash_decorator' retrieved from /home/airflow/.local/lib/python3.12/site-packages/airflow/example_dags/example_bash_decorator.py
[2025-03-24T17:19:25.028+0000] {logging_mixin.py:190} INFO - [2025-03-24T17:19:25.027+0000] {dag.py:3239} INFO - Sync 1 DAGs
[2025-03-24T17:19:25.062+0000] {logging_mixin.py:190} INFO - [2025-03-24T17:19:25.062+0000] {dag.py:4180} INFO - Setting next_dagrun for example_bash_decorator to None, run_after=None
[2025-03-24T17:19:25.102+0000] {processor.py:208} INFO - Processing /home/airflow/.local/lib/python3.12/site-packages/airflow/example_dags/example_bash_decorator.py took 0.161 seconds
[2025-03-24T17:19:55.422+0000] {processor.py:186} INFO - Started process (PID=5115) to work on /home/airflow/.local/lib/python3.12/site-packages/airflow/example_dags/example_bash_decorator.py
[2025-03-24T17:19:55.424+0000] {processor.py:914} INFO - Processing file /home/airflow/.local/lib/python3.12/site-packages/airflow/example_dags/example_bash_decorator.py for tasks to queue
[2025-03-24T17:19:55.430+0000] {logging_mixin.py:190} INFO - [2025-03-24T17:19:55.429+0000] {dagbag.py:588} INFO - Filling up the DagBag from /home/airflow/.local/lib/python3.12/site-packages/airflow/example_dags/example_bash_decorator.py
[2025-03-24T17:19:55.475+0000] {processor.py:925} INFO - DAG(s) 'example_bash_decorator' retrieved from /home/airflow/.local/lib/python3.12/site-packages/airflow/example_dags/example_bash_decorator.py
[2025-03-24T17:19:55.545+0000] {logging_mixin.py:190} INFO - [2025-03-24T17:19:55.545+0000] {dag.py:3239} INFO - Sync 1 DAGs
[2025-03-24T17:19:55.594+0000] {logging_mixin.py:190} INFO - [2025-03-24T17:19:55.594+0000] {dag.py:4180} INFO - Setting next_dagrun for example_bash_decorator to None, run_after=None
[2025-03-24T17:19:55.639+0000] {processor.py:208} INFO - Processing /home/airflow/.local/lib/python3.12/site-packages/airflow/example_dags/example_bash_decorator.py took 0.230 seconds
[2025-03-24T17:20:26.057+0000] {processor.py:186} INFO - Started process (PID=5405) to work on /home/airflow/.local/lib/python3.12/site-packages/airflow/example_dags/example_bash_decorator.py
[2025-03-24T17:20:26.061+0000] {processor.py:914} INFO - Processing file /home/airflow/.local/lib/python3.12/site-packages/airflow/example_dags/example_bash_decorator.py for tasks to queue
[2025-03-24T17:20:26.064+0000] {logging_mixin.py:190} INFO - [2025-03-24T17:20:26.064+0000] {dagbag.py:588} INFO - Filling up the DagBag from /home/airflow/.local/lib/python3.12/site-packages/airflow/example_dags/example_bash_decorator.py
[2025-03-24T17:20:26.090+0000] {processor.py:925} INFO - DAG(s) 'example_bash_decorator' retrieved from /home/airflow/.local/lib/python3.12/site-packages/airflow/example_dags/example_bash_decorator.py
[2025-03-24T17:20:26.132+0000] {logging_mixin.py:190} INFO - [2025-03-24T17:20:26.131+0000] {dag.py:3239} INFO - Sync 1 DAGs
[2025-03-24T17:20:26.160+0000] {logging_mixin.py:190} INFO - [2025-03-24T17:20:26.159+0000] {dag.py:4180} INFO - Setting next_dagrun for example_bash_decorator to None, run_after=None
[2025-03-24T17:20:26.207+0000] {processor.py:208} INFO - Processing /home/airflow/.local/lib/python3.12/site-packages/airflow/example_dags/example_bash_decorator.py took 0.162 seconds
[2025-03-24T17:20:56.341+0000] {processor.py:186} INFO - Started process (PID=5696) to work on /home/airflow/.local/lib/python3.12/site-packages/airflow/example_dags/example_bash_decorator.py
[2025-03-24T17:20:56.344+0000] {processor.py:914} INFO - Processing file /home/airflow/.local/lib/python3.12/site-packages/airflow/example_dags/example_bash_decorator.py for tasks to queue
[2025-03-24T17:20:56.350+0000] {logging_mixin.py:190} INFO - [2025-03-24T17:20:56.349+0000] {dagbag.py:588} INFO - Filling up the DagBag from /home/airflow/.local/lib/python3.12/site-packages/airflow/example_dags/example_bash_decorator.py
[2025-03-24T17:20:56.378+0000] {processor.py:925} INFO - DAG(s) 'example_bash_decorator' retrieved from /home/airflow/.local/lib/python3.12/site-packages/airflow/example_dags/example_bash_decorator.py
[2025-03-24T17:20:56.430+0000] {logging_mixin.py:190} INFO - [2025-03-24T17:20:56.430+0000] {dag.py:3239} INFO - Sync 1 DAGs
[2025-03-24T17:20:56.453+0000] {logging_mixin.py:190} INFO - [2025-03-24T17:20:56.452+0000] {dag.py:4180} INFO - Setting next_dagrun for example_bash_decorator to None, run_after=None
[2025-03-24T17:20:56.491+0000] {processor.py:208} INFO - Processing /home/airflow/.local/lib/python3.12/site-packages/airflow/example_dags/example_bash_decorator.py took 0.164 seconds
[2025-03-24T17:21:26.590+0000] {processor.py:186} INFO - Started process (PID=5986) to work on /home/airflow/.local/lib/python3.12/site-packages/airflow/example_dags/example_bash_decorator.py
[2025-03-24T17:21:26.594+0000] {processor.py:914} INFO - Processing file /home/airflow/.local/lib/python3.12/site-packages/airflow/example_dags/example_bash_decorator.py for tasks to queue
[2025-03-24T17:21:26.600+0000] {logging_mixin.py:190} INFO - [2025-03-24T17:21:26.599+0000] {dagbag.py:588} INFO - Filling up the DagBag from /home/airflow/.local/lib/python3.12/site-packages/airflow/example_dags/example_bash_decorator.py
[2025-03-24T17:21:26.636+0000] {processor.py:925} INFO - DAG(s) 'example_bash_decorator' retrieved from /home/airflow/.local/lib/python3.12/site-packages/airflow/example_dags/example_bash_decorator.py
[2025-03-24T17:21:26.685+0000] {logging_mixin.py:190} INFO - [2025-03-24T17:21:26.684+0000] {dag.py:3239} INFO - Sync 1 DAGs
[2025-03-24T17:21:26.723+0000] {logging_mixin.py:190} INFO - [2025-03-24T17:21:26.722+0000] {dag.py:4180} INFO - Setting next_dagrun for example_bash_decorator to None, run_after=None
[2025-03-24T17:21:26.769+0000] {processor.py:208} INFO - Processing /home/airflow/.local/lib/python3.12/site-packages/airflow/example_dags/example_bash_decorator.py took 0.192 seconds
[2025-03-24T17:21:56.920+0000] {processor.py:186} INFO - Started process (PID=6272) to work on /home/airflow/.local/lib/python3.12/site-packages/airflow/example_dags/example_bash_decorator.py
[2025-03-24T17:21:56.922+0000] {processor.py:914} INFO - Processing file /home/airflow/.local/lib/python3.12/site-packages/airflow/example_dags/example_bash_decorator.py for tasks to queue
[2025-03-24T17:21:56.926+0000] {logging_mixin.py:190} INFO - [2025-03-24T17:21:56.926+0000] {dagbag.py:588} INFO - Filling up the DagBag from /home/airflow/.local/lib/python3.12/site-packages/airflow/example_dags/example_bash_decorator.py
[2025-03-24T17:21:56.960+0000] {processor.py:925} INFO - DAG(s) 'example_bash_decorator' retrieved from /home/airflow/.local/lib/python3.12/site-packages/airflow/example_dags/example_bash_decorator.py
[2025-03-24T17:21:57.011+0000] {logging_mixin.py:190} INFO - [2025-03-24T17:21:57.011+0000] {dag.py:3239} INFO - Sync 1 DAGs
[2025-03-24T17:21:57.041+0000] {logging_mixin.py:190} INFO - [2025-03-24T17:21:57.041+0000] {dag.py:4180} INFO - Setting next_dagrun for example_bash_decorator to None, run_after=None
[2025-03-24T17:21:57.088+0000] {processor.py:208} INFO - Processing /home/airflow/.local/lib/python3.12/site-packages/airflow/example_dags/example_bash_decorator.py took 0.179 seconds
[2025-03-24T17:22:27.168+0000] {processor.py:186} INFO - Started process (PID=6563) to work on /home/airflow/.local/lib/python3.12/site-packages/airflow/example_dags/example_bash_decorator.py
[2025-03-24T17:22:27.169+0000] {processor.py:914} INFO - Processing file /home/airflow/.local/lib/python3.12/site-packages/airflow/example_dags/example_bash_decorator.py for tasks to queue
[2025-03-24T17:22:27.171+0000] {logging_mixin.py:190} INFO - [2025-03-24T17:22:27.171+0000] {dagbag.py:588} INFO - Filling up the DagBag from /home/airflow/.local/lib/python3.12/site-packages/airflow/example_dags/example_bash_decorator.py
[2025-03-24T17:22:27.190+0000] {processor.py:925} INFO - DAG(s) 'example_bash_decorator' retrieved from /home/airflow/.local/lib/python3.12/site-packages/airflow/example_dags/example_bash_decorator.py
[2025-03-24T17:22:27.222+0000] {logging_mixin.py:190} INFO - [2025-03-24T17:22:27.222+0000] {dag.py:3239} INFO - Sync 1 DAGs
[2025-03-24T17:22:27.244+0000] {logging_mixin.py:190} INFO - [2025-03-24T17:22:27.243+0000] {dag.py:4180} INFO - Setting next_dagrun for example_bash_decorator to None, run_after=None
[2025-03-24T17:22:27.272+0000] {processor.py:208} INFO - Processing /home/airflow/.local/lib/python3.12/site-packages/airflow/example_dags/example_bash_decorator.py took 0.111 seconds
[2025-03-24T17:22:58.408+0000] {processor.py:186} INFO - Started process (PID=6789) to work on /home/airflow/.local/lib/python3.12/site-packages/airflow/example_dags/example_bash_decorator.py
[2025-03-24T17:22:58.410+0000] {processor.py:914} INFO - Processing file /home/airflow/.local/lib/python3.12/site-packages/airflow/example_dags/example_bash_decorator.py for tasks to queue
[2025-03-24T17:22:58.413+0000] {logging_mixin.py:190} INFO - [2025-03-24T17:22:58.412+0000] {dagbag.py:588} INFO - Filling up the DagBag from /home/airflow/.local/lib/python3.12/site-packages/airflow/example_dags/example_bash_decorator.py
[2025-03-24T17:22:58.441+0000] {processor.py:925} INFO - DAG(s) 'example_bash_decorator' retrieved from /home/airflow/.local/lib/python3.12/site-packages/airflow/example_dags/example_bash_decorator.py
[2025-03-24T17:22:58.475+0000] {logging_mixin.py:190} INFO - [2025-03-24T17:22:58.475+0000] {dag.py:3239} INFO - Sync 1 DAGs
[2025-03-24T17:22:58.501+0000] {logging_mixin.py:190} INFO - [2025-03-24T17:22:58.501+0000] {dag.py:4180} INFO - Setting next_dagrun for example_bash_decorator to None, run_after=None
[2025-03-24T17:22:58.543+0000] {processor.py:208} INFO - Processing /home/airflow/.local/lib/python3.12/site-packages/airflow/example_dags/example_bash_decorator.py took 0.146 seconds
[2025-03-24T17:23:29.331+0000] {processor.py:186} INFO - Started process (PID=7082) to work on /home/airflow/.local/lib/python3.12/site-packages/airflow/example_dags/example_bash_decorator.py
[2025-03-24T17:23:29.332+0000] {processor.py:914} INFO - Processing file /home/airflow/.local/lib/python3.12/site-packages/airflow/example_dags/example_bash_decorator.py for tasks to queue
[2025-03-24T17:23:29.335+0000] {logging_mixin.py:190} INFO - [2025-03-24T17:23:29.335+0000] {dagbag.py:588} INFO - Filling up the DagBag from /home/airflow/.local/lib/python3.12/site-packages/airflow/example_dags/example_bash_decorator.py
[2025-03-24T17:23:29.359+0000] {processor.py:925} INFO - DAG(s) 'example_bash_decorator' retrieved from /home/airflow/.local/lib/python3.12/site-packages/airflow/example_dags/example_bash_decorator.py
[2025-03-24T17:23:29.391+0000] {logging_mixin.py:190} INFO - [2025-03-24T17:23:29.391+0000] {dag.py:3239} INFO - Sync 1 DAGs
[2025-03-24T17:23:29.410+0000] {logging_mixin.py:190} INFO - [2025-03-24T17:23:29.410+0000] {dag.py:4180} INFO - Setting next_dagrun for example_bash_decorator to None, run_after=None
[2025-03-24T17:23:29.444+0000] {processor.py:208} INFO - Processing /home/airflow/.local/lib/python3.12/site-packages/airflow/example_dags/example_bash_decorator.py took 0.119 seconds
[2025-03-24T17:23:59.699+0000] {processor.py:186} INFO - Started process (PID=7333) to work on /home/airflow/.local/lib/python3.12/site-packages/airflow/example_dags/example_bash_decorator.py
[2025-03-24T17:23:59.700+0000] {processor.py:914} INFO - Processing file /home/airflow/.local/lib/python3.12/site-packages/airflow/example_dags/example_bash_decorator.py for tasks to queue
[2025-03-24T17:23:59.703+0000] {logging_mixin.py:190} INFO - [2025-03-24T17:23:59.703+0000] {dagbag.py:588} INFO - Filling up the DagBag from /home/airflow/.local/lib/python3.12/site-packages/airflow/example_dags/example_bash_decorator.py
[2025-03-24T17:23:59.723+0000] {processor.py:925} INFO - DAG(s) 'example_bash_decorator' retrieved from /home/airflow/.local/lib/python3.12/site-packages/airflow/example_dags/example_bash_decorator.py
[2025-03-24T17:23:59.766+0000] {logging_mixin.py:190} INFO - [2025-03-24T17:23:59.766+0000] {dag.py:3239} INFO - Sync 1 DAGs
[2025-03-24T17:23:59.787+0000] {logging_mixin.py:190} INFO - [2025-03-24T17:23:59.786+0000] {dag.py:4180} INFO - Setting next_dagrun for example_bash_decorator to None, run_after=None
[2025-03-24T17:23:59.816+0000] {processor.py:208} INFO - Processing /home/airflow/.local/lib/python3.12/site-packages/airflow/example_dags/example_bash_decorator.py took 0.127 seconds
[2025-03-24T17:24:30.123+0000] {processor.py:186} INFO - Started process (PID=7575) to work on /home/airflow/.local/lib/python3.12/site-packages/airflow/example_dags/example_bash_decorator.py
[2025-03-24T17:24:30.124+0000] {processor.py:914} INFO - Processing file /home/airflow/.local/lib/python3.12/site-packages/airflow/example_dags/example_bash_decorator.py for tasks to queue
[2025-03-24T17:24:30.127+0000] {logging_mixin.py:190} INFO - [2025-03-24T17:24:30.126+0000] {dagbag.py:588} INFO - Filling up the DagBag from /home/airflow/.local/lib/python3.12/site-packages/airflow/example_dags/example_bash_decorator.py
[2025-03-24T17:24:30.151+0000] {processor.py:925} INFO - DAG(s) 'example_bash_decorator' retrieved from /home/airflow/.local/lib/python3.12/site-packages/airflow/example_dags/example_bash_decorator.py
[2025-03-24T17:24:30.187+0000] {logging_mixin.py:190} INFO - [2025-03-24T17:24:30.186+0000] {dag.py:3239} INFO - Sync 1 DAGs
[2025-03-24T17:24:30.205+0000] {logging_mixin.py:190} INFO - [2025-03-24T17:24:30.205+0000] {dag.py:4180} INFO - Setting next_dagrun for example_bash_decorator to None, run_after=None
[2025-03-24T17:24:30.239+0000] {processor.py:208} INFO - Processing /home/airflow/.local/lib/python3.12/site-packages/airflow/example_dags/example_bash_decorator.py took 0.126 seconds
[2025-03-24T17:25:00.369+0000] {processor.py:186} INFO - Started process (PID=7846) to work on /home/airflow/.local/lib/python3.12/site-packages/airflow/example_dags/example_bash_decorator.py
[2025-03-24T17:25:00.373+0000] {processor.py:914} INFO - Processing file /home/airflow/.local/lib/python3.12/site-packages/airflow/example_dags/example_bash_decorator.py for tasks to queue
[2025-03-24T17:25:00.376+0000] {logging_mixin.py:190} INFO - [2025-03-24T17:25:00.376+0000] {dagbag.py:588} INFO - Filling up the DagBag from /home/airflow/.local/lib/python3.12/site-packages/airflow/example_dags/example_bash_decorator.py
[2025-03-24T17:25:00.394+0000] {processor.py:925} INFO - DAG(s) 'example_bash_decorator' retrieved from /home/airflow/.local/lib/python3.12/site-packages/airflow/example_dags/example_bash_decorator.py
[2025-03-24T17:25:00.430+0000] {logging_mixin.py:190} INFO - [2025-03-24T17:25:00.430+0000] {dag.py:3239} INFO - Sync 1 DAGs
[2025-03-24T17:25:00.449+0000] {logging_mixin.py:190} INFO - [2025-03-24T17:25:00.448+0000] {dag.py:4180} INFO - Setting next_dagrun for example_bash_decorator to None, run_after=None
[2025-03-24T17:25:00.480+0000] {processor.py:208} INFO - Processing /home/airflow/.local/lib/python3.12/site-packages/airflow/example_dags/example_bash_decorator.py took 0.122 seconds
[2025-03-24T17:25:30.751+0000] {processor.py:186} INFO - Started process (PID=8137) to work on /home/airflow/.local/lib/python3.12/site-packages/airflow/example_dags/example_bash_decorator.py
[2025-03-24T17:25:30.752+0000] {processor.py:914} INFO - Processing file /home/airflow/.local/lib/python3.12/site-packages/airflow/example_dags/example_bash_decorator.py for tasks to queue
[2025-03-24T17:25:30.755+0000] {logging_mixin.py:190} INFO - [2025-03-24T17:25:30.754+0000] {dagbag.py:588} INFO - Filling up the DagBag from /home/airflow/.local/lib/python3.12/site-packages/airflow/example_dags/example_bash_decorator.py
[2025-03-24T17:25:30.777+0000] {processor.py:925} INFO - DAG(s) 'example_bash_decorator' retrieved from /home/airflow/.local/lib/python3.12/site-packages/airflow/example_dags/example_bash_decorator.py
[2025-03-24T17:25:30.820+0000] {logging_mixin.py:190} INFO - [2025-03-24T17:25:30.820+0000] {dag.py:3239} INFO - Sync 1 DAGs
[2025-03-24T17:25:30.854+0000] {logging_mixin.py:190} INFO - [2025-03-24T17:25:30.853+0000] {dag.py:4180} INFO - Setting next_dagrun for example_bash_decorator to None, run_after=None
[2025-03-24T17:25:30.890+0000] {processor.py:208} INFO - Processing /home/airflow/.local/lib/python3.12/site-packages/airflow/example_dags/example_bash_decorator.py took 0.148 seconds
[2025-03-24T17:26:01.320+0000] {processor.py:186} INFO - Started process (PID=8428) to work on /home/airflow/.local/lib/python3.12/site-packages/airflow/example_dags/example_bash_decorator.py
[2025-03-24T17:26:01.324+0000] {processor.py:914} INFO - Processing file /home/airflow/.local/lib/python3.12/site-packages/airflow/example_dags/example_bash_decorator.py for tasks to queue
[2025-03-24T17:26:01.326+0000] {logging_mixin.py:190} INFO - [2025-03-24T17:26:01.326+0000] {dagbag.py:588} INFO - Filling up the DagBag from /home/airflow/.local/lib/python3.12/site-packages/airflow/example_dags/example_bash_decorator.py
[2025-03-24T17:26:01.353+0000] {processor.py:925} INFO - DAG(s) 'example_bash_decorator' retrieved from /home/airflow/.local/lib/python3.12/site-packages/airflow/example_dags/example_bash_decorator.py
[2025-03-24T17:26:01.392+0000] {logging_mixin.py:190} INFO - [2025-03-24T17:26:01.392+0000] {dag.py:3239} INFO - Sync 1 DAGs
[2025-03-24T17:26:01.417+0000] {logging_mixin.py:190} INFO - [2025-03-24T17:26:01.416+0000] {dag.py:4180} INFO - Setting next_dagrun for example_bash_decorator to None, run_after=None
[2025-03-24T17:26:01.447+0000] {processor.py:208} INFO - Processing /home/airflow/.local/lib/python3.12/site-packages/airflow/example_dags/example_bash_decorator.py took 0.136 seconds
[2025-03-24T17:26:31.772+0000] {processor.py:186} INFO - Started process (PID=8719) to work on /home/airflow/.local/lib/python3.12/site-packages/airflow/example_dags/example_bash_decorator.py
[2025-03-24T17:26:31.773+0000] {processor.py:914} INFO - Processing file /home/airflow/.local/lib/python3.12/site-packages/airflow/example_dags/example_bash_decorator.py for tasks to queue
[2025-03-24T17:26:31.776+0000] {logging_mixin.py:190} INFO - [2025-03-24T17:26:31.776+0000] {dagbag.py:588} INFO - Filling up the DagBag from /home/airflow/.local/lib/python3.12/site-packages/airflow/example_dags/example_bash_decorator.py
[2025-03-24T17:26:31.798+0000] {processor.py:925} INFO - DAG(s) 'example_bash_decorator' retrieved from /home/airflow/.local/lib/python3.12/site-packages/airflow/example_dags/example_bash_decorator.py
[2025-03-24T17:26:31.846+0000] {logging_mixin.py:190} INFO - [2025-03-24T17:26:31.845+0000] {dag.py:3239} INFO - Sync 1 DAGs
[2025-03-24T17:26:31.867+0000] {logging_mixin.py:190} INFO - [2025-03-24T17:26:31.866+0000] {dag.py:4180} INFO - Setting next_dagrun for example_bash_decorator to None, run_after=None
[2025-03-24T17:26:31.903+0000] {processor.py:208} INFO - Processing /home/airflow/.local/lib/python3.12/site-packages/airflow/example_dags/example_bash_decorator.py took 0.146 seconds
[2025-03-24T17:27:02.163+0000] {processor.py:186} INFO - Started process (PID=9010) to work on /home/airflow/.local/lib/python3.12/site-packages/airflow/example_dags/example_bash_decorator.py
[2025-03-24T17:27:02.167+0000] {processor.py:914} INFO - Processing file /home/airflow/.local/lib/python3.12/site-packages/airflow/example_dags/example_bash_decorator.py for tasks to queue
[2025-03-24T17:27:02.172+0000] {logging_mixin.py:190} INFO - [2025-03-24T17:27:02.171+0000] {dagbag.py:588} INFO - Filling up the DagBag from /home/airflow/.local/lib/python3.12/site-packages/airflow/example_dags/example_bash_decorator.py
[2025-03-24T17:27:02.196+0000] {processor.py:925} INFO - DAG(s) 'example_bash_decorator' retrieved from /home/airflow/.local/lib/python3.12/site-packages/airflow/example_dags/example_bash_decorator.py
[2025-03-24T17:27:02.238+0000] {logging_mixin.py:190} INFO - [2025-03-24T17:27:02.237+0000] {dag.py:3239} INFO - Sync 1 DAGs
[2025-03-24T17:27:02.261+0000] {logging_mixin.py:190} INFO - [2025-03-24T17:27:02.261+0000] {dag.py:4180} INFO - Setting next_dagrun for example_bash_decorator to None, run_after=None
[2025-03-24T17:27:02.299+0000] {processor.py:208} INFO - Processing /home/airflow/.local/lib/python3.12/site-packages/airflow/example_dags/example_bash_decorator.py took 0.146 seconds
[2025-03-24T17:27:32.396+0000] {processor.py:186} INFO - Started process (PID=9301) to work on /home/airflow/.local/lib/python3.12/site-packages/airflow/example_dags/example_bash_decorator.py
[2025-03-24T17:27:32.397+0000] {processor.py:914} INFO - Processing file /home/airflow/.local/lib/python3.12/site-packages/airflow/example_dags/example_bash_decorator.py for tasks to queue
[2025-03-24T17:27:32.399+0000] {logging_mixin.py:190} INFO - [2025-03-24T17:27:32.399+0000] {dagbag.py:588} INFO - Filling up the DagBag from /home/airflow/.local/lib/python3.12/site-packages/airflow/example_dags/example_bash_decorator.py
[2025-03-24T17:27:32.426+0000] {processor.py:925} INFO - DAG(s) 'example_bash_decorator' retrieved from /home/airflow/.local/lib/python3.12/site-packages/airflow/example_dags/example_bash_decorator.py
[2025-03-24T17:27:32.470+0000] {logging_mixin.py:190} INFO - [2025-03-24T17:27:32.470+0000] {dag.py:3239} INFO - Sync 1 DAGs
[2025-03-24T17:27:32.495+0000] {logging_mixin.py:190} INFO - [2025-03-24T17:27:32.495+0000] {dag.py:4180} INFO - Setting next_dagrun for example_bash_decorator to None, run_after=None
[2025-03-24T17:27:32.532+0000] {processor.py:208} INFO - Processing /home/airflow/.local/lib/python3.12/site-packages/airflow/example_dags/example_bash_decorator.py took 0.146 seconds
[2025-03-24T17:28:02.811+0000] {processor.py:186} INFO - Started process (PID=9592) to work on /home/airflow/.local/lib/python3.12/site-packages/airflow/example_dags/example_bash_decorator.py
[2025-03-24T17:28:02.812+0000] {processor.py:914} INFO - Processing file /home/airflow/.local/lib/python3.12/site-packages/airflow/example_dags/example_bash_decorator.py for tasks to queue
[2025-03-24T17:28:02.816+0000] {logging_mixin.py:190} INFO - [2025-03-24T17:28:02.815+0000] {dagbag.py:588} INFO - Filling up the DagBag from /home/airflow/.local/lib/python3.12/site-packages/airflow/example_dags/example_bash_decorator.py
[2025-03-24T17:28:02.845+0000] {processor.py:925} INFO - DAG(s) 'example_bash_decorator' retrieved from /home/airflow/.local/lib/python3.12/site-packages/airflow/example_dags/example_bash_decorator.py
[2025-03-24T17:28:02.880+0000] {logging_mixin.py:190} INFO - [2025-03-24T17:28:02.879+0000] {dag.py:3239} INFO - Sync 1 DAGs
[2025-03-24T17:28:02.906+0000] {logging_mixin.py:190} INFO - [2025-03-24T17:28:02.905+0000] {dag.py:4180} INFO - Setting next_dagrun for example_bash_decorator to None, run_after=None
[2025-03-24T17:28:02.942+0000] {processor.py:208} INFO - Processing /home/airflow/.local/lib/python3.12/site-packages/airflow/example_dags/example_bash_decorator.py took 0.142 seconds
[2025-03-24T17:28:33.655+0000] {processor.py:186} INFO - Started process (PID=9883) to work on /home/airflow/.local/lib/python3.12/site-packages/airflow/example_dags/example_bash_decorator.py
[2025-03-24T17:28:33.661+0000] {processor.py:914} INFO - Processing file /home/airflow/.local/lib/python3.12/site-packages/airflow/example_dags/example_bash_decorator.py for tasks to queue
[2025-03-24T17:28:33.664+0000] {logging_mixin.py:190} INFO - [2025-03-24T17:28:33.663+0000] {dagbag.py:588} INFO - Filling up the DagBag from /home/airflow/.local/lib/python3.12/site-packages/airflow/example_dags/example_bash_decorator.py
[2025-03-24T17:28:33.692+0000] {processor.py:925} INFO - DAG(s) 'example_bash_decorator' retrieved from /home/airflow/.local/lib/python3.12/site-packages/airflow/example_dags/example_bash_decorator.py
[2025-03-24T17:28:33.732+0000] {logging_mixin.py:190} INFO - [2025-03-24T17:28:33.731+0000] {dag.py:3239} INFO - Sync 1 DAGs
[2025-03-24T17:28:33.760+0000] {logging_mixin.py:190} INFO - [2025-03-24T17:28:33.760+0000] {dag.py:4180} INFO - Setting next_dagrun for example_bash_decorator to None, run_after=None
[2025-03-24T17:28:33.800+0000] {processor.py:208} INFO - Processing /home/airflow/.local/lib/python3.12/site-packages/airflow/example_dags/example_bash_decorator.py took 0.156 seconds
[2025-03-24T17:29:04.013+0000] {processor.py:186} INFO - Started process (PID=10174) to work on /home/airflow/.local/lib/python3.12/site-packages/airflow/example_dags/example_bash_decorator.py
[2025-03-24T17:29:04.019+0000] {processor.py:914} INFO - Processing file /home/airflow/.local/lib/python3.12/site-packages/airflow/example_dags/example_bash_decorator.py for tasks to queue
[2025-03-24T17:29:04.024+0000] {logging_mixin.py:190} INFO - [2025-03-24T17:29:04.023+0000] {dagbag.py:588} INFO - Filling up the DagBag from /home/airflow/.local/lib/python3.12/site-packages/airflow/example_dags/example_bash_decorator.py
[2025-03-24T17:29:04.059+0000] {processor.py:925} INFO - DAG(s) 'example_bash_decorator' retrieved from /home/airflow/.local/lib/python3.12/site-packages/airflow/example_dags/example_bash_decorator.py
[2025-03-24T17:29:04.168+0000] {logging_mixin.py:190} INFO - [2025-03-24T17:29:04.168+0000] {dag.py:3239} INFO - Sync 1 DAGs
[2025-03-24T17:29:04.221+0000] {logging_mixin.py:190} INFO - [2025-03-24T17:29:04.220+0000] {dag.py:4180} INFO - Setting next_dagrun for example_bash_decorator to None, run_after=None
[2025-03-24T17:29:04.289+0000] {processor.py:208} INFO - Processing /home/airflow/.local/lib/python3.12/site-packages/airflow/example_dags/example_bash_decorator.py took 0.291 seconds
[2025-03-24T17:29:34.667+0000] {processor.py:186} INFO - Started process (PID=10465) to work on /home/airflow/.local/lib/python3.12/site-packages/airflow/example_dags/example_bash_decorator.py
[2025-03-24T17:29:34.671+0000] {processor.py:914} INFO - Processing file /home/airflow/.local/lib/python3.12/site-packages/airflow/example_dags/example_bash_decorator.py for tasks to queue
[2025-03-24T17:29:34.674+0000] {logging_mixin.py:190} INFO - [2025-03-24T17:29:34.674+0000] {dagbag.py:588} INFO - Filling up the DagBag from /home/airflow/.local/lib/python3.12/site-packages/airflow/example_dags/example_bash_decorator.py
[2025-03-24T17:29:34.697+0000] {processor.py:925} INFO - DAG(s) 'example_bash_decorator' retrieved from /home/airflow/.local/lib/python3.12/site-packages/airflow/example_dags/example_bash_decorator.py
[2025-03-24T17:29:34.731+0000] {logging_mixin.py:190} INFO - [2025-03-24T17:29:34.731+0000] {dag.py:3239} INFO - Sync 1 DAGs
[2025-03-24T17:29:34.751+0000] {logging_mixin.py:190} INFO - [2025-03-24T17:29:34.751+0000] {dag.py:4180} INFO - Setting next_dagrun for example_bash_decorator to None, run_after=None
[2025-03-24T17:29:34.782+0000] {processor.py:208} INFO - Processing /home/airflow/.local/lib/python3.12/site-packages/airflow/example_dags/example_bash_decorator.py took 0.124 seconds
[2025-03-24T17:30:04.871+0000] {processor.py:186} INFO - Started process (PID=10757) to work on /home/airflow/.local/lib/python3.12/site-packages/airflow/example_dags/example_bash_decorator.py
[2025-03-24T17:30:04.875+0000] {processor.py:914} INFO - Processing file /home/airflow/.local/lib/python3.12/site-packages/airflow/example_dags/example_bash_decorator.py for tasks to queue
[2025-03-24T17:30:04.877+0000] {logging_mixin.py:190} INFO - [2025-03-24T17:30:04.877+0000] {dagbag.py:588} INFO - Filling up the DagBag from /home/airflow/.local/lib/python3.12/site-packages/airflow/example_dags/example_bash_decorator.py
[2025-03-24T17:30:04.895+0000] {processor.py:925} INFO - DAG(s) 'example_bash_decorator' retrieved from /home/airflow/.local/lib/python3.12/site-packages/airflow/example_dags/example_bash_decorator.py
[2025-03-24T17:30:04.931+0000] {logging_mixin.py:190} INFO - [2025-03-24T17:30:04.931+0000] {dag.py:3239} INFO - Sync 1 DAGs
[2025-03-24T17:30:04.955+0000] {logging_mixin.py:190} INFO - [2025-03-24T17:30:04.955+0000] {dag.py:4180} INFO - Setting next_dagrun for example_bash_decorator to None, run_after=None
[2025-03-24T17:30:04.987+0000] {processor.py:208} INFO - Processing /home/airflow/.local/lib/python3.12/site-packages/airflow/example_dags/example_bash_decorator.py took 0.125 seconds
[2025-03-24T17:30:35.541+0000] {processor.py:186} INFO - Started process (PID=11048) to work on /home/airflow/.local/lib/python3.12/site-packages/airflow/example_dags/example_bash_decorator.py
[2025-03-24T17:30:35.542+0000] {processor.py:914} INFO - Processing file /home/airflow/.local/lib/python3.12/site-packages/airflow/example_dags/example_bash_decorator.py for tasks to queue
[2025-03-24T17:30:35.545+0000] {logging_mixin.py:190} INFO - [2025-03-24T17:30:35.544+0000] {dagbag.py:588} INFO - Filling up the DagBag from /home/airflow/.local/lib/python3.12/site-packages/airflow/example_dags/example_bash_decorator.py
[2025-03-24T17:30:35.569+0000] {processor.py:925} INFO - DAG(s) 'example_bash_decorator' retrieved from /home/airflow/.local/lib/python3.12/site-packages/airflow/example_dags/example_bash_decorator.py
[2025-03-24T17:30:35.601+0000] {logging_mixin.py:190} INFO - [2025-03-24T17:30:35.600+0000] {dag.py:3239} INFO - Sync 1 DAGs
[2025-03-24T17:30:35.621+0000] {logging_mixin.py:190} INFO - [2025-03-24T17:30:35.621+0000] {dag.py:4180} INFO - Setting next_dagrun for example_bash_decorator to None, run_after=None
[2025-03-24T17:30:35.651+0000] {processor.py:208} INFO - Processing /home/airflow/.local/lib/python3.12/site-packages/airflow/example_dags/example_bash_decorator.py took 0.121 seconds
[2025-03-24T17:31:05.772+0000] {processor.py:186} INFO - Started process (PID=11339) to work on /home/airflow/.local/lib/python3.12/site-packages/airflow/example_dags/example_bash_decorator.py
[2025-03-24T17:31:05.776+0000] {processor.py:914} INFO - Processing file /home/airflow/.local/lib/python3.12/site-packages/airflow/example_dags/example_bash_decorator.py for tasks to queue
[2025-03-24T17:31:05.778+0000] {logging_mixin.py:190} INFO - [2025-03-24T17:31:05.777+0000] {dagbag.py:588} INFO - Filling up the DagBag from /home/airflow/.local/lib/python3.12/site-packages/airflow/example_dags/example_bash_decorator.py
[2025-03-24T17:31:05.795+0000] {processor.py:925} INFO - DAG(s) 'example_bash_decorator' retrieved from /home/airflow/.local/lib/python3.12/site-packages/airflow/example_dags/example_bash_decorator.py
[2025-03-24T17:31:05.829+0000] {logging_mixin.py:190} INFO - [2025-03-24T17:31:05.829+0000] {dag.py:3239} INFO - Sync 1 DAGs
[2025-03-24T17:31:05.849+0000] {logging_mixin.py:190} INFO - [2025-03-24T17:31:05.849+0000] {dag.py:4180} INFO - Setting next_dagrun for example_bash_decorator to None, run_after=None
[2025-03-24T17:31:05.881+0000] {processor.py:208} INFO - Processing /home/airflow/.local/lib/python3.12/site-packages/airflow/example_dags/example_bash_decorator.py took 0.121 seconds
[2025-03-24T17:31:36.584+0000] {processor.py:186} INFO - Started process (PID=11630) to work on /home/airflow/.local/lib/python3.12/site-packages/airflow/example_dags/example_bash_decorator.py
[2025-03-24T17:31:36.585+0000] {processor.py:914} INFO - Processing file /home/airflow/.local/lib/python3.12/site-packages/airflow/example_dags/example_bash_decorator.py for tasks to queue
[2025-03-24T17:31:36.589+0000] {logging_mixin.py:190} INFO - [2025-03-24T17:31:36.588+0000] {dagbag.py:588} INFO - Filling up the DagBag from /home/airflow/.local/lib/python3.12/site-packages/airflow/example_dags/example_bash_decorator.py
[2025-03-24T17:31:36.616+0000] {processor.py:925} INFO - DAG(s) 'example_bash_decorator' retrieved from /home/airflow/.local/lib/python3.12/site-packages/airflow/example_dags/example_bash_decorator.py
[2025-03-24T17:31:36.644+0000] {logging_mixin.py:190} INFO - [2025-03-24T17:31:36.643+0000] {dag.py:3239} INFO - Sync 1 DAGs
[2025-03-24T17:31:36.662+0000] {logging_mixin.py:190} INFO - [2025-03-24T17:31:36.662+0000] {dag.py:4180} INFO - Setting next_dagrun for example_bash_decorator to None, run_after=None
[2025-03-24T17:31:36.692+0000] {processor.py:208} INFO - Processing /home/airflow/.local/lib/python3.12/site-packages/airflow/example_dags/example_bash_decorator.py took 0.117 seconds
[2025-03-24T17:32:07.126+0000] {processor.py:186} INFO - Started process (PID=11921) to work on /home/airflow/.local/lib/python3.12/site-packages/airflow/example_dags/example_bash_decorator.py
[2025-03-24T17:32:07.130+0000] {processor.py:914} INFO - Processing file /home/airflow/.local/lib/python3.12/site-packages/airflow/example_dags/example_bash_decorator.py for tasks to queue
[2025-03-24T17:32:07.134+0000] {logging_mixin.py:190} INFO - [2025-03-24T17:32:07.134+0000] {dagbag.py:588} INFO - Filling up the DagBag from /home/airflow/.local/lib/python3.12/site-packages/airflow/example_dags/example_bash_decorator.py
[2025-03-24T17:32:07.163+0000] {processor.py:925} INFO - DAG(s) 'example_bash_decorator' retrieved from /home/airflow/.local/lib/python3.12/site-packages/airflow/example_dags/example_bash_decorator.py
[2025-03-24T17:32:07.213+0000] {logging_mixin.py:190} INFO - [2025-03-24T17:32:07.212+0000] {dag.py:3239} INFO - Sync 1 DAGs
[2025-03-24T17:32:07.245+0000] {logging_mixin.py:190} INFO - [2025-03-24T17:32:07.245+0000] {dag.py:4180} INFO - Setting next_dagrun for example_bash_decorator to None, run_after=None
[2025-03-24T17:32:07.288+0000] {processor.py:208} INFO - Processing /home/airflow/.local/lib/python3.12/site-packages/airflow/example_dags/example_bash_decorator.py took 0.171 seconds
[2025-03-24T17:32:37.665+0000] {processor.py:186} INFO - Started process (PID=12211) to work on /home/airflow/.local/lib/python3.12/site-packages/airflow/example_dags/example_bash_decorator.py
[2025-03-24T17:32:37.669+0000] {processor.py:914} INFO - Processing file /home/airflow/.local/lib/python3.12/site-packages/airflow/example_dags/example_bash_decorator.py for tasks to queue
[2025-03-24T17:32:37.677+0000] {logging_mixin.py:190} INFO - [2025-03-24T17:32:37.676+0000] {dagbag.py:588} INFO - Filling up the DagBag from /home/airflow/.local/lib/python3.12/site-packages/airflow/example_dags/example_bash_decorator.py
[2025-03-24T17:32:37.713+0000] {processor.py:925} INFO - DAG(s) 'example_bash_decorator' retrieved from /home/airflow/.local/lib/python3.12/site-packages/airflow/example_dags/example_bash_decorator.py
[2025-03-24T17:32:37.767+0000] {logging_mixin.py:190} INFO - [2025-03-24T17:32:37.767+0000] {dag.py:3239} INFO - Sync 1 DAGs
[2025-03-24T17:32:37.804+0000] {logging_mixin.py:190} INFO - [2025-03-24T17:32:37.804+0000] {dag.py:4180} INFO - Setting next_dagrun for example_bash_decorator to None, run_after=None
[2025-03-24T17:32:37.853+0000] {processor.py:208} INFO - Processing /home/airflow/.local/lib/python3.12/site-packages/airflow/example_dags/example_bash_decorator.py took 0.202 seconds
[2025-03-24T17:33:08.294+0000] {processor.py:186} INFO - Started process (PID=12502) to work on /home/airflow/.local/lib/python3.12/site-packages/airflow/example_dags/example_bash_decorator.py
[2025-03-24T17:33:08.298+0000] {processor.py:914} INFO - Processing file /home/airflow/.local/lib/python3.12/site-packages/airflow/example_dags/example_bash_decorator.py for tasks to queue
[2025-03-24T17:33:08.302+0000] {logging_mixin.py:190} INFO - [2025-03-24T17:33:08.301+0000] {dagbag.py:588} INFO - Filling up the DagBag from /home/airflow/.local/lib/python3.12/site-packages/airflow/example_dags/example_bash_decorator.py
[2025-03-24T17:33:08.334+0000] {processor.py:925} INFO - DAG(s) 'example_bash_decorator' retrieved from /home/airflow/.local/lib/python3.12/site-packages/airflow/example_dags/example_bash_decorator.py
[2025-03-24T17:33:08.394+0000] {logging_mixin.py:190} INFO - [2025-03-24T17:33:08.394+0000] {dag.py:3239} INFO - Sync 1 DAGs
[2025-03-24T17:33:08.429+0000] {logging_mixin.py:190} INFO - [2025-03-24T17:33:08.429+0000] {dag.py:4180} INFO - Setting next_dagrun for example_bash_decorator to None, run_after=None
[2025-03-24T17:33:08.472+0000] {processor.py:208} INFO - Processing /home/airflow/.local/lib/python3.12/site-packages/airflow/example_dags/example_bash_decorator.py took 0.191 seconds
[2025-03-24T17:33:39.069+0000] {processor.py:186} INFO - Started process (PID=12793) to work on /home/airflow/.local/lib/python3.12/site-packages/airflow/example_dags/example_bash_decorator.py
[2025-03-24T17:33:39.070+0000] {processor.py:914} INFO - Processing file /home/airflow/.local/lib/python3.12/site-packages/airflow/example_dags/example_bash_decorator.py for tasks to queue
[2025-03-24T17:33:39.075+0000] {logging_mixin.py:190} INFO - [2025-03-24T17:33:39.074+0000] {dagbag.py:588} INFO - Filling up the DagBag from /home/airflow/.local/lib/python3.12/site-packages/airflow/example_dags/example_bash_decorator.py
[2025-03-24T17:33:39.108+0000] {processor.py:925} INFO - DAG(s) 'example_bash_decorator' retrieved from /home/airflow/.local/lib/python3.12/site-packages/airflow/example_dags/example_bash_decorator.py
[2025-03-24T17:33:39.149+0000] {logging_mixin.py:190} INFO - [2025-03-24T17:33:39.149+0000] {dag.py:3239} INFO - Sync 1 DAGs
[2025-03-24T17:33:39.173+0000] {logging_mixin.py:190} INFO - [2025-03-24T17:33:39.173+0000] {dag.py:4180} INFO - Setting next_dagrun for example_bash_decorator to None, run_after=None
[2025-03-24T17:33:39.210+0000] {processor.py:208} INFO - Processing /home/airflow/.local/lib/python3.12/site-packages/airflow/example_dags/example_bash_decorator.py took 0.155 seconds
[2025-03-24T17:34:09.415+0000] {processor.py:186} INFO - Started process (PID=13084) to work on /home/airflow/.local/lib/python3.12/site-packages/airflow/example_dags/example_bash_decorator.py
[2025-03-24T17:34:09.417+0000] {processor.py:914} INFO - Processing file /home/airflow/.local/lib/python3.12/site-packages/airflow/example_dags/example_bash_decorator.py for tasks to queue
[2025-03-24T17:34:09.420+0000] {logging_mixin.py:190} INFO - [2025-03-24T17:34:09.419+0000] {dagbag.py:588} INFO - Filling up the DagBag from /home/airflow/.local/lib/python3.12/site-packages/airflow/example_dags/example_bash_decorator.py
[2025-03-24T17:34:09.446+0000] {processor.py:925} INFO - DAG(s) 'example_bash_decorator' retrieved from /home/airflow/.local/lib/python3.12/site-packages/airflow/example_dags/example_bash_decorator.py
[2025-03-24T17:34:09.484+0000] {logging_mixin.py:190} INFO - [2025-03-24T17:34:09.483+0000] {dag.py:3239} INFO - Sync 1 DAGs
[2025-03-24T17:34:09.517+0000] {logging_mixin.py:190} INFO - [2025-03-24T17:34:09.516+0000] {dag.py:4180} INFO - Setting next_dagrun for example_bash_decorator to None, run_after=None
[2025-03-24T17:34:09.553+0000] {processor.py:208} INFO - Processing /home/airflow/.local/lib/python3.12/site-packages/airflow/example_dags/example_bash_decorator.py took 0.154 seconds
[2025-03-24T17:34:39.962+0000] {processor.py:186} INFO - Started process (PID=13375) to work on /home/airflow/.local/lib/python3.12/site-packages/airflow/example_dags/example_bash_decorator.py
[2025-03-24T17:34:39.965+0000] {processor.py:914} INFO - Processing file /home/airflow/.local/lib/python3.12/site-packages/airflow/example_dags/example_bash_decorator.py for tasks to queue
[2025-03-24T17:34:39.968+0000] {logging_mixin.py:190} INFO - [2025-03-24T17:34:39.967+0000] {dagbag.py:588} INFO - Filling up the DagBag from /home/airflow/.local/lib/python3.12/site-packages/airflow/example_dags/example_bash_decorator.py
[2025-03-24T17:34:39.990+0000] {processor.py:925} INFO - DAG(s) 'example_bash_decorator' retrieved from /home/airflow/.local/lib/python3.12/site-packages/airflow/example_dags/example_bash_decorator.py
[2025-03-24T17:34:40.037+0000] {logging_mixin.py:190} INFO - [2025-03-24T17:34:40.036+0000] {dag.py:3239} INFO - Sync 1 DAGs
[2025-03-24T17:34:40.064+0000] {logging_mixin.py:190} INFO - [2025-03-24T17:34:40.064+0000] {dag.py:4180} INFO - Setting next_dagrun for example_bash_decorator to None, run_after=None
[2025-03-24T17:34:40.105+0000] {processor.py:208} INFO - Processing /home/airflow/.local/lib/python3.12/site-packages/airflow/example_dags/example_bash_decorator.py took 0.154 seconds
[2025-03-24T17:35:10.534+0000] {processor.py:186} INFO - Started process (PID=13664) to work on /home/airflow/.local/lib/python3.12/site-packages/airflow/example_dags/example_bash_decorator.py
[2025-03-24T17:35:10.539+0000] {processor.py:914} INFO - Processing file /home/airflow/.local/lib/python3.12/site-packages/airflow/example_dags/example_bash_decorator.py for tasks to queue
[2025-03-24T17:35:10.543+0000] {logging_mixin.py:190} INFO - [2025-03-24T17:35:10.543+0000] {dagbag.py:588} INFO - Filling up the DagBag from /home/airflow/.local/lib/python3.12/site-packages/airflow/example_dags/example_bash_decorator.py
[2025-03-24T17:35:10.581+0000] {processor.py:925} INFO - DAG(s) 'example_bash_decorator' retrieved from /home/airflow/.local/lib/python3.12/site-packages/airflow/example_dags/example_bash_decorator.py
[2025-03-24T17:35:10.634+0000] {logging_mixin.py:190} INFO - [2025-03-24T17:35:10.633+0000] {dag.py:3239} INFO - Sync 1 DAGs
[2025-03-24T17:35:10.668+0000] {logging_mixin.py:190} INFO - [2025-03-24T17:35:10.668+0000] {dag.py:4180} INFO - Setting next_dagrun for example_bash_decorator to None, run_after=None
[2025-03-24T17:35:10.714+0000] {processor.py:208} INFO - Processing /home/airflow/.local/lib/python3.12/site-packages/airflow/example_dags/example_bash_decorator.py took 0.192 seconds
[2025-03-24T17:35:41.268+0000] {processor.py:186} INFO - Started process (PID=13951) to work on /home/airflow/.local/lib/python3.12/site-packages/airflow/example_dags/example_bash_decorator.py
[2025-03-24T17:35:41.269+0000] {processor.py:914} INFO - Processing file /home/airflow/.local/lib/python3.12/site-packages/airflow/example_dags/example_bash_decorator.py for tasks to queue
[2025-03-24T17:35:41.272+0000] {logging_mixin.py:190} INFO - [2025-03-24T17:35:41.272+0000] {dagbag.py:588} INFO - Filling up the DagBag from /home/airflow/.local/lib/python3.12/site-packages/airflow/example_dags/example_bash_decorator.py
[2025-03-24T17:35:41.294+0000] {processor.py:925} INFO - DAG(s) 'example_bash_decorator' retrieved from /home/airflow/.local/lib/python3.12/site-packages/airflow/example_dags/example_bash_decorator.py
[2025-03-24T17:35:41.332+0000] {logging_mixin.py:190} INFO - [2025-03-24T17:35:41.332+0000] {dag.py:3239} INFO - Sync 1 DAGs
[2025-03-24T17:35:41.358+0000] {logging_mixin.py:190} INFO - [2025-03-24T17:35:41.357+0000] {dag.py:4180} INFO - Setting next_dagrun for example_bash_decorator to None, run_after=None
[2025-03-24T17:35:41.386+0000] {processor.py:208} INFO - Processing /home/airflow/.local/lib/python3.12/site-packages/airflow/example_dags/example_bash_decorator.py took 0.127 seconds
[2025-03-24T17:36:11.865+0000] {processor.py:186} INFO - Started process (PID=14240) to work on /home/airflow/.local/lib/python3.12/site-packages/airflow/example_dags/example_bash_decorator.py
[2025-03-24T17:36:11.869+0000] {processor.py:914} INFO - Processing file /home/airflow/.local/lib/python3.12/site-packages/airflow/example_dags/example_bash_decorator.py for tasks to queue
[2025-03-24T17:36:11.873+0000] {logging_mixin.py:190} INFO - [2025-03-24T17:36:11.872+0000] {dagbag.py:588} INFO - Filling up the DagBag from /home/airflow/.local/lib/python3.12/site-packages/airflow/example_dags/example_bash_decorator.py
[2025-03-24T17:36:11.909+0000] {processor.py:925} INFO - DAG(s) 'example_bash_decorator' retrieved from /home/airflow/.local/lib/python3.12/site-packages/airflow/example_dags/example_bash_decorator.py
[2025-03-24T17:36:11.969+0000] {logging_mixin.py:190} INFO - [2025-03-24T17:36:11.969+0000] {dag.py:3239} INFO - Sync 1 DAGs
[2025-03-24T17:36:12.009+0000] {logging_mixin.py:190} INFO - [2025-03-24T17:36:12.008+0000] {dag.py:4180} INFO - Setting next_dagrun for example_bash_decorator to None, run_after=None
[2025-03-24T17:36:12.051+0000] {processor.py:208} INFO - Processing /home/airflow/.local/lib/python3.12/site-packages/airflow/example_dags/example_bash_decorator.py took 0.198 seconds
[2025-03-24T17:36:42.477+0000] {processor.py:186} INFO - Started process (PID=14528) to work on /home/airflow/.local/lib/python3.12/site-packages/airflow/example_dags/example_bash_decorator.py
[2025-03-24T17:36:42.478+0000] {processor.py:914} INFO - Processing file /home/airflow/.local/lib/python3.12/site-packages/airflow/example_dags/example_bash_decorator.py for tasks to queue
[2025-03-24T17:36:42.481+0000] {logging_mixin.py:190} INFO - [2025-03-24T17:36:42.481+0000] {dagbag.py:588} INFO - Filling up the DagBag from /home/airflow/.local/lib/python3.12/site-packages/airflow/example_dags/example_bash_decorator.py
[2025-03-24T17:36:42.513+0000] {processor.py:925} INFO - DAG(s) 'example_bash_decorator' retrieved from /home/airflow/.local/lib/python3.12/site-packages/airflow/example_dags/example_bash_decorator.py
[2025-03-24T17:36:42.552+0000] {logging_mixin.py:190} INFO - [2025-03-24T17:36:42.552+0000] {dag.py:3239} INFO - Sync 1 DAGs
[2025-03-24T17:36:42.582+0000] {logging_mixin.py:190} INFO - [2025-03-24T17:36:42.582+0000] {dag.py:4180} INFO - Setting next_dagrun for example_bash_decorator to None, run_after=None
[2025-03-24T17:36:42.622+0000] {processor.py:208} INFO - Processing /home/airflow/.local/lib/python3.12/site-packages/airflow/example_dags/example_bash_decorator.py took 0.156 seconds
[2025-03-24T17:37:13.270+0000] {processor.py:186} INFO - Started process (PID=14813) to work on /home/airflow/.local/lib/python3.12/site-packages/airflow/example_dags/example_bash_decorator.py
[2025-03-24T17:37:13.274+0000] {processor.py:914} INFO - Processing file /home/airflow/.local/lib/python3.12/site-packages/airflow/example_dags/example_bash_decorator.py for tasks to queue
[2025-03-24T17:37:13.278+0000] {logging_mixin.py:190} INFO - [2025-03-24T17:37:13.278+0000] {dagbag.py:588} INFO - Filling up the DagBag from /home/airflow/.local/lib/python3.12/site-packages/airflow/example_dags/example_bash_decorator.py
[2025-03-24T17:37:13.303+0000] {processor.py:925} INFO - DAG(s) 'example_bash_decorator' retrieved from /home/airflow/.local/lib/python3.12/site-packages/airflow/example_dags/example_bash_decorator.py
[2025-03-24T17:37:13.340+0000] {logging_mixin.py:190} INFO - [2025-03-24T17:37:13.339+0000] {dag.py:3239} INFO - Sync 1 DAGs
[2025-03-24T17:37:13.364+0000] {logging_mixin.py:190} INFO - [2025-03-24T17:37:13.363+0000] {dag.py:4180} INFO - Setting next_dagrun for example_bash_decorator to None, run_after=None
[2025-03-24T17:37:13.399+0000] {processor.py:208} INFO - Processing /home/airflow/.local/lib/python3.12/site-packages/airflow/example_dags/example_bash_decorator.py took 0.138 seconds
[2025-03-24T17:37:43.571+0000] {processor.py:186} INFO - Started process (PID=15104) to work on /home/airflow/.local/lib/python3.12/site-packages/airflow/example_dags/example_bash_decorator.py
[2025-03-24T17:37:43.572+0000] {processor.py:914} INFO - Processing file /home/airflow/.local/lib/python3.12/site-packages/airflow/example_dags/example_bash_decorator.py for tasks to queue
[2025-03-24T17:37:43.577+0000] {logging_mixin.py:190} INFO - [2025-03-24T17:37:43.576+0000] {dagbag.py:588} INFO - Filling up the DagBag from /home/airflow/.local/lib/python3.12/site-packages/airflow/example_dags/example_bash_decorator.py
[2025-03-24T17:37:43.608+0000] {processor.py:925} INFO - DAG(s) 'example_bash_decorator' retrieved from /home/airflow/.local/lib/python3.12/site-packages/airflow/example_dags/example_bash_decorator.py
[2025-03-24T17:37:43.651+0000] {logging_mixin.py:190} INFO - [2025-03-24T17:37:43.651+0000] {dag.py:3239} INFO - Sync 1 DAGs
[2025-03-24T17:37:43.674+0000] {logging_mixin.py:190} INFO - [2025-03-24T17:37:43.673+0000] {dag.py:4180} INFO - Setting next_dagrun for example_bash_decorator to None, run_after=None
[2025-03-24T17:37:43.715+0000] {processor.py:208} INFO - Processing /home/airflow/.local/lib/python3.12/site-packages/airflow/example_dags/example_bash_decorator.py took 0.155 seconds
[2025-03-24T17:38:14.207+0000] {processor.py:186} INFO - Started process (PID=15393) to work on /home/airflow/.local/lib/python3.12/site-packages/airflow/example_dags/example_bash_decorator.py
[2025-03-24T17:38:14.209+0000] {processor.py:914} INFO - Processing file /home/airflow/.local/lib/python3.12/site-packages/airflow/example_dags/example_bash_decorator.py for tasks to queue
[2025-03-24T17:38:14.213+0000] {logging_mixin.py:190} INFO - [2025-03-24T17:38:14.212+0000] {dagbag.py:588} INFO - Filling up the DagBag from /home/airflow/.local/lib/python3.12/site-packages/airflow/example_dags/example_bash_decorator.py
[2025-03-24T17:38:14.237+0000] {processor.py:925} INFO - DAG(s) 'example_bash_decorator' retrieved from /home/airflow/.local/lib/python3.12/site-packages/airflow/example_dags/example_bash_decorator.py
[2025-03-24T17:38:14.269+0000] {logging_mixin.py:190} INFO - [2025-03-24T17:38:14.269+0000] {dag.py:3239} INFO - Sync 1 DAGs
[2025-03-24T17:38:14.291+0000] {logging_mixin.py:190} INFO - [2025-03-24T17:38:14.291+0000] {dag.py:4180} INFO - Setting next_dagrun for example_bash_decorator to None, run_after=None
[2025-03-24T17:38:14.322+0000] {processor.py:208} INFO - Processing /home/airflow/.local/lib/python3.12/site-packages/airflow/example_dags/example_bash_decorator.py took 0.124 seconds
[2025-03-24T17:38:44.833+0000] {processor.py:186} INFO - Started process (PID=15644) to work on /home/airflow/.local/lib/python3.12/site-packages/airflow/example_dags/example_bash_decorator.py
[2025-03-24T17:38:44.834+0000] {processor.py:914} INFO - Processing file /home/airflow/.local/lib/python3.12/site-packages/airflow/example_dags/example_bash_decorator.py for tasks to queue
[2025-03-24T17:38:44.837+0000] {logging_mixin.py:190} INFO - [2025-03-24T17:38:44.836+0000] {dagbag.py:588} INFO - Filling up the DagBag from /home/airflow/.local/lib/python3.12/site-packages/airflow/example_dags/example_bash_decorator.py
[2025-03-24T17:38:44.859+0000] {processor.py:925} INFO - DAG(s) 'example_bash_decorator' retrieved from /home/airflow/.local/lib/python3.12/site-packages/airflow/example_dags/example_bash_decorator.py
[2025-03-24T17:38:44.888+0000] {logging_mixin.py:190} INFO - [2025-03-24T17:38:44.888+0000] {dag.py:3239} INFO - Sync 1 DAGs
[2025-03-24T17:38:44.905+0000] {logging_mixin.py:190} INFO - [2025-03-24T17:38:44.905+0000] {dag.py:4180} INFO - Setting next_dagrun for example_bash_decorator to None, run_after=None
[2025-03-24T17:38:44.932+0000] {processor.py:208} INFO - Processing /home/airflow/.local/lib/python3.12/site-packages/airflow/example_dags/example_bash_decorator.py took 0.108 seconds
[2025-03-24T17:39:16.253+0000] {processor.py:186} INFO - Started process (PID=15910) to work on /home/airflow/.local/lib/python3.12/site-packages/airflow/example_dags/example_bash_decorator.py
[2025-03-24T17:39:16.255+0000] {processor.py:914} INFO - Processing file /home/airflow/.local/lib/python3.12/site-packages/airflow/example_dags/example_bash_decorator.py for tasks to queue
[2025-03-24T17:39:16.259+0000] {logging_mixin.py:190} INFO - [2025-03-24T17:39:16.258+0000] {dagbag.py:588} INFO - Filling up the DagBag from /home/airflow/.local/lib/python3.12/site-packages/airflow/example_dags/example_bash_decorator.py
[2025-03-24T17:39:16.286+0000] {processor.py:925} INFO - DAG(s) 'example_bash_decorator' retrieved from /home/airflow/.local/lib/python3.12/site-packages/airflow/example_dags/example_bash_decorator.py
[2025-03-24T17:39:16.336+0000] {logging_mixin.py:190} INFO - [2025-03-24T17:39:16.335+0000] {dag.py:3239} INFO - Sync 1 DAGs
[2025-03-24T17:39:16.378+0000] {logging_mixin.py:190} INFO - [2025-03-24T17:39:16.378+0000] {dag.py:4180} INFO - Setting next_dagrun for example_bash_decorator to None, run_after=None
[2025-03-24T17:39:16.426+0000] {processor.py:208} INFO - Processing /home/airflow/.local/lib/python3.12/site-packages/airflow/example_dags/example_bash_decorator.py took 0.181 seconds
[2025-03-24T17:39:46.521+0000] {processor.py:186} INFO - Started process (PID=16176) to work on /home/airflow/.local/lib/python3.12/site-packages/airflow/example_dags/example_bash_decorator.py
[2025-03-24T17:39:46.527+0000] {processor.py:914} INFO - Processing file /home/airflow/.local/lib/python3.12/site-packages/airflow/example_dags/example_bash_decorator.py for tasks to queue
[2025-03-24T17:39:46.530+0000] {logging_mixin.py:190} INFO - [2025-03-24T17:39:46.530+0000] {dagbag.py:588} INFO - Filling up the DagBag from /home/airflow/.local/lib/python3.12/site-packages/airflow/example_dags/example_bash_decorator.py
[2025-03-24T17:39:46.582+0000] {processor.py:925} INFO - DAG(s) 'example_bash_decorator' retrieved from /home/airflow/.local/lib/python3.12/site-packages/airflow/example_dags/example_bash_decorator.py
[2025-03-24T17:39:46.648+0000] {logging_mixin.py:190} INFO - [2025-03-24T17:39:46.647+0000] {dag.py:3239} INFO - Sync 1 DAGs
[2025-03-24T17:39:46.680+0000] {logging_mixin.py:190} INFO - [2025-03-24T17:39:46.680+0000] {dag.py:4180} INFO - Setting next_dagrun for example_bash_decorator to None, run_after=None
[2025-03-24T17:39:46.730+0000] {processor.py:208} INFO - Processing /home/airflow/.local/lib/python3.12/site-packages/airflow/example_dags/example_bash_decorator.py took 0.229 seconds
[2025-03-24T17:40:16.987+0000] {processor.py:186} INFO - Started process (PID=16462) to work on /home/airflow/.local/lib/python3.12/site-packages/airflow/example_dags/example_bash_decorator.py
[2025-03-24T17:40:16.988+0000] {processor.py:914} INFO - Processing file /home/airflow/.local/lib/python3.12/site-packages/airflow/example_dags/example_bash_decorator.py for tasks to queue
[2025-03-24T17:40:16.990+0000] {logging_mixin.py:190} INFO - [2025-03-24T17:40:16.990+0000] {dagbag.py:588} INFO - Filling up the DagBag from /home/airflow/.local/lib/python3.12/site-packages/airflow/example_dags/example_bash_decorator.py
[2025-03-24T17:40:17.017+0000] {processor.py:925} INFO - DAG(s) 'example_bash_decorator' retrieved from /home/airflow/.local/lib/python3.12/site-packages/airflow/example_dags/example_bash_decorator.py
[2025-03-24T17:40:17.067+0000] {logging_mixin.py:190} INFO - [2025-03-24T17:40:17.066+0000] {dag.py:3239} INFO - Sync 1 DAGs
[2025-03-24T17:40:17.093+0000] {logging_mixin.py:190} INFO - [2025-03-24T17:40:17.093+0000] {dag.py:4180} INFO - Setting next_dagrun for example_bash_decorator to None, run_after=None
[2025-03-24T17:40:17.126+0000] {processor.py:208} INFO - Processing /home/airflow/.local/lib/python3.12/site-packages/airflow/example_dags/example_bash_decorator.py took 0.147 seconds
[2025-03-24T17:40:47.288+0000] {processor.py:186} INFO - Started process (PID=16750) to work on /home/airflow/.local/lib/python3.12/site-packages/airflow/example_dags/example_bash_decorator.py
[2025-03-24T17:40:47.292+0000] {processor.py:914} INFO - Processing file /home/airflow/.local/lib/python3.12/site-packages/airflow/example_dags/example_bash_decorator.py for tasks to queue
[2025-03-24T17:40:47.296+0000] {logging_mixin.py:190} INFO - [2025-03-24T17:40:47.296+0000] {dagbag.py:588} INFO - Filling up the DagBag from /home/airflow/.local/lib/python3.12/site-packages/airflow/example_dags/example_bash_decorator.py
[2025-03-24T17:40:47.323+0000] {processor.py:925} INFO - DAG(s) 'example_bash_decorator' retrieved from /home/airflow/.local/lib/python3.12/site-packages/airflow/example_dags/example_bash_decorator.py
[2025-03-24T17:40:47.377+0000] {logging_mixin.py:190} INFO - [2025-03-24T17:40:47.377+0000] {dag.py:3239} INFO - Sync 1 DAGs
[2025-03-24T17:40:47.406+0000] {logging_mixin.py:190} INFO - [2025-03-24T17:40:47.406+0000] {dag.py:4180} INFO - Setting next_dagrun for example_bash_decorator to None, run_after=None
[2025-03-24T17:40:47.441+0000] {processor.py:208} INFO - Processing /home/airflow/.local/lib/python3.12/site-packages/airflow/example_dags/example_bash_decorator.py took 0.161 seconds
[2025-03-24T17:41:17.662+0000] {processor.py:186} INFO - Started process (PID=17039) to work on /home/airflow/.local/lib/python3.12/site-packages/airflow/example_dags/example_bash_decorator.py
[2025-03-24T17:41:17.663+0000] {processor.py:914} INFO - Processing file /home/airflow/.local/lib/python3.12/site-packages/airflow/example_dags/example_bash_decorator.py for tasks to queue
[2025-03-24T17:41:17.666+0000] {logging_mixin.py:190} INFO - [2025-03-24T17:41:17.665+0000] {dagbag.py:588} INFO - Filling up the DagBag from /home/airflow/.local/lib/python3.12/site-packages/airflow/example_dags/example_bash_decorator.py
[2025-03-24T17:41:17.694+0000] {processor.py:925} INFO - DAG(s) 'example_bash_decorator' retrieved from /home/airflow/.local/lib/python3.12/site-packages/airflow/example_dags/example_bash_decorator.py
[2025-03-24T17:41:17.741+0000] {logging_mixin.py:190} INFO - [2025-03-24T17:41:17.740+0000] {dag.py:3239} INFO - Sync 1 DAGs
[2025-03-24T17:41:17.771+0000] {logging_mixin.py:190} INFO - [2025-03-24T17:41:17.770+0000] {dag.py:4180} INFO - Setting next_dagrun for example_bash_decorator to None, run_after=None
[2025-03-24T17:41:17.812+0000] {processor.py:208} INFO - Processing /home/airflow/.local/lib/python3.12/site-packages/airflow/example_dags/example_bash_decorator.py took 0.161 seconds
[2025-03-24T17:41:48.594+0000] {processor.py:186} INFO - Started process (PID=17321) to work on /home/airflow/.local/lib/python3.12/site-packages/airflow/example_dags/example_bash_decorator.py
[2025-03-24T17:41:48.595+0000] {processor.py:914} INFO - Processing file /home/airflow/.local/lib/python3.12/site-packages/airflow/example_dags/example_bash_decorator.py for tasks to queue
[2025-03-24T17:41:48.599+0000] {logging_mixin.py:190} INFO - [2025-03-24T17:41:48.598+0000] {dagbag.py:588} INFO - Filling up the DagBag from /home/airflow/.local/lib/python3.12/site-packages/airflow/example_dags/example_bash_decorator.py
[2025-03-24T17:41:48.630+0000] {processor.py:925} INFO - DAG(s) 'example_bash_decorator' retrieved from /home/airflow/.local/lib/python3.12/site-packages/airflow/example_dags/example_bash_decorator.py
[2025-03-24T17:41:48.664+0000] {logging_mixin.py:190} INFO - [2025-03-24T17:41:48.664+0000] {dag.py:3239} INFO - Sync 1 DAGs
[2025-03-24T17:41:48.683+0000] {logging_mixin.py:190} INFO - [2025-03-24T17:41:48.683+0000] {dag.py:4180} INFO - Setting next_dagrun for example_bash_decorator to None, run_after=None
[2025-03-24T17:41:48.718+0000] {processor.py:208} INFO - Processing /home/airflow/.local/lib/python3.12/site-packages/airflow/example_dags/example_bash_decorator.py took 0.136 seconds
