[2025-03-24T17:11:29.989+0000] {processor.py:186} INFO - Started process (PID=345) to work on /home/airflow/.local/lib/python3.12/site-packages/airflow/example_dags/example_skip_dag.py
[2025-03-24T17:11:29.990+0000] {processor.py:914} INFO - Processing file /home/airflow/.local/lib/python3.12/site-packages/airflow/example_dags/example_skip_dag.py for tasks to queue
[2025-03-24T17:11:29.992+0000] {logging_mixin.py:190} INFO - [2025-03-24T17:11:29.991+0000] {dagbag.py:588} INFO - Filling up the DagBag from /home/airflow/.local/lib/python3.12/site-packages/airflow/example_dags/example_skip_dag.py
[2025-03-24T17:11:30.007+0000] {processor.py:925} INFO - DAG(s) 'example_skip_dag' retrieved from /home/airflow/.local/lib/python3.12/site-packages/airflow/example_dags/example_skip_dag.py
[2025-03-24T17:11:30.167+0000] {logging_mixin.py:190} INFO - [2025-03-24T17:11:30.166+0000] {override.py:1912} INFO - Created Permission View: can delete on DAG:example_skip_dag
[2025-03-24T17:11:30.185+0000] {logging_mixin.py:190} INFO - [2025-03-24T17:11:30.185+0000] {override.py:1912} INFO - Created Permission View: can edit on DAG:example_skip_dag
[2025-03-24T17:11:30.199+0000] {logging_mixin.py:190} INFO - [2025-03-24T17:11:30.199+0000] {override.py:1912} INFO - Created Permission View: can read on DAG:example_skip_dag
[2025-03-24T17:11:30.216+0000] {logging_mixin.py:190} INFO - [2025-03-24T17:11:30.216+0000] {override.py:1912} INFO - Created Permission View: menu access on DAG Run:example_skip_dag
[2025-03-24T17:11:30.229+0000] {logging_mixin.py:190} INFO - [2025-03-24T17:11:30.229+0000] {override.py:1912} INFO - Created Permission View: can delete on DAG Run:example_skip_dag
[2025-03-24T17:11:30.244+0000] {logging_mixin.py:190} INFO - [2025-03-24T17:11:30.244+0000] {override.py:1912} INFO - Created Permission View: can read on DAG Run:example_skip_dag
[2025-03-24T17:11:30.260+0000] {logging_mixin.py:190} INFO - [2025-03-24T17:11:30.260+0000] {override.py:1912} INFO - Created Permission View: can create on DAG Run:example_skip_dag
[2025-03-24T17:11:30.261+0000] {logging_mixin.py:190} INFO - [2025-03-24T17:11:30.261+0000] {dag.py:3239} INFO - Sync 1 DAGs
[2025-03-24T17:11:30.288+0000] {logging_mixin.py:190} INFO - [2025-03-24T17:11:30.288+0000] {dag.py:3262} INFO - Creating ORM DAG for example_skip_dag
[2025-03-24T17:11:30.305+0000] {logging_mixin.py:190} INFO - [2025-03-24T17:11:30.305+0000] {dag.py:4180} INFO - Setting next_dagrun for example_skip_dag to 2025-03-23 00:00:00+00:00, run_after=2025-03-24 00:00:00+00:00
[2025-03-24T17:11:30.335+0000] {processor.py:208} INFO - Processing /home/airflow/.local/lib/python3.12/site-packages/airflow/example_dags/example_skip_dag.py took 0.354 seconds
[2025-03-24T17:12:00.874+0000] {processor.py:186} INFO - Started process (PID=636) to work on /home/airflow/.local/lib/python3.12/site-packages/airflow/example_dags/example_skip_dag.py
[2025-03-24T17:12:00.875+0000] {processor.py:914} INFO - Processing file /home/airflow/.local/lib/python3.12/site-packages/airflow/example_dags/example_skip_dag.py for tasks to queue
[2025-03-24T17:12:00.880+0000] {logging_mixin.py:190} INFO - [2025-03-24T17:12:00.879+0000] {dagbag.py:588} INFO - Filling up the DagBag from /home/airflow/.local/lib/python3.12/site-packages/airflow/example_dags/example_skip_dag.py
[2025-03-24T17:12:00.895+0000] {processor.py:925} INFO - DAG(s) 'example_skip_dag' retrieved from /home/airflow/.local/lib/python3.12/site-packages/airflow/example_dags/example_skip_dag.py
[2025-03-24T17:12:00.926+0000] {logging_mixin.py:190} INFO - [2025-03-24T17:12:00.925+0000] {dag.py:3239} INFO - Sync 1 DAGs
[2025-03-24T17:12:00.956+0000] {logging_mixin.py:190} INFO - [2025-03-24T17:12:00.956+0000] {dag.py:4180} INFO - Setting next_dagrun for example_skip_dag to 2025-03-23 00:00:00+00:00, run_after=2025-03-24 00:00:00+00:00
[2025-03-24T17:12:00.987+0000] {processor.py:208} INFO - Processing /home/airflow/.local/lib/python3.12/site-packages/airflow/example_dags/example_skip_dag.py took 0.124 seconds
[2025-03-24T17:12:31.256+0000] {processor.py:186} INFO - Started process (PID=927) to work on /home/airflow/.local/lib/python3.12/site-packages/airflow/example_dags/example_skip_dag.py
[2025-03-24T17:12:31.258+0000] {processor.py:914} INFO - Processing file /home/airflow/.local/lib/python3.12/site-packages/airflow/example_dags/example_skip_dag.py for tasks to queue
[2025-03-24T17:12:31.261+0000] {logging_mixin.py:190} INFO - [2025-03-24T17:12:31.261+0000] {dagbag.py:588} INFO - Filling up the DagBag from /home/airflow/.local/lib/python3.12/site-packages/airflow/example_dags/example_skip_dag.py
[2025-03-24T17:12:31.274+0000] {processor.py:925} INFO - DAG(s) 'example_skip_dag' retrieved from /home/airflow/.local/lib/python3.12/site-packages/airflow/example_dags/example_skip_dag.py
[2025-03-24T17:12:31.329+0000] {logging_mixin.py:190} INFO - [2025-03-24T17:12:31.327+0000] {dag.py:3239} INFO - Sync 1 DAGs
[2025-03-24T17:12:31.386+0000] {logging_mixin.py:190} INFO - [2025-03-24T17:12:31.385+0000] {dag.py:4180} INFO - Setting next_dagrun for example_skip_dag to 2025-03-23 00:00:00+00:00, run_after=2025-03-24 00:00:00+00:00
[2025-03-24T17:12:31.426+0000] {processor.py:208} INFO - Processing /home/airflow/.local/lib/python3.12/site-packages/airflow/example_dags/example_skip_dag.py took 0.180 seconds
[2025-03-24T17:13:01.897+0000] {processor.py:186} INFO - Started process (PID=1218) to work on /home/airflow/.local/lib/python3.12/site-packages/airflow/example_dags/example_skip_dag.py
[2025-03-24T17:13:01.906+0000] {processor.py:914} INFO - Processing file /home/airflow/.local/lib/python3.12/site-packages/airflow/example_dags/example_skip_dag.py for tasks to queue
[2025-03-24T17:13:01.908+0000] {logging_mixin.py:190} INFO - [2025-03-24T17:13:01.908+0000] {dagbag.py:588} INFO - Filling up the DagBag from /home/airflow/.local/lib/python3.12/site-packages/airflow/example_dags/example_skip_dag.py
[2025-03-24T17:13:01.917+0000] {processor.py:925} INFO - DAG(s) 'example_skip_dag' retrieved from /home/airflow/.local/lib/python3.12/site-packages/airflow/example_dags/example_skip_dag.py
[2025-03-24T17:13:01.942+0000] {logging_mixin.py:190} INFO - [2025-03-24T17:13:01.942+0000] {dag.py:3239} INFO - Sync 1 DAGs
[2025-03-24T17:13:01.972+0000] {logging_mixin.py:190} INFO - [2025-03-24T17:13:01.972+0000] {dag.py:4180} INFO - Setting next_dagrun for example_skip_dag to 2025-03-23 00:00:00+00:00, run_after=2025-03-24 00:00:00+00:00
[2025-03-24T17:13:02.008+0000] {processor.py:208} INFO - Processing /home/airflow/.local/lib/python3.12/site-packages/airflow/example_dags/example_skip_dag.py took 0.120 seconds
[2025-03-24T17:13:34.303+0000] {processor.py:186} INFO - Started process (PID=1509) to work on /home/airflow/.local/lib/python3.12/site-packages/airflow/example_dags/example_skip_dag.py
[2025-03-24T17:13:34.305+0000] {processor.py:914} INFO - Processing file /home/airflow/.local/lib/python3.12/site-packages/airflow/example_dags/example_skip_dag.py for tasks to queue
[2025-03-24T17:13:34.316+0000] {logging_mixin.py:190} INFO - [2025-03-24T17:13:34.311+0000] {dagbag.py:588} INFO - Filling up the DagBag from /home/airflow/.local/lib/python3.12/site-packages/airflow/example_dags/example_skip_dag.py
[2025-03-24T17:13:34.352+0000] {processor.py:925} INFO - DAG(s) 'example_skip_dag' retrieved from /home/airflow/.local/lib/python3.12/site-packages/airflow/example_dags/example_skip_dag.py
[2025-03-24T17:13:34.474+0000] {logging_mixin.py:190} INFO - [2025-03-24T17:13:34.472+0000] {dag.py:3239} INFO - Sync 1 DAGs
[2025-03-24T17:13:34.569+0000] {logging_mixin.py:190} INFO - [2025-03-24T17:13:34.569+0000] {dag.py:4180} INFO - Setting next_dagrun for example_skip_dag to 2025-03-23 00:00:00+00:00, run_after=2025-03-24 00:00:00+00:00
[2025-03-24T17:13:34.808+0000] {processor.py:208} INFO - Processing /home/airflow/.local/lib/python3.12/site-packages/airflow/example_dags/example_skip_dag.py took 0.534 seconds
[2025-03-24T17:14:05.507+0000] {processor.py:186} INFO - Started process (PID=1800) to work on /home/airflow/.local/lib/python3.12/site-packages/airflow/example_dags/example_skip_dag.py
[2025-03-24T17:14:05.508+0000] {processor.py:914} INFO - Processing file /home/airflow/.local/lib/python3.12/site-packages/airflow/example_dags/example_skip_dag.py for tasks to queue
[2025-03-24T17:14:05.512+0000] {logging_mixin.py:190} INFO - [2025-03-24T17:14:05.511+0000] {dagbag.py:588} INFO - Filling up the DagBag from /home/airflow/.local/lib/python3.12/site-packages/airflow/example_dags/example_skip_dag.py
[2025-03-24T17:14:05.523+0000] {processor.py:925} INFO - DAG(s) 'example_skip_dag' retrieved from /home/airflow/.local/lib/python3.12/site-packages/airflow/example_dags/example_skip_dag.py
[2025-03-24T17:14:05.554+0000] {logging_mixin.py:190} INFO - [2025-03-24T17:14:05.554+0000] {dag.py:3239} INFO - Sync 1 DAGs
[2025-03-24T17:14:05.594+0000] {logging_mixin.py:190} INFO - [2025-03-24T17:14:05.594+0000] {dag.py:4180} INFO - Setting next_dagrun for example_skip_dag to 2025-03-23 00:00:00+00:00, run_after=2025-03-24 00:00:00+00:00
[2025-03-24T17:14:05.638+0000] {processor.py:208} INFO - Processing /home/airflow/.local/lib/python3.12/site-packages/airflow/example_dags/example_skip_dag.py took 0.141 seconds
[2025-03-24T17:14:36.070+0000] {processor.py:186} INFO - Started process (PID=2086) to work on /home/airflow/.local/lib/python3.12/site-packages/airflow/example_dags/example_skip_dag.py
[2025-03-24T17:14:36.074+0000] {processor.py:914} INFO - Processing file /home/airflow/.local/lib/python3.12/site-packages/airflow/example_dags/example_skip_dag.py for tasks to queue
[2025-03-24T17:14:36.076+0000] {logging_mixin.py:190} INFO - [2025-03-24T17:14:36.076+0000] {dagbag.py:588} INFO - Filling up the DagBag from /home/airflow/.local/lib/python3.12/site-packages/airflow/example_dags/example_skip_dag.py
[2025-03-24T17:14:36.085+0000] {processor.py:925} INFO - DAG(s) 'example_skip_dag' retrieved from /home/airflow/.local/lib/python3.12/site-packages/airflow/example_dags/example_skip_dag.py
[2025-03-24T17:14:36.110+0000] {logging_mixin.py:190} INFO - [2025-03-24T17:14:36.110+0000] {dag.py:3239} INFO - Sync 1 DAGs
[2025-03-24T17:14:36.147+0000] {logging_mixin.py:190} INFO - [2025-03-24T17:14:36.147+0000] {dag.py:4180} INFO - Setting next_dagrun for example_skip_dag to 2025-03-23 00:00:00+00:00, run_after=2025-03-24 00:00:00+00:00
[2025-03-24T17:14:36.189+0000] {processor.py:208} INFO - Processing /home/airflow/.local/lib/python3.12/site-packages/airflow/example_dags/example_skip_dag.py took 0.129 seconds
[2025-03-24T17:15:07.384+0000] {processor.py:186} INFO - Started process (PID=2378) to work on /home/airflow/.local/lib/python3.12/site-packages/airflow/example_dags/example_skip_dag.py
[2025-03-24T17:15:07.385+0000] {processor.py:914} INFO - Processing file /home/airflow/.local/lib/python3.12/site-packages/airflow/example_dags/example_skip_dag.py for tasks to queue
[2025-03-24T17:15:07.389+0000] {logging_mixin.py:190} INFO - [2025-03-24T17:15:07.388+0000] {dagbag.py:588} INFO - Filling up the DagBag from /home/airflow/.local/lib/python3.12/site-packages/airflow/example_dags/example_skip_dag.py
[2025-03-24T17:15:07.399+0000] {processor.py:925} INFO - DAG(s) 'example_skip_dag' retrieved from /home/airflow/.local/lib/python3.12/site-packages/airflow/example_dags/example_skip_dag.py
[2025-03-24T17:15:07.430+0000] {logging_mixin.py:190} INFO - [2025-03-24T17:15:07.430+0000] {dag.py:3239} INFO - Sync 1 DAGs
[2025-03-24T17:15:07.473+0000] {logging_mixin.py:190} INFO - [2025-03-24T17:15:07.473+0000] {dag.py:4180} INFO - Setting next_dagrun for example_skip_dag to 2025-03-23 00:00:00+00:00, run_after=2025-03-24 00:00:00+00:00
[2025-03-24T17:15:07.507+0000] {processor.py:208} INFO - Processing /home/airflow/.local/lib/python3.12/site-packages/airflow/example_dags/example_skip_dag.py took 0.132 seconds
[2025-03-24T17:15:38.565+0000] {processor.py:186} INFO - Started process (PID=2669) to work on /home/airflow/.local/lib/python3.12/site-packages/airflow/example_dags/example_skip_dag.py
[2025-03-24T17:15:38.566+0000] {processor.py:914} INFO - Processing file /home/airflow/.local/lib/python3.12/site-packages/airflow/example_dags/example_skip_dag.py for tasks to queue
[2025-03-24T17:15:38.568+0000] {logging_mixin.py:190} INFO - [2025-03-24T17:15:38.568+0000] {dagbag.py:588} INFO - Filling up the DagBag from /home/airflow/.local/lib/python3.12/site-packages/airflow/example_dags/example_skip_dag.py
[2025-03-24T17:15:38.578+0000] {processor.py:925} INFO - DAG(s) 'example_skip_dag' retrieved from /home/airflow/.local/lib/python3.12/site-packages/airflow/example_dags/example_skip_dag.py
[2025-03-24T17:15:38.602+0000] {logging_mixin.py:190} INFO - [2025-03-24T17:15:38.602+0000] {dag.py:3239} INFO - Sync 1 DAGs
[2025-03-24T17:15:38.633+0000] {logging_mixin.py:190} INFO - [2025-03-24T17:15:38.633+0000] {dag.py:4180} INFO - Setting next_dagrun for example_skip_dag to 2025-03-23 00:00:00+00:00, run_after=2025-03-24 00:00:00+00:00
[2025-03-24T17:15:38.661+0000] {processor.py:208} INFO - Processing /home/airflow/.local/lib/python3.12/site-packages/airflow/example_dags/example_skip_dag.py took 0.103 seconds
[2025-03-24T17:16:09.797+0000] {processor.py:186} INFO - Started process (PID=2960) to work on /home/airflow/.local/lib/python3.12/site-packages/airflow/example_dags/example_skip_dag.py
[2025-03-24T17:16:09.819+0000] {processor.py:914} INFO - Processing file /home/airflow/.local/lib/python3.12/site-packages/airflow/example_dags/example_skip_dag.py for tasks to queue
[2025-03-24T17:16:09.823+0000] {logging_mixin.py:190} INFO - [2025-03-24T17:16:09.822+0000] {dagbag.py:588} INFO - Filling up the DagBag from /home/airflow/.local/lib/python3.12/site-packages/airflow/example_dags/example_skip_dag.py
[2025-03-24T17:16:09.837+0000] {processor.py:925} INFO - DAG(s) 'example_skip_dag' retrieved from /home/airflow/.local/lib/python3.12/site-packages/airflow/example_dags/example_skip_dag.py
[2025-03-24T17:16:09.874+0000] {logging_mixin.py:190} INFO - [2025-03-24T17:16:09.874+0000] {dag.py:3239} INFO - Sync 1 DAGs
[2025-03-24T17:16:09.930+0000] {logging_mixin.py:190} INFO - [2025-03-24T17:16:09.929+0000] {dag.py:4180} INFO - Setting next_dagrun for example_skip_dag to 2025-03-23 00:00:00+00:00, run_after=2025-03-24 00:00:00+00:00
[2025-03-24T17:16:09.977+0000] {processor.py:208} INFO - Processing /home/airflow/.local/lib/python3.12/site-packages/airflow/example_dags/example_skip_dag.py took 0.191 seconds
[2025-03-24T17:16:40.957+0000] {processor.py:186} INFO - Started process (PID=3250) to work on /home/airflow/.local/lib/python3.12/site-packages/airflow/example_dags/example_skip_dag.py
[2025-03-24T17:16:40.958+0000] {processor.py:914} INFO - Processing file /home/airflow/.local/lib/python3.12/site-packages/airflow/example_dags/example_skip_dag.py for tasks to queue
[2025-03-24T17:16:40.960+0000] {logging_mixin.py:190} INFO - [2025-03-24T17:16:40.960+0000] {dagbag.py:588} INFO - Filling up the DagBag from /home/airflow/.local/lib/python3.12/site-packages/airflow/example_dags/example_skip_dag.py
[2025-03-24T17:16:40.971+0000] {processor.py:925} INFO - DAG(s) 'example_skip_dag' retrieved from /home/airflow/.local/lib/python3.12/site-packages/airflow/example_dags/example_skip_dag.py
[2025-03-24T17:16:41.011+0000] {logging_mixin.py:190} INFO - [2025-03-24T17:16:41.011+0000] {dag.py:3239} INFO - Sync 1 DAGs
[2025-03-24T17:16:41.065+0000] {logging_mixin.py:190} INFO - [2025-03-24T17:16:41.064+0000] {dag.py:4180} INFO - Setting next_dagrun for example_skip_dag to 2025-03-23 00:00:00+00:00, run_after=2025-03-24 00:00:00+00:00
[2025-03-24T17:16:41.094+0000] {processor.py:208} INFO - Processing /home/airflow/.local/lib/python3.12/site-packages/airflow/example_dags/example_skip_dag.py took 0.144 seconds
[2025-03-24T17:17:12.897+0000] {processor.py:186} INFO - Started process (PID=3541) to work on /home/airflow/.local/lib/python3.12/site-packages/airflow/example_dags/example_skip_dag.py
[2025-03-24T17:17:12.903+0000] {processor.py:914} INFO - Processing file /home/airflow/.local/lib/python3.12/site-packages/airflow/example_dags/example_skip_dag.py for tasks to queue
[2025-03-24T17:17:12.907+0000] {logging_mixin.py:190} INFO - [2025-03-24T17:17:12.906+0000] {dagbag.py:588} INFO - Filling up the DagBag from /home/airflow/.local/lib/python3.12/site-packages/airflow/example_dags/example_skip_dag.py
[2025-03-24T17:17:12.928+0000] {processor.py:925} INFO - DAG(s) 'example_skip_dag' retrieved from /home/airflow/.local/lib/python3.12/site-packages/airflow/example_dags/example_skip_dag.py
[2025-03-24T17:17:12.990+0000] {logging_mixin.py:190} INFO - [2025-03-24T17:17:12.990+0000] {dag.py:3239} INFO - Sync 1 DAGs
[2025-03-24T17:17:13.059+0000] {logging_mixin.py:190} INFO - [2025-03-24T17:17:13.058+0000] {dag.py:4180} INFO - Setting next_dagrun for example_skip_dag to 2025-03-23 00:00:00+00:00, run_after=2025-03-24 00:00:00+00:00
[2025-03-24T17:17:13.128+0000] {processor.py:208} INFO - Processing /home/airflow/.local/lib/python3.12/site-packages/airflow/example_dags/example_skip_dag.py took 0.243 seconds
[2025-03-24T17:17:43.964+0000] {processor.py:186} INFO - Started process (PID=3834) to work on /home/airflow/.local/lib/python3.12/site-packages/airflow/example_dags/example_skip_dag.py
[2025-03-24T17:17:43.965+0000] {processor.py:914} INFO - Processing file /home/airflow/.local/lib/python3.12/site-packages/airflow/example_dags/example_skip_dag.py for tasks to queue
[2025-03-24T17:17:43.968+0000] {logging_mixin.py:190} INFO - [2025-03-24T17:17:43.967+0000] {dagbag.py:588} INFO - Filling up the DagBag from /home/airflow/.local/lib/python3.12/site-packages/airflow/example_dags/example_skip_dag.py
[2025-03-24T17:17:43.980+0000] {processor.py:925} INFO - DAG(s) 'example_skip_dag' retrieved from /home/airflow/.local/lib/python3.12/site-packages/airflow/example_dags/example_skip_dag.py
[2025-03-24T17:17:44.015+0000] {logging_mixin.py:190} INFO - [2025-03-24T17:17:44.015+0000] {dag.py:3239} INFO - Sync 1 DAGs
[2025-03-24T17:17:44.059+0000] {logging_mixin.py:190} INFO - [2025-03-24T17:17:44.058+0000] {dag.py:4180} INFO - Setting next_dagrun for example_skip_dag to 2025-03-23 00:00:00+00:00, run_after=2025-03-24 00:00:00+00:00
[2025-03-24T17:17:44.093+0000] {processor.py:208} INFO - Processing /home/airflow/.local/lib/python3.12/site-packages/airflow/example_dags/example_skip_dag.py took 0.138 seconds
[2025-03-24T17:18:14.791+0000] {processor.py:186} INFO - Started process (PID=4148) to work on /home/airflow/.local/lib/python3.12/site-packages/airflow/example_dags/example_skip_dag.py
[2025-03-24T17:18:14.795+0000] {processor.py:914} INFO - Processing file /home/airflow/.local/lib/python3.12/site-packages/airflow/example_dags/example_skip_dag.py for tasks to queue
[2025-03-24T17:18:14.797+0000] {logging_mixin.py:190} INFO - [2025-03-24T17:18:14.797+0000] {dagbag.py:588} INFO - Filling up the DagBag from /home/airflow/.local/lib/python3.12/site-packages/airflow/example_dags/example_skip_dag.py
[2025-03-24T17:18:14.807+0000] {processor.py:925} INFO - DAG(s) 'example_skip_dag' retrieved from /home/airflow/.local/lib/python3.12/site-packages/airflow/example_dags/example_skip_dag.py
[2025-03-24T17:18:14.852+0000] {logging_mixin.py:190} INFO - [2025-03-24T17:18:14.851+0000] {dag.py:3239} INFO - Sync 1 DAGs
[2025-03-24T17:18:14.895+0000] {logging_mixin.py:190} INFO - [2025-03-24T17:18:14.895+0000] {dag.py:4180} INFO - Setting next_dagrun for example_skip_dag to 2025-03-23 00:00:00+00:00, run_after=2025-03-24 00:00:00+00:00
[2025-03-24T17:18:14.928+0000] {processor.py:208} INFO - Processing /home/airflow/.local/lib/python3.12/site-packages/airflow/example_dags/example_skip_dag.py took 0.144 seconds
[2025-03-24T17:18:45.622+0000] {processor.py:186} INFO - Started process (PID=4441) to work on /home/airflow/.local/lib/python3.12/site-packages/airflow/example_dags/example_skip_dag.py
[2025-03-24T17:18:45.626+0000] {processor.py:914} INFO - Processing file /home/airflow/.local/lib/python3.12/site-packages/airflow/example_dags/example_skip_dag.py for tasks to queue
[2025-03-24T17:18:45.630+0000] {logging_mixin.py:190} INFO - [2025-03-24T17:18:45.629+0000] {dagbag.py:588} INFO - Filling up the DagBag from /home/airflow/.local/lib/python3.12/site-packages/airflow/example_dags/example_skip_dag.py
[2025-03-24T17:18:45.646+0000] {processor.py:925} INFO - DAG(s) 'example_skip_dag' retrieved from /home/airflow/.local/lib/python3.12/site-packages/airflow/example_dags/example_skip_dag.py
[2025-03-24T17:18:45.705+0000] {logging_mixin.py:190} INFO - [2025-03-24T17:18:45.705+0000] {dag.py:3239} INFO - Sync 1 DAGs
[2025-03-24T17:18:45.767+0000] {logging_mixin.py:190} INFO - [2025-03-24T17:18:45.766+0000] {dag.py:4180} INFO - Setting next_dagrun for example_skip_dag to 2025-03-23 00:00:00+00:00, run_after=2025-03-24 00:00:00+00:00
[2025-03-24T17:18:45.816+0000] {processor.py:208} INFO - Processing /home/airflow/.local/lib/python3.12/site-packages/airflow/example_dags/example_skip_dag.py took 0.206 seconds
[2025-03-24T17:19:16.564+0000] {processor.py:186} INFO - Started process (PID=4732) to work on /home/airflow/.local/lib/python3.12/site-packages/airflow/example_dags/example_skip_dag.py
[2025-03-24T17:19:16.565+0000] {processor.py:914} INFO - Processing file /home/airflow/.local/lib/python3.12/site-packages/airflow/example_dags/example_skip_dag.py for tasks to queue
[2025-03-24T17:19:16.568+0000] {logging_mixin.py:190} INFO - [2025-03-24T17:19:16.567+0000] {dagbag.py:588} INFO - Filling up the DagBag from /home/airflow/.local/lib/python3.12/site-packages/airflow/example_dags/example_skip_dag.py
[2025-03-24T17:19:16.577+0000] {processor.py:925} INFO - DAG(s) 'example_skip_dag' retrieved from /home/airflow/.local/lib/python3.12/site-packages/airflow/example_dags/example_skip_dag.py
[2025-03-24T17:19:16.603+0000] {logging_mixin.py:190} INFO - [2025-03-24T17:19:16.603+0000] {dag.py:3239} INFO - Sync 1 DAGs
[2025-03-24T17:19:16.633+0000] {logging_mixin.py:190} INFO - [2025-03-24T17:19:16.632+0000] {dag.py:4180} INFO - Setting next_dagrun for example_skip_dag to 2025-03-23 00:00:00+00:00, run_after=2025-03-24 00:00:00+00:00
[2025-03-24T17:19:16.659+0000] {processor.py:208} INFO - Processing /home/airflow/.local/lib/python3.12/site-packages/airflow/example_dags/example_skip_dag.py took 0.103 seconds
[2025-03-24T17:19:47.982+0000] {processor.py:186} INFO - Started process (PID=5023) to work on /home/airflow/.local/lib/python3.12/site-packages/airflow/example_dags/example_skip_dag.py
[2025-03-24T17:19:47.983+0000] {processor.py:914} INFO - Processing file /home/airflow/.local/lib/python3.12/site-packages/airflow/example_dags/example_skip_dag.py for tasks to queue
[2025-03-24T17:19:47.988+0000] {logging_mixin.py:190} INFO - [2025-03-24T17:19:47.987+0000] {dagbag.py:588} INFO - Filling up the DagBag from /home/airflow/.local/lib/python3.12/site-packages/airflow/example_dags/example_skip_dag.py
[2025-03-24T17:19:47.998+0000] {processor.py:925} INFO - DAG(s) 'example_skip_dag' retrieved from /home/airflow/.local/lib/python3.12/site-packages/airflow/example_dags/example_skip_dag.py
[2025-03-24T17:19:48.039+0000] {logging_mixin.py:190} INFO - [2025-03-24T17:19:48.038+0000] {dag.py:3239} INFO - Sync 1 DAGs
[2025-03-24T17:19:48.099+0000] {logging_mixin.py:190} INFO - [2025-03-24T17:19:48.098+0000] {dag.py:4180} INFO - Setting next_dagrun for example_skip_dag to 2025-03-23 00:00:00+00:00, run_after=2025-03-24 00:00:00+00:00
[2025-03-24T17:19:48.147+0000] {processor.py:208} INFO - Processing /home/airflow/.local/lib/python3.12/site-packages/airflow/example_dags/example_skip_dag.py took 0.177 seconds
[2025-03-24T17:20:20.099+0000] {processor.py:186} INFO - Started process (PID=5313) to work on /home/airflow/.local/lib/python3.12/site-packages/airflow/example_dags/example_skip_dag.py
[2025-03-24T17:20:20.100+0000] {processor.py:914} INFO - Processing file /home/airflow/.local/lib/python3.12/site-packages/airflow/example_dags/example_skip_dag.py for tasks to queue
[2025-03-24T17:20:20.105+0000] {logging_mixin.py:190} INFO - [2025-03-24T17:20:20.105+0000] {dagbag.py:588} INFO - Filling up the DagBag from /home/airflow/.local/lib/python3.12/site-packages/airflow/example_dags/example_skip_dag.py
[2025-03-24T17:20:20.115+0000] {processor.py:925} INFO - DAG(s) 'example_skip_dag' retrieved from /home/airflow/.local/lib/python3.12/site-packages/airflow/example_dags/example_skip_dag.py
[2025-03-24T17:20:20.153+0000] {logging_mixin.py:190} INFO - [2025-03-24T17:20:20.152+0000] {dag.py:3239} INFO - Sync 1 DAGs
[2025-03-24T17:20:20.197+0000] {logging_mixin.py:190} INFO - [2025-03-24T17:20:20.197+0000] {dag.py:4180} INFO - Setting next_dagrun for example_skip_dag to 2025-03-23 00:00:00+00:00, run_after=2025-03-24 00:00:00+00:00
[2025-03-24T17:20:20.240+0000] {processor.py:208} INFO - Processing /home/airflow/.local/lib/python3.12/site-packages/airflow/example_dags/example_skip_dag.py took 0.148 seconds
[2025-03-24T17:20:52.389+0000] {processor.py:186} INFO - Started process (PID=5604) to work on /home/airflow/.local/lib/python3.12/site-packages/airflow/example_dags/example_skip_dag.py
[2025-03-24T17:20:52.408+0000] {processor.py:914} INFO - Processing file /home/airflow/.local/lib/python3.12/site-packages/airflow/example_dags/example_skip_dag.py for tasks to queue
[2025-03-24T17:20:52.412+0000] {logging_mixin.py:190} INFO - [2025-03-24T17:20:52.412+0000] {dagbag.py:588} INFO - Filling up the DagBag from /home/airflow/.local/lib/python3.12/site-packages/airflow/example_dags/example_skip_dag.py
[2025-03-24T17:20:52.426+0000] {processor.py:925} INFO - DAG(s) 'example_skip_dag' retrieved from /home/airflow/.local/lib/python3.12/site-packages/airflow/example_dags/example_skip_dag.py
[2025-03-24T17:20:52.471+0000] {logging_mixin.py:190} INFO - [2025-03-24T17:20:52.470+0000] {dag.py:3239} INFO - Sync 1 DAGs
[2025-03-24T17:20:52.529+0000] {logging_mixin.py:190} INFO - [2025-03-24T17:20:52.529+0000] {dag.py:4180} INFO - Setting next_dagrun for example_skip_dag to 2025-03-23 00:00:00+00:00, run_after=2025-03-24 00:00:00+00:00
[2025-03-24T17:20:52.595+0000] {processor.py:208} INFO - Processing /home/airflow/.local/lib/python3.12/site-packages/airflow/example_dags/example_skip_dag.py took 0.220 seconds
[2025-03-24T17:21:23.876+0000] {processor.py:186} INFO - Started process (PID=5896) to work on /home/airflow/.local/lib/python3.12/site-packages/airflow/example_dags/example_skip_dag.py
[2025-03-24T17:21:23.880+0000] {processor.py:914} INFO - Processing file /home/airflow/.local/lib/python3.12/site-packages/airflow/example_dags/example_skip_dag.py for tasks to queue
[2025-03-24T17:21:23.882+0000] {logging_mixin.py:190} INFO - [2025-03-24T17:21:23.882+0000] {dagbag.py:588} INFO - Filling up the DagBag from /home/airflow/.local/lib/python3.12/site-packages/airflow/example_dags/example_skip_dag.py
[2025-03-24T17:21:23.895+0000] {processor.py:925} INFO - DAG(s) 'example_skip_dag' retrieved from /home/airflow/.local/lib/python3.12/site-packages/airflow/example_dags/example_skip_dag.py
[2025-03-24T17:21:23.932+0000] {logging_mixin.py:190} INFO - [2025-03-24T17:21:23.931+0000] {dag.py:3239} INFO - Sync 1 DAGs
[2025-03-24T17:21:23.979+0000] {logging_mixin.py:190} INFO - [2025-03-24T17:21:23.978+0000] {dag.py:4180} INFO - Setting next_dagrun for example_skip_dag to 2025-03-23 00:00:00+00:00, run_after=2025-03-24 00:00:00+00:00
[2025-03-24T17:21:24.026+0000] {processor.py:208} INFO - Processing /home/airflow/.local/lib/python3.12/site-packages/airflow/example_dags/example_skip_dag.py took 0.162 seconds
[2025-03-24T17:21:55.049+0000] {processor.py:186} INFO - Started process (PID=6187) to work on /home/airflow/.local/lib/python3.12/site-packages/airflow/example_dags/example_skip_dag.py
[2025-03-24T17:21:55.050+0000] {processor.py:914} INFO - Processing file /home/airflow/.local/lib/python3.12/site-packages/airflow/example_dags/example_skip_dag.py for tasks to queue
[2025-03-24T17:21:55.058+0000] {logging_mixin.py:190} INFO - [2025-03-24T17:21:55.057+0000] {dagbag.py:588} INFO - Filling up the DagBag from /home/airflow/.local/lib/python3.12/site-packages/airflow/example_dags/example_skip_dag.py
[2025-03-24T17:21:55.076+0000] {processor.py:925} INFO - DAG(s) 'example_skip_dag' retrieved from /home/airflow/.local/lib/python3.12/site-packages/airflow/example_dags/example_skip_dag.py
[2025-03-24T17:21:55.111+0000] {logging_mixin.py:190} INFO - [2025-03-24T17:21:55.111+0000] {dag.py:3239} INFO - Sync 1 DAGs
[2025-03-24T17:21:55.149+0000] {logging_mixin.py:190} INFO - [2025-03-24T17:21:55.149+0000] {dag.py:4180} INFO - Setting next_dagrun for example_skip_dag to 2025-03-23 00:00:00+00:00, run_after=2025-03-24 00:00:00+00:00
[2025-03-24T17:21:55.185+0000] {processor.py:208} INFO - Processing /home/airflow/.local/lib/python3.12/site-packages/airflow/example_dags/example_skip_dag.py took 0.150 seconds
[2025-03-24T17:22:25.611+0000] {processor.py:186} INFO - Started process (PID=6478) to work on /home/airflow/.local/lib/python3.12/site-packages/airflow/example_dags/example_skip_dag.py
[2025-03-24T17:22:25.615+0000] {processor.py:914} INFO - Processing file /home/airflow/.local/lib/python3.12/site-packages/airflow/example_dags/example_skip_dag.py for tasks to queue
[2025-03-24T17:22:25.619+0000] {logging_mixin.py:190} INFO - [2025-03-24T17:22:25.618+0000] {dagbag.py:588} INFO - Filling up the DagBag from /home/airflow/.local/lib/python3.12/site-packages/airflow/example_dags/example_skip_dag.py
[2025-03-24T17:22:25.633+0000] {processor.py:925} INFO - DAG(s) 'example_skip_dag' retrieved from /home/airflow/.local/lib/python3.12/site-packages/airflow/example_dags/example_skip_dag.py
[2025-03-24T17:22:25.674+0000] {logging_mixin.py:190} INFO - [2025-03-24T17:22:25.673+0000] {dag.py:3239} INFO - Sync 1 DAGs
[2025-03-24T17:22:25.706+0000] {logging_mixin.py:190} INFO - [2025-03-24T17:22:25.706+0000] {dag.py:4180} INFO - Setting next_dagrun for example_skip_dag to 2025-03-23 00:00:00+00:00, run_after=2025-03-24 00:00:00+00:00
[2025-03-24T17:22:25.735+0000] {processor.py:208} INFO - Processing /home/airflow/.local/lib/python3.12/site-packages/airflow/example_dags/example_skip_dag.py took 0.133 seconds
[2025-03-24T17:22:57.958+0000] {processor.py:186} INFO - Started process (PID=6769) to work on /home/airflow/.local/lib/python3.12/site-packages/airflow/example_dags/example_skip_dag.py
[2025-03-24T17:22:57.961+0000] {processor.py:914} INFO - Processing file /home/airflow/.local/lib/python3.12/site-packages/airflow/example_dags/example_skip_dag.py for tasks to queue
[2025-03-24T17:22:57.965+0000] {logging_mixin.py:190} INFO - [2025-03-24T17:22:57.964+0000] {dagbag.py:588} INFO - Filling up the DagBag from /home/airflow/.local/lib/python3.12/site-packages/airflow/example_dags/example_skip_dag.py
[2025-03-24T17:22:57.980+0000] {processor.py:925} INFO - DAG(s) 'example_skip_dag' retrieved from /home/airflow/.local/lib/python3.12/site-packages/airflow/example_dags/example_skip_dag.py
[2025-03-24T17:22:58.024+0000] {logging_mixin.py:190} INFO - [2025-03-24T17:22:58.023+0000] {dag.py:3239} INFO - Sync 1 DAGs
[2025-03-24T17:22:58.070+0000] {logging_mixin.py:190} INFO - [2025-03-24T17:22:58.069+0000] {dag.py:4180} INFO - Setting next_dagrun for example_skip_dag to 2025-03-23 00:00:00+00:00, run_after=2025-03-24 00:00:00+00:00
[2025-03-24T17:22:58.111+0000] {processor.py:208} INFO - Processing /home/airflow/.local/lib/python3.12/site-packages/airflow/example_dags/example_skip_dag.py took 0.165 seconds
[2025-03-24T17:23:28.925+0000] {processor.py:186} INFO - Started process (PID=7060) to work on /home/airflow/.local/lib/python3.12/site-packages/airflow/example_dags/example_skip_dag.py
[2025-03-24T17:23:28.926+0000] {processor.py:914} INFO - Processing file /home/airflow/.local/lib/python3.12/site-packages/airflow/example_dags/example_skip_dag.py for tasks to queue
[2025-03-24T17:23:28.929+0000] {logging_mixin.py:190} INFO - [2025-03-24T17:23:28.929+0000] {dagbag.py:588} INFO - Filling up the DagBag from /home/airflow/.local/lib/python3.12/site-packages/airflow/example_dags/example_skip_dag.py
[2025-03-24T17:23:28.942+0000] {processor.py:925} INFO - DAG(s) 'example_skip_dag' retrieved from /home/airflow/.local/lib/python3.12/site-packages/airflow/example_dags/example_skip_dag.py
[2025-03-24T17:23:28.984+0000] {logging_mixin.py:190} INFO - [2025-03-24T17:23:28.984+0000] {dag.py:3239} INFO - Sync 1 DAGs
[2025-03-24T17:23:29.036+0000] {logging_mixin.py:190} INFO - [2025-03-24T17:23:29.036+0000] {dag.py:4180} INFO - Setting next_dagrun for example_skip_dag to 2025-03-23 00:00:00+00:00, run_after=2025-03-24 00:00:00+00:00
[2025-03-24T17:23:29.069+0000] {processor.py:208} INFO - Processing /home/airflow/.local/lib/python3.12/site-packages/airflow/example_dags/example_skip_dag.py took 0.154 seconds
[2025-03-24T17:24:00.355+0000] {processor.py:186} INFO - Started process (PID=7361) to work on /home/airflow/.local/lib/python3.12/site-packages/airflow/example_dags/example_skip_dag.py
[2025-03-24T17:24:00.356+0000] {processor.py:914} INFO - Processing file /home/airflow/.local/lib/python3.12/site-packages/airflow/example_dags/example_skip_dag.py for tasks to queue
[2025-03-24T17:24:00.359+0000] {logging_mixin.py:190} INFO - [2025-03-24T17:24:00.359+0000] {dagbag.py:588} INFO - Filling up the DagBag from /home/airflow/.local/lib/python3.12/site-packages/airflow/example_dags/example_skip_dag.py
[2025-03-24T17:24:00.369+0000] {processor.py:925} INFO - DAG(s) 'example_skip_dag' retrieved from /home/airflow/.local/lib/python3.12/site-packages/airflow/example_dags/example_skip_dag.py
[2025-03-24T17:24:00.395+0000] {logging_mixin.py:190} INFO - [2025-03-24T17:24:00.394+0000] {dag.py:3239} INFO - Sync 1 DAGs
[2025-03-24T17:24:00.425+0000] {logging_mixin.py:190} INFO - [2025-03-24T17:24:00.425+0000] {dag.py:4180} INFO - Setting next_dagrun for example_skip_dag to 2025-03-23 00:00:00+00:00, run_after=2025-03-24 00:00:00+00:00
[2025-03-24T17:24:00.460+0000] {processor.py:208} INFO - Processing /home/airflow/.local/lib/python3.12/site-packages/airflow/example_dags/example_skip_dag.py took 0.112 seconds
[2025-03-24T17:24:31.514+0000] {processor.py:186} INFO - Started process (PID=7653) to work on /home/airflow/.local/lib/python3.12/site-packages/airflow/example_dags/example_skip_dag.py
[2025-03-24T17:24:31.514+0000] {processor.py:914} INFO - Processing file /home/airflow/.local/lib/python3.12/site-packages/airflow/example_dags/example_skip_dag.py for tasks to queue
[2025-03-24T17:24:31.517+0000] {logging_mixin.py:190} INFO - [2025-03-24T17:24:31.516+0000] {dagbag.py:588} INFO - Filling up the DagBag from /home/airflow/.local/lib/python3.12/site-packages/airflow/example_dags/example_skip_dag.py
[2025-03-24T17:24:31.528+0000] {processor.py:925} INFO - DAG(s) 'example_skip_dag' retrieved from /home/airflow/.local/lib/python3.12/site-packages/airflow/example_dags/example_skip_dag.py
[2025-03-24T17:24:31.556+0000] {logging_mixin.py:190} INFO - [2025-03-24T17:24:31.556+0000] {dag.py:3239} INFO - Sync 1 DAGs
[2025-03-24T17:24:31.598+0000] {logging_mixin.py:190} INFO - [2025-03-24T17:24:31.597+0000] {dag.py:4180} INFO - Setting next_dagrun for example_skip_dag to 2025-03-23 00:00:00+00:00, run_after=2025-03-24 00:00:00+00:00
[2025-03-24T17:24:31.629+0000] {processor.py:208} INFO - Processing /home/airflow/.local/lib/python3.12/site-packages/airflow/example_dags/example_skip_dag.py took 0.123 seconds
[2025-03-24T17:25:02.546+0000] {processor.py:186} INFO - Started process (PID=7944) to work on /home/airflow/.local/lib/python3.12/site-packages/airflow/example_dags/example_skip_dag.py
[2025-03-24T17:25:02.547+0000] {processor.py:914} INFO - Processing file /home/airflow/.local/lib/python3.12/site-packages/airflow/example_dags/example_skip_dag.py for tasks to queue
[2025-03-24T17:25:02.550+0000] {logging_mixin.py:190} INFO - [2025-03-24T17:25:02.549+0000] {dagbag.py:588} INFO - Filling up the DagBag from /home/airflow/.local/lib/python3.12/site-packages/airflow/example_dags/example_skip_dag.py
[2025-03-24T17:25:02.559+0000] {processor.py:925} INFO - DAG(s) 'example_skip_dag' retrieved from /home/airflow/.local/lib/python3.12/site-packages/airflow/example_dags/example_skip_dag.py
[2025-03-24T17:25:02.586+0000] {logging_mixin.py:190} INFO - [2025-03-24T17:25:02.586+0000] {dag.py:3239} INFO - Sync 1 DAGs
[2025-03-24T17:25:02.616+0000] {logging_mixin.py:190} INFO - [2025-03-24T17:25:02.616+0000] {dag.py:4180} INFO - Setting next_dagrun for example_skip_dag to 2025-03-23 00:00:00+00:00, run_after=2025-03-24 00:00:00+00:00
[2025-03-24T17:25:02.646+0000] {processor.py:208} INFO - Processing /home/airflow/.local/lib/python3.12/site-packages/airflow/example_dags/example_skip_dag.py took 0.107 seconds
[2025-03-24T17:25:35.380+0000] {processor.py:186} INFO - Started process (PID=8245) to work on /home/airflow/.local/lib/python3.12/site-packages/airflow/example_dags/example_skip_dag.py
[2025-03-24T17:25:35.381+0000] {processor.py:914} INFO - Processing file /home/airflow/.local/lib/python3.12/site-packages/airflow/example_dags/example_skip_dag.py for tasks to queue
[2025-03-24T17:25:35.385+0000] {logging_mixin.py:190} INFO - [2025-03-24T17:25:35.385+0000] {dagbag.py:588} INFO - Filling up the DagBag from /home/airflow/.local/lib/python3.12/site-packages/airflow/example_dags/example_skip_dag.py
[2025-03-24T17:25:35.397+0000] {processor.py:925} INFO - DAG(s) 'example_skip_dag' retrieved from /home/airflow/.local/lib/python3.12/site-packages/airflow/example_dags/example_skip_dag.py
[2025-03-24T17:25:35.432+0000] {logging_mixin.py:190} INFO - [2025-03-24T17:25:35.431+0000] {dag.py:3239} INFO - Sync 1 DAGs
[2025-03-24T17:25:35.475+0000] {logging_mixin.py:190} INFO - [2025-03-24T17:25:35.474+0000] {dag.py:4180} INFO - Setting next_dagrun for example_skip_dag to 2025-03-23 00:00:00+00:00, run_after=2025-03-24 00:00:00+00:00
[2025-03-24T17:25:35.505+0000] {processor.py:208} INFO - Processing /home/airflow/.local/lib/python3.12/site-packages/airflow/example_dags/example_skip_dag.py took 0.139 seconds
[2025-03-24T17:26:06.904+0000] {processor.py:186} INFO - Started process (PID=8556) to work on /home/airflow/.local/lib/python3.12/site-packages/airflow/example_dags/example_skip_dag.py
[2025-03-24T17:26:06.910+0000] {processor.py:914} INFO - Processing file /home/airflow/.local/lib/python3.12/site-packages/airflow/example_dags/example_skip_dag.py for tasks to queue
[2025-03-24T17:26:06.913+0000] {logging_mixin.py:190} INFO - [2025-03-24T17:26:06.912+0000] {dagbag.py:588} INFO - Filling up the DagBag from /home/airflow/.local/lib/python3.12/site-packages/airflow/example_dags/example_skip_dag.py
[2025-03-24T17:26:06.926+0000] {processor.py:925} INFO - DAG(s) 'example_skip_dag' retrieved from /home/airflow/.local/lib/python3.12/site-packages/airflow/example_dags/example_skip_dag.py
[2025-03-24T17:26:06.967+0000] {logging_mixin.py:190} INFO - [2025-03-24T17:26:06.967+0000] {dag.py:3239} INFO - Sync 1 DAGs
[2025-03-24T17:26:07.013+0000] {logging_mixin.py:190} INFO - [2025-03-24T17:26:07.013+0000] {dag.py:4180} INFO - Setting next_dagrun for example_skip_dag to 2025-03-23 00:00:00+00:00, run_after=2025-03-24 00:00:00+00:00
[2025-03-24T17:26:07.056+0000] {processor.py:208} INFO - Processing /home/airflow/.local/lib/python3.12/site-packages/airflow/example_dags/example_skip_dag.py took 0.159 seconds
[2025-03-24T17:26:39.195+0000] {processor.py:186} INFO - Started process (PID=8852) to work on /home/airflow/.local/lib/python3.12/site-packages/airflow/example_dags/example_skip_dag.py
[2025-03-24T17:26:39.196+0000] {processor.py:914} INFO - Processing file /home/airflow/.local/lib/python3.12/site-packages/airflow/example_dags/example_skip_dag.py for tasks to queue
[2025-03-24T17:26:39.199+0000] {logging_mixin.py:190} INFO - [2025-03-24T17:26:39.199+0000] {dagbag.py:588} INFO - Filling up the DagBag from /home/airflow/.local/lib/python3.12/site-packages/airflow/example_dags/example_skip_dag.py
[2025-03-24T17:26:39.215+0000] {processor.py:925} INFO - DAG(s) 'example_skip_dag' retrieved from /home/airflow/.local/lib/python3.12/site-packages/airflow/example_dags/example_skip_dag.py
[2025-03-24T17:26:39.251+0000] {logging_mixin.py:190} INFO - [2025-03-24T17:26:39.250+0000] {dag.py:3239} INFO - Sync 1 DAGs
[2025-03-24T17:26:39.298+0000] {logging_mixin.py:190} INFO - [2025-03-24T17:26:39.298+0000] {dag.py:4180} INFO - Setting next_dagrun for example_skip_dag to 2025-03-23 00:00:00+00:00, run_after=2025-03-24 00:00:00+00:00
[2025-03-24T17:26:39.337+0000] {processor.py:208} INFO - Processing /home/airflow/.local/lib/python3.12/site-packages/airflow/example_dags/example_skip_dag.py took 0.154 seconds
[2025-03-24T17:27:10.602+0000] {processor.py:186} INFO - Started process (PID=9143) to work on /home/airflow/.local/lib/python3.12/site-packages/airflow/example_dags/example_skip_dag.py
[2025-03-24T17:27:10.603+0000] {processor.py:914} INFO - Processing file /home/airflow/.local/lib/python3.12/site-packages/airflow/example_dags/example_skip_dag.py for tasks to queue
[2025-03-24T17:27:10.607+0000] {logging_mixin.py:190} INFO - [2025-03-24T17:27:10.607+0000] {dagbag.py:588} INFO - Filling up the DagBag from /home/airflow/.local/lib/python3.12/site-packages/airflow/example_dags/example_skip_dag.py
[2025-03-24T17:27:10.624+0000] {processor.py:925} INFO - DAG(s) 'example_skip_dag' retrieved from /home/airflow/.local/lib/python3.12/site-packages/airflow/example_dags/example_skip_dag.py
[2025-03-24T17:27:10.672+0000] {logging_mixin.py:190} INFO - [2025-03-24T17:27:10.671+0000] {dag.py:3239} INFO - Sync 1 DAGs
[2025-03-24T17:27:10.718+0000] {logging_mixin.py:190} INFO - [2025-03-24T17:27:10.718+0000] {dag.py:4180} INFO - Setting next_dagrun for example_skip_dag to 2025-03-23 00:00:00+00:00, run_after=2025-03-24 00:00:00+00:00
[2025-03-24T17:27:10.759+0000] {processor.py:208} INFO - Processing /home/airflow/.local/lib/python3.12/site-packages/airflow/example_dags/example_skip_dag.py took 0.172 seconds
[2025-03-24T17:27:41.979+0000] {processor.py:186} INFO - Started process (PID=9434) to work on /home/airflow/.local/lib/python3.12/site-packages/airflow/example_dags/example_skip_dag.py
[2025-03-24T17:27:41.980+0000] {processor.py:914} INFO - Processing file /home/airflow/.local/lib/python3.12/site-packages/airflow/example_dags/example_skip_dag.py for tasks to queue
[2025-03-24T17:27:41.983+0000] {logging_mixin.py:190} INFO - [2025-03-24T17:27:41.982+0000] {dagbag.py:588} INFO - Filling up the DagBag from /home/airflow/.local/lib/python3.12/site-packages/airflow/example_dags/example_skip_dag.py
[2025-03-24T17:27:41.993+0000] {processor.py:925} INFO - DAG(s) 'example_skip_dag' retrieved from /home/airflow/.local/lib/python3.12/site-packages/airflow/example_dags/example_skip_dag.py
[2025-03-24T17:27:42.024+0000] {logging_mixin.py:190} INFO - [2025-03-24T17:27:42.024+0000] {dag.py:3239} INFO - Sync 1 DAGs
[2025-03-24T17:27:42.057+0000] {logging_mixin.py:190} INFO - [2025-03-24T17:27:42.056+0000] {dag.py:4180} INFO - Setting next_dagrun for example_skip_dag to 2025-03-23 00:00:00+00:00, run_after=2025-03-24 00:00:00+00:00
[2025-03-24T17:27:42.087+0000] {processor.py:208} INFO - Processing /home/airflow/.local/lib/python3.12/site-packages/airflow/example_dags/example_skip_dag.py took 0.117 seconds
[2025-03-24T17:28:14.340+0000] {processor.py:186} INFO - Started process (PID=9725) to work on /home/airflow/.local/lib/python3.12/site-packages/airflow/example_dags/example_skip_dag.py
[2025-03-24T17:28:14.342+0000] {processor.py:914} INFO - Processing file /home/airflow/.local/lib/python3.12/site-packages/airflow/example_dags/example_skip_dag.py for tasks to queue
[2025-03-24T17:28:14.345+0000] {logging_mixin.py:190} INFO - [2025-03-24T17:28:14.345+0000] {dagbag.py:588} INFO - Filling up the DagBag from /home/airflow/.local/lib/python3.12/site-packages/airflow/example_dags/example_skip_dag.py
[2025-03-24T17:28:14.361+0000] {processor.py:925} INFO - DAG(s) 'example_skip_dag' retrieved from /home/airflow/.local/lib/python3.12/site-packages/airflow/example_dags/example_skip_dag.py
[2025-03-24T17:28:14.409+0000] {logging_mixin.py:190} INFO - [2025-03-24T17:28:14.408+0000] {dag.py:3239} INFO - Sync 1 DAGs
[2025-03-24T17:28:14.452+0000] {logging_mixin.py:190} INFO - [2025-03-24T17:28:14.451+0000] {dag.py:4180} INFO - Setting next_dagrun for example_skip_dag to 2025-03-23 00:00:00+00:00, run_after=2025-03-24 00:00:00+00:00
[2025-03-24T17:28:14.489+0000] {processor.py:208} INFO - Processing /home/airflow/.local/lib/python3.12/site-packages/airflow/example_dags/example_skip_dag.py took 0.160 seconds
[2025-03-24T17:28:46.439+0000] {processor.py:186} INFO - Started process (PID=10038) to work on /home/airflow/.local/lib/python3.12/site-packages/airflow/example_dags/example_skip_dag.py
[2025-03-24T17:28:46.441+0000] {processor.py:914} INFO - Processing file /home/airflow/.local/lib/python3.12/site-packages/airflow/example_dags/example_skip_dag.py for tasks to queue
[2025-03-24T17:28:46.445+0000] {logging_mixin.py:190} INFO - [2025-03-24T17:28:46.444+0000] {dagbag.py:588} INFO - Filling up the DagBag from /home/airflow/.local/lib/python3.12/site-packages/airflow/example_dags/example_skip_dag.py
[2025-03-24T17:28:46.461+0000] {processor.py:925} INFO - DAG(s) 'example_skip_dag' retrieved from /home/airflow/.local/lib/python3.12/site-packages/airflow/example_dags/example_skip_dag.py
[2025-03-24T17:28:46.502+0000] {logging_mixin.py:190} INFO - [2025-03-24T17:28:46.501+0000] {dag.py:3239} INFO - Sync 1 DAGs
[2025-03-24T17:28:46.575+0000] {logging_mixin.py:190} INFO - [2025-03-24T17:28:46.575+0000] {dag.py:4180} INFO - Setting next_dagrun for example_skip_dag to 2025-03-23 00:00:00+00:00, run_after=2025-03-24 00:00:00+00:00
[2025-03-24T17:28:46.626+0000] {processor.py:208} INFO - Processing /home/airflow/.local/lib/python3.12/site-packages/airflow/example_dags/example_skip_dag.py took 0.200 seconds
[2025-03-24T17:29:18.035+0000] {processor.py:186} INFO - Started process (PID=10327) to work on /home/airflow/.local/lib/python3.12/site-packages/airflow/example_dags/example_skip_dag.py
[2025-03-24T17:29:18.039+0000] {processor.py:914} INFO - Processing file /home/airflow/.local/lib/python3.12/site-packages/airflow/example_dags/example_skip_dag.py for tasks to queue
[2025-03-24T17:29:18.044+0000] {logging_mixin.py:190} INFO - [2025-03-24T17:29:18.043+0000] {dagbag.py:588} INFO - Filling up the DagBag from /home/airflow/.local/lib/python3.12/site-packages/airflow/example_dags/example_skip_dag.py
[2025-03-24T17:29:18.058+0000] {processor.py:925} INFO - DAG(s) 'example_skip_dag' retrieved from /home/airflow/.local/lib/python3.12/site-packages/airflow/example_dags/example_skip_dag.py
[2025-03-24T17:29:18.110+0000] {logging_mixin.py:190} INFO - [2025-03-24T17:29:18.110+0000] {dag.py:3239} INFO - Sync 1 DAGs
[2025-03-24T17:29:18.165+0000] {logging_mixin.py:190} INFO - [2025-03-24T17:29:18.165+0000] {dag.py:4180} INFO - Setting next_dagrun for example_skip_dag to 2025-03-23 00:00:00+00:00, run_after=2025-03-24 00:00:00+00:00
[2025-03-24T17:29:18.205+0000] {processor.py:208} INFO - Processing /home/airflow/.local/lib/python3.12/site-packages/airflow/example_dags/example_skip_dag.py took 0.182 seconds
[2025-03-24T17:29:48.352+0000] {processor.py:186} INFO - Started process (PID=10625) to work on /home/airflow/.local/lib/python3.12/site-packages/airflow/example_dags/example_skip_dag.py
[2025-03-24T17:29:48.353+0000] {processor.py:914} INFO - Processing file /home/airflow/.local/lib/python3.12/site-packages/airflow/example_dags/example_skip_dag.py for tasks to queue
[2025-03-24T17:29:48.356+0000] {logging_mixin.py:190} INFO - [2025-03-24T17:29:48.355+0000] {dagbag.py:588} INFO - Filling up the DagBag from /home/airflow/.local/lib/python3.12/site-packages/airflow/example_dags/example_skip_dag.py
[2025-03-24T17:29:48.366+0000] {processor.py:925} INFO - DAG(s) 'example_skip_dag' retrieved from /home/airflow/.local/lib/python3.12/site-packages/airflow/example_dags/example_skip_dag.py
[2025-03-24T17:29:48.393+0000] {logging_mixin.py:190} INFO - [2025-03-24T17:29:48.393+0000] {dag.py:3239} INFO - Sync 1 DAGs
[2025-03-24T17:29:48.428+0000] {logging_mixin.py:190} INFO - [2025-03-24T17:29:48.427+0000] {dag.py:4180} INFO - Setting next_dagrun for example_skip_dag to 2025-03-23 00:00:00+00:00, run_after=2025-03-24 00:00:00+00:00
[2025-03-24T17:29:48.457+0000] {processor.py:208} INFO - Processing /home/airflow/.local/lib/python3.12/site-packages/airflow/example_dags/example_skip_dag.py took 0.115 seconds
[2025-03-24T17:30:19.620+0000] {processor.py:186} INFO - Started process (PID=10916) to work on /home/airflow/.local/lib/python3.12/site-packages/airflow/example_dags/example_skip_dag.py
[2025-03-24T17:30:19.624+0000] {processor.py:914} INFO - Processing file /home/airflow/.local/lib/python3.12/site-packages/airflow/example_dags/example_skip_dag.py for tasks to queue
[2025-03-24T17:30:19.627+0000] {logging_mixin.py:190} INFO - [2025-03-24T17:30:19.627+0000] {dagbag.py:588} INFO - Filling up the DagBag from /home/airflow/.local/lib/python3.12/site-packages/airflow/example_dags/example_skip_dag.py
[2025-03-24T17:30:19.641+0000] {processor.py:925} INFO - DAG(s) 'example_skip_dag' retrieved from /home/airflow/.local/lib/python3.12/site-packages/airflow/example_dags/example_skip_dag.py
[2025-03-24T17:30:19.674+0000] {logging_mixin.py:190} INFO - [2025-03-24T17:30:19.673+0000] {dag.py:3239} INFO - Sync 1 DAGs
[2025-03-24T17:30:19.717+0000] {logging_mixin.py:190} INFO - [2025-03-24T17:30:19.716+0000] {dag.py:4180} INFO - Setting next_dagrun for example_skip_dag to 2025-03-23 00:00:00+00:00, run_after=2025-03-24 00:00:00+00:00
[2025-03-24T17:30:19.750+0000] {processor.py:208} INFO - Processing /home/airflow/.local/lib/python3.12/site-packages/airflow/example_dags/example_skip_dag.py took 0.140 seconds
[2025-03-24T17:30:51.151+0000] {processor.py:186} INFO - Started process (PID=11202) to work on /home/airflow/.local/lib/python3.12/site-packages/airflow/example_dags/example_skip_dag.py
[2025-03-24T17:30:51.152+0000] {processor.py:914} INFO - Processing file /home/airflow/.local/lib/python3.12/site-packages/airflow/example_dags/example_skip_dag.py for tasks to queue
[2025-03-24T17:30:51.156+0000] {logging_mixin.py:190} INFO - [2025-03-24T17:30:51.155+0000] {dagbag.py:588} INFO - Filling up the DagBag from /home/airflow/.local/lib/python3.12/site-packages/airflow/example_dags/example_skip_dag.py
[2025-03-24T17:30:51.170+0000] {processor.py:925} INFO - DAG(s) 'example_skip_dag' retrieved from /home/airflow/.local/lib/python3.12/site-packages/airflow/example_dags/example_skip_dag.py
[2025-03-24T17:30:51.206+0000] {logging_mixin.py:190} INFO - [2025-03-24T17:30:51.206+0000] {dag.py:3239} INFO - Sync 1 DAGs
[2025-03-24T17:30:51.236+0000] {logging_mixin.py:190} INFO - [2025-03-24T17:30:51.236+0000] {dag.py:4180} INFO - Setting next_dagrun for example_skip_dag to 2025-03-23 00:00:00+00:00, run_after=2025-03-24 00:00:00+00:00
[2025-03-24T17:30:51.264+0000] {processor.py:208} INFO - Processing /home/airflow/.local/lib/python3.12/site-packages/airflow/example_dags/example_skip_dag.py took 0.123 seconds
[2025-03-24T17:31:22.054+0000] {processor.py:186} INFO - Started process (PID=11493) to work on /home/airflow/.local/lib/python3.12/site-packages/airflow/example_dags/example_skip_dag.py
[2025-03-24T17:31:22.055+0000] {processor.py:914} INFO - Processing file /home/airflow/.local/lib/python3.12/site-packages/airflow/example_dags/example_skip_dag.py for tasks to queue
[2025-03-24T17:31:22.058+0000] {logging_mixin.py:190} INFO - [2025-03-24T17:31:22.057+0000] {dagbag.py:588} INFO - Filling up the DagBag from /home/airflow/.local/lib/python3.12/site-packages/airflow/example_dags/example_skip_dag.py
[2025-03-24T17:31:22.070+0000] {processor.py:925} INFO - DAG(s) 'example_skip_dag' retrieved from /home/airflow/.local/lib/python3.12/site-packages/airflow/example_dags/example_skip_dag.py
[2025-03-24T17:31:22.101+0000] {logging_mixin.py:190} INFO - [2025-03-24T17:31:22.101+0000] {dag.py:3239} INFO - Sync 1 DAGs
[2025-03-24T17:31:22.132+0000] {logging_mixin.py:190} INFO - [2025-03-24T17:31:22.132+0000] {dag.py:4180} INFO - Setting next_dagrun for example_skip_dag to 2025-03-23 00:00:00+00:00, run_after=2025-03-24 00:00:00+00:00
[2025-03-24T17:31:22.159+0000] {processor.py:208} INFO - Processing /home/airflow/.local/lib/python3.12/site-packages/airflow/example_dags/example_skip_dag.py took 0.114 seconds
[2025-03-24T17:31:53.970+0000] {processor.py:186} INFO - Started process (PID=11789) to work on /home/airflow/.local/lib/python3.12/site-packages/airflow/example_dags/example_skip_dag.py
[2025-03-24T17:31:53.971+0000] {processor.py:914} INFO - Processing file /home/airflow/.local/lib/python3.12/site-packages/airflow/example_dags/example_skip_dag.py for tasks to queue
[2025-03-24T17:31:53.974+0000] {logging_mixin.py:190} INFO - [2025-03-24T17:31:53.973+0000] {dagbag.py:588} INFO - Filling up the DagBag from /home/airflow/.local/lib/python3.12/site-packages/airflow/example_dags/example_skip_dag.py
[2025-03-24T17:31:53.983+0000] {processor.py:925} INFO - DAG(s) 'example_skip_dag' retrieved from /home/airflow/.local/lib/python3.12/site-packages/airflow/example_dags/example_skip_dag.py
[2025-03-24T17:31:54.016+0000] {logging_mixin.py:190} INFO - [2025-03-24T17:31:54.016+0000] {dag.py:3239} INFO - Sync 1 DAGs
[2025-03-24T17:31:54.052+0000] {logging_mixin.py:190} INFO - [2025-03-24T17:31:54.051+0000] {dag.py:4180} INFO - Setting next_dagrun for example_skip_dag to 2025-03-23 00:00:00+00:00, run_after=2025-03-24 00:00:00+00:00
[2025-03-24T17:31:54.081+0000] {processor.py:208} INFO - Processing /home/airflow/.local/lib/python3.12/site-packages/airflow/example_dags/example_skip_dag.py took 0.118 seconds
[2025-03-24T17:32:25.693+0000] {processor.py:186} INFO - Started process (PID=12079) to work on /home/airflow/.local/lib/python3.12/site-packages/airflow/example_dags/example_skip_dag.py
[2025-03-24T17:32:25.695+0000] {processor.py:914} INFO - Processing file /home/airflow/.local/lib/python3.12/site-packages/airflow/example_dags/example_skip_dag.py for tasks to queue
[2025-03-24T17:32:25.697+0000] {logging_mixin.py:190} INFO - [2025-03-24T17:32:25.697+0000] {dagbag.py:588} INFO - Filling up the DagBag from /home/airflow/.local/lib/python3.12/site-packages/airflow/example_dags/example_skip_dag.py
[2025-03-24T17:32:25.713+0000] {processor.py:925} INFO - DAG(s) 'example_skip_dag' retrieved from /home/airflow/.local/lib/python3.12/site-packages/airflow/example_dags/example_skip_dag.py
[2025-03-24T17:32:25.758+0000] {logging_mixin.py:190} INFO - [2025-03-24T17:32:25.757+0000] {dag.py:3239} INFO - Sync 1 DAGs
[2025-03-24T17:32:25.801+0000] {logging_mixin.py:190} INFO - [2025-03-24T17:32:25.800+0000] {dag.py:4180} INFO - Setting next_dagrun for example_skip_dag to 2025-03-23 00:00:00+00:00, run_after=2025-03-24 00:00:00+00:00
[2025-03-24T17:32:25.845+0000] {processor.py:208} INFO - Processing /home/airflow/.local/lib/python3.12/site-packages/airflow/example_dags/example_skip_dag.py took 0.164 seconds
[2025-03-24T17:32:57.211+0000] {processor.py:186} INFO - Started process (PID=12370) to work on /home/airflow/.local/lib/python3.12/site-packages/airflow/example_dags/example_skip_dag.py
[2025-03-24T17:32:57.215+0000] {processor.py:914} INFO - Processing file /home/airflow/.local/lib/python3.12/site-packages/airflow/example_dags/example_skip_dag.py for tasks to queue
[2025-03-24T17:32:57.218+0000] {logging_mixin.py:190} INFO - [2025-03-24T17:32:57.217+0000] {dagbag.py:588} INFO - Filling up the DagBag from /home/airflow/.local/lib/python3.12/site-packages/airflow/example_dags/example_skip_dag.py
[2025-03-24T17:32:57.231+0000] {processor.py:925} INFO - DAG(s) 'example_skip_dag' retrieved from /home/airflow/.local/lib/python3.12/site-packages/airflow/example_dags/example_skip_dag.py
[2025-03-24T17:32:57.270+0000] {logging_mixin.py:190} INFO - [2025-03-24T17:32:57.269+0000] {dag.py:3239} INFO - Sync 1 DAGs
[2025-03-24T17:32:57.316+0000] {logging_mixin.py:190} INFO - [2025-03-24T17:32:57.316+0000] {dag.py:4180} INFO - Setting next_dagrun for example_skip_dag to 2025-03-23 00:00:00+00:00, run_after=2025-03-24 00:00:00+00:00
[2025-03-24T17:32:57.358+0000] {processor.py:208} INFO - Processing /home/airflow/.local/lib/python3.12/site-packages/airflow/example_dags/example_skip_dag.py took 0.157 seconds
[2025-03-24T17:33:29.010+0000] {processor.py:186} INFO - Started process (PID=12666) to work on /home/airflow/.local/lib/python3.12/site-packages/airflow/example_dags/example_skip_dag.py
[2025-03-24T17:33:29.012+0000] {processor.py:914} INFO - Processing file /home/airflow/.local/lib/python3.12/site-packages/airflow/example_dags/example_skip_dag.py for tasks to queue
[2025-03-24T17:33:29.016+0000] {logging_mixin.py:190} INFO - [2025-03-24T17:33:29.015+0000] {dagbag.py:588} INFO - Filling up the DagBag from /home/airflow/.local/lib/python3.12/site-packages/airflow/example_dags/example_skip_dag.py
[2025-03-24T17:33:29.031+0000] {processor.py:925} INFO - DAG(s) 'example_skip_dag' retrieved from /home/airflow/.local/lib/python3.12/site-packages/airflow/example_dags/example_skip_dag.py
[2025-03-24T17:33:29.074+0000] {logging_mixin.py:190} INFO - [2025-03-24T17:33:29.073+0000] {dag.py:3239} INFO - Sync 1 DAGs
[2025-03-24T17:33:29.115+0000] {logging_mixin.py:190} INFO - [2025-03-24T17:33:29.115+0000] {dag.py:4180} INFO - Setting next_dagrun for example_skip_dag to 2025-03-23 00:00:00+00:00, run_after=2025-03-24 00:00:00+00:00
[2025-03-24T17:33:29.152+0000] {processor.py:208} INFO - Processing /home/airflow/.local/lib/python3.12/site-packages/airflow/example_dags/example_skip_dag.py took 0.155 seconds
[2025-03-24T17:34:00.581+0000] {processor.py:186} INFO - Started process (PID=12957) to work on /home/airflow/.local/lib/python3.12/site-packages/airflow/example_dags/example_skip_dag.py
[2025-03-24T17:34:00.582+0000] {processor.py:914} INFO - Processing file /home/airflow/.local/lib/python3.12/site-packages/airflow/example_dags/example_skip_dag.py for tasks to queue
[2025-03-24T17:34:00.585+0000] {logging_mixin.py:190} INFO - [2025-03-24T17:34:00.585+0000] {dagbag.py:588} INFO - Filling up the DagBag from /home/airflow/.local/lib/python3.12/site-packages/airflow/example_dags/example_skip_dag.py
[2025-03-24T17:34:00.599+0000] {processor.py:925} INFO - DAG(s) 'example_skip_dag' retrieved from /home/airflow/.local/lib/python3.12/site-packages/airflow/example_dags/example_skip_dag.py
[2025-03-24T17:34:00.637+0000] {logging_mixin.py:190} INFO - [2025-03-24T17:34:00.636+0000] {dag.py:3239} INFO - Sync 1 DAGs
[2025-03-24T17:34:00.682+0000] {logging_mixin.py:190} INFO - [2025-03-24T17:34:00.682+0000] {dag.py:4180} INFO - Setting next_dagrun for example_skip_dag to 2025-03-23 00:00:00+00:00, run_after=2025-03-24 00:00:00+00:00
[2025-03-24T17:34:00.721+0000] {processor.py:208} INFO - Processing /home/airflow/.local/lib/python3.12/site-packages/airflow/example_dags/example_skip_dag.py took 0.150 seconds
[2025-03-24T17:34:31.411+0000] {processor.py:186} INFO - Started process (PID=13248) to work on /home/airflow/.local/lib/python3.12/site-packages/airflow/example_dags/example_skip_dag.py
[2025-03-24T17:34:31.413+0000] {processor.py:914} INFO - Processing file /home/airflow/.local/lib/python3.12/site-packages/airflow/example_dags/example_skip_dag.py for tasks to queue
[2025-03-24T17:34:31.417+0000] {logging_mixin.py:190} INFO - [2025-03-24T17:34:31.416+0000] {dagbag.py:588} INFO - Filling up the DagBag from /home/airflow/.local/lib/python3.12/site-packages/airflow/example_dags/example_skip_dag.py
[2025-03-24T17:34:31.428+0000] {processor.py:925} INFO - DAG(s) 'example_skip_dag' retrieved from /home/airflow/.local/lib/python3.12/site-packages/airflow/example_dags/example_skip_dag.py
[2025-03-24T17:34:31.458+0000] {logging_mixin.py:190} INFO - [2025-03-24T17:34:31.458+0000] {dag.py:3239} INFO - Sync 1 DAGs
[2025-03-24T17:34:31.492+0000] {logging_mixin.py:190} INFO - [2025-03-24T17:34:31.491+0000] {dag.py:4180} INFO - Setting next_dagrun for example_skip_dag to 2025-03-23 00:00:00+00:00, run_after=2025-03-24 00:00:00+00:00
[2025-03-24T17:34:31.522+0000] {processor.py:208} INFO - Processing /home/airflow/.local/lib/python3.12/site-packages/airflow/example_dags/example_skip_dag.py took 0.120 seconds
[2025-03-24T17:35:03.750+0000] {processor.py:186} INFO - Started process (PID=13539) to work on /home/airflow/.local/lib/python3.12/site-packages/airflow/example_dags/example_skip_dag.py
[2025-03-24T17:35:03.754+0000] {processor.py:914} INFO - Processing file /home/airflow/.local/lib/python3.12/site-packages/airflow/example_dags/example_skip_dag.py for tasks to queue
[2025-03-24T17:35:03.758+0000] {logging_mixin.py:190} INFO - [2025-03-24T17:35:03.758+0000] {dagbag.py:588} INFO - Filling up the DagBag from /home/airflow/.local/lib/python3.12/site-packages/airflow/example_dags/example_skip_dag.py
[2025-03-24T17:35:03.782+0000] {processor.py:925} INFO - DAG(s) 'example_skip_dag' retrieved from /home/airflow/.local/lib/python3.12/site-packages/airflow/example_dags/example_skip_dag.py
[2025-03-24T17:35:03.819+0000] {logging_mixin.py:190} INFO - [2025-03-24T17:35:03.818+0000] {dag.py:3239} INFO - Sync 1 DAGs
[2025-03-24T17:35:03.865+0000] {logging_mixin.py:190} INFO - [2025-03-24T17:35:03.865+0000] {dag.py:4180} INFO - Setting next_dagrun for example_skip_dag to 2025-03-23 00:00:00+00:00, run_after=2025-03-24 00:00:00+00:00
[2025-03-24T17:35:03.901+0000] {processor.py:208} INFO - Processing /home/airflow/.local/lib/python3.12/site-packages/airflow/example_dags/example_skip_dag.py took 0.165 seconds
[2025-03-24T17:35:35.739+0000] {processor.py:186} INFO - Started process (PID=13829) to work on /home/airflow/.local/lib/python3.12/site-packages/airflow/example_dags/example_skip_dag.py
[2025-03-24T17:35:35.748+0000] {processor.py:914} INFO - Processing file /home/airflow/.local/lib/python3.12/site-packages/airflow/example_dags/example_skip_dag.py for tasks to queue
[2025-03-24T17:35:35.753+0000] {logging_mixin.py:190} INFO - [2025-03-24T17:35:35.752+0000] {dagbag.py:588} INFO - Filling up the DagBag from /home/airflow/.local/lib/python3.12/site-packages/airflow/example_dags/example_skip_dag.py
[2025-03-24T17:35:35.773+0000] {processor.py:925} INFO - DAG(s) 'example_skip_dag' retrieved from /home/airflow/.local/lib/python3.12/site-packages/airflow/example_dags/example_skip_dag.py
[2025-03-24T17:35:35.823+0000] {logging_mixin.py:190} INFO - [2025-03-24T17:35:35.823+0000] {dag.py:3239} INFO - Sync 1 DAGs
[2025-03-24T17:35:35.874+0000] {logging_mixin.py:190} INFO - [2025-03-24T17:35:35.873+0000] {dag.py:4180} INFO - Setting next_dagrun for example_skip_dag to 2025-03-23 00:00:00+00:00, run_after=2025-03-24 00:00:00+00:00
[2025-03-24T17:35:35.921+0000] {processor.py:208} INFO - Processing /home/airflow/.local/lib/python3.12/site-packages/airflow/example_dags/example_skip_dag.py took 0.201 seconds
[2025-03-24T17:36:07.226+0000] {processor.py:186} INFO - Started process (PID=14120) to work on /home/airflow/.local/lib/python3.12/site-packages/airflow/example_dags/example_skip_dag.py
[2025-03-24T17:36:07.227+0000] {processor.py:914} INFO - Processing file /home/airflow/.local/lib/python3.12/site-packages/airflow/example_dags/example_skip_dag.py for tasks to queue
[2025-03-24T17:36:07.230+0000] {logging_mixin.py:190} INFO - [2025-03-24T17:36:07.229+0000] {dagbag.py:588} INFO - Filling up the DagBag from /home/airflow/.local/lib/python3.12/site-packages/airflow/example_dags/example_skip_dag.py
[2025-03-24T17:36:07.244+0000] {processor.py:925} INFO - DAG(s) 'example_skip_dag' retrieved from /home/airflow/.local/lib/python3.12/site-packages/airflow/example_dags/example_skip_dag.py
[2025-03-24T17:36:07.282+0000] {logging_mixin.py:190} INFO - [2025-03-24T17:36:07.281+0000] {dag.py:3239} INFO - Sync 1 DAGs
[2025-03-24T17:36:07.344+0000] {logging_mixin.py:190} INFO - [2025-03-24T17:36:07.344+0000] {dag.py:4180} INFO - Setting next_dagrun for example_skip_dag to 2025-03-23 00:00:00+00:00, run_after=2025-03-24 00:00:00+00:00
[2025-03-24T17:36:07.392+0000] {processor.py:208} INFO - Processing /home/airflow/.local/lib/python3.12/site-packages/airflow/example_dags/example_skip_dag.py took 0.176 seconds
[2025-03-24T17:36:38.319+0000] {processor.py:186} INFO - Started process (PID=14411) to work on /home/airflow/.local/lib/python3.12/site-packages/airflow/example_dags/example_skip_dag.py
[2025-03-24T17:36:38.321+0000] {processor.py:914} INFO - Processing file /home/airflow/.local/lib/python3.12/site-packages/airflow/example_dags/example_skip_dag.py for tasks to queue
[2025-03-24T17:36:38.326+0000] {logging_mixin.py:190} INFO - [2025-03-24T17:36:38.324+0000] {dagbag.py:588} INFO - Filling up the DagBag from /home/airflow/.local/lib/python3.12/site-packages/airflow/example_dags/example_skip_dag.py
[2025-03-24T17:36:38.337+0000] {processor.py:925} INFO - DAG(s) 'example_skip_dag' retrieved from /home/airflow/.local/lib/python3.12/site-packages/airflow/example_dags/example_skip_dag.py
[2025-03-24T17:36:38.377+0000] {logging_mixin.py:190} INFO - [2025-03-24T17:36:38.377+0000] {dag.py:3239} INFO - Sync 1 DAGs
[2025-03-24T17:36:38.427+0000] {logging_mixin.py:190} INFO - [2025-03-24T17:36:38.426+0000] {dag.py:4180} INFO - Setting next_dagrun for example_skip_dag to 2025-03-23 00:00:00+00:00, run_after=2025-03-24 00:00:00+00:00
[2025-03-24T17:36:38.468+0000] {processor.py:208} INFO - Processing /home/airflow/.local/lib/python3.12/site-packages/airflow/example_dags/example_skip_dag.py took 0.156 seconds
[2025-03-24T17:37:09.185+0000] {processor.py:186} INFO - Started process (PID=14701) to work on /home/airflow/.local/lib/python3.12/site-packages/airflow/example_dags/example_skip_dag.py
[2025-03-24T17:37:09.186+0000] {processor.py:914} INFO - Processing file /home/airflow/.local/lib/python3.12/site-packages/airflow/example_dags/example_skip_dag.py for tasks to queue
[2025-03-24T17:37:09.189+0000] {logging_mixin.py:190} INFO - [2025-03-24T17:37:09.189+0000] {dagbag.py:588} INFO - Filling up the DagBag from /home/airflow/.local/lib/python3.12/site-packages/airflow/example_dags/example_skip_dag.py
[2025-03-24T17:37:09.204+0000] {processor.py:925} INFO - DAG(s) 'example_skip_dag' retrieved from /home/airflow/.local/lib/python3.12/site-packages/airflow/example_dags/example_skip_dag.py
[2025-03-24T17:37:09.254+0000] {logging_mixin.py:190} INFO - [2025-03-24T17:37:09.254+0000] {dag.py:3239} INFO - Sync 1 DAGs
[2025-03-24T17:37:09.303+0000] {logging_mixin.py:190} INFO - [2025-03-24T17:37:09.303+0000] {dag.py:4180} INFO - Setting next_dagrun for example_skip_dag to 2025-03-23 00:00:00+00:00, run_after=2025-03-24 00:00:00+00:00
[2025-03-24T17:37:09.345+0000] {processor.py:208} INFO - Processing /home/airflow/.local/lib/python3.12/site-packages/airflow/example_dags/example_skip_dag.py took 0.172 seconds
[2025-03-24T17:37:40.332+0000] {processor.py:186} INFO - Started process (PID=14992) to work on /home/airflow/.local/lib/python3.12/site-packages/airflow/example_dags/example_skip_dag.py
[2025-03-24T17:37:40.332+0000] {processor.py:914} INFO - Processing file /home/airflow/.local/lib/python3.12/site-packages/airflow/example_dags/example_skip_dag.py for tasks to queue
[2025-03-24T17:37:40.335+0000] {logging_mixin.py:190} INFO - [2025-03-24T17:37:40.334+0000] {dagbag.py:588} INFO - Filling up the DagBag from /home/airflow/.local/lib/python3.12/site-packages/airflow/example_dags/example_skip_dag.py
[2025-03-24T17:37:40.348+0000] {processor.py:925} INFO - DAG(s) 'example_skip_dag' retrieved from /home/airflow/.local/lib/python3.12/site-packages/airflow/example_dags/example_skip_dag.py
[2025-03-24T17:37:40.384+0000] {logging_mixin.py:190} INFO - [2025-03-24T17:37:40.384+0000] {dag.py:3239} INFO - Sync 1 DAGs
[2025-03-24T17:37:40.431+0000] {logging_mixin.py:190} INFO - [2025-03-24T17:37:40.431+0000] {dag.py:4180} INFO - Setting next_dagrun for example_skip_dag to 2025-03-23 00:00:00+00:00, run_after=2025-03-24 00:00:00+00:00
[2025-03-24T17:37:40.467+0000] {processor.py:208} INFO - Processing /home/airflow/.local/lib/python3.12/site-packages/airflow/example_dags/example_skip_dag.py took 0.146 seconds
[2025-03-24T17:38:11.789+0000] {processor.py:186} INFO - Started process (PID=15283) to work on /home/airflow/.local/lib/python3.12/site-packages/airflow/example_dags/example_skip_dag.py
[2025-03-24T17:38:11.793+0000] {processor.py:914} INFO - Processing file /home/airflow/.local/lib/python3.12/site-packages/airflow/example_dags/example_skip_dag.py for tasks to queue
[2025-03-24T17:38:11.796+0000] {logging_mixin.py:190} INFO - [2025-03-24T17:38:11.795+0000] {dagbag.py:588} INFO - Filling up the DagBag from /home/airflow/.local/lib/python3.12/site-packages/airflow/example_dags/example_skip_dag.py
[2025-03-24T17:38:11.806+0000] {processor.py:925} INFO - DAG(s) 'example_skip_dag' retrieved from /home/airflow/.local/lib/python3.12/site-packages/airflow/example_dags/example_skip_dag.py
[2025-03-24T17:38:11.850+0000] {logging_mixin.py:190} INFO - [2025-03-24T17:38:11.850+0000] {dag.py:3239} INFO - Sync 1 DAGs
[2025-03-24T17:38:11.897+0000] {logging_mixin.py:190} INFO - [2025-03-24T17:38:11.896+0000] {dag.py:4180} INFO - Setting next_dagrun for example_skip_dag to 2025-03-23 00:00:00+00:00, run_after=2025-03-24 00:00:00+00:00
[2025-03-24T17:38:11.931+0000] {processor.py:208} INFO - Processing /home/airflow/.local/lib/python3.12/site-packages/airflow/example_dags/example_skip_dag.py took 0.150 seconds
[2025-03-24T17:38:43.282+0000] {processor.py:186} INFO - Started process (PID=15574) to work on /home/airflow/.local/lib/python3.12/site-packages/airflow/example_dags/example_skip_dag.py
[2025-03-24T17:38:43.285+0000] {processor.py:914} INFO - Processing file /home/airflow/.local/lib/python3.12/site-packages/airflow/example_dags/example_skip_dag.py for tasks to queue
[2025-03-24T17:38:43.289+0000] {logging_mixin.py:190} INFO - [2025-03-24T17:38:43.288+0000] {dagbag.py:588} INFO - Filling up the DagBag from /home/airflow/.local/lib/python3.12/site-packages/airflow/example_dags/example_skip_dag.py
[2025-03-24T17:38:43.303+0000] {processor.py:925} INFO - DAG(s) 'example_skip_dag' retrieved from /home/airflow/.local/lib/python3.12/site-packages/airflow/example_dags/example_skip_dag.py
[2025-03-24T17:38:43.348+0000] {logging_mixin.py:190} INFO - [2025-03-24T17:38:43.347+0000] {dag.py:3239} INFO - Sync 1 DAGs
[2025-03-24T17:38:43.398+0000] {logging_mixin.py:190} INFO - [2025-03-24T17:38:43.398+0000] {dag.py:4180} INFO - Setting next_dagrun for example_skip_dag to 2025-03-23 00:00:00+00:00, run_after=2025-03-24 00:00:00+00:00
[2025-03-24T17:38:43.438+0000] {processor.py:208} INFO - Processing /home/airflow/.local/lib/python3.12/site-packages/airflow/example_dags/example_skip_dag.py took 0.169 seconds
[2025-03-24T17:39:14.092+0000] {processor.py:186} INFO - Started process (PID=15860) to work on /home/airflow/.local/lib/python3.12/site-packages/airflow/example_dags/example_skip_dag.py
[2025-03-24T17:39:14.096+0000] {processor.py:914} INFO - Processing file /home/airflow/.local/lib/python3.12/site-packages/airflow/example_dags/example_skip_dag.py for tasks to queue
[2025-03-24T17:39:14.100+0000] {logging_mixin.py:190} INFO - [2025-03-24T17:39:14.099+0000] {dagbag.py:588} INFO - Filling up the DagBag from /home/airflow/.local/lib/python3.12/site-packages/airflow/example_dags/example_skip_dag.py
[2025-03-24T17:39:14.118+0000] {processor.py:925} INFO - DAG(s) 'example_skip_dag' retrieved from /home/airflow/.local/lib/python3.12/site-packages/airflow/example_dags/example_skip_dag.py
[2025-03-24T17:39:14.164+0000] {logging_mixin.py:190} INFO - [2025-03-24T17:39:14.164+0000] {dag.py:3239} INFO - Sync 1 DAGs
[2025-03-24T17:39:14.203+0000] {logging_mixin.py:190} INFO - [2025-03-24T17:39:14.203+0000] {dag.py:4180} INFO - Setting next_dagrun for example_skip_dag to 2025-03-23 00:00:00+00:00, run_after=2025-03-24 00:00:00+00:00
[2025-03-24T17:39:14.238+0000] {processor.py:208} INFO - Processing /home/airflow/.local/lib/python3.12/site-packages/airflow/example_dags/example_skip_dag.py took 0.155 seconds
[2025-03-24T17:39:44.352+0000] {processor.py:186} INFO - Started process (PID=16148) to work on /home/airflow/.local/lib/python3.12/site-packages/airflow/example_dags/example_skip_dag.py
[2025-03-24T17:39:44.353+0000] {processor.py:914} INFO - Processing file /home/airflow/.local/lib/python3.12/site-packages/airflow/example_dags/example_skip_dag.py for tasks to queue
[2025-03-24T17:39:44.356+0000] {logging_mixin.py:190} INFO - [2025-03-24T17:39:44.356+0000] {dagbag.py:588} INFO - Filling up the DagBag from /home/airflow/.local/lib/python3.12/site-packages/airflow/example_dags/example_skip_dag.py
[2025-03-24T17:39:44.369+0000] {processor.py:925} INFO - DAG(s) 'example_skip_dag' retrieved from /home/airflow/.local/lib/python3.12/site-packages/airflow/example_dags/example_skip_dag.py
[2025-03-24T17:39:44.403+0000] {logging_mixin.py:190} INFO - [2025-03-24T17:39:44.403+0000] {dag.py:3239} INFO - Sync 1 DAGs
[2025-03-24T17:39:44.440+0000] {logging_mixin.py:190} INFO - [2025-03-24T17:39:44.440+0000] {dag.py:4180} INFO - Setting next_dagrun for example_skip_dag to 2025-03-23 00:00:00+00:00, run_after=2025-03-24 00:00:00+00:00
[2025-03-24T17:39:44.473+0000] {processor.py:208} INFO - Processing /home/airflow/.local/lib/python3.12/site-packages/airflow/example_dags/example_skip_dag.py took 0.131 seconds
[2025-03-24T17:40:14.534+0000] {processor.py:186} INFO - Started process (PID=16439) to work on /home/airflow/.local/lib/python3.12/site-packages/airflow/example_dags/example_skip_dag.py
[2025-03-24T17:40:14.535+0000] {processor.py:914} INFO - Processing file /home/airflow/.local/lib/python3.12/site-packages/airflow/example_dags/example_skip_dag.py for tasks to queue
[2025-03-24T17:40:14.538+0000] {logging_mixin.py:190} INFO - [2025-03-24T17:40:14.538+0000] {dagbag.py:588} INFO - Filling up the DagBag from /home/airflow/.local/lib/python3.12/site-packages/airflow/example_dags/example_skip_dag.py
[2025-03-24T17:40:14.547+0000] {processor.py:925} INFO - DAG(s) 'example_skip_dag' retrieved from /home/airflow/.local/lib/python3.12/site-packages/airflow/example_dags/example_skip_dag.py
[2025-03-24T17:40:14.571+0000] {logging_mixin.py:190} INFO - [2025-03-24T17:40:14.571+0000] {dag.py:3239} INFO - Sync 1 DAGs
[2025-03-24T17:40:14.602+0000] {logging_mixin.py:190} INFO - [2025-03-24T17:40:14.602+0000] {dag.py:4180} INFO - Setting next_dagrun for example_skip_dag to 2025-03-23 00:00:00+00:00, run_after=2025-03-24 00:00:00+00:00
[2025-03-24T17:40:14.633+0000] {processor.py:208} INFO - Processing /home/airflow/.local/lib/python3.12/site-packages/airflow/example_dags/example_skip_dag.py took 0.105 seconds
[2025-03-24T17:40:44.786+0000] {processor.py:186} INFO - Started process (PID=16728) to work on /home/airflow/.local/lib/python3.12/site-packages/airflow/example_dags/example_skip_dag.py
[2025-03-24T17:40:44.787+0000] {processor.py:914} INFO - Processing file /home/airflow/.local/lib/python3.12/site-packages/airflow/example_dags/example_skip_dag.py for tasks to queue
[2025-03-24T17:40:44.791+0000] {logging_mixin.py:190} INFO - [2025-03-24T17:40:44.790+0000] {dagbag.py:588} INFO - Filling up the DagBag from /home/airflow/.local/lib/python3.12/site-packages/airflow/example_dags/example_skip_dag.py
[2025-03-24T17:40:44.801+0000] {processor.py:925} INFO - DAG(s) 'example_skip_dag' retrieved from /home/airflow/.local/lib/python3.12/site-packages/airflow/example_dags/example_skip_dag.py
[2025-03-24T17:40:44.829+0000] {logging_mixin.py:190} INFO - [2025-03-24T17:40:44.828+0000] {dag.py:3239} INFO - Sync 1 DAGs
[2025-03-24T17:40:44.869+0000] {logging_mixin.py:190} INFO - [2025-03-24T17:40:44.869+0000] {dag.py:4180} INFO - Setting next_dagrun for example_skip_dag to 2025-03-23 00:00:00+00:00, run_after=2025-03-24 00:00:00+00:00
[2025-03-24T17:40:44.897+0000] {processor.py:208} INFO - Processing /home/airflow/.local/lib/python3.12/site-packages/airflow/example_dags/example_skip_dag.py took 0.118 seconds
[2025-03-24T17:41:16.230+0000] {processor.py:186} INFO - Started process (PID=17019) to work on /home/airflow/.local/lib/python3.12/site-packages/airflow/example_dags/example_skip_dag.py
[2025-03-24T17:41:16.232+0000] {processor.py:914} INFO - Processing file /home/airflow/.local/lib/python3.12/site-packages/airflow/example_dags/example_skip_dag.py for tasks to queue
[2025-03-24T17:41:16.236+0000] {logging_mixin.py:190} INFO - [2025-03-24T17:41:16.235+0000] {dagbag.py:588} INFO - Filling up the DagBag from /home/airflow/.local/lib/python3.12/site-packages/airflow/example_dags/example_skip_dag.py
[2025-03-24T17:41:16.251+0000] {processor.py:925} INFO - DAG(s) 'example_skip_dag' retrieved from /home/airflow/.local/lib/python3.12/site-packages/airflow/example_dags/example_skip_dag.py
[2025-03-24T17:41:16.293+0000] {logging_mixin.py:190} INFO - [2025-03-24T17:41:16.292+0000] {dag.py:3239} INFO - Sync 1 DAGs
[2025-03-24T17:41:16.361+0000] {logging_mixin.py:190} INFO - [2025-03-24T17:41:16.361+0000] {dag.py:4180} INFO - Setting next_dagrun for example_skip_dag to 2025-03-23 00:00:00+00:00, run_after=2025-03-24 00:00:00+00:00
[2025-03-24T17:41:16.401+0000] {processor.py:208} INFO - Processing /home/airflow/.local/lib/python3.12/site-packages/airflow/example_dags/example_skip_dag.py took 0.182 seconds
[2025-03-24T17:41:47.342+0000] {processor.py:186} INFO - Started process (PID=17309) to work on /home/airflow/.local/lib/python3.12/site-packages/airflow/example_dags/example_skip_dag.py
[2025-03-24T17:41:47.343+0000] {processor.py:914} INFO - Processing file /home/airflow/.local/lib/python3.12/site-packages/airflow/example_dags/example_skip_dag.py for tasks to queue
[2025-03-24T17:41:47.350+0000] {logging_mixin.py:190} INFO - [2025-03-24T17:41:47.348+0000] {dagbag.py:588} INFO - Filling up the DagBag from /home/airflow/.local/lib/python3.12/site-packages/airflow/example_dags/example_skip_dag.py
[2025-03-24T17:41:47.366+0000] {processor.py:925} INFO - DAG(s) 'example_skip_dag' retrieved from /home/airflow/.local/lib/python3.12/site-packages/airflow/example_dags/example_skip_dag.py
[2025-03-24T17:41:47.424+0000] {logging_mixin.py:190} INFO - [2025-03-24T17:41:47.424+0000] {dag.py:3239} INFO - Sync 1 DAGs
[2025-03-24T17:41:47.489+0000] {logging_mixin.py:190} INFO - [2025-03-24T17:41:47.489+0000] {dag.py:4180} INFO - Setting next_dagrun for example_skip_dag to 2025-03-23 00:00:00+00:00, run_after=2025-03-24 00:00:00+00:00
[2025-03-24T17:41:47.527+0000] {processor.py:208} INFO - Processing /home/airflow/.local/lib/python3.12/site-packages/airflow/example_dags/example_skip_dag.py took 0.197 seconds
