[2025-03-24T17:11:28.774+0000] {processor.py:186} INFO - Started process (PID=315) to work on /home/airflow/.local/lib/python3.12/site-packages/airflow/example_dags/example_sensor_decorator.py
[2025-03-24T17:11:28.775+0000] {processor.py:914} INFO - Processing file /home/airflow/.local/lib/python3.12/site-packages/airflow/example_dags/example_sensor_decorator.py for tasks to queue
[2025-03-24T17:11:28.778+0000] {logging_mixin.py:190} INFO - [2025-03-24T17:11:28.778+0000] {dagbag.py:588} INFO - Filling up the DagBag from /home/airflow/.local/lib/python3.12/site-packages/airflow/example_dags/example_sensor_decorator.py
[2025-03-24T17:11:28.790+0000] {processor.py:925} INFO - DAG(s) 'example_sensor_decorator' retrieved from /home/airflow/.local/lib/python3.12/site-packages/airflow/example_dags/example_sensor_decorator.py
[2025-03-24T17:11:28.986+0000] {logging_mixin.py:190} INFO - [2025-03-24T17:11:28.985+0000] {override.py:1912} INFO - Created Permission View: can delete on DAG:example_sensor_decorator
[2025-03-24T17:11:29.004+0000] {logging_mixin.py:190} INFO - [2025-03-24T17:11:29.003+0000] {override.py:1912} INFO - Created Permission View: can edit on DAG:example_sensor_decorator
[2025-03-24T17:11:29.020+0000] {logging_mixin.py:190} INFO - [2025-03-24T17:11:29.019+0000] {override.py:1912} INFO - Created Permission View: can read on DAG:example_sensor_decorator
[2025-03-24T17:11:29.038+0000] {logging_mixin.py:190} INFO - [2025-03-24T17:11:29.038+0000] {override.py:1912} INFO - Created Permission View: menu access on DAG Run:example_sensor_decorator
[2025-03-24T17:11:29.053+0000] {logging_mixin.py:190} INFO - [2025-03-24T17:11:29.052+0000] {override.py:1912} INFO - Created Permission View: can delete on DAG Run:example_sensor_decorator
[2025-03-24T17:11:29.068+0000] {logging_mixin.py:190} INFO - [2025-03-24T17:11:29.067+0000] {override.py:1912} INFO - Created Permission View: can read on DAG Run:example_sensor_decorator
[2025-03-24T17:11:29.084+0000] {logging_mixin.py:190} INFO - [2025-03-24T17:11:29.083+0000] {override.py:1912} INFO - Created Permission View: can create on DAG Run:example_sensor_decorator
[2025-03-24T17:11:29.085+0000] {logging_mixin.py:190} INFO - [2025-03-24T17:11:29.084+0000] {dag.py:3239} INFO - Sync 1 DAGs
[2025-03-24T17:11:29.112+0000] {logging_mixin.py:190} INFO - [2025-03-24T17:11:29.112+0000] {dag.py:3262} INFO - Creating ORM DAG for example_sensor_decorator
[2025-03-24T17:11:29.113+0000] {logging_mixin.py:190} INFO - [2025-03-24T17:11:29.113+0000] {dag.py:4180} INFO - Setting next_dagrun for example_sensor_decorator to None, run_after=None
[2025-03-24T17:11:29.150+0000] {processor.py:208} INFO - Processing /home/airflow/.local/lib/python3.12/site-packages/airflow/example_dags/example_sensor_decorator.py took 0.383 seconds
[2025-03-24T17:11:59.392+0000] {processor.py:186} INFO - Started process (PID=606) to work on /home/airflow/.local/lib/python3.12/site-packages/airflow/example_dags/example_sensor_decorator.py
[2025-03-24T17:11:59.394+0000] {processor.py:914} INFO - Processing file /home/airflow/.local/lib/python3.12/site-packages/airflow/example_dags/example_sensor_decorator.py for tasks to queue
[2025-03-24T17:11:59.397+0000] {logging_mixin.py:190} INFO - [2025-03-24T17:11:59.396+0000] {dagbag.py:588} INFO - Filling up the DagBag from /home/airflow/.local/lib/python3.12/site-packages/airflow/example_dags/example_sensor_decorator.py
[2025-03-24T17:11:59.411+0000] {processor.py:925} INFO - DAG(s) 'example_sensor_decorator' retrieved from /home/airflow/.local/lib/python3.12/site-packages/airflow/example_dags/example_sensor_decorator.py
[2025-03-24T17:11:59.438+0000] {logging_mixin.py:190} INFO - [2025-03-24T17:11:59.438+0000] {dag.py:3239} INFO - Sync 1 DAGs
[2025-03-24T17:11:59.458+0000] {logging_mixin.py:190} INFO - [2025-03-24T17:11:59.458+0000] {dag.py:4180} INFO - Setting next_dagrun for example_sensor_decorator to None, run_after=None
[2025-03-24T17:11:59.495+0000] {processor.py:208} INFO - Processing /home/airflow/.local/lib/python3.12/site-packages/airflow/example_dags/example_sensor_decorator.py took 0.112 seconds
[2025-03-24T17:12:29.741+0000] {processor.py:186} INFO - Started process (PID=894) to work on /home/airflow/.local/lib/python3.12/site-packages/airflow/example_dags/example_sensor_decorator.py
[2025-03-24T17:12:29.742+0000] {processor.py:914} INFO - Processing file /home/airflow/.local/lib/python3.12/site-packages/airflow/example_dags/example_sensor_decorator.py for tasks to queue
[2025-03-24T17:12:29.744+0000] {logging_mixin.py:190} INFO - [2025-03-24T17:12:29.744+0000] {dagbag.py:588} INFO - Filling up the DagBag from /home/airflow/.local/lib/python3.12/site-packages/airflow/example_dags/example_sensor_decorator.py
[2025-03-24T17:12:29.757+0000] {processor.py:925} INFO - DAG(s) 'example_sensor_decorator' retrieved from /home/airflow/.local/lib/python3.12/site-packages/airflow/example_dags/example_sensor_decorator.py
[2025-03-24T17:12:29.791+0000] {logging_mixin.py:190} INFO - [2025-03-24T17:12:29.791+0000] {dag.py:3239} INFO - Sync 1 DAGs
[2025-03-24T17:12:29.823+0000] {logging_mixin.py:190} INFO - [2025-03-24T17:12:29.822+0000] {dag.py:4180} INFO - Setting next_dagrun for example_sensor_decorator to None, run_after=None
[2025-03-24T17:12:29.870+0000] {processor.py:208} INFO - Processing /home/airflow/.local/lib/python3.12/site-packages/airflow/example_dags/example_sensor_decorator.py took 0.138 seconds
[2025-03-24T17:13:00.153+0000] {processor.py:186} INFO - Started process (PID=1183) to work on /home/airflow/.local/lib/python3.12/site-packages/airflow/example_dags/example_sensor_decorator.py
[2025-03-24T17:13:00.164+0000] {processor.py:914} INFO - Processing file /home/airflow/.local/lib/python3.12/site-packages/airflow/example_dags/example_sensor_decorator.py for tasks to queue
[2025-03-24T17:13:00.167+0000] {logging_mixin.py:190} INFO - [2025-03-24T17:13:00.167+0000] {dagbag.py:588} INFO - Filling up the DagBag from /home/airflow/.local/lib/python3.12/site-packages/airflow/example_dags/example_sensor_decorator.py
[2025-03-24T17:13:00.178+0000] {processor.py:925} INFO - DAG(s) 'example_sensor_decorator' retrieved from /home/airflow/.local/lib/python3.12/site-packages/airflow/example_dags/example_sensor_decorator.py
[2025-03-24T17:13:00.204+0000] {logging_mixin.py:190} INFO - [2025-03-24T17:13:00.204+0000] {dag.py:3239} INFO - Sync 1 DAGs
[2025-03-24T17:13:00.230+0000] {logging_mixin.py:190} INFO - [2025-03-24T17:13:00.230+0000] {dag.py:4180} INFO - Setting next_dagrun for example_sensor_decorator to None, run_after=None
[2025-03-24T17:13:00.264+0000] {processor.py:208} INFO - Processing /home/airflow/.local/lib/python3.12/site-packages/airflow/example_dags/example_sensor_decorator.py took 0.117 seconds
[2025-03-24T17:13:32.779+0000] {processor.py:186} INFO - Started process (PID=1474) to work on /home/airflow/.local/lib/python3.12/site-packages/airflow/example_dags/example_sensor_decorator.py
[2025-03-24T17:13:32.787+0000] {processor.py:914} INFO - Processing file /home/airflow/.local/lib/python3.12/site-packages/airflow/example_dags/example_sensor_decorator.py for tasks to queue
[2025-03-24T17:13:32.806+0000] {logging_mixin.py:190} INFO - [2025-03-24T17:13:32.804+0000] {dagbag.py:588} INFO - Filling up the DagBag from /home/airflow/.local/lib/python3.12/site-packages/airflow/example_dags/example_sensor_decorator.py
[2025-03-24T17:13:32.825+0000] {processor.py:925} INFO - DAG(s) 'example_sensor_decorator' retrieved from /home/airflow/.local/lib/python3.12/site-packages/airflow/example_dags/example_sensor_decorator.py
[2025-03-24T17:13:32.866+0000] {logging_mixin.py:190} INFO - [2025-03-24T17:13:32.865+0000] {dag.py:3239} INFO - Sync 1 DAGs
[2025-03-24T17:13:32.900+0000] {logging_mixin.py:190} INFO - [2025-03-24T17:13:32.900+0000] {dag.py:4180} INFO - Setting next_dagrun for example_sensor_decorator to None, run_after=None
[2025-03-24T17:13:32.946+0000] {processor.py:208} INFO - Processing /home/airflow/.local/lib/python3.12/site-packages/airflow/example_dags/example_sensor_decorator.py took 0.181 seconds
[2025-03-24T17:14:03.885+0000] {processor.py:186} INFO - Started process (PID=1765) to work on /home/airflow/.local/lib/python3.12/site-packages/airflow/example_dags/example_sensor_decorator.py
[2025-03-24T17:14:03.887+0000] {processor.py:914} INFO - Processing file /home/airflow/.local/lib/python3.12/site-packages/airflow/example_dags/example_sensor_decorator.py for tasks to queue
[2025-03-24T17:14:03.889+0000] {logging_mixin.py:190} INFO - [2025-03-24T17:14:03.889+0000] {dagbag.py:588} INFO - Filling up the DagBag from /home/airflow/.local/lib/python3.12/site-packages/airflow/example_dags/example_sensor_decorator.py
[2025-03-24T17:14:03.899+0000] {processor.py:925} INFO - DAG(s) 'example_sensor_decorator' retrieved from /home/airflow/.local/lib/python3.12/site-packages/airflow/example_dags/example_sensor_decorator.py
[2025-03-24T17:14:03.930+0000] {logging_mixin.py:190} INFO - [2025-03-24T17:14:03.929+0000] {dag.py:3239} INFO - Sync 1 DAGs
[2025-03-24T17:14:03.954+0000] {logging_mixin.py:190} INFO - [2025-03-24T17:14:03.954+0000] {dag.py:4180} INFO - Setting next_dagrun for example_sensor_decorator to None, run_after=None
[2025-03-24T17:14:03.984+0000] {processor.py:208} INFO - Processing /home/airflow/.local/lib/python3.12/site-packages/airflow/example_dags/example_sensor_decorator.py took 0.106 seconds
[2025-03-24T17:14:35.569+0000] {processor.py:186} INFO - Started process (PID=2056) to work on /home/airflow/.local/lib/python3.12/site-packages/airflow/example_dags/example_sensor_decorator.py
[2025-03-24T17:14:35.574+0000] {processor.py:914} INFO - Processing file /home/airflow/.local/lib/python3.12/site-packages/airflow/example_dags/example_sensor_decorator.py for tasks to queue
[2025-03-24T17:14:35.577+0000] {logging_mixin.py:190} INFO - [2025-03-24T17:14:35.576+0000] {dagbag.py:588} INFO - Filling up the DagBag from /home/airflow/.local/lib/python3.12/site-packages/airflow/example_dags/example_sensor_decorator.py
[2025-03-24T17:14:35.588+0000] {processor.py:925} INFO - DAG(s) 'example_sensor_decorator' retrieved from /home/airflow/.local/lib/python3.12/site-packages/airflow/example_dags/example_sensor_decorator.py
[2025-03-24T17:14:35.619+0000] {logging_mixin.py:190} INFO - [2025-03-24T17:14:35.619+0000] {dag.py:3239} INFO - Sync 1 DAGs
[2025-03-24T17:14:35.644+0000] {logging_mixin.py:190} INFO - [2025-03-24T17:14:35.643+0000] {dag.py:4180} INFO - Setting next_dagrun for example_sensor_decorator to None, run_after=None
[2025-03-24T17:14:35.698+0000] {processor.py:208} INFO - Processing /home/airflow/.local/lib/python3.12/site-packages/airflow/example_dags/example_sensor_decorator.py took 0.137 seconds
[2025-03-24T17:15:06.924+0000] {processor.py:186} INFO - Started process (PID=2348) to work on /home/airflow/.local/lib/python3.12/site-packages/airflow/example_dags/example_sensor_decorator.py
[2025-03-24T17:15:06.925+0000] {processor.py:914} INFO - Processing file /home/airflow/.local/lib/python3.12/site-packages/airflow/example_dags/example_sensor_decorator.py for tasks to queue
[2025-03-24T17:15:06.927+0000] {logging_mixin.py:190} INFO - [2025-03-24T17:15:06.927+0000] {dagbag.py:588} INFO - Filling up the DagBag from /home/airflow/.local/lib/python3.12/site-packages/airflow/example_dags/example_sensor_decorator.py
[2025-03-24T17:15:06.939+0000] {processor.py:925} INFO - DAG(s) 'example_sensor_decorator' retrieved from /home/airflow/.local/lib/python3.12/site-packages/airflow/example_dags/example_sensor_decorator.py
[2025-03-24T17:15:06.971+0000] {logging_mixin.py:190} INFO - [2025-03-24T17:15:06.971+0000] {dag.py:3239} INFO - Sync 1 DAGs
[2025-03-24T17:15:06.989+0000] {logging_mixin.py:190} INFO - [2025-03-24T17:15:06.988+0000] {dag.py:4180} INFO - Setting next_dagrun for example_sensor_decorator to None, run_after=None
[2025-03-24T17:15:07.022+0000] {processor.py:208} INFO - Processing /home/airflow/.local/lib/python3.12/site-packages/airflow/example_dags/example_sensor_decorator.py took 0.106 seconds
[2025-03-24T17:15:38.144+0000] {processor.py:186} INFO - Started process (PID=2639) to work on /home/airflow/.local/lib/python3.12/site-packages/airflow/example_dags/example_sensor_decorator.py
[2025-03-24T17:15:38.145+0000] {processor.py:914} INFO - Processing file /home/airflow/.local/lib/python3.12/site-packages/airflow/example_dags/example_sensor_decorator.py for tasks to queue
[2025-03-24T17:15:38.148+0000] {logging_mixin.py:190} INFO - [2025-03-24T17:15:38.147+0000] {dagbag.py:588} INFO - Filling up the DagBag from /home/airflow/.local/lib/python3.12/site-packages/airflow/example_dags/example_sensor_decorator.py
[2025-03-24T17:15:38.156+0000] {processor.py:925} INFO - DAG(s) 'example_sensor_decorator' retrieved from /home/airflow/.local/lib/python3.12/site-packages/airflow/example_dags/example_sensor_decorator.py
[2025-03-24T17:15:38.184+0000] {logging_mixin.py:190} INFO - [2025-03-24T17:15:38.183+0000] {dag.py:3239} INFO - Sync 1 DAGs
[2025-03-24T17:15:38.206+0000] {logging_mixin.py:190} INFO - [2025-03-24T17:15:38.206+0000] {dag.py:4180} INFO - Setting next_dagrun for example_sensor_decorator to None, run_after=None
[2025-03-24T17:15:38.236+0000] {processor.py:208} INFO - Processing /home/airflow/.local/lib/python3.12/site-packages/airflow/example_dags/example_sensor_decorator.py took 0.099 seconds
[2025-03-24T17:16:09.185+0000] {processor.py:186} INFO - Started process (PID=2930) to work on /home/airflow/.local/lib/python3.12/site-packages/airflow/example_dags/example_sensor_decorator.py
[2025-03-24T17:16:09.186+0000] {processor.py:914} INFO - Processing file /home/airflow/.local/lib/python3.12/site-packages/airflow/example_dags/example_sensor_decorator.py for tasks to queue
[2025-03-24T17:16:09.188+0000] {logging_mixin.py:190} INFO - [2025-03-24T17:16:09.187+0000] {dagbag.py:588} INFO - Filling up the DagBag from /home/airflow/.local/lib/python3.12/site-packages/airflow/example_dags/example_sensor_decorator.py
[2025-03-24T17:16:09.200+0000] {processor.py:925} INFO - DAG(s) 'example_sensor_decorator' retrieved from /home/airflow/.local/lib/python3.12/site-packages/airflow/example_dags/example_sensor_decorator.py
[2025-03-24T17:16:09.225+0000] {logging_mixin.py:190} INFO - [2025-03-24T17:16:09.225+0000] {dag.py:3239} INFO - Sync 1 DAGs
[2025-03-24T17:16:09.249+0000] {logging_mixin.py:190} INFO - [2025-03-24T17:16:09.248+0000] {dag.py:4180} INFO - Setting next_dagrun for example_sensor_decorator to None, run_after=None
[2025-03-24T17:16:09.286+0000] {processor.py:208} INFO - Processing /home/airflow/.local/lib/python3.12/site-packages/airflow/example_dags/example_sensor_decorator.py took 0.109 seconds
[2025-03-24T17:16:40.503+0000] {processor.py:186} INFO - Started process (PID=3220) to work on /home/airflow/.local/lib/python3.12/site-packages/airflow/example_dags/example_sensor_decorator.py
[2025-03-24T17:16:40.519+0000] {processor.py:914} INFO - Processing file /home/airflow/.local/lib/python3.12/site-packages/airflow/example_dags/example_sensor_decorator.py for tasks to queue
[2025-03-24T17:16:40.523+0000] {logging_mixin.py:190} INFO - [2025-03-24T17:16:40.522+0000] {dagbag.py:588} INFO - Filling up the DagBag from /home/airflow/.local/lib/python3.12/site-packages/airflow/example_dags/example_sensor_decorator.py
[2025-03-24T17:16:40.534+0000] {processor.py:925} INFO - DAG(s) 'example_sensor_decorator' retrieved from /home/airflow/.local/lib/python3.12/site-packages/airflow/example_dags/example_sensor_decorator.py
[2025-03-24T17:16:40.564+0000] {logging_mixin.py:190} INFO - [2025-03-24T17:16:40.564+0000] {dag.py:3239} INFO - Sync 1 DAGs
[2025-03-24T17:16:40.582+0000] {logging_mixin.py:190} INFO - [2025-03-24T17:16:40.582+0000] {dag.py:4180} INFO - Setting next_dagrun for example_sensor_decorator to None, run_after=None
[2025-03-24T17:16:40.608+0000] {processor.py:208} INFO - Processing /home/airflow/.local/lib/python3.12/site-packages/airflow/example_dags/example_sensor_decorator.py took 0.116 seconds
[2025-03-24T17:17:11.903+0000] {processor.py:186} INFO - Started process (PID=3511) to work on /home/airflow/.local/lib/python3.12/site-packages/airflow/example_dags/example_sensor_decorator.py
[2025-03-24T17:17:11.907+0000] {processor.py:914} INFO - Processing file /home/airflow/.local/lib/python3.12/site-packages/airflow/example_dags/example_sensor_decorator.py for tasks to queue
[2025-03-24T17:17:11.910+0000] {logging_mixin.py:190} INFO - [2025-03-24T17:17:11.910+0000] {dagbag.py:588} INFO - Filling up the DagBag from /home/airflow/.local/lib/python3.12/site-packages/airflow/example_dags/example_sensor_decorator.py
[2025-03-24T17:17:11.925+0000] {processor.py:925} INFO - DAG(s) 'example_sensor_decorator' retrieved from /home/airflow/.local/lib/python3.12/site-packages/airflow/example_dags/example_sensor_decorator.py
[2025-03-24T17:17:11.961+0000] {logging_mixin.py:190} INFO - [2025-03-24T17:17:11.961+0000] {dag.py:3239} INFO - Sync 1 DAGs
[2025-03-24T17:17:11.990+0000] {logging_mixin.py:190} INFO - [2025-03-24T17:17:11.990+0000] {dag.py:4180} INFO - Setting next_dagrun for example_sensor_decorator to None, run_after=None
[2025-03-24T17:17:12.026+0000] {processor.py:208} INFO - Processing /home/airflow/.local/lib/python3.12/site-packages/airflow/example_dags/example_sensor_decorator.py took 0.134 seconds
[2025-03-24T17:17:42.218+0000] {processor.py:186} INFO - Started process (PID=3797) to work on /home/airflow/.local/lib/python3.12/site-packages/airflow/example_dags/example_sensor_decorator.py
[2025-03-24T17:17:42.219+0000] {processor.py:914} INFO - Processing file /home/airflow/.local/lib/python3.12/site-packages/airflow/example_dags/example_sensor_decorator.py for tasks to queue
[2025-03-24T17:17:42.223+0000] {logging_mixin.py:190} INFO - [2025-03-24T17:17:42.222+0000] {dagbag.py:588} INFO - Filling up the DagBag from /home/airflow/.local/lib/python3.12/site-packages/airflow/example_dags/example_sensor_decorator.py
[2025-03-24T17:17:42.235+0000] {processor.py:925} INFO - DAG(s) 'example_sensor_decorator' retrieved from /home/airflow/.local/lib/python3.12/site-packages/airflow/example_dags/example_sensor_decorator.py
[2025-03-24T17:17:42.265+0000] {logging_mixin.py:190} INFO - [2025-03-24T17:17:42.265+0000] {dag.py:3239} INFO - Sync 1 DAGs
[2025-03-24T17:17:42.290+0000] {logging_mixin.py:190} INFO - [2025-03-24T17:17:42.289+0000] {dag.py:4180} INFO - Setting next_dagrun for example_sensor_decorator to None, run_after=None
[2025-03-24T17:17:42.325+0000] {processor.py:208} INFO - Processing /home/airflow/.local/lib/python3.12/site-packages/airflow/example_dags/example_sensor_decorator.py took 0.117 seconds
[2025-03-24T17:18:12.890+0000] {processor.py:186} INFO - Started process (PID=4113) to work on /home/airflow/.local/lib/python3.12/site-packages/airflow/example_dags/example_sensor_decorator.py
[2025-03-24T17:18:12.894+0000] {processor.py:914} INFO - Processing file /home/airflow/.local/lib/python3.12/site-packages/airflow/example_dags/example_sensor_decorator.py for tasks to queue
[2025-03-24T17:18:12.897+0000] {logging_mixin.py:190} INFO - [2025-03-24T17:18:12.896+0000] {dagbag.py:588} INFO - Filling up the DagBag from /home/airflow/.local/lib/python3.12/site-packages/airflow/example_dags/example_sensor_decorator.py
[2025-03-24T17:18:12.910+0000] {processor.py:925} INFO - DAG(s) 'example_sensor_decorator' retrieved from /home/airflow/.local/lib/python3.12/site-packages/airflow/example_dags/example_sensor_decorator.py
[2025-03-24T17:18:12.936+0000] {logging_mixin.py:190} INFO - [2025-03-24T17:18:12.935+0000] {dag.py:3239} INFO - Sync 1 DAGs
[2025-03-24T17:18:12.954+0000] {logging_mixin.py:190} INFO - [2025-03-24T17:18:12.953+0000] {dag.py:4180} INFO - Setting next_dagrun for example_sensor_decorator to None, run_after=None
[2025-03-24T17:18:12.982+0000] {processor.py:208} INFO - Processing /home/airflow/.local/lib/python3.12/site-packages/airflow/example_dags/example_sensor_decorator.py took 0.101 seconds
[2025-03-24T17:18:43.854+0000] {processor.py:186} INFO - Started process (PID=4400) to work on /home/airflow/.local/lib/python3.12/site-packages/airflow/example_dags/example_sensor_decorator.py
[2025-03-24T17:18:43.855+0000] {processor.py:914} INFO - Processing file /home/airflow/.local/lib/python3.12/site-packages/airflow/example_dags/example_sensor_decorator.py for tasks to queue
[2025-03-24T17:18:43.859+0000] {logging_mixin.py:190} INFO - [2025-03-24T17:18:43.858+0000] {dagbag.py:588} INFO - Filling up the DagBag from /home/airflow/.local/lib/python3.12/site-packages/airflow/example_dags/example_sensor_decorator.py
[2025-03-24T17:18:43.874+0000] {processor.py:925} INFO - DAG(s) 'example_sensor_decorator' retrieved from /home/airflow/.local/lib/python3.12/site-packages/airflow/example_dags/example_sensor_decorator.py
[2025-03-24T17:18:43.929+0000] {logging_mixin.py:190} INFO - [2025-03-24T17:18:43.929+0000] {dag.py:3239} INFO - Sync 1 DAGs
[2025-03-24T17:18:43.962+0000] {logging_mixin.py:190} INFO - [2025-03-24T17:18:43.961+0000] {dag.py:4180} INFO - Setting next_dagrun for example_sensor_decorator to None, run_after=None
[2025-03-24T17:18:44.025+0000] {processor.py:208} INFO - Processing /home/airflow/.local/lib/python3.12/site-packages/airflow/example_dags/example_sensor_decorator.py took 0.181 seconds
[2025-03-24T17:19:14.821+0000] {processor.py:186} INFO - Started process (PID=4691) to work on /home/airflow/.local/lib/python3.12/site-packages/airflow/example_dags/example_sensor_decorator.py
[2025-03-24T17:19:14.822+0000] {processor.py:914} INFO - Processing file /home/airflow/.local/lib/python3.12/site-packages/airflow/example_dags/example_sensor_decorator.py for tasks to queue
[2025-03-24T17:19:14.825+0000] {logging_mixin.py:190} INFO - [2025-03-24T17:19:14.824+0000] {dagbag.py:588} INFO - Filling up the DagBag from /home/airflow/.local/lib/python3.12/site-packages/airflow/example_dags/example_sensor_decorator.py
[2025-03-24T17:19:14.838+0000] {processor.py:925} INFO - DAG(s) 'example_sensor_decorator' retrieved from /home/airflow/.local/lib/python3.12/site-packages/airflow/example_dags/example_sensor_decorator.py
[2025-03-24T17:19:14.867+0000] {logging_mixin.py:190} INFO - [2025-03-24T17:19:14.867+0000] {dag.py:3239} INFO - Sync 1 DAGs
[2025-03-24T17:19:14.891+0000] {logging_mixin.py:190} INFO - [2025-03-24T17:19:14.891+0000] {dag.py:4180} INFO - Setting next_dagrun for example_sensor_decorator to None, run_after=None
[2025-03-24T17:19:14.931+0000] {processor.py:208} INFO - Processing /home/airflow/.local/lib/python3.12/site-packages/airflow/example_dags/example_sensor_decorator.py took 0.116 seconds
[2025-03-24T17:19:46.810+0000] {processor.py:186} INFO - Started process (PID=4988) to work on /home/airflow/.local/lib/python3.12/site-packages/airflow/example_dags/example_sensor_decorator.py
[2025-03-24T17:19:46.811+0000] {processor.py:914} INFO - Processing file /home/airflow/.local/lib/python3.12/site-packages/airflow/example_dags/example_sensor_decorator.py for tasks to queue
[2025-03-24T17:19:46.813+0000] {logging_mixin.py:190} INFO - [2025-03-24T17:19:46.813+0000] {dagbag.py:588} INFO - Filling up the DagBag from /home/airflow/.local/lib/python3.12/site-packages/airflow/example_dags/example_sensor_decorator.py
[2025-03-24T17:19:46.830+0000] {processor.py:925} INFO - DAG(s) 'example_sensor_decorator' retrieved from /home/airflow/.local/lib/python3.12/site-packages/airflow/example_dags/example_sensor_decorator.py
[2025-03-24T17:19:46.876+0000] {logging_mixin.py:190} INFO - [2025-03-24T17:19:46.875+0000] {dag.py:3239} INFO - Sync 1 DAGs
[2025-03-24T17:19:46.917+0000] {logging_mixin.py:190} INFO - [2025-03-24T17:19:46.917+0000] {dag.py:4180} INFO - Setting next_dagrun for example_sensor_decorator to None, run_after=None
[2025-03-24T17:19:46.963+0000] {processor.py:208} INFO - Processing /home/airflow/.local/lib/python3.12/site-packages/airflow/example_dags/example_sensor_decorator.py took 0.164 seconds
[2025-03-24T17:20:19.482+0000] {processor.py:186} INFO - Started process (PID=5283) to work on /home/airflow/.local/lib/python3.12/site-packages/airflow/example_dags/example_sensor_decorator.py
[2025-03-24T17:20:19.486+0000] {processor.py:914} INFO - Processing file /home/airflow/.local/lib/python3.12/site-packages/airflow/example_dags/example_sensor_decorator.py for tasks to queue
[2025-03-24T17:20:19.490+0000] {logging_mixin.py:190} INFO - [2025-03-24T17:20:19.489+0000] {dagbag.py:588} INFO - Filling up the DagBag from /home/airflow/.local/lib/python3.12/site-packages/airflow/example_dags/example_sensor_decorator.py
[2025-03-24T17:20:19.500+0000] {processor.py:925} INFO - DAG(s) 'example_sensor_decorator' retrieved from /home/airflow/.local/lib/python3.12/site-packages/airflow/example_dags/example_sensor_decorator.py
[2025-03-24T17:20:19.539+0000] {logging_mixin.py:190} INFO - [2025-03-24T17:20:19.538+0000] {dag.py:3239} INFO - Sync 1 DAGs
[2025-03-24T17:20:19.561+0000] {logging_mixin.py:190} INFO - [2025-03-24T17:20:19.560+0000] {dag.py:4180} INFO - Setting next_dagrun for example_sensor_decorator to None, run_after=None
[2025-03-24T17:20:19.606+0000] {processor.py:208} INFO - Processing /home/airflow/.local/lib/python3.12/site-packages/airflow/example_dags/example_sensor_decorator.py took 0.131 seconds
[2025-03-24T17:20:51.590+0000] {processor.py:186} INFO - Started process (PID=5574) to work on /home/airflow/.local/lib/python3.12/site-packages/airflow/example_dags/example_sensor_decorator.py
[2025-03-24T17:20:51.591+0000] {processor.py:914} INFO - Processing file /home/airflow/.local/lib/python3.12/site-packages/airflow/example_dags/example_sensor_decorator.py for tasks to queue
[2025-03-24T17:20:51.596+0000] {logging_mixin.py:190} INFO - [2025-03-24T17:20:51.595+0000] {dagbag.py:588} INFO - Filling up the DagBag from /home/airflow/.local/lib/python3.12/site-packages/airflow/example_dags/example_sensor_decorator.py
[2025-03-24T17:20:51.617+0000] {processor.py:925} INFO - DAG(s) 'example_sensor_decorator' retrieved from /home/airflow/.local/lib/python3.12/site-packages/airflow/example_dags/example_sensor_decorator.py
[2025-03-24T17:20:51.653+0000] {logging_mixin.py:190} INFO - [2025-03-24T17:20:51.653+0000] {dag.py:3239} INFO - Sync 1 DAGs
[2025-03-24T17:20:51.687+0000] {logging_mixin.py:190} INFO - [2025-03-24T17:20:51.686+0000] {dag.py:4180} INFO - Setting next_dagrun for example_sensor_decorator to None, run_after=None
[2025-03-24T17:20:51.725+0000] {processor.py:208} INFO - Processing /home/airflow/.local/lib/python3.12/site-packages/airflow/example_dags/example_sensor_decorator.py took 0.148 seconds
[2025-03-24T17:21:23.296+0000] {processor.py:186} INFO - Started process (PID=5866) to work on /home/airflow/.local/lib/python3.12/site-packages/airflow/example_dags/example_sensor_decorator.py
[2025-03-24T17:21:23.298+0000] {processor.py:914} INFO - Processing file /home/airflow/.local/lib/python3.12/site-packages/airflow/example_dags/example_sensor_decorator.py for tasks to queue
[2025-03-24T17:21:23.302+0000] {logging_mixin.py:190} INFO - [2025-03-24T17:21:23.301+0000] {dagbag.py:588} INFO - Filling up the DagBag from /home/airflow/.local/lib/python3.12/site-packages/airflow/example_dags/example_sensor_decorator.py
[2025-03-24T17:21:23.317+0000] {processor.py:925} INFO - DAG(s) 'example_sensor_decorator' retrieved from /home/airflow/.local/lib/python3.12/site-packages/airflow/example_dags/example_sensor_decorator.py
[2025-03-24T17:21:23.348+0000] {logging_mixin.py:190} INFO - [2025-03-24T17:21:23.348+0000] {dag.py:3239} INFO - Sync 1 DAGs
[2025-03-24T17:21:23.373+0000] {logging_mixin.py:190} INFO - [2025-03-24T17:21:23.373+0000] {dag.py:4180} INFO - Setting next_dagrun for example_sensor_decorator to None, run_after=None
[2025-03-24T17:21:23.408+0000] {processor.py:208} INFO - Processing /home/airflow/.local/lib/python3.12/site-packages/airflow/example_dags/example_sensor_decorator.py took 0.124 seconds
[2025-03-24T17:21:54.277+0000] {processor.py:186} INFO - Started process (PID=6157) to work on /home/airflow/.local/lib/python3.12/site-packages/airflow/example_dags/example_sensor_decorator.py
[2025-03-24T17:21:54.281+0000] {processor.py:914} INFO - Processing file /home/airflow/.local/lib/python3.12/site-packages/airflow/example_dags/example_sensor_decorator.py for tasks to queue
[2025-03-24T17:21:54.285+0000] {logging_mixin.py:190} INFO - [2025-03-24T17:21:54.284+0000] {dagbag.py:588} INFO - Filling up the DagBag from /home/airflow/.local/lib/python3.12/site-packages/airflow/example_dags/example_sensor_decorator.py
[2025-03-24T17:21:54.299+0000] {processor.py:925} INFO - DAG(s) 'example_sensor_decorator' retrieved from /home/airflow/.local/lib/python3.12/site-packages/airflow/example_dags/example_sensor_decorator.py
[2025-03-24T17:21:54.333+0000] {logging_mixin.py:190} INFO - [2025-03-24T17:21:54.332+0000] {dag.py:3239} INFO - Sync 1 DAGs
[2025-03-24T17:21:54.362+0000] {logging_mixin.py:190} INFO - [2025-03-24T17:21:54.362+0000] {dag.py:4180} INFO - Setting next_dagrun for example_sensor_decorator to None, run_after=None
[2025-03-24T17:21:54.402+0000] {processor.py:208} INFO - Processing /home/airflow/.local/lib/python3.12/site-packages/airflow/example_dags/example_sensor_decorator.py took 0.136 seconds
[2025-03-24T17:22:24.792+0000] {processor.py:186} INFO - Started process (PID=6443) to work on /home/airflow/.local/lib/python3.12/site-packages/airflow/example_dags/example_sensor_decorator.py
[2025-03-24T17:22:24.793+0000] {processor.py:914} INFO - Processing file /home/airflow/.local/lib/python3.12/site-packages/airflow/example_dags/example_sensor_decorator.py for tasks to queue
[2025-03-24T17:22:24.795+0000] {logging_mixin.py:190} INFO - [2025-03-24T17:22:24.795+0000] {dagbag.py:588} INFO - Filling up the DagBag from /home/airflow/.local/lib/python3.12/site-packages/airflow/example_dags/example_sensor_decorator.py
[2025-03-24T17:22:24.805+0000] {processor.py:925} INFO - DAG(s) 'example_sensor_decorator' retrieved from /home/airflow/.local/lib/python3.12/site-packages/airflow/example_dags/example_sensor_decorator.py
[2025-03-24T17:22:24.833+0000] {logging_mixin.py:190} INFO - [2025-03-24T17:22:24.833+0000] {dag.py:3239} INFO - Sync 1 DAGs
[2025-03-24T17:22:24.854+0000] {logging_mixin.py:190} INFO - [2025-03-24T17:22:24.853+0000] {dag.py:4180} INFO - Setting next_dagrun for example_sensor_decorator to None, run_after=None
[2025-03-24T17:22:24.890+0000] {processor.py:208} INFO - Processing /home/airflow/.local/lib/python3.12/site-packages/airflow/example_dags/example_sensor_decorator.py took 0.105 seconds
[2025-03-24T17:22:57.362+0000] {processor.py:186} INFO - Started process (PID=6739) to work on /home/airflow/.local/lib/python3.12/site-packages/airflow/example_dags/example_sensor_decorator.py
[2025-03-24T17:22:57.380+0000] {processor.py:914} INFO - Processing file /home/airflow/.local/lib/python3.12/site-packages/airflow/example_dags/example_sensor_decorator.py for tasks to queue
[2025-03-24T17:22:57.383+0000] {logging_mixin.py:190} INFO - [2025-03-24T17:22:57.383+0000] {dagbag.py:588} INFO - Filling up the DagBag from /home/airflow/.local/lib/python3.12/site-packages/airflow/example_dags/example_sensor_decorator.py
[2025-03-24T17:22:57.398+0000] {processor.py:925} INFO - DAG(s) 'example_sensor_decorator' retrieved from /home/airflow/.local/lib/python3.12/site-packages/airflow/example_dags/example_sensor_decorator.py
[2025-03-24T17:22:57.434+0000] {logging_mixin.py:190} INFO - [2025-03-24T17:22:57.433+0000] {dag.py:3239} INFO - Sync 1 DAGs
[2025-03-24T17:22:57.463+0000] {logging_mixin.py:190} INFO - [2025-03-24T17:22:57.462+0000] {dag.py:4180} INFO - Setting next_dagrun for example_sensor_decorator to None, run_after=None
[2025-03-24T17:22:57.499+0000] {processor.py:208} INFO - Processing /home/airflow/.local/lib/python3.12/site-packages/airflow/example_dags/example_sensor_decorator.py took 0.145 seconds
[2025-03-24T17:23:28.021+0000] {processor.py:186} INFO - Started process (PID=7030) to work on /home/airflow/.local/lib/python3.12/site-packages/airflow/example_dags/example_sensor_decorator.py
[2025-03-24T17:23:28.022+0000] {processor.py:914} INFO - Processing file /home/airflow/.local/lib/python3.12/site-packages/airflow/example_dags/example_sensor_decorator.py for tasks to queue
[2025-03-24T17:23:28.024+0000] {logging_mixin.py:190} INFO - [2025-03-24T17:23:28.024+0000] {dagbag.py:588} INFO - Filling up the DagBag from /home/airflow/.local/lib/python3.12/site-packages/airflow/example_dags/example_sensor_decorator.py
[2025-03-24T17:23:28.034+0000] {processor.py:925} INFO - DAG(s) 'example_sensor_decorator' retrieved from /home/airflow/.local/lib/python3.12/site-packages/airflow/example_dags/example_sensor_decorator.py
[2025-03-24T17:23:28.062+0000] {logging_mixin.py:190} INFO - [2025-03-24T17:23:28.062+0000] {dag.py:3239} INFO - Sync 1 DAGs
[2025-03-24T17:23:28.088+0000] {logging_mixin.py:190} INFO - [2025-03-24T17:23:28.088+0000] {dag.py:4180} INFO - Setting next_dagrun for example_sensor_decorator to None, run_after=None
[2025-03-24T17:23:28.123+0000] {processor.py:208} INFO - Processing /home/airflow/.local/lib/python3.12/site-packages/airflow/example_dags/example_sensor_decorator.py took 0.112 seconds
[2025-03-24T17:23:59.397+0000] {processor.py:186} INFO - Started process (PID=7316) to work on /home/airflow/.local/lib/python3.12/site-packages/airflow/example_dags/example_sensor_decorator.py
[2025-03-24T17:23:59.398+0000] {processor.py:914} INFO - Processing file /home/airflow/.local/lib/python3.12/site-packages/airflow/example_dags/example_sensor_decorator.py for tasks to queue
[2025-03-24T17:23:59.402+0000] {logging_mixin.py:190} INFO - [2025-03-24T17:23:59.401+0000] {dagbag.py:588} INFO - Filling up the DagBag from /home/airflow/.local/lib/python3.12/site-packages/airflow/example_dags/example_sensor_decorator.py
[2025-03-24T17:23:59.414+0000] {processor.py:925} INFO - DAG(s) 'example_sensor_decorator' retrieved from /home/airflow/.local/lib/python3.12/site-packages/airflow/example_dags/example_sensor_decorator.py
[2025-03-24T17:23:59.448+0000] {logging_mixin.py:190} INFO - [2025-03-24T17:23:59.448+0000] {dag.py:3239} INFO - Sync 1 DAGs
[2025-03-24T17:23:59.475+0000] {logging_mixin.py:190} INFO - [2025-03-24T17:23:59.474+0000] {dag.py:4180} INFO - Setting next_dagrun for example_sensor_decorator to None, run_after=None
[2025-03-24T17:23:59.509+0000] {processor.py:208} INFO - Processing /home/airflow/.local/lib/python3.12/site-packages/airflow/example_dags/example_sensor_decorator.py took 0.120 seconds
[2025-03-24T17:24:30.801+0000] {processor.py:186} INFO - Started process (PID=7618) to work on /home/airflow/.local/lib/python3.12/site-packages/airflow/example_dags/example_sensor_decorator.py
[2025-03-24T17:24:30.802+0000] {processor.py:914} INFO - Processing file /home/airflow/.local/lib/python3.12/site-packages/airflow/example_dags/example_sensor_decorator.py for tasks to queue
[2025-03-24T17:24:30.805+0000] {logging_mixin.py:190} INFO - [2025-03-24T17:24:30.804+0000] {dagbag.py:588} INFO - Filling up the DagBag from /home/airflow/.local/lib/python3.12/site-packages/airflow/example_dags/example_sensor_decorator.py
[2025-03-24T17:24:30.817+0000] {processor.py:925} INFO - DAG(s) 'example_sensor_decorator' retrieved from /home/airflow/.local/lib/python3.12/site-packages/airflow/example_dags/example_sensor_decorator.py
[2025-03-24T17:24:30.849+0000] {logging_mixin.py:190} INFO - [2025-03-24T17:24:30.848+0000] {dag.py:3239} INFO - Sync 1 DAGs
[2025-03-24T17:24:30.867+0000] {logging_mixin.py:190} INFO - [2025-03-24T17:24:30.867+0000] {dag.py:4180} INFO - Setting next_dagrun for example_sensor_decorator to None, run_after=None
[2025-03-24T17:24:30.893+0000] {processor.py:208} INFO - Processing /home/airflow/.local/lib/python3.12/site-packages/airflow/example_dags/example_sensor_decorator.py took 0.102 seconds
[2025-03-24T17:25:02.024+0000] {processor.py:186} INFO - Started process (PID=7909) to work on /home/airflow/.local/lib/python3.12/site-packages/airflow/example_dags/example_sensor_decorator.py
[2025-03-24T17:25:02.025+0000] {processor.py:914} INFO - Processing file /home/airflow/.local/lib/python3.12/site-packages/airflow/example_dags/example_sensor_decorator.py for tasks to queue
[2025-03-24T17:25:02.028+0000] {logging_mixin.py:190} INFO - [2025-03-24T17:25:02.027+0000] {dagbag.py:588} INFO - Filling up the DagBag from /home/airflow/.local/lib/python3.12/site-packages/airflow/example_dags/example_sensor_decorator.py
[2025-03-24T17:25:02.037+0000] {processor.py:925} INFO - DAG(s) 'example_sensor_decorator' retrieved from /home/airflow/.local/lib/python3.12/site-packages/airflow/example_dags/example_sensor_decorator.py
[2025-03-24T17:25:02.062+0000] {logging_mixin.py:190} INFO - [2025-03-24T17:25:02.062+0000] {dag.py:3239} INFO - Sync 1 DAGs
[2025-03-24T17:25:02.081+0000] {logging_mixin.py:190} INFO - [2025-03-24T17:25:02.080+0000] {dag.py:4180} INFO - Setting next_dagrun for example_sensor_decorator to None, run_after=None
[2025-03-24T17:25:02.108+0000] {processor.py:208} INFO - Processing /home/airflow/.local/lib/python3.12/site-packages/airflow/example_dags/example_sensor_decorator.py took 0.092 seconds
[2025-03-24T17:25:34.648+0000] {processor.py:186} INFO - Started process (PID=8215) to work on /home/airflow/.local/lib/python3.12/site-packages/airflow/example_dags/example_sensor_decorator.py
[2025-03-24T17:25:34.650+0000] {processor.py:914} INFO - Processing file /home/airflow/.local/lib/python3.12/site-packages/airflow/example_dags/example_sensor_decorator.py for tasks to queue
[2025-03-24T17:25:34.652+0000] {logging_mixin.py:190} INFO - [2025-03-24T17:25:34.652+0000] {dagbag.py:588} INFO - Filling up the DagBag from /home/airflow/.local/lib/python3.12/site-packages/airflow/example_dags/example_sensor_decorator.py
[2025-03-24T17:25:34.665+0000] {processor.py:925} INFO - DAG(s) 'example_sensor_decorator' retrieved from /home/airflow/.local/lib/python3.12/site-packages/airflow/example_dags/example_sensor_decorator.py
[2025-03-24T17:25:34.691+0000] {logging_mixin.py:190} INFO - [2025-03-24T17:25:34.691+0000] {dag.py:3239} INFO - Sync 1 DAGs
[2025-03-24T17:25:34.711+0000] {logging_mixin.py:190} INFO - [2025-03-24T17:25:34.711+0000] {dag.py:4180} INFO - Setting next_dagrun for example_sensor_decorator to None, run_after=None
[2025-03-24T17:25:34.741+0000] {processor.py:208} INFO - Processing /home/airflow/.local/lib/python3.12/site-packages/airflow/example_dags/example_sensor_decorator.py took 0.104 seconds
[2025-03-24T17:26:05.488+0000] {processor.py:186} INFO - Started process (PID=8506) to work on /home/airflow/.local/lib/python3.12/site-packages/airflow/example_dags/example_sensor_decorator.py
[2025-03-24T17:26:05.492+0000] {processor.py:914} INFO - Processing file /home/airflow/.local/lib/python3.12/site-packages/airflow/example_dags/example_sensor_decorator.py for tasks to queue
[2025-03-24T17:26:05.496+0000] {logging_mixin.py:190} INFO - [2025-03-24T17:26:05.495+0000] {dagbag.py:588} INFO - Filling up the DagBag from /home/airflow/.local/lib/python3.12/site-packages/airflow/example_dags/example_sensor_decorator.py
[2025-03-24T17:26:05.509+0000] {processor.py:925} INFO - DAG(s) 'example_sensor_decorator' retrieved from /home/airflow/.local/lib/python3.12/site-packages/airflow/example_dags/example_sensor_decorator.py
[2025-03-24T17:26:05.547+0000] {logging_mixin.py:190} INFO - [2025-03-24T17:26:05.547+0000] {dag.py:3239} INFO - Sync 1 DAGs
[2025-03-24T17:26:05.588+0000] {logging_mixin.py:190} INFO - [2025-03-24T17:26:05.587+0000] {dag.py:4180} INFO - Setting next_dagrun for example_sensor_decorator to None, run_after=None
[2025-03-24T17:26:05.640+0000] {processor.py:208} INFO - Processing /home/airflow/.local/lib/python3.12/site-packages/airflow/example_dags/example_sensor_decorator.py took 0.162 seconds
[2025-03-24T17:26:38.458+0000] {processor.py:186} INFO - Started process (PID=8819) to work on /home/airflow/.local/lib/python3.12/site-packages/airflow/example_dags/example_sensor_decorator.py
[2025-03-24T17:26:38.459+0000] {processor.py:914} INFO - Processing file /home/airflow/.local/lib/python3.12/site-packages/airflow/example_dags/example_sensor_decorator.py for tasks to queue
[2025-03-24T17:26:38.461+0000] {logging_mixin.py:190} INFO - [2025-03-24T17:26:38.461+0000] {dagbag.py:588} INFO - Filling up the DagBag from /home/airflow/.local/lib/python3.12/site-packages/airflow/example_dags/example_sensor_decorator.py
[2025-03-24T17:26:38.475+0000] {processor.py:925} INFO - DAG(s) 'example_sensor_decorator' retrieved from /home/airflow/.local/lib/python3.12/site-packages/airflow/example_dags/example_sensor_decorator.py
[2025-03-24T17:26:38.501+0000] {logging_mixin.py:190} INFO - [2025-03-24T17:26:38.501+0000] {dag.py:3239} INFO - Sync 1 DAGs
[2025-03-24T17:26:38.525+0000] {logging_mixin.py:190} INFO - [2025-03-24T17:26:38.525+0000] {dag.py:4180} INFO - Setting next_dagrun for example_sensor_decorator to None, run_after=None
[2025-03-24T17:26:38.563+0000] {processor.py:208} INFO - Processing /home/airflow/.local/lib/python3.12/site-packages/airflow/example_dags/example_sensor_decorator.py took 0.115 seconds
[2025-03-24T17:27:09.617+0000] {processor.py:186} INFO - Started process (PID=9108) to work on /home/airflow/.local/lib/python3.12/site-packages/airflow/example_dags/example_sensor_decorator.py
[2025-03-24T17:27:09.618+0000] {processor.py:914} INFO - Processing file /home/airflow/.local/lib/python3.12/site-packages/airflow/example_dags/example_sensor_decorator.py for tasks to queue
[2025-03-24T17:27:09.623+0000] {logging_mixin.py:190} INFO - [2025-03-24T17:27:09.622+0000] {dagbag.py:588} INFO - Filling up the DagBag from /home/airflow/.local/lib/python3.12/site-packages/airflow/example_dags/example_sensor_decorator.py
[2025-03-24T17:27:09.640+0000] {processor.py:925} INFO - DAG(s) 'example_sensor_decorator' retrieved from /home/airflow/.local/lib/python3.12/site-packages/airflow/example_dags/example_sensor_decorator.py
[2025-03-24T17:27:09.678+0000] {logging_mixin.py:190} INFO - [2025-03-24T17:27:09.678+0000] {dag.py:3239} INFO - Sync 1 DAGs
[2025-03-24T17:27:09.709+0000] {logging_mixin.py:190} INFO - [2025-03-24T17:27:09.708+0000] {dag.py:4180} INFO - Setting next_dagrun for example_sensor_decorator to None, run_after=None
[2025-03-24T17:27:09.745+0000] {processor.py:208} INFO - Processing /home/airflow/.local/lib/python3.12/site-packages/airflow/example_dags/example_sensor_decorator.py took 0.138 seconds
[2025-03-24T17:27:41.567+0000] {processor.py:186} INFO - Started process (PID=9404) to work on /home/airflow/.local/lib/python3.12/site-packages/airflow/example_dags/example_sensor_decorator.py
[2025-03-24T17:27:41.571+0000] {processor.py:914} INFO - Processing file /home/airflow/.local/lib/python3.12/site-packages/airflow/example_dags/example_sensor_decorator.py for tasks to queue
[2025-03-24T17:27:41.575+0000] {logging_mixin.py:190} INFO - [2025-03-24T17:27:41.574+0000] {dagbag.py:588} INFO - Filling up the DagBag from /home/airflow/.local/lib/python3.12/site-packages/airflow/example_dags/example_sensor_decorator.py
[2025-03-24T17:27:41.586+0000] {processor.py:925} INFO - DAG(s) 'example_sensor_decorator' retrieved from /home/airflow/.local/lib/python3.12/site-packages/airflow/example_dags/example_sensor_decorator.py
[2025-03-24T17:27:41.613+0000] {logging_mixin.py:190} INFO - [2025-03-24T17:27:41.612+0000] {dag.py:3239} INFO - Sync 1 DAGs
[2025-03-24T17:27:41.634+0000] {logging_mixin.py:190} INFO - [2025-03-24T17:27:41.634+0000] {dag.py:4180} INFO - Setting next_dagrun for example_sensor_decorator to None, run_after=None
[2025-03-24T17:27:41.660+0000] {processor.py:208} INFO - Processing /home/airflow/.local/lib/python3.12/site-packages/airflow/example_dags/example_sensor_decorator.py took 0.104 seconds
[2025-03-24T17:28:13.784+0000] {processor.py:186} INFO - Started process (PID=9697) to work on /home/airflow/.local/lib/python3.12/site-packages/airflow/example_dags/example_sensor_decorator.py
[2025-03-24T17:28:13.789+0000] {processor.py:914} INFO - Processing file /home/airflow/.local/lib/python3.12/site-packages/airflow/example_dags/example_sensor_decorator.py for tasks to queue
[2025-03-24T17:28:13.792+0000] {logging_mixin.py:190} INFO - [2025-03-24T17:28:13.791+0000] {dagbag.py:588} INFO - Filling up the DagBag from /home/airflow/.local/lib/python3.12/site-packages/airflow/example_dags/example_sensor_decorator.py
[2025-03-24T17:28:13.801+0000] {processor.py:925} INFO - DAG(s) 'example_sensor_decorator' retrieved from /home/airflow/.local/lib/python3.12/site-packages/airflow/example_dags/example_sensor_decorator.py
[2025-03-24T17:28:13.832+0000] {logging_mixin.py:190} INFO - [2025-03-24T17:28:13.832+0000] {dag.py:3239} INFO - Sync 1 DAGs
[2025-03-24T17:28:13.861+0000] {logging_mixin.py:190} INFO - [2025-03-24T17:28:13.860+0000] {dag.py:4180} INFO - Setting next_dagrun for example_sensor_decorator to None, run_after=None
[2025-03-24T17:28:13.897+0000] {processor.py:208} INFO - Processing /home/airflow/.local/lib/python3.12/site-packages/airflow/example_dags/example_sensor_decorator.py took 0.119 seconds
[2025-03-24T17:28:45.332+0000] {processor.py:186} INFO - Started process (PID=9986) to work on /home/airflow/.local/lib/python3.12/site-packages/airflow/example_dags/example_sensor_decorator.py
[2025-03-24T17:28:45.333+0000] {processor.py:914} INFO - Processing file /home/airflow/.local/lib/python3.12/site-packages/airflow/example_dags/example_sensor_decorator.py for tasks to queue
[2025-03-24T17:28:45.336+0000] {logging_mixin.py:190} INFO - [2025-03-24T17:28:45.336+0000] {dagbag.py:588} INFO - Filling up the DagBag from /home/airflow/.local/lib/python3.12/site-packages/airflow/example_dags/example_sensor_decorator.py
[2025-03-24T17:28:45.351+0000] {processor.py:925} INFO - DAG(s) 'example_sensor_decorator' retrieved from /home/airflow/.local/lib/python3.12/site-packages/airflow/example_dags/example_sensor_decorator.py
[2025-03-24T17:28:45.382+0000] {logging_mixin.py:190} INFO - [2025-03-24T17:28:45.381+0000] {dag.py:3239} INFO - Sync 1 DAGs
[2025-03-24T17:28:45.415+0000] {logging_mixin.py:190} INFO - [2025-03-24T17:28:45.414+0000] {dag.py:4180} INFO - Setting next_dagrun for example_sensor_decorator to None, run_after=None
[2025-03-24T17:28:45.452+0000] {processor.py:208} INFO - Processing /home/airflow/.local/lib/python3.12/site-packages/airflow/example_dags/example_sensor_decorator.py took 0.132 seconds
[2025-03-24T17:29:17.148+0000] {processor.py:186} INFO - Started process (PID=10282) to work on /home/airflow/.local/lib/python3.12/site-packages/airflow/example_dags/example_sensor_decorator.py
[2025-03-24T17:29:17.152+0000] {processor.py:914} INFO - Processing file /home/airflow/.local/lib/python3.12/site-packages/airflow/example_dags/example_sensor_decorator.py for tasks to queue
[2025-03-24T17:29:17.157+0000] {logging_mixin.py:190} INFO - [2025-03-24T17:29:17.156+0000] {dagbag.py:588} INFO - Filling up the DagBag from /home/airflow/.local/lib/python3.12/site-packages/airflow/example_dags/example_sensor_decorator.py
[2025-03-24T17:29:17.166+0000] {processor.py:925} INFO - DAG(s) 'example_sensor_decorator' retrieved from /home/airflow/.local/lib/python3.12/site-packages/airflow/example_dags/example_sensor_decorator.py
[2025-03-24T17:29:17.200+0000] {logging_mixin.py:190} INFO - [2025-03-24T17:29:17.199+0000] {dag.py:3239} INFO - Sync 1 DAGs
[2025-03-24T17:29:17.230+0000] {logging_mixin.py:190} INFO - [2025-03-24T17:29:17.229+0000] {dag.py:4180} INFO - Setting next_dagrun for example_sensor_decorator to None, run_after=None
[2025-03-24T17:29:17.267+0000] {processor.py:208} INFO - Processing /home/airflow/.local/lib/python3.12/site-packages/airflow/example_dags/example_sensor_decorator.py took 0.129 seconds
[2025-03-24T17:29:47.401+0000] {processor.py:186} INFO - Started process (PID=10573) to work on /home/airflow/.local/lib/python3.12/site-packages/airflow/example_dags/example_sensor_decorator.py
[2025-03-24T17:29:47.405+0000] {processor.py:914} INFO - Processing file /home/airflow/.local/lib/python3.12/site-packages/airflow/example_dags/example_sensor_decorator.py for tasks to queue
[2025-03-24T17:29:47.408+0000] {logging_mixin.py:190} INFO - [2025-03-24T17:29:47.407+0000] {dagbag.py:588} INFO - Filling up the DagBag from /home/airflow/.local/lib/python3.12/site-packages/airflow/example_dags/example_sensor_decorator.py
[2025-03-24T17:29:47.421+0000] {processor.py:925} INFO - DAG(s) 'example_sensor_decorator' retrieved from /home/airflow/.local/lib/python3.12/site-packages/airflow/example_dags/example_sensor_decorator.py
[2025-03-24T17:29:47.447+0000] {logging_mixin.py:190} INFO - [2025-03-24T17:29:47.447+0000] {dag.py:3239} INFO - Sync 1 DAGs
[2025-03-24T17:29:47.472+0000] {logging_mixin.py:190} INFO - [2025-03-24T17:29:47.471+0000] {dag.py:4180} INFO - Setting next_dagrun for example_sensor_decorator to None, run_after=None
[2025-03-24T17:29:47.497+0000] {processor.py:208} INFO - Processing /home/airflow/.local/lib/python3.12/site-packages/airflow/example_dags/example_sensor_decorator.py took 0.106 seconds
[2025-03-24T17:30:18.918+0000] {processor.py:186} INFO - Started process (PID=10883) to work on /home/airflow/.local/lib/python3.12/site-packages/airflow/example_dags/example_sensor_decorator.py
[2025-03-24T17:30:18.919+0000] {processor.py:914} INFO - Processing file /home/airflow/.local/lib/python3.12/site-packages/airflow/example_dags/example_sensor_decorator.py for tasks to queue
[2025-03-24T17:30:18.921+0000] {logging_mixin.py:190} INFO - [2025-03-24T17:30:18.921+0000] {dagbag.py:588} INFO - Filling up the DagBag from /home/airflow/.local/lib/python3.12/site-packages/airflow/example_dags/example_sensor_decorator.py
[2025-03-24T17:30:18.930+0000] {processor.py:925} INFO - DAG(s) 'example_sensor_decorator' retrieved from /home/airflow/.local/lib/python3.12/site-packages/airflow/example_dags/example_sensor_decorator.py
[2025-03-24T17:30:18.955+0000] {logging_mixin.py:190} INFO - [2025-03-24T17:30:18.954+0000] {dag.py:3239} INFO - Sync 1 DAGs
[2025-03-24T17:30:18.973+0000] {logging_mixin.py:190} INFO - [2025-03-24T17:30:18.973+0000] {dag.py:4180} INFO - Setting next_dagrun for example_sensor_decorator to None, run_after=None
[2025-03-24T17:30:19.000+0000] {processor.py:208} INFO - Processing /home/airflow/.local/lib/python3.12/site-packages/airflow/example_dags/example_sensor_decorator.py took 0.090 seconds
[2025-03-24T17:30:50.643+0000] {processor.py:186} INFO - Started process (PID=11172) to work on /home/airflow/.local/lib/python3.12/site-packages/airflow/example_dags/example_sensor_decorator.py
[2025-03-24T17:30:50.644+0000] {processor.py:914} INFO - Processing file /home/airflow/.local/lib/python3.12/site-packages/airflow/example_dags/example_sensor_decorator.py for tasks to queue
[2025-03-24T17:30:50.648+0000] {logging_mixin.py:190} INFO - [2025-03-24T17:30:50.647+0000] {dagbag.py:588} INFO - Filling up the DagBag from /home/airflow/.local/lib/python3.12/site-packages/airflow/example_dags/example_sensor_decorator.py
[2025-03-24T17:30:50.661+0000] {processor.py:925} INFO - DAG(s) 'example_sensor_decorator' retrieved from /home/airflow/.local/lib/python3.12/site-packages/airflow/example_dags/example_sensor_decorator.py
[2025-03-24T17:30:50.697+0000] {logging_mixin.py:190} INFO - [2025-03-24T17:30:50.696+0000] {dag.py:3239} INFO - Sync 1 DAGs
[2025-03-24T17:30:50.728+0000] {logging_mixin.py:190} INFO - [2025-03-24T17:30:50.727+0000] {dag.py:4180} INFO - Setting next_dagrun for example_sensor_decorator to None, run_after=None
[2025-03-24T17:30:50.763+0000] {processor.py:208} INFO - Processing /home/airflow/.local/lib/python3.12/site-packages/airflow/example_dags/example_sensor_decorator.py took 0.130 seconds
[2025-03-24T17:31:21.645+0000] {processor.py:186} INFO - Started process (PID=11463) to work on /home/airflow/.local/lib/python3.12/site-packages/airflow/example_dags/example_sensor_decorator.py
[2025-03-24T17:31:21.648+0000] {processor.py:914} INFO - Processing file /home/airflow/.local/lib/python3.12/site-packages/airflow/example_dags/example_sensor_decorator.py for tasks to queue
[2025-03-24T17:31:21.651+0000] {logging_mixin.py:190} INFO - [2025-03-24T17:31:21.650+0000] {dagbag.py:588} INFO - Filling up the DagBag from /home/airflow/.local/lib/python3.12/site-packages/airflow/example_dags/example_sensor_decorator.py
[2025-03-24T17:31:21.659+0000] {processor.py:925} INFO - DAG(s) 'example_sensor_decorator' retrieved from /home/airflow/.local/lib/python3.12/site-packages/airflow/example_dags/example_sensor_decorator.py
[2025-03-24T17:31:21.688+0000] {logging_mixin.py:190} INFO - [2025-03-24T17:31:21.688+0000] {dag.py:3239} INFO - Sync 1 DAGs
[2025-03-24T17:31:21.708+0000] {logging_mixin.py:190} INFO - [2025-03-24T17:31:21.708+0000] {dag.py:4180} INFO - Setting next_dagrun for example_sensor_decorator to None, run_after=None
[2025-03-24T17:31:21.733+0000] {processor.py:208} INFO - Processing /home/airflow/.local/lib/python3.12/site-packages/airflow/example_dags/example_sensor_decorator.py took 0.096 seconds
[2025-03-24T17:31:53.511+0000] {processor.py:186} INFO - Started process (PID=11759) to work on /home/airflow/.local/lib/python3.12/site-packages/airflow/example_dags/example_sensor_decorator.py
[2025-03-24T17:31:53.512+0000] {processor.py:914} INFO - Processing file /home/airflow/.local/lib/python3.12/site-packages/airflow/example_dags/example_sensor_decorator.py for tasks to queue
[2025-03-24T17:31:53.515+0000] {logging_mixin.py:190} INFO - [2025-03-24T17:31:53.515+0000] {dagbag.py:588} INFO - Filling up the DagBag from /home/airflow/.local/lib/python3.12/site-packages/airflow/example_dags/example_sensor_decorator.py
[2025-03-24T17:31:53.527+0000] {processor.py:925} INFO - DAG(s) 'example_sensor_decorator' retrieved from /home/airflow/.local/lib/python3.12/site-packages/airflow/example_dags/example_sensor_decorator.py
[2025-03-24T17:31:53.553+0000] {logging_mixin.py:190} INFO - [2025-03-24T17:31:53.552+0000] {dag.py:3239} INFO - Sync 1 DAGs
[2025-03-24T17:31:53.578+0000] {logging_mixin.py:190} INFO - [2025-03-24T17:31:53.578+0000] {dag.py:4180} INFO - Setting next_dagrun for example_sensor_decorator to None, run_after=None
[2025-03-24T17:31:53.607+0000] {processor.py:208} INFO - Processing /home/airflow/.local/lib/python3.12/site-packages/airflow/example_dags/example_sensor_decorator.py took 0.106 seconds
[2025-03-24T17:32:25.172+0000] {processor.py:186} INFO - Started process (PID=12049) to work on /home/airflow/.local/lib/python3.12/site-packages/airflow/example_dags/example_sensor_decorator.py
[2025-03-24T17:32:25.174+0000] {processor.py:914} INFO - Processing file /home/airflow/.local/lib/python3.12/site-packages/airflow/example_dags/example_sensor_decorator.py for tasks to queue
[2025-03-24T17:32:25.178+0000] {logging_mixin.py:190} INFO - [2025-03-24T17:32:25.177+0000] {dagbag.py:588} INFO - Filling up the DagBag from /home/airflow/.local/lib/python3.12/site-packages/airflow/example_dags/example_sensor_decorator.py
[2025-03-24T17:32:25.190+0000] {processor.py:925} INFO - DAG(s) 'example_sensor_decorator' retrieved from /home/airflow/.local/lib/python3.12/site-packages/airflow/example_dags/example_sensor_decorator.py
[2025-03-24T17:32:25.225+0000] {logging_mixin.py:190} INFO - [2025-03-24T17:32:25.224+0000] {dag.py:3239} INFO - Sync 1 DAGs
[2025-03-24T17:32:25.246+0000] {logging_mixin.py:190} INFO - [2025-03-24T17:32:25.246+0000] {dag.py:4180} INFO - Setting next_dagrun for example_sensor_decorator to None, run_after=None
[2025-03-24T17:32:25.281+0000] {processor.py:208} INFO - Processing /home/airflow/.local/lib/python3.12/site-packages/airflow/example_dags/example_sensor_decorator.py took 0.120 seconds
[2025-03-24T17:32:56.595+0000] {processor.py:186} INFO - Started process (PID=12340) to work on /home/airflow/.local/lib/python3.12/site-packages/airflow/example_dags/example_sensor_decorator.py
[2025-03-24T17:32:56.599+0000] {processor.py:914} INFO - Processing file /home/airflow/.local/lib/python3.12/site-packages/airflow/example_dags/example_sensor_decorator.py for tasks to queue
[2025-03-24T17:32:56.602+0000] {logging_mixin.py:190} INFO - [2025-03-24T17:32:56.601+0000] {dagbag.py:588} INFO - Filling up the DagBag from /home/airflow/.local/lib/python3.12/site-packages/airflow/example_dags/example_sensor_decorator.py
[2025-03-24T17:32:56.617+0000] {processor.py:925} INFO - DAG(s) 'example_sensor_decorator' retrieved from /home/airflow/.local/lib/python3.12/site-packages/airflow/example_dags/example_sensor_decorator.py
[2025-03-24T17:32:56.666+0000] {logging_mixin.py:190} INFO - [2025-03-24T17:32:56.666+0000] {dag.py:3239} INFO - Sync 1 DAGs
[2025-03-24T17:32:56.696+0000] {logging_mixin.py:190} INFO - [2025-03-24T17:32:56.695+0000] {dag.py:4180} INFO - Setting next_dagrun for example_sensor_decorator to None, run_after=None
[2025-03-24T17:32:56.750+0000] {processor.py:208} INFO - Processing /home/airflow/.local/lib/python3.12/site-packages/airflow/example_dags/example_sensor_decorator.py took 0.168 seconds
[2025-03-24T17:33:28.322+0000] {processor.py:186} INFO - Started process (PID=12631) to work on /home/airflow/.local/lib/python3.12/site-packages/airflow/example_dags/example_sensor_decorator.py
[2025-03-24T17:33:28.324+0000] {processor.py:914} INFO - Processing file /home/airflow/.local/lib/python3.12/site-packages/airflow/example_dags/example_sensor_decorator.py for tasks to queue
[2025-03-24T17:33:28.328+0000] {logging_mixin.py:190} INFO - [2025-03-24T17:33:28.327+0000] {dagbag.py:588} INFO - Filling up the DagBag from /home/airflow/.local/lib/python3.12/site-packages/airflow/example_dags/example_sensor_decorator.py
[2025-03-24T17:33:28.343+0000] {processor.py:925} INFO - DAG(s) 'example_sensor_decorator' retrieved from /home/airflow/.local/lib/python3.12/site-packages/airflow/example_dags/example_sensor_decorator.py
[2025-03-24T17:33:28.381+0000] {logging_mixin.py:190} INFO - [2025-03-24T17:33:28.381+0000] {dag.py:3239} INFO - Sync 1 DAGs
[2025-03-24T17:33:28.412+0000] {logging_mixin.py:190} INFO - [2025-03-24T17:33:28.411+0000] {dag.py:4180} INFO - Setting next_dagrun for example_sensor_decorator to None, run_after=None
[2025-03-24T17:33:28.448+0000] {processor.py:208} INFO - Processing /home/airflow/.local/lib/python3.12/site-packages/airflow/example_dags/example_sensor_decorator.py took 0.136 seconds
[2025-03-24T17:33:59.998+0000] {processor.py:186} INFO - Started process (PID=12927) to work on /home/airflow/.local/lib/python3.12/site-packages/airflow/example_dags/example_sensor_decorator.py
[2025-03-24T17:33:59.999+0000] {processor.py:914} INFO - Processing file /home/airflow/.local/lib/python3.12/site-packages/airflow/example_dags/example_sensor_decorator.py for tasks to queue
[2025-03-24T17:34:00.003+0000] {logging_mixin.py:190} INFO - [2025-03-24T17:34:00.002+0000] {dagbag.py:588} INFO - Filling up the DagBag from /home/airflow/.local/lib/python3.12/site-packages/airflow/example_dags/example_sensor_decorator.py
[2025-03-24T17:34:00.016+0000] {processor.py:925} INFO - DAG(s) 'example_sensor_decorator' retrieved from /home/airflow/.local/lib/python3.12/site-packages/airflow/example_dags/example_sensor_decorator.py
[2025-03-24T17:34:00.050+0000] {logging_mixin.py:190} INFO - [2025-03-24T17:34:00.049+0000] {dag.py:3239} INFO - Sync 1 DAGs
[2025-03-24T17:34:00.086+0000] {logging_mixin.py:190} INFO - [2025-03-24T17:34:00.086+0000] {dag.py:4180} INFO - Setting next_dagrun for example_sensor_decorator to None, run_after=None
[2025-03-24T17:34:00.126+0000] {processor.py:208} INFO - Processing /home/airflow/.local/lib/python3.12/site-packages/airflow/example_dags/example_sensor_decorator.py took 0.140 seconds
[2025-03-24T17:34:30.977+0000] {processor.py:186} INFO - Started process (PID=13218) to work on /home/airflow/.local/lib/python3.12/site-packages/airflow/example_dags/example_sensor_decorator.py
[2025-03-24T17:34:30.981+0000] {processor.py:914} INFO - Processing file /home/airflow/.local/lib/python3.12/site-packages/airflow/example_dags/example_sensor_decorator.py for tasks to queue
[2025-03-24T17:34:30.984+0000] {logging_mixin.py:190} INFO - [2025-03-24T17:34:30.983+0000] {dagbag.py:588} INFO - Filling up the DagBag from /home/airflow/.local/lib/python3.12/site-packages/airflow/example_dags/example_sensor_decorator.py
[2025-03-24T17:34:30.995+0000] {processor.py:925} INFO - DAG(s) 'example_sensor_decorator' retrieved from /home/airflow/.local/lib/python3.12/site-packages/airflow/example_dags/example_sensor_decorator.py
[2025-03-24T17:34:31.024+0000] {logging_mixin.py:190} INFO - [2025-03-24T17:34:31.024+0000] {dag.py:3239} INFO - Sync 1 DAGs
[2025-03-24T17:34:31.045+0000] {logging_mixin.py:190} INFO - [2025-03-24T17:34:31.045+0000] {dag.py:4180} INFO - Setting next_dagrun for example_sensor_decorator to None, run_after=None
[2025-03-24T17:34:31.071+0000] {processor.py:208} INFO - Processing /home/airflow/.local/lib/python3.12/site-packages/airflow/example_dags/example_sensor_decorator.py took 0.102 seconds
[2025-03-24T17:35:03.170+0000] {processor.py:186} INFO - Started process (PID=13511) to work on /home/airflow/.local/lib/python3.12/site-packages/airflow/example_dags/example_sensor_decorator.py
[2025-03-24T17:35:03.174+0000] {processor.py:914} INFO - Processing file /home/airflow/.local/lib/python3.12/site-packages/airflow/example_dags/example_sensor_decorator.py for tasks to queue
[2025-03-24T17:35:03.177+0000] {logging_mixin.py:190} INFO - [2025-03-24T17:35:03.176+0000] {dagbag.py:588} INFO - Filling up the DagBag from /home/airflow/.local/lib/python3.12/site-packages/airflow/example_dags/example_sensor_decorator.py
[2025-03-24T17:35:03.189+0000] {processor.py:925} INFO - DAG(s) 'example_sensor_decorator' retrieved from /home/airflow/.local/lib/python3.12/site-packages/airflow/example_dags/example_sensor_decorator.py
[2025-03-24T17:35:03.215+0000] {logging_mixin.py:190} INFO - [2025-03-24T17:35:03.214+0000] {dag.py:3239} INFO - Sync 1 DAGs
[2025-03-24T17:35:03.236+0000] {logging_mixin.py:190} INFO - [2025-03-24T17:35:03.236+0000] {dag.py:4180} INFO - Setting next_dagrun for example_sensor_decorator to None, run_after=None
[2025-03-24T17:35:03.264+0000] {processor.py:208} INFO - Processing /home/airflow/.local/lib/python3.12/site-packages/airflow/example_dags/example_sensor_decorator.py took 0.104 seconds
[2025-03-24T17:35:35.084+0000] {processor.py:186} INFO - Started process (PID=13799) to work on /home/airflow/.local/lib/python3.12/site-packages/airflow/example_dags/example_sensor_decorator.py
[2025-03-24T17:35:35.085+0000] {processor.py:914} INFO - Processing file /home/airflow/.local/lib/python3.12/site-packages/airflow/example_dags/example_sensor_decorator.py for tasks to queue
[2025-03-24T17:35:35.089+0000] {logging_mixin.py:190} INFO - [2025-03-24T17:35:35.088+0000] {dagbag.py:588} INFO - Filling up the DagBag from /home/airflow/.local/lib/python3.12/site-packages/airflow/example_dags/example_sensor_decorator.py
[2025-03-24T17:35:35.107+0000] {processor.py:925} INFO - DAG(s) 'example_sensor_decorator' retrieved from /home/airflow/.local/lib/python3.12/site-packages/airflow/example_dags/example_sensor_decorator.py
[2025-03-24T17:35:35.144+0000] {logging_mixin.py:190} INFO - [2025-03-24T17:35:35.143+0000] {dag.py:3239} INFO - Sync 1 DAGs
[2025-03-24T17:35:35.172+0000] {logging_mixin.py:190} INFO - [2025-03-24T17:35:35.172+0000] {dag.py:4180} INFO - Setting next_dagrun for example_sensor_decorator to None, run_after=None
[2025-03-24T17:35:35.218+0000] {processor.py:208} INFO - Processing /home/airflow/.local/lib/python3.12/site-packages/airflow/example_dags/example_sensor_decorator.py took 0.149 seconds
[2025-03-24T17:36:06.671+0000] {processor.py:186} INFO - Started process (PID=14090) to work on /home/airflow/.local/lib/python3.12/site-packages/airflow/example_dags/example_sensor_decorator.py
[2025-03-24T17:36:06.672+0000] {processor.py:914} INFO - Processing file /home/airflow/.local/lib/python3.12/site-packages/airflow/example_dags/example_sensor_decorator.py for tasks to queue
[2025-03-24T17:36:06.675+0000] {logging_mixin.py:190} INFO - [2025-03-24T17:36:06.674+0000] {dagbag.py:588} INFO - Filling up the DagBag from /home/airflow/.local/lib/python3.12/site-packages/airflow/example_dags/example_sensor_decorator.py
[2025-03-24T17:36:06.689+0000] {processor.py:925} INFO - DAG(s) 'example_sensor_decorator' retrieved from /home/airflow/.local/lib/python3.12/site-packages/airflow/example_dags/example_sensor_decorator.py
[2025-03-24T17:36:06.721+0000] {logging_mixin.py:190} INFO - [2025-03-24T17:36:06.721+0000] {dag.py:3239} INFO - Sync 1 DAGs
[2025-03-24T17:36:06.746+0000] {logging_mixin.py:190} INFO - [2025-03-24T17:36:06.745+0000] {dag.py:4180} INFO - Setting next_dagrun for example_sensor_decorator to None, run_after=None
[2025-03-24T17:36:06.785+0000] {processor.py:208} INFO - Processing /home/airflow/.local/lib/python3.12/site-packages/airflow/example_dags/example_sensor_decorator.py took 0.125 seconds
[2025-03-24T17:36:37.761+0000] {processor.py:186} INFO - Started process (PID=14381) to work on /home/airflow/.local/lib/python3.12/site-packages/airflow/example_dags/example_sensor_decorator.py
[2025-03-24T17:36:37.783+0000] {processor.py:914} INFO - Processing file /home/airflow/.local/lib/python3.12/site-packages/airflow/example_dags/example_sensor_decorator.py for tasks to queue
[2025-03-24T17:36:37.788+0000] {logging_mixin.py:190} INFO - [2025-03-24T17:36:37.787+0000] {dagbag.py:588} INFO - Filling up the DagBag from /home/airflow/.local/lib/python3.12/site-packages/airflow/example_dags/example_sensor_decorator.py
[2025-03-24T17:36:37.804+0000] {processor.py:925} INFO - DAG(s) 'example_sensor_decorator' retrieved from /home/airflow/.local/lib/python3.12/site-packages/airflow/example_dags/example_sensor_decorator.py
[2025-03-24T17:36:37.846+0000] {logging_mixin.py:190} INFO - [2025-03-24T17:36:37.846+0000] {dag.py:3239} INFO - Sync 1 DAGs
[2025-03-24T17:36:37.872+0000] {logging_mixin.py:190} INFO - [2025-03-24T17:36:37.871+0000] {dag.py:4180} INFO - Setting next_dagrun for example_sensor_decorator to None, run_after=None
[2025-03-24T17:36:37.903+0000] {processor.py:208} INFO - Processing /home/airflow/.local/lib/python3.12/site-packages/airflow/example_dags/example_sensor_decorator.py took 0.155 seconds
[2025-03-24T17:37:08.234+0000] {processor.py:186} INFO - Started process (PID=14671) to work on /home/airflow/.local/lib/python3.12/site-packages/airflow/example_dags/example_sensor_decorator.py
[2025-03-24T17:37:08.235+0000] {processor.py:914} INFO - Processing file /home/airflow/.local/lib/python3.12/site-packages/airflow/example_dags/example_sensor_decorator.py for tasks to queue
[2025-03-24T17:37:08.238+0000] {logging_mixin.py:190} INFO - [2025-03-24T17:37:08.238+0000] {dagbag.py:588} INFO - Filling up the DagBag from /home/airflow/.local/lib/python3.12/site-packages/airflow/example_dags/example_sensor_decorator.py
[2025-03-24T17:37:08.253+0000] {processor.py:925} INFO - DAG(s) 'example_sensor_decorator' retrieved from /home/airflow/.local/lib/python3.12/site-packages/airflow/example_dags/example_sensor_decorator.py
[2025-03-24T17:37:08.287+0000] {logging_mixin.py:190} INFO - [2025-03-24T17:37:08.286+0000] {dag.py:3239} INFO - Sync 1 DAGs
[2025-03-24T17:37:08.314+0000] {logging_mixin.py:190} INFO - [2025-03-24T17:37:08.314+0000] {dag.py:4180} INFO - Setting next_dagrun for example_sensor_decorator to None, run_after=None
[2025-03-24T17:37:08.354+0000] {processor.py:208} INFO - Processing /home/airflow/.local/lib/python3.12/site-packages/airflow/example_dags/example_sensor_decorator.py took 0.130 seconds
[2025-03-24T17:37:39.274+0000] {processor.py:186} INFO - Started process (PID=14957) to work on /home/airflow/.local/lib/python3.12/site-packages/airflow/example_dags/example_sensor_decorator.py
[2025-03-24T17:37:39.275+0000] {processor.py:914} INFO - Processing file /home/airflow/.local/lib/python3.12/site-packages/airflow/example_dags/example_sensor_decorator.py for tasks to queue
[2025-03-24T17:37:39.280+0000] {logging_mixin.py:190} INFO - [2025-03-24T17:37:39.279+0000] {dagbag.py:588} INFO - Filling up the DagBag from /home/airflow/.local/lib/python3.12/site-packages/airflow/example_dags/example_sensor_decorator.py
[2025-03-24T17:37:39.293+0000] {processor.py:925} INFO - DAG(s) 'example_sensor_decorator' retrieved from /home/airflow/.local/lib/python3.12/site-packages/airflow/example_dags/example_sensor_decorator.py
[2025-03-24T17:37:39.326+0000] {logging_mixin.py:190} INFO - [2025-03-24T17:37:39.325+0000] {dag.py:3239} INFO - Sync 1 DAGs
[2025-03-24T17:37:39.354+0000] {logging_mixin.py:190} INFO - [2025-03-24T17:37:39.354+0000] {dag.py:4180} INFO - Setting next_dagrun for example_sensor_decorator to None, run_after=None
[2025-03-24T17:37:39.389+0000] {processor.py:208} INFO - Processing /home/airflow/.local/lib/python3.12/site-packages/airflow/example_dags/example_sensor_decorator.py took 0.125 seconds
[2025-03-24T17:38:10.654+0000] {processor.py:186} INFO - Started process (PID=15248) to work on /home/airflow/.local/lib/python3.12/site-packages/airflow/example_dags/example_sensor_decorator.py
[2025-03-24T17:38:10.657+0000] {processor.py:914} INFO - Processing file /home/airflow/.local/lib/python3.12/site-packages/airflow/example_dags/example_sensor_decorator.py for tasks to queue
[2025-03-24T17:38:10.661+0000] {logging_mixin.py:190} INFO - [2025-03-24T17:38:10.660+0000] {dagbag.py:588} INFO - Filling up the DagBag from /home/airflow/.local/lib/python3.12/site-packages/airflow/example_dags/example_sensor_decorator.py
[2025-03-24T17:38:10.673+0000] {processor.py:925} INFO - DAG(s) 'example_sensor_decorator' retrieved from /home/airflow/.local/lib/python3.12/site-packages/airflow/example_dags/example_sensor_decorator.py
[2025-03-24T17:38:10.705+0000] {logging_mixin.py:190} INFO - [2025-03-24T17:38:10.705+0000] {dag.py:3239} INFO - Sync 1 DAGs
[2025-03-24T17:38:10.737+0000] {logging_mixin.py:190} INFO - [2025-03-24T17:38:10.736+0000] {dag.py:4180} INFO - Setting next_dagrun for example_sensor_decorator to None, run_after=None
[2025-03-24T17:38:10.776+0000] {processor.py:208} INFO - Processing /home/airflow/.local/lib/python3.12/site-packages/airflow/example_dags/example_sensor_decorator.py took 0.133 seconds
[2025-03-24T17:38:41.226+0000] {processor.py:186} INFO - Started process (PID=15539) to work on /home/airflow/.local/lib/python3.12/site-packages/airflow/example_dags/example_sensor_decorator.py
[2025-03-24T17:38:41.228+0000] {processor.py:914} INFO - Processing file /home/airflow/.local/lib/python3.12/site-packages/airflow/example_dags/example_sensor_decorator.py for tasks to queue
[2025-03-24T17:38:41.232+0000] {logging_mixin.py:190} INFO - [2025-03-24T17:38:41.231+0000] {dagbag.py:588} INFO - Filling up the DagBag from /home/airflow/.local/lib/python3.12/site-packages/airflow/example_dags/example_sensor_decorator.py
[2025-03-24T17:38:41.251+0000] {processor.py:925} INFO - DAG(s) 'example_sensor_decorator' retrieved from /home/airflow/.local/lib/python3.12/site-packages/airflow/example_dags/example_sensor_decorator.py
[2025-03-24T17:38:41.295+0000] {logging_mixin.py:190} INFO - [2025-03-24T17:38:41.294+0000] {dag.py:3239} INFO - Sync 1 DAGs
[2025-03-24T17:38:41.334+0000] {logging_mixin.py:190} INFO - [2025-03-24T17:38:41.333+0000] {dag.py:4180} INFO - Setting next_dagrun for example_sensor_decorator to None, run_after=None
[2025-03-24T17:38:41.381+0000] {processor.py:208} INFO - Processing /home/airflow/.local/lib/python3.12/site-packages/airflow/example_dags/example_sensor_decorator.py took 0.177 seconds
[2025-03-24T17:39:11.999+0000] {processor.py:186} INFO - Started process (PID=15825) to work on /home/airflow/.local/lib/python3.12/site-packages/airflow/example_dags/example_sensor_decorator.py
[2025-03-24T17:39:12.002+0000] {processor.py:914} INFO - Processing file /home/airflow/.local/lib/python3.12/site-packages/airflow/example_dags/example_sensor_decorator.py for tasks to queue
[2025-03-24T17:39:12.012+0000] {logging_mixin.py:190} INFO - [2025-03-24T17:39:12.011+0000] {dagbag.py:588} INFO - Filling up the DagBag from /home/airflow/.local/lib/python3.12/site-packages/airflow/example_dags/example_sensor_decorator.py
[2025-03-24T17:39:12.029+0000] {processor.py:925} INFO - DAG(s) 'example_sensor_decorator' retrieved from /home/airflow/.local/lib/python3.12/site-packages/airflow/example_dags/example_sensor_decorator.py
[2025-03-24T17:39:12.070+0000] {logging_mixin.py:190} INFO - [2025-03-24T17:39:12.070+0000] {dag.py:3239} INFO - Sync 1 DAGs
[2025-03-24T17:39:12.108+0000] {logging_mixin.py:190} INFO - [2025-03-24T17:39:12.107+0000] {dag.py:4180} INFO - Setting next_dagrun for example_sensor_decorator to None, run_after=None
[2025-03-24T17:39:12.172+0000] {processor.py:208} INFO - Processing /home/airflow/.local/lib/python3.12/site-packages/airflow/example_dags/example_sensor_decorator.py took 0.183 seconds
[2025-03-24T17:39:42.246+0000] {processor.py:186} INFO - Started process (PID=16113) to work on /home/airflow/.local/lib/python3.12/site-packages/airflow/example_dags/example_sensor_decorator.py
[2025-03-24T17:39:42.247+0000] {processor.py:914} INFO - Processing file /home/airflow/.local/lib/python3.12/site-packages/airflow/example_dags/example_sensor_decorator.py for tasks to queue
[2025-03-24T17:39:42.250+0000] {logging_mixin.py:190} INFO - [2025-03-24T17:39:42.249+0000] {dagbag.py:588} INFO - Filling up the DagBag from /home/airflow/.local/lib/python3.12/site-packages/airflow/example_dags/example_sensor_decorator.py
[2025-03-24T17:39:42.262+0000] {processor.py:925} INFO - DAG(s) 'example_sensor_decorator' retrieved from /home/airflow/.local/lib/python3.12/site-packages/airflow/example_dags/example_sensor_decorator.py
[2025-03-24T17:39:42.291+0000] {logging_mixin.py:190} INFO - [2025-03-24T17:39:42.291+0000] {dag.py:3239} INFO - Sync 1 DAGs
[2025-03-24T17:39:42.312+0000] {logging_mixin.py:190} INFO - [2025-03-24T17:39:42.312+0000] {dag.py:4180} INFO - Setting next_dagrun for example_sensor_decorator to None, run_after=None
[2025-03-24T17:39:42.348+0000] {processor.py:208} INFO - Processing /home/airflow/.local/lib/python3.12/site-packages/airflow/example_dags/example_sensor_decorator.py took 0.110 seconds
[2025-03-24T17:40:12.941+0000] {processor.py:186} INFO - Started process (PID=16409) to work on /home/airflow/.local/lib/python3.12/site-packages/airflow/example_dags/example_sensor_decorator.py
[2025-03-24T17:40:12.943+0000] {processor.py:914} INFO - Processing file /home/airflow/.local/lib/python3.12/site-packages/airflow/example_dags/example_sensor_decorator.py for tasks to queue
[2025-03-24T17:40:12.946+0000] {logging_mixin.py:190} INFO - [2025-03-24T17:40:12.945+0000] {dagbag.py:588} INFO - Filling up the DagBag from /home/airflow/.local/lib/python3.12/site-packages/airflow/example_dags/example_sensor_decorator.py
[2025-03-24T17:40:12.955+0000] {processor.py:925} INFO - DAG(s) 'example_sensor_decorator' retrieved from /home/airflow/.local/lib/python3.12/site-packages/airflow/example_dags/example_sensor_decorator.py
[2025-03-24T17:40:12.978+0000] {logging_mixin.py:190} INFO - [2025-03-24T17:40:12.978+0000] {dag.py:3239} INFO - Sync 1 DAGs
[2025-03-24T17:40:12.996+0000] {logging_mixin.py:190} INFO - [2025-03-24T17:40:12.996+0000] {dag.py:4180} INFO - Setting next_dagrun for example_sensor_decorator to None, run_after=None
[2025-03-24T17:40:13.025+0000] {processor.py:208} INFO - Processing /home/airflow/.local/lib/python3.12/site-packages/airflow/example_dags/example_sensor_decorator.py took 0.091 seconds
[2025-03-24T17:40:44.332+0000] {processor.py:186} INFO - Started process (PID=16698) to work on /home/airflow/.local/lib/python3.12/site-packages/airflow/example_dags/example_sensor_decorator.py
[2025-03-24T17:40:44.335+0000] {processor.py:914} INFO - Processing file /home/airflow/.local/lib/python3.12/site-packages/airflow/example_dags/example_sensor_decorator.py for tasks to queue
[2025-03-24T17:40:44.339+0000] {logging_mixin.py:190} INFO - [2025-03-24T17:40:44.339+0000] {dagbag.py:588} INFO - Filling up the DagBag from /home/airflow/.local/lib/python3.12/site-packages/airflow/example_dags/example_sensor_decorator.py
[2025-03-24T17:40:44.354+0000] {processor.py:925} INFO - DAG(s) 'example_sensor_decorator' retrieved from /home/airflow/.local/lib/python3.12/site-packages/airflow/example_dags/example_sensor_decorator.py
[2025-03-24T17:40:44.382+0000] {logging_mixin.py:190} INFO - [2025-03-24T17:40:44.382+0000] {dag.py:3239} INFO - Sync 1 DAGs
[2025-03-24T17:40:44.404+0000] {logging_mixin.py:190} INFO - [2025-03-24T17:40:44.403+0000] {dag.py:4180} INFO - Setting next_dagrun for example_sensor_decorator to None, run_after=None
[2025-03-24T17:40:44.438+0000] {processor.py:208} INFO - Processing /home/airflow/.local/lib/python3.12/site-packages/airflow/example_dags/example_sensor_decorator.py took 0.118 seconds
[2025-03-24T17:41:15.642+0000] {processor.py:186} INFO - Started process (PID=16989) to work on /home/airflow/.local/lib/python3.12/site-packages/airflow/example_dags/example_sensor_decorator.py
[2025-03-24T17:41:15.644+0000] {processor.py:914} INFO - Processing file /home/airflow/.local/lib/python3.12/site-packages/airflow/example_dags/example_sensor_decorator.py for tasks to queue
[2025-03-24T17:41:15.649+0000] {logging_mixin.py:190} INFO - [2025-03-24T17:41:15.648+0000] {dagbag.py:588} INFO - Filling up the DagBag from /home/airflow/.local/lib/python3.12/site-packages/airflow/example_dags/example_sensor_decorator.py
[2025-03-24T17:41:15.660+0000] {processor.py:925} INFO - DAG(s) 'example_sensor_decorator' retrieved from /home/airflow/.local/lib/python3.12/site-packages/airflow/example_dags/example_sensor_decorator.py
[2025-03-24T17:41:15.698+0000] {logging_mixin.py:190} INFO - [2025-03-24T17:41:15.697+0000] {dag.py:3239} INFO - Sync 1 DAGs
[2025-03-24T17:41:15.732+0000] {logging_mixin.py:190} INFO - [2025-03-24T17:41:15.731+0000] {dag.py:4180} INFO - Setting next_dagrun for example_sensor_decorator to None, run_after=None
[2025-03-24T17:41:15.761+0000] {processor.py:208} INFO - Processing /home/airflow/.local/lib/python3.12/site-packages/airflow/example_dags/example_sensor_decorator.py took 0.127 seconds
[2025-03-24T17:41:46.701+0000] {processor.py:186} INFO - Started process (PID=17279) to work on /home/airflow/.local/lib/python3.12/site-packages/airflow/example_dags/example_sensor_decorator.py
[2025-03-24T17:41:46.702+0000] {processor.py:914} INFO - Processing file /home/airflow/.local/lib/python3.12/site-packages/airflow/example_dags/example_sensor_decorator.py for tasks to queue
[2025-03-24T17:41:46.706+0000] {logging_mixin.py:190} INFO - [2025-03-24T17:41:46.705+0000] {dagbag.py:588} INFO - Filling up the DagBag from /home/airflow/.local/lib/python3.12/site-packages/airflow/example_dags/example_sensor_decorator.py
[2025-03-24T17:41:46.718+0000] {processor.py:925} INFO - DAG(s) 'example_sensor_decorator' retrieved from /home/airflow/.local/lib/python3.12/site-packages/airflow/example_dags/example_sensor_decorator.py
[2025-03-24T17:41:46.746+0000] {logging_mixin.py:190} INFO - [2025-03-24T17:41:46.745+0000] {dag.py:3239} INFO - Sync 1 DAGs
[2025-03-24T17:41:46.769+0000] {logging_mixin.py:190} INFO - [2025-03-24T17:41:46.768+0000] {dag.py:4180} INFO - Setting next_dagrun for example_sensor_decorator to None, run_after=None
[2025-03-24T17:41:46.795+0000] {processor.py:208} INFO - Processing /home/airflow/.local/lib/python3.12/site-packages/airflow/example_dags/example_sensor_decorator.py took 0.107 seconds
[2025-03-24T17:42:16.887+0000] {processor.py:186} INFO - Started process (PID=17629) to work on /home/airflow/.local/lib/python3.12/site-packages/airflow/example_dags/example_sensor_decorator.py
[2025-03-24T17:42:16.903+0000] {processor.py:914} INFO - Processing file /home/airflow/.local/lib/python3.12/site-packages/airflow/example_dags/example_sensor_decorator.py for tasks to queue
[2025-03-24T17:42:16.906+0000] {logging_mixin.py:190} INFO - [2025-03-24T17:42:16.906+0000] {dagbag.py:588} INFO - Filling up the DagBag from /home/airflow/.local/lib/python3.12/site-packages/airflow/example_dags/example_sensor_decorator.py
[2025-03-24T17:42:16.918+0000] {processor.py:925} INFO - DAG(s) 'example_sensor_decorator' retrieved from /home/airflow/.local/lib/python3.12/site-packages/airflow/example_dags/example_sensor_decorator.py
[2025-03-24T17:42:16.949+0000] {logging_mixin.py:190} INFO - [2025-03-24T17:42:16.948+0000] {dag.py:3239} INFO - Sync 1 DAGs
[2025-03-24T17:42:16.972+0000] {logging_mixin.py:190} INFO - [2025-03-24T17:42:16.972+0000] {dag.py:4180} INFO - Setting next_dagrun for example_sensor_decorator to None, run_after=None
[2025-03-24T17:42:16.999+0000] {processor.py:208} INFO - Processing /home/airflow/.local/lib/python3.12/site-packages/airflow/example_dags/example_sensor_decorator.py took 0.120 seconds
