[2025-03-24T17:11:33.935+0000] {processor.py:186} INFO - Started process (PID=410) to work on /home/airflow/.local/lib/python3.12/site-packages/airflow/example_dags/tutorial_objectstorage.py
[2025-03-24T17:11:33.938+0000] {processor.py:914} INFO - Processing file /home/airflow/.local/lib/python3.12/site-packages/airflow/example_dags/tutorial_objectstorage.py for tasks to queue
[2025-03-24T17:11:33.941+0000] {logging_mixin.py:190} INFO - [2025-03-24T17:11:33.941+0000] {dagbag.py:588} INFO - Filling up the DagBag from /home/airflow/.local/lib/python3.12/site-packages/airflow/example_dags/tutorial_objectstorage.py
[2025-03-24T17:11:33.971+0000] {processor.py:925} INFO - DAG(s) 'tutorial_objectstorage' retrieved from /home/airflow/.local/lib/python3.12/site-packages/airflow/example_dags/tutorial_objectstorage.py
[2025-03-24T17:11:34.562+0000] {logging_mixin.py:190} INFO - [2025-03-24T17:11:34.561+0000] {override.py:1912} INFO - Created Permission View: can delete on DAG:tutorial_objectstorage
[2025-03-24T17:11:34.634+0000] {logging_mixin.py:190} INFO - [2025-03-24T17:11:34.633+0000] {override.py:1912} INFO - Created Permission View: can edit on DAG:tutorial_objectstorage
[2025-03-24T17:11:34.710+0000] {logging_mixin.py:190} INFO - [2025-03-24T17:11:34.709+0000] {override.py:1912} INFO - Created Permission View: can read on DAG:tutorial_objectstorage
[2025-03-24T17:11:34.741+0000] {logging_mixin.py:190} INFO - [2025-03-24T17:11:34.740+0000] {override.py:1912} INFO - Created Permission View: menu access on DAG Run:tutorial_objectstorage
[2025-03-24T17:11:34.760+0000] {logging_mixin.py:190} INFO - [2025-03-24T17:11:34.759+0000] {override.py:1912} INFO - Created Permission View: can delete on DAG Run:tutorial_objectstorage
[2025-03-24T17:11:34.783+0000] {logging_mixin.py:190} INFO - [2025-03-24T17:11:34.782+0000] {override.py:1912} INFO - Created Permission View: can read on DAG Run:tutorial_objectstorage
[2025-03-24T17:11:34.799+0000] {logging_mixin.py:190} INFO - [2025-03-24T17:11:34.799+0000] {override.py:1912} INFO - Created Permission View: can create on DAG Run:tutorial_objectstorage
[2025-03-24T17:11:34.801+0000] {logging_mixin.py:190} INFO - [2025-03-24T17:11:34.800+0000] {dag.py:3239} INFO - Sync 1 DAGs
[2025-03-24T17:11:34.833+0000] {logging_mixin.py:190} INFO - [2025-03-24T17:11:34.832+0000] {dag.py:3262} INFO - Creating ORM DAG for tutorial_objectstorage
[2025-03-24T17:11:34.834+0000] {logging_mixin.py:190} INFO - [2025-03-24T17:11:34.834+0000] {dag.py:4180} INFO - Setting next_dagrun for tutorial_objectstorage to None, run_after=None
[2025-03-24T17:11:34.876+0000] {processor.py:208} INFO - Processing /home/airflow/.local/lib/python3.12/site-packages/airflow/example_dags/tutorial_objectstorage.py took 0.955 seconds
[2025-03-24T17:12:05.231+0000] {processor.py:186} INFO - Started process (PID=701) to work on /home/airflow/.local/lib/python3.12/site-packages/airflow/example_dags/tutorial_objectstorage.py
[2025-03-24T17:12:05.232+0000] {processor.py:914} INFO - Processing file /home/airflow/.local/lib/python3.12/site-packages/airflow/example_dags/tutorial_objectstorage.py for tasks to queue
[2025-03-24T17:12:05.234+0000] {logging_mixin.py:190} INFO - [2025-03-24T17:12:05.234+0000] {dagbag.py:588} INFO - Filling up the DagBag from /home/airflow/.local/lib/python3.12/site-packages/airflow/example_dags/tutorial_objectstorage.py
[2025-03-24T17:12:05.245+0000] {processor.py:925} INFO - DAG(s) 'tutorial_objectstorage' retrieved from /home/airflow/.local/lib/python3.12/site-packages/airflow/example_dags/tutorial_objectstorage.py
[2025-03-24T17:12:05.270+0000] {logging_mixin.py:190} INFO - [2025-03-24T17:12:05.269+0000] {dag.py:3239} INFO - Sync 1 DAGs
[2025-03-24T17:12:05.289+0000] {logging_mixin.py:190} INFO - [2025-03-24T17:12:05.288+0000] {dag.py:4180} INFO - Setting next_dagrun for tutorial_objectstorage to None, run_after=None
[2025-03-24T17:12:05.335+0000] {processor.py:208} INFO - Processing /home/airflow/.local/lib/python3.12/site-packages/airflow/example_dags/tutorial_objectstorage.py took 0.111 seconds
[2025-03-24T17:12:35.568+0000] {processor.py:186} INFO - Started process (PID=993) to work on /home/airflow/.local/lib/python3.12/site-packages/airflow/example_dags/tutorial_objectstorage.py
[2025-03-24T17:12:35.570+0000] {processor.py:914} INFO - Processing file /home/airflow/.local/lib/python3.12/site-packages/airflow/example_dags/tutorial_objectstorage.py for tasks to queue
[2025-03-24T17:12:35.574+0000] {logging_mixin.py:190} INFO - [2025-03-24T17:12:35.573+0000] {dagbag.py:588} INFO - Filling up the DagBag from /home/airflow/.local/lib/python3.12/site-packages/airflow/example_dags/tutorial_objectstorage.py
[2025-03-24T17:12:35.589+0000] {processor.py:925} INFO - DAG(s) 'tutorial_objectstorage' retrieved from /home/airflow/.local/lib/python3.12/site-packages/airflow/example_dags/tutorial_objectstorage.py
[2025-03-24T17:12:35.619+0000] {logging_mixin.py:190} INFO - [2025-03-24T17:12:35.619+0000] {dag.py:3239} INFO - Sync 1 DAGs
[2025-03-24T17:12:35.645+0000] {logging_mixin.py:190} INFO - [2025-03-24T17:12:35.645+0000] {dag.py:4180} INFO - Setting next_dagrun for tutorial_objectstorage to None, run_after=None
[2025-03-24T17:12:35.693+0000] {processor.py:208} INFO - Processing /home/airflow/.local/lib/python3.12/site-packages/airflow/example_dags/tutorial_objectstorage.py took 0.138 seconds
[2025-03-24T17:13:06.287+0000] {processor.py:186} INFO - Started process (PID=1283) to work on /home/airflow/.local/lib/python3.12/site-packages/airflow/example_dags/tutorial_objectstorage.py
[2025-03-24T17:13:06.288+0000] {processor.py:914} INFO - Processing file /home/airflow/.local/lib/python3.12/site-packages/airflow/example_dags/tutorial_objectstorage.py for tasks to queue
[2025-03-24T17:13:06.292+0000] {logging_mixin.py:190} INFO - [2025-03-24T17:13:06.291+0000] {dagbag.py:588} INFO - Filling up the DagBag from /home/airflow/.local/lib/python3.12/site-packages/airflow/example_dags/tutorial_objectstorage.py
[2025-03-24T17:13:06.308+0000] {processor.py:925} INFO - DAG(s) 'tutorial_objectstorage' retrieved from /home/airflow/.local/lib/python3.12/site-packages/airflow/example_dags/tutorial_objectstorage.py
[2025-03-24T17:13:06.371+0000] {logging_mixin.py:190} INFO - [2025-03-24T17:13:06.371+0000] {dag.py:3239} INFO - Sync 1 DAGs
[2025-03-24T17:13:06.404+0000] {logging_mixin.py:190} INFO - [2025-03-24T17:13:06.404+0000] {dag.py:4180} INFO - Setting next_dagrun for tutorial_objectstorage to None, run_after=None
[2025-03-24T17:13:06.446+0000] {processor.py:208} INFO - Processing /home/airflow/.local/lib/python3.12/site-packages/airflow/example_dags/tutorial_objectstorage.py took 0.170 seconds
[2025-03-24T17:13:37.185+0000] {processor.py:186} INFO - Started process (PID=1574) to work on /home/airflow/.local/lib/python3.12/site-packages/airflow/example_dags/tutorial_objectstorage.py
[2025-03-24T17:13:37.190+0000] {processor.py:914} INFO - Processing file /home/airflow/.local/lib/python3.12/site-packages/airflow/example_dags/tutorial_objectstorage.py for tasks to queue
[2025-03-24T17:13:37.193+0000] {logging_mixin.py:190} INFO - [2025-03-24T17:13:37.193+0000] {dagbag.py:588} INFO - Filling up the DagBag from /home/airflow/.local/lib/python3.12/site-packages/airflow/example_dags/tutorial_objectstorage.py
[2025-03-24T17:13:37.206+0000] {processor.py:925} INFO - DAG(s) 'tutorial_objectstorage' retrieved from /home/airflow/.local/lib/python3.12/site-packages/airflow/example_dags/tutorial_objectstorage.py
[2025-03-24T17:13:37.254+0000] {logging_mixin.py:190} INFO - [2025-03-24T17:13:37.253+0000] {dag.py:3239} INFO - Sync 1 DAGs
[2025-03-24T17:13:37.288+0000] {logging_mixin.py:190} INFO - [2025-03-24T17:13:37.288+0000] {dag.py:4180} INFO - Setting next_dagrun for tutorial_objectstorage to None, run_after=None
[2025-03-24T17:13:37.345+0000] {processor.py:208} INFO - Processing /home/airflow/.local/lib/python3.12/site-packages/airflow/example_dags/tutorial_objectstorage.py took 0.171 seconds
[2025-03-24T17:14:07.483+0000] {processor.py:186} INFO - Started process (PID=1867) to work on /home/airflow/.local/lib/python3.12/site-packages/airflow/example_dags/tutorial_objectstorage.py
[2025-03-24T17:14:07.485+0000] {processor.py:914} INFO - Processing file /home/airflow/.local/lib/python3.12/site-packages/airflow/example_dags/tutorial_objectstorage.py for tasks to queue
[2025-03-24T17:14:07.487+0000] {logging_mixin.py:190} INFO - [2025-03-24T17:14:07.487+0000] {dagbag.py:588} INFO - Filling up the DagBag from /home/airflow/.local/lib/python3.12/site-packages/airflow/example_dags/tutorial_objectstorage.py
[2025-03-24T17:14:07.497+0000] {processor.py:925} INFO - DAG(s) 'tutorial_objectstorage' retrieved from /home/airflow/.local/lib/python3.12/site-packages/airflow/example_dags/tutorial_objectstorage.py
[2025-03-24T17:14:07.523+0000] {logging_mixin.py:190} INFO - [2025-03-24T17:14:07.523+0000] {dag.py:3239} INFO - Sync 1 DAGs
[2025-03-24T17:14:07.541+0000] {logging_mixin.py:190} INFO - [2025-03-24T17:14:07.541+0000] {dag.py:4180} INFO - Setting next_dagrun for tutorial_objectstorage to None, run_after=None
[2025-03-24T17:14:07.566+0000] {processor.py:208} INFO - Processing /home/airflow/.local/lib/python3.12/site-packages/airflow/example_dags/tutorial_objectstorage.py took 0.092 seconds
[2025-03-24T17:14:39.373+0000] {processor.py:186} INFO - Started process (PID=2156) to work on /home/airflow/.local/lib/python3.12/site-packages/airflow/example_dags/tutorial_objectstorage.py
[2025-03-24T17:14:39.375+0000] {processor.py:914} INFO - Processing file /home/airflow/.local/lib/python3.12/site-packages/airflow/example_dags/tutorial_objectstorage.py for tasks to queue
[2025-03-24T17:14:39.379+0000] {logging_mixin.py:190} INFO - [2025-03-24T17:14:39.378+0000] {dagbag.py:588} INFO - Filling up the DagBag from /home/airflow/.local/lib/python3.12/site-packages/airflow/example_dags/tutorial_objectstorage.py
[2025-03-24T17:14:39.399+0000] {processor.py:925} INFO - DAG(s) 'tutorial_objectstorage' retrieved from /home/airflow/.local/lib/python3.12/site-packages/airflow/example_dags/tutorial_objectstorage.py
[2025-03-24T17:14:39.441+0000] {logging_mixin.py:190} INFO - [2025-03-24T17:14:39.440+0000] {dag.py:3239} INFO - Sync 1 DAGs
[2025-03-24T17:14:39.477+0000] {logging_mixin.py:190} INFO - [2025-03-24T17:14:39.476+0000] {dag.py:4180} INFO - Setting next_dagrun for tutorial_objectstorage to None, run_after=None
[2025-03-24T17:14:39.526+0000] {processor.py:208} INFO - Processing /home/airflow/.local/lib/python3.12/site-packages/airflow/example_dags/tutorial_objectstorage.py took 0.166 seconds
[2025-03-24T17:15:10.047+0000] {processor.py:186} INFO - Started process (PID=2448) to work on /home/airflow/.local/lib/python3.12/site-packages/airflow/example_dags/tutorial_objectstorage.py
[2025-03-24T17:15:10.048+0000] {processor.py:914} INFO - Processing file /home/airflow/.local/lib/python3.12/site-packages/airflow/example_dags/tutorial_objectstorage.py for tasks to queue
[2025-03-24T17:15:10.052+0000] {logging_mixin.py:190} INFO - [2025-03-24T17:15:10.051+0000] {dagbag.py:588} INFO - Filling up the DagBag from /home/airflow/.local/lib/python3.12/site-packages/airflow/example_dags/tutorial_objectstorage.py
[2025-03-24T17:15:10.070+0000] {processor.py:925} INFO - DAG(s) 'tutorial_objectstorage' retrieved from /home/airflow/.local/lib/python3.12/site-packages/airflow/example_dags/tutorial_objectstorage.py
[2025-03-24T17:15:10.110+0000] {logging_mixin.py:190} INFO - [2025-03-24T17:15:10.109+0000] {dag.py:3239} INFO - Sync 1 DAGs
[2025-03-24T17:15:10.142+0000] {logging_mixin.py:190} INFO - [2025-03-24T17:15:10.141+0000] {dag.py:4180} INFO - Setting next_dagrun for tutorial_objectstorage to None, run_after=None
[2025-03-24T17:15:10.187+0000] {processor.py:208} INFO - Processing /home/airflow/.local/lib/python3.12/site-packages/airflow/example_dags/tutorial_objectstorage.py took 0.152 seconds
[2025-03-24T17:15:41.132+0000] {processor.py:186} INFO - Started process (PID=2739) to work on /home/airflow/.local/lib/python3.12/site-packages/airflow/example_dags/tutorial_objectstorage.py
[2025-03-24T17:15:41.133+0000] {processor.py:914} INFO - Processing file /home/airflow/.local/lib/python3.12/site-packages/airflow/example_dags/tutorial_objectstorage.py for tasks to queue
[2025-03-24T17:15:41.136+0000] {logging_mixin.py:190} INFO - [2025-03-24T17:15:41.135+0000] {dagbag.py:588} INFO - Filling up the DagBag from /home/airflow/.local/lib/python3.12/site-packages/airflow/example_dags/tutorial_objectstorage.py
[2025-03-24T17:15:41.147+0000] {processor.py:925} INFO - DAG(s) 'tutorial_objectstorage' retrieved from /home/airflow/.local/lib/python3.12/site-packages/airflow/example_dags/tutorial_objectstorage.py
[2025-03-24T17:15:41.175+0000] {logging_mixin.py:190} INFO - [2025-03-24T17:15:41.175+0000] {dag.py:3239} INFO - Sync 1 DAGs
[2025-03-24T17:15:41.200+0000] {logging_mixin.py:190} INFO - [2025-03-24T17:15:41.200+0000] {dag.py:4180} INFO - Setting next_dagrun for tutorial_objectstorage to None, run_after=None
[2025-03-24T17:15:41.236+0000] {processor.py:208} INFO - Processing /home/airflow/.local/lib/python3.12/site-packages/airflow/example_dags/tutorial_objectstorage.py took 0.113 seconds
[2025-03-24T17:16:11.718+0000] {processor.py:186} INFO - Started process (PID=3027) to work on /home/airflow/.local/lib/python3.12/site-packages/airflow/example_dags/tutorial_objectstorage.py
[2025-03-24T17:16:11.719+0000] {processor.py:914} INFO - Processing file /home/airflow/.local/lib/python3.12/site-packages/airflow/example_dags/tutorial_objectstorage.py for tasks to queue
[2025-03-24T17:16:11.722+0000] {logging_mixin.py:190} INFO - [2025-03-24T17:16:11.722+0000] {dagbag.py:588} INFO - Filling up the DagBag from /home/airflow/.local/lib/python3.12/site-packages/airflow/example_dags/tutorial_objectstorage.py
[2025-03-24T17:16:11.741+0000] {processor.py:925} INFO - DAG(s) 'tutorial_objectstorage' retrieved from /home/airflow/.local/lib/python3.12/site-packages/airflow/example_dags/tutorial_objectstorage.py
[2025-03-24T17:16:11.779+0000] {logging_mixin.py:190} INFO - [2025-03-24T17:16:11.778+0000] {dag.py:3239} INFO - Sync 1 DAGs
[2025-03-24T17:16:11.810+0000] {logging_mixin.py:190} INFO - [2025-03-24T17:16:11.810+0000] {dag.py:4180} INFO - Setting next_dagrun for tutorial_objectstorage to None, run_after=None
[2025-03-24T17:16:11.855+0000] {processor.py:208} INFO - Processing /home/airflow/.local/lib/python3.12/site-packages/airflow/example_dags/tutorial_objectstorage.py took 0.147 seconds
[2025-03-24T17:16:42.132+0000] {processor.py:186} INFO - Started process (PID=3315) to work on /home/airflow/.local/lib/python3.12/site-packages/airflow/example_dags/tutorial_objectstorage.py
[2025-03-24T17:16:42.133+0000] {processor.py:914} INFO - Processing file /home/airflow/.local/lib/python3.12/site-packages/airflow/example_dags/tutorial_objectstorage.py for tasks to queue
[2025-03-24T17:16:42.135+0000] {logging_mixin.py:190} INFO - [2025-03-24T17:16:42.135+0000] {dagbag.py:588} INFO - Filling up the DagBag from /home/airflow/.local/lib/python3.12/site-packages/airflow/example_dags/tutorial_objectstorage.py
[2025-03-24T17:16:42.146+0000] {processor.py:925} INFO - DAG(s) 'tutorial_objectstorage' retrieved from /home/airflow/.local/lib/python3.12/site-packages/airflow/example_dags/tutorial_objectstorage.py
[2025-03-24T17:16:42.172+0000] {logging_mixin.py:190} INFO - [2025-03-24T17:16:42.172+0000] {dag.py:3239} INFO - Sync 1 DAGs
[2025-03-24T17:16:42.196+0000] {logging_mixin.py:190} INFO - [2025-03-24T17:16:42.195+0000] {dag.py:4180} INFO - Setting next_dagrun for tutorial_objectstorage to None, run_after=None
[2025-03-24T17:16:42.223+0000] {processor.py:208} INFO - Processing /home/airflow/.local/lib/python3.12/site-packages/airflow/example_dags/tutorial_objectstorage.py took 0.100 seconds
[2025-03-24T17:17:15.345+0000] {processor.py:186} INFO - Started process (PID=3612) to work on /home/airflow/.local/lib/python3.12/site-packages/airflow/example_dags/tutorial_objectstorage.py
[2025-03-24T17:17:15.346+0000] {processor.py:914} INFO - Processing file /home/airflow/.local/lib/python3.12/site-packages/airflow/example_dags/tutorial_objectstorage.py for tasks to queue
[2025-03-24T17:17:15.349+0000] {logging_mixin.py:190} INFO - [2025-03-24T17:17:15.349+0000] {dagbag.py:588} INFO - Filling up the DagBag from /home/airflow/.local/lib/python3.12/site-packages/airflow/example_dags/tutorial_objectstorage.py
[2025-03-24T17:17:15.369+0000] {processor.py:925} INFO - DAG(s) 'tutorial_objectstorage' retrieved from /home/airflow/.local/lib/python3.12/site-packages/airflow/example_dags/tutorial_objectstorage.py
[2025-03-24T17:17:15.402+0000] {logging_mixin.py:190} INFO - [2025-03-24T17:17:15.402+0000] {dag.py:3239} INFO - Sync 1 DAGs
[2025-03-24T17:17:15.425+0000] {logging_mixin.py:190} INFO - [2025-03-24T17:17:15.424+0000] {dag.py:4180} INFO - Setting next_dagrun for tutorial_objectstorage to None, run_after=None
[2025-03-24T17:17:15.456+0000] {processor.py:208} INFO - Processing /home/airflow/.local/lib/python3.12/site-packages/airflow/example_dags/tutorial_objectstorage.py took 0.123 seconds
[2025-03-24T17:17:49.963+0000] {processor.py:186} INFO - Started process (PID=3917) to work on /home/airflow/.local/lib/python3.12/site-packages/airflow/example_dags/tutorial_objectstorage.py
[2025-03-24T17:17:49.967+0000] {processor.py:914} INFO - Processing file /home/airflow/.local/lib/python3.12/site-packages/airflow/example_dags/tutorial_objectstorage.py for tasks to queue
[2025-03-24T17:17:49.973+0000] {logging_mixin.py:190} INFO - [2025-03-24T17:17:49.972+0000] {dagbag.py:588} INFO - Filling up the DagBag from /home/airflow/.local/lib/python3.12/site-packages/airflow/example_dags/tutorial_objectstorage.py
[2025-03-24T17:17:50.029+0000] {processor.py:925} INFO - DAG(s) 'tutorial_objectstorage' retrieved from /home/airflow/.local/lib/python3.12/site-packages/airflow/example_dags/tutorial_objectstorage.py
[2025-03-24T17:17:50.171+0000] {logging_mixin.py:190} INFO - [2025-03-24T17:17:50.171+0000] {dag.py:3239} INFO - Sync 1 DAGs
[2025-03-24T17:17:50.238+0000] {logging_mixin.py:190} INFO - [2025-03-24T17:17:50.237+0000] {dag.py:4180} INFO - Setting next_dagrun for tutorial_objectstorage to None, run_after=None
[2025-03-24T17:17:50.532+0000] {processor.py:208} INFO - Processing /home/airflow/.local/lib/python3.12/site-packages/airflow/example_dags/tutorial_objectstorage.py took 0.589 seconds
[2025-03-24T17:18:21.281+0000] {processor.py:186} INFO - Started process (PID=4222) to work on /home/airflow/.local/lib/python3.12/site-packages/airflow/example_dags/tutorial_objectstorage.py
[2025-03-24T17:18:21.285+0000] {processor.py:914} INFO - Processing file /home/airflow/.local/lib/python3.12/site-packages/airflow/example_dags/tutorial_objectstorage.py for tasks to queue
[2025-03-24T17:18:21.289+0000] {logging_mixin.py:190} INFO - [2025-03-24T17:18:21.288+0000] {dagbag.py:588} INFO - Filling up the DagBag from /home/airflow/.local/lib/python3.12/site-packages/airflow/example_dags/tutorial_objectstorage.py
[2025-03-24T17:18:21.307+0000] {processor.py:925} INFO - DAG(s) 'tutorial_objectstorage' retrieved from /home/airflow/.local/lib/python3.12/site-packages/airflow/example_dags/tutorial_objectstorage.py
[2025-03-24T17:18:21.353+0000] {logging_mixin.py:190} INFO - [2025-03-24T17:18:21.353+0000] {dag.py:3239} INFO - Sync 1 DAGs
[2025-03-24T17:18:21.388+0000] {logging_mixin.py:190} INFO - [2025-03-24T17:18:21.387+0000] {dag.py:4180} INFO - Setting next_dagrun for tutorial_objectstorage to None, run_after=None
[2025-03-24T17:18:21.424+0000] {processor.py:208} INFO - Processing /home/airflow/.local/lib/python3.12/site-packages/airflow/example_dags/tutorial_objectstorage.py took 0.151 seconds
[2025-03-24T17:18:51.752+0000] {processor.py:186} INFO - Started process (PID=4513) to work on /home/airflow/.local/lib/python3.12/site-packages/airflow/example_dags/tutorial_objectstorage.py
[2025-03-24T17:18:51.752+0000] {processor.py:914} INFO - Processing file /home/airflow/.local/lib/python3.12/site-packages/airflow/example_dags/tutorial_objectstorage.py for tasks to queue
[2025-03-24T17:18:51.755+0000] {logging_mixin.py:190} INFO - [2025-03-24T17:18:51.754+0000] {dagbag.py:588} INFO - Filling up the DagBag from /home/airflow/.local/lib/python3.12/site-packages/airflow/example_dags/tutorial_objectstorage.py
[2025-03-24T17:18:51.766+0000] {processor.py:925} INFO - DAG(s) 'tutorial_objectstorage' retrieved from /home/airflow/.local/lib/python3.12/site-packages/airflow/example_dags/tutorial_objectstorage.py
[2025-03-24T17:18:51.799+0000] {logging_mixin.py:190} INFO - [2025-03-24T17:18:51.798+0000] {dag.py:3239} INFO - Sync 1 DAGs
[2025-03-24T17:18:51.824+0000] {logging_mixin.py:190} INFO - [2025-03-24T17:18:51.824+0000] {dag.py:4180} INFO - Setting next_dagrun for tutorial_objectstorage to None, run_after=None
[2025-03-24T17:18:51.857+0000] {processor.py:208} INFO - Processing /home/airflow/.local/lib/python3.12/site-packages/airflow/example_dags/tutorial_objectstorage.py took 0.115 seconds
[2025-03-24T17:19:22.542+0000] {processor.py:186} INFO - Started process (PID=4804) to work on /home/airflow/.local/lib/python3.12/site-packages/airflow/example_dags/tutorial_objectstorage.py
[2025-03-24T17:19:22.543+0000] {processor.py:914} INFO - Processing file /home/airflow/.local/lib/python3.12/site-packages/airflow/example_dags/tutorial_objectstorage.py for tasks to queue
[2025-03-24T17:19:22.546+0000] {logging_mixin.py:190} INFO - [2025-03-24T17:19:22.546+0000] {dagbag.py:588} INFO - Filling up the DagBag from /home/airflow/.local/lib/python3.12/site-packages/airflow/example_dags/tutorial_objectstorage.py
[2025-03-24T17:19:22.563+0000] {processor.py:925} INFO - DAG(s) 'tutorial_objectstorage' retrieved from /home/airflow/.local/lib/python3.12/site-packages/airflow/example_dags/tutorial_objectstorage.py
[2025-03-24T17:19:22.598+0000] {logging_mixin.py:190} INFO - [2025-03-24T17:19:22.598+0000] {dag.py:3239} INFO - Sync 1 DAGs
[2025-03-24T17:19:22.629+0000] {logging_mixin.py:190} INFO - [2025-03-24T17:19:22.628+0000] {dag.py:4180} INFO - Setting next_dagrun for tutorial_objectstorage to None, run_after=None
[2025-03-24T17:19:22.666+0000] {processor.py:208} INFO - Processing /home/airflow/.local/lib/python3.12/site-packages/airflow/example_dags/tutorial_objectstorage.py took 0.136 seconds
[2025-03-24T17:19:53.058+0000] {processor.py:186} INFO - Started process (PID=5095) to work on /home/airflow/.local/lib/python3.12/site-packages/airflow/example_dags/tutorial_objectstorage.py
[2025-03-24T17:19:53.059+0000] {processor.py:914} INFO - Processing file /home/airflow/.local/lib/python3.12/site-packages/airflow/example_dags/tutorial_objectstorage.py for tasks to queue
[2025-03-24T17:19:53.062+0000] {logging_mixin.py:190} INFO - [2025-03-24T17:19:53.062+0000] {dagbag.py:588} INFO - Filling up the DagBag from /home/airflow/.local/lib/python3.12/site-packages/airflow/example_dags/tutorial_objectstorage.py
[2025-03-24T17:19:53.076+0000] {processor.py:925} INFO - DAG(s) 'tutorial_objectstorage' retrieved from /home/airflow/.local/lib/python3.12/site-packages/airflow/example_dags/tutorial_objectstorage.py
[2025-03-24T17:19:53.111+0000] {logging_mixin.py:190} INFO - [2025-03-24T17:19:53.111+0000] {dag.py:3239} INFO - Sync 1 DAGs
[2025-03-24T17:19:53.142+0000] {logging_mixin.py:190} INFO - [2025-03-24T17:19:53.141+0000] {dag.py:4180} INFO - Setting next_dagrun for tutorial_objectstorage to None, run_after=None
[2025-03-24T17:19:53.179+0000] {processor.py:208} INFO - Processing /home/airflow/.local/lib/python3.12/site-packages/airflow/example_dags/tutorial_objectstorage.py took 0.131 seconds
[2025-03-24T17:20:23.637+0000] {processor.py:186} INFO - Started process (PID=5385) to work on /home/airflow/.local/lib/python3.12/site-packages/airflow/example_dags/tutorial_objectstorage.py
[2025-03-24T17:20:23.641+0000] {processor.py:914} INFO - Processing file /home/airflow/.local/lib/python3.12/site-packages/airflow/example_dags/tutorial_objectstorage.py for tasks to queue
[2025-03-24T17:20:23.643+0000] {logging_mixin.py:190} INFO - [2025-03-24T17:20:23.643+0000] {dagbag.py:588} INFO - Filling up the DagBag from /home/airflow/.local/lib/python3.12/site-packages/airflow/example_dags/tutorial_objectstorage.py
[2025-03-24T17:20:23.658+0000] {processor.py:925} INFO - DAG(s) 'tutorial_objectstorage' retrieved from /home/airflow/.local/lib/python3.12/site-packages/airflow/example_dags/tutorial_objectstorage.py
[2025-03-24T17:20:23.691+0000] {logging_mixin.py:190} INFO - [2025-03-24T17:20:23.691+0000] {dag.py:3239} INFO - Sync 1 DAGs
[2025-03-24T17:20:23.717+0000] {logging_mixin.py:190} INFO - [2025-03-24T17:20:23.717+0000] {dag.py:4180} INFO - Setting next_dagrun for tutorial_objectstorage to None, run_after=None
[2025-03-24T17:20:23.763+0000] {processor.py:208} INFO - Processing /home/airflow/.local/lib/python3.12/site-packages/airflow/example_dags/tutorial_objectstorage.py took 0.135 seconds
[2025-03-24T17:20:54.537+0000] {processor.py:186} INFO - Started process (PID=5674) to work on /home/airflow/.local/lib/python3.12/site-packages/airflow/example_dags/tutorial_objectstorage.py
[2025-03-24T17:20:54.539+0000] {processor.py:914} INFO - Processing file /home/airflow/.local/lib/python3.12/site-packages/airflow/example_dags/tutorial_objectstorage.py for tasks to queue
[2025-03-24T17:20:54.543+0000] {logging_mixin.py:190} INFO - [2025-03-24T17:20:54.542+0000] {dagbag.py:588} INFO - Filling up the DagBag from /home/airflow/.local/lib/python3.12/site-packages/airflow/example_dags/tutorial_objectstorage.py
[2025-03-24T17:20:54.561+0000] {processor.py:925} INFO - DAG(s) 'tutorial_objectstorage' retrieved from /home/airflow/.local/lib/python3.12/site-packages/airflow/example_dags/tutorial_objectstorage.py
[2025-03-24T17:20:54.607+0000] {logging_mixin.py:190} INFO - [2025-03-24T17:20:54.606+0000] {dag.py:3239} INFO - Sync 1 DAGs
[2025-03-24T17:20:54.641+0000] {logging_mixin.py:190} INFO - [2025-03-24T17:20:54.641+0000] {dag.py:4180} INFO - Setting next_dagrun for tutorial_objectstorage to None, run_after=None
[2025-03-24T17:20:54.687+0000] {processor.py:208} INFO - Processing /home/airflow/.local/lib/python3.12/site-packages/airflow/example_dags/tutorial_objectstorage.py took 0.163 seconds
[2025-03-24T17:21:25.523+0000] {processor.py:186} INFO - Started process (PID=5966) to work on /home/airflow/.local/lib/python3.12/site-packages/airflow/example_dags/tutorial_objectstorage.py
[2025-03-24T17:21:25.527+0000] {processor.py:914} INFO - Processing file /home/airflow/.local/lib/python3.12/site-packages/airflow/example_dags/tutorial_objectstorage.py for tasks to queue
[2025-03-24T17:21:25.531+0000] {logging_mixin.py:190} INFO - [2025-03-24T17:21:25.530+0000] {dagbag.py:588} INFO - Filling up the DagBag from /home/airflow/.local/lib/python3.12/site-packages/airflow/example_dags/tutorial_objectstorage.py
[2025-03-24T17:21:25.548+0000] {processor.py:925} INFO - DAG(s) 'tutorial_objectstorage' retrieved from /home/airflow/.local/lib/python3.12/site-packages/airflow/example_dags/tutorial_objectstorage.py
[2025-03-24T17:21:25.584+0000] {logging_mixin.py:190} INFO - [2025-03-24T17:21:25.583+0000] {dag.py:3239} INFO - Sync 1 DAGs
[2025-03-24T17:21:25.613+0000] {logging_mixin.py:190} INFO - [2025-03-24T17:21:25.612+0000] {dag.py:4180} INFO - Setting next_dagrun for tutorial_objectstorage to None, run_after=None
[2025-03-24T17:21:25.665+0000] {processor.py:208} INFO - Processing /home/airflow/.local/lib/python3.12/site-packages/airflow/example_dags/tutorial_objectstorage.py took 0.154 seconds
[2025-03-24T17:21:56.540+0000] {processor.py:186} INFO - Started process (PID=6252) to work on /home/airflow/.local/lib/python3.12/site-packages/airflow/example_dags/tutorial_objectstorage.py
[2025-03-24T17:21:56.541+0000] {processor.py:914} INFO - Processing file /home/airflow/.local/lib/python3.12/site-packages/airflow/example_dags/tutorial_objectstorage.py for tasks to queue
[2025-03-24T17:21:56.543+0000] {logging_mixin.py:190} INFO - [2025-03-24T17:21:56.543+0000] {dagbag.py:588} INFO - Filling up the DagBag from /home/airflow/.local/lib/python3.12/site-packages/airflow/example_dags/tutorial_objectstorage.py
[2025-03-24T17:21:56.557+0000] {processor.py:925} INFO - DAG(s) 'tutorial_objectstorage' retrieved from /home/airflow/.local/lib/python3.12/site-packages/airflow/example_dags/tutorial_objectstorage.py
[2025-03-24T17:21:56.588+0000] {logging_mixin.py:190} INFO - [2025-03-24T17:21:56.587+0000] {dag.py:3239} INFO - Sync 1 DAGs
[2025-03-24T17:21:56.612+0000] {logging_mixin.py:190} INFO - [2025-03-24T17:21:56.612+0000] {dag.py:4180} INFO - Setting next_dagrun for tutorial_objectstorage to None, run_after=None
[2025-03-24T17:21:56.649+0000] {processor.py:208} INFO - Processing /home/airflow/.local/lib/python3.12/site-packages/airflow/example_dags/tutorial_objectstorage.py took 0.121 seconds
[2025-03-24T17:22:26.882+0000] {processor.py:186} INFO - Started process (PID=6543) to work on /home/airflow/.local/lib/python3.12/site-packages/airflow/example_dags/tutorial_objectstorage.py
[2025-03-24T17:22:26.883+0000] {processor.py:914} INFO - Processing file /home/airflow/.local/lib/python3.12/site-packages/airflow/example_dags/tutorial_objectstorage.py for tasks to queue
[2025-03-24T17:22:26.886+0000] {logging_mixin.py:190} INFO - [2025-03-24T17:22:26.886+0000] {dagbag.py:588} INFO - Filling up the DagBag from /home/airflow/.local/lib/python3.12/site-packages/airflow/example_dags/tutorial_objectstorage.py
[2025-03-24T17:22:26.899+0000] {processor.py:925} INFO - DAG(s) 'tutorial_objectstorage' retrieved from /home/airflow/.local/lib/python3.12/site-packages/airflow/example_dags/tutorial_objectstorage.py
[2025-03-24T17:22:26.922+0000] {logging_mixin.py:190} INFO - [2025-03-24T17:22:26.922+0000] {dag.py:3239} INFO - Sync 1 DAGs
[2025-03-24T17:22:26.943+0000] {logging_mixin.py:190} INFO - [2025-03-24T17:22:26.942+0000] {dag.py:4180} INFO - Setting next_dagrun for tutorial_objectstorage to None, run_after=None
[2025-03-24T17:22:26.975+0000] {processor.py:208} INFO - Processing /home/airflow/.local/lib/python3.12/site-packages/airflow/example_dags/tutorial_objectstorage.py took 0.100 seconds
[2025-03-24T17:22:59.449+0000] {processor.py:186} INFO - Started process (PID=6844) to work on /home/airflow/.local/lib/python3.12/site-packages/airflow/example_dags/tutorial_objectstorage.py
[2025-03-24T17:22:59.450+0000] {processor.py:914} INFO - Processing file /home/airflow/.local/lib/python3.12/site-packages/airflow/example_dags/tutorial_objectstorage.py for tasks to queue
[2025-03-24T17:22:59.456+0000] {logging_mixin.py:190} INFO - [2025-03-24T17:22:59.455+0000] {dagbag.py:588} INFO - Filling up the DagBag from /home/airflow/.local/lib/python3.12/site-packages/airflow/example_dags/tutorial_objectstorage.py
[2025-03-24T17:22:59.468+0000] {processor.py:925} INFO - DAG(s) 'tutorial_objectstorage' retrieved from /home/airflow/.local/lib/python3.12/site-packages/airflow/example_dags/tutorial_objectstorage.py
[2025-03-24T17:22:59.499+0000] {logging_mixin.py:190} INFO - [2025-03-24T17:22:59.498+0000] {dag.py:3239} INFO - Sync 1 DAGs
[2025-03-24T17:22:59.532+0000] {logging_mixin.py:190} INFO - [2025-03-24T17:22:59.532+0000] {dag.py:4180} INFO - Setting next_dagrun for tutorial_objectstorage to None, run_after=None
[2025-03-24T17:22:59.573+0000] {processor.py:208} INFO - Processing /home/airflow/.local/lib/python3.12/site-packages/airflow/example_dags/tutorial_objectstorage.py took 0.131 seconds
[2025-03-24T17:23:30.554+0000] {processor.py:186} INFO - Started process (PID=7142) to work on /home/airflow/.local/lib/python3.12/site-packages/airflow/example_dags/tutorial_objectstorage.py
[2025-03-24T17:23:30.555+0000] {processor.py:914} INFO - Processing file /home/airflow/.local/lib/python3.12/site-packages/airflow/example_dags/tutorial_objectstorage.py for tasks to queue
[2025-03-24T17:23:30.557+0000] {logging_mixin.py:190} INFO - [2025-03-24T17:23:30.557+0000] {dagbag.py:588} INFO - Filling up the DagBag from /home/airflow/.local/lib/python3.12/site-packages/airflow/example_dags/tutorial_objectstorage.py
[2025-03-24T17:23:30.571+0000] {processor.py:925} INFO - DAG(s) 'tutorial_objectstorage' retrieved from /home/airflow/.local/lib/python3.12/site-packages/airflow/example_dags/tutorial_objectstorage.py
[2025-03-24T17:23:30.596+0000] {logging_mixin.py:190} INFO - [2025-03-24T17:23:30.595+0000] {dag.py:3239} INFO - Sync 1 DAGs
[2025-03-24T17:23:30.620+0000] {logging_mixin.py:190} INFO - [2025-03-24T17:23:30.620+0000] {dag.py:4180} INFO - Setting next_dagrun for tutorial_objectstorage to None, run_after=None
[2025-03-24T17:23:30.650+0000] {processor.py:208} INFO - Processing /home/airflow/.local/lib/python3.12/site-packages/airflow/example_dags/tutorial_objectstorage.py took 0.104 seconds
[2025-03-24T17:24:01.825+0000] {processor.py:186} INFO - Started process (PID=7433) to work on /home/airflow/.local/lib/python3.12/site-packages/airflow/example_dags/tutorial_objectstorage.py
[2025-03-24T17:24:01.826+0000] {processor.py:914} INFO - Processing file /home/airflow/.local/lib/python3.12/site-packages/airflow/example_dags/tutorial_objectstorage.py for tasks to queue
[2025-03-24T17:24:01.830+0000] {logging_mixin.py:190} INFO - [2025-03-24T17:24:01.829+0000] {dagbag.py:588} INFO - Filling up the DagBag from /home/airflow/.local/lib/python3.12/site-packages/airflow/example_dags/tutorial_objectstorage.py
[2025-03-24T17:24:01.846+0000] {processor.py:925} INFO - DAG(s) 'tutorial_objectstorage' retrieved from /home/airflow/.local/lib/python3.12/site-packages/airflow/example_dags/tutorial_objectstorage.py
[2025-03-24T17:24:01.874+0000] {logging_mixin.py:190} INFO - [2025-03-24T17:24:01.874+0000] {dag.py:3239} INFO - Sync 1 DAGs
[2025-03-24T17:24:01.896+0000] {logging_mixin.py:190} INFO - [2025-03-24T17:24:01.895+0000] {dag.py:4180} INFO - Setting next_dagrun for tutorial_objectstorage to None, run_after=None
[2025-03-24T17:24:01.928+0000] {processor.py:208} INFO - Processing /home/airflow/.local/lib/python3.12/site-packages/airflow/example_dags/tutorial_objectstorage.py took 0.110 seconds
[2025-03-24T17:24:33.052+0000] {processor.py:186} INFO - Started process (PID=7728) to work on /home/airflow/.local/lib/python3.12/site-packages/airflow/example_dags/tutorial_objectstorage.py
[2025-03-24T17:24:33.053+0000] {processor.py:914} INFO - Processing file /home/airflow/.local/lib/python3.12/site-packages/airflow/example_dags/tutorial_objectstorage.py for tasks to queue
[2025-03-24T17:24:33.057+0000] {logging_mixin.py:190} INFO - [2025-03-24T17:24:33.056+0000] {dagbag.py:588} INFO - Filling up the DagBag from /home/airflow/.local/lib/python3.12/site-packages/airflow/example_dags/tutorial_objectstorage.py
[2025-03-24T17:24:33.071+0000] {processor.py:925} INFO - DAG(s) 'tutorial_objectstorage' retrieved from /home/airflow/.local/lib/python3.12/site-packages/airflow/example_dags/tutorial_objectstorage.py
[2025-03-24T17:24:33.098+0000] {logging_mixin.py:190} INFO - [2025-03-24T17:24:33.098+0000] {dag.py:3239} INFO - Sync 1 DAGs
[2025-03-24T17:24:33.123+0000] {logging_mixin.py:190} INFO - [2025-03-24T17:24:33.123+0000] {dag.py:4180} INFO - Setting next_dagrun for tutorial_objectstorage to None, run_after=None
[2025-03-24T17:24:33.151+0000] {processor.py:208} INFO - Processing /home/airflow/.local/lib/python3.12/site-packages/airflow/example_dags/tutorial_objectstorage.py took 0.108 seconds
[2025-03-24T17:25:04.098+0000] {processor.py:186} INFO - Started process (PID=8019) to work on /home/airflow/.local/lib/python3.12/site-packages/airflow/example_dags/tutorial_objectstorage.py
[2025-03-24T17:25:04.099+0000] {processor.py:914} INFO - Processing file /home/airflow/.local/lib/python3.12/site-packages/airflow/example_dags/tutorial_objectstorage.py for tasks to queue
[2025-03-24T17:25:04.102+0000] {logging_mixin.py:190} INFO - [2025-03-24T17:25:04.102+0000] {dagbag.py:588} INFO - Filling up the DagBag from /home/airflow/.local/lib/python3.12/site-packages/airflow/example_dags/tutorial_objectstorage.py
[2025-03-24T17:25:04.115+0000] {processor.py:925} INFO - DAG(s) 'tutorial_objectstorage' retrieved from /home/airflow/.local/lib/python3.12/site-packages/airflow/example_dags/tutorial_objectstorage.py
[2025-03-24T17:25:04.140+0000] {logging_mixin.py:190} INFO - [2025-03-24T17:25:04.139+0000] {dag.py:3239} INFO - Sync 1 DAGs
[2025-03-24T17:25:04.158+0000] {logging_mixin.py:190} INFO - [2025-03-24T17:25:04.157+0000] {dag.py:4180} INFO - Setting next_dagrun for tutorial_objectstorage to None, run_after=None
[2025-03-24T17:25:04.182+0000] {processor.py:208} INFO - Processing /home/airflow/.local/lib/python3.12/site-packages/airflow/example_dags/tutorial_objectstorage.py took 0.092 seconds
[2025-03-24T17:25:36.928+0000] {processor.py:186} INFO - Started process (PID=8335) to work on /home/airflow/.local/lib/python3.12/site-packages/airflow/example_dags/tutorial_objectstorage.py
[2025-03-24T17:25:36.929+0000] {processor.py:914} INFO - Processing file /home/airflow/.local/lib/python3.12/site-packages/airflow/example_dags/tutorial_objectstorage.py for tasks to queue
[2025-03-24T17:25:36.932+0000] {logging_mixin.py:190} INFO - [2025-03-24T17:25:36.931+0000] {dagbag.py:588} INFO - Filling up the DagBag from /home/airflow/.local/lib/python3.12/site-packages/airflow/example_dags/tutorial_objectstorage.py
[2025-03-24T17:25:36.944+0000] {processor.py:925} INFO - DAG(s) 'tutorial_objectstorage' retrieved from /home/airflow/.local/lib/python3.12/site-packages/airflow/example_dags/tutorial_objectstorage.py
[2025-03-24T17:25:36.971+0000] {logging_mixin.py:190} INFO - [2025-03-24T17:25:36.970+0000] {dag.py:3239} INFO - Sync 1 DAGs
[2025-03-24T17:25:36.992+0000] {logging_mixin.py:190} INFO - [2025-03-24T17:25:36.991+0000] {dag.py:4180} INFO - Setting next_dagrun for tutorial_objectstorage to None, run_after=None
[2025-03-24T17:25:37.024+0000] {processor.py:208} INFO - Processing /home/airflow/.local/lib/python3.12/site-packages/airflow/example_dags/tutorial_objectstorage.py took 0.105 seconds
[2025-03-24T17:26:08.291+0000] {processor.py:186} INFO - Started process (PID=8626) to work on /home/airflow/.local/lib/python3.12/site-packages/airflow/example_dags/tutorial_objectstorage.py
[2025-03-24T17:26:08.292+0000] {processor.py:914} INFO - Processing file /home/airflow/.local/lib/python3.12/site-packages/airflow/example_dags/tutorial_objectstorage.py for tasks to queue
[2025-03-24T17:26:08.295+0000] {logging_mixin.py:190} INFO - [2025-03-24T17:26:08.295+0000] {dagbag.py:588} INFO - Filling up the DagBag from /home/airflow/.local/lib/python3.12/site-packages/airflow/example_dags/tutorial_objectstorage.py
[2025-03-24T17:26:08.307+0000] {processor.py:925} INFO - DAG(s) 'tutorial_objectstorage' retrieved from /home/airflow/.local/lib/python3.12/site-packages/airflow/example_dags/tutorial_objectstorage.py
[2025-03-24T17:26:08.330+0000] {logging_mixin.py:190} INFO - [2025-03-24T17:26:08.330+0000] {dag.py:3239} INFO - Sync 1 DAGs
[2025-03-24T17:26:08.351+0000] {logging_mixin.py:190} INFO - [2025-03-24T17:26:08.351+0000] {dag.py:4180} INFO - Setting next_dagrun for tutorial_objectstorage to None, run_after=None
[2025-03-24T17:26:08.405+0000] {processor.py:208} INFO - Processing /home/airflow/.local/lib/python3.12/site-packages/airflow/example_dags/tutorial_objectstorage.py took 0.124 seconds
[2025-03-24T17:26:40.517+0000] {processor.py:186} INFO - Started process (PID=8917) to work on /home/airflow/.local/lib/python3.12/site-packages/airflow/example_dags/tutorial_objectstorage.py
[2025-03-24T17:26:40.518+0000] {processor.py:914} INFO - Processing file /home/airflow/.local/lib/python3.12/site-packages/airflow/example_dags/tutorial_objectstorage.py for tasks to queue
[2025-03-24T17:26:40.521+0000] {logging_mixin.py:190} INFO - [2025-03-24T17:26:40.521+0000] {dagbag.py:588} INFO - Filling up the DagBag from /home/airflow/.local/lib/python3.12/site-packages/airflow/example_dags/tutorial_objectstorage.py
[2025-03-24T17:26:40.536+0000] {processor.py:925} INFO - DAG(s) 'tutorial_objectstorage' retrieved from /home/airflow/.local/lib/python3.12/site-packages/airflow/example_dags/tutorial_objectstorage.py
[2025-03-24T17:26:40.570+0000] {logging_mixin.py:190} INFO - [2025-03-24T17:26:40.569+0000] {dag.py:3239} INFO - Sync 1 DAGs
[2025-03-24T17:26:40.601+0000] {logging_mixin.py:190} INFO - [2025-03-24T17:26:40.600+0000] {dag.py:4180} INFO - Setting next_dagrun for tutorial_objectstorage to None, run_after=None
[2025-03-24T17:26:40.636+0000] {processor.py:208} INFO - Processing /home/airflow/.local/lib/python3.12/site-packages/airflow/example_dags/tutorial_objectstorage.py took 0.128 seconds
[2025-03-24T17:27:11.963+0000] {processor.py:186} INFO - Started process (PID=9208) to work on /home/airflow/.local/lib/python3.12/site-packages/airflow/example_dags/tutorial_objectstorage.py
[2025-03-24T17:27:11.965+0000] {processor.py:914} INFO - Processing file /home/airflow/.local/lib/python3.12/site-packages/airflow/example_dags/tutorial_objectstorage.py for tasks to queue
[2025-03-24T17:27:11.968+0000] {logging_mixin.py:190} INFO - [2025-03-24T17:27:11.967+0000] {dagbag.py:588} INFO - Filling up the DagBag from /home/airflow/.local/lib/python3.12/site-packages/airflow/example_dags/tutorial_objectstorage.py
[2025-03-24T17:27:11.982+0000] {processor.py:925} INFO - DAG(s) 'tutorial_objectstorage' retrieved from /home/airflow/.local/lib/python3.12/site-packages/airflow/example_dags/tutorial_objectstorage.py
[2025-03-24T17:27:12.016+0000] {logging_mixin.py:190} INFO - [2025-03-24T17:27:12.016+0000] {dag.py:3239} INFO - Sync 1 DAGs
[2025-03-24T17:27:12.044+0000] {logging_mixin.py:190} INFO - [2025-03-24T17:27:12.043+0000] {dag.py:4180} INFO - Setting next_dagrun for tutorial_objectstorage to None, run_after=None
[2025-03-24T17:27:12.083+0000] {processor.py:208} INFO - Processing /home/airflow/.local/lib/python3.12/site-packages/airflow/example_dags/tutorial_objectstorage.py took 0.132 seconds
[2025-03-24T17:27:43.098+0000] {processor.py:186} INFO - Started process (PID=9506) to work on /home/airflow/.local/lib/python3.12/site-packages/airflow/example_dags/tutorial_objectstorage.py
[2025-03-24T17:27:43.099+0000] {processor.py:914} INFO - Processing file /home/airflow/.local/lib/python3.12/site-packages/airflow/example_dags/tutorial_objectstorage.py for tasks to queue
[2025-03-24T17:27:43.102+0000] {logging_mixin.py:190} INFO - [2025-03-24T17:27:43.101+0000] {dagbag.py:588} INFO - Filling up the DagBag from /home/airflow/.local/lib/python3.12/site-packages/airflow/example_dags/tutorial_objectstorage.py
[2025-03-24T17:27:43.113+0000] {processor.py:925} INFO - DAG(s) 'tutorial_objectstorage' retrieved from /home/airflow/.local/lib/python3.12/site-packages/airflow/example_dags/tutorial_objectstorage.py
[2025-03-24T17:27:43.137+0000] {logging_mixin.py:190} INFO - [2025-03-24T17:27:43.137+0000] {dag.py:3239} INFO - Sync 1 DAGs
[2025-03-24T17:27:43.156+0000] {logging_mixin.py:190} INFO - [2025-03-24T17:27:43.156+0000] {dag.py:4180} INFO - Setting next_dagrun for tutorial_objectstorage to None, run_after=None
[2025-03-24T17:27:43.181+0000] {processor.py:208} INFO - Processing /home/airflow/.local/lib/python3.12/site-packages/airflow/example_dags/tutorial_objectstorage.py took 0.093 seconds
[2025-03-24T17:28:16.077+0000] {processor.py:186} INFO - Started process (PID=9810) to work on /home/airflow/.local/lib/python3.12/site-packages/airflow/example_dags/tutorial_objectstorage.py
[2025-03-24T17:28:16.078+0000] {processor.py:914} INFO - Processing file /home/airflow/.local/lib/python3.12/site-packages/airflow/example_dags/tutorial_objectstorage.py for tasks to queue
[2025-03-24T17:28:16.081+0000] {logging_mixin.py:190} INFO - [2025-03-24T17:28:16.080+0000] {dagbag.py:588} INFO - Filling up the DagBag from /home/airflow/.local/lib/python3.12/site-packages/airflow/example_dags/tutorial_objectstorage.py
[2025-03-24T17:28:16.097+0000] {processor.py:925} INFO - DAG(s) 'tutorial_objectstorage' retrieved from /home/airflow/.local/lib/python3.12/site-packages/airflow/example_dags/tutorial_objectstorage.py
[2025-03-24T17:28:16.142+0000] {logging_mixin.py:190} INFO - [2025-03-24T17:28:16.141+0000] {dag.py:3239} INFO - Sync 1 DAGs
[2025-03-24T17:28:16.172+0000] {logging_mixin.py:190} INFO - [2025-03-24T17:28:16.172+0000] {dag.py:4180} INFO - Setting next_dagrun for tutorial_objectstorage to None, run_after=None
[2025-03-24T17:28:16.214+0000] {processor.py:208} INFO - Processing /home/airflow/.local/lib/python3.12/site-packages/airflow/example_dags/tutorial_objectstorage.py took 0.150 seconds
[2025-03-24T17:28:48.762+0000] {processor.py:186} INFO - Started process (PID=10112) to work on /home/airflow/.local/lib/python3.12/site-packages/airflow/example_dags/tutorial_objectstorage.py
[2025-03-24T17:28:48.763+0000] {processor.py:914} INFO - Processing file /home/airflow/.local/lib/python3.12/site-packages/airflow/example_dags/tutorial_objectstorage.py for tasks to queue
[2025-03-24T17:28:48.766+0000] {logging_mixin.py:190} INFO - [2025-03-24T17:28:48.766+0000] {dagbag.py:588} INFO - Filling up the DagBag from /home/airflow/.local/lib/python3.12/site-packages/airflow/example_dags/tutorial_objectstorage.py
[2025-03-24T17:28:48.782+0000] {processor.py:925} INFO - DAG(s) 'tutorial_objectstorage' retrieved from /home/airflow/.local/lib/python3.12/site-packages/airflow/example_dags/tutorial_objectstorage.py
[2025-03-24T17:28:48.817+0000] {logging_mixin.py:190} INFO - [2025-03-24T17:28:48.817+0000] {dag.py:3239} INFO - Sync 1 DAGs
[2025-03-24T17:28:48.856+0000] {logging_mixin.py:190} INFO - [2025-03-24T17:28:48.856+0000] {dag.py:4180} INFO - Setting next_dagrun for tutorial_objectstorage to None, run_after=None
[2025-03-24T17:28:48.906+0000] {processor.py:208} INFO - Processing /home/airflow/.local/lib/python3.12/site-packages/airflow/example_dags/tutorial_objectstorage.py took 0.155 seconds
[2025-03-24T17:29:19.679+0000] {processor.py:186} INFO - Started process (PID=10403) to work on /home/airflow/.local/lib/python3.12/site-packages/airflow/example_dags/tutorial_objectstorage.py
[2025-03-24T17:29:19.680+0000] {processor.py:914} INFO - Processing file /home/airflow/.local/lib/python3.12/site-packages/airflow/example_dags/tutorial_objectstorage.py for tasks to queue
[2025-03-24T17:29:19.683+0000] {logging_mixin.py:190} INFO - [2025-03-24T17:29:19.682+0000] {dagbag.py:588} INFO - Filling up the DagBag from /home/airflow/.local/lib/python3.12/site-packages/airflow/example_dags/tutorial_objectstorage.py
[2025-03-24T17:29:19.698+0000] {processor.py:925} INFO - DAG(s) 'tutorial_objectstorage' retrieved from /home/airflow/.local/lib/python3.12/site-packages/airflow/example_dags/tutorial_objectstorage.py
[2025-03-24T17:29:19.735+0000] {logging_mixin.py:190} INFO - [2025-03-24T17:29:19.734+0000] {dag.py:3239} INFO - Sync 1 DAGs
[2025-03-24T17:29:19.765+0000] {logging_mixin.py:190} INFO - [2025-03-24T17:29:19.764+0000] {dag.py:4180} INFO - Setting next_dagrun for tutorial_objectstorage to None, run_after=None
[2025-03-24T17:29:19.798+0000] {processor.py:208} INFO - Processing /home/airflow/.local/lib/python3.12/site-packages/airflow/example_dags/tutorial_objectstorage.py took 0.130 seconds
[2025-03-24T17:29:49.972+0000] {processor.py:186} INFO - Started process (PID=10695) to work on /home/airflow/.local/lib/python3.12/site-packages/airflow/example_dags/tutorial_objectstorage.py
[2025-03-24T17:29:49.973+0000] {processor.py:914} INFO - Processing file /home/airflow/.local/lib/python3.12/site-packages/airflow/example_dags/tutorial_objectstorage.py for tasks to queue
[2025-03-24T17:29:49.976+0000] {logging_mixin.py:190} INFO - [2025-03-24T17:29:49.975+0000] {dagbag.py:588} INFO - Filling up the DagBag from /home/airflow/.local/lib/python3.12/site-packages/airflow/example_dags/tutorial_objectstorage.py
[2025-03-24T17:29:49.986+0000] {processor.py:925} INFO - DAG(s) 'tutorial_objectstorage' retrieved from /home/airflow/.local/lib/python3.12/site-packages/airflow/example_dags/tutorial_objectstorage.py
[2025-03-24T17:29:50.014+0000] {logging_mixin.py:190} INFO - [2025-03-24T17:29:50.013+0000] {dag.py:3239} INFO - Sync 1 DAGs
[2025-03-24T17:29:50.034+0000] {logging_mixin.py:190} INFO - [2025-03-24T17:29:50.034+0000] {dag.py:4180} INFO - Setting next_dagrun for tutorial_objectstorage to None, run_after=None
[2025-03-24T17:29:50.062+0000] {processor.py:208} INFO - Processing /home/airflow/.local/lib/python3.12/site-packages/airflow/example_dags/tutorial_objectstorage.py took 0.097 seconds
[2025-03-24T17:30:20.975+0000] {processor.py:186} INFO - Started process (PID=10986) to work on /home/airflow/.local/lib/python3.12/site-packages/airflow/example_dags/tutorial_objectstorage.py
[2025-03-24T17:30:20.976+0000] {processor.py:914} INFO - Processing file /home/airflow/.local/lib/python3.12/site-packages/airflow/example_dags/tutorial_objectstorage.py for tasks to queue
[2025-03-24T17:30:20.979+0000] {logging_mixin.py:190} INFO - [2025-03-24T17:30:20.979+0000] {dagbag.py:588} INFO - Filling up the DagBag from /home/airflow/.local/lib/python3.12/site-packages/airflow/example_dags/tutorial_objectstorage.py
[2025-03-24T17:30:20.991+0000] {processor.py:925} INFO - DAG(s) 'tutorial_objectstorage' retrieved from /home/airflow/.local/lib/python3.12/site-packages/airflow/example_dags/tutorial_objectstorage.py
[2025-03-24T17:30:21.021+0000] {logging_mixin.py:190} INFO - [2025-03-24T17:30:21.020+0000] {dag.py:3239} INFO - Sync 1 DAGs
[2025-03-24T17:30:21.046+0000] {logging_mixin.py:190} INFO - [2025-03-24T17:30:21.046+0000] {dag.py:4180} INFO - Setting next_dagrun for tutorial_objectstorage to None, run_after=None
[2025-03-24T17:30:21.075+0000] {processor.py:208} INFO - Processing /home/airflow/.local/lib/python3.12/site-packages/airflow/example_dags/tutorial_objectstorage.py took 0.111 seconds
[2025-03-24T17:30:53.337+0000] {processor.py:186} INFO - Started process (PID=11277) to work on /home/airflow/.local/lib/python3.12/site-packages/airflow/example_dags/tutorial_objectstorage.py
[2025-03-24T17:30:53.339+0000] {processor.py:914} INFO - Processing file /home/airflow/.local/lib/python3.12/site-packages/airflow/example_dags/tutorial_objectstorage.py for tasks to queue
[2025-03-24T17:30:53.343+0000] {logging_mixin.py:190} INFO - [2025-03-24T17:30:53.342+0000] {dagbag.py:588} INFO - Filling up the DagBag from /home/airflow/.local/lib/python3.12/site-packages/airflow/example_dags/tutorial_objectstorage.py
[2025-03-24T17:30:53.360+0000] {processor.py:925} INFO - DAG(s) 'tutorial_objectstorage' retrieved from /home/airflow/.local/lib/python3.12/site-packages/airflow/example_dags/tutorial_objectstorage.py
[2025-03-24T17:30:53.398+0000] {logging_mixin.py:190} INFO - [2025-03-24T17:30:53.397+0000] {dag.py:3239} INFO - Sync 1 DAGs
[2025-03-24T17:30:53.430+0000] {logging_mixin.py:190} INFO - [2025-03-24T17:30:53.429+0000] {dag.py:4180} INFO - Setting next_dagrun for tutorial_objectstorage to None, run_after=None
[2025-03-24T17:30:53.463+0000] {processor.py:208} INFO - Processing /home/airflow/.local/lib/python3.12/site-packages/airflow/example_dags/tutorial_objectstorage.py took 0.136 seconds
[2025-03-24T17:31:23.993+0000] {processor.py:186} INFO - Started process (PID=11570) to work on /home/airflow/.local/lib/python3.12/site-packages/airflow/example_dags/tutorial_objectstorage.py
[2025-03-24T17:31:23.994+0000] {processor.py:914} INFO - Processing file /home/airflow/.local/lib/python3.12/site-packages/airflow/example_dags/tutorial_objectstorage.py for tasks to queue
[2025-03-24T17:31:23.997+0000] {logging_mixin.py:190} INFO - [2025-03-24T17:31:23.997+0000] {dagbag.py:588} INFO - Filling up the DagBag from /home/airflow/.local/lib/python3.12/site-packages/airflow/example_dags/tutorial_objectstorage.py
[2025-03-24T17:31:24.013+0000] {processor.py:925} INFO - DAG(s) 'tutorial_objectstorage' retrieved from /home/airflow/.local/lib/python3.12/site-packages/airflow/example_dags/tutorial_objectstorage.py
[2025-03-24T17:31:24.046+0000] {logging_mixin.py:190} INFO - [2025-03-24T17:31:24.045+0000] {dag.py:3239} INFO - Sync 1 DAGs
[2025-03-24T17:31:24.076+0000] {logging_mixin.py:190} INFO - [2025-03-24T17:31:24.075+0000] {dag.py:4180} INFO - Setting next_dagrun for tutorial_objectstorage to None, run_after=None
[2025-03-24T17:31:24.115+0000] {processor.py:208} INFO - Processing /home/airflow/.local/lib/python3.12/site-packages/airflow/example_dags/tutorial_objectstorage.py took 0.132 seconds
[2025-03-24T17:31:55.578+0000] {processor.py:186} INFO - Started process (PID=11866) to work on /home/airflow/.local/lib/python3.12/site-packages/airflow/example_dags/tutorial_objectstorage.py
[2025-03-24T17:31:55.580+0000] {processor.py:914} INFO - Processing file /home/airflow/.local/lib/python3.12/site-packages/airflow/example_dags/tutorial_objectstorage.py for tasks to queue
[2025-03-24T17:31:55.583+0000] {logging_mixin.py:190} INFO - [2025-03-24T17:31:55.582+0000] {dagbag.py:588} INFO - Filling up the DagBag from /home/airflow/.local/lib/python3.12/site-packages/airflow/example_dags/tutorial_objectstorage.py
[2025-03-24T17:31:55.596+0000] {processor.py:925} INFO - DAG(s) 'tutorial_objectstorage' retrieved from /home/airflow/.local/lib/python3.12/site-packages/airflow/example_dags/tutorial_objectstorage.py
[2025-03-24T17:31:55.628+0000] {logging_mixin.py:190} INFO - [2025-03-24T17:31:55.628+0000] {dag.py:3239} INFO - Sync 1 DAGs
[2025-03-24T17:31:55.657+0000] {logging_mixin.py:190} INFO - [2025-03-24T17:31:55.657+0000] {dag.py:4180} INFO - Setting next_dagrun for tutorial_objectstorage to None, run_after=None
[2025-03-24T17:31:55.697+0000] {processor.py:208} INFO - Processing /home/airflow/.local/lib/python3.12/site-packages/airflow/example_dags/tutorial_objectstorage.py took 0.128 seconds
[2025-03-24T17:32:27.965+0000] {processor.py:186} INFO - Started process (PID=12154) to work on /home/airflow/.local/lib/python3.12/site-packages/airflow/example_dags/tutorial_objectstorage.py
[2025-03-24T17:32:27.966+0000] {processor.py:914} INFO - Processing file /home/airflow/.local/lib/python3.12/site-packages/airflow/example_dags/tutorial_objectstorage.py for tasks to queue
[2025-03-24T17:32:27.968+0000] {logging_mixin.py:190} INFO - [2025-03-24T17:32:27.968+0000] {dagbag.py:588} INFO - Filling up the DagBag from /home/airflow/.local/lib/python3.12/site-packages/airflow/example_dags/tutorial_objectstorage.py
[2025-03-24T17:32:27.979+0000] {processor.py:925} INFO - DAG(s) 'tutorial_objectstorage' retrieved from /home/airflow/.local/lib/python3.12/site-packages/airflow/example_dags/tutorial_objectstorage.py
[2025-03-24T17:32:28.004+0000] {logging_mixin.py:190} INFO - [2025-03-24T17:32:28.003+0000] {dag.py:3239} INFO - Sync 1 DAGs
[2025-03-24T17:32:28.030+0000] {logging_mixin.py:190} INFO - [2025-03-24T17:32:28.029+0000] {dag.py:4180} INFO - Setting next_dagrun for tutorial_objectstorage to None, run_after=None
[2025-03-24T17:32:28.062+0000] {processor.py:208} INFO - Processing /home/airflow/.local/lib/python3.12/site-packages/airflow/example_dags/tutorial_objectstorage.py took 0.105 seconds
[2025-03-24T17:32:59.298+0000] {processor.py:186} INFO - Started process (PID=12445) to work on /home/airflow/.local/lib/python3.12/site-packages/airflow/example_dags/tutorial_objectstorage.py
[2025-03-24T17:32:59.302+0000] {processor.py:914} INFO - Processing file /home/airflow/.local/lib/python3.12/site-packages/airflow/example_dags/tutorial_objectstorage.py for tasks to queue
[2025-03-24T17:32:59.305+0000] {logging_mixin.py:190} INFO - [2025-03-24T17:32:59.304+0000] {dagbag.py:588} INFO - Filling up the DagBag from /home/airflow/.local/lib/python3.12/site-packages/airflow/example_dags/tutorial_objectstorage.py
[2025-03-24T17:32:59.322+0000] {processor.py:925} INFO - DAG(s) 'tutorial_objectstorage' retrieved from /home/airflow/.local/lib/python3.12/site-packages/airflow/example_dags/tutorial_objectstorage.py
[2025-03-24T17:32:59.358+0000] {logging_mixin.py:190} INFO - [2025-03-24T17:32:59.358+0000] {dag.py:3239} INFO - Sync 1 DAGs
[2025-03-24T17:32:59.387+0000] {logging_mixin.py:190} INFO - [2025-03-24T17:32:59.387+0000] {dag.py:4180} INFO - Setting next_dagrun for tutorial_objectstorage to None, run_after=None
[2025-03-24T17:32:59.422+0000] {processor.py:208} INFO - Processing /home/airflow/.local/lib/python3.12/site-packages/airflow/example_dags/tutorial_objectstorage.py took 0.134 seconds
[2025-03-24T17:33:31.200+0000] {processor.py:186} INFO - Started process (PID=12738) to work on /home/airflow/.local/lib/python3.12/site-packages/airflow/example_dags/tutorial_objectstorage.py
[2025-03-24T17:33:31.201+0000] {processor.py:914} INFO - Processing file /home/airflow/.local/lib/python3.12/site-packages/airflow/example_dags/tutorial_objectstorage.py for tasks to queue
[2025-03-24T17:33:31.204+0000] {logging_mixin.py:190} INFO - [2025-03-24T17:33:31.204+0000] {dagbag.py:588} INFO - Filling up the DagBag from /home/airflow/.local/lib/python3.12/site-packages/airflow/example_dags/tutorial_objectstorage.py
[2025-03-24T17:33:31.221+0000] {processor.py:925} INFO - DAG(s) 'tutorial_objectstorage' retrieved from /home/airflow/.local/lib/python3.12/site-packages/airflow/example_dags/tutorial_objectstorage.py
[2025-03-24T17:33:31.259+0000] {logging_mixin.py:190} INFO - [2025-03-24T17:33:31.258+0000] {dag.py:3239} INFO - Sync 1 DAGs
[2025-03-24T17:33:31.287+0000] {logging_mixin.py:190} INFO - [2025-03-24T17:33:31.287+0000] {dag.py:4180} INFO - Setting next_dagrun for tutorial_objectstorage to None, run_after=None
[2025-03-24T17:33:31.342+0000] {processor.py:208} INFO - Processing /home/airflow/.local/lib/python3.12/site-packages/airflow/example_dags/tutorial_objectstorage.py took 0.154 seconds
[2025-03-24T17:34:02.591+0000] {processor.py:186} INFO - Started process (PID=13027) to work on /home/airflow/.local/lib/python3.12/site-packages/airflow/example_dags/tutorial_objectstorage.py
[2025-03-24T17:34:02.599+0000] {processor.py:914} INFO - Processing file /home/airflow/.local/lib/python3.12/site-packages/airflow/example_dags/tutorial_objectstorage.py for tasks to queue
[2025-03-24T17:34:02.606+0000] {logging_mixin.py:190} INFO - [2025-03-24T17:34:02.605+0000] {dagbag.py:588} INFO - Filling up the DagBag from /home/airflow/.local/lib/python3.12/site-packages/airflow/example_dags/tutorial_objectstorage.py
[2025-03-24T17:34:02.633+0000] {processor.py:925} INFO - DAG(s) 'tutorial_objectstorage' retrieved from /home/airflow/.local/lib/python3.12/site-packages/airflow/example_dags/tutorial_objectstorage.py
[2025-03-24T17:34:02.672+0000] {logging_mixin.py:190} INFO - [2025-03-24T17:34:02.672+0000] {dag.py:3239} INFO - Sync 1 DAGs
[2025-03-24T17:34:02.698+0000] {logging_mixin.py:190} INFO - [2025-03-24T17:34:02.698+0000] {dag.py:4180} INFO - Setting next_dagrun for tutorial_objectstorage to None, run_after=None
[2025-03-24T17:34:02.735+0000] {processor.py:208} INFO - Processing /home/airflow/.local/lib/python3.12/site-packages/airflow/example_dags/tutorial_objectstorage.py took 0.160 seconds
[2025-03-24T17:34:33.667+0000] {processor.py:186} INFO - Started process (PID=13318) to work on /home/airflow/.local/lib/python3.12/site-packages/airflow/example_dags/tutorial_objectstorage.py
[2025-03-24T17:34:33.671+0000] {processor.py:914} INFO - Processing file /home/airflow/.local/lib/python3.12/site-packages/airflow/example_dags/tutorial_objectstorage.py for tasks to queue
[2025-03-24T17:34:33.682+0000] {logging_mixin.py:190} INFO - [2025-03-24T17:34:33.675+0000] {dagbag.py:588} INFO - Filling up the DagBag from /home/airflow/.local/lib/python3.12/site-packages/airflow/example_dags/tutorial_objectstorage.py
[2025-03-24T17:34:33.704+0000] {processor.py:925} INFO - DAG(s) 'tutorial_objectstorage' retrieved from /home/airflow/.local/lib/python3.12/site-packages/airflow/example_dags/tutorial_objectstorage.py
[2025-03-24T17:34:33.745+0000] {logging_mixin.py:190} INFO - [2025-03-24T17:34:33.744+0000] {dag.py:3239} INFO - Sync 1 DAGs
[2025-03-24T17:34:33.780+0000] {logging_mixin.py:190} INFO - [2025-03-24T17:34:33.780+0000] {dag.py:4180} INFO - Setting next_dagrun for tutorial_objectstorage to None, run_after=None
[2025-03-24T17:34:33.827+0000] {processor.py:208} INFO - Processing /home/airflow/.local/lib/python3.12/site-packages/airflow/example_dags/tutorial_objectstorage.py took 0.176 seconds
[2025-03-24T17:35:05.099+0000] {processor.py:186} INFO - Started process (PID=13604) to work on /home/airflow/.local/lib/python3.12/site-packages/airflow/example_dags/tutorial_objectstorage.py
[2025-03-24T17:35:05.100+0000] {processor.py:914} INFO - Processing file /home/airflow/.local/lib/python3.12/site-packages/airflow/example_dags/tutorial_objectstorage.py for tasks to queue
[2025-03-24T17:35:05.102+0000] {logging_mixin.py:190} INFO - [2025-03-24T17:35:05.102+0000] {dagbag.py:588} INFO - Filling up the DagBag from /home/airflow/.local/lib/python3.12/site-packages/airflow/example_dags/tutorial_objectstorage.py
[2025-03-24T17:35:05.117+0000] {processor.py:925} INFO - DAG(s) 'tutorial_objectstorage' retrieved from /home/airflow/.local/lib/python3.12/site-packages/airflow/example_dags/tutorial_objectstorage.py
[2025-03-24T17:35:05.150+0000] {logging_mixin.py:190} INFO - [2025-03-24T17:35:05.150+0000] {dag.py:3239} INFO - Sync 1 DAGs
[2025-03-24T17:35:05.174+0000] {logging_mixin.py:190} INFO - [2025-03-24T17:35:05.173+0000] {dag.py:4180} INFO - Setting next_dagrun for tutorial_objectstorage to None, run_after=None
[2025-03-24T17:35:05.209+0000] {processor.py:208} INFO - Processing /home/airflow/.local/lib/python3.12/site-packages/airflow/example_dags/tutorial_objectstorage.py took 0.121 seconds
[2025-03-24T17:35:37.568+0000] {processor.py:186} INFO - Started process (PID=13896) to work on /home/airflow/.local/lib/python3.12/site-packages/airflow/example_dags/tutorial_objectstorage.py
[2025-03-24T17:35:37.573+0000] {processor.py:914} INFO - Processing file /home/airflow/.local/lib/python3.12/site-packages/airflow/example_dags/tutorial_objectstorage.py for tasks to queue
[2025-03-24T17:35:37.578+0000] {logging_mixin.py:190} INFO - [2025-03-24T17:35:37.577+0000] {dagbag.py:588} INFO - Filling up the DagBag from /home/airflow/.local/lib/python3.12/site-packages/airflow/example_dags/tutorial_objectstorage.py
[2025-03-24T17:35:37.595+0000] {processor.py:925} INFO - DAG(s) 'tutorial_objectstorage' retrieved from /home/airflow/.local/lib/python3.12/site-packages/airflow/example_dags/tutorial_objectstorage.py
[2025-03-24T17:35:37.637+0000] {logging_mixin.py:190} INFO - [2025-03-24T17:35:37.636+0000] {dag.py:3239} INFO - Sync 1 DAGs
[2025-03-24T17:35:37.671+0000] {logging_mixin.py:190} INFO - [2025-03-24T17:35:37.670+0000] {dag.py:4180} INFO - Setting next_dagrun for tutorial_objectstorage to None, run_after=None
[2025-03-24T17:35:37.711+0000] {processor.py:208} INFO - Processing /home/airflow/.local/lib/python3.12/site-packages/airflow/example_dags/tutorial_objectstorage.py took 0.151 seconds
[2025-03-24T17:36:08.865+0000] {processor.py:186} INFO - Started process (PID=14185) to work on /home/airflow/.local/lib/python3.12/site-packages/airflow/example_dags/tutorial_objectstorage.py
[2025-03-24T17:36:08.867+0000] {processor.py:914} INFO - Processing file /home/airflow/.local/lib/python3.12/site-packages/airflow/example_dags/tutorial_objectstorage.py for tasks to queue
[2025-03-24T17:36:08.869+0000] {logging_mixin.py:190} INFO - [2025-03-24T17:36:08.869+0000] {dagbag.py:588} INFO - Filling up the DagBag from /home/airflow/.local/lib/python3.12/site-packages/airflow/example_dags/tutorial_objectstorage.py
[2025-03-24T17:36:08.885+0000] {processor.py:925} INFO - DAG(s) 'tutorial_objectstorage' retrieved from /home/airflow/.local/lib/python3.12/site-packages/airflow/example_dags/tutorial_objectstorage.py
[2025-03-24T17:36:08.931+0000] {logging_mixin.py:190} INFO - [2025-03-24T17:36:08.931+0000] {dag.py:3239} INFO - Sync 1 DAGs
[2025-03-24T17:36:08.968+0000] {logging_mixin.py:190} INFO - [2025-03-24T17:36:08.967+0000] {dag.py:4180} INFO - Setting next_dagrun for tutorial_objectstorage to None, run_after=None
[2025-03-24T17:36:09.032+0000] {processor.py:208} INFO - Processing /home/airflow/.local/lib/python3.12/site-packages/airflow/example_dags/tutorial_objectstorage.py took 0.177 seconds
[2025-03-24T17:36:39.775+0000] {processor.py:186} INFO - Started process (PID=14476) to work on /home/airflow/.local/lib/python3.12/site-packages/airflow/example_dags/tutorial_objectstorage.py
[2025-03-24T17:36:39.797+0000] {processor.py:914} INFO - Processing file /home/airflow/.local/lib/python3.12/site-packages/airflow/example_dags/tutorial_objectstorage.py for tasks to queue
[2025-03-24T17:36:39.800+0000] {logging_mixin.py:190} INFO - [2025-03-24T17:36:39.799+0000] {dagbag.py:588} INFO - Filling up the DagBag from /home/airflow/.local/lib/python3.12/site-packages/airflow/example_dags/tutorial_objectstorage.py
[2025-03-24T17:36:39.817+0000] {processor.py:925} INFO - DAG(s) 'tutorial_objectstorage' retrieved from /home/airflow/.local/lib/python3.12/site-packages/airflow/example_dags/tutorial_objectstorage.py
[2025-03-24T17:36:39.869+0000] {logging_mixin.py:190} INFO - [2025-03-24T17:36:39.869+0000] {dag.py:3239} INFO - Sync 1 DAGs
[2025-03-24T17:36:39.909+0000] {logging_mixin.py:190} INFO - [2025-03-24T17:36:39.908+0000] {dag.py:4180} INFO - Setting next_dagrun for tutorial_objectstorage to None, run_after=None
[2025-03-24T17:36:39.954+0000] {processor.py:208} INFO - Processing /home/airflow/.local/lib/python3.12/site-packages/airflow/example_dags/tutorial_objectstorage.py took 0.188 seconds
[2025-03-24T17:37:10.591+0000] {processor.py:186} INFO - Started process (PID=14766) to work on /home/airflow/.local/lib/python3.12/site-packages/airflow/example_dags/tutorial_objectstorage.py
[2025-03-24T17:37:10.596+0000] {processor.py:914} INFO - Processing file /home/airflow/.local/lib/python3.12/site-packages/airflow/example_dags/tutorial_objectstorage.py for tasks to queue
[2025-03-24T17:37:10.601+0000] {logging_mixin.py:190} INFO - [2025-03-24T17:37:10.601+0000] {dagbag.py:588} INFO - Filling up the DagBag from /home/airflow/.local/lib/python3.12/site-packages/airflow/example_dags/tutorial_objectstorage.py
[2025-03-24T17:37:10.619+0000] {processor.py:925} INFO - DAG(s) 'tutorial_objectstorage' retrieved from /home/airflow/.local/lib/python3.12/site-packages/airflow/example_dags/tutorial_objectstorage.py
[2025-03-24T17:37:10.653+0000] {logging_mixin.py:190} INFO - [2025-03-24T17:37:10.653+0000] {dag.py:3239} INFO - Sync 1 DAGs
[2025-03-24T17:37:10.688+0000] {logging_mixin.py:190} INFO - [2025-03-24T17:37:10.687+0000] {dag.py:4180} INFO - Setting next_dagrun for tutorial_objectstorage to None, run_after=None
[2025-03-24T17:37:10.724+0000] {processor.py:208} INFO - Processing /home/airflow/.local/lib/python3.12/site-packages/airflow/example_dags/tutorial_objectstorage.py took 0.152 seconds
[2025-03-24T17:37:41.904+0000] {processor.py:186} INFO - Started process (PID=15057) to work on /home/airflow/.local/lib/python3.12/site-packages/airflow/example_dags/tutorial_objectstorage.py
[2025-03-24T17:37:41.912+0000] {processor.py:914} INFO - Processing file /home/airflow/.local/lib/python3.12/site-packages/airflow/example_dags/tutorial_objectstorage.py for tasks to queue
[2025-03-24T17:37:41.915+0000] {logging_mixin.py:190} INFO - [2025-03-24T17:37:41.914+0000] {dagbag.py:588} INFO - Filling up the DagBag from /home/airflow/.local/lib/python3.12/site-packages/airflow/example_dags/tutorial_objectstorage.py
[2025-03-24T17:37:41.931+0000] {processor.py:925} INFO - DAG(s) 'tutorial_objectstorage' retrieved from /home/airflow/.local/lib/python3.12/site-packages/airflow/example_dags/tutorial_objectstorage.py
[2025-03-24T17:37:41.965+0000] {logging_mixin.py:190} INFO - [2025-03-24T17:37:41.965+0000] {dag.py:3239} INFO - Sync 1 DAGs
[2025-03-24T17:37:41.986+0000] {logging_mixin.py:190} INFO - [2025-03-24T17:37:41.986+0000] {dag.py:4180} INFO - Setting next_dagrun for tutorial_objectstorage to None, run_after=None
[2025-03-24T17:37:42.023+0000] {processor.py:208} INFO - Processing /home/airflow/.local/lib/python3.12/site-packages/airflow/example_dags/tutorial_objectstorage.py took 0.129 seconds
[2025-03-24T17:38:13.460+0000] {processor.py:186} INFO - Started process (PID=15348) to work on /home/airflow/.local/lib/python3.12/site-packages/airflow/example_dags/tutorial_objectstorage.py
[2025-03-24T17:38:13.462+0000] {processor.py:914} INFO - Processing file /home/airflow/.local/lib/python3.12/site-packages/airflow/example_dags/tutorial_objectstorage.py for tasks to queue
[2025-03-24T17:38:13.466+0000] {logging_mixin.py:190} INFO - [2025-03-24T17:38:13.465+0000] {dagbag.py:588} INFO - Filling up the DagBag from /home/airflow/.local/lib/python3.12/site-packages/airflow/example_dags/tutorial_objectstorage.py
[2025-03-24T17:38:13.490+0000] {processor.py:925} INFO - DAG(s) 'tutorial_objectstorage' retrieved from /home/airflow/.local/lib/python3.12/site-packages/airflow/example_dags/tutorial_objectstorage.py
[2025-03-24T17:38:13.547+0000] {logging_mixin.py:190} INFO - [2025-03-24T17:38:13.547+0000] {dag.py:3239} INFO - Sync 1 DAGs
[2025-03-24T17:38:13.579+0000] {logging_mixin.py:190} INFO - [2025-03-24T17:38:13.579+0000] {dag.py:4180} INFO - Setting next_dagrun for tutorial_objectstorage to None, run_after=None
[2025-03-24T17:38:13.626+0000] {processor.py:208} INFO - Processing /home/airflow/.local/lib/python3.12/site-packages/airflow/example_dags/tutorial_objectstorage.py took 0.176 seconds
[2025-03-24T17:38:44.738+0000] {processor.py:186} INFO - Started process (PID=15639) to work on /home/airflow/.local/lib/python3.12/site-packages/airflow/example_dags/tutorial_objectstorage.py
[2025-03-24T17:38:44.739+0000] {processor.py:914} INFO - Processing file /home/airflow/.local/lib/python3.12/site-packages/airflow/example_dags/tutorial_objectstorage.py for tasks to queue
[2025-03-24T17:38:44.742+0000] {logging_mixin.py:190} INFO - [2025-03-24T17:38:44.742+0000] {dagbag.py:588} INFO - Filling up the DagBag from /home/airflow/.local/lib/python3.12/site-packages/airflow/example_dags/tutorial_objectstorage.py
[2025-03-24T17:38:44.753+0000] {processor.py:925} INFO - DAG(s) 'tutorial_objectstorage' retrieved from /home/airflow/.local/lib/python3.12/site-packages/airflow/example_dags/tutorial_objectstorage.py
[2025-03-24T17:38:44.782+0000] {logging_mixin.py:190} INFO - [2025-03-24T17:38:44.781+0000] {dag.py:3239} INFO - Sync 1 DAGs
[2025-03-24T17:38:44.805+0000] {logging_mixin.py:190} INFO - [2025-03-24T17:38:44.805+0000] {dag.py:4180} INFO - Setting next_dagrun for tutorial_objectstorage to None, run_after=None
[2025-03-24T17:38:44.842+0000] {processor.py:208} INFO - Processing /home/airflow/.local/lib/python3.12/site-packages/airflow/example_dags/tutorial_objectstorage.py took 0.112 seconds
[2025-03-24T17:39:16.953+0000] {processor.py:186} INFO - Started process (PID=15940) to work on /home/airflow/.local/lib/python3.12/site-packages/airflow/example_dags/tutorial_objectstorage.py
[2025-03-24T17:39:16.959+0000] {processor.py:914} INFO - Processing file /home/airflow/.local/lib/python3.12/site-packages/airflow/example_dags/tutorial_objectstorage.py for tasks to queue
[2025-03-24T17:39:16.962+0000] {logging_mixin.py:190} INFO - [2025-03-24T17:39:16.962+0000] {dagbag.py:588} INFO - Filling up the DagBag from /home/airflow/.local/lib/python3.12/site-packages/airflow/example_dags/tutorial_objectstorage.py
[2025-03-24T17:39:16.980+0000] {processor.py:925} INFO - DAG(s) 'tutorial_objectstorage' retrieved from /home/airflow/.local/lib/python3.12/site-packages/airflow/example_dags/tutorial_objectstorage.py
[2025-03-24T17:39:17.016+0000] {logging_mixin.py:190} INFO - [2025-03-24T17:39:17.016+0000] {dag.py:3239} INFO - Sync 1 DAGs
[2025-03-24T17:39:17.039+0000] {logging_mixin.py:190} INFO - [2025-03-24T17:39:17.038+0000] {dag.py:4180} INFO - Setting next_dagrun for tutorial_objectstorage to None, run_after=None
[2025-03-24T17:39:17.071+0000] {processor.py:208} INFO - Processing /home/airflow/.local/lib/python3.12/site-packages/airflow/example_dags/tutorial_objectstorage.py took 0.126 seconds
[2025-03-24T17:39:48.903+0000] {processor.py:186} INFO - Started process (PID=16231) to work on /home/airflow/.local/lib/python3.12/site-packages/airflow/example_dags/tutorial_objectstorage.py
[2025-03-24T17:39:48.904+0000] {processor.py:914} INFO - Processing file /home/airflow/.local/lib/python3.12/site-packages/airflow/example_dags/tutorial_objectstorage.py for tasks to queue
[2025-03-24T17:39:48.907+0000] {logging_mixin.py:190} INFO - [2025-03-24T17:39:48.907+0000] {dagbag.py:588} INFO - Filling up the DagBag from /home/airflow/.local/lib/python3.12/site-packages/airflow/example_dags/tutorial_objectstorage.py
[2025-03-24T17:39:48.923+0000] {processor.py:925} INFO - DAG(s) 'tutorial_objectstorage' retrieved from /home/airflow/.local/lib/python3.12/site-packages/airflow/example_dags/tutorial_objectstorage.py
[2025-03-24T17:39:48.950+0000] {logging_mixin.py:190} INFO - [2025-03-24T17:39:48.950+0000] {dag.py:3239} INFO - Sync 1 DAGs
[2025-03-24T17:39:48.971+0000] {logging_mixin.py:190} INFO - [2025-03-24T17:39:48.971+0000] {dag.py:4180} INFO - Setting next_dagrun for tutorial_objectstorage to None, run_after=None
[2025-03-24T17:39:49.011+0000] {processor.py:208} INFO - Processing /home/airflow/.local/lib/python3.12/site-packages/airflow/example_dags/tutorial_objectstorage.py took 0.118 seconds
[2025-03-24T17:40:20.445+0000] {processor.py:186} INFO - Started process (PID=16522) to work on /home/airflow/.local/lib/python3.12/site-packages/airflow/example_dags/tutorial_objectstorage.py
[2025-03-24T17:40:20.447+0000] {processor.py:914} INFO - Processing file /home/airflow/.local/lib/python3.12/site-packages/airflow/example_dags/tutorial_objectstorage.py for tasks to queue
[2025-03-24T17:40:20.449+0000] {logging_mixin.py:190} INFO - [2025-03-24T17:40:20.449+0000] {dagbag.py:588} INFO - Filling up the DagBag from /home/airflow/.local/lib/python3.12/site-packages/airflow/example_dags/tutorial_objectstorage.py
[2025-03-24T17:40:20.466+0000] {processor.py:925} INFO - DAG(s) 'tutorial_objectstorage' retrieved from /home/airflow/.local/lib/python3.12/site-packages/airflow/example_dags/tutorial_objectstorage.py
[2025-03-24T17:40:20.500+0000] {logging_mixin.py:190} INFO - [2025-03-24T17:40:20.500+0000] {dag.py:3239} INFO - Sync 1 DAGs
[2025-03-24T17:40:20.535+0000] {logging_mixin.py:190} INFO - [2025-03-24T17:40:20.535+0000] {dag.py:4180} INFO - Setting next_dagrun for tutorial_objectstorage to None, run_after=None
[2025-03-24T17:40:20.584+0000] {processor.py:208} INFO - Processing /home/airflow/.local/lib/python3.12/site-packages/airflow/example_dags/tutorial_objectstorage.py took 0.146 seconds
[2025-03-24T17:40:51.732+0000] {processor.py:186} INFO - Started process (PID=16829) to work on /home/airflow/.local/lib/python3.12/site-packages/airflow/example_dags/tutorial_objectstorage.py
[2025-03-24T17:40:51.736+0000] {processor.py:914} INFO - Processing file /home/airflow/.local/lib/python3.12/site-packages/airflow/example_dags/tutorial_objectstorage.py for tasks to queue
[2025-03-24T17:40:51.739+0000] {logging_mixin.py:190} INFO - [2025-03-24T17:40:51.739+0000] {dagbag.py:588} INFO - Filling up the DagBag from /home/airflow/.local/lib/python3.12/site-packages/airflow/example_dags/tutorial_objectstorage.py
[2025-03-24T17:40:51.752+0000] {processor.py:925} INFO - DAG(s) 'tutorial_objectstorage' retrieved from /home/airflow/.local/lib/python3.12/site-packages/airflow/example_dags/tutorial_objectstorage.py
[2025-03-24T17:40:51.790+0000] {logging_mixin.py:190} INFO - [2025-03-24T17:40:51.790+0000] {dag.py:3239} INFO - Sync 1 DAGs
[2025-03-24T17:40:51.818+0000] {logging_mixin.py:190} INFO - [2025-03-24T17:40:51.818+0000] {dag.py:4180} INFO - Setting next_dagrun for tutorial_objectstorage to None, run_after=None
[2025-03-24T17:40:51.862+0000] {processor.py:208} INFO - Processing /home/airflow/.local/lib/python3.12/site-packages/airflow/example_dags/tutorial_objectstorage.py took 0.137 seconds
[2025-03-24T17:41:22.045+0000] {processor.py:186} INFO - Started process (PID=17114) to work on /home/airflow/.local/lib/python3.12/site-packages/airflow/example_dags/tutorial_objectstorage.py
[2025-03-24T17:41:22.046+0000] {processor.py:914} INFO - Processing file /home/airflow/.local/lib/python3.12/site-packages/airflow/example_dags/tutorial_objectstorage.py for tasks to queue
[2025-03-24T17:41:22.048+0000] {logging_mixin.py:190} INFO - [2025-03-24T17:41:22.048+0000] {dagbag.py:588} INFO - Filling up the DagBag from /home/airflow/.local/lib/python3.12/site-packages/airflow/example_dags/tutorial_objectstorage.py
[2025-03-24T17:41:22.063+0000] {processor.py:925} INFO - DAG(s) 'tutorial_objectstorage' retrieved from /home/airflow/.local/lib/python3.12/site-packages/airflow/example_dags/tutorial_objectstorage.py
[2025-03-24T17:41:22.097+0000] {logging_mixin.py:190} INFO - [2025-03-24T17:41:22.096+0000] {dag.py:3239} INFO - Sync 1 DAGs
[2025-03-24T17:41:22.128+0000] {logging_mixin.py:190} INFO - [2025-03-24T17:41:22.127+0000] {dag.py:4180} INFO - Setting next_dagrun for tutorial_objectstorage to None, run_after=None
[2025-03-24T17:41:22.168+0000] {processor.py:208} INFO - Processing /home/airflow/.local/lib/python3.12/site-packages/airflow/example_dags/tutorial_objectstorage.py took 0.137 seconds
[2025-03-24T17:41:53.153+0000] {processor.py:186} INFO - Started process (PID=17405) to work on /home/airflow/.local/lib/python3.12/site-packages/airflow/example_dags/tutorial_objectstorage.py
[2025-03-24T17:41:53.157+0000] {processor.py:914} INFO - Processing file /home/airflow/.local/lib/python3.12/site-packages/airflow/example_dags/tutorial_objectstorage.py for tasks to queue
[2025-03-24T17:41:53.160+0000] {logging_mixin.py:190} INFO - [2025-03-24T17:41:53.159+0000] {dagbag.py:588} INFO - Filling up the DagBag from /home/airflow/.local/lib/python3.12/site-packages/airflow/example_dags/tutorial_objectstorage.py
[2025-03-24T17:41:53.171+0000] {processor.py:925} INFO - DAG(s) 'tutorial_objectstorage' retrieved from /home/airflow/.local/lib/python3.12/site-packages/airflow/example_dags/tutorial_objectstorage.py
[2025-03-24T17:41:53.198+0000] {logging_mixin.py:190} INFO - [2025-03-24T17:41:53.198+0000] {dag.py:3239} INFO - Sync 1 DAGs
[2025-03-24T17:41:53.217+0000] {logging_mixin.py:190} INFO - [2025-03-24T17:41:53.216+0000] {dag.py:4180} INFO - Setting next_dagrun for tutorial_objectstorage to None, run_after=None
[2025-03-24T17:41:53.246+0000] {processor.py:208} INFO - Processing /home/airflow/.local/lib/python3.12/site-packages/airflow/example_dags/tutorial_objectstorage.py took 0.110 seconds
