[2025-03-26T13:47:34.397+0000] {local_task_job_runner.py:123} INFO - ::group::Pre task execution logs
[2025-03-26T13:47:35.003+0000] {taskinstance.py:2614} INFO - Dependencies all met for dep_context=non-requeueable deps ti=<TaskInstance: containers1_dag.php_app2 scheduled__2025-03-25T03:40:00+00:00 [queued]>
[2025-03-26T13:47:35.116+0000] {taskinstance.py:2614} INFO - Dependencies all met for dep_context=requeueable deps ti=<TaskInstance: containers1_dag.php_app2 scheduled__2025-03-25T03:40:00+00:00 [queued]>
[2025-03-26T13:47:35.119+0000] {taskinstance.py:2867} INFO - Starting attempt 1 of 6
[2025-03-26T13:47:35.206+0000] {taskinstance.py:2890} INFO - Executing <Task(DockerOperator): php_app2> on 2025-03-25 03:40:00+00:00
[2025-03-26T13:47:35.297+0000] {logging_mixin.py:190} WARNING - /home/***/.local/lib/python3.12/site-packages/***/task/task_runner/standard_task_runner.py:70 DeprecationWarning: This process (pid=866) is multi-threaded, use of fork() may lead to deadlocks in the child.
[2025-03-26T13:47:35.320+0000] {standard_task_runner.py:72} INFO - Started process 874 to run task
[2025-03-26T13:47:35.304+0000] {standard_task_runner.py:104} INFO - Running: ['***', 'tasks', 'run', 'containers1_dag', 'php_app2', 'scheduled__2025-03-25T03:40:00+00:00', '--job-id', '109', '--raw', '--subdir', 'DAGS_FOLDER/containers1_dag.py', '--cfg-path', '/tmp/tmpv3rvdpsi']
[2025-03-26T13:47:35.324+0000] {standard_task_runner.py:105} INFO - Job 109: Subtask php_app2
[2025-03-26T13:47:35.950+0000] {task_command.py:467} INFO - Running <TaskInstance: containers1_dag.php_app2 scheduled__2025-03-25T03:40:00+00:00 [running]> on host 3d581a580455
[2025-03-26T13:47:37.634+0000] {taskinstance.py:3134} INFO - Exporting env vars: AIRFLOW_CTX_DAG_OWNER='andre' AIRFLOW_CTX_DAG_ID='containers1_dag' AIRFLOW_CTX_TASK_ID='php_app2' AIRFLOW_CTX_EXECUTION_DATE='2025-03-25T03:40:00+00:00' AIRFLOW_CTX_TRY_NUMBER='1' AIRFLOW_CTX_DAG_RUN_ID='scheduled__2025-03-25T03:40:00+00:00'
[2025-03-26T13:47:37.638+0000] {taskinstance.py:732} INFO - ::endgroup::
[2025-03-26T13:47:38.021+0000] {docker.py:345} INFO - Starting docker container from image php-app2
[2025-03-26T13:47:38.032+0000] {docker.py:353} WARNING - Using remote engine or docker-in-docker and mounting temporary volume from host is not supported. Falling back to `mount_tmp_dir=False` mode. You can set `mount_tmp_dir` parameter to False to disable mounting and remove the warning
[2025-03-26T13:47:40.526+0000] {docker.py:69} INFO - array(109) {
[2025-03-26T13:47:40.529+0000] {docker.py:69} INFO -   [0]=>
[2025-03-26T13:47:40.532+0000] {docker.py:69} INFO -   object(stdClass)#2 (3) {
[2025-03-26T13:47:40.532+0000] {docker.py:69} INFO -     ["contador"]=>
[2025-03-26T13:47:40.533+0000] {docker.py:69} INFO -     int(0)
[2025-03-26T13:47:40.544+0000] {docker.py:69} INFO -     ["container"]=>
[2025-03-26T13:47:40.544+0000] {docker.py:69} INFO -     string(8) "php-app1"
[2025-03-26T13:47:40.547+0000] {docker.py:69} INFO -     ["timestamp"]=>
[2025-03-26T13:47:40.553+0000] {docker.py:69} INFO -     int(1742852307)
[2025-03-26T13:47:40.560+0000] {docker.py:69} INFO -   }
[2025-03-26T13:47:40.563+0000] {docker.py:69} INFO -   [1]=>
[2025-03-26T13:47:40.563+0000] {docker.py:69} INFO -   object(stdClass)#3 (3) {
[2025-03-26T13:47:40.564+0000] {docker.py:69} INFO -     ["contador"]=>
[2025-03-26T13:47:40.564+0000] {docker.py:69} INFO -     int(1)
[2025-03-26T13:47:40.565+0000] {docker.py:69} INFO -     ["container"]=>
[2025-03-26T13:47:40.566+0000] {docker.py:69} INFO -     string(8) "php-app2"
[2025-03-26T13:47:40.566+0000] {docker.py:69} INFO -     ["timestamp"]=>
[2025-03-26T13:47:40.567+0000] {docker.py:69} INFO -     int(1742852309)
[2025-03-26T13:47:40.568+0000] {docker.py:69} INFO -   }
[2025-03-26T13:47:40.568+0000] {docker.py:69} INFO -   [2]=>
[2025-03-26T13:47:40.569+0000] {docker.py:69} INFO -   object(stdClass)#4 (3) {
[2025-03-26T13:47:40.570+0000] {docker.py:69} INFO -     ["contador"]=>
[2025-03-26T13:47:40.570+0000] {docker.py:69} INFO -     int(1)
[2025-03-26T13:47:40.571+0000] {docker.py:69} INFO -     ["container"]=>
[2025-03-26T13:47:40.571+0000] {docker.py:69} INFO -     string(8) "php-app1"
[2025-03-26T13:47:40.572+0000] {docker.py:69} INFO -     ["timestamp"]=>
[2025-03-26T13:47:40.572+0000] {docker.py:69} INFO -     int(1742852311)
[2025-03-26T13:47:40.573+0000] {docker.py:69} INFO -   }
[2025-03-26T13:47:40.574+0000] {docker.py:69} INFO -   [3]=>
[2025-03-26T13:47:40.575+0000] {docker.py:69} INFO -   object(stdClass)#5 (3) {
[2025-03-26T13:47:40.575+0000] {docker.py:69} INFO -     ["contador"]=>
[2025-03-26T13:47:40.576+0000] {docker.py:69} INFO -     int(1)
[2025-03-26T13:47:40.576+0000] {docker.py:69} INFO -     ["container"]=>
[2025-03-26T13:47:40.578+0000] {docker.py:69} INFO -     string(8) "php-app2"
[2025-03-26T13:47:40.578+0000] {docker.py:69} INFO -     ["timestamp"]=>
[2025-03-26T13:47:40.579+0000] {docker.py:69} INFO -     int(1742852314)
[2025-03-26T13:47:40.580+0000] {docker.py:69} INFO -   }
[2025-03-26T13:47:40.580+0000] {docker.py:69} INFO -   [4]=>
[2025-03-26T13:47:40.581+0000] {docker.py:69} INFO -   object(stdClass)#6 (3) {
[2025-03-26T13:47:40.586+0000] {docker.py:69} INFO -     ["contador"]=>
[2025-03-26T13:47:40.590+0000] {docker.py:69} INFO -     int(1)
[2025-03-26T13:47:40.595+0000] {docker.py:69} INFO -     ["container"]=>
[2025-03-26T13:47:40.595+0000] {docker.py:69} INFO -     string(8) "php-app2"
[2025-03-26T13:47:40.602+0000] {docker.py:69} INFO -     ["timestamp"]=>
[2025-03-26T13:47:40.602+0000] {docker.py:69} INFO -     int(1742996301)
[2025-03-26T13:47:40.603+0000] {docker.py:69} INFO -   }
[2025-03-26T13:47:40.603+0000] {docker.py:69} INFO -   [5]=>
[2025-03-26T13:47:40.618+0000] {docker.py:69} INFO -   object(stdClass)#7 (3) {
[2025-03-26T13:47:40.619+0000] {docker.py:69} INFO -     ["contador"]=>
[2025-03-26T13:47:40.621+0000] {docker.py:69} INFO -     int(1)
[2025-03-26T13:47:40.621+0000] {docker.py:69} INFO -     ["container"]=>
[2025-03-26T13:47:40.622+0000] {docker.py:69} INFO -     string(8) "php-app1"
[2025-03-26T13:47:40.627+0000] {docker.py:69} INFO -     ["timestamp"]=>
[2025-03-26T13:47:40.628+0000] {docker.py:69} INFO -     int(1742996302)
[2025-03-26T13:47:40.628+0000] {docker.py:69} INFO -   }
[2025-03-26T13:47:40.629+0000] {docker.py:69} INFO -   [6]=>
[2025-03-26T13:47:40.629+0000] {docker.py:69} INFO -   object(stdClass)#8 (3) {
[2025-03-26T13:47:40.630+0000] {docker.py:69} INFO -     ["contador"]=>
[2025-03-26T13:47:40.630+0000] {docker.py:69} INFO -     int(1)
[2025-03-26T13:47:40.631+0000] {docker.py:69} INFO -     ["container"]=>
[2025-03-26T13:47:40.631+0000] {docker.py:69} INFO -     string(8) "php-app1"
[2025-03-26T13:47:40.632+0000] {docker.py:69} INFO -     ["timestamp"]=>
[2025-03-26T13:47:40.633+0000] {docker.py:69} INFO -     int(1742996302)
[2025-03-26T13:47:40.633+0000] {docker.py:69} INFO -   }
[2025-03-26T13:47:40.634+0000] {docker.py:69} INFO -   [7]=>
[2025-03-26T13:47:40.634+0000] {docker.py:69} INFO -   object(stdClass)#9 (3) {
[2025-03-26T13:47:40.634+0000] {docker.py:69} INFO -     ["contador"]=>
[2025-03-26T13:47:40.635+0000] {docker.py:69} INFO -     int(1)
[2025-03-26T13:47:40.636+0000] {docker.py:69} INFO -     ["container"]=>
[2025-03-26T13:47:40.637+0000] {docker.py:69} INFO -     string(8) "php-app2"
[2025-03-26T13:47:40.638+0000] {docker.py:69} INFO -     ["timestamp"]=>
[2025-03-26T13:47:40.638+0000] {docker.py:69} INFO -     int(1742996303)
[2025-03-26T13:47:40.639+0000] {docker.py:69} INFO -   }
[2025-03-26T13:47:40.639+0000] {docker.py:69} INFO -   [8]=>
[2025-03-26T13:47:40.640+0000] {docker.py:69} INFO -   object(stdClass)#10 (3) {
[2025-03-26T13:47:40.641+0000] {docker.py:69} INFO -     ["contador"]=>
[2025-03-26T13:47:40.644+0000] {docker.py:69} INFO -     int(1)
[2025-03-26T13:47:40.645+0000] {docker.py:69} INFO -     ["container"]=>
[2025-03-26T13:47:40.645+0000] {docker.py:69} INFO -     string(8) "php-app1"
[2025-03-26T13:47:40.646+0000] {docker.py:69} INFO -     ["timestamp"]=>
[2025-03-26T13:47:40.647+0000] {docker.py:69} INFO -     int(1742996304)
[2025-03-26T13:47:40.648+0000] {docker.py:69} INFO -   }
[2025-03-26T13:47:40.648+0000] {docker.py:69} INFO -   [9]=>
[2025-03-26T13:47:40.649+0000] {docker.py:69} INFO -   object(stdClass)#11 (3) {
[2025-03-26T13:47:40.650+0000] {docker.py:69} INFO -     ["contador"]=>
[2025-03-26T13:47:40.650+0000] {docker.py:69} INFO -     int(1)
[2025-03-26T13:47:40.651+0000] {docker.py:69} INFO -     ["container"]=>
[2025-03-26T13:47:40.651+0000] {docker.py:69} INFO -     string(8) "php-app2"
[2025-03-26T13:47:40.652+0000] {docker.py:69} INFO -     ["timestamp"]=>
[2025-03-26T13:47:40.652+0000] {docker.py:69} INFO -     int(1742996305)
[2025-03-26T13:47:40.653+0000] {docker.py:69} INFO -   }
[2025-03-26T13:47:40.653+0000] {docker.py:69} INFO -   [10]=>
[2025-03-26T13:47:40.654+0000] {docker.py:69} INFO -   object(stdClass)#12 (3) {
[2025-03-26T13:47:40.656+0000] {docker.py:69} INFO -     ["contador"]=>
[2025-03-26T13:47:40.657+0000] {docker.py:69} INFO -     int(1)
[2025-03-26T13:47:40.658+0000] {docker.py:69} INFO -     ["container"]=>
[2025-03-26T13:47:40.659+0000] {docker.py:69} INFO -     string(8) "php-app2"
[2025-03-26T13:47:40.659+0000] {docker.py:69} INFO -     ["timestamp"]=>
[2025-03-26T13:47:40.660+0000] {docker.py:69} INFO -     int(1742996305)
[2025-03-26T13:47:40.660+0000] {docker.py:69} INFO -   }
[2025-03-26T13:47:40.661+0000] {docker.py:69} INFO -   [11]=>
[2025-03-26T13:47:40.662+0000] {docker.py:69} INFO -   object(stdClass)#13 (3) {
[2025-03-26T13:47:40.662+0000] {docker.py:69} INFO -     ["contador"]=>
[2025-03-26T13:47:40.663+0000] {docker.py:69} INFO -     int(1)
[2025-03-26T13:47:40.664+0000] {docker.py:69} INFO -     ["container"]=>
[2025-03-26T13:47:40.664+0000] {docker.py:69} INFO -     string(8) "php-app1"
[2025-03-26T13:47:40.665+0000] {docker.py:69} INFO -     ["timestamp"]=>
[2025-03-26T13:47:40.665+0000] {docker.py:69} INFO -     int(1742996305)
[2025-03-26T13:47:40.666+0000] {docker.py:69} INFO -   }
[2025-03-26T13:47:40.666+0000] {docker.py:69} INFO -   [12]=>
[2025-03-26T13:47:40.667+0000] {docker.py:69} INFO -   object(stdClass)#14 (3) {
[2025-03-26T13:47:40.667+0000] {docker.py:69} INFO -     ["contador"]=>
[2025-03-26T13:47:40.668+0000] {docker.py:69} INFO -     int(1)
[2025-03-26T13:47:40.668+0000] {docker.py:69} INFO -     ["container"]=>
[2025-03-26T13:47:40.669+0000] {docker.py:69} INFO -     string(8) "php-app1"
[2025-03-26T13:47:40.670+0000] {docker.py:69} INFO -     ["timestamp"]=>
[2025-03-26T13:47:40.671+0000] {docker.py:69} INFO -     int(1742996309)
[2025-03-26T13:47:40.672+0000] {docker.py:69} INFO -   }
[2025-03-26T13:47:40.673+0000] {docker.py:69} INFO -   [13]=>
[2025-03-26T13:47:40.674+0000] {docker.py:69} INFO -   object(stdClass)#15 (3) {
[2025-03-26T13:47:40.679+0000] {docker.py:69} INFO -     ["contador"]=>
[2025-03-26T13:47:40.686+0000] {docker.py:69} INFO -     int(1)
[2025-03-26T13:47:40.688+0000] {docker.py:69} INFO -     ["container"]=>
[2025-03-26T13:47:40.689+0000] {docker.py:69} INFO -     string(8) "php-app1"
[2025-03-26T13:47:40.704+0000] {docker.py:69} INFO -     ["timestamp"]=>
[2025-03-26T13:47:40.704+0000] {docker.py:69} INFO -     int(1742996309)
[2025-03-26T13:47:40.705+0000] {docker.py:69} INFO -   }
[2025-03-26T13:47:40.705+0000] {docker.py:69} INFO -   [14]=>
[2025-03-26T13:47:40.706+0000] {docker.py:69} INFO -   object(stdClass)#16 (3) {
[2025-03-26T13:47:40.707+0000] {docker.py:69} INFO -     ["contador"]=>
[2025-03-26T13:47:40.707+0000] {docker.py:69} INFO -     int(1)
[2025-03-26T13:47:40.708+0000] {docker.py:69} INFO -     ["container"]=>
[2025-03-26T13:47:40.708+0000] {docker.py:69} INFO -     string(8) "php-app2"
[2025-03-26T13:47:40.709+0000] {docker.py:69} INFO -     ["timestamp"]=>
[2025-03-26T13:47:40.709+0000] {docker.py:69} INFO -     int(1742996309)
[2025-03-26T13:47:40.710+0000] {docker.py:69} INFO -   }
[2025-03-26T13:47:40.711+0000] {docker.py:69} INFO -   [15]=>
[2025-03-26T13:47:40.711+0000] {docker.py:69} INFO -   object(stdClass)#17 (3) {
[2025-03-26T13:47:40.712+0000] {docker.py:69} INFO -     ["contador"]=>
[2025-03-26T13:47:40.714+0000] {docker.py:69} INFO -     int(1)
[2025-03-26T13:47:40.716+0000] {docker.py:69} INFO -     ["container"]=>
[2025-03-26T13:47:40.716+0000] {docker.py:69} INFO -     string(8) "php-app2"
[2025-03-26T13:47:40.717+0000] {docker.py:69} INFO -     ["timestamp"]=>
[2025-03-26T13:47:40.718+0000] {docker.py:69} INFO -     int(1742996309)
[2025-03-26T13:47:40.719+0000] {docker.py:69} INFO -   }
[2025-03-26T13:47:40.720+0000] {docker.py:69} INFO -   [16]=>
[2025-03-26T13:47:40.720+0000] {docker.py:69} INFO -   object(stdClass)#18 (3) {
[2025-03-26T13:47:40.753+0000] {docker.py:69} INFO -     ["contador"]=>
[2025-03-26T13:47:40.755+0000] {docker.py:69} INFO -     int(1)
[2025-03-26T13:47:40.757+0000] {docker.py:69} INFO -     ["container"]=>
[2025-03-26T13:47:40.757+0000] {docker.py:69} INFO -     string(8) "php-app1"
[2025-03-26T13:47:40.758+0000] {docker.py:69} INFO -     ["timestamp"]=>
[2025-03-26T13:47:40.759+0000] {docker.py:69} INFO -     int(1742996310)
[2025-03-26T13:47:40.759+0000] {docker.py:69} INFO -   }
[2025-03-26T13:47:40.760+0000] {docker.py:69} INFO -   [17]=>
[2025-03-26T13:47:40.761+0000] {docker.py:69} INFO -   object(stdClass)#19 (3) {
[2025-03-26T13:47:40.762+0000] {docker.py:69} INFO -     ["contador"]=>
[2025-03-26T13:47:40.763+0000] {docker.py:69} INFO -     int(1)
[2025-03-26T13:47:40.763+0000] {docker.py:69} INFO -     ["container"]=>
[2025-03-26T13:47:40.764+0000] {docker.py:69} INFO -     string(8) "php-app2"
[2025-03-26T13:47:40.765+0000] {docker.py:69} INFO -     ["timestamp"]=>
[2025-03-26T13:47:40.768+0000] {docker.py:69} INFO -     int(1742996310)
[2025-03-26T13:47:40.770+0000] {docker.py:69} INFO -   }
[2025-03-26T13:47:40.771+0000] {docker.py:69} INFO -   [18]=>
[2025-03-26T13:47:40.772+0000] {docker.py:69} INFO -   object(stdClass)#20 (3) {
[2025-03-26T13:47:40.773+0000] {docker.py:69} INFO -     ["contador"]=>
[2025-03-26T13:47:40.773+0000] {docker.py:69} INFO -     int(1)
[2025-03-26T13:47:40.774+0000] {docker.py:69} INFO -     ["container"]=>
[2025-03-26T13:47:40.774+0000] {docker.py:69} INFO -     string(8) "php-app2"
[2025-03-26T13:47:40.775+0000] {docker.py:69} INFO -     ["timestamp"]=>
[2025-03-26T13:47:40.776+0000] {docker.py:69} INFO -     int(1742996310)
[2025-03-26T13:47:40.776+0000] {docker.py:69} INFO -   }
[2025-03-26T13:47:40.777+0000] {docker.py:69} INFO -   [19]=>
[2025-03-26T13:47:40.778+0000] {docker.py:69} INFO -   object(stdClass)#21 (3) {
[2025-03-26T13:47:40.778+0000] {docker.py:69} INFO -     ["contador"]=>
[2025-03-26T13:47:40.779+0000] {docker.py:69} INFO -     int(1)
[2025-03-26T13:47:40.779+0000] {docker.py:69} INFO -     ["container"]=>
[2025-03-26T13:47:40.780+0000] {docker.py:69} INFO -     string(8) "php-app1"
[2025-03-26T13:47:40.780+0000] {docker.py:69} INFO -     ["timestamp"]=>
[2025-03-26T13:47:40.781+0000] {docker.py:69} INFO -     int(1742996311)
[2025-03-26T13:47:40.782+0000] {docker.py:69} INFO -   }
[2025-03-26T13:47:40.782+0000] {docker.py:69} INFO -   [20]=>
[2025-03-26T13:47:40.783+0000] {docker.py:69} INFO -   object(stdClass)#22 (3) {
[2025-03-26T13:47:40.784+0000] {docker.py:69} INFO -     ["contador"]=>
[2025-03-26T13:47:40.784+0000] {docker.py:69} INFO -     int(1)
[2025-03-26T13:47:40.785+0000] {docker.py:69} INFO -     ["container"]=>
[2025-03-26T13:47:40.785+0000] {docker.py:69} INFO -     string(8) "php-app1"
[2025-03-26T13:47:40.786+0000] {docker.py:69} INFO -     ["timestamp"]=>
[2025-03-26T13:47:40.786+0000] {docker.py:69} INFO -     int(1742996311)
[2025-03-26T13:47:40.787+0000] {docker.py:69} INFO -   }
[2025-03-26T13:47:40.788+0000] {docker.py:69} INFO -   [21]=>
[2025-03-26T13:47:40.788+0000] {docker.py:69} INFO -   object(stdClass)#23 (3) {
[2025-03-26T13:47:40.788+0000] {docker.py:69} INFO -     ["contador"]=>
[2025-03-26T13:47:40.789+0000] {docker.py:69} INFO -     int(1)
[2025-03-26T13:47:40.790+0000] {docker.py:69} INFO -     ["container"]=>
[2025-03-26T13:47:40.790+0000] {docker.py:69} INFO -     string(8) "php-app2"
[2025-03-26T13:47:40.791+0000] {docker.py:69} INFO -     ["timestamp"]=>
[2025-03-26T13:47:40.791+0000] {docker.py:69} INFO -     int(1742996312)
[2025-03-26T13:47:40.792+0000] {docker.py:69} INFO -   }
[2025-03-26T13:47:40.792+0000] {docker.py:69} INFO -   [22]=>
[2025-03-26T13:47:40.793+0000] {docker.py:69} INFO -   object(stdClass)#24 (3) {
[2025-03-26T13:47:40.794+0000] {docker.py:69} INFO -     ["contador"]=>
[2025-03-26T13:47:40.794+0000] {docker.py:69} INFO -     int(1)
[2025-03-26T13:47:40.795+0000] {docker.py:69} INFO -     ["container"]=>
[2025-03-26T13:47:40.796+0000] {docker.py:69} INFO -     string(8) "php-app1"
[2025-03-26T13:47:40.796+0000] {docker.py:69} INFO -     ["timestamp"]=>
[2025-03-26T13:47:40.797+0000] {docker.py:69} INFO -     int(1742996313)
[2025-03-26T13:47:40.798+0000] {docker.py:69} INFO -   }
[2025-03-26T13:47:40.798+0000] {docker.py:69} INFO -   [23]=>
[2025-03-26T13:47:40.799+0000] {docker.py:69} INFO -   object(stdClass)#25 (3) {
[2025-03-26T13:47:40.800+0000] {docker.py:69} INFO -     ["contador"]=>
[2025-03-26T13:47:40.800+0000] {docker.py:69} INFO -     int(1)
[2025-03-26T13:47:40.801+0000] {docker.py:69} INFO -     ["container"]=>
[2025-03-26T13:47:40.801+0000] {docker.py:69} INFO -     string(8) "php-app1"
[2025-03-26T13:47:40.802+0000] {docker.py:69} INFO -     ["timestamp"]=>
[2025-03-26T13:47:40.802+0000] {docker.py:69} INFO -     int(1742996751)
[2025-03-26T13:47:40.803+0000] {docker.py:69} INFO -   }
[2025-03-26T13:47:40.803+0000] {docker.py:69} INFO -   [24]=>
[2025-03-26T13:47:40.804+0000] {docker.py:69} INFO -   object(stdClass)#26 (3) {
[2025-03-26T13:47:40.804+0000] {docker.py:69} INFO -     ["contador"]=>
[2025-03-26T13:47:40.805+0000] {docker.py:69} INFO -     int(1)
[2025-03-26T13:47:40.805+0000] {docker.py:69} INFO -     ["container"]=>
[2025-03-26T13:47:40.806+0000] {docker.py:69} INFO -     string(8) "php-app2"
[2025-03-26T13:47:40.806+0000] {docker.py:69} INFO -     ["timestamp"]=>
[2025-03-26T13:47:40.807+0000] {docker.py:69} INFO -     int(1742996751)
[2025-03-26T13:47:40.807+0000] {docker.py:69} INFO -   }
[2025-03-26T13:47:40.807+0000] {docker.py:69} INFO -   [25]=>
[2025-03-26T13:47:40.808+0000] {docker.py:69} INFO -   object(stdClass)#27 (3) {
[2025-03-26T13:47:40.808+0000] {docker.py:69} INFO -     ["contador"]=>
[2025-03-26T13:47:40.809+0000] {docker.py:69} INFO - int(1)
[2025-03-26T13:47:40.810+0000] {docker.py:69} INFO -     ["container"]=>
[2025-03-26T13:47:40.810+0000] {docker.py:69} INFO -     string(8) "php-app2"
[2025-03-26T13:47:40.811+0000] {docker.py:69} INFO -     ["timestamp"]=>
[2025-03-26T13:47:40.811+0000] {docker.py:69} INFO -     int(1742996756)
[2025-03-26T13:47:40.812+0000] {docker.py:69} INFO -   }
[2025-03-26T13:47:40.812+0000] {docker.py:69} INFO -   [26]=>
[2025-03-26T13:47:40.813+0000] {docker.py:69} INFO -   object(stdClass)#28 (3) {
[2025-03-26T13:47:40.813+0000] {docker.py:69} INFO -     ["contador"]=>
[2025-03-26T13:47:40.814+0000] {docker.py:69} INFO -     int(1)
[2025-03-26T13:47:40.814+0000] {docker.py:69} INFO -     ["container"]=>
[2025-03-26T13:47:40.815+0000] {docker.py:69} INFO -     string(8) "php-app1"
[2025-03-26T13:47:40.815+0000] {docker.py:69} INFO -     ["timestamp"]=>
[2025-03-26T13:47:40.816+0000] {docker.py:69} INFO -     int(1742996756)
[2025-03-26T13:47:40.816+0000] {docker.py:69} INFO -   }
[2025-03-26T13:47:40.817+0000] {docker.py:69} INFO -   [27]=>
[2025-03-26T13:47:40.817+0000] {docker.py:69} INFO -   object(stdClass)#29 (3) {
[2025-03-26T13:47:40.817+0000] {docker.py:69} INFO -     ["contador"]=>
[2025-03-26T13:47:40.818+0000] {docker.py:69} INFO -     int(1)
[2025-03-26T13:47:40.818+0000] {docker.py:69} INFO -     ["container"]=>
[2025-03-26T13:47:40.819+0000] {docker.py:69} INFO -     string(8) "php-app1"
[2025-03-26T13:47:40.819+0000] {docker.py:69} INFO -     ["timestamp"]=>
[2025-03-26T13:47:40.820+0000] {docker.py:69} INFO -     int(1742996757)
[2025-03-26T13:47:40.820+0000] {docker.py:69} INFO -   }
[2025-03-26T13:47:40.821+0000] {docker.py:69} INFO -   [28]=>
[2025-03-26T13:47:40.821+0000] {docker.py:69} INFO -   object(stdClass)#30 (3) {
[2025-03-26T13:47:40.821+0000] {docker.py:69} INFO -     ["contador"]=>
[2025-03-26T13:47:40.822+0000] {docker.py:69} INFO -     int(1)
[2025-03-26T13:47:40.822+0000] {docker.py:69} INFO -     ["container"]=>
[2025-03-26T13:47:40.823+0000] {docker.py:69} INFO -     string(8) "php-app2"
[2025-03-26T13:47:40.823+0000] {docker.py:69} INFO -     ["timestamp"]=>
[2025-03-26T13:47:40.824+0000] {docker.py:69} INFO -     int(1742996757)
[2025-03-26T13:47:40.824+0000] {docker.py:69} INFO -   }
[2025-03-26T13:47:40.825+0000] {docker.py:69} INFO -   [29]=>
[2025-03-26T13:47:40.825+0000] {docker.py:69} INFO -   object(stdClass)#31 (3) {
[2025-03-26T13:47:40.825+0000] {docker.py:69} INFO -     ["contador"]=>
[2025-03-26T13:47:40.826+0000] {docker.py:69} INFO -     int(1)
[2025-03-26T13:47:40.826+0000] {docker.py:69} INFO -     ["container"]=>
[2025-03-26T13:47:40.827+0000] {docker.py:69} INFO -     string(8) "php-app2"
[2025-03-26T13:47:40.827+0000] {docker.py:69} INFO -     ["timestamp"]=>
[2025-03-26T13:47:40.828+0000] {docker.py:69} INFO -     int(1742996758)
[2025-03-26T13:47:40.828+0000] {docker.py:69} INFO -   }
[2025-03-26T13:47:40.829+0000] {docker.py:69} INFO -   [30]=>
[2025-03-26T13:47:40.829+0000] {docker.py:69} INFO -   object(stdClass)#32 (3) {
[2025-03-26T13:47:40.831+0000] {docker.py:69} INFO -     ["contador"]=>
[2025-03-26T13:47:40.832+0000] {docker.py:69} INFO -     int(1)
[2025-03-26T13:47:40.832+0000] {docker.py:69} INFO -     ["container"]=>
[2025-03-26T13:47:40.833+0000] {docker.py:69} INFO -     string(8) "php-app1"
[2025-03-26T13:47:40.834+0000] {docker.py:69} INFO -     ["timestamp"]=>
[2025-03-26T13:47:40.834+0000] {docker.py:69} INFO -     int(1742996760)
[2025-03-26T13:47:40.835+0000] {docker.py:69} INFO -   }
[2025-03-26T13:47:40.836+0000] {docker.py:69} INFO -   [31]=>
[2025-03-26T13:47:40.837+0000] {docker.py:69} INFO -   object(stdClass)#33 (3) {
[2025-03-26T13:47:40.838+0000] {docker.py:69} INFO -     ["contador"]=>
[2025-03-26T13:47:40.839+0000] {docker.py:69} INFO -     int(1)
[2025-03-26T13:47:40.840+0000] {docker.py:69} INFO -     ["container"]=>
[2025-03-26T13:47:40.840+0000] {docker.py:69} INFO -     string(8) "php-app2"
[2025-03-26T13:47:40.841+0000] {docker.py:69} INFO -     ["timestamp"]=>
[2025-03-26T13:47:40.841+0000] {docker.py:69} INFO -     int(1742996760)
[2025-03-26T13:47:40.842+0000] {docker.py:69} INFO -   }
[2025-03-26T13:47:40.842+0000] {docker.py:69} INFO -   [32]=>
[2025-03-26T13:47:40.843+0000] {docker.py:69} INFO -   object(stdClass)#34 (3) {
[2025-03-26T13:47:40.843+0000] {docker.py:69} INFO -     ["contador"]=>
[2025-03-26T13:47:40.844+0000] {docker.py:69} INFO -     int(1)
[2025-03-26T13:47:40.844+0000] {docker.py:69} INFO -     ["container"]=>
[2025-03-26T13:47:40.845+0000] {docker.py:69} INFO -     string(8) "php-app2"
[2025-03-26T13:47:40.846+0000] {docker.py:69} INFO -     ["timestamp"]=>
[2025-03-26T13:47:40.846+0000] {docker.py:69} INFO -     int(1742996761)
[2025-03-26T13:47:40.847+0000] {docker.py:69} INFO -   }
[2025-03-26T13:47:40.847+0000] {docker.py:69} INFO -   [33]=>
[2025-03-26T13:47:40.848+0000] {docker.py:69} INFO -   object(stdClass)#35 (3) {
[2025-03-26T13:47:40.848+0000] {docker.py:69} INFO -     ["contador"]=>
[2025-03-26T13:47:40.849+0000] {docker.py:69} INFO -     int(1)
[2025-03-26T13:47:40.850+0000] {docker.py:69} INFO -     ["container"]=>
[2025-03-26T13:47:40.851+0000] {docker.py:69} INFO -     string(8) "php-app1"
[2025-03-26T13:47:40.852+0000] {docker.py:69} INFO -     ["timestamp"]=>
[2025-03-26T13:47:40.853+0000] {docker.py:69} INFO -     int(1742996762)
[2025-03-26T13:47:40.853+0000] {docker.py:69} INFO -   }
[2025-03-26T13:47:40.854+0000] {docker.py:69} INFO -   [34]=>
[2025-03-26T13:47:40.854+0000] {docker.py:69} INFO -   object(stdClass)#36 (3) {
[2025-03-26T13:47:40.855+0000] {docker.py:69} INFO -     ["contador"]=>
[2025-03-26T13:47:40.855+0000] {docker.py:69} INFO -     int(1)
[2025-03-26T13:47:40.856+0000] {docker.py:69} INFO -     ["container"]=>
[2025-03-26T13:47:40.856+0000] {docker.py:69} INFO -     string(8) "php-app2"
[2025-03-26T13:47:40.857+0000] {docker.py:69} INFO -     ["timestamp"]=>
[2025-03-26T13:47:40.857+0000] {docker.py:69} INFO -     int(1742996762)
[2025-03-26T13:47:40.858+0000] {docker.py:69} INFO -   }
[2025-03-26T13:47:40.858+0000] {docker.py:69} INFO -   [35]=>
[2025-03-26T13:47:40.859+0000] {docker.py:69} INFO -   object(stdClass)#37 (3) {
[2025-03-26T13:47:40.859+0000] {docker.py:69} INFO -     ["contador"]=>
[2025-03-26T13:47:40.860+0000] {docker.py:69} INFO -     int(1)
[2025-03-26T13:47:40.860+0000] {docker.py:69} INFO -     ["container"]=>
[2025-03-26T13:47:40.860+0000] {docker.py:69} INFO -     string(8) "php-app1"
[2025-03-26T13:47:40.861+0000] {docker.py:69} INFO -     ["timestamp"]=>
[2025-03-26T13:47:40.862+0000] {docker.py:69} INFO -     int(1742996763)
[2025-03-26T13:47:40.863+0000] {docker.py:69} INFO -   }
[2025-03-26T13:47:40.863+0000] {docker.py:69} INFO -   [36]=>
[2025-03-26T13:47:40.864+0000] {docker.py:69} INFO -   object(stdClass)#38 (3) {
[2025-03-26T13:47:40.864+0000] {docker.py:69} INFO -     ["contador"]=>
[2025-03-26T13:47:40.865+0000] {docker.py:69} INFO -     int(1)
[2025-03-26T13:47:40.865+0000] {docker.py:69} INFO -     ["container"]=>
[2025-03-26T13:47:40.865+0000] {docker.py:69} INFO -     string(8) "php-app1"
[2025-03-26T13:47:40.866+0000] {docker.py:69} INFO -     ["timestamp"]=>
[2025-03-26T13:47:40.867+0000] {docker.py:69} INFO -     int(1742996763)
[2025-03-26T13:47:40.867+0000] {docker.py:69} INFO -   }
[2025-03-26T13:47:40.867+0000] {docker.py:69} INFO -   [37]=>
[2025-03-26T13:47:40.868+0000] {docker.py:69} INFO -   object(stdClass)#39 (3) {
[2025-03-26T13:47:40.868+0000] {docker.py:69} INFO -     ["contador"]=>
[2025-03-26T13:47:40.869+0000] {docker.py:69} INFO -     int(1)
[2025-03-26T13:47:40.869+0000] {docker.py:69} INFO -     ["container"]=>
[2025-03-26T13:47:40.870+0000] {docker.py:69} INFO -     string(8) "php-app2"
[2025-03-26T13:47:40.870+0000] {docker.py:69} INFO -     ["timestamp"]=>
[2025-03-26T13:47:40.870+0000] {docker.py:69} INFO -     int(1742996771)
[2025-03-26T13:47:40.871+0000] {docker.py:69} INFO -   }
[2025-03-26T13:47:40.871+0000] {docker.py:69} INFO -   [38]=>
[2025-03-26T13:47:40.872+0000] {docker.py:69} INFO -   object(stdClass)#40 (3) {
[2025-03-26T13:47:40.872+0000] {docker.py:69} INFO -     ["contador"]=>
[2025-03-26T13:47:40.872+0000] {docker.py:69} INFO -     int(1)
[2025-03-26T13:47:40.873+0000] {docker.py:69} INFO -     ["container"]=>
[2025-03-26T13:47:40.873+0000] {docker.py:69} INFO -     string(8) "php-app2"
[2025-03-26T13:47:40.874+0000] {docker.py:69} INFO -     ["timestamp"]=>
[2025-03-26T13:47:40.874+0000] {docker.py:69} INFO -     int(1742996773)
[2025-03-26T13:47:40.875+0000] {docker.py:69} INFO -   }
[2025-03-26T13:47:40.875+0000] {docker.py:69} INFO -   [39]=>
[2025-03-26T13:47:40.875+0000] {docker.py:69} INFO -   object(stdClass)#41 (3) {
[2025-03-26T13:47:40.876+0000] {docker.py:69} INFO -     ["contador"]=>
[2025-03-26T13:47:40.876+0000] {docker.py:69} INFO -     int(1)
[2025-03-26T13:47:40.877+0000] {docker.py:69} INFO -     ["container"]=>
[2025-03-26T13:47:40.877+0000] {docker.py:69} INFO -     string(8) "php-app1"
[2025-03-26T13:47:40.878+0000] {docker.py:69} INFO -     ["timestamp"]=>
[2025-03-26T13:47:40.878+0000] {docker.py:69} INFO -     int(1742996773)
[2025-03-26T13:47:40.878+0000] {docker.py:69} INFO -   }
[2025-03-26T13:47:40.879+0000] {docker.py:69} INFO -   [40]=>
[2025-03-26T13:47:40.879+0000] {docker.py:69} INFO -   object(stdClass)#42 (3) {
[2025-03-26T13:47:40.880+0000] {docker.py:69} INFO -     ["contador"]=>
[2025-03-26T13:47:40.881+0000] {docker.py:69} INFO -     int(1)
[2025-03-26T13:47:40.882+0000] {docker.py:69} INFO -     ["container"]=>
[2025-03-26T13:47:40.884+0000] {docker.py:69} INFO -     string(8) "php-app1"
[2025-03-26T13:47:40.884+0000] {docker.py:69} INFO -     ["timestamp"]=>
[2025-03-26T13:47:40.885+0000] {docker.py:69} INFO -     int(1742996775)
[2025-03-26T13:47:40.886+0000] {docker.py:69} INFO -   }
[2025-03-26T13:47:40.887+0000] {docker.py:69} INFO -   [41]=>
[2025-03-26T13:47:40.887+0000] {docker.py:69} INFO -   object(stdClass)#43 (3) {
[2025-03-26T13:47:40.888+0000] {docker.py:69} INFO -     ["contador"]=>
[2025-03-26T13:47:40.888+0000] {docker.py:69} INFO -     int(1)
[2025-03-26T13:47:40.889+0000] {docker.py:69} INFO -     ["container"]=>
[2025-03-26T13:47:40.889+0000] {docker.py:69} INFO -     string(8) "php-app2"
[2025-03-26T13:47:40.890+0000] {docker.py:69} INFO -     ["timestamp"]=>
[2025-03-26T13:47:40.891+0000] {docker.py:69} INFO -     int(1742996775)
[2025-03-26T13:47:40.891+0000] {docker.py:69} INFO -   }
[2025-03-26T13:47:40.892+0000] {docker.py:69} INFO -   [42]=>
[2025-03-26T13:47:40.892+0000] {docker.py:69} INFO -   object(stdClass)#44 (3) {
[2025-03-26T13:47:40.893+0000] {docker.py:69} INFO -     ["contador"]=>
[2025-03-26T13:47:40.893+0000] {docker.py:69} INFO -     int(1)
[2025-03-26T13:47:40.894+0000] {docker.py:69} INFO -     ["container"]=>
[2025-03-26T13:47:40.894+0000] {docker.py:69} INFO -     string(8) "php-app2"
[2025-03-26T13:47:40.895+0000] {docker.py:69} INFO -     ["timestamp"]=>
[2025-03-26T13:47:40.895+0000] {docker.py:69} INFO -     int(1742996775)
[2025-03-26T13:47:40.897+0000] {docker.py:69} INFO -   }
[2025-03-26T13:47:40.898+0000] {docker.py:69} INFO -   [43]=>
[2025-03-26T13:47:40.899+0000] {docker.py:69} INFO -   object(stdClass)#45 (3) {
[2025-03-26T13:47:40.900+0000] {docker.py:69} INFO -     ["contador"]=>
[2025-03-26T13:47:40.900+0000] {docker.py:69} INFO -     int(1)
[2025-03-26T13:47:40.901+0000] {docker.py:69} INFO -     ["container"]=>
[2025-03-26T13:47:40.902+0000] {docker.py:69} INFO -     string(8) "php-app1"
[2025-03-26T13:47:40.902+0000] {docker.py:69} INFO -     ["timestamp"]=>
[2025-03-26T13:47:40.903+0000] {docker.py:69} INFO -     int(1742996777)
[2025-03-26T13:47:40.903+0000] {docker.py:69} INFO -   }
[2025-03-26T13:47:40.904+0000] {docker.py:69} INFO -   [44]=>
[2025-03-26T13:47:40.904+0000] {docker.py:69} INFO -   object(stdClass)#46 (3) {
[2025-03-26T13:47:40.905+0000] {docker.py:69} INFO -     ["contador"]=>
[2025-03-26T13:47:40.906+0000] {docker.py:69} INFO -     int(1)
[2025-03-26T13:47:40.907+0000] {docker.py:69} INFO -     ["container"]=>
[2025-03-26T13:47:40.908+0000] {docker.py:69} INFO -     string(8) "php-app1"
[2025-03-26T13:47:40.909+0000] {docker.py:69} INFO -     ["timestamp"]=>
[2025-03-26T13:47:40.910+0000] {docker.py:69} INFO -     int(1742996779)
[2025-03-26T13:47:40.910+0000] {docker.py:69} INFO -   }
[2025-03-26T13:47:40.911+0000] {docker.py:69} INFO -   [45]=>
[2025-03-26T13:47:40.912+0000] {docker.py:69} INFO -   object(stdClass)#47 (3) {
[2025-03-26T13:47:40.912+0000] {docker.py:69} INFO -     ["contador"]=>
[2025-03-26T13:47:40.913+0000] {docker.py:69} INFO -     int(1)
[2025-03-26T13:47:40.914+0000] {docker.py:69} INFO -     ["container"]=>
[2025-03-26T13:47:40.915+0000] {docker.py:69} INFO -     string(8) "php-app2"
[2025-03-26T13:47:40.916+0000] {docker.py:69} INFO -     ["timestamp"]=>
[2025-03-26T13:47:40.918+0000] {docker.py:69} INFO -     int(1742996779)
[2025-03-26T13:47:40.918+0000] {docker.py:69} INFO -   }
[2025-03-26T13:47:40.919+0000] {docker.py:69} INFO -   [46]=>
[2025-03-26T13:47:40.919+0000] {docker.py:69} INFO -   object(stdClass)#48 (3) {
[2025-03-26T13:47:40.920+0000] {docker.py:69} INFO -     ["contador"]=>
[2025-03-26T13:47:40.920+0000] {docker.py:69} INFO -     int(1)
[2025-03-26T13:47:40.921+0000] {docker.py:69} INFO -     ["container"]=>
[2025-03-26T13:47:40.922+0000] {docker.py:69} INFO -     string(8) "php-app1"
[2025-03-26T13:47:40.922+0000] {docker.py:69} INFO -     ["timestamp"]=>
[2025-03-26T13:47:40.924+0000] {docker.py:69} INFO -     int(1742996781)
[2025-03-26T13:47:40.925+0000] {docker.py:69} INFO -   }
[2025-03-26T13:47:40.925+0000] {docker.py:69} INFO -   [47]=>
[2025-03-26T13:47:40.926+0000] {docker.py:69} INFO -   object(stdClass)#49 (3) {
[2025-03-26T13:47:40.926+0000] {docker.py:69} INFO -     ["contador"]=>
[2025-03-26T13:47:40.927+0000] {docker.py:69} INFO -     int(1)
[2025-03-26T13:47:40.927+0000] {docker.py:69} INFO -     ["container"]=>
[2025-03-26T13:47:40.928+0000] {docker.py:69} INFO -     string(8) "php-app1"
[2025-03-26T13:47:40.928+0000] {docker.py:69} INFO -     ["timestamp"]=>
[2025-03-26T13:47:40.929+0000] {docker.py:69} INFO -     int(1742996781)
[2025-03-26T13:47:40.930+0000] {docker.py:69} INFO -   }
[2025-03-26T13:47:40.931+0000] {docker.py:69} INFO -   [48]=>
[2025-03-26T13:47:40.931+0000] {docker.py:69} INFO -   object(stdClass)#50 (3) {
[2025-03-26T13:47:40.932+0000] {docker.py:69} INFO -     ["contador"]=>
[2025-03-26T13:47:40.932+0000] {docker.py:69} INFO -     int(1)
[2025-03-26T13:47:40.933+0000] {docker.py:69} INFO -     ["container"]=>
[2025-03-26T13:47:40.933+0000] {docker.py:69} INFO -     string(8) "php-app2"
[2025-03-26T13:47:40.934+0000] {docker.py:69} INFO -     ["timestamp"]=>
[2025-03-26T13:47:40.934+0000] {docker.py:69} INFO -     int(1742996781)
[2025-03-26T13:47:40.935+0000] {docker.py:69} INFO -   }
[2025-03-26T13:47:40.935+0000] {docker.py:69} INFO -   [49]=>
[2025-03-26T13:47:40.936+0000] {docker.py:69} INFO -   object(stdClass)#51 (3) {
[2025-03-26T13:47:40.936+0000] {docker.py:69} INFO -     ["contador"]=>
[2025-03-26T13:47:40.937+0000] {docker.py:69} INFO -     int(1)
[2025-03-26T13:47:40.938+0000] {docker.py:69} INFO -     ["container"]=>
[2025-03-26T13:47:40.938+0000] {docker.py:69} INFO -     string(8) "php-app1"
[2025-03-26T13:47:40.939+0000] {docker.py:69} INFO -     ["timestamp"]=>
[2025-03-26T13:47:40.939+0000] {docker.py:69} INFO -     int(1742996783)
[2025-03-26T13:47:40.940+0000] {docker.py:69} INFO -   }
[2025-03-26T13:47:40.940+0000] {docker.py:69} INFO -   [50]=>
[2025-03-26T13:47:40.941+0000] {docker.py:69} INFO -   object(stdClass)#52 (3) {
[2025-03-26T13:47:40.941+0000] {docker.py:69} INFO -     ["contador"]=>
[2025-03-26T13:47:40.942+0000] {docker.py:69} INFO -     int(1)
[2025-03-26T13:47:40.942+0000] {docker.py:69} INFO -     ["container"]=>
[2025-03-26T13:47:40.943+0000] {docker.py:69} INFO -     string(8) "php-app2"
[2025-03-26T13:47:40.943+0000] {docker.py:69} INFO -     ["timestamp"]=>
[2025-03-26T13:47:40.944+0000] {docker.py:69} INFO -     int(1742996783)
[2025-03-26T13:47:40.944+0000] {docker.py:69} INFO -   }
[2025-03-26T13:47:40.945+0000] {docker.py:69} INFO -   [51]=>
[2025-03-26T13:47:40.945+0000] {docker.py:69} INFO -   object(stdClass)#53 (3) {
[2025-03-26T13:47:40.946+0000] {docker.py:69} INFO -     ["contador"]=>
[2025-03-26T13:47:40.947+0000] {docker.py:69} INFO -     int(1)
[2025-03-26T13:47:40.948+0000] {docker.py:69} INFO -     ["container"]=>
[2025-03-26T13:47:40.948+0000] {docker.py:69} INFO -     string(8) "php-app1"
[2025-03-26T13:47:40.949+0000] {docker.py:69} INFO -     ["timestamp"]=>
[2025-03-26T13:47:40.949+0000] {docker.py:69} INFO -     int(1742996783)
[2025-03-26T13:47:40.950+0000] {docker.py:69} INFO -   }
[2025-03-26T13:47:40.950+0000] {docker.py:69} INFO -   [52]=>
[2025-03-26T13:47:40.951+0000] {docker.py:69} INFO -   object(stdClass)#54 (3) {
[2025-03-26T13:47:40.952+0000] {docker.py:69} INFO -     ["contador"]=>
[2025-03-26T13:47:40.952+0000] {docker.py:69} INFO -     int(1)
[2025-03-26T13:47:40.953+0000] {docker.py:69} INFO -     ["container"]=>
[2025-03-26T13:47:40.953+0000] {docker.py:69} INFO -     string(8) "php-app2"
[2025-03-26T13:47:40.954+0000] {docker.py:69} INFO -     ["timestamp"]=>
[2025-03-26T13:47:40.954+0000] {docker.py:69} INFO -     int(1742996785)
[2025-03-26T13:47:40.955+0000] {docker.py:69} INFO -   }
[2025-03-26T13:47:40.955+0000] {docker.py:69} INFO -   [53]=>
[2025-03-26T13:47:40.956+0000] {docker.py:69} INFO -   object(stdClass)#55 (3) {
[2025-03-26T13:47:40.956+0000] {docker.py:69} INFO -     ["contador"]=>
[2025-03-26T13:47:40.957+0000] {docker.py:69} INFO -     int(1)
[2025-03-26T13:47:40.957+0000] {docker.py:69} INFO -     ["container"]=>
[2025-03-26T13:47:40.958+0000] {docker.py:69} INFO -     string(8) "php-app2"
[2025-03-26T13:47:40.958+0000] {docker.py:69} INFO -     ["timestamp"]=>
[2025-03-26T13:47:40.959+0000] {docker.py:69} INFO -     int(1742996789)
[2025-03-26T13:47:40.959+0000] {docker.py:69} INFO -   }
[2025-03-26T13:47:40.959+0000] {docker.py:69} INFO -   [54]=>
[2025-03-26T13:47:40.960+0000] {docker.py:69} INFO -   object(stdClass)#56 (3) {
[2025-03-26T13:47:40.960+0000] {docker.py:69} INFO -     ["contador"]=>
[2025-03-26T13:47:40.960+0000] {docker.py:69} INFO -     int(1)
[2025-03-26T13:47:40.961+0000] {docker.py:69} INFO -     ["container"]=>
[2025-03-26T13:47:40.961+0000] {docker.py:69} INFO -     string(8) "php-app1"
[2025-03-26T13:47:40.961+0000] {docker.py:69} INFO -     ["timestamp"]=>
[2025-03-26T13:47:40.962+0000] {docker.py:69} INFO -     int(1742996790)
[2025-03-26T13:47:40.962+0000] {docker.py:69} INFO -   }
[2025-03-26T13:47:40.963+0000] {docker.py:69} INFO -   [55]=>
[2025-03-26T13:47:40.963+0000] {docker.py:69} INFO -   object(stdClass)#57 (3) {
[2025-03-26T13:47:40.964+0000] {docker.py:69} INFO -     ["contador"]=>
[2025-03-26T13:47:40.964+0000] {docker.py:69} INFO -     int(1)
[2025-03-26T13:47:40.965+0000] {docker.py:69} INFO -     ["container"]=>
[2025-03-26T13:47:40.966+0000] {docker.py:69} INFO -     string(8) "php-app1"
[2025-03-26T13:47:40.968+0000] {docker.py:69} INFO -     ["timestamp"]=>
[2025-03-26T13:47:40.969+0000] {docker.py:69} INFO -     int(1742996790)
[2025-03-26T13:47:40.969+0000] {docker.py:69} INFO -   }
[2025-03-26T13:47:40.970+0000] {docker.py:69} INFO -   [56]=>
[2025-03-26T13:47:40.970+0000] {docker.py:69} INFO -   object(stdClass)#58 (3) {
[2025-03-26T13:47:40.971+0000] {docker.py:69} INFO -     ["contador"]=>
[2025-03-26T13:47:40.971+0000] {docker.py:69} INFO -     int(1)
[2025-03-26T13:47:40.972+0000] {docker.py:69} INFO -     ["container"]=>
[2025-03-26T13:47:40.973+0000] {docker.py:69} INFO -     string(8) "php-app2"
[2025-03-26T13:47:40.974+0000] {docker.py:69} INFO -     ["timestamp"]=>
[2025-03-26T13:47:40.974+0000] {docker.py:69} INFO -     int(1742996790)
[2025-03-26T13:47:40.975+0000] {docker.py:69} INFO -   }
[2025-03-26T13:47:40.975+0000] {docker.py:69} INFO -   [57]=>
[2025-03-26T13:47:40.976+0000] {docker.py:69} INFO -   object(stdClass)#59 (3) {
[2025-03-26T13:47:40.976+0000] {docker.py:69} INFO -     ["contador"]=>
[2025-03-26T13:47:40.977+0000] {docker.py:69} INFO -     int(1)
[2025-03-26T13:47:40.978+0000] {docker.py:69} INFO -     ["container"]=>
[2025-03-26T13:47:40.978+0000] {docker.py:69} INFO -     string(8) "php-app2"
[2025-03-26T13:47:40.979+0000] {docker.py:69} INFO -     ["timestamp"]=>
[2025-03-26T13:47:40.979+0000] {docker.py:69} INFO -     int(1742996791)
[2025-03-26T13:47:40.980+0000] {docker.py:69} INFO -   }
[2025-03-26T13:47:40.980+0000] {docker.py:69} INFO -   [58]=>
[2025-03-26T13:47:40.981+0000] {docker.py:69} INFO -   object(stdClass)#60 (3) {
[2025-03-26T13:47:40.981+0000] {docker.py:69} INFO -     ["contador"]=>
[2025-03-26T13:47:40.982+0000] {docker.py:69} INFO -     int(1)
[2025-03-26T13:47:40.982+0000] {docker.py:69} INFO -     ["container"]=>
[2025-03-26T13:47:40.983+0000] {docker.py:69} INFO -     string(8) "php-app1"
[2025-03-26T13:47:40.984+0000] {docker.py:69} INFO -     ["timestamp"]=>
[2025-03-26T13:47:40.984+0000] {docker.py:69} INFO -     int(1742996792)
[2025-03-26T13:47:40.984+0000] {docker.py:69} INFO -   }
[2025-03-26T13:47:40.985+0000] {docker.py:69} INFO -   [59]=>
[2025-03-26T13:47:40.985+0000] {docker.py:69} INFO -   object(stdClass)#61 (3) {
[2025-03-26T13:47:40.986+0000] {docker.py:69} INFO -     ["contador"]=>
[2025-03-26T13:47:40.987+0000] {docker.py:69} INFO -     int(1)
[2025-03-26T13:47:40.987+0000] {docker.py:69} INFO -     ["container"]=>
[2025-03-26T13:47:40.988+0000] {docker.py:69} INFO -     string(8) "php-app1"
[2025-03-26T13:47:40.988+0000] {docker.py:69} INFO -     ["timestamp"]=>
[2025-03-26T13:47:40.989+0000] {docker.py:69} INFO -     int(1742996793)
[2025-03-26T13:47:40.990+0000] {docker.py:69} INFO -   }
[2025-03-26T13:47:40.991+0000] {docker.py:69} INFO -   [60]=>
[2025-03-26T13:47:40.993+0000] {docker.py:69} INFO -   object(stdClass)#62 (3) {
[2025-03-26T13:47:40.993+0000] {docker.py:69} INFO -     ["contador"]=>
[2025-03-26T13:47:40.994+0000] {docker.py:69} INFO -     int(1)
[2025-03-26T13:47:40.995+0000] {docker.py:69} INFO -     ["container"]=>
[2025-03-26T13:47:40.995+0000] {docker.py:69} INFO -     string(8) "php-app2"
[2025-03-26T13:47:40.997+0000] {docker.py:69} INFO -     ["timestamp"]=>
[2025-03-26T13:47:40.997+0000] {docker.py:69} INFO -     int(1742996794)
[2025-03-26T13:47:40.998+0000] {docker.py:69} INFO -   }
[2025-03-26T13:47:40.999+0000] {docker.py:69} INFO -   [61]=>
[2025-03-26T13:47:40.999+0000] {docker.py:69} INFO -   object(stdClass)#63 (3) {
[2025-03-26T13:47:41.000+0000] {docker.py:69} INFO -     ["contador"]=>
[2025-03-26T13:47:41.000+0000] {docker.py:69} INFO -     int(1)
[2025-03-26T13:47:41.001+0000] {docker.py:69} INFO -     ["container"]=>
[2025-03-26T13:47:41.001+0000] {docker.py:69} INFO -     string(8) "php-app1"
[2025-03-26T13:47:41.002+0000] {docker.py:69} INFO -     ["timestamp"]=>
[2025-03-26T13:47:41.002+0000] {docker.py:69} INFO -     int(1742996795)
[2025-03-26T13:47:41.003+0000] {docker.py:69} INFO -   }
[2025-03-26T13:47:41.003+0000] {docker.py:69} INFO -   [62]=>
[2025-03-26T13:47:41.004+0000] {docker.py:69} INFO -   object(stdClass)#64 (3) {
[2025-03-26T13:47:41.005+0000] {docker.py:69} INFO -     ["contador"]=>
[2025-03-26T13:47:41.006+0000] {docker.py:69} INFO -     int(1)
[2025-03-26T13:47:41.007+0000] {docker.py:69} INFO -     ["container"]=>
[2025-03-26T13:47:41.009+0000] {docker.py:69} INFO -     string(8) "php-app1"
[2025-03-26T13:47:41.009+0000] {docker.py:69} INFO -     ["timestamp"]=>
[2025-03-26T13:47:41.010+0000] {docker.py:69} INFO -     int(1742996797)
[2025-03-26T13:47:41.010+0000] {docker.py:69} INFO -   }
[2025-03-26T13:47:41.011+0000] {docker.py:69} INFO -   [63]=>
[2025-03-26T13:47:41.012+0000] {docker.py:69} INFO -   object(stdClass)#65 (3) {
[2025-03-26T13:47:41.013+0000] {docker.py:69} INFO -     ["contador"]=>
[2025-03-26T13:47:41.014+0000] {docker.py:69} INFO -     int(1)
[2025-03-26T13:47:41.014+0000] {docker.py:69} INFO -     ["container"]=>
[2025-03-26T13:47:41.015+0000] {docker.py:69} INFO -     string(8) "php-app2"
[2025-03-26T13:47:41.015+0000] {docker.py:69} INFO -     ["timestamp"]=>
[2025-03-26T13:47:41.016+0000] {docker.py:69} INFO -     int(1742996797)
[2025-03-26T13:47:41.016+0000] {docker.py:69} INFO -   }
[2025-03-26T13:47:41.017+0000] {docker.py:69} INFO -   [64]=>
[2025-03-26T13:47:41.017+0000] {docker.py:69} INFO -   object(stdClass)#66 (3) {
[2025-03-26T13:47:41.019+0000] {docker.py:69} INFO -     ["contador"]=>
[2025-03-26T13:47:41.020+0000] {docker.py:69} INFO -     int(1)
[2025-03-26T13:47:41.022+0000] {docker.py:69} INFO -     ["container"]=>
[2025-03-26T13:47:41.023+0000] {docker.py:69} INFO -     string(8) "php-app2"
[2025-03-26T13:47:41.023+0000] {docker.py:69} INFO -     ["timestamp"]=>
[2025-03-26T13:47:41.024+0000] {docker.py:69} INFO -     int(1742996797)
[2025-03-26T13:47:41.025+0000] {docker.py:69} INFO -   }
[2025-03-26T13:47:41.025+0000] {docker.py:69} INFO -   [65]=>
[2025-03-26T13:47:41.026+0000] {docker.py:69} INFO -   object(stdClass)#67 (3) {
[2025-03-26T13:47:41.026+0000] {docker.py:69} INFO -     ["contador"]=>
[2025-03-26T13:47:41.027+0000] {docker.py:69} INFO -     int(1)
[2025-03-26T13:47:41.027+0000] {docker.py:69} INFO -     ["container"]=>
[2025-03-26T13:47:41.028+0000] {docker.py:69} INFO -     string(8) "php-app1"
[2025-03-26T13:47:41.028+0000] {docker.py:69} INFO -     ["timestamp"]=>
[2025-03-26T13:47:41.029+0000] {docker.py:69} INFO -     int(1742996804)
[2025-03-26T13:47:41.029+0000] {docker.py:69} INFO -   }
[2025-03-26T13:47:41.030+0000] {docker.py:69} INFO -   [66]=>
[2025-03-26T13:47:41.030+0000] {docker.py:69} INFO -   object(stdClass)#68 (3) {
[2025-03-26T13:47:41.030+0000] {docker.py:69} INFO -     ["contador"]=>
[2025-03-26T13:47:41.031+0000] {docker.py:69} INFO -     int(1)
[2025-03-26T13:47:41.031+0000] {docker.py:69} INFO -     ["container"]=>
[2025-03-26T13:47:41.032+0000] {docker.py:69} INFO -     string(8) "php-app2"
[2025-03-26T13:47:41.033+0000] {docker.py:69} INFO -     ["timestamp"]=>
[2025-03-26T13:47:41.033+0000] {docker.py:69} INFO -     int(1742996806)
[2025-03-26T13:47:41.034+0000] {docker.py:69} INFO -   }
[2025-03-26T13:47:41.034+0000] {docker.py:69} INFO -   [67]=>
[2025-03-26T13:47:41.035+0000] {docker.py:69} INFO -   object(stdClass)#69 (3) {
[2025-03-26T13:47:41.035+0000] {docker.py:69} INFO -     ["contador"]=>
[2025-03-26T13:47:41.035+0000] {docker.py:69} INFO -     int(1)
[2025-03-26T13:47:41.036+0000] {docker.py:69} INFO -     ["container"]=>
[2025-03-26T13:47:41.036+0000] {docker.py:69} INFO -     string(8) "php-app2"
[2025-03-26T13:47:41.036+0000] {docker.py:69} INFO -     ["timestamp"]=>
[2025-03-26T13:47:41.037+0000] {docker.py:69} INFO -     int(1742996807)
[2025-03-26T13:47:41.037+0000] {docker.py:69} INFO -   }
[2025-03-26T13:47:41.037+0000] {docker.py:69} INFO -   [68]=>
[2025-03-26T13:47:41.038+0000] {docker.py:69} INFO -   object(stdClass)#70 (3) {
[2025-03-26T13:47:41.038+0000] {docker.py:69} INFO -     ["contador"]=>
[2025-03-26T13:47:41.039+0000] {docker.py:69} INFO -     int(1)
[2025-03-26T13:47:41.039+0000] {docker.py:69} INFO -     ["container"]=>
[2025-03-26T13:47:41.040+0000] {docker.py:69} INFO -     string(8) "php-app1"
[2025-03-26T13:47:41.040+0000] {docker.py:69} INFO -     ["timestamp"]=>
[2025-03-26T13:47:41.041+0000] {docker.py:69} INFO -     int(1742996807)
[2025-03-26T13:47:41.041+0000] {docker.py:69} INFO -   }
[2025-03-26T13:47:41.042+0000] {docker.py:69} INFO -   [69]=>
[2025-03-26T13:47:41.043+0000] {docker.py:69} INFO -   object(stdClass)#71 (3) {
[2025-03-26T13:47:41.043+0000] {docker.py:69} INFO -     ["contador"]=>
[2025-03-26T13:47:41.044+0000] {docker.py:69} INFO -     int(1)
[2025-03-26T13:47:41.044+0000] {docker.py:69} INFO -     ["container"]=>
[2025-03-26T13:47:41.045+0000] {docker.py:69} INFO -     string(8) "php-app2"
[2025-03-26T13:47:41.045+0000] {docker.py:69} INFO -     ["timestamp"]=>
[2025-03-26T13:47:41.046+0000] {docker.py:69} INFO -     int(1742996809)
[2025-03-26T13:47:41.047+0000] {docker.py:69} INFO -   }
[2025-03-26T13:47:41.049+0000] {docker.py:69} INFO -   [70]=>
[2025-03-26T13:47:41.052+0000] {docker.py:69} INFO -   object(stdClass)#72 (3) {
[2025-03-26T13:47:41.052+0000] {docker.py:69} INFO -     ["contador"]=>
[2025-03-26T13:47:41.053+0000] {docker.py:69} INFO -     int(1)
[2025-03-26T13:47:41.053+0000] {docker.py:69} INFO -     ["container"]=>
[2025-03-26T13:47:41.054+0000] {docker.py:69} INFO -     string(8) "php-app1"
[2025-03-26T13:47:41.054+0000] {docker.py:69} INFO -     ["timestamp"]=>
[2025-03-26T13:47:41.055+0000] {docker.py:69} INFO -     int(1742996810)
[2025-03-26T13:47:41.055+0000] {docker.py:69} INFO -   }
[2025-03-26T13:47:41.056+0000] {docker.py:69} INFO -   [71]=>
[2025-03-26T13:47:41.056+0000] {docker.py:69} INFO -   object(stdClass)#73 (3) {
[2025-03-26T13:47:41.057+0000] {docker.py:69} INFO -     ["contador"]=>
[2025-03-26T13:47:41.057+0000] {docker.py:69} INFO -     int(1)
[2025-03-26T13:47:41.057+0000] {docker.py:69} INFO -     ["container"]=>
[2025-03-26T13:47:41.058+0000] {docker.py:69} INFO -     string(8) "php-app1"
[2025-03-26T13:47:41.058+0000] {docker.py:69} INFO -     ["timestamp"]=>
[2025-03-26T13:47:41.059+0000] {docker.py:69} INFO -     int(1742996812)
[2025-03-26T13:47:41.059+0000] {docker.py:69} INFO -   }
[2025-03-26T13:47:41.060+0000] {docker.py:69} INFO -   [72]=>
[2025-03-26T13:47:41.060+0000] {docker.py:69} INFO -   object(stdClass)#74 (3) {
[2025-03-26T13:47:41.061+0000] {docker.py:69} INFO -     ["contador"]=>
[2025-03-26T13:47:41.061+0000] {docker.py:69} INFO -     int(1)
[2025-03-26T13:47:41.061+0000] {docker.py:69} INFO -     ["container"]=>
[2025-03-26T13:47:41.062+0000] {docker.py:69} INFO -     string(8) "php-app2"
[2025-03-26T13:47:41.062+0000] {docker.py:69} INFO -     ["timestamp"]=>
[2025-03-26T13:47:41.063+0000] {docker.py:69} INFO -     int(1742996813)
[2025-03-26T13:47:41.063+0000] {docker.py:69} INFO -   }
[2025-03-26T13:47:41.064+0000] {docker.py:69} INFO -   [73]=>
[2025-03-26T13:47:41.064+0000] {docker.py:69} INFO -   object(stdClass)#75 (3) {
[2025-03-26T13:47:41.065+0000] {docker.py:69} INFO -     ["contador"]=>
[2025-03-26T13:47:41.065+0000] {docker.py:69} INFO -     int(1)
[2025-03-26T13:47:41.065+0000] {docker.py:69} INFO -     ["container"]=>
[2025-03-26T13:47:41.066+0000] {docker.py:69} INFO -     string(8) "php-app1"
[2025-03-26T13:47:41.066+0000] {docker.py:69} INFO -     ["timestamp"]=>
[2025-03-26T13:47:41.067+0000] {docker.py:69} INFO -     int(1742996813)
[2025-03-26T13:47:41.067+0000] {docker.py:69} INFO -   }
[2025-03-26T13:47:41.067+0000] {docker.py:69} INFO -   [74]=>
[2025-03-26T13:47:41.068+0000] {docker.py:69} INFO -   object(stdClass)#76 (3) {
[2025-03-26T13:47:41.068+0000] {docker.py:69} INFO -     ["contador"]=>
[2025-03-26T13:47:41.068+0000] {docker.py:69} INFO -     int(1)
[2025-03-26T13:47:41.069+0000] {docker.py:69} INFO -     ["container"]=>
[2025-03-26T13:47:41.069+0000] {docker.py:69} INFO -     string(8) "php-app2"
[2025-03-26T13:47:41.069+0000] {docker.py:69} INFO -     ["timestamp"]=>
[2025-03-26T13:47:41.070+0000] {docker.py:69} INFO -     int(1742996815)
[2025-03-26T13:47:41.070+0000] {docker.py:69} INFO -   }
[2025-03-26T13:47:41.070+0000] {docker.py:69} INFO -   [75]=>
[2025-03-26T13:47:41.071+0000] {docker.py:69} INFO -   object(stdClass)#77 (3) {
[2025-03-26T13:47:41.071+0000] {docker.py:69} INFO -     ["contador"]=>
[2025-03-26T13:47:41.071+0000] {docker.py:69} INFO -     int(1)
[2025-03-26T13:47:41.072+0000] {docker.py:69} INFO -     ["container"]=>
[2025-03-26T13:47:41.072+0000] {docker.py:69} INFO -     string(8) "php-app1"
[2025-03-26T13:47:41.072+0000] {docker.py:69} INFO -     ["timestamp"]=>
[2025-03-26T13:47:41.073+0000] {docker.py:69} INFO -     int(1742996816)
[2025-03-26T13:47:41.073+0000] {docker.py:69} INFO -   }
[2025-03-26T13:47:41.073+0000] {docker.py:69} INFO -   [76]=>
[2025-03-26T13:47:41.074+0000] {docker.py:69} INFO -   object(stdClass)#78 (3) {
[2025-03-26T13:47:41.074+0000] {docker.py:69} INFO -     ["contador"]=>
[2025-03-26T13:47:41.075+0000] {docker.py:69} INFO -     int(1)
[2025-03-26T13:47:41.075+0000] {docker.py:69} INFO -     ["container"]=>
[2025-03-26T13:47:41.075+0000] {docker.py:69} INFO -     string(8) "php-app2"
[2025-03-26T13:47:41.076+0000] {docker.py:69} INFO -     ["timestamp"
[2025-03-26T13:47:41.076+0000] {docker.py:69} INFO - ]=>
[2025-03-26T13:47:41.077+0000] {docker.py:69} INFO - 
[2025-03-26T13:47:41.077+0000] {docker.py:69} INFO - int(1742996816)
[2025-03-26T13:47:41.078+0000] {docker.py:69} INFO - 
[2025-03-26T13:47:41.078+0000] {docker.py:69} INFO - }
[2025-03-26T13:47:41.079+0000] {docker.py:69} INFO -   [77]=>
[2025-03-26T13:47:41.079+0000] {docker.py:69} INFO - 
[2025-03-26T13:47:41.080+0000] {docker.py:69} INFO - object(stdClass)#79 (3) {
[2025-03-26T13:47:41.080+0000] {docker.py:69} INFO -     [
[2025-03-26T13:47:41.081+0000] {docker.py:69} INFO - "
[2025-03-26T13:47:41.082+0000] {docker.py:69} INFO - contador
[2025-03-26T13:47:41.083+0000] {docker.py:69} INFO - "
[2025-03-26T13:47:41.085+0000] {docker.py:69} INFO - ]=>
[2025-03-26T13:47:41.086+0000] {docker.py:69} INFO - 
[2025-03-26T13:47:41.087+0000] {docker.py:69} INFO - int(1)
[2025-03-26T13:47:41.087+0000] {docker.py:69} INFO -     [
[2025-03-26T13:47:41.088+0000] {docker.py:69} INFO - "
[2025-03-26T13:47:41.088+0000] {docker.py:69} INFO - container
[2025-03-26T13:47:41.089+0000] {docker.py:69} INFO - "
[2025-03-26T13:47:41.089+0000] {docker.py:69} INFO - ]=>
[2025-03-26T13:47:41.090+0000] {docker.py:69} INFO - 
[2025-03-26T13:47:41.091+0000] {docker.py:69} INFO - string(8) "
[2025-03-26T13:47:41.091+0000] {docker.py:69} INFO - php-app1
[2025-03-26T13:47:41.092+0000] {docker.py:69} INFO - "
[2025-03-26T13:47:41.092+0000] {docker.py:69} INFO -     [
[2025-03-26T13:47:41.093+0000] {docker.py:69} INFO - "
[2025-03-26T13:47:41.093+0000] {docker.py:69} INFO - timestamp
[2025-03-26T13:47:41.094+0000] {docker.py:69} INFO - "
[2025-03-26T13:47:41.094+0000] {docker.py:69} INFO - ]=>
[2025-03-26T13:47:41.095+0000] {docker.py:69} INFO - 
[2025-03-26T13:47:41.096+0000] {docker.py:69} INFO - int(1742996816)
[2025-03-26T13:47:41.096+0000] {docker.py:69} INFO - 
[2025-03-26T13:47:41.097+0000] {docker.py:69} INFO - }
[2025-03-26T13:47:41.097+0000] {docker.py:69} INFO -   [78]=>
[2025-03-26T13:47:41.098+0000] {docker.py:69} INFO - 
[2025-03-26T13:47:41.098+0000] {docker.py:69} INFO - object(stdClass)#80 (3) {
[2025-03-26T13:47:41.104+0000] {docker.py:69} INFO -     [
[2025-03-26T13:47:41.104+0000] {docker.py:69} INFO - "
[2025-03-26T13:47:41.105+0000] {docker.py:69} INFO - contador
[2025-03-26T13:47:41.105+0000] {docker.py:69} INFO - "
[2025-03-26T13:47:41.106+0000] {docker.py:69} INFO - ]=>
[2025-03-26T13:47:41.106+0000] {docker.py:69} INFO - 
[2025-03-26T13:47:41.107+0000] {docker.py:69} INFO - int(1)
[2025-03-26T13:47:41.108+0000] {docker.py:69} INFO -     [
[2025-03-26T13:47:41.108+0000] {docker.py:69} INFO - "
[2025-03-26T13:47:41.109+0000] {docker.py:69} INFO - container
[2025-03-26T13:47:41.109+0000] {docker.py:69} INFO - "
[2025-03-26T13:47:41.110+0000] {docker.py:69} INFO - ]=>
[2025-03-26T13:47:41.111+0000] {docker.py:69} INFO - 
[2025-03-26T13:47:41.111+0000] {docker.py:69} INFO - string(8) "
[2025-03-26T13:47:41.112+0000] {docker.py:69} INFO - php-app1
[2025-03-26T13:47:41.112+0000] {docker.py:69} INFO - "
[2025-03-26T13:47:41.113+0000] {docker.py:69} INFO -     [
[2025-03-26T13:47:41.115+0000] {docker.py:69} INFO - "
[2025-03-26T13:47:41.115+0000] {docker.py:69} INFO - timestamp
[2025-03-26T13:47:41.116+0000] {docker.py:69} INFO - "
[2025-03-26T13:47:41.116+0000] {docker.py:69} INFO - ]=>
[2025-03-26T13:47:41.117+0000] {docker.py:69} INFO - 
[2025-03-26T13:47:41.117+0000] {docker.py:69} INFO - int(1742996817)
[2025-03-26T13:47:41.118+0000] {docker.py:69} INFO - 
[2025-03-26T13:47:41.118+0000] {docker.py:69} INFO - }
[2025-03-26T13:47:41.119+0000] {docker.py:69} INFO -   [79]=>
[2025-03-26T13:47:41.119+0000] {docker.py:69} INFO - 
[2025-03-26T13:47:41.120+0000] {docker.py:69} INFO - object(stdClass)#81 (3) {
[2025-03-26T13:47:41.121+0000] {docker.py:69} INFO -     [
[2025-03-26T13:47:41.121+0000] {docker.py:69} INFO - "
[2025-03-26T13:47:41.122+0000] {docker.py:69} INFO - contador
[2025-03-26T13:47:41.123+0000] {docker.py:69} INFO - "
[2025-03-26T13:47:41.124+0000] {docker.py:69} INFO - ]=>
[2025-03-26T13:47:41.124+0000] {docker.py:69} INFO - 
[2025-03-26T13:47:41.125+0000] {docker.py:69} INFO - int(1)
[2025-03-26T13:47:41.125+0000] {docker.py:69} INFO -     [
[2025-03-26T13:47:41.126+0000] {docker.py:69} INFO - "
[2025-03-26T13:47:41.127+0000] {docker.py:69} INFO - container
[2025-03-26T13:47:41.127+0000] {docker.py:69} INFO - "
[2025-03-26T13:47:41.128+0000] {docker.py:69} INFO - ]=>
[2025-03-26T13:47:41.128+0000] {docker.py:69} INFO - 
[2025-03-26T13:47:41.129+0000] {docker.py:69} INFO - string(8) "
[2025-03-26T13:47:41.130+0000] {docker.py:69} INFO - php-app2
[2025-03-26T13:47:41.130+0000] {docker.py:69} INFO - "
[2025-03-26T13:47:41.130+0000] {docker.py:69} INFO -     [
[2025-03-26T13:47:41.131+0000] {docker.py:69} INFO - "
[2025-03-26T13:47:41.131+0000] {docker.py:69} INFO - timestamp
[2025-03-26T13:47:41.132+0000] {docker.py:69} INFO - "
[2025-03-26T13:47:41.132+0000] {docker.py:69} INFO - ]=>
[2025-03-26T13:47:41.133+0000] {docker.py:69} INFO - 
[2025-03-26T13:47:41.133+0000] {docker.py:69} INFO - int(1742996817)
[2025-03-26T13:47:41.134+0000] {docker.py:69} INFO - 
[2025-03-26T13:47:41.134+0000] {docker.py:69} INFO - }
[2025-03-26T13:47:41.135+0000] {docker.py:69} INFO -   [80]=>
[2025-03-26T13:47:41.135+0000] {docker.py:69} INFO - 
[2025-03-26T13:47:41.136+0000] {docker.py:69} INFO - object(stdClass)#82 (3) {
[2025-03-26T13:47:41.136+0000] {docker.py:69} INFO -     [
[2025-03-26T13:47:41.137+0000] {docker.py:69} INFO - "
[2025-03-26T13:47:41.137+0000] {docker.py:69} INFO - contador
[2025-03-26T13:47:41.138+0000] {docker.py:69} INFO - "
[2025-03-26T13:47:41.139+0000] {docker.py:69} INFO - ]=>
[2025-03-26T13:47:41.139+0000] {docker.py:69} INFO - 
[2025-03-26T13:47:41.140+0000] {docker.py:69} INFO - int(1)
[2025-03-26T13:47:41.141+0000] {docker.py:69} INFO -     [
[2025-03-26T13:47:41.142+0000] {docker.py:69} INFO - "
[2025-03-26T13:47:41.143+0000] {docker.py:69} INFO - container
[2025-03-26T13:47:41.144+0000] {docker.py:69} INFO - "
[2025-03-26T13:47:41.144+0000] {docker.py:69} INFO - ]=>
[2025-03-26T13:47:41.145+0000] {docker.py:69} INFO - 
[2025-03-26T13:47:41.146+0000] {docker.py:69} INFO - string(8) "
[2025-03-26T13:47:41.147+0000] {docker.py:69} INFO - php-app2
[2025-03-26T13:47:41.148+0000] {docker.py:69} INFO - "
[2025-03-26T13:47:41.148+0000] {docker.py:69} INFO -     [
[2025-03-26T13:47:41.149+0000] {docker.py:69} INFO - "
[2025-03-26T13:47:41.150+0000] {docker.py:69} INFO - timestamp
[2025-03-26T13:47:41.150+0000] {docker.py:69} INFO - "
[2025-03-26T13:47:41.151+0000] {docker.py:69} INFO - ]=>
[2025-03-26T13:47:41.151+0000] {docker.py:69} INFO - 
[2025-03-26T13:47:41.152+0000] {docker.py:69} INFO - int(1742996818)
[2025-03-26T13:47:41.152+0000] {docker.py:69} INFO - 
[2025-03-26T13:47:41.153+0000] {docker.py:69} INFO - }
[2025-03-26T13:47:41.153+0000] {docker.py:69} INFO -   [81]=>
[2025-03-26T13:47:41.154+0000] {docker.py:69} INFO - 
[2025-03-26T13:47:41.154+0000] {docker.py:69} INFO - object(stdClass)#83 (3) {
[2025-03-26T13:47:41.155+0000] {docker.py:69} INFO -     [
[2025-03-26T13:47:41.155+0000] {docker.py:69} INFO - "
[2025-03-26T13:47:41.156+0000] {docker.py:69} INFO - contador
[2025-03-26T13:47:41.156+0000] {docker.py:69} INFO - "
[2025-03-26T13:47:41.156+0000] {docker.py:69} INFO - ]=>
[2025-03-26T13:47:41.157+0000] {docker.py:69} INFO - 
[2025-03-26T13:47:41.157+0000] {docker.py:69} INFO - int(1)
[2025-03-26T13:47:41.157+0000] {docker.py:69} INFO -     [
[2025-03-26T13:47:41.158+0000] {docker.py:69} INFO - "
[2025-03-26T13:47:41.158+0000] {docker.py:69} INFO - container
[2025-03-26T13:47:41.159+0000] {docker.py:69} INFO - "
[2025-03-26T13:47:41.159+0000] {docker.py:69} INFO - ]=>
[2025-03-26T13:47:41.160+0000] {docker.py:69} INFO - 
[2025-03-26T13:47:41.160+0000] {docker.py:69} INFO - string(8) "
[2025-03-26T13:47:41.161+0000] {docker.py:69} INFO - php-app1
[2025-03-26T13:47:41.162+0000] {docker.py:69} INFO - "
[2025-03-26T13:47:41.162+0000] {docker.py:69} INFO -     [
[2025-03-26T13:47:41.164+0000] {docker.py:69} INFO - "
[2025-03-26T13:47:41.164+0000] {docker.py:69} INFO - timestamp
[2025-03-26T13:47:41.165+0000] {docker.py:69} INFO - "
[2025-03-26T13:47:41.166+0000] {docker.py:69} INFO - ]=>
[2025-03-26T13:47:41.167+0000] {docker.py:69} INFO - 
[2025-03-26T13:47:41.167+0000] {docker.py:69} INFO - int(1742996821)
[2025-03-26T13:47:41.168+0000] {docker.py:69} INFO - 
[2025-03-26T13:47:41.168+0000] {docker.py:69} INFO - }
[2025-03-26T13:47:41.169+0000] {docker.py:69} INFO -   [82]=>
[2025-03-26T13:47:41.170+0000] {docker.py:69} INFO - 
[2025-03-26T13:47:41.170+0000] {docker.py:69} INFO - object(stdClass)#84 (3) {
[2025-03-26T13:47:41.171+0000] {docker.py:69} INFO -     [
[2025-03-26T13:47:41.172+0000] {docker.py:69} INFO - "
[2025-03-26T13:47:41.172+0000] {docker.py:69} INFO - contador
[2025-03-26T13:47:41.173+0000] {docker.py:69} INFO - "
[2025-03-26T13:47:41.174+0000] {docker.py:69} INFO - ]=>
[2025-03-26T13:47:41.174+0000] {docker.py:69} INFO - 
[2025-03-26T13:47:41.175+0000] {docker.py:69} INFO - int(1)
[2025-03-26T13:47:41.175+0000] {docker.py:69} INFO -     ["container"]=>
[2025-03-26T13:47:41.177+0000] {docker.py:69} INFO -     string(8) "php-app1"
[2025-03-26T13:47:41.178+0000] {docker.py:69} INFO -     ["timestamp"]=>
[2025-03-26T13:47:41.180+0000] {docker.py:69} INFO -     int(1742996824)
[2025-03-26T13:47:41.181+0000] {docker.py:69} INFO -   }
[2025-03-26T13:47:41.182+0000] {docker.py:69} INFO -   [83]=>
[2025-03-26T13:47:41.183+0000] {docker.py:69} INFO -   object(stdClass)#85 (3) {
[2025-03-26T13:47:41.184+0000] {docker.py:69} INFO -     ["contador"]=>
[2025-03-26T13:47:41.185+0000] {docker.py:69} INFO -     int(1)
[2025-03-26T13:47:41.186+0000] {docker.py:69} INFO -     ["container"]=>
[2025-03-26T13:47:41.187+0000] {docker.py:69} INFO -     string(8) "php-app2"
[2025-03-26T13:47:41.187+0000] {docker.py:69} INFO -     ["timestamp"]=>
[2025-03-26T13:47:41.188+0000] {docker.py:69} INFO -     int(1742996825)
[2025-03-26T13:47:41.189+0000] {docker.py:69} INFO -   }
[2025-03-26T13:47:41.190+0000] {docker.py:69} INFO -   [84]=>
[2025-03-26T13:47:41.191+0000] {docker.py:69} INFO - object(stdClass)#86 (3) {
[2025-03-26T13:47:41.193+0000] {docker.py:69} INFO -     ["contador"]=>
[2025-03-26T13:47:41.194+0000] {docker.py:69} INFO -     int(1)
[2025-03-26T13:47:41.194+0000] {docker.py:69} INFO -     ["
[2025-03-26T13:47:41.195+0000] {docker.py:69} INFO - container"]=>
[2025-03-26T13:47:41.195+0000] {docker.py:69} INFO -     string(8) "php-app2"
[2025-03-26T13:47:41.196+0000] {docker.py:69} INFO -     ["timestamp"
[2025-03-26T13:47:41.197+0000] {docker.py:69} INFO - ]=>
[2025-03-26T13:47:41.197+0000] {docker.py:69} INFO -     int(1742996826)
[2025-03-26T13:47:41.198+0000] {docker.py:69} INFO -   }
[2025-03-26T13:47:41.198+0000] {docker.py:69} INFO -   [85]=>
[2025-03-26T13:47:41.200+0000] {docker.py:69} INFO -   object(stdClass)#87 (3) {
[2025-03-26T13:47:41.201+0000] {docker.py:69} INFO -     ["contador"]=>
[2025-03-26T13:47:41.202+0000] {docker.py:69} INFO -     int(1)
[2025-03-26T13:47:41.202+0000] {docker.py:69} INFO -     ["container"]=>
[2025-03-26T13:47:41.203+0000] {docker.py:69} INFO -     string(8) "php-app2"
[2025-03-26T13:47:41.204+0000] {docker.py:69} INFO -     ["
[2025-03-26T13:47:41.204+0000] {docker.py:69} INFO - timestamp"
[2025-03-26T13:47:41.205+0000] {docker.py:69} INFO - ]=>
[2025-03-26T13:47:41.206+0000] {docker.py:69} INFO - 
[2025-03-26T13:47:41.207+0000] {docker.py:69} INFO - int(1742996826)
[2025-03-26T13:47:41.208+0000] {docker.py:69} INFO - }
[2025-03-26T13:47:41.208+0000] {docker.py:69} INFO -   [86]=>
[2025-03-26T13:47:41.209+0000] {docker.py:69} INFO -   object(stdClass)#88 (3) {
[2025-03-26T13:47:41.210+0000] {docker.py:69} INFO -     ["contador"]=>
[2025-03-26T13:47:41.210+0000] {docker.py:69} INFO -     int(1)
[2025-03-26T13:47:41.211+0000] {docker.py:69} INFO -     [
[2025-03-26T13:47:41.211+0000] {docker.py:69} INFO - "
[2025-03-26T13:47:41.212+0000] {docker.py:69} INFO - container"]=>
[2025-03-26T13:47:41.212+0000] {docker.py:69} INFO -     string(8) "php-app1"
[2025-03-26T13:47:41.213+0000] {docker.py:69} INFO -     ["timestamp"]=>
[2025-03-26T13:47:41.213+0000] {docker.py:69} INFO -     int(1742996827)
[2025-03-26T13:47:41.214+0000] {docker.py:69} INFO -   }
[2025-03-26T13:47:41.215+0000] {docker.py:69} INFO -   [87]=>
[2025-03-26T13:47:41.215+0000] {docker.py:69} INFO -   object(stdClass)#89 (3) {
[2025-03-26T13:47:41.216+0000] {docker.py:69} INFO -     ["contador"]=>
[2025-03-26T13:47:41.216+0000] {docker.py:69} INFO -     int(1)
[2025-03-26T13:47:41.217+0000] {docker.py:69} INFO -     ["container"]=>
[2025-03-26T13:47:41.217+0000] {docker.py:69} INFO -     string(8) "php-app2"
[2025-03-26T13:47:41.217+0000] {docker.py:69} INFO -     ["timestamp"]=>
[2025-03-26T13:47:41.218+0000] {docker.py:69} INFO - 
[2025-03-26T13:47:41.219+0000] {docker.py:69} INFO - int(1742996828)
[2025-03-26T13:47:41.219+0000] {docker.py:69} INFO -   }
[2025-03-26T13:47:41.220+0000] {docker.py:69} INFO -   [88]=>
[2025-03-26T13:47:41.221+0000] {docker.py:69} INFO - object(stdClass)#90 (3) {
[2025-03-26T13:47:41.222+0000] {docker.py:69} INFO -     ["
[2025-03-26T13:47:41.222+0000] {docker.py:69} INFO - contador
[2025-03-26T13:47:41.223+0000] {docker.py:69} INFO - "]=>
[2025-03-26T13:47:41.224+0000] {docker.py:69} INFO -     int(1)
[2025-03-26T13:47:41.225+0000] {docker.py:69} INFO -     ["
[2025-03-26T13:47:41.226+0000] {docker.py:69} INFO - container"
[2025-03-26T13:47:41.226+0000] {docker.py:69} INFO - ]=>
[2025-03-26T13:47:41.227+0000] {docker.py:69} INFO -     string(8) "php-app1"
[2025-03-26T13:47:41.229+0000] {docker.py:69} INFO -     ["timestamp"]=>
[2025-03-26T13:47:41.231+0000] {docker.py:69} INFO -     int(1742996828)
[2025-03-26T13:47:41.231+0000] {docker.py:69} INFO - }
[2025-03-26T13:47:41.232+0000] {docker.py:69} INFO -   [89]=>
[2025-03-26T13:47:41.233+0000] {docker.py:69} INFO -   object(stdClass)#91 (3) {
[2025-03-26T13:47:41.234+0000] {docker.py:69} INFO -     ["contador"]=>
[2025-03-26T13:47:41.234+0000] {docker.py:69} INFO -     int(1)
[2025-03-26T13:47:41.235+0000] {docker.py:69} INFO -     ["container"]=>
[2025-03-26T13:47:41.236+0000] {docker.py:69} INFO -     string(8) "php-app2"
[2025-03-26T13:47:41.236+0000] {docker.py:69} INFO -     [
[2025-03-26T13:47:41.237+0000] {docker.py:69} INFO - "
[2025-03-26T13:47:41.238+0000] {docker.py:69} INFO - timestamp
[2025-03-26T13:47:41.238+0000] {docker.py:69} INFO - "]=>
[2025-03-26T13:47:41.239+0000] {docker.py:69} INFO -     int(1742996829)
[2025-03-26T13:47:41.240+0000] {docker.py:69} INFO -   }
[2025-03-26T13:47:41.240+0000] {docker.py:69} INFO -   [90]=>
[2025-03-26T13:47:41.241+0000] {docker.py:69} INFO -   object(stdClass)#92 (3) {
[2025-03-26T13:47:41.241+0000] {docker.py:69} INFO -     ["contador"]=>
[2025-03-26T13:47:41.242+0000] {docker.py:69} INFO -     int(1)
[2025-03-26T13:47:41.242+0000] {docker.py:69} INFO -     [
[2025-03-26T13:47:41.243+0000] {docker.py:69} INFO - "
[2025-03-26T13:47:41.243+0000] {docker.py:69} INFO - container"]=>
[2025-03-26T13:47:41.244+0000] {docker.py:69} INFO -     string(8) "php-app1"
[2025-03-26T13:47:41.245+0000] {docker.py:69} INFO -     ["
[2025-03-26T13:47:41.245+0000] {docker.py:69} INFO - timestamp"]=>
[2025-03-26T13:47:41.246+0000] {docker.py:69} INFO -     int(1742996829)
[2025-03-26T13:47:41.247+0000] {docker.py:69} INFO - }
[2025-03-26T13:47:41.247+0000] {docker.py:69} INFO -   [91]=>
[2025-03-26T13:47:41.248+0000] {docker.py:69} INFO - object(stdClass)#93 (3) {
[2025-03-26T13:47:41.249+0000] {docker.py:69} INFO -     ["contador"]=>
[2025-03-26T13:47:41.249+0000] {docker.py:69} INFO -     int(1)
[2025-03-26T13:47:41.250+0000] {docker.py:69} INFO -     ["container
[2025-03-26T13:47:41.250+0000] {docker.py:69} INFO - "]=>
[2025-03-26T13:47:41.251+0000] {docker.py:69} INFO -     string(8) "php-app2"
[2025-03-26T13:47:41.251+0000] {docker.py:69} INFO -     ["timestamp"]=>
[2025-03-26T13:47:41.252+0000] {docker.py:69} INFO -     int(1742996838)
[2025-03-26T13:47:41.252+0000] {docker.py:69} INFO -   }
[2025-03-26T13:47:41.253+0000] {docker.py:69} INFO -   [92]=>
[2025-03-26T13:47:41.254+0000] {docker.py:69} INFO -   object(stdClass)#94 (3) {
[2025-03-26T13:47:41.255+0000] {docker.py:69} INFO -     ["contador"]=>
[2025-03-26T13:47:41.257+0000] {docker.py:69} INFO -     int(1)
[2025-03-26T13:47:41.257+0000] {docker.py:69} INFO -     ["container"]=>
[2025-03-26T13:47:41.258+0000] {docker.py:69} INFO -     string(8) "php-app1"
[2025-03-26T13:47:41.258+0000] {docker.py:69} INFO -     ["timestamp"]=>
[2025-03-26T13:47:41.259+0000] {docker.py:69} INFO -     int(1742996841)
[2025-03-26T13:47:41.259+0000] {docker.py:69} INFO -   }
[2025-03-26T13:47:41.260+0000] {docker.py:69} INFO -   [93]=>
[2025-03-26T13:47:41.261+0000] {docker.py:69} INFO -   object(stdClass)#95 (3) {
[2025-03-26T13:47:41.262+0000] {docker.py:69} INFO -     ["
[2025-03-26T13:47:41.263+0000] {docker.py:69} INFO - contador
[2025-03-26T13:47:41.264+0000] {docker.py:69} INFO - "
[2025-03-26T13:47:41.265+0000] {docker.py:69} INFO - ]=>
[2025-03-26T13:47:41.266+0000] {docker.py:69} INFO -     int(1)
[2025-03-26T13:47:41.267+0000] {docker.py:69} INFO -     ["
[2025-03-26T13:47:41.268+0000] {docker.py:69} INFO - container
[2025-03-26T13:47:41.268+0000] {docker.py:69} INFO - "]=>
[2025-03-26T13:47:41.269+0000] {docker.py:69} INFO -     string(8) "
[2025-03-26T13:47:41.269+0000] {docker.py:69} INFO - php-app2
[2025-03-26T13:47:41.271+0000] {docker.py:69} INFO - "
[2025-03-26T13:47:41.272+0000] {docker.py:69} INFO -     [
[2025-03-26T13:47:41.273+0000] {docker.py:69} INFO - "timestamp"]=>
[2025-03-26T13:47:41.273+0000] {docker.py:69} INFO -     int(1742996842)
[2025-03-26T13:47:41.274+0000] {docker.py:69} INFO - }
[2025-03-26T13:47:41.274+0000] {docker.py:69} INFO -   [94]=>
[2025-03-26T13:47:41.275+0000] {docker.py:69} INFO -   object(stdClass)#96 (3) {
[2025-03-26T13:47:41.275+0000] {docker.py:69} INFO -     ["contador"]=>
[2025-03-26T13:47:41.276+0000] {docker.py:69} INFO -     int(1)
[2025-03-26T13:47:41.276+0000] {docker.py:69} INFO -     ["container"]=>
[2025-03-26T13:47:41.277+0000] {docker.py:69} INFO -     string(8) "php-app1"
[2025-03-26T13:47:41.277+0000] {docker.py:69} INFO -     ["timestamp"]=>
[2025-03-26T13:47:41.277+0000] {docker.py:69} INFO -     int(1742996843)
[2025-03-26T13:47:41.278+0000] {docker.py:69} INFO - 
[2025-03-26T13:47:41.279+0000] {docker.py:69} INFO - }
[2025-03-26T13:47:41.279+0000] {docker.py:69} INFO -   [95]=>
[2025-03-26T13:47:41.280+0000] {docker.py:69} INFO - 
[2025-03-26T13:47:41.280+0000] {docker.py:69} INFO - object(stdClass)#97 (3) {
[2025-03-26T13:47:41.281+0000] {docker.py:69} INFO -     [
[2025-03-26T13:47:41.281+0000] {docker.py:69} INFO - "
[2025-03-26T13:47:41.282+0000] {docker.py:69} INFO - contador
[2025-03-26T13:47:41.283+0000] {docker.py:69} INFO - "
[2025-03-26T13:47:41.284+0000] {docker.py:69} INFO - ]=>
[2025-03-26T13:47:41.285+0000] {docker.py:69} INFO -     int(1)
[2025-03-26T13:47:41.285+0000] {docker.py:69} INFO -     [
[2025-03-26T13:47:41.286+0000] {docker.py:69} INFO - "container
[2025-03-26T13:47:41.287+0000] {docker.py:69} INFO - "
[2025-03-26T13:47:41.288+0000] {docker.py:69} INFO - ]=>
[2025-03-26T13:47:41.291+0000] {docker.py:69} INFO -     string(8) "
[2025-03-26T13:47:41.292+0000] {docker.py:69} INFO - php-app2
[2025-03-26T13:47:41.293+0000] {docker.py:69} INFO - "
[2025-03-26T13:47:41.294+0000] {docker.py:69} INFO -     [
[2025-03-26T13:47:41.294+0000] {docker.py:69} INFO - "
[2025-03-26T13:47:41.295+0000] {docker.py:69} INFO - timestamp
[2025-03-26T13:47:41.296+0000] {docker.py:69} INFO - "]=>
[2025-03-26T13:47:41.296+0000] {docker.py:69} INFO - 
[2025-03-26T13:47:41.297+0000] {docker.py:69} INFO - int(1742996843)
[2025-03-26T13:47:41.297+0000] {docker.py:69} INFO -   }
[2025-03-26T13:47:41.298+0000] {docker.py:69} INFO -   [96]=>
[2025-03-26T13:47:41.299+0000] {docker.py:69} INFO - 
[2025-03-26T13:47:41.300+0000] {docker.py:69} INFO - object(stdClass)#98 (3) {
[2025-03-26T13:47:41.301+0000] {docker.py:69} INFO -     [
[2025-03-26T13:47:41.302+0000] {docker.py:69} INFO - "
[2025-03-26T13:47:41.302+0000] {docker.py:69} INFO - contador
[2025-03-26T13:47:41.304+0000] {docker.py:69} INFO - "
[2025-03-26T13:47:41.307+0000] {docker.py:69} INFO - ]=>
[2025-03-26T13:47:41.307+0000] {docker.py:69} INFO - 
[2025-03-26T13:47:41.308+0000] {docker.py:69} INFO - int(1)
[2025-03-26T13:47:41.310+0000] {docker.py:69} INFO -     [
[2025-03-26T13:47:41.311+0000] {docker.py:69} INFO - "
[2025-03-26T13:47:41.312+0000] {docker.py:69} INFO - container
[2025-03-26T13:47:41.314+0000] {docker.py:69} INFO - "]=>
[2025-03-26T13:47:41.315+0000] {docker.py:69} INFO - 
[2025-03-26T13:47:41.317+0000] {docker.py:69} INFO - string(8) "php-app1"
[2025-03-26T13:47:41.318+0000] {docker.py:69} INFO -     ["timestamp
[2025-03-26T13:47:41.319+0000] {docker.py:69} INFO - "
[2025-03-26T13:47:41.324+0000] {docker.py:69} INFO - ]=>
[2025-03-26T13:47:41.325+0000] {docker.py:69} INFO - 
[2025-03-26T13:47:41.325+0000] {docker.py:69} INFO - int(1742996844)
[2025-03-26T13:47:41.326+0000] {docker.py:69} INFO - 
[2025-03-26T13:47:41.327+0000] {docker.py:69} INFO - }
[2025-03-26T13:47:41.327+0000] {docker.py:69} INFO -   [97]=>
[2025-03-26T13:47:41.328+0000] {docker.py:69} INFO -   object(stdClass)#99 (3) {
[2025-03-26T13:47:41.328+0000] {docker.py:69} INFO -     ["contador"]=>
[2025-03-26T13:47:41.329+0000] {docker.py:69} INFO - int(1)
[2025-03-26T13:47:41.330+0000] {docker.py:69} INFO -     [
[2025-03-26T13:47:41.330+0000] {docker.py:69} INFO - "
[2025-03-26T13:47:41.331+0000] {docker.py:69} INFO - container
[2025-03-26T13:47:41.332+0000] {docker.py:69} INFO - "
[2025-03-26T13:47:41.333+0000] {docker.py:69} INFO - ]=>
[2025-03-26T13:47:41.335+0000] {docker.py:69} INFO - 
[2025-03-26T13:47:41.335+0000] {docker.py:69} INFO - string(8) "
[2025-03-26T13:47:41.337+0000] {docker.py:69} INFO - php-app1
[2025-03-26T13:47:41.339+0000] {docker.py:69} INFO - "
[2025-03-26T13:47:41.339+0000] {docker.py:69} INFO -     [
[2025-03-26T13:47:41.340+0000] {docker.py:69} INFO - "
[2025-03-26T13:47:41.343+0000] {docker.py:69} INFO - timestamp"
[2025-03-26T13:47:41.345+0000] {docker.py:69} INFO - ]=>
[2025-03-26T13:47:41.345+0000] {docker.py:69} INFO - 
[2025-03-26T13:47:41.347+0000] {docker.py:69} INFO - int(1742996849)
[2025-03-26T13:47:41.349+0000] {docker.py:69} INFO -   }
[2025-03-26T13:47:41.350+0000] {docker.py:69} INFO -   [98]=>
[2025-03-26T13:47:41.350+0000] {docker.py:69} INFO -   object(stdClass)#100 (3) {
[2025-03-26T13:47:41.350+0000] {docker.py:69} INFO -     ["contador"]=>
[2025-03-26T13:47:41.351+0000] {docker.py:69} INFO -     int(1)
[2025-03-26T13:47:41.351+0000] {docker.py:69} INFO -     ["container"]=>
[2025-03-26T13:47:41.352+0000] {docker.py:69} INFO -     string(8) "php-app2"
[2025-03-26T13:47:41.353+0000] {docker.py:69} INFO -     ["timestamp"]=>
[2025-03-26T13:47:41.353+0000] {docker.py:69} INFO -     int(1742996849)
[2025-03-26T13:47:41.354+0000] {docker.py:69} INFO -   }
[2025-03-26T13:47:41.355+0000] {docker.py:69} INFO -   [99]=>
[2025-03-26T13:47:41.356+0000] {docker.py:69} INFO -   object(stdClass)#101 (3) {
[2025-03-26T13:47:41.357+0000] {docker.py:69} INFO -     ["contador"]=>
[2025-03-26T13:47:41.357+0000] {docker.py:69} INFO -     int(1)
[2025-03-26T13:47:41.358+0000] {docker.py:69} INFO -     ["container"]=>
[2025-03-26T13:47:41.358+0000] {docker.py:69} INFO -     string(8) "php-app2"
[2025-03-26T13:47:41.359+0000] {docker.py:69} INFO -     ["timestamp"]=>
[2025-03-26T13:47:41.360+0000] {docker.py:69} INFO -     int(1742996849)
[2025-03-26T13:47:41.360+0000] {docker.py:69} INFO -   }
[2025-03-26T13:47:41.361+0000] {docker.py:69} INFO -   [100]=>
[2025-03-26T13:47:41.361+0000] {docker.py:69} INFO -   object(stdClass)#102 (3) {
[2025-03-26T13:47:41.362+0000] {docker.py:69} INFO -     ["contador"]=>
[2025-03-26T13:47:41.362+0000] {docker.py:69} INFO -     int(1)
[2025-03-26T13:47:41.363+0000] {docker.py:69} INFO -     ["container"]=>
[2025-03-26T13:47:41.363+0000] {docker.py:69} INFO -     string(8) "php-app2"
[2025-03-26T13:47:41.363+0000] {docker.py:69} INFO -     ["timestamp"]=>
[2025-03-26T13:47:41.364+0000] {docker.py:69} INFO -     int(1742996850)
[2025-03-26T13:47:41.364+0000] {docker.py:69} INFO -   }
[2025-03-26T13:47:41.365+0000] {docker.py:69} INFO -   [101]=>
[2025-03-26T13:47:41.366+0000] {docker.py:69} INFO -   object(stdClass)#103 (3) {
[2025-03-26T13:47:41.367+0000] {docker.py:69} INFO -     ["contador"]=>
[2025-03-26T13:47:41.368+0000] {docker.py:69} INFO -     int(1)
[2025-03-26T13:47:41.368+0000] {docker.py:69} INFO -     ["container"]=>
[2025-03-26T13:47:41.369+0000] {docker.py:69} INFO -     string(8) "php-app1"
[2025-03-26T13:47:41.369+0000] {docker.py:69} INFO -     ["timestamp"]=>
[2025-03-26T13:47:41.370+0000] {docker.py:69} INFO -     int(1742996850)
[2025-03-26T13:47:41.371+0000] {docker.py:69} INFO -   }
[2025-03-26T13:47:41.372+0000] {docker.py:69} INFO -   [102]=>
[2025-03-26T13:47:41.372+0000] {docker.py:69} INFO -   object(stdClass)#104 (3) {
[2025-03-26T13:47:41.373+0000] {docker.py:69} INFO -     ["contador"]=>
[2025-03-26T13:47:41.374+0000] {docker.py:69} INFO -     int(1)
[2025-03-26T13:47:41.375+0000] {docker.py:69} INFO -     ["container"]=>
[2025-03-26T13:47:41.376+0000] {docker.py:69} INFO -     string(8) "php-app1"
[2025-03-26T13:47:41.376+0000] {docker.py:69} INFO -     ["timestamp"]=>
[2025-03-26T13:47:41.377+0000] {docker.py:69} INFO -     int(1742996851)
[2025-03-26T13:47:41.377+0000] {docker.py:69} INFO -   }
[2025-03-26T13:47:41.378+0000] {docker.py:69} INFO -   [103]=>
[2025-03-26T13:47:41.378+0000] {docker.py:69} INFO -   object(stdClass)#105 (3) {
[2025-03-26T13:47:41.379+0000] {docker.py:69} INFO -     ["contador"]=>
[2025-03-26T13:47:41.379+0000] {docker.py:69} INFO -     int(1)
[2025-03-26T13:47:41.380+0000] {docker.py:69} INFO -     ["container"]=>
[2025-03-26T13:47:41.380+0000] {docker.py:69} INFO -     string(8) "php-app2"
[2025-03-26T13:47:41.381+0000] {docker.py:69} INFO -     ["timestamp"]=>
[2025-03-26T13:47:41.381+0000] {docker.py:69} INFO -     int(1742996854)
[2025-03-26T13:47:41.382+0000] {docker.py:69} INFO -   }
[2025-03-26T13:47:41.384+0000] {docker.py:69} INFO -   [104]=>
[2025-03-26T13:47:41.385+0000] {docker.py:69} INFO -   object(stdClass)#106 (3) {
[2025-03-26T13:47:41.387+0000] {docker.py:69} INFO -     ["contador"]=>
[2025-03-26T13:47:41.388+0000] {docker.py:69} INFO -     int(1)
[2025-03-26T13:47:41.389+0000] {docker.py:69} INFO -     ["container"]=>
[2025-03-26T13:47:41.389+0000] {docker.py:69} INFO -     string(8) "php-app2"
[2025-03-26T13:47:41.390+0000] {docker.py:69} INFO -     ["timestamp"]=>
[2025-03-26T13:47:41.390+0000] {docker.py:69} INFO -     int(1742996855)
[2025-03-26T13:47:41.391+0000] {docker.py:69} INFO -   }
[2025-03-26T13:47:41.391+0000] {docker.py:69} INFO -   [105]=>
[2025-03-26T13:47:41.392+0000] {docker.py:69} INFO -   object(stdClass)#107 (3) {
[2025-03-26T13:47:41.392+0000] {docker.py:69} INFO -     ["contador"]=>
[2025-03-26T13:47:41.393+0000] {docker.py:69} INFO -     int(1)
[2025-03-26T13:47:41.393+0000] {docker.py:69} INFO -     ["container"]=>
[2025-03-26T13:47:41.394+0000] {docker.py:69} INFO -     string(8) "php-app1"
[2025-03-26T13:47:41.394+0000] {docker.py:69} INFO -     ["timestamp"]=>
[2025-03-26T13:47:41.395+0000] {docker.py:69} INFO -     int(1742996856)
[2025-03-26T13:47:41.396+0000] {docker.py:69} INFO -   }
[2025-03-26T13:47:41.398+0000] {docker.py:69} INFO -   [106]=>
[2025-03-26T13:47:41.402+0000] {docker.py:69} INFO -   object(stdClass)#108 (3) {
[2025-03-26T13:47:41.403+0000] {docker.py:69} INFO -     ["contador"]=>
[2025-03-26T13:47:41.403+0000] {docker.py:69} INFO -     int(1)
[2025-03-26T13:47:41.406+0000] {docker.py:69} INFO -     ["container"]=>
[2025-03-26T13:47:41.410+0000] {docker.py:69} INFO -     string(8) "php-app1"
[2025-03-26T13:47:41.411+0000] {docker.py:69} INFO -     ["timestamp"]=>
[2025-03-26T13:47:41.416+0000] {docker.py:69} INFO -     int(1742996856)
[2025-03-26T13:47:41.417+0000] {docker.py:69} INFO -   }
[2025-03-26T13:47:41.418+0000] {docker.py:69} INFO -   [107]=>
[2025-03-26T13:47:41.419+0000] {docker.py:69} INFO -   object(stdClass)#109 (3) {
[2025-03-26T13:47:41.419+0000] {docker.py:69} INFO -     ["contador"]=>
[2025-03-26T13:47:41.420+0000] {docker.py:69} INFO -     int(1)
[2025-03-26T13:47:41.420+0000] {docker.py:69} INFO -     ["container"]=>
[2025-03-26T13:47:41.421+0000] {docker.py:69} INFO -     string(8) "php-app2"
[2025-03-26T13:47:41.421+0000] {docker.py:69} INFO -     ["timestamp"]=>
[2025-03-26T13:47:41.422+0000] {docker.py:69} INFO -     int(1742996859)
[2025-03-26T13:47:41.423+0000] {docker.py:69} INFO -   }
[2025-03-26T13:47:41.425+0000] {docker.py:69} INFO -   [108]=>
[2025-03-26T13:47:41.427+0000] {docker.py:69} INFO -   array(3) {
[2025-03-26T13:47:41.427+0000] {docker.py:69} INFO -     ["contador"]=>
[2025-03-26T13:47:41.428+0000] {docker.py:69} INFO -     int(1)
[2025-03-26T13:47:41.429+0000] {docker.py:69} INFO -     ["container"]=>
[2025-03-26T13:47:41.429+0000] {docker.py:69} INFO -     string(8) "php-app2"
[2025-03-26T13:47:41.430+0000] {docker.py:69} INFO -     ["timestamp"]=>
[2025-03-26T13:47:41.430+0000] {docker.py:69} INFO -     int(1742996860)
[2025-03-26T13:47:41.431+0000] {docker.py:69} INFO -   }
[2025-03-26T13:47:41.432+0000] {docker.py:69} INFO - }
[2025-03-26T13:47:42.421+0000] {taskinstance.py:341} INFO - ::group::Post task execution logs
[2025-03-26T13:47:42.422+0000] {taskinstance.py:353} INFO - Marking task as SUCCESS. dag_id=containers1_dag, task_id=php_app2, run_id=scheduled__2025-03-25T03:40:00+00:00, execution_date=20250325T034000, start_date=20250326T134735, end_date=20250326T134742
[2025-03-26T13:47:43.224+0000] {local_task_job_runner.py:266} INFO - Task exited with return code 0
[2025-03-26T13:47:43.408+0000] {taskinstance.py:3901} INFO - 0 downstream tasks scheduled from follow-on schedule check
[2025-03-26T13:47:43.479+0000] {local_task_job_runner.py:245} INFO - ::endgroup::
