[2025-03-26T13:48:21.269+0000] {local_task_job_runner.py:123} INFO - ::group::Pre task execution logs
[2025-03-26T13:48:21.537+0000] {taskinstance.py:2614} INFO - Dependencies all met for dep_context=non-requeueable deps ti=<TaskInstance: containers1_dag.php_app1 scheduled__2025-03-25T05:00:00+00:00 [queued]>
[2025-03-26T13:48:21.635+0000] {taskinstance.py:2614} INFO - Dependencies all met for dep_context=requeueable deps ti=<TaskInstance: containers1_dag.php_app1 scheduled__2025-03-25T05:00:00+00:00 [queued]>
[2025-03-26T13:48:21.637+0000] {taskinstance.py:2867} INFO - Starting attempt 1 of 6
[2025-03-26T13:48:21.913+0000] {taskinstance.py:2890} INFO - Executing <Task(DockerOperator): php_app1> on 2025-03-25 05:00:00+00:00
[2025-03-26T13:48:22.109+0000] {logging_mixin.py:190} WARNING - /home/***/.local/lib/python3.12/site-packages/***/task/task_runner/standard_task_runner.py:70 DeprecationWarning: This process (pid=983) is multi-threaded, use of fork() may lead to deadlocks in the child.
[2025-03-26T13:48:22.112+0000] {standard_task_runner.py:72} INFO - Started process 999 to run task
[2025-03-26T13:48:22.155+0000] {standard_task_runner.py:104} INFO - Running: ['***', 'tasks', 'run', 'containers1_dag', 'php_app1', 'scheduled__2025-03-25T05:00:00+00:00', '--job-id', '143', '--raw', '--subdir', 'DAGS_FOLDER/containers1_dag.py', '--cfg-path', '/tmp/tmp75giaqg6']
[2025-03-26T13:48:22.167+0000] {standard_task_runner.py:105} INFO - Job 143: Subtask php_app1
[2025-03-26T13:48:22.661+0000] {task_command.py:467} INFO - Running <TaskInstance: containers1_dag.php_app1 scheduled__2025-03-25T05:00:00+00:00 [running]> on host 3d581a580455
[2025-03-26T13:48:23.625+0000] {taskinstance.py:3134} INFO - Exporting env vars: AIRFLOW_CTX_DAG_OWNER='andre' AIRFLOW_CTX_DAG_ID='containers1_dag' AIRFLOW_CTX_TASK_ID='php_app1' AIRFLOW_CTX_EXECUTION_DATE='2025-03-25T05:00:00+00:00' AIRFLOW_CTX_TRY_NUMBER='1' AIRFLOW_CTX_DAG_RUN_ID='scheduled__2025-03-25T05:00:00+00:00'
[2025-03-26T13:48:23.629+0000] {taskinstance.py:732} INFO - ::endgroup::
[2025-03-26T13:48:23.981+0000] {docker.py:345} INFO - Starting docker container from image php-app1
[2025-03-26T13:48:23.985+0000] {docker.py:353} WARNING - Using remote engine or docker-in-docker and mounting temporary volume from host is not supported. Falling back to `mount_tmp_dir=False` mode. You can set `mount_tmp_dir` parameter to False to disable mounting and remove the warning
[2025-03-26T13:48:27.091+0000] {docker.py:69} INFO - array(143) {
[2025-03-26T13:48:27.115+0000] {docker.py:69} INFO -   [0]=>
[2025-03-26T13:48:27.117+0000] {docker.py:69} INFO -   object(stdClass)#2 (3) {
[2025-03-26T13:48:27.121+0000] {docker.py:69} INFO -     ["contador"]=>
[2025-03-26T13:48:27.125+0000] {docker.py:69} INFO -     int(0)
[2025-03-26T13:48:27.125+0000] {docker.py:69} INFO -     ["container"]=>
[2025-03-26T13:48:27.132+0000] {docker.py:69} INFO -     string(8) "php-app1"
[2025-03-26T13:48:27.133+0000] {docker.py:69} INFO -     ["timestamp"]=>
[2025-03-26T13:48:27.148+0000] {docker.py:69} INFO -     int(1742852307)
[2025-03-26T13:48:27.507+0000] {docker.py:69} INFO -   }
[2025-03-26T13:48:27.509+0000] {docker.py:69} INFO -   [1]=>
[2025-03-26T13:48:27.509+0000] {docker.py:69} INFO -   object(stdClass)#3 (3) {
[2025-03-26T13:48:27.510+0000] {docker.py:69} INFO -     ["contador"]=>
[2025-03-26T13:48:27.510+0000] {docker.py:69} INFO -     int(1)
[2025-03-26T13:48:27.510+0000] {docker.py:69} INFO -     ["container"]=>
[2025-03-26T13:48:27.513+0000] {docker.py:69} INFO -     string(8) "php-app2"
[2025-03-26T13:48:27.513+0000] {docker.py:69} INFO -     ["timestamp"]=>
[2025-03-26T13:48:27.513+0000] {docker.py:69} INFO -     int(1742852309)
[2025-03-26T13:48:27.514+0000] {docker.py:69} INFO -   }
[2025-03-26T13:48:27.514+0000] {docker.py:69} INFO -   [2]=>
[2025-03-26T13:48:27.515+0000] {docker.py:69} INFO -   object(stdClass)#4 (3) {
[2025-03-26T13:48:27.515+0000] {docker.py:69} INFO -     ["contador"]=>
[2025-03-26T13:48:27.515+0000] {docker.py:69} INFO -     int(1)
[2025-03-26T13:48:27.516+0000] {docker.py:69} INFO -     ["container"]=>
[2025-03-26T13:48:27.516+0000] {docker.py:69} INFO -     string(8) "php-app1"
[2025-03-26T13:48:27.517+0000] {docker.py:69} INFO -     ["timestamp"]=>
[2025-03-26T13:48:27.517+0000] {docker.py:69} INFO -     int(1742852311)
[2025-03-26T13:48:27.517+0000] {docker.py:69} INFO -   }
[2025-03-26T13:48:27.518+0000] {docker.py:69} INFO -   [3]=>
[2025-03-26T13:48:27.518+0000] {docker.py:69} INFO -   object(stdClass)#5 (3) {
[2025-03-26T13:48:27.519+0000] {docker.py:69} INFO -     ["contador"]=>
[2025-03-26T13:48:27.519+0000] {docker.py:69} INFO -     int(1)
[2025-03-26T13:48:27.520+0000] {docker.py:69} INFO -     ["container"]=>
[2025-03-26T13:48:27.520+0000] {docker.py:69} INFO -     string(8) "php-app2"
[2025-03-26T13:48:27.520+0000] {docker.py:69} INFO -     ["timestamp"]=>
[2025-03-26T13:48:27.521+0000] {docker.py:69} INFO -     int(1742852314)
[2025-03-26T13:48:27.522+0000] {docker.py:69} INFO -   }
[2025-03-26T13:48:27.522+0000] {docker.py:69} INFO -   [4]=>
[2025-03-26T13:48:27.523+0000] {docker.py:69} INFO -   object(stdClass)#6 (3) {
[2025-03-26T13:48:27.523+0000] {docker.py:69} INFO -     ["contador"]=>
[2025-03-26T13:48:27.538+0000] {docker.py:69} INFO -     int(1)
[2025-03-26T13:48:27.539+0000] {docker.py:69} INFO -     ["container"]=>
[2025-03-26T13:48:27.539+0000] {docker.py:69} INFO -     string(8) "php-app2"
[2025-03-26T13:48:27.540+0000] {docker.py:69} INFO -     ["timestamp"]=>
[2025-03-26T13:48:27.540+0000] {docker.py:69} INFO -     int(1742996301)
[2025-03-26T13:48:27.540+0000] {docker.py:69} INFO -   }
[2025-03-26T13:48:27.541+0000] {docker.py:69} INFO -   [5]=>
[2025-03-26T13:48:27.553+0000] {docker.py:69} INFO -   object(stdClass)#7 (3) {
[2025-03-26T13:48:27.553+0000] {docker.py:69} INFO -     ["contador"]=>
[2025-03-26T13:48:27.554+0000] {docker.py:69} INFO -     int(1)
[2025-03-26T13:48:27.554+0000] {docker.py:69} INFO -     ["container"]=>
[2025-03-26T13:48:27.555+0000] {docker.py:69} INFO -     string(8) "php-app1"
[2025-03-26T13:48:27.555+0000] {docker.py:69} INFO -     ["timestamp"]=>
[2025-03-26T13:48:27.555+0000] {docker.py:69} INFO -     int(1742996302)
[2025-03-26T13:48:27.556+0000] {docker.py:69} INFO -   }
[2025-03-26T13:48:27.556+0000] {docker.py:69} INFO -   [6]=>
[2025-03-26T13:48:27.557+0000] {docker.py:69} INFO -   object(stdClass)#8 (3) {
[2025-03-26T13:48:27.557+0000] {docker.py:69} INFO -     ["contador"]=>
[2025-03-26T13:48:27.557+0000] {docker.py:69} INFO -     int(1)
[2025-03-26T13:48:27.558+0000] {docker.py:69} INFO -     ["container"]=>
[2025-03-26T13:48:27.558+0000] {docker.py:69} INFO -     string(8) "php-app1"
[2025-03-26T13:48:27.558+0000] {docker.py:69} INFO -     ["timestamp"]=>
[2025-03-26T13:48:27.559+0000] {docker.py:69} INFO -     int(1742996302)
[2025-03-26T13:48:27.559+0000] {docker.py:69} INFO -   }
[2025-03-26T13:48:27.560+0000] {docker.py:69} INFO -   [7]=>
[2025-03-26T13:48:27.560+0000] {docker.py:69} INFO -   object(stdClass)#9 (3) {
[2025-03-26T13:48:27.560+0000] {docker.py:69} INFO -     ["contador"]=>
[2025-03-26T13:48:27.561+0000] {docker.py:69} INFO -     int(1)
[2025-03-26T13:48:27.561+0000] {docker.py:69} INFO -     ["container"]=>
[2025-03-26T13:48:27.562+0000] {docker.py:69} INFO -     string(8) "php-app2"
[2025-03-26T13:48:27.562+0000] {docker.py:69} INFO -     ["timestamp"]=>
[2025-03-26T13:48:27.562+0000] {docker.py:69} INFO -     int(1742996303)
[2025-03-26T13:48:27.563+0000] {docker.py:69} INFO -   }
[2025-03-26T13:48:27.563+0000] {docker.py:69} INFO -   [8]=>
[2025-03-26T13:48:27.563+0000] {docker.py:69} INFO -   object(stdClass)#10 (3) {
[2025-03-26T13:48:27.564+0000] {docker.py:69} INFO -     ["contador"]=>
[2025-03-26T13:48:27.564+0000] {docker.py:69} INFO -     int(1)
[2025-03-26T13:48:27.765+0000] {docker.py:69} INFO -     ["container"]=>
[2025-03-26T13:48:27.766+0000] {docker.py:69} INFO -     string(8) "php-app1"
[2025-03-26T13:48:27.766+0000] {docker.py:69} INFO -     ["timestamp"]=>
[2025-03-26T13:48:27.766+0000] {docker.py:69} INFO -     int(1742996304)
[2025-03-26T13:48:27.767+0000] {docker.py:69} INFO -   }
[2025-03-26T13:48:27.767+0000] {docker.py:69} INFO -   [9]=>
[2025-03-26T13:48:27.767+0000] {docker.py:69} INFO -   object(stdClass)#11 (3) {
[2025-03-26T13:48:27.768+0000] {docker.py:69} INFO -     ["contador"]=>
[2025-03-26T13:48:27.768+0000] {docker.py:69} INFO -     int(1)
[2025-03-26T13:48:27.768+0000] {docker.py:69} INFO -     ["container"]=>
[2025-03-26T13:48:27.769+0000] {docker.py:69} INFO -     string(8) "php-app2"
[2025-03-26T13:48:27.769+0000] {docker.py:69} INFO -     ["timestamp"]=>
[2025-03-26T13:48:27.770+0000] {docker.py:69} INFO -     int(1742996305)
[2025-03-26T13:48:27.770+0000] {docker.py:69} INFO -   }
[2025-03-26T13:48:27.770+0000] {docker.py:69} INFO -   [10]=>
[2025-03-26T13:48:27.771+0000] {docker.py:69} INFO -   object(stdClass)#12 (3) {
[2025-03-26T13:48:27.771+0000] {docker.py:69} INFO -     ["contador"]=>
[2025-03-26T13:48:27.772+0000] {docker.py:69} INFO -     int(1)
[2025-03-26T13:48:27.772+0000] {docker.py:69} INFO -     ["container"]=>
[2025-03-26T13:48:27.772+0000] {docker.py:69} INFO -     string(8) "php-app2"
[2025-03-26T13:48:27.773+0000] {docker.py:69} INFO -     ["timestamp"]=>
[2025-03-26T13:48:27.773+0000] {docker.py:69} INFO -     int(1742996305)
[2025-03-26T13:48:27.774+0000] {docker.py:69} INFO -   }
[2025-03-26T13:48:27.774+0000] {docker.py:69} INFO -   [11]=>
[2025-03-26T13:48:27.774+0000] {docker.py:69} INFO -   object(stdClass)#13 (3) {
[2025-03-26T13:48:27.775+0000] {docker.py:69} INFO -     ["contador"]=>
[2025-03-26T13:48:27.775+0000] {docker.py:69} INFO -     int(1)
[2025-03-26T13:48:27.775+0000] {docker.py:69} INFO -     ["container"]=>
[2025-03-26T13:48:27.776+0000] {docker.py:69} INFO -     string(8) "php-app1"
[2025-03-26T13:48:27.776+0000] {docker.py:69} INFO -     ["timestamp"]=>
[2025-03-26T13:48:27.777+0000] {docker.py:69} INFO -     int(1742996305)
[2025-03-26T13:48:27.777+0000] {docker.py:69} INFO -   }
[2025-03-26T13:48:27.777+0000] {docker.py:69} INFO -   [12]=>
[2025-03-26T13:48:27.778+0000] {docker.py:69} INFO -   object(stdClass)#14 (3) {
[2025-03-26T13:48:27.778+0000] {docker.py:69} INFO -     ["contador"]=>
[2025-03-26T13:48:27.779+0000] {docker.py:69} INFO -     int(1)
[2025-03-26T13:48:27.779+0000] {docker.py:69} INFO -     ["container"]=>
[2025-03-26T13:48:27.779+0000] {docker.py:69} INFO -     string(8) "php-app1"
[2025-03-26T13:48:27.780+0000] {docker.py:69} INFO -     ["timestamp"]=>
[2025-03-26T13:48:27.780+0000] {docker.py:69} INFO -     int(1742996309)
[2025-03-26T13:48:27.781+0000] {docker.py:69} INFO -   }
[2025-03-26T13:48:27.781+0000] {docker.py:69} INFO -   [13]=>
[2025-03-26T13:48:27.781+0000] {docker.py:69} INFO -   object(stdClass)#15 (3) {
[2025-03-26T13:48:27.782+0000] {docker.py:69} INFO -     ["contador"]=>
[2025-03-26T13:48:27.782+0000] {docker.py:69} INFO -     int(1)
[2025-03-26T13:48:27.783+0000] {docker.py:69} INFO -     ["container"]=>
[2025-03-26T13:48:27.783+0000] {docker.py:69} INFO -     string(8) "php-app1"
[2025-03-26T13:48:27.783+0000] {docker.py:69} INFO -     ["timestamp"]=>
[2025-03-26T13:48:27.784+0000] {docker.py:69} INFO -     int(1742996309)
[2025-03-26T13:48:27.784+0000] {docker.py:69} INFO -   }
[2025-03-26T13:48:27.785+0000] {docker.py:69} INFO -   [14]=>
[2025-03-26T13:48:27.785+0000] {docker.py:69} INFO -   object(stdClass)#16 (3) {
[2025-03-26T13:48:27.786+0000] {docker.py:69} INFO -     ["contador"]=>
[2025-03-26T13:48:27.786+0000] {docker.py:69} INFO -     int(1)
[2025-03-26T13:48:27.787+0000] {docker.py:69} INFO -     ["container"]=>
[2025-03-26T13:48:27.788+0000] {docker.py:69} INFO -     string(8) "php-app2"
[2025-03-26T13:48:27.788+0000] {docker.py:69} INFO -     ["timestamp"]=>
[2025-03-26T13:48:27.788+0000] {docker.py:69} INFO -     int(1742996309)
[2025-03-26T13:48:27.789+0000] {docker.py:69} INFO -   }
[2025-03-26T13:48:27.789+0000] {docker.py:69} INFO -   [15]=>
[2025-03-26T13:48:27.789+0000] {docker.py:69} INFO -   object(stdClass)#17 (3) {
[2025-03-26T13:48:27.793+0000] {docker.py:69} INFO -     ["contador"]=>
[2025-03-26T13:48:27.793+0000] {docker.py:69} INFO -     int(1)
[2025-03-26T13:48:27.794+0000] {docker.py:69} INFO -     ["container"]=>
[2025-03-26T13:48:27.794+0000] {docker.py:69} INFO -     string(8) "php-app2"
[2025-03-26T13:48:27.795+0000] {docker.py:69} INFO -     ["timestamp"]=>
[2025-03-26T13:48:27.795+0000] {docker.py:69} INFO -     int(1742996309)
[2025-03-26T13:48:27.796+0000] {docker.py:69} INFO -   }
[2025-03-26T13:48:27.797+0000] {docker.py:69} INFO -   [16]=>
[2025-03-26T13:48:27.798+0000] {docker.py:69} INFO -   object(stdClass)#18 (3) {
[2025-03-26T13:48:27.798+0000] {docker.py:69} INFO -     ["contador"]=>
[2025-03-26T13:48:27.799+0000] {docker.py:69} INFO -     int(1)
[2025-03-26T13:48:27.799+0000] {docker.py:69} INFO -     ["container"]=>
[2025-03-26T13:48:27.799+0000] {docker.py:69} INFO -     string(8) "php-app1"
[2025-03-26T13:48:27.800+0000] {docker.py:69} INFO -     ["timestamp"]=>
[2025-03-26T13:48:27.800+0000] {docker.py:69} INFO -     int(1742996310)
[2025-03-26T13:48:27.801+0000] {docker.py:69} INFO -   }
[2025-03-26T13:48:27.801+0000] {docker.py:69} INFO -   [17]=>
[2025-03-26T13:48:27.801+0000] {docker.py:69} INFO -   object(stdClass)#19 (3) {
[2025-03-26T13:48:27.802+0000] {docker.py:69} INFO -     ["contador"]=>
[2025-03-26T13:48:27.802+0000] {docker.py:69} INFO -     int(1)
[2025-03-26T13:48:27.803+0000] {docker.py:69} INFO -     ["container"]=>
[2025-03-26T13:48:27.803+0000] {docker.py:69} INFO -     string(8) "php-app2"
[2025-03-26T13:48:27.803+0000] {docker.py:69} INFO -     ["timestamp"]=>
[2025-03-26T13:48:27.804+0000] {docker.py:69} INFO -     int(1742996310)
[2025-03-26T13:48:27.804+0000] {docker.py:69} INFO -   }
[2025-03-26T13:48:27.804+0000] {docker.py:69} INFO -   [18]=>
[2025-03-26T13:48:27.805+0000] {docker.py:69} INFO -   object(stdClass)#20 (3) {
[2025-03-26T13:48:27.805+0000] {docker.py:69} INFO -     ["contador"]=>
[2025-03-26T13:48:27.806+0000] {docker.py:69} INFO -     int(1)
[2025-03-26T13:48:27.806+0000] {docker.py:69} INFO -     ["container"]=>
[2025-03-26T13:48:27.806+0000] {docker.py:69} INFO -     string(8) "php-app2"
[2025-03-26T13:48:27.807+0000] {docker.py:69} INFO -     ["timestamp"]=>
[2025-03-26T13:48:27.807+0000] {docker.py:69} INFO -     int(1742996310)
[2025-03-26T13:48:27.808+0000] {docker.py:69} INFO -   }
[2025-03-26T13:48:27.808+0000] {docker.py:69} INFO -   [19]=>
[2025-03-26T13:48:27.808+0000] {docker.py:69} INFO -   object(stdClass)#21 (3) {
[2025-03-26T13:48:27.809+0000] {docker.py:69} INFO -     ["contador"]=>
[2025-03-26T13:48:27.809+0000] {docker.py:69} INFO -     int(1)
[2025-03-26T13:48:27.810+0000] {docker.py:69} INFO -     ["container"]=>
[2025-03-26T13:48:27.810+0000] {docker.py:69} INFO -     string(8) "php-app1"
[2025-03-26T13:48:27.810+0000] {docker.py:69} INFO -     ["timestamp"]=>
[2025-03-26T13:48:27.811+0000] {docker.py:69} INFO -     int(1742996311)
[2025-03-26T13:48:27.811+0000] {docker.py:69} INFO -   }
[2025-03-26T13:48:27.812+0000] {docker.py:69} INFO -   [20]=>
[2025-03-26T13:48:27.812+0000] {docker.py:69} INFO -   object(stdClass)#22 (3) {
[2025-03-26T13:48:27.812+0000] {docker.py:69} INFO -     ["contador"]=>
[2025-03-26T13:48:27.813+0000] {docker.py:69} INFO -     int(1)
[2025-03-26T13:48:27.813+0000] {docker.py:69} INFO -     ["container"]=>
[2025-03-26T13:48:27.814+0000] {docker.py:69} INFO -     string(8) "php-app1"
[2025-03-26T13:48:27.814+0000] {docker.py:69} INFO -     ["timestamp"]=>
[2025-03-26T13:48:27.814+0000] {docker.py:69} INFO -     int(1742996311)
[2025-03-26T13:48:27.815+0000] {docker.py:69} INFO -   }
[2025-03-26T13:48:27.815+0000] {docker.py:69} INFO -   [21]=>
[2025-03-26T13:48:27.816+0000] {docker.py:69} INFO -   object(stdClass)#23 (3) {
[2025-03-26T13:48:27.817+0000] {docker.py:69} INFO -     ["contador"]=>
[2025-03-26T13:48:27.820+0000] {docker.py:69} INFO -     int(1)
[2025-03-26T13:48:27.821+0000] {docker.py:69} INFO -     ["container"]=>
[2025-03-26T13:48:27.821+0000] {docker.py:69} INFO -     string(8) "php-app2"
[2025-03-26T13:48:27.822+0000] {docker.py:69} INFO -     ["timestamp"]=>
[2025-03-26T13:48:27.822+0000] {docker.py:69} INFO -     int(1742996312)
[2025-03-26T13:48:27.823+0000] {docker.py:69} INFO -   }
[2025-03-26T13:48:27.823+0000] {docker.py:69} INFO -   [22]=>
[2025-03-26T13:48:27.824+0000] {docker.py:69} INFO -   object(stdClass)#24 (3) {
[2025-03-26T13:48:27.824+0000] {docker.py:69} INFO -     ["contador"]=>
[2025-03-26T13:48:27.824+0000] {docker.py:69} INFO -     int(1)
[2025-03-26T13:48:27.825+0000] {docker.py:69} INFO -     ["container"]=>
[2025-03-26T13:48:27.825+0000] {docker.py:69} INFO -     string(8) "php-app1"
[2025-03-26T13:48:27.826+0000] {docker.py:69} INFO -     ["timestamp"]=>
[2025-03-26T13:48:27.826+0000] {docker.py:69} INFO -     int(1742996313)
[2025-03-26T13:48:27.826+0000] {docker.py:69} INFO -   }
[2025-03-26T13:48:27.827+0000] {docker.py:69} INFO -   [23]=>
[2025-03-26T13:48:27.827+0000] {docker.py:69} INFO -   object(stdClass)#25 (3) {
[2025-03-26T13:48:27.828+0000] {docker.py:69} INFO -     ["contador"]=>
[2025-03-26T13:48:27.828+0000] {docker.py:69} INFO -     int(1)
[2025-03-26T13:48:27.829+0000] {docker.py:69} INFO -     ["container"]=>
[2025-03-26T13:48:27.829+0000] {docker.py:69} INFO -     string(8) "php-app1"
[2025-03-26T13:48:27.829+0000] {docker.py:69} INFO -     ["timestamp"]=>
[2025-03-26T13:48:27.830+0000] {docker.py:69} INFO -     int(1742996751)
[2025-03-26T13:48:27.830+0000] {docker.py:69} INFO -   }
[2025-03-26T13:48:27.831+0000] {docker.py:69} INFO -   [24]=>
[2025-03-26T13:48:27.831+0000] {docker.py:69} INFO -   object(stdClass)#26 (3) {
[2025-03-26T13:48:27.831+0000] {docker.py:69} INFO -     ["contador"]=>
[2025-03-26T13:48:27.832+0000] {docker.py:69} INFO -     int(1)
[2025-03-26T13:48:27.832+0000] {docker.py:69} INFO -     ["container"]=>
[2025-03-26T13:48:27.833+0000] {docker.py:69} INFO -     string(8) "php-app2"
[2025-03-26T13:48:27.833+0000] {docker.py:69} INFO -     ["timestamp"]=>
[2025-03-26T13:48:27.834+0000] {docker.py:69} INFO -     int(1742996751)
[2025-03-26T13:48:27.834+0000] {docker.py:69} INFO -   }
[2025-03-26T13:48:27.835+0000] {docker.py:69} INFO -   [25]=>
[2025-03-26T13:48:27.835+0000] {docker.py:69} INFO -   object(stdClass)#27 (3) {
[2025-03-26T13:48:27.835+0000] {docker.py:69} INFO -     ["contador"]=>
[2025-03-26T13:48:27.836+0000] {docker.py:69} INFO -     int(1)
[2025-03-26T13:48:27.836+0000] {docker.py:69} INFO -     ["container"]=>
[2025-03-26T13:48:27.837+0000] {docker.py:69} INFO -     string(8) "php-app2"
[2025-03-26T13:48:27.837+0000] {docker.py:69} INFO -     ["timestamp"]=>
[2025-03-26T13:48:27.838+0000] {docker.py:69} INFO -     int(1742996756)
[2025-03-26T13:48:27.838+0000] {docker.py:69} INFO -   }
[2025-03-26T13:48:27.838+0000] {docker.py:69} INFO -   [26]=>
[2025-03-26T13:48:27.839+0000] {docker.py:69} INFO -   object(stdClass)#28 (3) {
[2025-03-26T13:48:27.839+0000] {docker.py:69} INFO -     ["contador"]=>
[2025-03-26T13:48:27.840+0000] {docker.py:69} INFO -     int(1)
[2025-03-26T13:48:27.840+0000] {docker.py:69} INFO -     ["container"]=>
[2025-03-26T13:48:27.840+0000] {docker.py:69} INFO -     string(8) "php-app1"
[2025-03-26T13:48:27.841+0000] {docker.py:69} INFO -     ["timestamp"]=>
[2025-03-26T13:48:27.841+0000] {docker.py:69} INFO -     int(1742996756)
[2025-03-26T13:48:27.842+0000] {docker.py:69} INFO -   }
[2025-03-26T13:48:27.842+0000] {docker.py:69} INFO -   [27]=>
[2025-03-26T13:48:27.842+0000] {docker.py:69} INFO -   object(stdClass)#29 (3) {
[2025-03-26T13:48:27.843+0000] {docker.py:69} INFO -     ["contador"]=>
[2025-03-26T13:48:27.843+0000] {docker.py:69} INFO -     int(1)
[2025-03-26T13:48:27.844+0000] {docker.py:69} INFO -     ["container"]=>
[2025-03-26T13:48:27.844+0000] {docker.py:69} INFO -     string(8) "php-app1"
[2025-03-26T13:48:27.844+0000] {docker.py:69} INFO -     ["timestamp"]=>
[2025-03-26T13:48:27.845+0000] {docker.py:69} INFO -     int(1742996757)
[2025-03-26T13:48:27.845+0000] {docker.py:69} INFO -   }
[2025-03-26T13:48:27.846+0000] {docker.py:69} INFO -   [28]=>
[2025-03-26T13:48:27.846+0000] {docker.py:69} INFO -   object(stdClass)#30 (3) {
[2025-03-26T13:48:27.846+0000] {docker.py:69} INFO -     ["contador"]=>
[2025-03-26T13:48:27.847+0000] {docker.py:69} INFO -     int(1)
[2025-03-26T13:48:27.847+0000] {docker.py:69} INFO -     ["container"]=>
[2025-03-26T13:48:27.848+0000] {docker.py:69} INFO -     string(8) "php-app2"
[2025-03-26T13:48:27.850+0000] {docker.py:69} INFO -     ["timestamp"]=>
[2025-03-26T13:48:27.851+0000] {docker.py:69} INFO -     int(1742996757)
[2025-03-26T13:48:27.851+0000] {docker.py:69} INFO -   }
[2025-03-26T13:48:27.852+0000] {docker.py:69} INFO -   [29]=>
[2025-03-26T13:48:27.852+0000] {docker.py:69} INFO -   object(stdClass)#31 (3) {
[2025-03-26T13:48:27.853+0000] {docker.py:69} INFO -     ["contador"]=>
[2025-03-26T13:48:27.853+0000] {docker.py:69} INFO -     int(1)
[2025-03-26T13:48:27.854+0000] {docker.py:69} INFO -     ["container"]=>
[2025-03-26T13:48:27.854+0000] {docker.py:69} INFO -     string(8) "php-app2"
[2025-03-26T13:48:27.855+0000] {docker.py:69} INFO -     ["timestamp"]=>
[2025-03-26T13:48:27.855+0000] {docker.py:69} INFO -     int(1742996758)
[2025-03-26T13:48:27.856+0000] {docker.py:69} INFO -   }
[2025-03-26T13:48:27.856+0000] {docker.py:69} INFO -   [30]=>
[2025-03-26T13:48:27.857+0000] {docker.py:69} INFO -   object(stdClass)#32 (3) {
[2025-03-26T13:48:27.857+0000] {docker.py:69} INFO -     ["contador"]=>
[2025-03-26T13:48:27.858+0000] {docker.py:69} INFO -     int(1)
[2025-03-26T13:48:27.858+0000] {docker.py:69} INFO -     ["container"]=>
[2025-03-26T13:48:27.859+0000] {docker.py:69} INFO -     string(8) "php-app1"
[2025-03-26T13:48:27.859+0000] {docker.py:69} INFO -     ["timestamp"]=>
[2025-03-26T13:48:27.860+0000] {docker.py:69} INFO -     int(1742996760)
[2025-03-26T13:48:27.860+0000] {docker.py:69} INFO -   }
[2025-03-26T13:48:27.860+0000] {docker.py:69} INFO -   [31]=>
[2025-03-26T13:48:27.861+0000] {docker.py:69} INFO -   object(stdClass)#33 (3) {
[2025-03-26T13:48:27.861+0000] {docker.py:69} INFO -     ["contador"]=>
[2025-03-26T13:48:27.862+0000] {docker.py:69} INFO -     int(1)
[2025-03-26T13:48:27.862+0000] {docker.py:69} INFO -     ["container"]=>
[2025-03-26T13:48:27.863+0000] {docker.py:69} INFO -     string(8) "php-app2"
[2025-03-26T13:48:27.863+0000] {docker.py:69} INFO -     ["timestamp"]=>
[2025-03-26T13:48:27.864+0000] {docker.py:69} INFO -     int(1742996760)
[2025-03-26T13:48:27.865+0000] {docker.py:69} INFO -   }
[2025-03-26T13:48:27.866+0000] {docker.py:69} INFO -   [32]=>
[2025-03-26T13:48:27.867+0000] {docker.py:69} INFO -   object(stdClass)#34 (3) {
[2025-03-26T13:48:27.867+0000] {docker.py:69} INFO -     ["contador"]=>
[2025-03-26T13:48:27.868+0000] {docker.py:69} INFO -     int(1)
[2025-03-26T13:48:27.868+0000] {docker.py:69} INFO -     ["container"]=>
[2025-03-26T13:48:27.869+0000] {docker.py:69} INFO -     string(8) "php-app2"
[2025-03-26T13:48:27.870+0000] {docker.py:69} INFO -     ["timestamp"]=>
[2025-03-26T13:48:27.870+0000] {docker.py:69} INFO -     int(1742996761)
[2025-03-26T13:48:27.871+0000] {docker.py:69} INFO -   }
[2025-03-26T13:48:27.871+0000] {docker.py:69} INFO -   [33]=>
[2025-03-26T13:48:27.872+0000] {docker.py:69} INFO -   object(stdClass)#35 (3) {
[2025-03-26T13:48:27.872+0000] {docker.py:69} INFO -     ["contador"]=>
[2025-03-26T13:48:27.872+0000] {docker.py:69} INFO -     int(1)
[2025-03-26T13:48:27.873+0000] {docker.py:69} INFO -     ["container"]=>
[2025-03-26T13:48:27.873+0000] {docker.py:69} INFO -     string(8) "php-app1"
[2025-03-26T13:48:27.874+0000] {docker.py:69} INFO -     ["timestamp"]=>
[2025-03-26T13:48:27.874+0000] {docker.py:69} INFO -     int(1742996762)
[2025-03-26T13:48:27.875+0000] {docker.py:69} INFO -   }
[2025-03-26T13:48:27.876+0000] {docker.py:69} INFO -   [34]=>
[2025-03-26T13:48:27.876+0000] {docker.py:69} INFO -   object(stdClass)#36 (3) {
[2025-03-26T13:48:27.876+0000] {docker.py:69} INFO -     ["contador"]=>
[2025-03-26T13:48:27.877+0000] {docker.py:69} INFO -     int(1)
[2025-03-26T13:48:27.877+0000] {docker.py:69} INFO -     ["container"]=>
[2025-03-26T13:48:27.877+0000] {docker.py:69} INFO -     string(8) "php-app2"
[2025-03-26T13:48:27.878+0000] {docker.py:69} INFO -     ["timestamp"]=>
[2025-03-26T13:48:27.878+0000] {docker.py:69} INFO -     int(1742996762)
[2025-03-26T13:48:27.878+0000] {docker.py:69} INFO -   }
[2025-03-26T13:48:27.879+0000] {docker.py:69} INFO -   [35]=>
[2025-03-26T13:48:27.879+0000] {docker.py:69} INFO -   object(stdClass)#37 (3) {
[2025-03-26T13:48:27.880+0000] {docker.py:69} INFO -     ["contador"]=>
[2025-03-26T13:48:27.880+0000] {docker.py:69} INFO -     int(1)
[2025-03-26T13:48:27.880+0000] {docker.py:69} INFO -     ["container"]=>
[2025-03-26T13:48:27.881+0000] {docker.py:69} INFO -     string(8) "php-app1"
[2025-03-26T13:48:27.881+0000] {docker.py:69} INFO -     ["timestamp"]=>
[2025-03-26T13:48:27.882+0000] {docker.py:69} INFO -     int(1742996763)
[2025-03-26T13:48:27.882+0000] {docker.py:69} INFO -   }
[2025-03-26T13:48:27.882+0000] {docker.py:69} INFO -   [36]=>
[2025-03-26T13:48:27.883+0000] {docker.py:69} INFO -   object(stdClass)#38 (3) {
[2025-03-26T13:48:27.883+0000] {docker.py:69} INFO -     ["contador"]=>
[2025-03-26T13:48:27.883+0000] {docker.py:69} INFO -     int(1)
[2025-03-26T13:48:27.884+0000] {docker.py:69} INFO -     ["container"]=>
[2025-03-26T13:48:27.884+0000] {docker.py:69} INFO -     string(8) "php-app1"
[2025-03-26T13:48:27.884+0000] {docker.py:69} INFO -     ["timestamp"]=>
[2025-03-26T13:48:27.885+0000] {docker.py:69} INFO -     int(1742996763)
[2025-03-26T13:48:27.885+0000] {docker.py:69} INFO -   }
[2025-03-26T13:48:27.886+0000] {docker.py:69} INFO -   [37]=>
[2025-03-26T13:48:27.886+0000] {docker.py:69} INFO -   object(stdClass)#39 (3) {
[2025-03-26T13:48:27.886+0000] {docker.py:69} INFO -     ["contador"]=>
[2025-03-26T13:48:27.887+0000] {docker.py:69} INFO -     int(1)
[2025-03-26T13:48:27.887+0000] {docker.py:69} INFO -     ["container"]=>
[2025-03-26T13:48:27.888+0000] {docker.py:69} INFO -     string(8) "php-app2"
[2025-03-26T13:48:27.888+0000] {docker.py:69} INFO -     ["timestamp"]=>
[2025-03-26T13:48:27.889+0000] {docker.py:69} INFO -     int(1742996771)
[2025-03-26T13:48:27.889+0000] {docker.py:69} INFO -   }
[2025-03-26T13:48:27.889+0000] {docker.py:69} INFO -   [38]=>
[2025-03-26T13:48:27.894+0000] {docker.py:69} INFO -   object(stdClass)#40 (3) {
[2025-03-26T13:48:27.894+0000] {docker.py:69} INFO -     ["contador"]=>
[2025-03-26T13:48:27.895+0000] {docker.py:69} INFO -     int(1)
[2025-03-26T13:48:27.909+0000] {docker.py:69} INFO -     ["container"]=>
[2025-03-26T13:48:27.910+0000] {docker.py:69} INFO -     string(8) "php-app2"
[2025-03-26T13:48:27.911+0000] {docker.py:69} INFO -     ["timestamp"]=>
[2025-03-26T13:48:27.911+0000] {docker.py:69} INFO -     int(1742996773)
[2025-03-26T13:48:27.912+0000] {docker.py:69} INFO -   }
[2025-03-26T13:48:27.912+0000] {docker.py:69} INFO -   [39]=>
[2025-03-26T13:48:27.913+0000] {docker.py:69} INFO -   object(stdClass)#41 (3) {
[2025-03-26T13:48:27.913+0000] {docker.py:69} INFO -     ["contador"]=>
[2025-03-26T13:48:27.913+0000] {docker.py:69} INFO -     int(1)
[2025-03-26T13:48:27.914+0000] {docker.py:69} INFO -     ["container"]=>
[2025-03-26T13:48:27.914+0000] {docker.py:69} INFO -     string(8) "php-app1"
[2025-03-26T13:48:27.915+0000] {docker.py:69} INFO -     ["timestamp"]=>
[2025-03-26T13:48:27.915+0000] {docker.py:69} INFO -     int(1742996773)
[2025-03-26T13:48:27.916+0000] {docker.py:69} INFO -   }
[2025-03-26T13:48:27.916+0000] {docker.py:69} INFO -   [40]=>
[2025-03-26T13:48:27.917+0000] {docker.py:69} INFO -   object(stdClass)#42 (3) {
[2025-03-26T13:48:27.917+0000] {docker.py:69} INFO -     ["contador"]=>
[2025-03-26T13:48:27.917+0000] {docker.py:69} INFO -     int(1)
[2025-03-26T13:48:27.918+0000] {docker.py:69} INFO -     ["container"]=>
[2025-03-26T13:48:27.918+0000] {docker.py:69} INFO -     string(8) "php-app1"
[2025-03-26T13:48:27.919+0000] {docker.py:69} INFO -     ["timestamp"]=>
[2025-03-26T13:48:27.919+0000] {docker.py:69} INFO -     int(1742996775)
[2025-03-26T13:48:27.920+0000] {docker.py:69} INFO -   }
[2025-03-26T13:48:27.920+0000] {docker.py:69} INFO -   [41]=>
[2025-03-26T13:48:27.921+0000] {docker.py:69} INFO -   object(stdClass)#43 (3) {
[2025-03-26T13:48:27.921+0000] {docker.py:69} INFO -     ["contador"]=>
[2025-03-26T13:48:27.922+0000] {docker.py:69} INFO -     int(1)
[2025-03-26T13:48:27.923+0000] {docker.py:69} INFO -     ["container"]=>
[2025-03-26T13:48:27.923+0000] {docker.py:69} INFO -     string(8) "php-app2"
[2025-03-26T13:48:27.925+0000] {docker.py:69} INFO -     ["timestamp"]=>
[2025-03-26T13:48:27.926+0000] {docker.py:69} INFO -     int(1742996775)
[2025-03-26T13:48:27.928+0000] {docker.py:69} INFO -   }
[2025-03-26T13:48:27.928+0000] {docker.py:69} INFO -   [42]=>
[2025-03-26T13:48:27.929+0000] {docker.py:69} INFO -   object(stdClass)#44 (3) {
[2025-03-26T13:48:27.930+0000] {docker.py:69} INFO -     ["contador"]=>
[2025-03-26T13:48:27.931+0000] {docker.py:69} INFO -     int(1)
[2025-03-26T13:48:27.931+0000] {docker.py:69} INFO -     ["container"]=>
[2025-03-26T13:48:27.932+0000] {docker.py:69} INFO -     string(8) "php-app2"
[2025-03-26T13:48:27.932+0000] {docker.py:69} INFO -     ["timestamp"]=>
[2025-03-26T13:48:27.933+0000] {docker.py:69} INFO -     int(1742996775)
[2025-03-26T13:48:27.934+0000] {docker.py:69} INFO -   }
[2025-03-26T13:48:27.936+0000] {docker.py:69} INFO -   [43]=>
[2025-03-26T13:48:27.937+0000] {docker.py:69} INFO -   object(stdClass)#45 (3) {
[2025-03-26T13:48:27.937+0000] {docker.py:69} INFO -     ["contador"]=>
[2025-03-26T13:48:27.938+0000] {docker.py:69} INFO -     int(1)
[2025-03-26T13:48:27.938+0000] {docker.py:69} INFO -     ["container"]=>
[2025-03-26T13:48:27.939+0000] {docker.py:69} INFO -     string(8) "php-app1"
[2025-03-26T13:48:27.939+0000] {docker.py:69} INFO -     ["timestamp"]=>
[2025-03-26T13:48:27.958+0000] {docker.py:69} INFO -     int(1742996777)
[2025-03-26T13:48:27.965+0000] {docker.py:69} INFO -   }
[2025-03-26T13:48:27.966+0000] {docker.py:69} INFO -   [44]=>
[2025-03-26T13:48:27.966+0000] {docker.py:69} INFO -   object(stdClass)#46 (3) {
[2025-03-26T13:48:27.967+0000] {docker.py:69} INFO -     ["contador"]=>
[2025-03-26T13:48:27.971+0000] {docker.py:69} INFO -     int(1)
[2025-03-26T13:48:27.972+0000] {docker.py:69} INFO -     ["container"]=>
[2025-03-26T13:48:27.976+0000] {docker.py:69} INFO -     string(8) "php-app1"
[2025-03-26T13:48:27.976+0000] {docker.py:69} INFO -     ["timestamp"]=>
[2025-03-26T13:48:27.977+0000] {docker.py:69} INFO -     int(1742996779)
[2025-03-26T13:48:27.977+0000] {docker.py:69} INFO -   }
[2025-03-26T13:48:27.978+0000] {docker.py:69} INFO -   [45]=>
[2025-03-26T13:48:27.981+0000] {docker.py:69} INFO -   object(stdClass)#47 (3) {
[2025-03-26T13:48:27.982+0000] {docker.py:69} INFO -     ["contador"]=>
[2025-03-26T13:48:27.982+0000] {docker.py:69} INFO -     int(1)
[2025-03-26T13:48:27.983+0000] {docker.py:69} INFO -     ["container"]=>
[2025-03-26T13:48:27.983+0000] {docker.py:69} INFO -     string(8) "php-app2"
[2025-03-26T13:48:27.986+0000] {docker.py:69} INFO -     ["timestamp"]=>
[2025-03-26T13:48:27.987+0000] {docker.py:69} INFO -     int(1742996779)
[2025-03-26T13:48:27.988+0000] {docker.py:69} INFO -   }
[2025-03-26T13:48:27.988+0000] {docker.py:69} INFO -   [46]=>
[2025-03-26T13:48:27.989+0000] {docker.py:69} INFO -   object(stdClass)#48 (3) {
[2025-03-26T13:48:27.989+0000] {docker.py:69} INFO -     ["contador"]=>
[2025-03-26T13:48:27.990+0000] {docker.py:69} INFO -     int(1)
[2025-03-26T13:48:27.990+0000] {docker.py:69} INFO -     ["container"]=>
[2025-03-26T13:48:27.990+0000] {docker.py:69} INFO -     string(8) "php-app1"
[2025-03-26T13:48:27.991+0000] {docker.py:69} INFO -     ["timestamp"]=>
[2025-03-26T13:48:27.991+0000] {docker.py:69} INFO -     int(1742996781)
[2025-03-26T13:48:27.992+0000] {docker.py:69} INFO -   }
[2025-03-26T13:48:27.992+0000] {docker.py:69} INFO -   [47]=>
[2025-03-26T13:48:27.992+0000] {docker.py:69} INFO -   object(stdClass)#49 (3) {
[2025-03-26T13:48:27.993+0000] {docker.py:69} INFO -     ["contador"]=>
[2025-03-26T13:48:27.994+0000] {docker.py:69} INFO -     int(1)
[2025-03-26T13:48:27.994+0000] {docker.py:69} INFO -     ["container"]=>
[2025-03-26T13:48:27.995+0000] {docker.py:69} INFO -     string(8) "php-app1"
[2025-03-26T13:48:27.995+0000] {docker.py:69} INFO -     ["timestamp"]=>
[2025-03-26T13:48:27.996+0000] {docker.py:69} INFO -     int(1742996781)
[2025-03-26T13:48:27.996+0000] {docker.py:69} INFO -   }
[2025-03-26T13:48:27.997+0000] {docker.py:69} INFO -   [48]=>
[2025-03-26T13:48:27.997+0000] {docker.py:69} INFO -   object(stdClass)#50 (3) {
[2025-03-26T13:48:27.998+0000] {docker.py:69} INFO -     ["contador"]=>
[2025-03-26T13:48:27.998+0000] {docker.py:69} INFO -     int(1)
[2025-03-26T13:48:27.999+0000] {docker.py:69} INFO -     ["container"]=>
[2025-03-26T13:48:28.001+0000] {docker.py:69} INFO -     string(8) "php-app2"
[2025-03-26T13:48:28.005+0000] {docker.py:69} INFO -     ["timestamp"]=>
[2025-03-26T13:48:28.005+0000] {docker.py:69} INFO -     int(1742996781)
[2025-03-26T13:48:28.005+0000] {docker.py:69} INFO -   }
[2025-03-26T13:48:28.006+0000] {docker.py:69} INFO -   [49]=>
[2025-03-26T13:48:28.006+0000] {docker.py:69} INFO -   object(stdClass)#51 (3) {
[2025-03-26T13:48:28.007+0000] {docker.py:69} INFO -     ["contador"]=>
[2025-03-26T13:48:28.007+0000] {docker.py:69} INFO -     int(1)
[2025-03-26T13:48:28.007+0000] {docker.py:69} INFO -     ["container"]=>
[2025-03-26T13:48:28.008+0000] {docker.py:69} INFO -     string(8) "php-app1"
[2025-03-26T13:48:28.008+0000] {docker.py:69} INFO -     ["timestamp"]=>
[2025-03-26T13:48:28.008+0000] {docker.py:69} INFO -     int(1742996783)
[2025-03-26T13:48:28.009+0000] {docker.py:69} INFO -   }
[2025-03-26T13:48:28.009+0000] {docker.py:69} INFO -   [50]=>
[2025-03-26T13:48:28.009+0000] {docker.py:69} INFO -   object(stdClass)#52 (3) {
[2025-03-26T13:48:28.010+0000] {docker.py:69} INFO -     ["contador"]=>
[2025-03-26T13:48:28.010+0000] {docker.py:69} INFO -     int(1)
[2025-03-26T13:48:28.011+0000] {docker.py:69} INFO -     ["container"]=>
[2025-03-26T13:48:28.011+0000] {docker.py:69} INFO -     string(8) "php-app2"
[2025-03-26T13:48:28.012+0000] {docker.py:69} INFO -     ["timestamp"]=>
[2025-03-26T13:48:28.012+0000] {docker.py:69} INFO -     int(1742996783)
[2025-03-26T13:48:28.012+0000] {docker.py:69} INFO -   }
[2025-03-26T13:48:28.013+0000] {docker.py:69} INFO -   [51]=>
[2025-03-26T13:48:28.013+0000] {docker.py:69} INFO -   object(stdClass)#53 (3) {
[2025-03-26T13:48:28.014+0000] {docker.py:69} INFO -     ["contador"]=>
[2025-03-26T13:48:28.014+0000] {docker.py:69} INFO -     int(1)
[2025-03-26T13:48:28.015+0000] {docker.py:69} INFO -     ["container"]=>
[2025-03-26T13:48:28.015+0000] {docker.py:69} INFO -     string(8) "php-app1"
[2025-03-26T13:48:28.015+0000] {docker.py:69} INFO -     ["timestamp"]=>
[2025-03-26T13:48:28.016+0000] {docker.py:69} INFO -     int(1742996783)
[2025-03-26T13:48:28.016+0000] {docker.py:69} INFO -   }
[2025-03-26T13:48:28.017+0000] {docker.py:69} INFO -   [52]=>
[2025-03-26T13:48:28.017+0000] {docker.py:69} INFO -   object(stdClass)#54 (3) {
[2025-03-26T13:48:28.018+0000] {docker.py:69} INFO -     ["contador"]=>
[2025-03-26T13:48:28.018+0000] {docker.py:69} INFO -     int(1)
[2025-03-26T13:48:28.019+0000] {docker.py:69} INFO -     ["container"]=>
[2025-03-26T13:48:28.020+0000] {docker.py:69} INFO -     string(8) "php-app2"
[2025-03-26T13:48:28.020+0000] {docker.py:69} INFO -     ["timestamp"]=>
[2025-03-26T13:48:28.021+0000] {docker.py:69} INFO -     int(1742996785)
[2025-03-26T13:48:28.021+0000] {docker.py:69} INFO -   }
[2025-03-26T13:48:28.022+0000] {docker.py:69} INFO -   [53]=>
[2025-03-26T13:48:28.022+0000] {docker.py:69} INFO -   object(stdClass)#55 (3) {
[2025-03-26T13:48:28.023+0000] {docker.py:69} INFO -     ["contador"]=>
[2025-03-26T13:48:28.023+0000] {docker.py:69} INFO -     int(1)
[2025-03-26T13:48:28.023+0000] {docker.py:69} INFO -     ["container"]=>
[2025-03-26T13:48:28.024+0000] {docker.py:69} INFO -     string(8) "php-app2"
[2025-03-26T13:48:28.026+0000] {docker.py:69} INFO -     ["timestamp"]=>
[2025-03-26T13:48:28.026+0000] {docker.py:69} INFO -     int(1742996789)
[2025-03-26T13:48:28.027+0000] {docker.py:69} INFO -   }
[2025-03-26T13:48:28.027+0000] {docker.py:69} INFO -   [54]=>
[2025-03-26T13:48:28.028+0000] {docker.py:69} INFO -   object(stdClass)#56 (3) {
[2025-03-26T13:48:28.028+0000] {docker.py:69} INFO -     ["contador"]=>
[2025-03-26T13:48:28.029+0000] {docker.py:69} INFO -     int(1)
[2025-03-26T13:48:28.029+0000] {docker.py:69} INFO -     ["container"]=>
[2025-03-26T13:48:28.029+0000] {docker.py:69} INFO -     string(8) "php-app1"
[2025-03-26T13:48:28.030+0000] {docker.py:69} INFO -     ["timestamp"]=>
[2025-03-26T13:48:28.030+0000] {docker.py:69} INFO -     int(1742996790)
[2025-03-26T13:48:28.031+0000] {docker.py:69} INFO -   }
[2025-03-26T13:48:28.031+0000] {docker.py:69} INFO -   [55]=>
[2025-03-26T13:48:28.032+0000] {docker.py:69} INFO -   object(stdClass)#57 (3) {
[2025-03-26T13:48:28.032+0000] {docker.py:69} INFO -     ["contador"]=>
[2025-03-26T13:48:28.033+0000] {docker.py:69} INFO -     int(1)
[2025-03-26T13:48:28.034+0000] {docker.py:69} INFO -     ["container"]=>
[2025-03-26T13:48:28.034+0000] {docker.py:69} INFO -     string(8) "php-app1"
[2025-03-26T13:48:28.035+0000] {docker.py:69} INFO -     ["timestamp"]=>
[2025-03-26T13:48:28.038+0000] {docker.py:69} INFO -     int(1742996790)
[2025-03-26T13:48:28.038+0000] {docker.py:69} INFO -   }
[2025-03-26T13:48:28.039+0000] {docker.py:69} INFO -   [56]=>
[2025-03-26T13:48:28.039+0000] {docker.py:69} INFO -   object(stdClass)#58 (3) {
[2025-03-26T13:48:28.040+0000] {docker.py:69} INFO -     ["contador"]=>
[2025-03-26T13:48:28.040+0000] {docker.py:69} INFO -     int(1)
[2025-03-26T13:48:28.040+0000] {docker.py:69} INFO -     ["container"]=>
[2025-03-26T13:48:28.041+0000] {docker.py:69} INFO -     string(8) "php-app2"
[2025-03-26T13:48:28.041+0000] {docker.py:69} INFO -     ["timestamp"]=>
[2025-03-26T13:48:28.041+0000] {docker.py:69} INFO -     int(1742996790)
[2025-03-26T13:48:28.042+0000] {docker.py:69} INFO -   }
[2025-03-26T13:48:28.042+0000] {docker.py:69} INFO -   [57]=>
[2025-03-26T13:48:28.043+0000] {docker.py:69} INFO -   object(stdClass)#59 (3) {
[2025-03-26T13:48:28.043+0000] {docker.py:69} INFO -     ["contador"]=>
[2025-03-26T13:48:28.043+0000] {docker.py:69} INFO -     int(1)
[2025-03-26T13:48:28.044+0000] {docker.py:69} INFO -     ["container"]=>
[2025-03-26T13:48:28.044+0000] {docker.py:69} INFO -     string(8) "php-app2"
[2025-03-26T13:48:28.045+0000] {docker.py:69} INFO -     ["timestamp"]=>
[2025-03-26T13:48:28.045+0000] {docker.py:69} INFO -     int(1742996791)
[2025-03-26T13:48:28.045+0000] {docker.py:69} INFO -   }
[2025-03-26T13:48:28.046+0000] {docker.py:69} INFO -   [58]=>
[2025-03-26T13:48:28.046+0000] {docker.py:69} INFO -   object(stdClass)#60 (3) {
[2025-03-26T13:48:28.046+0000] {docker.py:69} INFO -     ["contador"]=>
[2025-03-26T13:48:28.047+0000] {docker.py:69} INFO -     int(1)
[2025-03-26T13:48:28.047+0000] {docker.py:69} INFO -     ["container"]=>
[2025-03-26T13:48:28.047+0000] {docker.py:69} INFO -     string(8) "php-app1"
[2025-03-26T13:48:28.048+0000] {docker.py:69} INFO -     ["timestamp"]=>
[2025-03-26T13:48:28.048+0000] {docker.py:69} INFO -     int(1742996792)
[2025-03-26T13:48:28.049+0000] {docker.py:69} INFO -   }
[2025-03-26T13:48:28.049+0000] {docker.py:69} INFO -   [59]=>
[2025-03-26T13:48:28.049+0000] {docker.py:69} INFO -   object(stdClass)#61 (3) {
[2025-03-26T13:48:28.050+0000] {docker.py:69} INFO -     ["contador"]=>
[2025-03-26T13:48:28.050+0000] {docker.py:69} INFO -     int(1)
[2025-03-26T13:48:28.050+0000] {docker.py:69} INFO -     ["container"]=>
[2025-03-26T13:48:28.051+0000] {docker.py:69} INFO -     string(8) "php-app1"
[2025-03-26T13:48:28.051+0000] {docker.py:69} INFO -     ["timestamp"]=>
[2025-03-26T13:48:28.051+0000] {docker.py:69} INFO -     int(1742996793)
[2025-03-26T13:48:28.052+0000] {docker.py:69} INFO -   }
[2025-03-26T13:48:28.052+0000] {docker.py:69} INFO -   [60]=>
[2025-03-26T13:48:28.053+0000] {docker.py:69} INFO -   object(stdClass)#62 (3) {
[2025-03-26T13:48:28.053+0000] {docker.py:69} INFO -     ["contador"]=>
[2025-03-26T13:48:28.053+0000] {docker.py:69} INFO -     int(1)
[2025-03-26T13:48:28.054+0000] {docker.py:69} INFO -     ["container"]=>
[2025-03-26T13:48:28.054+0000] {docker.py:69} INFO -     string(8) "php-app2"
[2025-03-26T13:48:28.055+0000] {docker.py:69} INFO -     ["timestamp"]=>
[2025-03-26T13:48:28.055+0000] {docker.py:69} INFO -     int(1742996794)
[2025-03-26T13:48:28.055+0000] {docker.py:69} INFO -   }
[2025-03-26T13:48:28.056+0000] {docker.py:69} INFO -   [61]=>
[2025-03-26T13:48:28.056+0000] {docker.py:69} INFO -   object(stdClass)#63 (3) {
[2025-03-26T13:48:28.058+0000] {docker.py:69} INFO -     ["contador"]=>
[2025-03-26T13:48:28.058+0000] {docker.py:69} INFO -     int(1)
[2025-03-26T13:48:28.058+0000] {docker.py:69} INFO -     ["container"]=>
[2025-03-26T13:48:28.059+0000] {docker.py:69} INFO -     string(8) "php-app1"
[2025-03-26T13:48:28.059+0000] {docker.py:69} INFO -     ["timestamp"]=>
[2025-03-26T13:48:28.060+0000] {docker.py:69} INFO -     int(1742996795)
[2025-03-26T13:48:28.060+0000] {docker.py:69} INFO -   }
[2025-03-26T13:48:28.107+0000] {docker.py:69} INFO -   [62]=>
[2025-03-26T13:48:28.108+0000] {docker.py:69} INFO -   object(stdClass)#64 (3) {
[2025-03-26T13:48:28.108+0000] {docker.py:69} INFO -     ["contador"]=>
[2025-03-26T13:48:28.108+0000] {docker.py:69} INFO -     int(1)
[2025-03-26T13:48:28.112+0000] {docker.py:69} INFO -     ["container"]=>
[2025-03-26T13:48:28.113+0000] {docker.py:69} INFO -     string(8) "php-app1"
[2025-03-26T13:48:28.113+0000] {docker.py:69} INFO -     ["timestamp"]=>
[2025-03-26T13:48:28.113+0000] {docker.py:69} INFO -     int(1742996797)
[2025-03-26T13:48:28.114+0000] {docker.py:69} INFO -   }
[2025-03-26T13:48:28.114+0000] {docker.py:69} INFO -   [63]=>
[2025-03-26T13:48:28.115+0000] {docker.py:69} INFO -   object(stdClass)#65 (3) {
[2025-03-26T13:48:28.115+0000] {docker.py:69} INFO -     ["contador"]=>
[2025-03-26T13:48:28.116+0000] {docker.py:69} INFO -     int(1)
[2025-03-26T13:48:28.116+0000] {docker.py:69} INFO -     ["container"]=>
[2025-03-26T13:48:28.117+0000] {docker.py:69} INFO -     string(8) "php-app2"
[2025-03-26T13:48:28.117+0000] {docker.py:69} INFO -     ["timestamp"]=>
[2025-03-26T13:48:28.117+0000] {docker.py:69} INFO -     int(1742996797)
[2025-03-26T13:48:28.118+0000] {docker.py:69} INFO -   }
[2025-03-26T13:48:28.120+0000] {docker.py:69} INFO -   [64]=>
[2025-03-26T13:48:28.121+0000] {docker.py:69} INFO -   object(stdClass)#66 (3) {
[2025-03-26T13:48:28.121+0000] {docker.py:69} INFO -     ["contador"]=>
[2025-03-26T13:48:28.122+0000] {docker.py:69} INFO -     int(1)
[2025-03-26T13:48:28.122+0000] {docker.py:69} INFO -     ["container"]=>
[2025-03-26T13:48:28.123+0000] {docker.py:69} INFO -     string(8) "php-app2"
[2025-03-26T13:48:28.124+0000] {docker.py:69} INFO -     ["timestamp"]=>
[2025-03-26T13:48:28.126+0000] {docker.py:69} INFO -     int(1742996797)
[2025-03-26T13:48:28.127+0000] {docker.py:69} INFO -   }
[2025-03-26T13:48:28.128+0000] {docker.py:69} INFO -   [65]=>
[2025-03-26T13:48:28.128+0000] {docker.py:69} INFO -   object(stdClass)#67 (3) {
[2025-03-26T13:48:28.129+0000] {docker.py:69} INFO -     ["contador"]=>
[2025-03-26T13:48:28.129+0000] {docker.py:69} INFO -     int(1)
[2025-03-26T13:48:28.129+0000] {docker.py:69} INFO -     ["container"]=>
[2025-03-26T13:48:28.130+0000] {docker.py:69} INFO -     string(8) "php-app1"
[2025-03-26T13:48:28.130+0000] {docker.py:69} INFO -     ["timestamp"]=>
[2025-03-26T13:48:28.130+0000] {docker.py:69} INFO -     int(1742996804)
[2025-03-26T13:48:28.131+0000] {docker.py:69} INFO -   }
[2025-03-26T13:48:28.131+0000] {docker.py:69} INFO -   [66]=>
[2025-03-26T13:48:28.131+0000] {docker.py:69} INFO -   object(stdClass)#68 (3) {
[2025-03-26T13:48:28.132+0000] {docker.py:69} INFO -     ["contador"]=>
[2025-03-26T13:48:28.133+0000] {docker.py:69} INFO -     int(1)
[2025-03-26T13:48:28.133+0000] {docker.py:69} INFO -     ["container"]=>
[2025-03-26T13:48:28.134+0000] {docker.py:69} INFO -     string(8) "php-app2"
[2025-03-26T13:48:28.135+0000] {docker.py:69} INFO -     ["timestamp"]=>
[2025-03-26T13:48:28.135+0000] {docker.py:69} INFO -     int(1742996806)
[2025-03-26T13:48:28.136+0000] {docker.py:69} INFO -   }
[2025-03-26T13:48:28.136+0000] {docker.py:69} INFO -   [67]=>
[2025-03-26T13:48:28.137+0000] {docker.py:69} INFO -   object(stdClass)#69 (3) {
[2025-03-26T13:48:28.138+0000] {docker.py:69} INFO -     ["contador"]=>
[2025-03-26T13:48:28.138+0000] {docker.py:69} INFO -     int(1)
[2025-03-26T13:48:28.138+0000] {docker.py:69} INFO -     ["container"]=>
[2025-03-26T13:48:28.139+0000] {docker.py:69} INFO -     string(8) "php-app2"
[2025-03-26T13:48:28.139+0000] {docker.py:69} INFO -     ["timestamp"]=>
[2025-03-26T13:48:28.140+0000] {docker.py:69} INFO -     int(1742996807)
[2025-03-26T13:48:28.140+0000] {docker.py:69} INFO -   }
[2025-03-26T13:48:28.142+0000] {docker.py:69} INFO -   [68]=>
[2025-03-26T13:48:28.142+0000] {docker.py:69} INFO -   object(stdClass)#70 (3) {
[2025-03-26T13:48:28.143+0000] {docker.py:69} INFO -     ["contador"]=>
[2025-03-26T13:48:28.144+0000] {docker.py:69} INFO -     int(1)
[2025-03-26T13:48:28.144+0000] {docker.py:69} INFO -     ["container"]=>
[2025-03-26T13:48:28.145+0000] {docker.py:69} INFO -     string(8) "php-app1"
[2025-03-26T13:48:28.145+0000] {docker.py:69} INFO -     ["timestamp"]=>
[2025-03-26T13:48:28.146+0000] {docker.py:69} INFO -     int(1742996807)
[2025-03-26T13:48:28.146+0000] {docker.py:69} INFO -   }
[2025-03-26T13:48:28.146+0000] {docker.py:69} INFO -   [69]=>
[2025-03-26T13:48:28.147+0000] {docker.py:69} INFO -   object(stdClass)#71 (3) {
[2025-03-26T13:48:28.147+0000] {docker.py:69} INFO -     ["contador"]=>
[2025-03-26T13:48:28.148+0000] {docker.py:69} INFO -     int(1)
[2025-03-26T13:48:28.148+0000] {docker.py:69} INFO -     ["container"]=>
[2025-03-26T13:48:28.149+0000] {docker.py:69} INFO -     string(8) "php-app2"
[2025-03-26T13:48:28.149+0000] {docker.py:69} INFO -     ["timestamp"]=>
[2025-03-26T13:48:28.155+0000] {docker.py:69} INFO -     int(1742996809)
[2025-03-26T13:48:28.155+0000] {docker.py:69} INFO -   }
[2025-03-26T13:48:28.198+0000] {docker.py:69} INFO -   [70]=>
[2025-03-26T13:48:28.199+0000] {docker.py:69} INFO -   object(stdClass)#72 (3) {
[2025-03-26T13:48:28.200+0000] {docker.py:69} INFO -     ["contador"]=>
[2025-03-26T13:48:28.200+0000] {docker.py:69} INFO -     int(1)
[2025-03-26T13:48:28.201+0000] {docker.py:69} INFO -     ["container"]=>
[2025-03-26T13:48:28.202+0000] {docker.py:69} INFO -     string(8) "php-app1"
[2025-03-26T13:48:28.203+0000] {docker.py:69} INFO -     ["timestamp"]=>
[2025-03-26T13:48:28.204+0000] {docker.py:69} INFO -     int(1742996810)
[2025-03-26T13:48:28.205+0000] {docker.py:69} INFO -   }
[2025-03-26T13:48:28.205+0000] {docker.py:69} INFO -   [71]=>
[2025-03-26T13:48:28.206+0000] {docker.py:69} INFO -   object(stdClass)#73 (3) {
[2025-03-26T13:48:28.206+0000] {docker.py:69} INFO -     ["contador"]=>
[2025-03-26T13:48:28.207+0000] {docker.py:69} INFO -     int(1)
[2025-03-26T13:48:28.207+0000] {docker.py:69} INFO -     ["container"]=>
[2025-03-26T13:48:28.207+0000] {docker.py:69} INFO -     string(8) "php-app1"
[2025-03-26T13:48:28.208+0000] {docker.py:69} INFO -     ["timestamp"]=>
[2025-03-26T13:48:28.208+0000] {docker.py:69} INFO -     int(1742996812)
[2025-03-26T13:48:28.209+0000] {docker.py:69} INFO -   }
[2025-03-26T13:48:28.209+0000] {docker.py:69} INFO -   [72]=>
[2025-03-26T13:48:28.209+0000] {docker.py:69} INFO -   object(stdClass)#74 (3) {
[2025-03-26T13:48:28.210+0000] {docker.py:69} INFO -     ["contador"]=>
[2025-03-26T13:48:28.210+0000] {docker.py:69} INFO -     int(1)
[2025-03-26T13:48:28.210+0000] {docker.py:69} INFO -     ["container"]=>
[2025-03-26T13:48:28.211+0000] {docker.py:69} INFO -     string(8) "php-app2"
[2025-03-26T13:48:28.211+0000] {docker.py:69} INFO -     ["timestamp"]=>
[2025-03-26T13:48:28.212+0000] {docker.py:69} INFO -     int(1742996813)
[2025-03-26T13:48:28.299+0000] {docker.py:69} INFO -   }
[2025-03-26T13:48:28.300+0000] {docker.py:69} INFO -   [73]=>
[2025-03-26T13:48:28.302+0000] {docker.py:69} INFO -   object(stdClass)#75 (3) {
[2025-03-26T13:48:28.302+0000] {docker.py:69} INFO -     ["contador"]=>
[2025-03-26T13:48:28.303+0000] {docker.py:69} INFO -     int(1)
[2025-03-26T13:48:28.303+0000] {docker.py:69} INFO -     ["container"]=>
[2025-03-26T13:48:28.303+0000] {docker.py:69} INFO -     string(8) "php-app1"
[2025-03-26T13:48:28.304+0000] {docker.py:69} INFO -     ["timestamp"]=>
[2025-03-26T13:48:28.304+0000] {docker.py:69} INFO -     int(1742996813)
[2025-03-26T13:48:28.305+0000] {docker.py:69} INFO -   }
[2025-03-26T13:48:28.305+0000] {docker.py:69} INFO -   [74]=>
[2025-03-26T13:48:28.305+0000] {docker.py:69} INFO -   object(stdClass)#76 (3) {
[2025-03-26T13:48:28.306+0000] {docker.py:69} INFO -     ["contador"]=>
[2025-03-26T13:48:28.306+0000] {docker.py:69} INFO -     int(1)
[2025-03-26T13:48:28.307+0000] {docker.py:69} INFO -     ["container"]=>
[2025-03-26T13:48:28.307+0000] {docker.py:69} INFO -     string(8) "php-app2"
[2025-03-26T13:48:28.308+0000] {docker.py:69} INFO -     ["timestamp"]=>
[2025-03-26T13:48:28.308+0000] {docker.py:69} INFO -     int(1742996815)
[2025-03-26T13:48:28.308+0000] {docker.py:69} INFO -   }
[2025-03-26T13:48:28.312+0000] {docker.py:69} INFO -   [75]=>
[2025-03-26T13:48:28.312+0000] {docker.py:69} INFO -   object(stdClass)#77 (3) {
[2025-03-26T13:48:28.313+0000] {docker.py:69} INFO -     ["contador"]=>
[2025-03-26T13:48:28.313+0000] {docker.py:69} INFO -     int(1)
[2025-03-26T13:48:28.314+0000] {docker.py:69} INFO -     ["container"]=>
[2025-03-26T13:48:28.314+0000] {docker.py:69} INFO -     string(8) "php-app1"
[2025-03-26T13:48:28.315+0000] {docker.py:69} INFO -     ["timestamp"]=>
[2025-03-26T13:48:28.315+0000] {docker.py:69} INFO -     int(1742996816)
[2025-03-26T13:48:28.315+0000] {docker.py:69} INFO -   }
[2025-03-26T13:48:28.316+0000] {docker.py:69} INFO -   [76]=>
[2025-03-26T13:48:28.316+0000] {docker.py:69} INFO -   object(stdClass)#78 (3) {
[2025-03-26T13:48:28.317+0000] {docker.py:69} INFO -     ["contador"]=>
[2025-03-26T13:48:28.317+0000] {docker.py:69} INFO -     int(1)
[2025-03-26T13:48:28.318+0000] {docker.py:69} INFO -     ["container"]=>
[2025-03-26T13:48:28.318+0000] {docker.py:69} INFO -     string(8) "php-app2"
[2025-03-26T13:48:28.318+0000] {docker.py:69} INFO -     ["timestamp"]=>
[2025-03-26T13:48:28.319+0000] {docker.py:69} INFO -     int(1742996816)
[2025-03-26T13:48:28.350+0000] {docker.py:69} INFO -   }
[2025-03-26T13:48:28.351+0000] {docker.py:69} INFO -   [77]=>
[2025-03-26T13:48:28.351+0000] {docker.py:69} INFO -   object(stdClass)#79 (3) {
[2025-03-26T13:48:28.352+0000] {docker.py:69} INFO -     ["contador"]=>
[2025-03-26T13:48:28.362+0000] {docker.py:69} INFO -     int(1)
[2025-03-26T13:48:28.379+0000] {docker.py:69} INFO -     ["container"]=>
[2025-03-26T13:48:28.379+0000] {docker.py:69} INFO -     string(8) "php-app1"
[2025-03-26T13:48:28.380+0000] {docker.py:69} INFO -     ["timestamp"]=>
[2025-03-26T13:48:28.380+0000] {docker.py:69} INFO -     int(1742996816)
[2025-03-26T13:48:28.380+0000] {docker.py:69} INFO -   }
[2025-03-26T13:48:28.381+0000] {docker.py:69} INFO -   [78]=>
[2025-03-26T13:48:28.381+0000] {docker.py:69} INFO -   object(stdClass)#80 (3) {
[2025-03-26T13:48:28.382+0000] {docker.py:69} INFO -     ["contador"]=>
[2025-03-26T13:48:28.382+0000] {docker.py:69} INFO -     int(1)
[2025-03-26T13:48:28.382+0000] {docker.py:69} INFO -     ["container"]=>
[2025-03-26T13:48:28.383+0000] {docker.py:69} INFO -     string(8) "php-app1"
[2025-03-26T13:48:28.386+0000] {docker.py:69} INFO -     ["timestamp"]=>
[2025-03-26T13:48:28.389+0000] {docker.py:69} INFO -     int(1742996817)
[2025-03-26T13:48:28.390+0000] {docker.py:69} INFO -   }
[2025-03-26T13:48:28.396+0000] {docker.py:69} INFO -   [79]=>
[2025-03-26T13:48:28.397+0000] {docker.py:69} INFO -   object(stdClass)#81 (3) {
[2025-03-26T13:48:28.398+0000] {docker.py:69} INFO -     ["contador"]=>
[2025-03-26T13:48:28.398+0000] {docker.py:69} INFO -     int(1)
[2025-03-26T13:48:28.399+0000] {docker.py:69} INFO -     ["container"]=>
[2025-03-26T13:48:28.400+0000] {docker.py:69} INFO -     string(8) "php-app2"
[2025-03-26T13:48:28.402+0000] {docker.py:69} INFO -     ["timestamp"]=>
[2025-03-26T13:48:28.402+0000] {docker.py:69} INFO -     int(1742996817)
[2025-03-26T13:48:28.403+0000] {docker.py:69} INFO -   }
[2025-03-26T13:48:28.403+0000] {docker.py:69} INFO -   [80]=>
[2025-03-26T13:48:28.404+0000] {docker.py:69} INFO -   object(stdClass)#82 (3) {
[2025-03-26T13:48:28.409+0000] {docker.py:69} INFO -     ["contador"]=>
[2025-03-26T13:48:28.409+0000] {docker.py:69} INFO -     int(1)
[2025-03-26T13:48:28.410+0000] {docker.py:69} INFO -     ["container"]=>
[2025-03-26T13:48:28.411+0000] {docker.py:69} INFO -     string(8) "php-app2"
[2025-03-26T13:48:28.412+0000] {docker.py:69} INFO -     ["timestamp"]=>
[2025-03-26T13:48:28.412+0000] {docker.py:69} INFO -     int(1742996818)
[2025-03-26T13:48:28.423+0000] {docker.py:69} INFO -   }
[2025-03-26T13:48:28.424+0000] {docker.py:69} INFO -   [81]=>
[2025-03-26T13:48:28.424+0000] {docker.py:69} INFO -   object(stdClass)#83 (3) {
[2025-03-26T13:48:28.424+0000] {docker.py:69} INFO -     ["contador"]=>
[2025-03-26T13:48:28.425+0000] {docker.py:69} INFO -     int(1)
[2025-03-26T13:48:28.425+0000] {docker.py:69} INFO -     ["container"]=>
[2025-03-26T13:48:28.426+0000] {docker.py:69} INFO -     string(8) "php-app1"
[2025-03-26T13:48:28.426+0000] {docker.py:69} INFO -     ["timestamp"]=>
[2025-03-26T13:48:28.426+0000] {docker.py:69} INFO -     int(1742996821)
[2025-03-26T13:48:28.427+0000] {docker.py:69} INFO -   }
[2025-03-26T13:48:28.427+0000] {docker.py:69} INFO -   [82]=>
[2025-03-26T13:48:28.428+0000] {docker.py:69} INFO -   object(stdClass)#84 (3) {
[2025-03-26T13:48:28.428+0000] {docker.py:69} INFO -     ["contador"]=>
[2025-03-26T13:48:28.429+0000] {docker.py:69} INFO -     int(1)
[2025-03-26T13:48:28.429+0000] {docker.py:69} INFO -     ["container"]=>
[2025-03-26T13:48:28.430+0000] {docker.py:69} INFO -     string(8) "php-app1"
[2025-03-26T13:48:28.433+0000] {docker.py:69} INFO -     ["timestamp"]=>
[2025-03-26T13:48:28.434+0000] {docker.py:69} INFO -     int(1742996824)
[2025-03-26T13:48:28.434+0000] {docker.py:69} INFO -   }
[2025-03-26T13:48:28.435+0000] {docker.py:69} INFO -   [83]=>
[2025-03-26T13:48:28.445+0000] {docker.py:69} INFO -   object(stdClass)#85 (3) {
[2025-03-26T13:48:28.446+0000] {docker.py:69} INFO -     ["contador"]=>
[2025-03-26T13:48:28.450+0000] {docker.py:69} INFO -     int(1)
[2025-03-26T13:48:28.451+0000] {docker.py:69} INFO -     ["container"]=>
[2025-03-26T13:48:28.452+0000] {docker.py:69} INFO -     string(8) "php-app2"
[2025-03-26T13:48:28.453+0000] {docker.py:69} INFO -     ["timestamp"]=>
[2025-03-26T13:48:28.454+0000] {docker.py:69} INFO -     int(1742996825)
[2025-03-26T13:48:28.454+0000] {docker.py:69} INFO -   }
[2025-03-26T13:48:28.455+0000] {docker.py:69} INFO -   [84]=>
[2025-03-26T13:48:28.455+0000] {docker.py:69} INFO -   object(stdClass)#86 (3) {
[2025-03-26T13:48:28.456+0000] {docker.py:69} INFO -     ["contador"]=>
[2025-03-26T13:48:28.456+0000] {docker.py:69} INFO -     int(1)
[2025-03-26T13:48:28.457+0000] {docker.py:69} INFO -     ["container"]=>
[2025-03-26T13:48:28.457+0000] {docker.py:69} INFO -     string(8) "php-app2"
[2025-03-26T13:48:28.457+0000] {docker.py:69} INFO -     ["timestamp"]=>
[2025-03-26T13:48:28.458+0000] {docker.py:69} INFO -     int(1742996826)
[2025-03-26T13:48:28.458+0000] {docker.py:69} INFO -   }
[2025-03-26T13:48:28.459+0000] {docker.py:69} INFO -   [85]=>
[2025-03-26T13:48:28.460+0000] {docker.py:69} INFO -   object(stdClass)#87 (3) {
[2025-03-26T13:48:28.460+0000] {docker.py:69} INFO -     ["contador"]=>
[2025-03-26T13:48:28.460+0000] {docker.py:69} INFO -     int(1)
[2025-03-26T13:48:28.461+0000] {docker.py:69} INFO -     ["container"]=>
[2025-03-26T13:48:28.646+0000] {docker.py:69} INFO -     string(8) "php-app2"
[2025-03-26T13:48:28.650+0000] {docker.py:69} INFO -     ["timestamp"]=>
[2025-03-26T13:48:28.665+0000] {docker.py:69} INFO -     int(1742996826)
[2025-03-26T13:48:28.667+0000] {docker.py:69} INFO -   }
[2025-03-26T13:48:28.687+0000] {docker.py:69} INFO -   [86]=>
[2025-03-26T13:48:28.688+0000] {docker.py:69} INFO -   object(stdClass)#88 (3) {
[2025-03-26T13:48:28.692+0000] {docker.py:69} INFO -     ["contador"]=>
[2025-03-26T13:48:28.694+0000] {docker.py:69} INFO -     int(1)
[2025-03-26T13:48:28.695+0000] {docker.py:69} INFO -     ["container"]=>
[2025-03-26T13:48:28.696+0000] {docker.py:69} INFO -     string(8) "php-app1"
[2025-03-26T13:48:28.697+0000] {docker.py:69} INFO -     ["timestamp"]=>
[2025-03-26T13:48:28.698+0000] {docker.py:69} INFO -     int(1742996827)
[2025-03-26T13:48:28.698+0000] {docker.py:69} INFO -   }
[2025-03-26T13:48:28.699+0000] {docker.py:69} INFO -   [87]=>
[2025-03-26T13:48:28.699+0000] {docker.py:69} INFO -   object(stdClass)#89 (3) {
[2025-03-26T13:48:28.700+0000] {docker.py:69} INFO -     ["contador"]=>
[2025-03-26T13:48:28.700+0000] {docker.py:69} INFO -     int(1)
[2025-03-26T13:48:28.700+0000] {docker.py:69} INFO -     ["container"]=>
[2025-03-26T13:48:28.702+0000] {docker.py:69} INFO -     string(8) "php-app2"
[2025-03-26T13:48:28.703+0000] {docker.py:69} INFO -     ["timestamp"]=>
[2025-03-26T13:48:28.704+0000] {docker.py:69} INFO -     int(1742996828)
[2025-03-26T13:48:28.704+0000] {docker.py:69} INFO -   }
[2025-03-26T13:48:28.705+0000] {docker.py:69} INFO -   [88]=>
[2025-03-26T13:48:28.705+0000] {docker.py:69} INFO -   object(stdClass)#90 (3) {
[2025-03-26T13:48:28.706+0000] {docker.py:69} INFO -     ["contador"]=>
[2025-03-26T13:48:28.706+0000] {docker.py:69} INFO -     int(1)
[2025-03-26T13:48:28.706+0000] {docker.py:69} INFO -     ["container"]=>
[2025-03-26T13:48:28.707+0000] {docker.py:69} INFO -     string(8) "php-app1"
[2025-03-26T13:48:28.707+0000] {docker.py:69} INFO -     ["timestamp"]=>
[2025-03-26T13:48:28.708+0000] {docker.py:69} INFO -     int(1742996828)
[2025-03-26T13:48:28.708+0000] {docker.py:69} INFO -   }
[2025-03-26T13:48:28.709+0000] {docker.py:69} INFO -   [89]=>
[2025-03-26T13:48:28.710+0000] {docker.py:69} INFO -   object(stdClass)#91 (3) {
[2025-03-26T13:48:28.711+0000] {docker.py:69} INFO -     ["contador"]=>
[2025-03-26T13:48:28.711+0000] {docker.py:69} INFO -     int(1)
[2025-03-26T13:48:28.712+0000] {docker.py:69} INFO -     ["container"]=>
[2025-03-26T13:48:28.713+0000] {docker.py:69} INFO -     string(8) "php-app2"
[2025-03-26T13:48:28.713+0000] {docker.py:69} INFO -     ["timestamp"]=>
[2025-03-26T13:48:28.714+0000] {docker.py:69} INFO -     int(1742996829)
[2025-03-26T13:48:28.714+0000] {docker.py:69} INFO -   }
[2025-03-26T13:48:28.715+0000] {docker.py:69} INFO -   [90]=>
[2025-03-26T13:48:28.715+0000] {docker.py:69} INFO -   object(stdClass)#92 (3) {
[2025-03-26T13:48:28.715+0000] {docker.py:69} INFO -     ["contador"]=>
[2025-03-26T13:48:28.716+0000] {docker.py:69} INFO -     int(1)
[2025-03-26T13:48:28.716+0000] {docker.py:69} INFO -     ["container"]=>
[2025-03-26T13:48:28.716+0000] {docker.py:69} INFO -     string(8) "php-app1"
[2025-03-26T13:48:28.717+0000] {docker.py:69} INFO -     ["timestamp"]=>
[2025-03-26T13:48:28.717+0000] {docker.py:69} INFO -     int(1742996829)
[2025-03-26T13:48:28.719+0000] {docker.py:69} INFO -   }
[2025-03-26T13:48:28.720+0000] {docker.py:69} INFO -   [91]=>
[2025-03-26T13:48:28.720+0000] {docker.py:69} INFO -   object(stdClass)#93 (3) {
[2025-03-26T13:48:28.720+0000] {docker.py:69} INFO -     ["contador"]=>
[2025-03-26T13:48:28.722+0000] {docker.py:69} INFO -     int(1)
[2025-03-26T13:48:28.722+0000] {docker.py:69} INFO -     ["container"]=>
[2025-03-26T13:48:28.723+0000] {docker.py:69} INFO -     string(8) "php-app2"
[2025-03-26T13:48:28.723+0000] {docker.py:69} INFO -     ["timestamp"]=>
[2025-03-26T13:48:28.723+0000] {docker.py:69} INFO -     int(1742996838)
[2025-03-26T13:48:28.724+0000] {docker.py:69} INFO -   }
[2025-03-26T13:48:28.724+0000] {docker.py:69} INFO -   [92]=>
[2025-03-26T13:48:28.725+0000] {docker.py:69} INFO -   object(stdClass)#94 (3) {
[2025-03-26T13:48:28.725+0000] {docker.py:69} INFO -     ["contador"]=>
[2025-03-26T13:48:28.725+0000] {docker.py:69} INFO -     int(1)
[2025-03-26T13:48:28.726+0000] {docker.py:69} INFO -     ["container"]=>
[2025-03-26T13:48:28.726+0000] {docker.py:69} INFO -     string(8) "php-app1"
[2025-03-26T13:48:28.727+0000] {docker.py:69} INFO -     ["timestamp"]=>
[2025-03-26T13:48:28.727+0000] {docker.py:69} INFO -     int(1742996841)
[2025-03-26T13:48:28.727+0000] {docker.py:69} INFO -   }
[2025-03-26T13:48:28.728+0000] {docker.py:69} INFO -   [93]=>
[2025-03-26T13:48:28.728+0000] {docker.py:69} INFO -   object(stdClass)#95 (3) {
[2025-03-26T13:48:28.729+0000] {docker.py:69} INFO -     ["contador"]=>
[2025-03-26T13:48:28.729+0000] {docker.py:69} INFO -     int(1)
[2025-03-26T13:48:28.730+0000] {docker.py:69} INFO -     ["container"]=>
[2025-03-26T13:48:28.730+0000] {docker.py:69} INFO -     string(8) "php-app2"
[2025-03-26T13:48:28.731+0000] {docker.py:69} INFO -     ["timestamp"]=>
[2025-03-26T13:48:28.731+0000] {docker.py:69} INFO -     int(1742996842)
[2025-03-26T13:48:28.732+0000] {docker.py:69} INFO -   }
[2025-03-26T13:48:28.732+0000] {docker.py:69} INFO -   [94]=>
[2025-03-26T13:48:28.732+0000] {docker.py:69} INFO -   object(stdClass)#96 (3) {
[2025-03-26T13:48:28.733+0000] {docker.py:69} INFO -     ["contador"]=>
[2025-03-26T13:48:28.733+0000] {docker.py:69} INFO -     int(1)
[2025-03-26T13:48:28.734+0000] {docker.py:69} INFO -     ["container"]=>
[2025-03-26T13:48:28.734+0000] {docker.py:69} INFO -     string(8) "php-app1"
[2025-03-26T13:48:28.734+0000] {docker.py:69} INFO -     ["timestamp"]=>
[2025-03-26T13:48:28.735+0000] {docker.py:69} INFO -     int(1742996843)
[2025-03-26T13:48:28.735+0000] {docker.py:69} INFO -   }
[2025-03-26T13:48:28.736+0000] {docker.py:69} INFO -   [95]=>
[2025-03-26T13:48:28.736+0000] {docker.py:69} INFO -   object(stdClass)#97 (3) {
[2025-03-26T13:48:28.737+0000] {docker.py:69} INFO -     ["contador"]=>
[2025-03-26T13:48:28.737+0000] {docker.py:69} INFO -     int(1)
[2025-03-26T13:48:28.738+0000] {docker.py:69} INFO -     ["container"]=>
[2025-03-26T13:48:28.738+0000] {docker.py:69} INFO -     string(8) "php-app2"
[2025-03-26T13:48:28.739+0000] {docker.py:69} INFO -     ["timestamp"]=>
[2025-03-26T13:48:28.739+0000] {docker.py:69} INFO -     int(1742996843)
[2025-03-26T13:48:28.739+0000] {docker.py:69} INFO -   }
[2025-03-26T13:48:28.740+0000] {docker.py:69} INFO -   [96]=>
[2025-03-26T13:48:28.740+0000] {docker.py:69} INFO -   object(stdClass)#98 (3) {
[2025-03-26T13:48:28.741+0000] {docker.py:69} INFO -     ["contador"]=>
[2025-03-26T13:48:28.741+0000] {docker.py:69} INFO -     int(1)
[2025-03-26T13:48:28.741+0000] {docker.py:69} INFO -     ["container"]=>
[2025-03-26T13:48:28.742+0000] {docker.py:69} INFO -     string(8) "php-app1"
[2025-03-26T13:48:28.742+0000] {docker.py:69} INFO -     ["timestamp"]=>
[2025-03-26T13:48:28.743+0000] {docker.py:69} INFO -     int(1742996844)
[2025-03-26T13:48:28.743+0000] {docker.py:69} INFO -   }
[2025-03-26T13:48:28.744+0000] {docker.py:69} INFO -   [97]=>
[2025-03-26T13:48:28.744+0000] {docker.py:69} INFO -   object(stdClass)#99 (3) {
[2025-03-26T13:48:28.745+0000] {docker.py:69} INFO -     ["contador"]=>
[2025-03-26T13:48:28.745+0000] {docker.py:69} INFO -     int(1)
[2025-03-26T13:48:28.747+0000] {docker.py:69} INFO -     ["container"]=>
[2025-03-26T13:48:28.748+0000] {docker.py:69} INFO -     string(8) "php-app1"
[2025-03-26T13:48:28.748+0000] {docker.py:69} INFO -     ["timestamp"]=>
[2025-03-26T13:48:28.749+0000] {docker.py:69} INFO -     int(1742996849)
[2025-03-26T13:48:28.749+0000] {docker.py:69} INFO -   }
[2025-03-26T13:48:28.750+0000] {docker.py:69} INFO -   [98]=>
[2025-03-26T13:48:28.753+0000] {docker.py:69} INFO -   object(stdClass)#100 (3) {
[2025-03-26T13:48:28.754+0000] {docker.py:69} INFO -     ["contador"]=>
[2025-03-26T13:48:28.754+0000] {docker.py:69} INFO -     int(1)
[2025-03-26T13:48:28.755+0000] {docker.py:69} INFO -     ["container"]=>
[2025-03-26T13:48:28.755+0000] {docker.py:69} INFO -     string(8) "php-app2"
[2025-03-26T13:48:28.756+0000] {docker.py:69} INFO -     ["timestamp"]=>
[2025-03-26T13:48:28.758+0000] {docker.py:69} INFO -     int(1742996849)
[2025-03-26T13:48:28.759+0000] {docker.py:69} INFO -   }
[2025-03-26T13:48:28.762+0000] {docker.py:69} INFO -   [99]=>
[2025-03-26T13:48:28.774+0000] {docker.py:69} INFO -   object(stdClass)#101 (3) {
[2025-03-26T13:48:28.775+0000] {docker.py:69} INFO -     ["contador"]=>
[2025-03-26T13:48:28.778+0000] {docker.py:69} INFO -     int(1)
[2025-03-26T13:48:28.779+0000] {docker.py:69} INFO -     ["container"]=>
[2025-03-26T13:48:28.779+0000] {docker.py:69} INFO -     string(8) "php-app2"
[2025-03-26T13:48:28.780+0000] {docker.py:69} INFO -     ["timestamp"]=>
[2025-03-26T13:48:28.873+0000] {docker.py:69} INFO -     int(1742996849)
[2025-03-26T13:48:28.874+0000] {docker.py:69} INFO -   }
[2025-03-26T13:48:28.880+0000] {docker.py:69} INFO -   [100]=>
[2025-03-26T13:48:28.881+0000] {docker.py:69} INFO -   object(stdClass)#102 (3) {
[2025-03-26T13:48:28.881+0000] {docker.py:69} INFO -     ["contador"]=>
[2025-03-26T13:48:28.938+0000] {docker.py:69} INFO -     int(1)
[2025-03-26T13:48:28.972+0000] {docker.py:69} INFO -     ["container"]=>
[2025-03-26T13:48:28.973+0000] {docker.py:69} INFO -     string(8) "php-app2"
[2025-03-26T13:48:28.974+0000] {docker.py:69} INFO -     ["timestamp"]=>
[2025-03-26T13:48:29.026+0000] {docker.py:69} INFO -     int(1742996850)
[2025-03-26T13:48:29.026+0000] {docker.py:69} INFO -   }
[2025-03-26T13:48:29.029+0000] {docker.py:69} INFO -   [101]=>
[2025-03-26T13:48:29.031+0000] {docker.py:69} INFO -   object(stdClass)#103 (3) {
[2025-03-26T13:48:29.033+0000] {docker.py:69} INFO -     ["contador"]=>
[2025-03-26T13:48:29.035+0000] {docker.py:69} INFO -     int(1)
[2025-03-26T13:48:29.059+0000] {docker.py:69} INFO -     ["container"]=>
[2025-03-26T13:48:29.059+0000] {docker.py:69} INFO -     string(8) "php-app1"
[2025-03-26T13:48:29.060+0000] {docker.py:69} INFO -     ["timestamp"]=>
[2025-03-26T13:48:29.060+0000] {docker.py:69} INFO -     int(1742996850)
[2025-03-26T13:48:29.060+0000] {docker.py:69} INFO -   }
[2025-03-26T13:48:29.061+0000] {docker.py:69} INFO -   [102]=>
[2025-03-26T13:48:29.079+0000] {docker.py:69} INFO -   object(stdClass)#104 (3) {
[2025-03-26T13:48:29.118+0000] {docker.py:69} INFO -     ["contador"]=>
[2025-03-26T13:48:29.119+0000] {docker.py:69} INFO -     int(1)
[2025-03-26T13:48:29.120+0000] {docker.py:69} INFO -     ["container"]=>
[2025-03-26T13:48:29.130+0000] {docker.py:69} INFO -     string(8) "php-app1"
[2025-03-26T13:48:29.132+0000] {docker.py:69} INFO -     ["timestamp"]=>
[2025-03-26T13:48:29.133+0000] {docker.py:69} INFO -     int(1742996851)
[2025-03-26T13:48:29.133+0000] {docker.py:69} INFO -   }
[2025-03-26T13:48:29.133+0000] {docker.py:69} INFO -   [103]=>
[2025-03-26T13:48:29.134+0000] {docker.py:69} INFO -   object(stdClass)#105 (3) {
[2025-03-26T13:48:29.134+0000] {docker.py:69} INFO -     ["contador"]=>
[2025-03-26T13:48:29.135+0000] {docker.py:69} INFO -     int(1)
[2025-03-26T13:48:29.135+0000] {docker.py:69} INFO -     ["container"]=>
[2025-03-26T13:48:29.136+0000] {docker.py:69} INFO -     string(8) "php-app2"
[2025-03-26T13:48:29.136+0000] {docker.py:69} INFO -     ["timestamp"]=>
[2025-03-26T13:48:29.137+0000] {docker.py:69} INFO -     int(1742996854)
[2025-03-26T13:48:29.137+0000] {docker.py:69} INFO -   }
[2025-03-26T13:48:29.138+0000] {docker.py:69} INFO -   [104]=>
[2025-03-26T13:48:29.138+0000] {docker.py:69} INFO -   object(stdClass)#106 (3) {
[2025-03-26T13:48:29.139+0000] {docker.py:69} INFO -     ["contador"]=>
[2025-03-26T13:48:29.139+0000] {docker.py:69} INFO -     int(1)
[2025-03-26T13:48:29.140+0000] {docker.py:69} INFO -     ["container"]=>
[2025-03-26T13:48:29.140+0000] {docker.py:69} INFO -     string(8) "php-app2"
[2025-03-26T13:48:29.141+0000] {docker.py:69} INFO -     ["timestamp"]=>
[2025-03-26T13:48:29.141+0000] {docker.py:69} INFO -     int(1742996855)
[2025-03-26T13:48:29.141+0000] {docker.py:69} INFO -   }
[2025-03-26T13:48:29.142+0000] {docker.py:69} INFO -   [105]=>
[2025-03-26T13:48:29.142+0000] {docker.py:69} INFO -   object(stdClass)#107 (3) {
[2025-03-26T13:48:29.143+0000] {docker.py:69} INFO -     ["contador"]=>
[2025-03-26T13:48:29.143+0000] {docker.py:69} INFO -     int(1)
[2025-03-26T13:48:29.143+0000] {docker.py:69} INFO -     ["container"]=>
[2025-03-26T13:48:29.144+0000] {docker.py:69} INFO -     string(8) "php-app1"
[2025-03-26T13:48:29.144+0000] {docker.py:69} INFO -     ["timestamp"]=>
[2025-03-26T13:48:29.144+0000] {docker.py:69} INFO -     int(1742996856)
[2025-03-26T13:48:29.145+0000] {docker.py:69} INFO -   }
[2025-03-26T13:48:29.145+0000] {docker.py:69} INFO -   [106]=>
[2025-03-26T13:48:29.146+0000] {docker.py:69} INFO -   object(stdClass)#108 (3) {
[2025-03-26T13:48:29.146+0000] {docker.py:69} INFO -     ["contador"]=>
[2025-03-26T13:48:29.146+0000] {docker.py:69} INFO -     int(1)
[2025-03-26T13:48:29.147+0000] {docker.py:69} INFO -     ["container"]=>
[2025-03-26T13:48:29.147+0000] {docker.py:69} INFO -     string(8) "php-app1"
[2025-03-26T13:48:29.147+0000] {docker.py:69} INFO -     ["timestamp"]=>
[2025-03-26T13:48:29.148+0000] {docker.py:69} INFO -     int(1742996856)
[2025-03-26T13:48:29.148+0000] {docker.py:69} INFO -   }
[2025-03-26T13:48:29.149+0000] {docker.py:69} INFO -   [107]=>
[2025-03-26T13:48:29.149+0000] {docker.py:69} INFO -   object(stdClass)#109 (3) {
[2025-03-26T13:48:29.149+0000] {docker.py:69} INFO -     ["contador"]=>
[2025-03-26T13:48:29.150+0000] {docker.py:69} INFO -     int(1)
[2025-03-26T13:48:29.150+0000] {docker.py:69} INFO -     ["container"]=>
[2025-03-26T13:48:29.151+0000] {docker.py:69} INFO -     string(8) "php-app2"
[2025-03-26T13:48:29.151+0000] {docker.py:69} INFO -     ["timestamp"]=>
[2025-03-26T13:48:29.151+0000] {docker.py:69} INFO -     int(1742996859)
[2025-03-26T13:48:29.152+0000] {docker.py:69} INFO -   }
[2025-03-26T13:48:29.152+0000] {docker.py:69} INFO -   [108]=>
[2025-03-26T13:48:29.153+0000] {docker.py:69} INFO -   object(stdClass)#110 (3) {
[2025-03-26T13:48:29.153+0000] {docker.py:69} INFO -     ["contador"]=>
[2025-03-26T13:48:29.158+0000] {docker.py:69} INFO -     int(1)
[2025-03-26T13:48:29.161+0000] {docker.py:69} INFO -     ["container"]=>
[2025-03-26T13:48:29.162+0000] {docker.py:69} INFO -     string(8) "php-app2"
[2025-03-26T13:48:29.167+0000] {docker.py:69} INFO -     ["timestamp"]=>
[2025-03-26T13:48:29.167+0000] {docker.py:69} INFO -     int(1742996860)
[2025-03-26T13:48:29.168+0000] {docker.py:69} INFO -   }
[2025-03-26T13:48:29.188+0000] {docker.py:69} INFO -   [109]=>
[2025-03-26T13:48:29.188+0000] {docker.py:69} INFO -   object(stdClass)#111 (3) {
[2025-03-26T13:48:29.189+0000] {docker.py:69} INFO -     ["contador"]=>
[2025-03-26T13:48:29.189+0000] {docker.py:69} INFO -     int(1)
[2025-03-26T13:48:29.189+0000] {docker.py:69} INFO -     ["container"]=>
[2025-03-26T13:48:29.190+0000] {docker.py:69} INFO -     string(8) "php-app2"
[2025-03-26T13:48:29.233+0000] {docker.py:69} INFO -     ["timestamp"]=>
[2025-03-26T13:48:29.234+0000] {docker.py:69} INFO -     int(1742996861)
[2025-03-26T13:48:29.234+0000] {docker.py:69} INFO -   }
[2025-03-26T13:48:29.235+0000] {docker.py:69} INFO -   [110]=>
[2025-03-26T13:48:29.265+0000] {docker.py:69} INFO -   object(stdClass)#112 (3) {
[2025-03-26T13:48:29.265+0000] {docker.py:69} INFO -     ["contador"]=>
[2025-03-26T13:48:29.266+0000] {docker.py:69} INFO -     int(1)
[2025-03-26T13:48:29.306+0000] {docker.py:69} INFO -     ["container"]=>
[2025-03-26T13:48:29.307+0000] {docker.py:69} INFO -     string(8) "php-app1"
[2025-03-26T13:48:29.307+0000] {docker.py:69} INFO -     ["timestamp"]=>
[2025-03-26T13:48:29.309+0000] {docker.py:69} INFO -     int(1742996861)
[2025-03-26T13:48:29.350+0000] {docker.py:69} INFO -   }
[2025-03-26T13:48:29.350+0000] {docker.py:69} INFO -   [111]=>
[2025-03-26T13:48:29.351+0000] {docker.py:69} INFO -   object(stdClass)#113 (3) {
[2025-03-26T13:48:29.380+0000] {docker.py:69} INFO -     ["contador"]=>
[2025-03-26T13:48:29.381+0000] {docker.py:69} INFO -     int(1)
[2025-03-26T13:48:29.414+0000] {docker.py:69} INFO -     ["container"]=>
[2025-03-26T13:48:29.415+0000] {docker.py:69} INFO -     string(8) "php-app1"
[2025-03-26T13:48:29.415+0000] {docker.py:69} INFO -     ["timestamp"]=>
[2025-03-26T13:48:29.427+0000] {docker.py:69} INFO -     int(1742996862)
[2025-03-26T13:48:29.427+0000] {docker.py:69} INFO -   }
[2025-03-26T13:48:29.428+0000] {docker.py:69} INFO -   [112]=>
[2025-03-26T13:48:29.479+0000] {docker.py:69} INFO -   object(stdClass)#114 (3) {
[2025-03-26T13:48:29.480+0000] {docker.py:69} INFO -     ["contador"]=>
[2025-03-26T13:48:29.480+0000] {docker.py:69} INFO -     int(1)
[2025-03-26T13:48:29.481+0000] {docker.py:69} INFO -     ["container"]=>
[2025-03-26T13:48:29.481+0000] {docker.py:69} INFO -     string(8) "php-app1"
[2025-03-26T13:48:29.496+0000] {docker.py:69} INFO -     ["timestamp"]=>
[2025-03-26T13:48:29.502+0000] {docker.py:69} INFO -     int(1742996863)
[2025-03-26T13:48:29.502+0000] {docker.py:69} INFO -   }
[2025-03-26T13:48:29.503+0000] {docker.py:69} INFO -   [113]=>
[2025-03-26T13:48:29.623+0000] {docker.py:69} INFO -   object(stdClass)#115 (3) {
[2025-03-26T13:48:29.880+0000] {docker.py:69} INFO -     ["contador"]=>
[2025-03-26T13:48:29.882+0000] {docker.py:69} INFO -     int(1)
[2025-03-26T13:48:29.882+0000] {docker.py:69} INFO -     ["container"]=>
[2025-03-26T13:48:29.883+0000] {docker.py:69} INFO -     string(8) "php-app1"
[2025-03-26T13:48:29.883+0000] {docker.py:69} INFO -     ["timestamp"]=>
[2025-03-26T13:48:29.883+0000] {docker.py:69} INFO -     int(1742996873)
[2025-03-26T13:48:29.884+0000] {docker.py:69} INFO -   }
[2025-03-26T13:48:29.889+0000] {docker.py:69} INFO -   [114]=>
[2025-03-26T13:48:29.889+0000] {docker.py:69} INFO -   object(stdClass)#116 (3) {
[2025-03-26T13:48:29.889+0000] {docker.py:69} INFO -     ["contador"]=>
[2025-03-26T13:48:29.890+0000] {docker.py:69} INFO -     int(1)
[2025-03-26T13:48:29.890+0000] {docker.py:69} INFO -     ["container"]=>
[2025-03-26T13:48:29.890+0000] {docker.py:69} INFO -     string(8) "php-app1"
[2025-03-26T13:48:29.891+0000] {docker.py:69} INFO -     ["timestamp"]=>
[2025-03-26T13:48:29.897+0000] {docker.py:69} INFO -     int(1742996874)
[2025-03-26T13:48:29.898+0000] {docker.py:69} INFO -   }
[2025-03-26T13:48:29.898+0000] {docker.py:69} INFO -   [115]=>
[2025-03-26T13:48:29.898+0000] {docker.py:69} INFO -   object(stdClass)#117 (3) {
[2025-03-26T13:48:29.899+0000] {docker.py:69} INFO -     ["contador"]=>
[2025-03-26T13:48:29.899+0000] {docker.py:69} INFO -     int(1)
[2025-03-26T13:48:29.899+0000] {docker.py:69} INFO -     ["container"]=>
[2025-03-26T13:48:29.900+0000] {docker.py:69} INFO -     string(8) "php-app2"
[2025-03-26T13:48:29.900+0000] {docker.py:69} INFO -     ["timestamp"]=>
[2025-03-26T13:48:29.900+0000] {docker.py:69} INFO -     int(1742996875)
[2025-03-26T13:48:29.901+0000] {docker.py:69} INFO -   }
[2025-03-26T13:48:29.901+0000] {docker.py:69} INFO -   [116]=>
[2025-03-26T13:48:29.907+0000] {docker.py:69} INFO -   object(stdClass)#118 (3) {
[2025-03-26T13:48:29.909+0000] {docker.py:69} INFO -     ["contador"]=>
[2025-03-26T13:48:29.910+0000] {docker.py:69} INFO -     int(1)
[2025-03-26T13:48:29.912+0000] {docker.py:69} INFO -     ["container"]=>
[2025-03-26T13:48:29.913+0000] {docker.py:69} INFO -     string(8) "php-app2"
[2025-03-26T13:48:29.915+0000] {docker.py:69} INFO -     ["timestamp"]=>
[2025-03-26T13:48:29.917+0000] {docker.py:69} INFO -     int(1742996876)
[2025-03-26T13:48:29.918+0000] {docker.py:69} INFO -   }
[2025-03-26T13:48:29.920+0000] {docker.py:69} INFO -   [117]=>
[2025-03-26T13:48:29.921+0000] {docker.py:69} INFO -   object(stdClass)#119 (3) {
[2025-03-26T13:48:29.923+0000] {docker.py:69} INFO -     ["contador"]=>
[2025-03-26T13:48:29.927+0000] {docker.py:69} INFO -     int(1)
[2025-03-26T13:48:29.927+0000] {docker.py:69} INFO -     ["container"]=>
[2025-03-26T13:48:29.928+0000] {docker.py:69} INFO -     string(8) "php-app2"
[2025-03-26T13:48:29.928+0000] {docker.py:69} INFO -     ["timestamp"]=>
[2025-03-26T13:48:29.928+0000] {docker.py:69} INFO -     int(1742996876)
[2025-03-26T13:48:29.929+0000] {docker.py:69} INFO -   }
[2025-03-26T13:48:29.929+0000] {docker.py:69} INFO -   [118]=>
[2025-03-26T13:48:29.929+0000] {docker.py:69} INFO -   object(stdClass)#120 (3) {
[2025-03-26T13:48:29.930+0000] {docker.py:69} INFO -     ["contador"]=>
[2025-03-26T13:48:29.930+0000] {docker.py:69} INFO -     int(1)
[2025-03-26T13:48:29.931+0000] {docker.py:69} INFO -     ["container"]=>
[2025-03-26T13:48:29.931+0000] {docker.py:69} INFO -     string(8) "php-app2"
[2025-03-26T13:48:29.931+0000] {docker.py:69} INFO -     ["timestamp"]=>
[2025-03-26T13:48:29.932+0000] {docker.py:69} INFO -     int(1742996876)
[2025-03-26T13:48:29.932+0000] {docker.py:69} INFO -   }
[2025-03-26T13:48:29.932+0000] {docker.py:69} INFO -   [119]=>
[2025-03-26T13:48:29.933+0000] {docker.py:69} INFO -   object(stdClass)#121 (3) {
[2025-03-26T13:48:29.933+0000] {docker.py:69} INFO -     ["contador"]=>
[2025-03-26T13:48:29.933+0000] {docker.py:69} INFO -     int(1)
[2025-03-26T13:48:29.934+0000] {docker.py:69} INFO -     ["container"]=>
[2025-03-26T13:48:29.934+0000] {docker.py:69} INFO -     string(8) "php-app1"
[2025-03-26T13:48:29.935+0000] {docker.py:69} INFO -     ["timestamp"]=>
[2025-03-26T13:48:29.935+0000] {docker.py:69} INFO -     int(1742996880)
[2025-03-26T13:48:29.935+0000] {docker.py:69} INFO -   }
[2025-03-26T13:48:29.936+0000] {docker.py:69} INFO -   [120]=>
[2025-03-26T13:48:29.936+0000] {docker.py:69} INFO -   object(stdClass)#122 (3) {
[2025-03-26T13:48:29.936+0000] {docker.py:69} INFO -     ["contador"]=>
[2025-03-26T13:48:29.937+0000] {docker.py:69} INFO -     int(1)
[2025-03-26T13:48:29.938+0000] {docker.py:69} INFO -     ["container"]=>
[2025-03-26T13:48:29.939+0000] {docker.py:69} INFO -     string(8) "php-app1"
[2025-03-26T13:48:29.939+0000] {docker.py:69} INFO -     ["timestamp"]=>
[2025-03-26T13:48:29.939+0000] {docker.py:69} INFO -     int(1742996880)
[2025-03-26T13:48:29.940+0000] {docker.py:69} INFO -   }
[2025-03-26T13:48:29.940+0000] {docker.py:69} INFO -   [121]=>
[2025-03-26T13:48:29.941+0000] {docker.py:69} INFO -   object(stdClass)#123 (3) {
[2025-03-26T13:48:29.941+0000] {docker.py:69} INFO -     ["contador"]=>
[2025-03-26T13:48:29.941+0000] {docker.py:69} INFO -     int(1)
[2025-03-26T13:48:29.942+0000] {docker.py:69} INFO -     ["container"]=>
[2025-03-26T13:48:29.942+0000] {docker.py:69} INFO -     string(8) "php-app1"
[2025-03-26T13:48:29.942+0000] {docker.py:69} INFO -     ["timestamp"]=>
[2025-03-26T13:48:29.943+0000] {docker.py:69} INFO -     int(1742996882)
[2025-03-26T13:48:29.943+0000] {docker.py:69} INFO -   }
[2025-03-26T13:48:29.944+0000] {docker.py:69} INFO -   [122]=>
[2025-03-26T13:48:29.944+0000] {docker.py:69} INFO -   object(stdClass)#124 (3) {
[2025-03-26T13:48:29.944+0000] {docker.py:69} INFO -     ["contador"]=>
[2025-03-26T13:48:29.945+0000] {docker.py:69} INFO -     int(1)
[2025-03-26T13:48:29.945+0000] {docker.py:69} INFO -     ["container"]=>
[2025-03-26T13:48:29.945+0000] {docker.py:69} INFO -     string(8) "php-app2"
[2025-03-26T13:48:29.946+0000] {docker.py:69} INFO -     ["timestamp"]=>
[2025-03-26T13:48:29.946+0000] {docker.py:69} INFO -     int(1742996882)
[2025-03-26T13:48:29.946+0000] {docker.py:69} INFO -   }
[2025-03-26T13:48:29.947+0000] {docker.py:69} INFO -   [123]=>
[2025-03-26T13:48:29.947+0000] {docker.py:69} INFO -   object(stdClass)#125 (3) {
[2025-03-26T13:48:29.947+0000] {docker.py:69} INFO -     ["contador"]=>
[2025-03-26T13:48:29.948+0000] {docker.py:69} INFO -     int(1)
[2025-03-26T13:48:29.948+0000] {docker.py:69} INFO -     ["container"]=>
[2025-03-26T13:48:29.948+0000] {docker.py:69} INFO -     string(8) "php-app1"
[2025-03-26T13:48:29.949+0000] {docker.py:69} INFO -     ["timestamp
[2025-03-26T13:48:29.949+0000] {docker.py:69} INFO - "]=>
[2025-03-26T13:48:29.950+0000] {docker.py:69} INFO -     int(1742996882)
[2025-03-26T13:48:29.950+0000] {docker.py:69} INFO -   }
[2025-03-26T13:48:29.950+0000] {docker.py:69} INFO -   [124]=>
[2025-03-26T13:48:29.951+0000] {docker.py:69} INFO -   object(stdClass)#126 (3) {
[2025-03-26T13:48:29.951+0000] {docker.py:69} INFO -     ["contador"]=>
[2025-03-26T13:48:29.952+0000] {docker.py:69} INFO -     int(1)
[2025-03-26T13:48:29.952+0000] {docker.py:69} INFO -     ["container"]=>
[2025-03-26T13:48:29.953+0000] {docker.py:69} INFO -     string(8) "php-app1"
[2025-03-26T13:48:29.953+0000] {docker.py:69} INFO -     ["timestamp"]=>
[2025-03-26T13:48:29.954+0000] {docker.py:69} INFO -     int(1742996883)
[2025-03-26T13:48:29.954+0000] {docker.py:69} INFO -   }
[2025-03-26T13:48:29.955+0000] {docker.py:69} INFO -   [125]=>
[2025-03-26T13:48:29.955+0000] {docker.py:69} INFO -   object(stdClass)#127 (3) {
[2025-03-26T13:48:29.955+0000] {docker.py:69} INFO -     ["contador"]=>
[2025-03-26T13:48:29.956+0000] {docker.py:69} INFO -     int(1)
[2025-03-26T13:48:29.956+0000] {docker.py:69} INFO -     ["container"]=>
[2025-03-26T13:48:29.956+0000] {docker.py:69} INFO -     string(8) "php-app2"
[2025-03-26T13:48:29.957+0000] {docker.py:69} INFO -     ["timestamp"]=>
[2025-03-26T13:48:29.957+0000] {docker.py:69} INFO -     int(1742996884)
[2025-03-26T13:48:29.958+0000] {docker.py:69} INFO -   }
[2025-03-26T13:48:29.958+0000] {docker.py:69} INFO -   [126]=>
[2025-03-26T13:48:29.959+0000] {docker.py:69} INFO -   object(stdClass)#128 (3) {
[2025-03-26T13:48:29.961+0000] {docker.py:69} INFO -     ["contador"]=>
[2025-03-26T13:48:29.962+0000] {docker.py:69} INFO -     int(1)
[2025-03-26T13:48:29.962+0000] {docker.py:69} INFO -     ["container"]=>
[2025-03-26T13:48:29.963+0000] {docker.py:69} INFO -     string(8) "php-app2"
[2025-03-26T13:48:29.963+0000] {docker.py:69} INFO -     ["timestamp"]=>
[2025-03-26T13:48:29.965+0000] {docker.py:69} INFO -     int(1742996887)
[2025-03-26T13:48:29.965+0000] {docker.py:69} INFO -   }
[2025-03-26T13:48:29.966+0000] {docker.py:69} INFO -   [127]=>
[2025-03-26T13:48:29.966+0000] {docker.py:69} INFO -   object(stdClass)#129 (3) {
[2025-03-26T13:48:29.966+0000] {docker.py:69} INFO -     ["contador"]=>
[2025-03-26T13:48:29.967+0000] {docker.py:69} INFO -     int(1)
[2025-03-26T13:48:29.967+0000] {docker.py:69} INFO -     ["container"]=>
[2025-03-26T13:48:29.970+0000] {docker.py:69} INFO -     string(8) "php-app2"
[2025-03-26T13:48:29.970+0000] {docker.py:69} INFO -     ["timestamp"]=>
[2025-03-26T13:48:29.985+0000] {docker.py:69} INFO -     int(1742996888)
[2025-03-26T13:48:29.985+0000] {docker.py:69} INFO -   }
[2025-03-26T13:48:29.986+0000] {docker.py:69} INFO -   [128]=>
[2025-03-26T13:48:29.987+0000] {docker.py:69} INFO -   object(stdClass)#130 (3) {
[2025-03-26T13:48:29.988+0000] {docker.py:69} INFO -     ["contador"]=>
[2025-03-26T13:48:29.988+0000] {docker.py:69} INFO -     int(1)
[2025-03-26T13:48:29.989+0000] {docker.py:69} INFO -     ["container"]=>
[2025-03-26T13:48:29.989+0000] {docker.py:69} INFO -     string(8) "php-app1"
[2025-03-26T13:48:29.989+0000] {docker.py:69} INFO -     ["timestamp"]=>
[2025-03-26T13:48:29.990+0000] {docker.py:69} INFO -     int(1742996888)
[2025-03-26T13:48:29.991+0000] {docker.py:69} INFO -   }
[2025-03-26T13:48:29.992+0000] {docker.py:69} INFO -   [129]=>
[2025-03-26T13:48:29.992+0000] {docker.py:69} INFO -   object(stdClass)#131 (3) {
[2025-03-26T13:48:29.993+0000] {docker.py:69} INFO -     ["contador"]=>
[2025-03-26T13:48:29.997+0000] {docker.py:69} INFO -     int(1)
[2025-03-26T13:48:29.997+0000] {docker.py:69} INFO -     ["container"]=>
[2025-03-26T13:48:29.998+0000] {docker.py:69} INFO -     string(8) "php-app2"
[2025-03-26T13:48:29.998+0000] {docker.py:69} INFO -     ["timestamp"]=>
[2025-03-26T13:48:29.999+0000] {docker.py:69} INFO -     int(1742996891)
[2025-03-26T13:48:30.002+0000] {docker.py:69} INFO -   }
[2025-03-26T13:48:30.003+0000] {docker.py:69} INFO -   [130]=>
[2025-03-26T13:48:30.003+0000] {docker.py:69} INFO -   object(stdClass)#132 (3) {
[2025-03-26T13:48:30.004+0000] {docker.py:69} INFO -     ["contador"]=>
[2025-03-26T13:48:30.004+0000] {docker.py:69} INFO -     int(1)
[2025-03-26T13:48:30.007+0000] {docker.py:69} INFO -     ["container"]=>
[2025-03-26T13:48:30.007+0000] {docker.py:69} INFO -     string(8) "php-app1"
[2025-03-26T13:48:30.008+0000] {docker.py:69} INFO -     ["timestamp"]=>
[2025-03-26T13:48:30.011+0000] {docker.py:69} INFO -     int(1742996892)
[2025-03-26T13:48:30.012+0000] {docker.py:69} INFO -   }
[2025-03-26T13:48:30.012+0000] {docker.py:69} INFO -   [131]=>
[2025-03-26T13:48:30.012+0000] {docker.py:69} INFO -   object(stdClass)#133 (3) {
[2025-03-26T13:48:30.013+0000] {docker.py:69} INFO -     ["contador"]=>
[2025-03-26T13:48:30.013+0000] {docker.py:69} INFO -     int(1)
[2025-03-26T13:48:30.013+0000] {docker.py:69} INFO -     ["container"]=>
[2025-03-26T13:48:30.014+0000] {docker.py:69} INFO -     string(8) "php-app2"
[2025-03-26T13:48:30.017+0000] {docker.py:69} INFO -     ["timestamp"]=>
[2025-03-26T13:48:30.018+0000] {docker.py:69} INFO -     int(1742996893)
[2025-03-26T13:48:30.018+0000] {docker.py:69} INFO -   }
[2025-03-26T13:48:30.018+0000] {docker.py:69} INFO -   [132]=>
[2025-03-26T13:48:30.019+0000] {docker.py:69} INFO -   object(stdClass)#134 (3) {
[2025-03-26T13:48:30.019+0000] {docker.py:69} INFO -     ["contador"]=>
[2025-03-26T13:48:30.019+0000] {docker.py:69} INFO -     int(1)
[2025-03-26T13:48:30.019+0000] {docker.py:69} INFO -     ["container"]=>
[2025-03-26T13:48:30.020+0000] {docker.py:69} INFO -     string(8) "php-app1"
[2025-03-26T13:48:30.023+0000] {docker.py:69} INFO -     ["timestamp"]=>
[2025-03-26T13:48:30.024+0000] {docker.py:69} INFO -     int(1742996893)
[2025-03-26T13:48:30.024+0000] {docker.py:69} INFO -   }
[2025-03-26T13:48:30.024+0000] {docker.py:69} INFO -   [133]=>
[2025-03-26T13:48:30.025+0000] {docker.py:69} INFO -   object(stdClass)#135 (3) {
[2025-03-26T13:48:30.025+0000] {docker.py:69} INFO -     ["contador"]=>
[2025-03-26T13:48:30.025+0000] {docker.py:69} INFO -     int(1)
[2025-03-26T13:48:30.026+0000] {docker.py:69} INFO -     ["container"]=>
[2025-03-26T13:48:30.029+0000] {docker.py:69} INFO -     string(8) "php-app2"
[2025-03-26T13:48:30.029+0000] {docker.py:69} INFO -     ["timestamp"]=>
[2025-03-26T13:48:30.030+0000] {docker.py:69} INFO -     int(1742996895)
[2025-03-26T13:48:30.030+0000] {docker.py:69} INFO -   }
[2025-03-26T13:48:30.030+0000] {docker.py:69} INFO -   [134]=>
[2025-03-26T13:48:30.031+0000] {docker.py:69} INFO -   object(stdClass)#136 (3) {
[2025-03-26T13:48:30.031+0000] {docker.py:69} INFO -     ["contador"]=>
[2025-03-26T13:48:30.031+0000] {docker.py:69} INFO -     int(1)
[2025-03-26T13:48:30.032+0000] {docker.py:69} INFO -     ["container"]=>
[2025-03-26T13:48:30.035+0000] {docker.py:69} INFO -     string(8) "php-app1"
[2025-03-26T13:48:30.038+0000] {docker.py:69} INFO -     ["timestamp"]=>
[2025-03-26T13:48:30.038+0000] {docker.py:69} INFO -     int(1742996895)
[2025-03-26T13:48:30.039+0000] {docker.py:69} INFO -   }
[2025-03-26T13:48:30.039+0000] {docker.py:69} INFO -   [135]=>
[2025-03-26T13:48:30.039+0000] {docker.py:69} INFO -   object(stdClass)#137 (3) {
[2025-03-26T13:48:30.040+0000] {docker.py:69} INFO -     ["contador"]=>
[2025-03-26T13:48:30.049+0000] {docker.py:69} INFO -     int(1)
[2025-03-26T13:48:30.050+0000] {docker.py:69} INFO -     ["container"]=>
[2025-03-26T13:48:30.050+0000] {docker.py:69} INFO -     string(8) "php-app2"
[2025-03-26T13:48:30.050+0000] {docker.py:69} INFO -     ["timestamp"]=>
[2025-03-26T13:48:30.051+0000] {docker.py:69} INFO -     int(1742996896)
[2025-03-26T13:48:30.051+0000] {docker.py:69} INFO -   }
[2025-03-26T13:48:30.051+0000] {docker.py:69} INFO -   [136]=>
[2025-03-26T13:48:30.052+0000] {docker.py:69} INFO -   object(stdClass)#138 (3) {
[2025-03-26T13:48:30.052+0000] {docker.py:69} INFO -     ["contador"]=>
[2025-03-26T13:48:30.058+0000] {docker.py:69} INFO -     int(1)
[2025-03-26T13:48:30.059+0000] {docker.py:69} INFO -     ["container"]=>
[2025-03-26T13:48:30.059+0000] {docker.py:69} INFO -     string(8) "php-app1"
[2025-03-26T13:48:30.059+0000] {docker.py:69} INFO -     ["timestamp"]=>
[2025-03-26T13:48:30.060+0000] {docker.py:69} INFO -     int(1742996896)
[2025-03-26T13:48:30.060+0000] {docker.py:69} INFO -   }
[2025-03-26T13:48:30.060+0000] {docker.py:69} INFO -   [137]=>
[2025-03-26T13:48:30.060+0000] {docker.py:69} INFO -   object(stdClass)#139 (3) {
[2025-03-26T13:48:30.061+0000] {docker.py:69} INFO -     ["contador"]=>
[2025-03-26T13:48:30.073+0000] {docker.py:69} INFO -     int(1)
[2025-03-26T13:48:30.074+0000] {docker.py:69} INFO -     ["container"]=>
[2025-03-26T13:48:30.074+0000] {docker.py:69} INFO -     string(8) "php-app1"
[2025-03-26T13:48:30.074+0000] {docker.py:69} INFO -     ["timestamp"]=>
[2025-03-26T13:48:30.074+0000] {docker.py:69} INFO -     int(1742996902)
[2025-03-26T13:48:30.075+0000] {docker.py:69} INFO -   }
[2025-03-26T13:48:30.075+0000] {docker.py:69} INFO -   [138]=>
[2025-03-26T13:48:30.075+0000] {docker.py:69} INFO -   object(stdClass)#140 (3) {
[2025-03-26T13:48:30.076+0000] {docker.py:69} INFO -     ["contador"]=>
[2025-03-26T13:48:30.085+0000] {docker.py:69} INFO -     int(1)
[2025-03-26T13:48:30.085+0000] {docker.py:69} INFO -     ["container"]=>
[2025-03-26T13:48:30.086+0000] {docker.py:69} INFO -     string(8) "php-app2"
[2025-03-26T13:48:30.086+0000] {docker.py:69} INFO -     ["timestamp"]=>
[2025-03-26T13:48:30.086+0000] {docker.py:69} INFO -     int(1742996903)
[2025-03-26T13:48:30.087+0000] {docker.py:69} INFO -   }
[2025-03-26T13:48:30.088+0000] {docker.py:69} INFO -   [139]=>
[2025-03-26T13:48:30.088+0000] {docker.py:69} INFO -   object(stdClass)#141 (3) {
[2025-03-26T13:48:30.089+0000] {docker.py:69} INFO -     ["contador"]=>
[2025-03-26T13:48:30.089+0000] {docker.py:69} INFO -     int(1)
[2025-03-26T13:48:30.090+0000] {docker.py:69} INFO -     ["container"]=>
[2025-03-26T13:48:30.090+0000] {docker.py:69} INFO -     string(8) "php-app1"
[2025-03-26T13:48:30.090+0000] {docker.py:69} INFO -     ["timestamp"]=>
[2025-03-26T13:48:30.091+0000] {docker.py:69} INFO -     int(1742996904)
[2025-03-26T13:48:30.091+0000] {docker.py:69} INFO -   }
[2025-03-26T13:48:30.092+0000] {docker.py:69} INFO -   [140]=>
[2025-03-26T13:48:30.092+0000] {docker.py:69} INFO -   object(stdClass)#142 (3) {
[2025-03-26T13:48:30.092+0000] {docker.py:69} INFO -     ["contador"]=>
[2025-03-26T13:48:30.093+0000] {docker.py:69} INFO -     int(1)
[2025-03-26T13:48:30.093+0000] {docker.py:69} INFO -     ["container"]=>
[2025-03-26T13:48:30.093+0000] {docker.py:69} INFO -     string(8) "php-app2"
[2025-03-26T13:48:30.094+0000] {docker.py:69} INFO -     ["timestamp"]=>
[2025-03-26T13:48:30.094+0000] {docker.py:69} INFO -     int(1742996904)
[2025-03-26T13:48:30.095+0000] {docker.py:69} INFO -   }
[2025-03-26T13:48:30.095+0000] {docker.py:69} INFO -   [141]=>
[2025-03-26T13:48:30.098+0000] {docker.py:69} INFO -   object(stdClass)#143 (3) {
[2025-03-26T13:48:30.099+0000] {docker.py:69} INFO -     ["contador"]=>
[2025-03-26T13:48:30.106+0000] {docker.py:69} INFO -     int(1)
[2025-03-26T13:48:30.107+0000] {docker.py:69} INFO -     ["container"]=>
[2025-03-26T13:48:30.107+0000] {docker.py:69} INFO -     string(8) "php-app2"
[2025-03-26T13:48:30.107+0000] {docker.py:69} INFO -     ["timestamp"]=>
[2025-03-26T13:48:30.108+0000] {docker.py:69} INFO -     int(1742996906)
[2025-03-26T13:48:30.108+0000] {docker.py:69} INFO -   }
[2025-03-26T13:48:30.108+0000] {docker.py:69} INFO -   [142]=>
[2025-03-26T13:48:30.109+0000] {docker.py:69} INFO -   array(3) {
[2025-03-26T13:48:30.109+0000] {docker.py:69} INFO -     ["contador"]=>
[2025-03-26T13:48:30.110+0000] {docker.py:69} INFO -     int(1)
[2025-03-26T13:48:30.110+0000] {docker.py:69} INFO -     ["container"]=>
[2025-03-26T13:48:30.110+0000] {docker.py:69} INFO -     string(8) "php-app1"
[2025-03-26T13:48:30.111+0000] {docker.py:69} INFO -     ["timestamp"]=>
[2025-03-26T13:48:30.111+0000] {docker.py:69} INFO -     int(1742996907)
[2025-03-26T13:48:30.111+0000] {docker.py:69} INFO -   }
[2025-03-26T13:48:30.112+0000] {docker.py:69} INFO - }
[2025-03-26T13:48:30.712+0000] {taskinstance.py:341} INFO - ::group::Post task execution logs
[2025-03-26T13:48:30.725+0000] {taskinstance.py:353} INFO - Marking task as SUCCESS. dag_id=containers1_dag, task_id=php_app1, run_id=scheduled__2025-03-25T05:00:00+00:00, execution_date=20250325T050000, start_date=20250326T134821, end_date=20250326T134830
[2025-03-26T13:48:31.764+0000] {local_task_job_runner.py:266} INFO - Task exited with return code 0
[2025-03-26T13:48:31.913+0000] {taskinstance.py:3901} INFO - 0 downstream tasks scheduled from follow-on schedule check
[2025-03-26T13:48:32.143+0000] {local_task_job_runner.py:245} INFO - ::endgroup::
