[2025-03-26T13:46:44.049+0000] {local_task_job_runner.py:123} INFO - ::group::Pre task execution logs
[2025-03-26T13:46:44.246+0000] {taskinstance.py:2614} INFO - Dependencies all met for dep_context=non-requeueable deps ti=<TaskInstance: containers1_dag.php_app2 scheduled__2025-03-25T02:00:00+00:00 [queued]>
[2025-03-26T13:46:44.274+0000] {taskinstance.py:2614} INFO - Dependencies all met for dep_context=requeueable deps ti=<TaskInstance: containers1_dag.php_app2 scheduled__2025-03-25T02:00:00+00:00 [queued]>
[2025-03-26T13:46:44.275+0000] {taskinstance.py:2867} INFO - Starting attempt 1 of 6
[2025-03-26T13:46:44.738+0000] {taskinstance.py:2890} INFO - Executing <Task(DockerOperator): php_app2> on 2025-03-25 02:00:00+00:00
[2025-03-26T13:46:44.769+0000] {logging_mixin.py:190} WARNING - /home/***/.local/lib/python3.12/site-packages/***/task/task_runner/standard_task_runner.py:70 DeprecationWarning: This process (pid=715) is multi-threaded, use of fork() may lead to deadlocks in the child.
[2025-03-26T13:46:44.771+0000] {standard_task_runner.py:72} INFO - Started process 737 to run task
[2025-03-26T13:46:44.776+0000] {standard_task_runner.py:104} INFO - Running: ['***', 'tasks', 'run', 'containers1_dag', 'php_app2', 'scheduled__2025-03-25T02:00:00+00:00', '--job-id', '70', '--raw', '--subdir', 'DAGS_FOLDER/containers1_dag.py', '--cfg-path', '/tmp/tmpo71nyg8c']
[2025-03-26T13:46:44.780+0000] {standard_task_runner.py:105} INFO - Job 70: Subtask php_app2
[2025-03-26T13:46:45.974+0000] {task_command.py:467} INFO - Running <TaskInstance: containers1_dag.php_app2 scheduled__2025-03-25T02:00:00+00:00 [running]> on host 3d581a580455
[2025-03-26T13:46:49.043+0000] {taskinstance.py:3134} INFO - Exporting env vars: AIRFLOW_CTX_DAG_OWNER='andre' AIRFLOW_CTX_DAG_ID='containers1_dag' AIRFLOW_CTX_TASK_ID='php_app2' AIRFLOW_CTX_EXECUTION_DATE='2025-03-25T02:00:00+00:00' AIRFLOW_CTX_TRY_NUMBER='1' AIRFLOW_CTX_DAG_RUN_ID='scheduled__2025-03-25T02:00:00+00:00'
[2025-03-26T13:46:49.044+0000] {taskinstance.py:732} INFO - ::endgroup::
[2025-03-26T13:46:49.318+0000] {docker.py:345} INFO - Starting docker container from image php-app2
[2025-03-26T13:46:49.326+0000] {docker.py:353} WARNING - Using remote engine or docker-in-docker and mounting temporary volume from host is not supported. Falling back to `mount_tmp_dir=False` mode. You can set `mount_tmp_dir` parameter to False to disable mounting and remove the warning
[2025-03-26T13:46:53.178+0000] {docker.py:69} INFO - array(73) {
[2025-03-26T13:46:53.179+0000] {docker.py:69} INFO -   [0]=>
[2025-03-26T13:46:53.179+0000] {docker.py:69} INFO -   object(stdClass)#2 (3) {
[2025-03-26T13:46:53.180+0000] {docker.py:69} INFO -     ["contador"]=>
[2025-03-26T13:46:53.180+0000] {docker.py:69} INFO -     int(0)
[2025-03-26T13:46:53.181+0000] {docker.py:69} INFO -     ["container"]=>
[2025-03-26T13:46:53.181+0000] {docker.py:69} INFO -     string(8) "php-app1"
[2025-03-26T13:46:53.182+0000] {docker.py:69} INFO -     ["timestamp"]=>
[2025-03-26T13:46:53.182+0000] {docker.py:69} INFO -     int(1742852307)
[2025-03-26T13:46:53.183+0000] {docker.py:69} INFO -   }
[2025-03-26T13:46:53.183+0000] {docker.py:69} INFO -   [1]=>
[2025-03-26T13:46:53.184+0000] {docker.py:69} INFO -   object(stdClass)#3 (3) {
[2025-03-26T13:46:53.184+0000] {docker.py:69} INFO -     ["contador"]=>
[2025-03-26T13:46:53.185+0000] {docker.py:69} INFO -     int(1)
[2025-03-26T13:46:53.185+0000] {docker.py:69} INFO -     ["container"]=>
[2025-03-26T13:46:53.186+0000] {docker.py:69} INFO -     string(8) "php-app2"
[2025-03-26T13:46:53.186+0000] {docker.py:69} INFO -     ["timestamp"]=>
[2025-03-26T13:46:53.187+0000] {docker.py:69} INFO -     int(1742852309)
[2025-03-26T13:46:53.187+0000] {docker.py:69} INFO -   }
[2025-03-26T13:46:53.188+0000] {docker.py:69} INFO -   [2]=>
[2025-03-26T13:46:53.188+0000] {docker.py:69} INFO -   object(stdClass)#4 (3) {
[2025-03-26T13:46:53.189+0000] {docker.py:69} INFO -     ["contador"]=>
[2025-03-26T13:46:53.189+0000] {docker.py:69} INFO -     int(1)
[2025-03-26T13:46:53.189+0000] {docker.py:69} INFO -     ["container"]=>
[2025-03-26T13:46:53.190+0000] {docker.py:69} INFO -     string(8) "php-app1"
[2025-03-26T13:46:53.190+0000] {docker.py:69} INFO -     ["timestamp"]=>
[2025-03-26T13:46:53.191+0000] {docker.py:69} INFO -     int(1742852311)
[2025-03-26T13:46:53.191+0000] {docker.py:69} INFO -   }
[2025-03-26T13:46:53.192+0000] {docker.py:69} INFO -   [3]=>
[2025-03-26T13:46:53.192+0000] {docker.py:69} INFO -   object(stdClass)#5 (3) {
[2025-03-26T13:46:53.193+0000] {docker.py:69} INFO -     ["contador"]=>
[2025-03-26T13:46:53.193+0000] {docker.py:69} INFO -     int(1)
[2025-03-26T13:46:53.194+0000] {docker.py:69} INFO -     ["container"]=>
[2025-03-26T13:46:53.194+0000] {docker.py:69} INFO -     string(8) "php-app2"
[2025-03-26T13:46:53.195+0000] {docker.py:69} INFO -     ["timestamp"]=>
[2025-03-26T13:46:53.196+0000] {docker.py:69} INFO -     int(1742852314)
[2025-03-26T13:46:53.196+0000] {docker.py:69} INFO -   }
[2025-03-26T13:46:53.196+0000] {docker.py:69} INFO -   [4]=>
[2025-03-26T13:46:53.197+0000] {docker.py:69} INFO -   object(stdClass)#6 (3) {
[2025-03-26T13:46:53.197+0000] {docker.py:69} INFO -     ["contador"]=>
[2025-03-26T13:46:53.198+0000] {docker.py:69} INFO -     int(1)
[2025-03-26T13:46:53.198+0000] {docker.py:69} INFO -     ["container"]=>
[2025-03-26T13:46:53.198+0000] {docker.py:69} INFO -     string(8) "php-app2"
[2025-03-26T13:46:53.199+0000] {docker.py:69} INFO -     ["timestamp"]=>
[2025-03-26T13:46:53.199+0000] {docker.py:69} INFO -     int(1742996301)
[2025-03-26T13:46:53.200+0000] {docker.py:69} INFO -   }
[2025-03-26T13:46:53.200+0000] {docker.py:69} INFO -   [5]=>
[2025-03-26T13:46:53.201+0000] {docker.py:69} INFO -   object(stdClass)#7 (3) {
[2025-03-26T13:46:53.201+0000] {docker.py:69} INFO -     ["contador"]=>
[2025-03-26T13:46:53.202+0000] {docker.py:69} INFO -     int(1)
[2025-03-26T13:46:53.202+0000] {docker.py:69} INFO -     ["container"]=>
[2025-03-26T13:46:53.203+0000] {docker.py:69} INFO -     string(8) "php-app1"
[2025-03-26T13:46:53.203+0000] {docker.py:69} INFO -     ["timestamp"]=>
[2025-03-26T13:46:53.203+0000] {docker.py:69} INFO -     int(1742996302)
[2025-03-26T13:46:53.204+0000] {docker.py:69} INFO -   }
[2025-03-26T13:46:53.204+0000] {docker.py:69} INFO -   [6]=>
[2025-03-26T13:46:53.205+0000] {docker.py:69} INFO -   object(stdClass)#8 (3) {
[2025-03-26T13:46:53.205+0000] {docker.py:69} INFO -     ["contador"]=>
[2025-03-26T13:46:53.205+0000] {docker.py:69} INFO -     int(1)
[2025-03-26T13:46:53.206+0000] {docker.py:69} INFO -     ["container"]=>
[2025-03-26T13:46:53.206+0000] {docker.py:69} INFO -     string(8) "php-app1"
[2025-03-26T13:46:53.207+0000] {docker.py:69} INFO -     ["timestamp"]=>
[2025-03-26T13:46:53.207+0000] {docker.py:69} INFO -     int(1742996302)
[2025-03-26T13:46:53.207+0000] {docker.py:69} INFO -   }
[2025-03-26T13:46:53.208+0000] {docker.py:69} INFO -   [7]=>
[2025-03-26T13:46:53.208+0000] {docker.py:69} INFO -   object(stdClass)#9 (3) {
[2025-03-26T13:46:53.209+0000] {docker.py:69} INFO -     ["contador"]=>
[2025-03-26T13:46:53.209+0000] {docker.py:69} INFO -     int(1)
[2025-03-26T13:46:53.210+0000] {docker.py:69} INFO -     ["container"]=>
[2025-03-26T13:46:53.210+0000] {docker.py:69} INFO -     string(8) "php-app2"
[2025-03-26T13:46:53.210+0000] {docker.py:69} INFO -     ["timestamp"]=>
[2025-03-26T13:46:53.211+0000] {docker.py:69} INFO -     int(1742996303)
[2025-03-26T13:46:53.211+0000] {docker.py:69} INFO -   }
[2025-03-26T13:46:53.212+0000] {docker.py:69} INFO -   [8]=>
[2025-03-26T13:46:53.212+0000] {docker.py:69} INFO -   object(stdClass)#10 (3) {
[2025-03-26T13:46:53.213+0000] {docker.py:69} INFO -     ["contador"]=>
[2025-03-26T13:46:53.213+0000] {docker.py:69} INFO -     int(1)
[2025-03-26T13:46:53.214+0000] {docker.py:69} INFO -     ["container"]=>
[2025-03-26T13:46:53.214+0000] {docker.py:69} INFO -     string(8) "php-app1"
[2025-03-26T13:46:53.214+0000] {docker.py:69} INFO -     ["timestamp"]=>
[2025-03-26T13:46:53.215+0000] {docker.py:69} INFO -     int(1742996304)
[2025-03-26T13:46:53.215+0000] {docker.py:69} INFO -   }
[2025-03-26T13:46:53.216+0000] {docker.py:69} INFO -   [9]=>
[2025-03-26T13:46:53.216+0000] {docker.py:69} INFO -   object(stdClass)#11 (3) {
[2025-03-26T13:46:53.217+0000] {docker.py:69} INFO -     ["contador"]=>
[2025-03-26T13:46:53.217+0000] {docker.py:69} INFO -     int(1)
[2025-03-26T13:46:53.218+0000] {docker.py:69} INFO -     ["container"]=>
[2025-03-26T13:46:53.218+0000] {docker.py:69} INFO -     string(8) "php-app2"
[2025-03-26T13:46:53.218+0000] {docker.py:69} INFO -     ["timestamp"]=>
[2025-03-26T13:46:53.219+0000] {docker.py:69} INFO -     int(1742996305)
[2025-03-26T13:46:53.219+0000] {docker.py:69} INFO -   }
[2025-03-26T13:46:53.220+0000] {docker.py:69} INFO -   [10]=>
[2025-03-26T13:46:53.220+0000] {docker.py:69} INFO -   object(stdClass)#12 (3) {
[2025-03-26T13:46:53.221+0000] {docker.py:69} INFO -     ["contador"]=>
[2025-03-26T13:46:53.221+0000] {docker.py:69} INFO -     int(1)
[2025-03-26T13:46:53.222+0000] {docker.py:69} INFO -     ["container"]=>
[2025-03-26T13:46:53.223+0000] {docker.py:69} INFO -     string(8) "php-app2"
[2025-03-26T13:46:53.224+0000] {docker.py:69} INFO -     ["timestamp"]=>
[2025-03-26T13:46:53.225+0000] {docker.py:69} INFO -     int(1742996305)
[2025-03-26T13:46:53.225+0000] {docker.py:69} INFO -   }
[2025-03-26T13:46:53.226+0000] {docker.py:69} INFO -   [11]=>
[2025-03-26T13:46:53.226+0000] {docker.py:69} INFO -   object(stdClass)#13 (3) {
[2025-03-26T13:46:53.227+0000] {docker.py:69} INFO -     ["contador"]=>
[2025-03-26T13:46:53.228+0000] {docker.py:69} INFO -     int(1)
[2025-03-26T13:46:53.229+0000] {docker.py:69} INFO -     ["container"]=>
[2025-03-26T13:46:53.229+0000] {docker.py:69} INFO -     string(8) "php-app1"
[2025-03-26T13:46:53.230+0000] {docker.py:69} INFO -     ["timestamp"]=>
[2025-03-26T13:46:53.231+0000] {docker.py:69} INFO -     int(1742996305)
[2025-03-26T13:46:53.231+0000] {docker.py:69} INFO -   }
[2025-03-26T13:46:53.232+0000] {docker.py:69} INFO -   [12]=>
[2025-03-26T13:46:53.234+0000] {docker.py:69} INFO -   object(stdClass)#14 (3) {
[2025-03-26T13:46:53.234+0000] {docker.py:69} INFO -     ["contador"]=>
[2025-03-26T13:46:53.235+0000] {docker.py:69} INFO -     int(1)
[2025-03-26T13:46:53.236+0000] {docker.py:69} INFO -     ["container"]=>
[2025-03-26T13:46:53.237+0000] {docker.py:69} INFO -     string(8) "php-app1"
[2025-03-26T13:46:53.237+0000] {docker.py:69} INFO -     ["timestamp"]=>
[2025-03-26T13:46:53.237+0000] {docker.py:69} INFO -     int(1742996309)
[2025-03-26T13:46:53.238+0000] {docker.py:69} INFO -   }
[2025-03-26T13:46:53.239+0000] {docker.py:69} INFO -   [13]=>
[2025-03-26T13:46:53.239+0000] {docker.py:69} INFO -   object(stdClass)#15 (3) {
[2025-03-26T13:46:53.240+0000] {docker.py:69} INFO -     ["contador"]=>
[2025-03-26T13:46:53.240+0000] {docker.py:69} INFO -     int(1)
[2025-03-26T13:46:53.241+0000] {docker.py:69} INFO -     ["container"]=>
[2025-03-26T13:46:53.241+0000] {docker.py:69} INFO -     string(8) "php-app1"
[2025-03-26T13:46:53.290+0000] {docker.py:69} INFO -     ["timestamp"]=>
[2025-03-26T13:46:53.291+0000] {docker.py:69} INFO -     int(1742996309)
[2025-03-26T13:46:53.365+0000] {docker.py:69} INFO -   }
[2025-03-26T13:46:53.366+0000] {docker.py:69} INFO -   [14]=>
[2025-03-26T13:46:53.366+0000] {docker.py:69} INFO -   object(stdClass)#16 (3) {
[2025-03-26T13:46:53.367+0000] {docker.py:69} INFO -     ["contador"]=>
[2025-03-26T13:46:53.377+0000] {docker.py:69} INFO -     int(1)
[2025-03-26T13:46:53.388+0000] {docker.py:69} INFO -     ["container"]=>
[2025-03-26T13:46:53.389+0000] {docker.py:69} INFO -     string(8) "php-app2"
[2025-03-26T13:46:53.391+0000] {docker.py:69} INFO -     ["timestamp"]=>
[2025-03-26T13:46:53.392+0000] {docker.py:69} INFO -     int(1742996309)
[2025-03-26T13:46:53.392+0000] {docker.py:69} INFO -   }
[2025-03-26T13:46:53.393+0000] {docker.py:69} INFO -   [15]=>
[2025-03-26T13:46:53.412+0000] {docker.py:69} INFO -   object(stdClass)#17 (3) {
[2025-03-26T13:46:53.413+0000] {docker.py:69} INFO -     ["contador"]=>
[2025-03-26T13:46:53.414+0000] {docker.py:69} INFO -     int(1)
[2025-03-26T13:46:53.414+0000] {docker.py:69} INFO -     ["container"]=>
[2025-03-26T13:46:53.414+0000] {docker.py:69} INFO -     string(8) "php-app2"
[2025-03-26T13:46:53.430+0000] {docker.py:69} INFO -     ["timestamp"]=>
[2025-03-26T13:46:53.431+0000] {docker.py:69} INFO -     int(1742996309)
[2025-03-26T13:46:53.432+0000] {docker.py:69} INFO -   }
[2025-03-26T13:46:53.437+0000] {docker.py:69} INFO -   [16]=>
[2025-03-26T13:46:53.444+0000] {docker.py:69} INFO -   object(stdClass)#18 (3) {
[2025-03-26T13:46:53.445+0000] {docker.py:69} INFO -     ["contador"]=>
[2025-03-26T13:46:53.445+0000] {docker.py:69} INFO -     int(1)
[2025-03-26T13:46:53.446+0000] {docker.py:69} INFO -     ["container"]=>
[2025-03-26T13:46:53.453+0000] {docker.py:69} INFO -     string(8) "php-app1"
[2025-03-26T13:46:53.453+0000] {docker.py:69} INFO -     ["timestamp"]=>
[2025-03-26T13:46:53.454+0000] {docker.py:69} INFO -     int(1742996310)
[2025-03-26T13:46:53.464+0000] {docker.py:69} INFO -   }
[2025-03-26T13:46:53.465+0000] {docker.py:69} INFO -   [17]=>
[2025-03-26T13:46:53.466+0000] {docker.py:69} INFO -   object(stdClass)#19 (3) {
[2025-03-26T13:46:53.466+0000] {docker.py:69} INFO -     ["contador"]=>
[2025-03-26T13:46:53.467+0000] {docker.py:69} INFO -     int(1)
[2025-03-26T13:46:53.474+0000] {docker.py:69} INFO -     ["container"]=>
[2025-03-26T13:46:53.474+0000] {docker.py:69} INFO -     string(8) "php-app2"
[2025-03-26T13:46:53.489+0000] {docker.py:69} INFO -     ["timestamp"]=>
[2025-03-26T13:46:53.489+0000] {docker.py:69} INFO -     int(1742996310)
[2025-03-26T13:46:53.500+0000] {docker.py:69} INFO -   }
[2025-03-26T13:46:53.506+0000] {docker.py:69} INFO -   [18]=>
[2025-03-26T13:46:53.507+0000] {docker.py:69} INFO -   object(stdClass)#20 (3) {
[2025-03-26T13:46:53.507+0000] {docker.py:69} INFO -     ["contador"]=>
[2025-03-26T13:46:53.508+0000] {docker.py:69} INFO -     int(1)
[2025-03-26T13:46:53.513+0000] {docker.py:69} INFO -     ["container"]=>
[2025-03-26T13:46:53.513+0000] {docker.py:69} INFO -     string(8) "php-app2"
[2025-03-26T13:46:53.514+0000] {docker.py:69} INFO -     ["timestamp"]=>
[2025-03-26T13:46:53.523+0000] {docker.py:69} INFO -     int(1742996310)
[2025-03-26T13:46:53.524+0000] {docker.py:69} INFO -   }
[2025-03-26T13:46:53.524+0000] {docker.py:69} INFO -   [19]=>
[2025-03-26T13:46:53.525+0000] {docker.py:69} INFO -   object(stdClass)#21 (3) {
[2025-03-26T13:46:53.534+0000] {docker.py:69} INFO -     ["contador"]=>
[2025-03-26T13:46:53.534+0000] {docker.py:69} INFO -     int(1)
[2025-03-26T13:46:53.535+0000] {docker.py:69} INFO -     ["container"]=>
[2025-03-26T13:46:53.545+0000] {docker.py:69} INFO -     string(8) "php-app1"
[2025-03-26T13:46:53.546+0000] {docker.py:69} INFO -     ["timestamp"]=>
[2025-03-26T13:46:53.547+0000] {docker.py:69} INFO -     int(1742996311)
[2025-03-26T13:46:53.548+0000] {docker.py:69} INFO -   }
[2025-03-26T13:46:53.550+0000] {docker.py:69} INFO -   [20]=>
[2025-03-26T13:46:53.553+0000] {docker.py:69} INFO -   object(stdClass)#22 (3) {
[2025-03-26T13:46:53.553+0000] {docker.py:69} INFO -     ["contador"]=>
[2025-03-26T13:46:53.554+0000] {docker.py:69} INFO -     int(1)
[2025-03-26T13:46:53.555+0000] {docker.py:69} INFO -     ["container"]=>
[2025-03-26T13:46:53.556+0000] {docker.py:69} INFO -     string(8) "php-app1"
[2025-03-26T13:46:53.559+0000] {docker.py:69} INFO -     ["timestamp"]=>
[2025-03-26T13:46:53.560+0000] {docker.py:69} INFO -     int(1742996311)
[2025-03-26T13:46:53.560+0000] {docker.py:69} INFO -   }
[2025-03-26T13:46:53.560+0000] {docker.py:69} INFO -   [21]=>
[2025-03-26T13:46:53.561+0000] {docker.py:69} INFO -   object(stdClass)#23 (3) {
[2025-03-26T13:46:53.565+0000] {docker.py:69} INFO -     ["contador"]=>
[2025-03-26T13:46:53.566+0000] {docker.py:69} INFO -     int(1)
[2025-03-26T13:46:53.569+0000] {docker.py:69} INFO -     ["container"]=>
[2025-03-26T13:46:53.570+0000] {docker.py:69} INFO -     string(8) "php-app2"
[2025-03-26T13:46:53.572+0000] {docker.py:69} INFO -     ["timestamp"]=>
[2025-03-26T13:46:53.573+0000] {docker.py:69} INFO -     int(1742996312)
[2025-03-26T13:46:53.576+0000] {docker.py:69} INFO -   }
[2025-03-26T13:46:53.577+0000] {docker.py:69} INFO -   [22]=>
[2025-03-26T13:46:53.581+0000] {docker.py:69} INFO -   object(stdClass)#24 (3) {
[2025-03-26T13:46:53.582+0000] {docker.py:69} INFO -     ["contador"]=>
[2025-03-26T13:46:53.582+0000] {docker.py:69} INFO -     int(1)
[2025-03-26T13:46:53.582+0000] {docker.py:69} INFO -     ["container"]=>
[2025-03-26T13:46:53.597+0000] {docker.py:69} INFO -     string(8) "php-app1"
[2025-03-26T13:46:53.598+0000] {docker.py:69} INFO -     ["timestamp"]=>
[2025-03-26T13:46:53.598+0000] {docker.py:69} INFO -     int(1742996313)
[2025-03-26T13:46:53.599+0000] {docker.py:69} INFO -   }
[2025-03-26T13:46:53.600+0000] {docker.py:69} INFO -   [23]=>
[2025-03-26T13:46:53.600+0000] {docker.py:69} INFO -   object(stdClass)#25 (3) {
[2025-03-26T13:46:53.601+0000] {docker.py:69} INFO -     ["contador"]=>
[2025-03-26T13:46:53.601+0000] {docker.py:69} INFO -     int(1)
[2025-03-26T13:46:53.602+0000] {docker.py:69} INFO -     ["container"]=>
[2025-03-26T13:46:53.602+0000] {docker.py:69} INFO -     string(8) "php-app1"
[2025-03-26T13:46:53.603+0000] {docker.py:69} INFO -     ["timestamp"]=>
[2025-03-26T13:46:53.603+0000] {docker.py:69} INFO -     int(1742996751)
[2025-03-26T13:46:53.604+0000] {docker.py:69} INFO -   }
[2025-03-26T13:46:53.604+0000] {docker.py:69} INFO -   [24]=>
[2025-03-26T13:46:53.604+0000] {docker.py:69} INFO -   object(stdClass)#26 (3) {
[2025-03-26T13:46:53.616+0000] {docker.py:69} INFO -     ["contador"]=>
[2025-03-26T13:46:53.616+0000] {docker.py:69} INFO -     int(1)
[2025-03-26T13:46:53.617+0000] {docker.py:69} INFO -     ["container"]=>
[2025-03-26T13:46:53.621+0000] {docker.py:69} INFO -     string(8) "php-app2"
[2025-03-26T13:46:53.622+0000] {docker.py:69} INFO -     ["timestamp"]=>
[2025-03-26T13:46:53.634+0000] {docker.py:69} INFO -     int(1742996751)
[2025-03-26T13:46:53.667+0000] {docker.py:69} INFO -   }
[2025-03-26T13:46:53.671+0000] {docker.py:69} INFO -   [25]=>
[2025-03-26T13:46:53.672+0000] {docker.py:69} INFO -   object(stdClass)#27 (3) {
[2025-03-26T13:46:53.672+0000] {docker.py:69} INFO -     ["contador"]=>
[2025-03-26T13:46:53.673+0000] {docker.py:69} INFO -     int(1)
[2025-03-26T13:46:53.687+0000] {docker.py:69} INFO -     ["container"]=>
[2025-03-26T13:46:53.687+0000] {docker.py:69} INFO -     string(8) "php-app2"
[2025-03-26T13:46:53.688+0000] {docker.py:69} INFO -     ["timestamp"]=>
[2025-03-26T13:46:53.688+0000] {docker.py:69} INFO -     int(1742996756)
[2025-03-26T13:46:53.688+0000] {docker.py:69} INFO -   }
[2025-03-26T13:46:53.689+0000] {docker.py:69} INFO -   [26]=>
[2025-03-26T13:46:53.753+0000] {docker.py:69} INFO -   object(stdClass)#28 (3) {
[2025-03-26T13:46:53.754+0000] {docker.py:69} INFO -     ["contador"]=>
[2025-03-26T13:46:53.755+0000] {docker.py:69} INFO -     int(1)
[2025-03-26T13:46:53.778+0000] {docker.py:69} INFO -     ["container"]=>
[2025-03-26T13:46:53.905+0000] {docker.py:69} INFO -     string(8) "php-app1"
[2025-03-26T13:46:53.906+0000] {docker.py:69} INFO -     ["timestamp"]=>
[2025-03-26T13:46:53.906+0000] {docker.py:69} INFO -     int(1742996756)
[2025-03-26T13:46:53.906+0000] {docker.py:69} INFO -   }
[2025-03-26T13:46:53.907+0000] {docker.py:69} INFO -   [27]=>
[2025-03-26T13:46:53.907+0000] {docker.py:69} INFO -   object(stdClass)#29 (3) {
[2025-03-26T13:46:53.907+0000] {docker.py:69} INFO -     ["contador"]=>
[2025-03-26T13:46:53.908+0000] {docker.py:69} INFO -     int(1)
[2025-03-26T13:46:53.908+0000] {docker.py:69} INFO -     ["container"]=>
[2025-03-26T13:46:53.909+0000] {docker.py:69} INFO -     string(8) "php-app1"
[2025-03-26T13:46:53.909+0000] {docker.py:69} INFO -     ["timestamp"]=>
[2025-03-26T13:46:53.910+0000] {docker.py:69} INFO -     int(1742996757)
[2025-03-26T13:46:53.910+0000] {docker.py:69} INFO -   }
[2025-03-26T13:46:53.911+0000] {docker.py:69} INFO -   [28]=>
[2025-03-26T13:46:53.912+0000] {docker.py:69} INFO -   object(stdClass)#30 (3) {
[2025-03-26T13:46:53.912+0000] {docker.py:69} INFO -     ["contador"]=>
[2025-03-26T13:46:53.913+0000] {docker.py:69} INFO -     int(1)
[2025-03-26T13:46:53.913+0000] {docker.py:69} INFO -     ["container"]=>
[2025-03-26T13:46:53.913+0000] {docker.py:69} INFO -     string(8) "php-app2"
[2025-03-26T13:46:53.914+0000] {docker.py:69} INFO -     ["timestamp"]=>
[2025-03-26T13:46:53.914+0000] {docker.py:69} INFO -     int(1742996757)
[2025-03-26T13:46:53.914+0000] {docker.py:69} INFO -   }
[2025-03-26T13:46:53.915+0000] {docker.py:69} INFO -   [29]=>
[2025-03-26T13:46:53.915+0000] {docker.py:69} INFO -   object(stdClass)#31 (3) {
[2025-03-26T13:46:53.916+0000] {docker.py:69} INFO -     ["contador"]=>
[2025-03-26T13:46:53.916+0000] {docker.py:69} INFO -     int(1)
[2025-03-26T13:46:53.917+0000] {docker.py:69} INFO -     ["container"]=>
[2025-03-26T13:46:53.917+0000] {docker.py:69} INFO -     string(8) "php-app2"
[2025-03-26T13:46:53.918+0000] {docker.py:69} INFO -     ["timestamp"]=>
[2025-03-26T13:46:53.918+0000] {docker.py:69} INFO -     int(1742996758)
[2025-03-26T13:46:53.919+0000] {docker.py:69} INFO -   }
[2025-03-26T13:46:53.919+0000] {docker.py:69} INFO -   [30]=>
[2025-03-26T13:46:53.920+0000] {docker.py:69} INFO -   object(stdClass)#32 (3) {
[2025-03-26T13:46:53.921+0000] {docker.py:69} INFO -     ["contador"]=>
[2025-03-26T13:46:53.922+0000] {docker.py:69} INFO -     int(1)
[2025-03-26T13:46:53.922+0000] {docker.py:69} INFO -     ["container"]=>
[2025-03-26T13:46:53.923+0000] {docker.py:69} INFO -     string(8) "php-app1"
[2025-03-26T13:46:53.923+0000] {docker.py:69} INFO -     ["timestamp"]=>
[2025-03-26T13:46:53.924+0000] {docker.py:69} INFO -     int(1742996760)
[2025-03-26T13:46:54.091+0000] {docker.py:69} INFO -   }
[2025-03-26T13:46:54.091+0000] {docker.py:69} INFO -   [31]=>
[2025-03-26T13:46:54.092+0000] {docker.py:69} INFO -   object(stdClass)#33 (3) {
[2025-03-26T13:46:54.096+0000] {docker.py:69} INFO -     ["contador"]=>
[2025-03-26T13:46:54.098+0000] {docker.py:69} INFO -     int(1)
[2025-03-26T13:46:54.099+0000] {docker.py:69} INFO -     ["container"]=>
[2025-03-26T13:46:54.099+0000] {docker.py:69} INFO -     string(8) "php-app2"
[2025-03-26T13:46:54.099+0000] {docker.py:69} INFO -     ["timestamp"]=>
[2025-03-26T13:46:54.100+0000] {docker.py:69} INFO -     int(1742996760)
[2025-03-26T13:46:54.103+0000] {docker.py:69} INFO -   }
[2025-03-26T13:46:54.104+0000] {docker.py:69} INFO -   [32]=>
[2025-03-26T13:46:54.107+0000] {docker.py:69} INFO -   object(stdClass)#34 (3) {
[2025-03-26T13:46:54.107+0000] {docker.py:69} INFO -     ["contador"]=>
[2025-03-26T13:46:54.107+0000] {docker.py:69} INFO -     int(1)
[2025-03-26T13:46:54.108+0000] {docker.py:69} INFO -     ["container"]=>
[2025-03-26T13:46:54.119+0000] {docker.py:69} INFO -     string(8) "php-app2"
[2025-03-26T13:46:54.121+0000] {docker.py:69} INFO -     ["timestamp"]=>
[2025-03-26T13:46:54.122+0000] {docker.py:69} INFO -     int(1742996761)
[2025-03-26T13:46:54.122+0000] {docker.py:69} INFO -   }
[2025-03-26T13:46:54.123+0000] {docker.py:69} INFO -   [33]=>
[2025-03-26T13:46:54.124+0000] {docker.py:69} INFO -   object(stdClass)#35 (3) {
[2025-03-26T13:46:54.124+0000] {docker.py:69} INFO -     ["contador"]=>
[2025-03-26T13:46:54.125+0000] {docker.py:69} INFO -     int(1)
[2025-03-26T13:46:54.126+0000] {docker.py:69} INFO -     ["container"]=>
[2025-03-26T13:46:54.127+0000] {docker.py:69} INFO -     string(8) "php-app1"
[2025-03-26T13:46:54.127+0000] {docker.py:69} INFO -     ["timestamp"]=>
[2025-03-26T13:46:54.128+0000] {docker.py:69} INFO -     int(1742996762)
[2025-03-26T13:46:54.128+0000] {docker.py:69} INFO -   }
[2025-03-26T13:46:54.129+0000] {docker.py:69} INFO -   [34]=>
[2025-03-26T13:46:54.131+0000] {docker.py:69} INFO -   object(stdClass)#36 (3) {
[2025-03-26T13:46:54.132+0000] {docker.py:69} INFO -     ["contador"]=>
[2025-03-26T13:46:54.132+0000] {docker.py:69} INFO -     int(1)
[2025-03-26T13:46:54.133+0000] {docker.py:69} INFO -     ["container"]=>
[2025-03-26T13:46:54.134+0000] {docker.py:69} INFO -     string(8) "php-app2"
[2025-03-26T13:46:54.135+0000] {docker.py:69} INFO -     ["timestamp"]=>
[2025-03-26T13:46:54.136+0000] {docker.py:69} INFO -     int(1742996762)
[2025-03-26T13:46:54.137+0000] {docker.py:69} INFO -   }
[2025-03-26T13:46:54.137+0000] {docker.py:69} INFO -   [35]=>
[2025-03-26T13:46:54.138+0000] {docker.py:69} INFO -   object(stdClass)#37 (3) {
[2025-03-26T13:46:54.139+0000] {docker.py:69} INFO -     ["contador"]=>
[2025-03-26T13:46:54.139+0000] {docker.py:69} INFO -     int(1)
[2025-03-26T13:46:54.140+0000] {docker.py:69} INFO -     ["container"]=>
[2025-03-26T13:46:54.141+0000] {docker.py:69} INFO -     string(8) "php-app1"
[2025-03-26T13:46:54.141+0000] {docker.py:69} INFO -     ["timestamp"]=>
[2025-03-26T13:46:54.142+0000] {docker.py:69} INFO -     int(1742996763)
[2025-03-26T13:46:54.142+0000] {docker.py:69} INFO -   }
[2025-03-26T13:46:54.143+0000] {docker.py:69} INFO -   [36]=>
[2025-03-26T13:46:54.144+0000] {docker.py:69} INFO -   object(stdClass)#38 (3) {
[2025-03-26T13:46:54.144+0000] {docker.py:69} INFO -     ["contador"]=>
[2025-03-26T13:46:54.145+0000] {docker.py:69} INFO -     int(1)
[2025-03-26T13:46:54.210+0000] {docker.py:69} INFO -     ["container"]=>
[2025-03-26T13:46:54.211+0000] {docker.py:69} INFO -     string(8) "php-app1"
[2025-03-26T13:46:54.212+0000] {docker.py:69} INFO -     ["timestamp"]=>
[2025-03-26T13:46:54.213+0000] {docker.py:69} INFO -     int(1742996763)
[2025-03-26T13:46:54.213+0000] {docker.py:69} INFO -   }
[2025-03-26T13:46:54.214+0000] {docker.py:69} INFO -   [37]=>
[2025-03-26T13:46:54.214+0000] {docker.py:69} INFO -   object(stdClass)#39 (3) {
[2025-03-26T13:46:54.215+0000] {docker.py:69} INFO -     ["contador"]=>
[2025-03-26T13:46:54.215+0000] {docker.py:69} INFO -     int(1)
[2025-03-26T13:46:54.216+0000] {docker.py:69} INFO -     ["container"]=>
[2025-03-26T13:46:54.216+0000] {docker.py:69} INFO -     string(8) "php-app2"
[2025-03-26T13:46:54.217+0000] {docker.py:69} INFO -     ["timestamp"]=>
[2025-03-26T13:46:54.218+0000] {docker.py:69} INFO -     int(1742996771)
[2025-03-26T13:46:54.219+0000] {docker.py:69} INFO -   }
[2025-03-26T13:46:54.220+0000] {docker.py:69} INFO -   [38]=>
[2025-03-26T13:46:54.221+0000] {docker.py:69} INFO -   object(stdClass)#40 (3) {
[2025-03-26T13:46:54.222+0000] {docker.py:69} INFO -     ["contador"]=>
[2025-03-26T13:46:54.222+0000] {docker.py:69} INFO -     int(1)
[2025-03-26T13:46:54.223+0000] {docker.py:69} INFO -     ["container"]=>
[2025-03-26T13:46:54.223+0000] {docker.py:69} INFO -     string(8) "php-app2"
[2025-03-26T13:46:54.224+0000] {docker.py:69} INFO -     ["timestamp"]=>
[2025-03-26T13:46:54.224+0000] {docker.py:69} INFO -     int(1742996773)
[2025-03-26T13:46:54.225+0000] {docker.py:69} INFO -   }
[2025-03-26T13:46:54.226+0000] {docker.py:69} INFO -   [39]=>
[2025-03-26T13:46:54.227+0000] {docker.py:69} INFO -   object(stdClass)#41 (3) {
[2025-03-26T13:46:54.227+0000] {docker.py:69} INFO -     ["contador"]=>
[2025-03-26T13:46:54.228+0000] {docker.py:69} INFO -     int(1)
[2025-03-26T13:46:54.229+0000] {docker.py:69} INFO -     ["container"]=>
[2025-03-26T13:46:54.230+0000] {docker.py:69} INFO -     string(8) "php-app1"
[2025-03-26T13:46:54.230+0000] {docker.py:69} INFO -     ["timestamp"]=>
[2025-03-26T13:46:54.231+0000] {docker.py:69} INFO -     int(1742996773)
[2025-03-26T13:46:54.231+0000] {docker.py:69} INFO -   }
[2025-03-26T13:46:54.232+0000] {docker.py:69} INFO -   [40]=>
[2025-03-26T13:46:54.232+0000] {docker.py:69} INFO -   object(stdClass)#42 (3) {
[2025-03-26T13:46:54.233+0000] {docker.py:69} INFO -     ["contador"]=>
[2025-03-26T13:46:54.233+0000] {docker.py:69} INFO -     int(1)
[2025-03-26T13:46:54.234+0000] {docker.py:69} INFO -     ["container"]=>
[2025-03-26T13:46:54.234+0000] {docker.py:69} INFO -     string(8) "php-app1"
[2025-03-26T13:46:54.235+0000] {docker.py:69} INFO -     ["timestamp"]=>
[2025-03-26T13:46:54.237+0000] {docker.py:69} INFO -     int(1742996775)
[2025-03-26T13:46:54.238+0000] {docker.py:69} INFO -   }
[2025-03-26T13:46:54.238+0000] {docker.py:69} INFO -   [41]=>
[2025-03-26T13:46:54.239+0000] {docker.py:69} INFO -   object(stdClass)#43 (3) {
[2025-03-26T13:46:54.239+0000] {docker.py:69} INFO -     ["contador"]=>
[2025-03-26T13:46:54.239+0000] {docker.py:69} INFO -     int(1)
[2025-03-26T13:46:54.240+0000] {docker.py:69} INFO -     ["container"]=>
[2025-03-26T13:46:54.240+0000] {docker.py:69} INFO -     string(8) "php-app2"
[2025-03-26T13:46:54.241+0000] {docker.py:69} INFO -     ["timestamp"]=>
[2025-03-26T13:46:54.241+0000] {docker.py:69} INFO -     int(1742996775)
[2025-03-26T13:46:54.242+0000] {docker.py:69} INFO -   }
[2025-03-26T13:46:54.242+0000] {docker.py:69} INFO -   [42]=>
[2025-03-26T13:46:54.243+0000] {docker.py:69} INFO -   object(stdClass)#44 (3) {
[2025-03-26T13:46:54.243+0000] {docker.py:69} INFO -     ["contador"]=>
[2025-03-26T13:46:54.244+0000] {docker.py:69} INFO -     int(1)
[2025-03-26T13:46:54.245+0000] {docker.py:69} INFO -     ["container"]=>
[2025-03-26T13:46:54.246+0000] {docker.py:69} INFO -     string(8) "php-app2"
[2025-03-26T13:46:54.247+0000] {docker.py:69} INFO -     ["timestamp"]=>
[2025-03-26T13:46:54.250+0000] {docker.py:69} INFO -     int(1742996775)
[2025-03-26T13:46:54.251+0000] {docker.py:69} INFO -   }
[2025-03-26T13:46:54.251+0000] {docker.py:69} INFO -   [43]=>
[2025-03-26T13:46:54.350+0000] {docker.py:69} INFO -   object(stdClass)#45 (3) {
[2025-03-26T13:46:54.389+0000] {docker.py:69} INFO -     ["contador"]=>
[2025-03-26T13:46:54.392+0000] {docker.py:69} INFO -     int(1)
[2025-03-26T13:46:54.392+0000] {docker.py:69} INFO -     ["container"]=>
[2025-03-26T13:46:54.400+0000] {docker.py:69} INFO -     string(8) "php-app1"
[2025-03-26T13:46:54.408+0000] {docker.py:69} INFO -     ["timestamp"]=>
[2025-03-26T13:46:54.408+0000] {docker.py:69} INFO -     int(1742996777)
[2025-03-26T13:46:54.409+0000] {docker.py:69} INFO -   }
[2025-03-26T13:46:54.430+0000] {docker.py:69} INFO -   [44]=>
[2025-03-26T13:46:54.431+0000] {docker.py:69} INFO -   object(stdClass)#46 (3) {
[2025-03-26T13:46:54.447+0000] {docker.py:69} INFO -     ["contador"]=>
[2025-03-26T13:46:54.448+0000] {docker.py:69} INFO -     int(1)
[2025-03-26T13:46:54.448+0000] {docker.py:69} INFO -     ["container"]=>
[2025-03-26T13:46:54.449+0000] {docker.py:69} INFO -     string(8) "php-app1"
[2025-03-26T13:46:54.456+0000] {docker.py:69} INFO -     ["timestamp"]=>
[2025-03-26T13:46:54.478+0000] {docker.py:69} INFO -     int(1742996779)
[2025-03-26T13:46:54.479+0000] {docker.py:69} INFO -   }
[2025-03-26T13:46:54.535+0000] {docker.py:69} INFO -   [45]=>
[2025-03-26T13:46:54.535+0000] {docker.py:69} INFO -   object(stdClass)#47 (3) {
[2025-03-26T13:46:54.536+0000] {docker.py:69} INFO -     ["contador"]=>
[2025-03-26T13:46:54.544+0000] {docker.py:69} INFO -     int(1)
[2025-03-26T13:46:54.545+0000] {docker.py:69} INFO -     ["container"]=>
[2025-03-26T13:46:54.550+0000] {docker.py:69} INFO -     string(8) "php-app2"
[2025-03-26T13:46:54.562+0000] {docker.py:69} INFO -     ["timestamp"]=>
[2025-03-26T13:46:54.563+0000] {docker.py:69} INFO -     int(1742996779)
[2025-03-26T13:46:54.564+0000] {docker.py:69} INFO -   }
[2025-03-26T13:46:54.564+0000] {docker.py:69} INFO -   [46]=>
[2025-03-26T13:46:54.565+0000] {docker.py:69} INFO -   object(stdClass)#48 (3) {
[2025-03-26T13:46:54.565+0000] {docker.py:69} INFO -     ["contador"]=>
[2025-03-26T13:46:54.566+0000] {docker.py:69} INFO -     int(1)
[2025-03-26T13:46:54.566+0000] {docker.py:69} INFO -     ["container"]=>
[2025-03-26T13:46:54.567+0000] {docker.py:69} INFO -     string(8) "php-app1"
[2025-03-26T13:46:54.567+0000] {docker.py:69} INFO -     ["timestamp"]=>
[2025-03-26T13:46:54.568+0000] {docker.py:69} INFO -     int(1742996781)
[2025-03-26T13:46:54.569+0000] {docker.py:69} INFO -   }
[2025-03-26T13:46:54.574+0000] {docker.py:69} INFO -   [47]=>
[2025-03-26T13:46:54.574+0000] {docker.py:69} INFO -   object(stdClass)#49 (3) {
[2025-03-26T13:46:54.575+0000] {docker.py:69} INFO -     ["contador"]=>
[2025-03-26T13:46:54.576+0000] {docker.py:69} INFO -     int(1)
[2025-03-26T13:46:54.576+0000] {docker.py:69} INFO -     ["container"]=>
[2025-03-26T13:46:54.577+0000] {docker.py:69} INFO -     string(8) "php-app1"
[2025-03-26T13:46:54.577+0000] {docker.py:69} INFO -     ["timestamp"]=>
[2025-03-26T13:46:54.578+0000] {docker.py:69} INFO -     int(1742996781)
[2025-03-26T13:46:54.578+0000] {docker.py:69} INFO -   }
[2025-03-26T13:46:54.579+0000] {docker.py:69} INFO -   [48]=>
[2025-03-26T13:46:54.579+0000] {docker.py:69} INFO -   object(stdClass)#50 (3) {
[2025-03-26T13:46:54.580+0000] {docker.py:69} INFO -     ["contador"]=>
[2025-03-26T13:46:54.580+0000] {docker.py:69} INFO -     int(1)
[2025-03-26T13:46:54.582+0000] {docker.py:69} INFO -     ["container"]=>
[2025-03-26T13:46:54.582+0000] {docker.py:69} INFO -     string(8) "php-app2"
[2025-03-26T13:46:54.583+0000] {docker.py:69} INFO -     ["timestamp"]=>
[2025-03-26T13:46:54.583+0000] {docker.py:69} INFO -     int(1742996781)
[2025-03-26T13:46:54.584+0000] {docker.py:69} INFO -   }
[2025-03-26T13:46:54.584+0000] {docker.py:69} INFO -   [49]=>
[2025-03-26T13:46:54.584+0000] {docker.py:69} INFO -   object(stdClass)#51 (3) {
[2025-03-26T13:46:54.585+0000] {docker.py:69} INFO -     ["contador"]=>
[2025-03-26T13:46:54.585+0000] {docker.py:69} INFO -     int(1)
[2025-03-26T13:46:54.586+0000] {docker.py:69} INFO -     ["container"]=>
[2025-03-26T13:46:54.586+0000] {docker.py:69} INFO -     string(8) "php-app1"
[2025-03-26T13:46:54.587+0000] {docker.py:69} INFO -     ["timestamp"]=>
[2025-03-26T13:46:54.587+0000] {docker.py:69} INFO -     int(1742996783)
[2025-03-26T13:46:54.588+0000] {docker.py:69} INFO -   }
[2025-03-26T13:46:54.588+0000] {docker.py:69} INFO -   [50]=>
[2025-03-26T13:46:54.589+0000] {docker.py:69} INFO -   object(stdClass)#52 (3) {
[2025-03-26T13:46:54.589+0000] {docker.py:69} INFO -     ["contador"]=>
[2025-03-26T13:46:54.590+0000] {docker.py:69} INFO -     int(1)
[2025-03-26T13:46:54.590+0000] {docker.py:69} INFO -     ["container"]=>
[2025-03-26T13:46:54.591+0000] {docker.py:69} INFO -     string(8) "php-app2"
[2025-03-26T13:46:54.593+0000] {docker.py:69} INFO -     ["timestamp"]=>
[2025-03-26T13:46:54.593+0000] {docker.py:69} INFO -     int(1742996783)
[2025-03-26T13:46:54.594+0000] {docker.py:69} INFO -   }
[2025-03-26T13:46:54.595+0000] {docker.py:69} INFO -   [51]=>
[2025-03-26T13:46:54.595+0000] {docker.py:69} INFO -   object(stdClass)#53 (3) {
[2025-03-26T13:46:54.595+0000] {docker.py:69} INFO -     ["contador"]=>
[2025-03-26T13:46:54.596+0000] {docker.py:69} INFO -     int(1)
[2025-03-26T13:46:54.596+0000] {docker.py:69} INFO -     ["container"]=>
[2025-03-26T13:46:54.597+0000] {docker.py:69} INFO -     string(8) "php-app1"
[2025-03-26T13:46:54.597+0000] {docker.py:69} INFO -     ["timestamp"]=>
[2025-03-26T13:46:54.597+0000] {docker.py:69} INFO -     int(1742996783)
[2025-03-26T13:46:54.598+0000] {docker.py:69} INFO -   }
[2025-03-26T13:46:54.598+0000] {docker.py:69} INFO -   [52]=>
[2025-03-26T13:46:54.599+0000] {docker.py:69} INFO -   object(stdClass)#54 (3) {
[2025-03-26T13:46:54.599+0000] {docker.py:69} INFO -     ["contador"]=>
[2025-03-26T13:46:54.600+0000] {docker.py:69} INFO -     int(1)
[2025-03-26T13:46:54.600+0000] {docker.py:69} INFO -     ["container"]=>
[2025-03-26T13:46:54.601+0000] {docker.py:69} INFO -     string(8) "php-app2"
[2025-03-26T13:46:54.601+0000] {docker.py:69} INFO -     ["timestamp"]=>
[2025-03-26T13:46:54.601+0000] {docker.py:69} INFO -     int(1742996785)
[2025-03-26T13:46:54.602+0000] {docker.py:69} INFO -   }
[2025-03-26T13:46:54.602+0000] {docker.py:69} INFO -   [53]=>
[2025-03-26T13:46:54.603+0000] {docker.py:69} INFO -   object(stdClass)#55 (3) {
[2025-03-26T13:46:54.603+0000] {docker.py:69} INFO -     ["contador"]=>
[2025-03-26T13:46:54.603+0000] {docker.py:69} INFO -     int(1)
[2025-03-26T13:46:54.604+0000] {docker.py:69} INFO -     ["container"]=>
[2025-03-26T13:46:54.604+0000] {docker.py:69} INFO -     string(8) "php-app2"
[2025-03-26T13:46:54.604+0000] {docker.py:69} INFO -     ["timestamp"]=>
[2025-03-26T13:46:54.605+0000] {docker.py:69} INFO -     int(1742996789)
[2025-03-26T13:46:54.605+0000] {docker.py:69} INFO -   }
[2025-03-26T13:46:54.606+0000] {docker.py:69} INFO -   [54]=>
[2025-03-26T13:46:54.607+0000] {docker.py:69} INFO -   object(stdClass)#56 (3) {
[2025-03-26T13:46:54.607+0000] {docker.py:69} INFO -     ["contador"]=>
[2025-03-26T13:46:54.608+0000] {docker.py:69} INFO -     int(1)
[2025-03-26T13:46:54.608+0000] {docker.py:69} INFO -     ["container"]=>
[2025-03-26T13:46:54.609+0000] {docker.py:69} INFO -     string(8) "php-app1"
[2025-03-26T13:46:54.609+0000] {docker.py:69} INFO -     ["timestamp"]=>
[2025-03-26T13:46:54.609+0000] {docker.py:69} INFO -     int(1742996790)
[2025-03-26T13:46:54.610+0000] {docker.py:69} INFO -   }
[2025-03-26T13:46:54.610+0000] {docker.py:69} INFO -   [55]=>
[2025-03-26T13:46:54.610+0000] {docker.py:69} INFO -   object(stdClass)#57 (3) {
[2025-03-26T13:46:54.611+0000] {docker.py:69} INFO -     ["contador"]=>
[2025-03-26T13:46:54.611+0000] {docker.py:69} INFO -     int(1)
[2025-03-26T13:46:54.611+0000] {docker.py:69} INFO -     ["container"]=>
[2025-03-26T13:46:54.611+0000] {docker.py:69} INFO -     string(8) "php-app1"
[2025-03-26T13:46:54.612+0000] {docker.py:69} INFO -     ["timestamp"]=>
[2025-03-26T13:46:54.612+0000] {docker.py:69} INFO -     int(1742996790)
[2025-03-26T13:46:54.612+0000] {docker.py:69} INFO -   }
[2025-03-26T13:46:54.613+0000] {docker.py:69} INFO -   [56]=>
[2025-03-26T13:46:54.613+0000] {docker.py:69} INFO -   object(stdClass)#58 (3) {
[2025-03-26T13:46:54.613+0000] {docker.py:69} INFO -     ["contador"]=>
[2025-03-26T13:46:54.614+0000] {docker.py:69} INFO -     int(1)
[2025-03-26T13:46:54.614+0000] {docker.py:69} INFO -     ["container"]=>
[2025-03-26T13:46:54.614+0000] {docker.py:69} INFO -     string(8) "php-app2"
[2025-03-26T13:46:54.615+0000] {docker.py:69} INFO -     ["timestamp"]=>
[2025-03-26T13:46:54.615+0000] {docker.py:69} INFO -     int(1742996790)
[2025-03-26T13:46:54.616+0000] {docker.py:69} INFO -   }
[2025-03-26T13:46:54.616+0000] {docker.py:69} INFO -   [57]=>
[2025-03-26T13:46:54.616+0000] {docker.py:69} INFO -   object(stdClass)#59 (3) {
[2025-03-26T13:46:54.617+0000] {docker.py:69} INFO -     ["contador"]=>
[2025-03-26T13:46:54.617+0000] {docker.py:69} INFO -     int(1)
[2025-03-26T13:46:54.618+0000] {docker.py:69} INFO -     ["container"]=>
[2025-03-26T13:46:54.618+0000] {docker.py:69} INFO -     string(8) "php-app2"
[2025-03-26T13:46:54.618+0000] {docker.py:69} INFO -     ["timestamp"]=>
[2025-03-26T13:46:54.619+0000] {docker.py:69} INFO -     int(1742996791)
[2025-03-26T13:46:54.620+0000] {docker.py:69} INFO -   }
[2025-03-26T13:46:54.620+0000] {docker.py:69} INFO -   [58]=>
[2025-03-26T13:46:54.620+0000] {docker.py:69} INFO -   object(stdClass)#60 (3) {
[2025-03-26T13:46:54.621+0000] {docker.py:69} INFO -     ["contador"]=>
[2025-03-26T13:46:54.621+0000] {docker.py:69} INFO -     int(1)
[2025-03-26T13:46:54.622+0000] {docker.py:69} INFO -     ["container"]=>
[2025-03-26T13:46:54.622+0000] {docker.py:69} INFO -     string(8) "php-app1"
[2025-03-26T13:46:54.622+0000] {docker.py:69} INFO -     ["timestamp"]=>
[2025-03-26T13:46:54.623+0000] {docker.py:69} INFO -     int(1742996792)
[2025-03-26T13:46:54.623+0000] {docker.py:69} INFO -   }
[2025-03-26T13:46:54.623+0000] {docker.py:69} INFO -   [59]=>
[2025-03-26T13:46:54.624+0000] {docker.py:69} INFO -   object(stdClass)#61 (3) {
[2025-03-26T13:46:54.624+0000] {docker.py:69} INFO -     ["contador"]=>
[2025-03-26T13:46:54.625+0000] {docker.py:69} INFO -     int(1)
[2025-03-26T13:46:54.626+0000] {docker.py:69} INFO -     ["container"]=>
[2025-03-26T13:46:54.627+0000] {docker.py:69} INFO -     string(8) "php-app1"
[2025-03-26T13:46:54.630+0000] {docker.py:69} INFO -     ["timestamp"]=>
[2025-03-26T13:46:54.630+0000] {docker.py:69} INFO -     int(1742996793)
[2025-03-26T13:46:54.631+0000] {docker.py:69} INFO -   }
[2025-03-26T13:46:54.631+0000] {docker.py:69} INFO -   [60]=>
[2025-03-26T13:46:54.632+0000] {docker.py:69} INFO -   object(stdClass)#62 (3) {
[2025-03-26T13:46:54.637+0000] {docker.py:69} INFO -     ["contador"]=>
[2025-03-26T13:46:54.638+0000] {docker.py:69} INFO -     int(1)
[2025-03-26T13:46:54.639+0000] {docker.py:69} INFO -     ["container"]=>
[2025-03-26T13:46:54.640+0000] {docker.py:69} INFO -     string(8) "
[2025-03-26T13:46:54.642+0000] {docker.py:69} INFO - php-app2"
[2025-03-26T13:46:54.643+0000] {docker.py:69} INFO -     ["timestamp"]=>
[2025-03-26T13:46:54.643+0000] {docker.py:69} INFO -     int(1742996794)
[2025-03-26T13:46:54.643+0000] {docker.py:69} INFO -   }
[2025-03-26T13:46:54.644+0000] {docker.py:69} INFO -   [61]=>
[2025-03-26T13:46:54.646+0000] {docker.py:69} INFO -   object(stdClass)#63 (3) {
[2025-03-26T13:46:54.647+0000] {docker.py:69} INFO -     ["contador"]=>
[2025-03-26T13:46:54.647+0000] {docker.py:69} INFO -     int(1)
[2025-03-26T13:46:54.647+0000] {docker.py:69} INFO -     ["container"]=>
[2025-03-26T13:46:54.648+0000] {docker.py:69} INFO -     string(8) "php-app1"
[2025-03-26T13:46:54.648+0000] {docker.py:69} INFO -     ["timestamp"]=>
[2025-03-26T13:46:54.648+0000] {docker.py:69} INFO -     int(1742996795)
[2025-03-26T13:46:54.649+0000] {docker.py:69} INFO -   }
[2025-03-26T13:46:54.652+0000] {docker.py:69} INFO -   [62]=>
[2025-03-26T13:46:54.653+0000] {docker.py:69} INFO -   object(stdClass)#64 (3) {
[2025-03-26T13:46:54.653+0000] {docker.py:69} INFO -     ["contador"]=>
[2025-03-26T13:46:54.653+0000] {docker.py:69} INFO -     int(1)
[2025-03-26T13:46:54.654+0000] {docker.py:69} INFO -     ["container"]=>
[2025-03-26T13:46:54.664+0000] {docker.py:69} INFO -     string(8) "php-app1"
[2025-03-26T13:46:54.665+0000] {docker.py:69} INFO -     ["timestamp"]=>
[2025-03-26T13:46:54.667+0000] {docker.py:69} INFO -     int(1742996797)
[2025-03-26T13:46:54.671+0000] {docker.py:69} INFO -   }
[2025-03-26T13:46:54.672+0000] {docker.py:69} INFO -   [63]=>
[2025-03-26T13:46:54.672+0000] {docker.py:69} INFO -   object(stdClass)#65 (3) {
[2025-03-26T13:46:54.673+0000] {docker.py:69} INFO -     ["contador"]=>
[2025-03-26T13:46:54.676+0000] {docker.py:69} INFO -     int(1)
[2025-03-26T13:46:54.676+0000] {docker.py:69} INFO -     ["container"]=>
[2025-03-26T13:46:54.677+0000] {docker.py:69} INFO -     string(8) "php-app2"
[2025-03-26T13:46:54.677+0000] {docker.py:69} INFO -     ["timestamp"]=>
[2025-03-26T13:46:54.678+0000] {docker.py:69} INFO -     int(1742996797)
[2025-03-26T13:46:54.681+0000] {docker.py:69} INFO -   }
[2025-03-26T13:46:54.681+0000] {docker.py:69} INFO -   [64]=>
[2025-03-26T13:46:54.682+0000] {docker.py:69} INFO -   object(stdClass)#66 (3) {
[2025-03-26T13:46:54.682+0000] {docker.py:69} INFO -     ["contador"]=>
[2025-03-26T13:46:54.683+0000] {docker.py:69} INFO -     int(1)
[2025-03-26T13:46:54.747+0000] {docker.py:69} INFO -     ["container"]=>
[2025-03-26T13:46:54.747+0000] {docker.py:69} INFO -     string(8) "php-app2"
[2025-03-26T13:46:54.748+0000] {docker.py:69} INFO -     ["timestamp"]=>
[2025-03-26T13:46:54.750+0000] {docker.py:69} INFO -     int(1742996797)
[2025-03-26T13:46:54.750+0000] {docker.py:69} INFO -   }
[2025-03-26T13:46:54.751+0000] {docker.py:69} INFO -   [65]=>
[2025-03-26T13:46:54.751+0000] {docker.py:69} INFO -   object(stdClass)#67 (3) {
[2025-03-26T13:46:54.752+0000] {docker.py:69} INFO -     ["contador"]=>
[2025-03-26T13:46:54.752+0000] {docker.py:69} INFO -     int(1)
[2025-03-26T13:46:54.753+0000] {docker.py:69} INFO -     ["container"]=>
[2025-03-26T13:46:54.753+0000] {docker.py:69} INFO -     string(8) "php-app1"
[2025-03-26T13:46:54.753+0000] {docker.py:69} INFO -     ["timestamp"]=>
[2025-03-26T13:46:54.754+0000] {docker.py:69} INFO -     int(1742996804)
[2025-03-26T13:46:54.754+0000] {docker.py:69} INFO -   }
[2025-03-26T13:46:54.755+0000] {docker.py:69} INFO -   [66]=>
[2025-03-26T13:46:54.755+0000] {docker.py:69} INFO -   object(stdClass)#68 (3) {
[2025-03-26T13:46:54.756+0000] {docker.py:69} INFO -     ["contador"]=>
[2025-03-26T13:46:54.756+0000] {docker.py:69} INFO -     int(1)
[2025-03-26T13:46:54.756+0000] {docker.py:69} INFO -     ["container"]=>
[2025-03-26T13:46:54.757+0000] {docker.py:69} INFO -     string(8) "php-app2"
[2025-03-26T13:46:54.757+0000] {docker.py:69} INFO -     ["timestamp"]=>
[2025-03-26T13:46:54.757+0000] {docker.py:69} INFO -     int(1742996806)
[2025-03-26T13:46:54.758+0000] {docker.py:69} INFO -   }
[2025-03-26T13:46:54.758+0000] {docker.py:69} INFO -   [67]=>
[2025-03-26T13:46:54.759+0000] {docker.py:69} INFO -   object(stdClass)#69 (3) {
[2025-03-26T13:46:54.760+0000] {docker.py:69} INFO -     ["contador"]=>
[2025-03-26T13:46:54.762+0000] {docker.py:69} INFO -     int(1)
[2025-03-26T13:46:54.763+0000] {docker.py:69} INFO -     ["container"]=>
[2025-03-26T13:46:54.763+0000] {docker.py:69} INFO -     string(8) "php-app2"
[2025-03-26T13:46:54.764+0000] {docker.py:69} INFO -     ["timestamp"]=>
[2025-03-26T13:46:54.764+0000] {docker.py:69} INFO -     int(1742996807)
[2025-03-26T13:46:54.765+0000] {docker.py:69} INFO -   }
[2025-03-26T13:46:54.765+0000] {docker.py:69} INFO -   [68]=>
[2025-03-26T13:46:54.765+0000] {docker.py:69} INFO -   object(stdClass)#70 (3) {
[2025-03-26T13:46:54.766+0000] {docker.py:69} INFO -     ["contador"]=>
[2025-03-26T13:46:54.766+0000] {docker.py:69} INFO -     int(1)
[2025-03-26T13:46:54.767+0000] {docker.py:69} INFO -     ["container"]=>
[2025-03-26T13:46:54.767+0000] {docker.py:69} INFO -     string(8) "php-app1"
[2025-03-26T13:46:54.768+0000] {docker.py:69} INFO -     ["timestamp"]=>
[2025-03-26T13:46:54.769+0000] {docker.py:69} INFO -     int(1742996807)
[2025-03-26T13:46:54.770+0000] {docker.py:69} INFO -   }
[2025-03-26T13:46:54.770+0000] {docker.py:69} INFO -   [69]=>
[2025-03-26T13:46:54.771+0000] {docker.py:69} INFO -   object(stdClass)#71 (3) {
[2025-03-26T13:46:54.771+0000] {docker.py:69} INFO -     ["contador"]=>
[2025-03-26T13:46:54.772+0000] {docker.py:69} INFO -     int(1)
[2025-03-26T13:46:54.772+0000] {docker.py:69} INFO -     ["container"]=>
[2025-03-26T13:46:54.772+0000] {docker.py:69} INFO -     string(8) "php-app2"
[2025-03-26T13:46:54.773+0000] {docker.py:69} INFO -     ["timestamp"]=>
[2025-03-26T13:46:54.773+0000] {docker.py:69} INFO -     int(1742996809)
[2025-03-26T13:46:54.774+0000] {docker.py:69} INFO -   }
[2025-03-26T13:46:54.774+0000] {docker.py:69} INFO -   [70]=>
[2025-03-26T13:46:54.775+0000] {docker.py:69} INFO -   object(stdClass)#72 (3) {
[2025-03-26T13:46:54.775+0000] {docker.py:69} INFO -     ["contador"]=>
[2025-03-26T13:46:54.775+0000] {docker.py:69} INFO -     int(1)
[2025-03-26T13:46:54.776+0000] {docker.py:69} INFO -     ["container"]=>
[2025-03-26T13:46:54.776+0000] {docker.py:69} INFO -     string(8) "php-app1"
[2025-03-26T13:46:54.777+0000] {docker.py:69} INFO -     ["timestamp"]=>
[2025-03-26T13:46:54.777+0000] {docker.py:69} INFO -     int(1742996810)
[2025-03-26T13:46:54.778+0000] {docker.py:69} INFO -   }
[2025-03-26T13:46:54.781+0000] {docker.py:69} INFO -   [71]=>
[2025-03-26T13:46:54.782+0000] {docker.py:69} INFO -   object(stdClass)#73 (3) {
[2025-03-26T13:46:54.783+0000] {docker.py:69} INFO -     ["contador"]=>
[2025-03-26T13:46:54.784+0000] {docker.py:69} INFO -     int(1)
[2025-03-26T13:46:54.785+0000] {docker.py:69} INFO -     ["container"]=>
[2025-03-26T13:46:54.786+0000] {docker.py:69} INFO -     string(8) "php-app1"
[2025-03-26T13:46:54.786+0000] {docker.py:69} INFO -     ["timestamp"]=>
[2025-03-26T13:46:54.787+0000] {docker.py:69} INFO -     int(1742996812)
[2025-03-26T13:46:54.787+0000] {docker.py:69} INFO -   }
[2025-03-26T13:46:54.788+0000] {docker.py:69} INFO -   [72]=>
[2025-03-26T13:46:54.788+0000] {docker.py:69} INFO -   array(3) {
[2025-03-26T13:46:54.789+0000] {docker.py:69} INFO -     ["contador"]=>
[2025-03-26T13:46:54.789+0000] {docker.py:69} INFO -     int(1)
[2025-03-26T13:46:54.790+0000] {docker.py:69} INFO -     ["container"]=>
[2025-03-26T13:46:54.790+0000] {docker.py:69} INFO -     string(8) "php-app2"
[2025-03-26T13:46:54.791+0000] {docker.py:69} INFO -     ["timestamp"]=>
[2025-03-26T13:46:54.791+0000] {docker.py:69} INFO -     int(1742996813)
[2025-03-26T13:46:54.792+0000] {docker.py:69} INFO -   }
[2025-03-26T13:46:54.792+0000] {docker.py:69} INFO - }
[2025-03-26T13:46:57.028+0000] {taskinstance.py:341} INFO - ::group::Post task execution logs
[2025-03-26T13:46:57.047+0000] {taskinstance.py:353} INFO - Marking task as SUCCESS. dag_id=containers1_dag, task_id=php_app2, run_id=scheduled__2025-03-25T02:00:00+00:00, execution_date=20250325T020000, start_date=20250326T134644, end_date=20250326T134657
[2025-03-26T13:46:58.251+0000] {local_task_job_runner.py:266} INFO - Task exited with return code 0
[2025-03-26T13:46:58.340+0000] {local_task_job_runner.py:245} INFO - ::endgroup::
