[2025-03-26T13:47:15.328+0000] {local_task_job_runner.py:123} INFO - ::group::Pre task execution logs
[2025-03-26T13:47:15.407+0000] {taskinstance.py:2614} INFO - Dependencies all met for dep_context=non-requeueable deps ti=<TaskInstance: containers1_dag.php_app1 scheduled__2025-03-25T02:50:00+00:00 [queued]>
[2025-03-26T13:47:15.560+0000] {taskinstance.py:2614} INFO - Dependencies all met for dep_context=requeueable deps ti=<TaskInstance: containers1_dag.php_app1 scheduled__2025-03-25T02:50:00+00:00 [queued]>
[2025-03-26T13:47:15.561+0000] {taskinstance.py:2867} INFO - Starting attempt 1 of 6
[2025-03-26T13:47:15.663+0000] {taskinstance.py:2890} INFO - Executing <Task(DockerOperator): php_app1> on 2025-03-25 02:50:00+00:00
[2025-03-26T13:47:15.693+0000] {logging_mixin.py:190} WARNING - /home/***/.local/lib/python3.12/site-packages/***/task/task_runner/standard_task_runner.py:70 DeprecationWarning: This process (pid=804) is multi-threaded, use of fork() may lead to deadlocks in the child.
[2025-03-26T13:47:15.700+0000] {standard_task_runner.py:72} INFO - Started process 813 to run task
[2025-03-26T13:47:15.809+0000] {standard_task_runner.py:104} INFO - Running: ['***', 'tasks', 'run', 'containers1_dag', 'php_app1', 'scheduled__2025-03-25T02:50:00+00:00', '--job-id', '91', '--raw', '--subdir', 'DAGS_FOLDER/containers1_dag.py', '--cfg-path', '/tmp/tmpzgohh9j9']
[2025-03-26T13:47:15.884+0000] {standard_task_runner.py:105} INFO - Job 91: Subtask php_app1
[2025-03-26T13:47:16.613+0000] {task_command.py:467} INFO - Running <TaskInstance: containers1_dag.php_app1 scheduled__2025-03-25T02:50:00+00:00 [running]> on host 3d581a580455
[2025-03-26T13:47:18.583+0000] {taskinstance.py:3134} INFO - Exporting env vars: AIRFLOW_CTX_DAG_OWNER='andre' AIRFLOW_CTX_DAG_ID='containers1_dag' AIRFLOW_CTX_TASK_ID='php_app1' AIRFLOW_CTX_EXECUTION_DATE='2025-03-25T02:50:00+00:00' AIRFLOW_CTX_TRY_NUMBER='1' AIRFLOW_CTX_DAG_RUN_ID='scheduled__2025-03-25T02:50:00+00:00'
[2025-03-26T13:47:18.585+0000] {taskinstance.py:732} INFO - ::endgroup::
[2025-03-26T13:47:18.750+0000] {docker.py:345} INFO - Starting docker container from image php-app1
[2025-03-26T13:47:18.767+0000] {docker.py:353} WARNING - Using remote engine or docker-in-docker and mounting temporary volume from host is not supported. Falling back to `mount_tmp_dir=False` mode. You can set `mount_tmp_dir` parameter to False to disable mounting and remove the warning
[2025-03-26T13:47:21.209+0000] {docker.py:69} INFO - array(93) {
[2025-03-26T13:47:21.210+0000] {docker.py:69} INFO -   [0]=>
[2025-03-26T13:47:21.210+0000] {docker.py:69} INFO -   object(stdClass)#2 (3) {
[2025-03-26T13:47:21.211+0000] {docker.py:69} INFO -     ["contador"]=>
[2025-03-26T13:47:21.211+0000] {docker.py:69} INFO -     int(0)
[2025-03-26T13:47:21.211+0000] {docker.py:69} INFO -     ["container"]=>
[2025-03-26T13:47:21.223+0000] {docker.py:69} INFO -     string(8) "php-app1"
[2025-03-26T13:47:21.223+0000] {docker.py:69} INFO -     ["timestamp"]=>
[2025-03-26T13:47:21.224+0000] {docker.py:69} INFO -     int(1742852307)
[2025-03-26T13:47:21.224+0000] {docker.py:69} INFO -   }
[2025-03-26T13:47:21.224+0000] {docker.py:69} INFO -   [1]=>
[2025-03-26T13:47:21.225+0000] {docker.py:69} INFO -   object(stdClass)#3 (3) {
[2025-03-26T13:47:21.225+0000] {docker.py:69} INFO -     ["contador"]=>
[2025-03-26T13:47:21.226+0000] {docker.py:69} INFO -     int(1)
[2025-03-26T13:47:21.226+0000] {docker.py:69} INFO -     ["container"]=>
[2025-03-26T13:47:21.227+0000] {docker.py:69} INFO -     string(8) "php-app2"
[2025-03-26T13:47:21.227+0000] {docker.py:69} INFO -     ["timestamp"]=>
[2025-03-26T13:47:21.227+0000] {docker.py:69} INFO -     int(1742852309)
[2025-03-26T13:47:21.228+0000] {docker.py:69} INFO -   }
[2025-03-26T13:47:21.228+0000] {docker.py:69} INFO -   [2]=>
[2025-03-26T13:47:21.229+0000] {docker.py:69} INFO -   object(stdClass)#4 (3) {
[2025-03-26T13:47:21.229+0000] {docker.py:69} INFO -     ["contador"]=>
[2025-03-26T13:47:21.230+0000] {docker.py:69} INFO -     int(1)
[2025-03-26T13:47:21.230+0000] {docker.py:69} INFO -     ["container"]=>
[2025-03-26T13:47:21.231+0000] {docker.py:69} INFO -     string(8) "php-app1"
[2025-03-26T13:47:21.231+0000] {docker.py:69} INFO -     ["timestamp"]=>
[2025-03-26T13:47:21.231+0000] {docker.py:69} INFO -     int(1742852311)
[2025-03-26T13:47:21.232+0000] {docker.py:69} INFO -   }
[2025-03-26T13:47:21.232+0000] {docker.py:69} INFO -   [3]=>
[2025-03-26T13:47:21.233+0000] {docker.py:69} INFO -   object(stdClass)#5 (3) {
[2025-03-26T13:47:21.233+0000] {docker.py:69} INFO -     ["contador"]=>
[2025-03-26T13:47:21.233+0000] {docker.py:69} INFO -     int(1)
[2025-03-26T13:47:21.234+0000] {docker.py:69} INFO -     ["container"]=>
[2025-03-26T13:47:21.234+0000] {docker.py:69} INFO -     string(8) "php-app2"
[2025-03-26T13:47:21.234+0000] {docker.py:69} INFO -     ["timestamp"]=>
[2025-03-26T13:47:21.235+0000] {docker.py:69} INFO -     int(1742852314)
[2025-03-26T13:47:21.235+0000] {docker.py:69} INFO -   }
[2025-03-26T13:47:21.236+0000] {docker.py:69} INFO -   [4]=>
[2025-03-26T13:47:21.236+0000] {docker.py:69} INFO -   object(stdClass)#6 (3) {
[2025-03-26T13:47:21.236+0000] {docker.py:69} INFO -     ["contador"]=>
[2025-03-26T13:47:21.237+0000] {docker.py:69} INFO -     int(1)
[2025-03-26T13:47:21.237+0000] {docker.py:69} INFO -     ["container"]=>
[2025-03-26T13:47:21.238+0000] {docker.py:69} INFO -     string(8) "php-app2"
[2025-03-26T13:47:21.238+0000] {docker.py:69} INFO -     ["timestamp"]=>
[2025-03-26T13:47:21.246+0000] {docker.py:69} INFO -     int(1742996301)
[2025-03-26T13:47:21.247+0000] {docker.py:69} INFO -   }
[2025-03-26T13:47:21.247+0000] {docker.py:69} INFO -   [5]=>
[2025-03-26T13:47:21.308+0000] {docker.py:69} INFO -   object(stdClass)#7 (3) {
[2025-03-26T13:47:21.319+0000] {docker.py:69} INFO -     ["contador"]=>
[2025-03-26T13:47:21.320+0000] {docker.py:69} INFO -     int(1)
[2025-03-26T13:47:21.329+0000] {docker.py:69} INFO -     ["container"]=>
[2025-03-26T13:47:21.426+0000] {docker.py:69} INFO -     string(8) "php-app1"
[2025-03-26T13:47:21.427+0000] {docker.py:69} INFO -     ["timestamp"]=>
[2025-03-26T13:47:21.434+0000] {docker.py:69} INFO -     int(1742996302)
[2025-03-26T13:47:21.476+0000] {docker.py:69} INFO -   }
[2025-03-26T13:47:21.479+0000] {docker.py:69} INFO -   [6]=>
[2025-03-26T13:47:21.479+0000] {docker.py:69} INFO -   object(stdClass)#8 (3) {
[2025-03-26T13:47:21.480+0000] {docker.py:69} INFO -     ["contador"]=>
[2025-03-26T13:47:21.481+0000] {docker.py:69} INFO -     int(1)
[2025-03-26T13:47:21.481+0000] {docker.py:69} INFO -     ["container"]=>
[2025-03-26T13:47:21.481+0000] {docker.py:69} INFO -     string(8) "php-app1"
[2025-03-26T13:47:21.482+0000] {docker.py:69} INFO -     ["timestamp"]=>
[2025-03-26T13:47:21.482+0000] {docker.py:69} INFO -     int(1742996302)
[2025-03-26T13:47:21.483+0000] {docker.py:69} INFO -   }
[2025-03-26T13:47:21.484+0000] {docker.py:69} INFO -   [7]=>
[2025-03-26T13:47:21.484+0000] {docker.py:69} INFO -   object(stdClass)#9 (3) {
[2025-03-26T13:47:21.487+0000] {docker.py:69} INFO -     ["contador"]=>
[2025-03-26T13:47:21.488+0000] {docker.py:69} INFO -     int(1)
[2025-03-26T13:47:21.489+0000] {docker.py:69} INFO -     ["container"]=>
[2025-03-26T13:47:21.489+0000] {docker.py:69} INFO -     string(8) "php-app2"
[2025-03-26T13:47:21.490+0000] {docker.py:69} INFO -     ["timestamp"]=>
[2025-03-26T13:47:21.491+0000] {docker.py:69} INFO -     int(1742996303)
[2025-03-26T13:47:21.498+0000] {docker.py:69} INFO -   }
[2025-03-26T13:47:21.499+0000] {docker.py:69} INFO -   [8]=>
[2025-03-26T13:47:21.500+0000] {docker.py:69} INFO -   object(stdClass)#10 (3) {
[2025-03-26T13:47:21.502+0000] {docker.py:69} INFO -     ["contador"]=>
[2025-03-26T13:47:21.625+0000] {docker.py:69} INFO -     int(1)
[2025-03-26T13:47:21.642+0000] {docker.py:69} INFO -     ["container"]=>
[2025-03-26T13:47:21.654+0000] {docker.py:69} INFO -     string(8) "php-app1"
[2025-03-26T13:47:21.812+0000] {docker.py:69} INFO -     ["timestamp"]=>
[2025-03-26T13:47:21.813+0000] {docker.py:69} INFO -     int(1742996304)
[2025-03-26T13:47:21.991+0000] {docker.py:69} INFO -   }
[2025-03-26T13:47:21.999+0000] {docker.py:69} INFO -   [9]=>
[2025-03-26T13:47:22.041+0000] {docker.py:69} INFO -   object(stdClass)#11 (3) {
[2025-03-26T13:47:22.042+0000] {docker.py:69} INFO -     ["contador"]=>
[2025-03-26T13:47:22.081+0000] {docker.py:69} INFO -     int(1)
[2025-03-26T13:47:22.081+0000] {docker.py:69} INFO -     ["container"]=>
[2025-03-26T13:47:22.082+0000] {docker.py:69} INFO -     string(8) "php-app2"
[2025-03-26T13:47:22.092+0000] {docker.py:69} INFO -     ["timestamp"]=>
[2025-03-26T13:47:22.093+0000] {docker.py:69} INFO -     int(1742996305)
[2025-03-26T13:47:22.217+0000] {docker.py:69} INFO -   }
[2025-03-26T13:47:22.232+0000] {docker.py:69} INFO -   [10]=>
[2025-03-26T13:47:22.233+0000] {docker.py:69} INFO -   object(stdClass)#12 (3) {
[2025-03-26T13:47:22.284+0000] {docker.py:69} INFO -     ["contador"]=>
[2025-03-26T13:47:22.462+0000] {docker.py:69} INFO -     int(1)
[2025-03-26T13:47:22.466+0000] {docker.py:69} INFO -     ["container"]=>
[2025-03-26T13:47:22.475+0000] {docker.py:69} INFO -     string(8) "php-app2"
[2025-03-26T13:47:22.476+0000] {docker.py:69} INFO -     ["timestamp"]=>
[2025-03-26T13:47:22.476+0000] {docker.py:69} INFO -     int(1742996305)
[2025-03-26T13:47:22.477+0000] {docker.py:69} INFO -   }
[2025-03-26T13:47:22.477+0000] {docker.py:69} INFO -   [11]=>
[2025-03-26T13:47:22.478+0000] {docker.py:69} INFO -   object(stdClass)#13 (3) {
[2025-03-26T13:47:22.478+0000] {docker.py:69} INFO -     ["contador"]=>
[2025-03-26T13:47:22.479+0000] {docker.py:69} INFO -     int(1)
[2025-03-26T13:47:22.479+0000] {docker.py:69} INFO -     ["container"]=>
[2025-03-26T13:47:22.480+0000] {docker.py:69} INFO -     string(8) "php-app1"
[2025-03-26T13:47:22.480+0000] {docker.py:69} INFO -     ["timestamp"]=>
[2025-03-26T13:47:22.480+0000] {docker.py:69} INFO -     int(1742996305)
[2025-03-26T13:47:22.481+0000] {docker.py:69} INFO -   }
[2025-03-26T13:47:22.481+0000] {docker.py:69} INFO -   [12]=>
[2025-03-26T13:47:22.482+0000] {docker.py:69} INFO -   object(stdClass)#14 (3) {
[2025-03-26T13:47:22.482+0000] {docker.py:69} INFO -     ["contador"]=>
[2025-03-26T13:47:22.483+0000] {docker.py:69} INFO -     int(1)
[2025-03-26T13:47:22.483+0000] {docker.py:69} INFO -     ["container"]=>
[2025-03-26T13:47:22.484+0000] {docker.py:69} INFO -     string(8) "php-app1"
[2025-03-26T13:47:22.484+0000] {docker.py:69} INFO -     ["timestamp"]=>
[2025-03-26T13:47:22.484+0000] {docker.py:69} INFO -     int(1742996309)
[2025-03-26T13:47:22.485+0000] {docker.py:69} INFO -   }
[2025-03-26T13:47:22.485+0000] {docker.py:69} INFO -   [13]=>
[2025-03-26T13:47:22.486+0000] {docker.py:69} INFO -   object(stdClass)#15 (3) {
[2025-03-26T13:47:22.486+0000] {docker.py:69} INFO -     ["contador"]=>
[2025-03-26T13:47:22.486+0000] {docker.py:69} INFO -     int(1)
[2025-03-26T13:47:22.487+0000] {docker.py:69} INFO -     ["container"]=>
[2025-03-26T13:47:22.487+0000] {docker.py:69} INFO -     string(8) "php-app1"
[2025-03-26T13:47:22.488+0000] {docker.py:69} INFO -     ["timestamp"]=>
[2025-03-26T13:47:22.488+0000] {docker.py:69} INFO -     int(1742996309)
[2025-03-26T13:47:22.489+0000] {docker.py:69} INFO -   }
[2025-03-26T13:47:22.489+0000] {docker.py:69} INFO -   [14]=>
[2025-03-26T13:47:22.489+0000] {docker.py:69} INFO -   object(stdClass)#16 (3) {
[2025-03-26T13:47:22.490+0000] {docker.py:69} INFO -     ["contador"]=>
[2025-03-26T13:47:22.490+0000] {docker.py:69} INFO -     int(1)
[2025-03-26T13:47:22.491+0000] {docker.py:69} INFO -     ["container"]=>
[2025-03-26T13:47:22.491+0000] {docker.py:69} INFO -     string(8) "php-app2"
[2025-03-26T13:47:22.491+0000] {docker.py:69} INFO -     ["timestamp"]=>
[2025-03-26T13:47:22.492+0000] {docker.py:69} INFO -     int(1742996309)
[2025-03-26T13:47:22.492+0000] {docker.py:69} INFO -   }
[2025-03-26T13:47:22.493+0000] {docker.py:69} INFO -   [15]=>
[2025-03-26T13:47:22.493+0000] {docker.py:69} INFO -   object(stdClass)#17 (3) {
[2025-03-26T13:47:22.493+0000] {docker.py:69} INFO -     ["contador"]=>
[2025-03-26T13:47:22.494+0000] {docker.py:69} INFO -     int(1)
[2025-03-26T13:47:22.494+0000] {docker.py:69} INFO -     ["container"]=>
[2025-03-26T13:47:22.495+0000] {docker.py:69} INFO -     string(8) "php-app2"
[2025-03-26T13:47:22.495+0000] {docker.py:69} INFO -     ["timestamp"]=>
[2025-03-26T13:47:22.496+0000] {docker.py:69} INFO -     int(1742996309)
[2025-03-26T13:47:22.496+0000] {docker.py:69} INFO -   }
[2025-03-26T13:47:22.497+0000] {docker.py:69} INFO -   [16]=>
[2025-03-26T13:47:22.497+0000] {docker.py:69} INFO -   object(stdClass)#18 (3) {
[2025-03-26T13:47:22.498+0000] {docker.py:69} INFO -     ["contador"]=>
[2025-03-26T13:47:22.500+0000] {docker.py:69} INFO -     int(1)
[2025-03-26T13:47:22.501+0000] {docker.py:69} INFO -     ["container"]=>
[2025-03-26T13:47:22.503+0000] {docker.py:69} INFO -     string(8) "php-app1"
[2025-03-26T13:47:22.504+0000] {docker.py:69} INFO -     ["timestamp"]=>
[2025-03-26T13:47:22.505+0000] {docker.py:69} INFO -     int(1742996310)
[2025-03-26T13:47:22.506+0000] {docker.py:69} INFO -   }
[2025-03-26T13:47:22.519+0000] {docker.py:69} INFO -   [17]=>
[2025-03-26T13:47:22.520+0000] {docker.py:69} INFO -   object(stdClass)#19 (3) {
[2025-03-26T13:47:22.629+0000] {docker.py:69} INFO -     ["contador"]=>
[2025-03-26T13:47:22.630+0000] {docker.py:69} INFO -     int(1)
[2025-03-26T13:47:22.634+0000] {docker.py:69} INFO -     ["container"]=>
[2025-03-26T13:47:22.635+0000] {docker.py:69} INFO -     string(8) "php-app2"
[2025-03-26T13:47:22.635+0000] {docker.py:69} INFO -     ["timestamp"]=>
[2025-03-26T13:47:22.636+0000] {docker.py:69} INFO -     int(1742996310)
[2025-03-26T13:47:22.722+0000] {docker.py:69} INFO -   }
[2025-03-26T13:47:22.723+0000] {docker.py:69} INFO -   [18]=>
[2025-03-26T13:47:22.723+0000] {docker.py:69} INFO -   object(stdClass)#20 (3) {
[2025-03-26T13:47:22.724+0000] {docker.py:69} INFO -     ["contador"]=>
[2025-03-26T13:47:22.736+0000] {docker.py:69} INFO -     int(1)
[2025-03-26T13:47:22.776+0000] {docker.py:69} INFO -     ["container"]=>
[2025-03-26T13:47:22.777+0000] {docker.py:69} INFO -     string(8) "php-app2"
[2025-03-26T13:47:22.779+0000] {docker.py:69} INFO -     ["timestamp"]=>
[2025-03-26T13:47:22.780+0000] {docker.py:69} INFO -     int(1742996310)
[2025-03-26T13:47:22.860+0000] {docker.py:69} INFO -   }
[2025-03-26T13:47:22.860+0000] {docker.py:69} INFO -   [19]=>
[2025-03-26T13:47:22.861+0000] {docker.py:69} INFO -   object(stdClass)#21 (3) {
[2025-03-26T13:47:22.904+0000] {docker.py:69} INFO -     ["contador"]=>
[2025-03-26T13:47:23.015+0000] {docker.py:69} INFO -     int(1)
[2025-03-26T13:47:23.016+0000] {docker.py:69} INFO -     ["container"]=>
[2025-03-26T13:47:23.042+0000] {docker.py:69} INFO -     string(8) "php-app1"
[2025-03-26T13:47:23.043+0000] {docker.py:69} INFO -     ["timestamp"]=>
[2025-03-26T13:47:23.043+0000] {docker.py:69} INFO -     int(1742996311)
[2025-03-26T13:47:23.043+0000] {docker.py:69} INFO -   }
[2025-03-26T13:47:23.044+0000] {docker.py:69} INFO -   [20]=>
[2025-03-26T13:47:23.044+0000] {docker.py:69} INFO -   object(stdClass)#22 (3) {
[2025-03-26T13:47:23.045+0000] {docker.py:69} INFO -     ["contador"]=>
[2025-03-26T13:47:23.126+0000] {docker.py:69} INFO -     int(1)
[2025-03-26T13:47:23.126+0000] {docker.py:69} INFO -     ["container"]=>
[2025-03-26T13:47:23.127+0000] {docker.py:69} INFO -     string(8) "php-app1"
[2025-03-26T13:47:23.128+0000] {docker.py:69} INFO -     ["timestamp"
[2025-03-26T13:47:23.128+0000] {docker.py:69} INFO - ]=>
[2025-03-26T13:47:23.139+0000] {docker.py:69} INFO -     int(1742996311)
[2025-03-26T13:47:23.142+0000] {docker.py:69} INFO -   }
[2025-03-26T13:47:23.143+0000] {docker.py:69} INFO -   [21]=>
[2025-03-26T13:47:23.146+0000] {docker.py:69} INFO -   object(stdClass)#23 (3) {
[2025-03-26T13:47:23.147+0000] {docker.py:69} INFO -     ["contador"]=>
[2025-03-26T13:47:23.148+0000] {docker.py:69} INFO -     int(1)
[2025-03-26T13:47:23.149+0000] {docker.py:69} INFO -     ["container"]=>
[2025-03-26T13:47:23.149+0000] {docker.py:69} INFO -     string(8) "php-app2"
[2025-03-26T13:47:23.151+0000] {docker.py:69} INFO -     ["timestamp"]=>
[2025-03-26T13:47:23.153+0000] {docker.py:69} INFO -     int(1742996312)
[2025-03-26T13:47:23.154+0000] {docker.py:69} INFO -   }
[2025-03-26T13:47:23.155+0000] {docker.py:69} INFO -   [22]=>
[2025-03-26T13:47:23.156+0000] {docker.py:69} INFO -   object(stdClass)#24 (3) {
[2025-03-26T13:47:23.157+0000] {docker.py:69} INFO -     ["contador"]=>
[2025-03-26T13:47:23.158+0000] {docker.py:69} INFO -     int(1)
[2025-03-26T13:47:23.159+0000] {docker.py:69} INFO -     ["container"]=>
[2025-03-26T13:47:23.160+0000] {docker.py:69} INFO -     string(8) "php-app1"
[2025-03-26T13:47:23.161+0000] {docker.py:69} INFO -     ["timestamp"]=>
[2025-03-26T13:47:23.162+0000] {docker.py:69} INFO -     int(1742996313)
[2025-03-26T13:47:23.163+0000] {docker.py:69} INFO -   }
[2025-03-26T13:47:23.164+0000] {docker.py:69} INFO -   [23]=>
[2025-03-26T13:47:23.166+0000] {docker.py:69} INFO -   object(stdClass)#25 (3) {
[2025-03-26T13:47:23.166+0000] {docker.py:69} INFO -     ["contador"]=>
[2025-03-26T13:47:23.166+0000] {docker.py:69} INFO -     int(1)
[2025-03-26T13:47:23.167+0000] {docker.py:69} INFO -     ["container"]=>
[2025-03-26T13:47:23.168+0000] {docker.py:69} INFO -     string(8) "php-app1"
[2025-03-26T13:47:23.169+0000] {docker.py:69} INFO -     ["timestamp"]=>
[2025-03-26T13:47:23.169+0000] {docker.py:69} INFO -     int(1742996751)
[2025-03-26T13:47:23.170+0000] {docker.py:69} INFO -   }
[2025-03-26T13:47:23.170+0000] {docker.py:69} INFO -   [24]=>
[2025-03-26T13:47:23.170+0000] {docker.py:69} INFO -   object(stdClass)#26 (3) {
[2025-03-26T13:47:23.171+0000] {docker.py:69} INFO -     ["contador"]=>
[2025-03-26T13:47:23.172+0000] {docker.py:69} INFO -     int(1)
[2025-03-26T13:47:23.175+0000] {docker.py:69} INFO -     ["container"]=>
[2025-03-26T13:47:23.176+0000] {docker.py:69} INFO -     string(8) "php-app2"
[2025-03-26T13:47:23.176+0000] {docker.py:69} INFO -     ["timestamp"]=>
[2025-03-26T13:47:23.177+0000] {docker.py:69} INFO -     int(1742996751)
[2025-03-26T13:47:23.177+0000] {docker.py:69} INFO -   }
[2025-03-26T13:47:23.177+0000] {docker.py:69} INFO -   [25]=>
[2025-03-26T13:47:23.178+0000] {docker.py:69} INFO -   object(stdClass)#27 (3) {
[2025-03-26T13:47:23.178+0000] {docker.py:69} INFO -     ["contador"]=>
[2025-03-26T13:47:23.179+0000] {docker.py:69} INFO -     int(1)
[2025-03-26T13:47:23.179+0000] {docker.py:69} INFO -     ["container"]=>
[2025-03-26T13:47:23.179+0000] {docker.py:69} INFO -     string(8) "php-app2"
[2025-03-26T13:47:23.180+0000] {docker.py:69} INFO -     ["timestamp"]=>
[2025-03-26T13:47:23.180+0000] {docker.py:69} INFO -     int(1742996756)
[2025-03-26T13:47:23.181+0000] {docker.py:69} INFO -   }
[2025-03-26T13:47:23.181+0000] {docker.py:69} INFO -   [26]=>
[2025-03-26T13:47:23.182+0000] {docker.py:69} INFO -   object(stdClass)#28 (3) {
[2025-03-26T13:47:23.182+0000] {docker.py:69} INFO -     ["contador"]=>
[2025-03-26T13:47:23.183+0000] {docker.py:69} INFO -     int(1)
[2025-03-26T13:47:23.183+0000] {docker.py:69} INFO -     ["container"]=>
[2025-03-26T13:47:23.183+0000] {docker.py:69} INFO -     string(8) "php-app1"
[2025-03-26T13:47:23.184+0000] {docker.py:69} INFO -     ["timestamp"]=>
[2025-03-26T13:47:23.184+0000] {docker.py:69} INFO -     int(1742996756)
[2025-03-26T13:47:23.185+0000] {docker.py:69} INFO -   }
[2025-03-26T13:47:23.185+0000] {docker.py:69} INFO -   [27]=>
[2025-03-26T13:47:23.185+0000] {docker.py:69} INFO -   object(stdClass)#29 (3) {
[2025-03-26T13:47:23.186+0000] {docker.py:69} INFO -     ["contador"]=>
[2025-03-26T13:47:23.186+0000] {docker.py:69} INFO -     int(1)
[2025-03-26T13:47:23.187+0000] {docker.py:69} INFO -     ["container"]=>
[2025-03-26T13:47:23.187+0000] {docker.py:69} INFO -     string(8) "php-app1"
[2025-03-26T13:47:23.187+0000] {docker.py:69} INFO -     ["timestamp"]=>
[2025-03-26T13:47:23.188+0000] {docker.py:69} INFO -     int(1742996757)
[2025-03-26T13:47:23.188+0000] {docker.py:69} INFO -   }
[2025-03-26T13:47:23.188+0000] {docker.py:69} INFO -   [28]=>
[2025-03-26T13:47:23.189+0000] {docker.py:69} INFO -   object(stdClass)#30 (3) {
[2025-03-26T13:47:23.189+0000] {docker.py:69} INFO -     ["contador"]=>
[2025-03-26T13:47:23.190+0000] {docker.py:69} INFO -     int(1)
[2025-03-26T13:47:23.190+0000] {docker.py:69} INFO -     ["container"]=>
[2025-03-26T13:47:23.190+0000] {docker.py:69} INFO -     string(8) "php-app2"
[2025-03-26T13:47:23.192+0000] {docker.py:69} INFO -     ["timestamp"]=>
[2025-03-26T13:47:23.192+0000] {docker.py:69} INFO -     int(1742996757)
[2025-03-26T13:47:23.193+0000] {docker.py:69} INFO -   }
[2025-03-26T13:47:23.193+0000] {docker.py:69} INFO -   [29]=>
[2025-03-26T13:47:23.193+0000] {docker.py:69} INFO -   object(stdClass)#31 (3) {
[2025-03-26T13:47:23.194+0000] {docker.py:69} INFO -     ["contador"]=>
[2025-03-26T13:47:23.194+0000] {docker.py:69} INFO -     int(1)
[2025-03-26T13:47:23.195+0000] {docker.py:69} INFO -     ["container"]=>
[2025-03-26T13:47:23.195+0000] {docker.py:69} INFO -     string(8) "php-app2"
[2025-03-26T13:47:23.195+0000] {docker.py:69} INFO -     ["timestamp"]=>
[2025-03-26T13:47:23.196+0000] {docker.py:69} INFO -     int(1742996758)
[2025-03-26T13:47:23.196+0000] {docker.py:69} INFO -   }
[2025-03-26T13:47:23.196+0000] {docker.py:69} INFO -   [30]=>
[2025-03-26T13:47:23.197+0000] {docker.py:69} INFO -   object(stdClass)#32 (3) {
[2025-03-26T13:47:23.197+0000] {docker.py:69} INFO -     ["contador"]=>
[2025-03-26T13:47:23.197+0000] {docker.py:69} INFO -     int(1)
[2025-03-26T13:47:23.198+0000] {docker.py:69} INFO -     ["container"]=>
[2025-03-26T13:47:23.199+0000] {docker.py:69} INFO -     string(8) "php-app1"
[2025-03-26T13:47:23.199+0000] {docker.py:69} INFO -     ["timestamp"]=>
[2025-03-26T13:47:23.200+0000] {docker.py:69} INFO -     int(1742996760)
[2025-03-26T13:47:23.200+0000] {docker.py:69} INFO -   }
[2025-03-26T13:47:23.201+0000] {docker.py:69} INFO -   [31]=>
[2025-03-26T13:47:23.201+0000] {docker.py:69} INFO -   object(stdClass)#33 (3) {
[2025-03-26T13:47:23.201+0000] {docker.py:69} INFO -     ["contador"]=>
[2025-03-26T13:47:23.202+0000] {docker.py:69} INFO -     int(1)
[2025-03-26T13:47:23.202+0000] {docker.py:69} INFO -     ["container"]=>
[2025-03-26T13:47:23.203+0000] {docker.py:69} INFO -     string(8) "php-app2"
[2025-03-26T13:47:23.204+0000] {docker.py:69} INFO -     ["timestamp"]=>
[2025-03-26T13:47:23.204+0000] {docker.py:69} INFO -     int(1742996760)
[2025-03-26T13:47:23.205+0000] {docker.py:69} INFO -   }
[2025-03-26T13:47:23.205+0000] {docker.py:69} INFO -   [32]=>
[2025-03-26T13:47:23.206+0000] {docker.py:69} INFO -   object(stdClass)#34 (3) {
[2025-03-26T13:47:23.207+0000] {docker.py:69} INFO -     ["contador"]=>
[2025-03-26T13:47:23.207+0000] {docker.py:69} INFO -     int(1)
[2025-03-26T13:47:23.208+0000] {docker.py:69} INFO -     ["container"]=>
[2025-03-26T13:47:23.208+0000] {docker.py:69} INFO -     string(8) "php-app2"
[2025-03-26T13:47:23.209+0000] {docker.py:69} INFO -     ["timestamp"]=>
[2025-03-26T13:47:23.210+0000] {docker.py:69} INFO -     int(1742996761)
[2025-03-26T13:47:23.210+0000] {docker.py:69} INFO -   }
[2025-03-26T13:47:23.210+0000] {docker.py:69} INFO -   [33]=>
[2025-03-26T13:47:23.211+0000] {docker.py:69} INFO -   object(stdClass)#35 (3) {
[2025-03-26T13:47:23.212+0000] {docker.py:69} INFO -     ["contador"]=>
[2025-03-26T13:47:23.212+0000] {docker.py:69} INFO -     int(1)
[2025-03-26T13:47:23.213+0000] {docker.py:69} INFO -     ["container"]=>
[2025-03-26T13:47:23.213+0000] {docker.py:69} INFO -     string(8) "php-app1"
[2025-03-26T13:47:23.214+0000] {docker.py:69} INFO -     ["timestamp"]=>
[2025-03-26T13:47:23.215+0000] {docker.py:69} INFO -     int(1742996762)
[2025-03-26T13:47:23.216+0000] {docker.py:69} INFO -   }
[2025-03-26T13:47:23.217+0000] {docker.py:69} INFO -   [34]=>
[2025-03-26T13:47:23.217+0000] {docker.py:69} INFO -   object(stdClass)#36 (3) {
[2025-03-26T13:47:23.218+0000] {docker.py:69} INFO -     ["contador"]=>
[2025-03-26T13:47:23.218+0000] {docker.py:69} INFO -     int(1)
[2025-03-26T13:47:23.219+0000] {docker.py:69} INFO -     ["container"]=>
[2025-03-26T13:47:23.219+0000] {docker.py:69} INFO -     string(8) "php-app2"
[2025-03-26T13:47:23.220+0000] {docker.py:69} INFO -     ["timestamp"]=>
[2025-03-26T13:47:23.221+0000] {docker.py:69} INFO -     int(1742996762)
[2025-03-26T13:47:23.221+0000] {docker.py:69} INFO -   }
[2025-03-26T13:47:23.222+0000] {docker.py:69} INFO -   [35]=>
[2025-03-26T13:47:23.222+0000] {docker.py:69} INFO -   object(stdClass)#37 (3) {
[2025-03-26T13:47:23.223+0000] {docker.py:69} INFO -     ["contador"]=>
[2025-03-26T13:47:23.223+0000] {docker.py:69} INFO -     int(1)
[2025-03-26T13:47:23.224+0000] {docker.py:69} INFO -     ["container"]=>
[2025-03-26T13:47:23.224+0000] {docker.py:69} INFO -     string(8) "php-app1"
[2025-03-26T13:47:23.225+0000] {docker.py:69} INFO -     ["timestamp"]=>
[2025-03-26T13:47:23.225+0000] {docker.py:69} INFO -     int(1742996763)
[2025-03-26T13:47:23.226+0000] {docker.py:69} INFO -   }
[2025-03-26T13:47:23.226+0000] {docker.py:69} INFO -   [36]=>
[2025-03-26T13:47:23.227+0000] {docker.py:69} INFO -   object(stdClass)#38 (3) {
[2025-03-26T13:47:23.227+0000] {docker.py:69} INFO -     ["contador"]=>
[2025-03-26T13:47:23.228+0000] {docker.py:69} INFO -     int(1)
[2025-03-26T13:47:23.228+0000] {docker.py:69} INFO -     ["container"]=>
[2025-03-26T13:47:23.229+0000] {docker.py:69} INFO -     string(8) "php-app1"
[2025-03-26T13:47:23.229+0000] {docker.py:69} INFO -     ["timestamp"]=>
[2025-03-26T13:47:23.230+0000] {docker.py:69} INFO -     int(1742996763)
[2025-03-26T13:47:23.230+0000] {docker.py:69} INFO -   }
[2025-03-26T13:47:23.231+0000] {docker.py:69} INFO -   [37]=>
[2025-03-26T13:47:23.232+0000] {docker.py:69} INFO -   object(stdClass)#39 (3) {
[2025-03-26T13:47:23.232+0000] {docker.py:69} INFO -     ["contador"]=>
[2025-03-26T13:47:23.232+0000] {docker.py:69} INFO -     int(1)
[2025-03-26T13:47:23.233+0000] {docker.py:69} INFO -     ["container"]=>
[2025-03-26T13:47:23.234+0000] {docker.py:69} INFO -     string(8) "php-app2"
[2025-03-26T13:47:23.234+0000] {docker.py:69} INFO -     ["timestamp"]=>
[2025-03-26T13:47:23.234+0000] {docker.py:69} INFO -     int(1742996771)
[2025-03-26T13:47:23.235+0000] {docker.py:69} INFO -   }
[2025-03-26T13:47:23.235+0000] {docker.py:69} INFO -   [38]=>
[2025-03-26T13:47:23.236+0000] {docker.py:69} INFO -   object(stdClass)#40 (3) {
[2025-03-26T13:47:23.237+0000] {docker.py:69} INFO -     ["contador"]=>
[2025-03-26T13:47:23.237+0000] {docker.py:69} INFO -     int(1)
[2025-03-26T13:47:23.238+0000] {docker.py:69} INFO -     ["container"]=>
[2025-03-26T13:47:23.238+0000] {docker.py:69} INFO -     string(8) "php-app2"
[2025-03-26T13:47:23.239+0000] {docker.py:69} INFO -     ["timestamp"]=>
[2025-03-26T13:47:23.239+0000] {docker.py:69} INFO -     int(1742996773)
[2025-03-26T13:47:23.240+0000] {docker.py:69} INFO -   }
[2025-03-26T13:47:23.240+0000] {docker.py:69} INFO -   [39]=>
[2025-03-26T13:47:23.240+0000] {docker.py:69} INFO -   object(stdClass)#41 (3) {
[2025-03-26T13:47:23.241+0000] {docker.py:69} INFO -     ["contador"]=>
[2025-03-26T13:47:23.242+0000] {docker.py:69} INFO -     int(1)
[2025-03-26T13:47:23.242+0000] {docker.py:69} INFO -     ["container"]=>
[2025-03-26T13:47:23.242+0000] {docker.py:69} INFO -     string(8) "php-app1"
[2025-03-26T13:47:23.243+0000] {docker.py:69} INFO -     ["timestamp"]=>
[2025-03-26T13:47:23.243+0000] {docker.py:69} INFO -     int(1742996773)
[2025-03-26T13:47:23.244+0000] {docker.py:69} INFO -   }
[2025-03-26T13:47:23.244+0000] {docker.py:69} INFO -   [40]=>
[2025-03-26T13:47:23.245+0000] {docker.py:69} INFO -   object(stdClass)#42 (3) {
[2025-03-26T13:47:23.245+0000] {docker.py:69} INFO -     ["contador"]=>
[2025-03-26T13:47:23.246+0000] {docker.py:69} INFO -     int(1)
[2025-03-26T13:47:23.246+0000] {docker.py:69} INFO -     ["container"]=>
[2025-03-26T13:47:23.247+0000] {docker.py:69} INFO -     string(8) "php-app1"
[2025-03-26T13:47:23.247+0000] {docker.py:69} INFO -     ["timestamp"]=>
[2025-03-26T13:47:23.248+0000] {docker.py:69} INFO -     int(1742996775)
[2025-03-26T13:47:23.248+0000] {docker.py:69} INFO -   }
[2025-03-26T13:47:23.249+0000] {docker.py:69} INFO -   [41]=>
[2025-03-26T13:47:23.249+0000] {docker.py:69} INFO -   object(stdClass)#43 (3) {
[2025-03-26T13:47:23.250+0000] {docker.py:69} INFO -     ["contador"]=>
[2025-03-26T13:47:23.251+0000] {docker.py:69} INFO -     int(1)
[2025-03-26T13:47:23.251+0000] {docker.py:69} INFO -     ["container"]=>
[2025-03-26T13:47:23.252+0000] {docker.py:69} INFO -     string(8) "php-app2"
[2025-03-26T13:47:23.253+0000] {docker.py:69} INFO -     ["timestamp"]=>
[2025-03-26T13:47:23.253+0000] {docker.py:69} INFO -     int(1742996775)
[2025-03-26T13:47:23.254+0000] {docker.py:69} INFO -   }
[2025-03-26T13:47:23.254+0000] {docker.py:69} INFO -   [42]=>
[2025-03-26T13:47:23.254+0000] {docker.py:69} INFO -   object(stdClass)#44 (3) {
[2025-03-26T13:47:23.256+0000] {docker.py:69} INFO -     ["contador"]=>
[2025-03-26T13:47:23.256+0000] {docker.py:69} INFO -     int(1)
[2025-03-26T13:47:23.257+0000] {docker.py:69} INFO -     ["container"]=>
[2025-03-26T13:47:23.257+0000] {docker.py:69} INFO -     string(8) "php-app2"
[2025-03-26T13:47:23.257+0000] {docker.py:69} INFO -     ["timestamp"]=>
[2025-03-26T13:47:23.258+0000] {docker.py:69} INFO -     int(1742996775)
[2025-03-26T13:47:23.258+0000] {docker.py:69} INFO -   }
[2025-03-26T13:47:23.259+0000] {docker.py:69} INFO -   [43]=>
[2025-03-26T13:47:23.259+0000] {docker.py:69} INFO -   object(stdClass)#45 (3) {
[2025-03-26T13:47:23.259+0000] {docker.py:69} INFO -     ["contador"]=>
[2025-03-26T13:47:23.260+0000] {docker.py:69} INFO -     int(1)
[2025-03-26T13:47:23.260+0000] {docker.py:69} INFO -     ["container"]=>
[2025-03-26T13:47:23.260+0000] {docker.py:69} INFO -     string(8) "php-app1"
[2025-03-26T13:47:23.261+0000] {docker.py:69} INFO -     [
[2025-03-26T13:47:23.261+0000] {docker.py:69} INFO - "timestamp"]=>
[2025-03-26T13:47:23.269+0000] {docker.py:69} INFO -     int(1742996777)
[2025-03-26T13:47:23.269+0000] {docker.py:69} INFO -   }
[2025-03-26T13:47:23.269+0000] {docker.py:69} INFO -   [44]=>
[2025-03-26T13:47:23.270+0000] {docker.py:69} INFO -   object(stdClass)#46 (3) {
[2025-03-26T13:47:23.270+0000] {docker.py:69} INFO -     ["contador"]=>
[2025-03-26T13:47:23.271+0000] {docker.py:69} INFO -     int(1)
[2025-03-26T13:47:23.271+0000] {docker.py:69} INFO -     ["container"]=>
[2025-03-26T13:47:23.271+0000] {docker.py:69} INFO -     string(8) "php-app1"
[2025-03-26T13:47:23.272+0000] {docker.py:69} INFO -     ["timestamp"]=>
[2025-03-26T13:47:23.272+0000] {docker.py:69} INFO -     int(1742996779)
[2025-03-26T13:47:23.272+0000] {docker.py:69} INFO -   }
[2025-03-26T13:47:23.273+0000] {docker.py:69} INFO -   [45]=>
[2025-03-26T13:47:23.273+0000] {docker.py:69} INFO -   object(stdClass)#47 (3) {
[2025-03-26T13:47:23.274+0000] {docker.py:69} INFO -     ["contador"]=>
[2025-03-26T13:47:23.274+0000] {docker.py:69} INFO -     int(1)
[2025-03-26T13:47:23.274+0000] {docker.py:69} INFO -     ["container"]=>
[2025-03-26T13:47:23.275+0000] {docker.py:69} INFO -     string(8) "php-app2"
[2025-03-26T13:47:23.275+0000] {docker.py:69} INFO -     ["timestamp"]=>
[2025-03-26T13:47:23.275+0000] {docker.py:69} INFO -     int(1742996779)
[2025-03-26T13:47:23.276+0000] {docker.py:69} INFO -   }
[2025-03-26T13:47:23.276+0000] {docker.py:69} INFO -   [46]=>
[2025-03-26T13:47:23.277+0000] {docker.py:69} INFO -   object(stdClass)#48 (3) {
[2025-03-26T13:47:23.277+0000] {docker.py:69} INFO -     ["contador"]=>
[2025-03-26T13:47:23.277+0000] {docker.py:69} INFO -     int(1)
[2025-03-26T13:47:23.278+0000] {docker.py:69} INFO -     ["container"]=>
[2025-03-26T13:47:23.278+0000] {docker.py:69} INFO -     string(8) "php-app1"
[2025-03-26T13:47:23.278+0000] {docker.py:69} INFO -     ["timestamp"]=>
[2025-03-26T13:47:23.279+0000] {docker.py:69} INFO -     int(1742996781)
[2025-03-26T13:47:23.279+0000] {docker.py:69} INFO -   }
[2025-03-26T13:47:23.280+0000] {docker.py:69} INFO -   [47]=>
[2025-03-26T13:47:23.280+0000] {docker.py:69} INFO -   object(stdClass)#49 (3) {
[2025-03-26T13:47:23.281+0000] {docker.py:69} INFO -     ["
[2025-03-26T13:47:23.281+0000] {docker.py:69} INFO - contador"]=>
[2025-03-26T13:47:23.281+0000] {docker.py:69} INFO -     int(1)
[2025-03-26T13:47:23.282+0000] {docker.py:69} INFO -     ["container"]=>
[2025-03-26T13:47:23.282+0000] {docker.py:69} INFO -     string(8) "php-app1"
[2025-03-26T13:47:23.282+0000] {docker.py:69} INFO -     ["timestamp"]=>
[2025-03-26T13:47:23.283+0000] {docker.py:69} INFO -     int(1742996781)
[2025-03-26T13:47:23.283+0000] {docker.py:69} INFO -   }
[2025-03-26T13:47:23.283+0000] {docker.py:69} INFO -   [48]=>
[2025-03-26T13:47:23.284+0000] {docker.py:69} INFO -   object(stdClass)#50 (3) {
[2025-03-26T13:47:23.284+0000] {docker.py:69} INFO -     ["contador"]=>
[2025-03-26T13:47:23.284+0000] {docker.py:69} INFO -     int(1)
[2025-03-26T13:47:23.285+0000] {docker.py:69} INFO -     ["container"]=>
[2025-03-26T13:47:23.285+0000] {docker.py:69} INFO -     string(8) "php-app2"
[2025-03-26T13:47:23.285+0000] {docker.py:69} INFO -     ["timestamp"]=>
[2025-03-26T13:47:23.286+0000] {docker.py:69} INFO -     int(1742996781)
[2025-03-26T13:47:23.286+0000] {docker.py:69} INFO -   }
[2025-03-26T13:47:23.286+0000] {docker.py:69} INFO -   [49]=>
[2025-03-26T13:47:23.287+0000] {docker.py:69} INFO -   object(stdClass)#51 (3) {
[2025-03-26T13:47:23.287+0000] {docker.py:69} INFO -     ["contador"]=>
[2025-03-26T13:47:23.287+0000] {docker.py:69} INFO -     int(1)
[2025-03-26T13:47:23.288+0000] {docker.py:69} INFO -     ["container"]=>
[2025-03-26T13:47:23.288+0000] {docker.py:69} INFO -     string(8) "php-app1"
[2025-03-26T13:47:23.288+0000] {docker.py:69} INFO -     ["timestamp"]=>
[2025-03-26T13:47:23.289+0000] {docker.py:69} INFO -     int(1742996783)
[2025-03-26T13:47:23.289+0000] {docker.py:69} INFO -   }
[2025-03-26T13:47:23.289+0000] {docker.py:69} INFO -   [50]=>
[2025-03-26T13:47:23.290+0000] {docker.py:69} INFO -   object(stdClass)#52 (3) {
[2025-03-26T13:47:23.290+0000] {docker.py:69} INFO -     ["contador"]=>
[2025-03-26T13:47:23.290+0000] {docker.py:69} INFO -     int(1)
[2025-03-26T13:47:23.291+0000] {docker.py:69} INFO -     ["container"]=>
[2025-03-26T13:47:23.291+0000] {docker.py:69} INFO -     string(8) "php-app2"
[2025-03-26T13:47:23.291+0000] {docker.py:69} INFO -     ["timestamp"]=>
[2025-03-26T13:47:23.292+0000] {docker.py:69} INFO -     int(1742996783)
[2025-03-26T13:47:23.292+0000] {docker.py:69} INFO -   }
[2025-03-26T13:47:23.292+0000] {docker.py:69} INFO -   [51]=>
[2025-03-26T13:47:23.293+0000] {docker.py:69} INFO -   object(stdClass)#53 (3) {
[2025-03-26T13:47:23.293+0000] {docker.py:69} INFO -     ["contador"]=>
[2025-03-26T13:47:23.293+0000] {docker.py:69} INFO -     int(1)
[2025-03-26T13:47:23.294+0000] {docker.py:69} INFO -     ["container"]=>
[2025-03-26T13:47:23.294+0000] {docker.py:69} INFO - string(8) "php-app1"
[2025-03-26T13:47:23.294+0000] {docker.py:69} INFO -     ["timestamp"]=>
[2025-03-26T13:47:23.295+0000] {docker.py:69} INFO -     int(1742996783)
[2025-03-26T13:47:23.295+0000] {docker.py:69} INFO -   }
[2025-03-26T13:47:23.295+0000] {docker.py:69} INFO -   [52]=>
[2025-03-26T13:47:23.296+0000] {docker.py:69} INFO -   object(stdClass)#54 (3) {
[2025-03-26T13:47:23.296+0000] {docker.py:69} INFO -     ["contador"]=>
[2025-03-26T13:47:23.296+0000] {docker.py:69} INFO -     int(1)
[2025-03-26T13:47:23.297+0000] {docker.py:69} INFO -     ["container"]=>
[2025-03-26T13:47:23.297+0000] {docker.py:69} INFO -     string(8) "php-app2"
[2025-03-26T13:47:23.299+0000] {docker.py:69} INFO -     ["timestamp"]=>
[2025-03-26T13:47:23.302+0000] {docker.py:69} INFO -     int(1742996785)
[2025-03-26T13:47:23.303+0000] {docker.py:69} INFO -   }
[2025-03-26T13:47:23.304+0000] {docker.py:69} INFO -   [53]=>
[2025-03-26T13:47:23.304+0000] {docker.py:69} INFO -   object(stdClass)#55 (3) {
[2025-03-26T13:47:23.305+0000] {docker.py:69} INFO -     ["contador"]=>
[2025-03-26T13:47:23.306+0000] {docker.py:69} INFO -     int(1)
[2025-03-26T13:47:23.306+0000] {docker.py:69} INFO -     ["container"]=>
[2025-03-26T13:47:23.307+0000] {docker.py:69} INFO -     string(8) "php-app2"
[2025-03-26T13:47:23.307+0000] {docker.py:69} INFO -     ["timestamp"]=>
[2025-03-26T13:47:23.308+0000] {docker.py:69} INFO -     int(1742996789)
[2025-03-26T13:47:23.308+0000] {docker.py:69} INFO -   }
[2025-03-26T13:47:23.308+0000] {docker.py:69} INFO -   [54]=>
[2025-03-26T13:47:23.309+0000] {docker.py:69} INFO -   object(stdClass)#56 (3) {
[2025-03-26T13:47:23.310+0000] {docker.py:69} INFO -     ["contador"]=>
[2025-03-26T13:47:23.310+0000] {docker.py:69} INFO -     int(1)
[2025-03-26T13:47:23.312+0000] {docker.py:69} INFO -     [
[2025-03-26T13:47:23.313+0000] {docker.py:69} INFO - "container"]=>
[2025-03-26T13:47:23.314+0000] {docker.py:69} INFO -     string(8) "php-app1"
[2025-03-26T13:47:23.315+0000] {docker.py:69} INFO -     ["timestamp"]=>
[2025-03-26T13:47:23.315+0000] {docker.py:69} INFO -     int(1742996790)
[2025-03-26T13:47:23.316+0000] {docker.py:69} INFO -   }
[2025-03-26T13:47:23.316+0000] {docker.py:69} INFO -   [55]=>
[2025-03-26T13:47:23.317+0000] {docker.py:69} INFO -   object(stdClass)#57 (3) {
[2025-03-26T13:47:23.317+0000] {docker.py:69} INFO -     ["contador"]=>
[2025-03-26T13:47:23.318+0000] {docker.py:69} INFO -     int(1)
[2025-03-26T13:47:23.318+0000] {docker.py:69} INFO -     ["container"]=>
[2025-03-26T13:47:23.318+0000] {docker.py:69} INFO -     string(8) "php-app1"
[2025-03-26T13:47:23.319+0000] {docker.py:69} INFO -     ["timestamp"]=>
[2025-03-26T13:47:23.319+0000] {docker.py:69} INFO -     int(1742996790)
[2025-03-26T13:47:23.320+0000] {docker.py:69} INFO -   }
[2025-03-26T13:47:23.321+0000] {docker.py:69} INFO -   [56]=>
[2025-03-26T13:47:23.321+0000] {docker.py:69} INFO -   object(stdClass)#58 (3) {
[2025-03-26T13:47:23.322+0000] {docker.py:69} INFO -     ["contador"]=>
[2025-03-26T13:47:23.322+0000] {docker.py:69} INFO -     int(1)
[2025-03-26T13:47:23.323+0000] {docker.py:69} INFO -     ["container"]=>
[2025-03-26T13:47:23.323+0000] {docker.py:69} INFO -     string(8) "php-app2"
[2025-03-26T13:47:23.324+0000] {docker.py:69} INFO -     ["timestamp"]=>
[2025-03-26T13:47:23.324+0000] {docker.py:69} INFO -     int(1742996790)
[2025-03-26T13:47:23.325+0000] {docker.py:69} INFO -   }
[2025-03-26T13:47:23.325+0000] {docker.py:69} INFO -   [57]=>
[2025-03-26T13:47:23.326+0000] {docker.py:69} INFO -   object(stdClass)#59 (3) {
[2025-03-26T13:47:23.326+0000] {docker.py:69} INFO -     ["contador"]=>
[2025-03-26T13:47:23.327+0000] {docker.py:69} INFO -     int(1)
[2025-03-26T13:47:23.327+0000] {docker.py:69} INFO -     ["container"]=>
[2025-03-26T13:47:23.327+0000] {docker.py:69} INFO -     string(8) "php-app2"
[2025-03-26T13:47:23.328+0000] {docker.py:69} INFO -     ["timestamp"]=>
[2025-03-26T13:47:23.328+0000] {docker.py:69} INFO -     int(1742996791)
[2025-03-26T13:47:23.329+0000] {docker.py:69} INFO -   }
[2025-03-26T13:47:23.329+0000] {docker.py:69} INFO -   [58]=>
[2025-03-26T13:47:23.329+0000] {docker.py:69} INFO -   object(stdClass)#60 (3) {
[2025-03-26T13:47:23.330+0000] {docker.py:69} INFO -     ["contador"]=>
[2025-03-26T13:47:23.330+0000] {docker.py:69} INFO -     int(1)
[2025-03-26T13:47:23.331+0000] {docker.py:69} INFO -     ["container"]=>
[2025-03-26T13:47:23.331+0000] {docker.py:69} INFO -     string(8) "php-app1"
[2025-03-26T13:47:23.332+0000] {docker.py:69} INFO -     ["timestamp"]=>
[2025-03-26T13:47:23.332+0000] {docker.py:69} INFO -     int(1742996792)
[2025-03-26T13:47:23.332+0000] {docker.py:69} INFO -   }
[2025-03-26T13:47:23.333+0000] {docker.py:69} INFO -   [59]=>
[2025-03-26T13:47:23.333+0000] {docker.py:69} INFO -   object(stdClass)#61 (3) {
[2025-03-26T13:47:23.334+0000] {docker.py:69} INFO -     ["contador"]=>
[2025-03-26T13:47:23.334+0000] {docker.py:69} INFO -     int(1)
[2025-03-26T13:47:23.334+0000] {docker.py:69} INFO -     ["container"]=>
[2025-03-26T13:47:23.335+0000] {docker.py:69} INFO -     string(8) "php-app1"
[2025-03-26T13:47:23.335+0000] {docker.py:69} INFO -     ["timestamp"]=>
[2025-03-26T13:47:23.336+0000] {docker.py:69} INFO -     int(1742996793)
[2025-03-26T13:47:23.336+0000] {docker.py:69} INFO -   }
[2025-03-26T13:47:23.336+0000] {docker.py:69} INFO -   [60]=>
[2025-03-26T13:47:23.337+0000] {docker.py:69} INFO -   object(stdClass)#62 (3) {
[2025-03-26T13:47:23.337+0000] {docker.py:69} INFO -     ["contador"]=>
[2025-03-26T13:47:23.338+0000] {docker.py:69} INFO -     int(1)
[2025-03-26T13:47:23.339+0000] {docker.py:69} INFO -     ["container"]=>
[2025-03-26T13:47:23.339+0000] {docker.py:69} INFO -     string(8) "php-app2"
[2025-03-26T13:47:23.339+0000] {docker.py:69} INFO -     ["timestamp"]=>
[2025-03-26T13:47:23.340+0000] {docker.py:69} INFO -     int(1742996794)
[2025-03-26T13:47:23.340+0000] {docker.py:69} INFO -   }
[2025-03-26T13:47:23.341+0000] {docker.py:69} INFO -   [61]=>
[2025-03-26T13:47:23.341+0000] {docker.py:69} INFO -   object(stdClass)#63 (3) {
[2025-03-26T13:47:23.342+0000] {docker.py:69} INFO -     ["contador"]=>
[2025-03-26T13:47:23.342+0000] {docker.py:69} INFO -     int(1)
[2025-03-26T13:47:23.343+0000] {docker.py:69} INFO -     ["container"]=>
[2025-03-26T13:47:23.344+0000] {docker.py:69} INFO -     string(8) "php-app1"
[2025-03-26T13:47:23.344+0000] {docker.py:69} INFO -     ["timestamp"]=>
[2025-03-26T13:47:23.345+0000] {docker.py:69} INFO -     int(1742996795)
[2025-03-26T13:47:23.345+0000] {docker.py:69} INFO -   }
[2025-03-26T13:47:23.346+0000] {docker.py:69} INFO -   [62]=>
[2025-03-26T13:47:23.346+0000] {docker.py:69} INFO -   object(stdClass)#64 (3) {
[2025-03-26T13:47:23.347+0000] {docker.py:69} INFO -     ["contador"]=>
[2025-03-26T13:47:23.347+0000] {docker.py:69} INFO -     int(1)
[2025-03-26T13:47:23.348+0000] {docker.py:69} INFO -     ["container"]=>
[2025-03-26T13:47:23.348+0000] {docker.py:69} INFO -     string(8) "php-app1"
[2025-03-26T13:47:23.348+0000] {docker.py:69} INFO -     ["timestamp"]=>
[2025-03-26T13:47:23.349+0000] {docker.py:69} INFO -     int(1742996797)
[2025-03-26T13:47:23.349+0000] {docker.py:69} INFO -   }
[2025-03-26T13:47:23.351+0000] {docker.py:69} INFO -   [63]=>
[2025-03-26T13:47:23.351+0000] {docker.py:69} INFO -   object(stdClass)#65 (3) {
[2025-03-26T13:47:23.352+0000] {docker.py:69} INFO -     ["contador"]=>
[2025-03-26T13:47:23.352+0000] {docker.py:69} INFO -     int(1)
[2025-03-26T13:47:23.353+0000] {docker.py:69} INFO -     ["container"]=>
[2025-03-26T13:47:23.355+0000] {docker.py:69} INFO -     string(8) "php-app2"
[2025-03-26T13:47:23.356+0000] {docker.py:69} INFO -     ["timestamp"]=>
[2025-03-26T13:47:23.356+0000] {docker.py:69} INFO -     int(1742996797)
[2025-03-26T13:47:23.357+0000] {docker.py:69} INFO -   }
[2025-03-26T13:47:23.360+0000] {docker.py:69} INFO -   [64]=>
[2025-03-26T13:47:23.374+0000] {docker.py:69} INFO -   object(stdClass)#66 (3) {
[2025-03-26T13:47:23.375+0000] {docker.py:69} INFO -     ["contador"]=>
[2025-03-26T13:47:23.379+0000] {docker.py:69} INFO -     int(1)
[2025-03-26T13:47:23.379+0000] {docker.py:69} INFO -     ["container"]=>
[2025-03-26T13:47:23.381+0000] {docker.py:69} INFO -     string(8) "php-app2"
[2025-03-26T13:47:23.383+0000] {docker.py:69} INFO -     ["timestamp"]=>
[2025-03-26T13:47:23.385+0000] {docker.py:69} INFO -     int(1742996797)
[2025-03-26T13:47:23.386+0000] {docker.py:69} INFO -   }
[2025-03-26T13:47:23.387+0000] {docker.py:69} INFO -   [65]=>
[2025-03-26T13:47:23.388+0000] {docker.py:69} INFO -   object(stdClass)#67 (3) {
[2025-03-26T13:47:23.392+0000] {docker.py:69} INFO -     ["contador"]=>
[2025-03-26T13:47:23.393+0000] {docker.py:69} INFO -     int(1)
[2025-03-26T13:47:23.393+0000] {docker.py:69} INFO -     ["container"]=>
[2025-03-26T13:47:23.394+0000] {docker.py:69} INFO -     string(8) "php-app1"
[2025-03-26T13:47:23.394+0000] {docker.py:69} INFO -     ["timestamp"]=>
[2025-03-26T13:47:23.397+0000] {docker.py:69} INFO -     int(1742996804)
[2025-03-26T13:47:23.398+0000] {docker.py:69} INFO -   }
[2025-03-26T13:47:23.398+0000] {docker.py:69} INFO -   [66]=>
[2025-03-26T13:47:23.399+0000] {docker.py:69} INFO -   object(stdClass)#68 (3) {
[2025-03-26T13:47:23.399+0000] {docker.py:69} INFO -     ["contador"]=>
[2025-03-26T13:47:23.399+0000] {docker.py:69} INFO -     int(1)
[2025-03-26T13:47:23.400+0000] {docker.py:69} INFO -     ["container"]=>
[2025-03-26T13:47:23.400+0000] {docker.py:69} INFO -     string(8) "php-app2"
[2025-03-26T13:47:23.401+0000] {docker.py:69} INFO -     ["timestamp"]=>
[2025-03-26T13:47:23.401+0000] {docker.py:69} INFO -     int(1742996806)
[2025-03-26T13:47:23.401+0000] {docker.py:69} INFO -   }
[2025-03-26T13:47:23.402+0000] {docker.py:69} INFO -   [67]=>
[2025-03-26T13:47:23.402+0000] {docker.py:69} INFO -   object(stdClass)#69 (3) {
[2025-03-26T13:47:23.402+0000] {docker.py:69} INFO -     ["contador"]=>
[2025-03-26T13:47:23.403+0000] {docker.py:69} INFO -     int(1)
[2025-03-26T13:47:23.403+0000] {docker.py:69} INFO -     ["container"]=>
[2025-03-26T13:47:23.403+0000] {docker.py:69} INFO -     string(8) "php-app2"
[2025-03-26T13:47:23.404+0000] {docker.py:69} INFO -     ["timestamp"]=>
[2025-03-26T13:47:23.407+0000] {docker.py:69} INFO -     int(1742996807)
[2025-03-26T13:47:23.408+0000] {docker.py:69} INFO -   }
[2025-03-26T13:47:23.409+0000] {docker.py:69} INFO -   [68]=>
[2025-03-26T13:47:23.410+0000] {docker.py:69} INFO -   object(stdClass)#70 (3) {
[2025-03-26T13:47:23.416+0000] {docker.py:69} INFO -     ["contador"]=>
[2025-03-26T13:47:23.416+0000] {docker.py:69} INFO -     int(1)
[2025-03-26T13:47:23.417+0000] {docker.py:69} INFO -     ["container"]=>
[2025-03-26T13:47:23.417+0000] {docker.py:69} INFO -     string(8) "php-app1"
[2025-03-26T13:47:23.419+0000] {docker.py:69} INFO -     ["timestamp"]=>
[2025-03-26T13:47:23.420+0000] {docker.py:69} INFO -     int(1742996807)
[2025-03-26T13:47:23.421+0000] {docker.py:69} INFO -   }
[2025-03-26T13:47:23.422+0000] {docker.py:69} INFO -   [69]=>
[2025-03-26T13:47:23.422+0000] {docker.py:69} INFO -   object(stdClass)#71 (3) {
[2025-03-26T13:47:23.423+0000] {docker.py:69} INFO -     ["contador"]=>
[2025-03-26T13:47:23.423+0000] {docker.py:69} INFO -     int(1)
[2025-03-26T13:47:23.424+0000] {docker.py:69} INFO -     ["container"]=>
[2025-03-26T13:47:23.424+0000] {docker.py:69} INFO -     string(8) "php-app2"
[2025-03-26T13:47:23.425+0000] {docker.py:69} INFO -     ["timestamp"]=>
[2025-03-26T13:47:23.425+0000] {docker.py:69} INFO -     int(1742996809)
[2025-03-26T13:47:23.426+0000] {docker.py:69} INFO -   }
[2025-03-26T13:47:23.427+0000] {docker.py:69} INFO -   [70]=>
[2025-03-26T13:47:23.428+0000] {docker.py:69} INFO -   object(stdClass)#72 (3) {
[2025-03-26T13:47:23.428+0000] {docker.py:69} INFO -     ["contador"]=>
[2025-03-26T13:47:23.429+0000] {docker.py:69} INFO -     int(1)
[2025-03-26T13:47:23.429+0000] {docker.py:69} INFO -     ["container"]=>
[2025-03-26T13:47:23.429+0000] {docker.py:69} INFO -     string(8) "php-app1"
[2025-03-26T13:47:23.430+0000] {docker.py:69} INFO -     ["timestamp"]=>
[2025-03-26T13:47:23.430+0000] {docker.py:69} INFO -     int(1742996810)
[2025-03-26T13:47:23.430+0000] {docker.py:69} INFO -   }
[2025-03-26T13:47:23.431+0000] {docker.py:69} INFO -   [71]=>
[2025-03-26T13:47:23.431+0000] {docker.py:69} INFO -   object(stdClass)#73 (3) {
[2025-03-26T13:47:23.432+0000] {docker.py:69} INFO -     ["contador"]=>
[2025-03-26T13:47:23.432+0000] {docker.py:69} INFO -     int(1)
[2025-03-26T13:47:23.433+0000] {docker.py:69} INFO -     ["container"]=>
[2025-03-26T13:47:23.433+0000] {docker.py:69} INFO -     string(8) "php-app1"
[2025-03-26T13:47:23.433+0000] {docker.py:69} INFO -     ["timestamp"]=>
[2025-03-26T13:47:23.434+0000] {docker.py:69} INFO -     int(1742996812)
[2025-03-26T13:47:23.435+0000] {docker.py:69} INFO -   }
[2025-03-26T13:47:23.435+0000] {docker.py:69} INFO -   [72]=>
[2025-03-26T13:47:23.436+0000] {docker.py:69} INFO -   object(stdClass)#74 (3) {
[2025-03-26T13:47:23.436+0000] {docker.py:69} INFO -     ["contador"]=>
[2025-03-26T13:47:23.437+0000] {docker.py:69} INFO -     int(1)
[2025-03-26T13:47:23.437+0000] {docker.py:69} INFO -     ["container"]=>
[2025-03-26T13:47:23.437+0000] {docker.py:69} INFO -     string(8) "php-app2"
[2025-03-26T13:47:23.438+0000] {docker.py:69} INFO -     ["timestamp"]=>
[2025-03-26T13:47:23.438+0000] {docker.py:69} INFO -     int(1742996813)
[2025-03-26T13:47:23.439+0000] {docker.py:69} INFO -   }
[2025-03-26T13:47:23.439+0000] {docker.py:69} INFO -   [73]=>
[2025-03-26T13:47:23.439+0000] {docker.py:69} INFO -   object(stdClass)#75 (3) {
[2025-03-26T13:47:23.440+0000] {docker.py:69} INFO -     ["contador"]=>
[2025-03-26T13:47:23.440+0000] {docker.py:69} INFO -     int(1)
[2025-03-26T13:47:23.441+0000] {docker.py:69} INFO -     ["container"]=>
[2025-03-26T13:47:23.441+0000] {docker.py:69} INFO -     string(8) "php-app1"
[2025-03-26T13:47:23.442+0000] {docker.py:69} INFO -     ["timestamp"]=>
[2025-03-26T13:47:23.442+0000] {docker.py:69} INFO -     int(1742996813)
[2025-03-26T13:47:23.443+0000] {docker.py:69} INFO -   }
[2025-03-26T13:47:23.443+0000] {docker.py:69} INFO -   [74]=>
[2025-03-26T13:47:23.443+0000] {docker.py:69} INFO -   object(stdClass)#76 (3) {
[2025-03-26T13:47:23.444+0000] {docker.py:69} INFO -     ["contador"]=>
[2025-03-26T13:47:23.444+0000] {docker.py:69} INFO -     int(1)
[2025-03-26T13:47:23.444+0000] {docker.py:69} INFO -     ["container"]=>
[2025-03-26T13:47:23.445+0000] {docker.py:69} INFO -     string(8) "php-app2"
[2025-03-26T13:47:23.445+0000] {docker.py:69} INFO -     ["timestamp"]=>
[2025-03-26T13:47:23.446+0000] {docker.py:69} INFO -     int(1742996815)
[2025-03-26T13:47:23.446+0000] {docker.py:69} INFO -   }
[2025-03-26T13:47:23.446+0000] {docker.py:69} INFO -   [75]=>
[2025-03-26T13:47:23.447+0000] {docker.py:69} INFO -   object(stdClass)#77 (3) {
[2025-03-26T13:47:23.447+0000] {docker.py:69} INFO -     ["contador"]=>
[2025-03-26T13:47:23.448+0000] {docker.py:69} INFO -     int(1)
[2025-03-26T13:47:23.448+0000] {docker.py:69} INFO -     ["container"]=>
[2025-03-26T13:47:23.448+0000] {docker.py:69} INFO -     string(8) "php-app1"
[2025-03-26T13:47:23.449+0000] {docker.py:69} INFO -     ["timestamp"]=>
[2025-03-26T13:47:23.449+0000] {docker.py:69} INFO -     int(1742996816)
[2025-03-26T13:47:23.450+0000] {docker.py:69} INFO -   }
[2025-03-26T13:47:23.450+0000] {docker.py:69} INFO -   [76]=>
[2025-03-26T13:47:23.451+0000] {docker.py:69} INFO -   object(stdClass)#78 (3) {
[2025-03-26T13:47:23.451+0000] {docker.py:69} INFO -     ["contador"]=>
[2025-03-26T13:47:23.452+0000] {docker.py:69} INFO -     int(1)
[2025-03-26T13:47:23.452+0000] {docker.py:69} INFO -     ["container"]=>
[2025-03-26T13:47:23.453+0000] {docker.py:69} INFO -     string(8) "php-app2"
[2025-03-26T13:47:23.457+0000] {docker.py:69} INFO -     ["timestamp"]=>
[2025-03-26T13:47:23.458+0000] {docker.py:69} INFO -     int(1742996816)
[2025-03-26T13:47:23.470+0000] {docker.py:69} INFO -   }
[2025-03-26T13:47:23.471+0000] {docker.py:69} INFO -   [77]=>
[2025-03-26T13:47:23.472+0000] {docker.py:69} INFO -   object(stdClass)#79 (3) {
[2025-03-26T13:47:23.473+0000] {docker.py:69} INFO -     ["contador"]=>
[2025-03-26T13:47:23.473+0000] {docker.py:69} INFO -     int(1)
[2025-03-26T13:47:23.474+0000] {docker.py:69} INFO -     ["container"]=>
[2025-03-26T13:47:23.474+0000] {docker.py:69} INFO -     string(8) "php-app1"
[2025-03-26T13:47:23.476+0000] {docker.py:69} INFO -     ["timestamp"]=>
[2025-03-26T13:47:23.481+0000] {docker.py:69} INFO -     int(1742996816)
[2025-03-26T13:47:23.482+0000] {docker.py:69} INFO -   }
[2025-03-26T13:47:23.483+0000] {docker.py:69} INFO -   [78]=>
[2025-03-26T13:47:23.483+0000] {docker.py:69} INFO -   object(stdClass)#80 (3) {
[2025-03-26T13:47:23.484+0000] {docker.py:69} INFO -     ["contador"]=>
[2025-03-26T13:47:23.484+0000] {docker.py:69} INFO -     int(1)
[2025-03-26T13:47:23.484+0000] {docker.py:69} INFO -     ["container"]=>
[2025-03-26T13:47:23.485+0000] {docker.py:69} INFO -     string(8) "php-app1"
[2025-03-26T13:47:23.488+0000] {docker.py:69} INFO -     ["timestamp"]=>
[2025-03-26T13:47:23.489+0000] {docker.py:69} INFO -     int(1742996817)
[2025-03-26T13:47:23.490+0000] {docker.py:69} INFO -   }
[2025-03-26T13:47:23.490+0000] {docker.py:69} INFO -   [79]=>
[2025-03-26T13:47:23.491+0000] {docker.py:69} INFO -   object(stdClass)#81 (3) {
[2025-03-26T13:47:23.491+0000] {docker.py:69} INFO -     ["contador"]=>
[2025-03-26T13:47:23.492+0000] {docker.py:69} INFO -     int(1)
[2025-03-26T13:47:23.494+0000] {docker.py:69} INFO -     ["container"]=>
[2025-03-26T13:47:23.503+0000] {docker.py:69} INFO -     string(8) "php-app2"
[2025-03-26T13:47:23.508+0000] {docker.py:69} INFO -     ["timestamp"]=>
[2025-03-26T13:47:23.509+0000] {docker.py:69} INFO -     int(1742996817)
[2025-03-26T13:47:23.509+0000] {docker.py:69} INFO -   }
[2025-03-26T13:47:23.510+0000] {docker.py:69} INFO -   [80]=>
[2025-03-26T13:47:23.510+0000] {docker.py:69} INFO -   object(stdClass)#82 (3) {
[2025-03-26T13:47:23.510+0000] {docker.py:69} INFO -     ["contador"]=>
[2025-03-26T13:47:23.511+0000] {docker.py:69} INFO -     int(1)
[2025-03-26T13:47:23.511+0000] {docker.py:69} INFO -     ["container"]=>
[2025-03-26T13:47:23.512+0000] {docker.py:69} INFO -     string(8) "php-app2"
[2025-03-26T13:47:23.512+0000] {docker.py:69} INFO -     ["timestamp"]=>
[2025-03-26T13:47:23.513+0000] {docker.py:69} INFO -     int(1742996818)
[2025-03-26T13:47:23.513+0000] {docker.py:69} INFO -   }
[2025-03-26T13:47:23.513+0000] {docker.py:69} INFO -   [81]=>
[2025-03-26T13:47:23.514+0000] {docker.py:69} INFO -   object(stdClass)#83 (3) {
[2025-03-26T13:47:23.514+0000] {docker.py:69} INFO -     ["contador"]=>
[2025-03-26T13:47:23.515+0000] {docker.py:69} INFO -     int(1)
[2025-03-26T13:47:23.515+0000] {docker.py:69} INFO -     ["container"]=>
[2025-03-26T13:47:23.516+0000] {docker.py:69} INFO -     string(8) "php-app1"
[2025-03-26T13:47:23.516+0000] {docker.py:69} INFO -     ["timestamp"]=>
[2025-03-26T13:47:23.517+0000] {docker.py:69} INFO -     int(1742996821)
[2025-03-26T13:47:23.517+0000] {docker.py:69} INFO -   }
[2025-03-26T13:47:23.517+0000] {docker.py:69} INFO -   [82]=>
[2025-03-26T13:47:23.518+0000] {docker.py:69} INFO -   object(stdClass)#84 (3) {
[2025-03-26T13:47:23.519+0000] {docker.py:69} INFO -     ["contador"]=>
[2025-03-26T13:47:23.520+0000] {docker.py:69} INFO -     int(1)
[2025-03-26T13:47:23.521+0000] {docker.py:69} INFO -     ["container"]=>
[2025-03-26T13:47:23.522+0000] {docker.py:69} INFO -     string(8) "php-app1"
[2025-03-26T13:47:23.522+0000] {docker.py:69} INFO -     ["timestamp"]=>
[2025-03-26T13:47:23.523+0000] {docker.py:69} INFO -     int(1742996824)
[2025-03-26T13:47:23.523+0000] {docker.py:69} INFO -   }
[2025-03-26T13:47:23.530+0000] {docker.py:69} INFO -   [83]=>
[2025-03-26T13:47:23.534+0000] {docker.py:69} INFO -   object(stdClass)#85 (3) {
[2025-03-26T13:47:23.536+0000] {docker.py:69} INFO -     ["contador"]=>
[2025-03-26T13:47:23.537+0000] {docker.py:69} INFO -     int(1)
[2025-03-26T13:47:23.540+0000] {docker.py:69} INFO -     ["container"]=>
[2025-03-26T13:47:23.541+0000] {docker.py:69} INFO -     string(8) "php-app2"
[2025-03-26T13:47:23.565+0000] {docker.py:69} INFO -     ["timestamp"]=>
[2025-03-26T13:47:23.566+0000] {docker.py:69} INFO -     int(1742996825)
[2025-03-26T13:47:23.567+0000] {docker.py:69} INFO -   }
[2025-03-26T13:47:23.568+0000] {docker.py:69} INFO -   [84]=>
[2025-03-26T13:47:23.571+0000] {docker.py:69} INFO -   object(stdClass)#86 (3) {
[2025-03-26T13:47:23.572+0000] {docker.py:69} INFO -     ["contador"]=>
[2025-03-26T13:47:23.577+0000] {docker.py:69} INFO -     int(1)
[2025-03-26T13:47:23.577+0000] {docker.py:69} INFO -     ["container"]=>
[2025-03-26T13:47:23.578+0000] {docker.py:69} INFO -     string(8) "php-app2"
[2025-03-26T13:47:23.580+0000] {docker.py:69} INFO -     ["timestamp"]=>
[2025-03-26T13:47:23.581+0000] {docker.py:69} INFO -     int(1742996826)
[2025-03-26T13:47:23.581+0000] {docker.py:69} INFO -   }
[2025-03-26T13:47:23.582+0000] {docker.py:69} INFO -   [85]=>
[2025-03-26T13:47:23.584+0000] {docker.py:69} INFO -   object(stdClass)#87 (3) {
[2025-03-26T13:47:23.584+0000] {docker.py:69} INFO -     ["contador"]=>
[2025-03-26T13:47:23.585+0000] {docker.py:69} INFO -     int(1)
[2025-03-26T13:47:23.587+0000] {docker.py:69} INFO -     ["container"]=>
[2025-03-26T13:47:23.588+0000] {docker.py:69} INFO -     string(8) "php-app2"
[2025-03-26T13:47:23.591+0000] {docker.py:69} INFO -     ["timestamp"]=>
[2025-03-26T13:47:23.591+0000] {docker.py:69} INFO -     int(1742996826)
[2025-03-26T13:47:23.592+0000] {docker.py:69} INFO -   }
[2025-03-26T13:47:23.592+0000] {docker.py:69} INFO -   [86]=>
[2025-03-26T13:47:23.592+0000] {docker.py:69} INFO -   object(stdClass)#88 (3) {
[2025-03-26T13:47:23.593+0000] {docker.py:69} INFO -     ["contador"]=>
[2025-03-26T13:47:23.597+0000] {docker.py:69} INFO -     int(1)
[2025-03-26T13:47:23.598+0000] {docker.py:69} INFO -     ["container"]=>
[2025-03-26T13:47:23.600+0000] {docker.py:69} INFO -     string(8) "php-app1"
[2025-03-26T13:47:23.601+0000] {docker.py:69} INFO -     ["timestamp"]=>
[2025-03-26T13:47:23.601+0000] {docker.py:69} INFO -     int(1742996827)
[2025-03-26T13:47:23.602+0000] {docker.py:69} INFO -   }
[2025-03-26T13:47:23.602+0000] {docker.py:69} INFO -   [87]=>
[2025-03-26T13:47:23.606+0000] {docker.py:69} INFO -   object(stdClass)#89 (3) {
[2025-03-26T13:47:23.606+0000] {docker.py:69} INFO -     ["contador"]=>
[2025-03-26T13:47:23.607+0000] {docker.py:69} INFO -     int(1)
[2025-03-26T13:47:23.607+0000] {docker.py:69} INFO -     ["container"]=>
[2025-03-26T13:47:23.609+0000] {docker.py:69} INFO -     string(8) "php-app2"
[2025-03-26T13:47:23.610+0000] {docker.py:69} INFO -     ["timestamp"]=>
[2025-03-26T13:47:23.610+0000] {docker.py:69} INFO -     int(1742996828)
[2025-03-26T13:47:23.612+0000] {docker.py:69} INFO -   }
[2025-03-26T13:47:23.613+0000] {docker.py:69} INFO -   [88]=>
[2025-03-26T13:47:23.613+0000] {docker.py:69} INFO -   object(stdClass)#90 (3) {
[2025-03-26T13:47:23.614+0000] {docker.py:69} INFO -     ["contador"]=>
[2025-03-26T13:47:23.614+0000] {docker.py:69} INFO -     int(1)
[2025-03-26T13:47:23.803+0000] {docker.py:69} INFO -     ["container"]=>
[2025-03-26T13:47:23.804+0000] {docker.py:69} INFO -     string(8) "php-app1"
[2025-03-26T13:47:23.860+0000] {docker.py:69} INFO -     ["timestamp"]=>
[2025-03-26T13:47:23.860+0000] {docker.py:69} INFO -     int(1742996828)
[2025-03-26T13:47:23.860+0000] {docker.py:69} INFO -   }
[2025-03-26T13:47:23.861+0000] {docker.py:69} INFO -   [89]=>
[2025-03-26T13:47:23.917+0000] {docker.py:69} INFO -   object(stdClass)#91 (3) {
[2025-03-26T13:47:23.917+0000] {docker.py:69} INFO -     ["contador"]=>
[2025-03-26T13:47:23.917+0000] {docker.py:69} INFO -     int(1)
[2025-03-26T13:47:23.918+0000] {docker.py:69} INFO -     ["container"]=>
[2025-03-26T13:47:23.918+0000] {docker.py:69} INFO -     string(8) "php-app2"
[2025-03-26T13:47:23.919+0000] {docker.py:69} INFO -     ["timestamp"]=>
[2025-03-26T13:47:23.920+0000] {docker.py:69} INFO -     int(1742996829)
[2025-03-26T13:47:23.921+0000] {docker.py:69} INFO -   }
[2025-03-26T13:47:23.921+0000] {docker.py:69} INFO -   [90]=>
[2025-03-26T13:47:23.922+0000] {docker.py:69} INFO -   object(stdClass)#92 (3) {
[2025-03-26T13:47:23.922+0000] {docker.py:69} INFO -     ["contador"]=>
[2025-03-26T13:47:23.923+0000] {docker.py:69} INFO -     int(1)
[2025-03-26T13:47:23.923+0000] {docker.py:69} INFO -     ["container"]=>
[2025-03-26T13:47:23.924+0000] {docker.py:69} INFO -     string(8) "php-app1"
[2025-03-26T13:47:23.925+0000] {docker.py:69} INFO -     ["timestamp"]=>
[2025-03-26T13:47:23.925+0000] {docker.py:69} INFO -     int(1742996829)
[2025-03-26T13:47:23.926+0000] {docker.py:69} INFO -   }
[2025-03-26T13:47:23.926+0000] {docker.py:69} INFO -   [91]=>
[2025-03-26T13:47:23.927+0000] {docker.py:69} INFO -   object(stdClass)#93 (3) {
[2025-03-26T13:47:23.928+0000] {docker.py:69} INFO -     ["contador"]=>
[2025-03-26T13:47:23.928+0000] {docker.py:69} INFO -     int(1)
[2025-03-26T13:47:23.929+0000] {docker.py:69} INFO -     ["container"]=>
[2025-03-26T13:47:23.931+0000] {docker.py:69} INFO -     string(8) "php-app2"
[2025-03-26T13:47:23.932+0000] {docker.py:69} INFO -     ["timestamp"]=>
[2025-03-26T13:47:23.933+0000] {docker.py:69} INFO -     int(1742996838)
[2025-03-26T13:47:23.945+0000] {docker.py:69} INFO -   }
[2025-03-26T13:47:24.223+0000] {docker.py:69} INFO -   [92]=>
[2025-03-26T13:47:24.226+0000] {docker.py:69} INFO -   array(3) {
[2025-03-26T13:47:24.236+0000] {docker.py:69} INFO -     ["contador"]=>
[2025-03-26T13:47:24.237+0000] {docker.py:69} INFO -     int(1)
[2025-03-26T13:47:24.269+0000] {docker.py:69} INFO -     ["container"]=>
[2025-03-26T13:47:24.270+0000] {docker.py:69} INFO -     string(8) "php-app1"
[2025-03-26T13:47:24.304+0000] {docker.py:69} INFO -     ["timestamp"]=>
[2025-03-26T13:47:24.310+0000] {docker.py:69} INFO -     int(1742996841)
[2025-03-26T13:47:24.311+0000] {docker.py:69} INFO -   }
[2025-03-26T13:47:24.346+0000] {docker.py:69} INFO - }
[2025-03-26T13:47:25.146+0000] {taskinstance.py:341} INFO - ::group::Post task execution logs
[2025-03-26T13:47:25.153+0000] {taskinstance.py:353} INFO - Marking task as SUCCESS. dag_id=containers1_dag, task_id=php_app1, run_id=scheduled__2025-03-25T02:50:00+00:00, execution_date=20250325T025000, start_date=20250326T134715, end_date=20250326T134725
[2025-03-26T13:47:26.639+0000] {local_task_job_runner.py:266} INFO - Task exited with return code 0
[2025-03-26T13:47:26.724+0000] {taskinstance.py:3901} INFO - 0 downstream tasks scheduled from follow-on schedule check
[2025-03-26T13:47:26.900+0000] {local_task_job_runner.py:245} INFO - ::endgroup::
