[2025-03-26T13:47:32.669+0000] {local_task_job_runner.py:123} INFO - ::group::Pre task execution logs
[2025-03-26T13:47:33.023+0000] {taskinstance.py:2614} INFO - Dependencies all met for dep_context=non-requeueable deps ti=<TaskInstance: containers1_dag.php_app2 scheduled__2025-03-25T03:30:00+00:00 [queued]>
[2025-03-26T13:47:33.066+0000] {taskinstance.py:2614} INFO - Dependencies all met for dep_context=requeueable deps ti=<TaskInstance: containers1_dag.php_app2 scheduled__2025-03-25T03:30:00+00:00 [queued]>
[2025-03-26T13:47:33.069+0000] {taskinstance.py:2867} INFO - Starting attempt 1 of 6
[2025-03-26T13:47:33.337+0000] {taskinstance.py:2890} INFO - Executing <Task(DockerOperator): php_app2> on 2025-03-25 03:30:00+00:00
[2025-03-26T13:47:33.848+0000] {standard_task_runner.py:104} INFO - Running: ['***', 'tasks', 'run', 'containers1_dag', 'php_app2', 'scheduled__2025-03-25T03:30:00+00:00', '--job-id', '108', '--raw', '--subdir', 'DAGS_FOLDER/containers1_dag.py', '--cfg-path', '/tmp/tmpstphtgqj']
[2025-03-26T13:47:33.968+0000] {standard_task_runner.py:105} INFO - Job 108: Subtask php_app2
[2025-03-26T13:47:34.019+0000] {logging_mixin.py:190} WARNING - /home/***/.local/lib/python3.12/site-packages/***/task/task_runner/standard_task_runner.py:70 DeprecationWarning: This process (pid=858) is multi-threaded, use of fork() may lead to deadlocks in the child.
[2025-03-26T13:47:34.051+0000] {standard_task_runner.py:72} INFO - Started process 870 to run task
[2025-03-26T13:47:34.964+0000] {task_command.py:467} INFO - Running <TaskInstance: containers1_dag.php_app2 scheduled__2025-03-25T03:30:00+00:00 [running]> on host 3d581a580455
[2025-03-26T13:47:35.984+0000] {taskinstance.py:3134} INFO - Exporting env vars: AIRFLOW_CTX_DAG_OWNER='andre' AIRFLOW_CTX_DAG_ID='containers1_dag' AIRFLOW_CTX_TASK_ID='php_app2' AIRFLOW_CTX_EXECUTION_DATE='2025-03-25T03:30:00+00:00' AIRFLOW_CTX_TRY_NUMBER='1' AIRFLOW_CTX_DAG_RUN_ID='scheduled__2025-03-25T03:30:00+00:00'
[2025-03-26T13:47:35.985+0000] {taskinstance.py:732} INFO - ::endgroup::
[2025-03-26T13:47:36.300+0000] {docker.py:345} INFO - Starting docker container from image php-app2
[2025-03-26T13:47:36.471+0000] {docker.py:353} WARNING - Using remote engine or docker-in-docker and mounting temporary volume from host is not supported. Falling back to `mount_tmp_dir=False` mode. You can set `mount_tmp_dir` parameter to False to disable mounting and remove the warning
[2025-03-26T13:47:39.141+0000] {docker.py:69} INFO - array(108) {
[2025-03-26T13:47:39.142+0000] {docker.py:69} INFO -   [0]=>
[2025-03-26T13:47:39.143+0000] {docker.py:69} INFO -   object(stdClass)#2 (3) {
[2025-03-26T13:47:39.148+0000] {docker.py:69} INFO -     ["contador"]=>
[2025-03-26T13:47:39.149+0000] {docker.py:69} INFO -     int(0)
[2025-03-26T13:47:39.152+0000] {docker.py:69} INFO -     ["container"]=>
[2025-03-26T13:47:39.153+0000] {docker.py:69} INFO -     string(8) "php-app1"
[2025-03-26T13:47:39.153+0000] {docker.py:69} INFO -     ["timestamp"]=>
[2025-03-26T13:47:39.154+0000] {docker.py:69} INFO -     int(1742852307)
[2025-03-26T13:47:39.154+0000] {docker.py:69} INFO -   }
[2025-03-26T13:47:39.156+0000] {docker.py:69} INFO -   [1]=>
[2025-03-26T13:47:39.157+0000] {docker.py:69} INFO -   object(stdClass)#3 (3) {
[2025-03-26T13:47:39.159+0000] {docker.py:69} INFO -     ["contador"]=>
[2025-03-26T13:47:39.160+0000] {docker.py:69} INFO -     int(1)
[2025-03-26T13:47:39.161+0000] {docker.py:69} INFO -     ["container"]=>
[2025-03-26T13:47:39.163+0000] {docker.py:69} INFO -     string(8) "php-app2"
[2025-03-26T13:47:39.166+0000] {docker.py:69} INFO -     ["timestamp"]=>
[2025-03-26T13:47:39.167+0000] {docker.py:69} INFO -     int(1742852309)
[2025-03-26T13:47:39.167+0000] {docker.py:69} INFO -   }
[2025-03-26T13:47:39.168+0000] {docker.py:69} INFO -   [2]=>
[2025-03-26T13:47:39.169+0000] {docker.py:69} INFO -   object(stdClass)#4 (3) {
[2025-03-26T13:47:39.170+0000] {docker.py:69} INFO -     ["contador"]=>
[2025-03-26T13:47:39.170+0000] {docker.py:69} INFO -     int(1)
[2025-03-26T13:47:39.171+0000] {docker.py:69} INFO -     ["container"]=>
[2025-03-26T13:47:39.173+0000] {docker.py:69} INFO -     string(8) "php-app1"
[2025-03-26T13:47:39.174+0000] {docker.py:69} INFO -     ["timestamp"]=>
[2025-03-26T13:47:39.175+0000] {docker.py:69} INFO -     int(1742852311)
[2025-03-26T13:47:39.176+0000] {docker.py:69} INFO -   }
[2025-03-26T13:47:39.177+0000] {docker.py:69} INFO -   [3]=>
[2025-03-26T13:47:39.179+0000] {docker.py:69} INFO -   object(stdClass)#5 (3) {
[2025-03-26T13:47:39.180+0000] {docker.py:69} INFO -     ["contador"]=>
[2025-03-26T13:47:39.180+0000] {docker.py:69} INFO - int(1)
[2025-03-26T13:47:39.182+0000] {docker.py:69} INFO -     [
[2025-03-26T13:47:39.182+0000] {docker.py:69} INFO - "container
[2025-03-26T13:47:39.183+0000] {docker.py:69} INFO - "
[2025-03-26T13:47:39.183+0000] {docker.py:69} INFO - ]=>
[2025-03-26T13:47:39.184+0000] {docker.py:69} INFO - 
[2025-03-26T13:47:39.185+0000] {docker.py:69} INFO - string(8) "
[2025-03-26T13:47:39.185+0000] {docker.py:69} INFO - php-app2
[2025-03-26T13:47:39.186+0000] {docker.py:69} INFO - "
[2025-03-26T13:47:39.216+0000] {docker.py:69} INFO -     ["timestamp"]=>
[2025-03-26T13:47:39.216+0000] {docker.py:69} INFO -     int(1742852314)
[2025-03-26T13:47:39.220+0000] {docker.py:69} INFO -   }
[2025-03-26T13:47:39.221+0000] {docker.py:69} INFO -   [4]=>
[2025-03-26T13:47:39.222+0000] {docker.py:69} INFO -   object(stdClass)#6 (3) {
[2025-03-26T13:47:39.222+0000] {docker.py:69} INFO -     ["contador"]=>
[2025-03-26T13:47:39.224+0000] {docker.py:69} INFO -     int(1)
[2025-03-26T13:47:39.225+0000] {docker.py:69} INFO -     ["container"]=>
[2025-03-26T13:47:39.226+0000] {docker.py:69} INFO -     string(8) "php-app2"
[2025-03-26T13:47:39.226+0000] {docker.py:69} INFO -     ["timestamp"]=>
[2025-03-26T13:47:39.227+0000] {docker.py:69} INFO -     int(1742996301)
[2025-03-26T13:47:39.227+0000] {docker.py:69} INFO -   }
[2025-03-26T13:47:39.228+0000] {docker.py:69} INFO -   [5]=>
[2025-03-26T13:47:39.228+0000] {docker.py:69} INFO -   object(stdClass)#7 (3) {
[2025-03-26T13:47:39.229+0000] {docker.py:69} INFO -     ["contador"]=>
[2025-03-26T13:47:39.229+0000] {docker.py:69} INFO -     int(1)
[2025-03-26T13:47:39.230+0000] {docker.py:69} INFO -     ["container"]=>
[2025-03-26T13:47:39.230+0000] {docker.py:69} INFO -     string(8) "php-app1"
[2025-03-26T13:47:39.230+0000] {docker.py:69} INFO -     ["timestamp"]=>
[2025-03-26T13:47:39.231+0000] {docker.py:69} INFO -     int(1742996302)
[2025-03-26T13:47:39.232+0000] {docker.py:69} INFO -   }
[2025-03-26T13:47:39.232+0000] {docker.py:69} INFO -   [6]=>
[2025-03-26T13:47:39.233+0000] {docker.py:69} INFO -   object(stdClass)#8 (3) {
[2025-03-26T13:47:39.233+0000] {docker.py:69} INFO -     ["contador"]=>
[2025-03-26T13:47:39.234+0000] {docker.py:69} INFO -     int(1)
[2025-03-26T13:47:39.235+0000] {docker.py:69} INFO -     ["container"]=>
[2025-03-26T13:47:39.235+0000] {docker.py:69} INFO -     string(8) "php-app1"
[2025-03-26T13:47:39.237+0000] {docker.py:69} INFO -     ["timestamp"]=>
[2025-03-26T13:47:39.237+0000] {docker.py:69} INFO -     int(1742996302)
[2025-03-26T13:47:39.238+0000] {docker.py:69} INFO -   }
[2025-03-26T13:47:39.238+0000] {docker.py:69} INFO -   [7]=>
[2025-03-26T13:47:39.239+0000] {docker.py:69} INFO -   object(stdClass)#9 (3) {
[2025-03-26T13:47:39.240+0000] {docker.py:69} INFO -     ["contador"]=>
[2025-03-26T13:47:39.240+0000] {docker.py:69} INFO -     int(1)
[2025-03-26T13:47:39.241+0000] {docker.py:69} INFO -     ["container"]=>
[2025-03-26T13:47:39.241+0000] {docker.py:69} INFO -     string(8) "php-app2"
[2025-03-26T13:47:39.242+0000] {docker.py:69} INFO -     ["timestamp"]=>
[2025-03-26T13:47:39.242+0000] {docker.py:69} INFO -     int(1742996303)
[2025-03-26T13:47:39.243+0000] {docker.py:69} INFO -   }
[2025-03-26T13:47:39.243+0000] {docker.py:69} INFO -   [8]=>
[2025-03-26T13:47:39.244+0000] {docker.py:69} INFO -   object(stdClass)#10 (3) {
[2025-03-26T13:47:39.244+0000] {docker.py:69} INFO -     ["contador"]=>
[2025-03-26T13:47:39.245+0000] {docker.py:69} INFO -     int(1)
[2025-03-26T13:47:39.245+0000] {docker.py:69} INFO -     ["container"]=>
[2025-03-26T13:47:39.246+0000] {docker.py:69} INFO -     string(8) "php-app1"
[2025-03-26T13:47:39.248+0000] {docker.py:69} INFO -     ["timestamp"]=>
[2025-03-26T13:47:39.249+0000] {docker.py:69} INFO -     int(1742996304)
[2025-03-26T13:47:39.250+0000] {docker.py:69} INFO -   }
[2025-03-26T13:47:39.251+0000] {docker.py:69} INFO -   [9]=>
[2025-03-26T13:47:39.252+0000] {docker.py:69} INFO -   object(stdClass)#11 (3) {
[2025-03-26T13:47:39.252+0000] {docker.py:69} INFO -     ["contador"]=>
[2025-03-26T13:47:39.253+0000] {docker.py:69} INFO -     int(1)
[2025-03-26T13:47:39.254+0000] {docker.py:69} INFO -     ["container"]=>
[2025-03-26T13:47:39.254+0000] {docker.py:69} INFO -     string(8) "php-app2"
[2025-03-26T13:47:39.255+0000] {docker.py:69} INFO -     ["timestamp"]=>
[2025-03-26T13:47:39.256+0000] {docker.py:69} INFO -     int(1742996305)
[2025-03-26T13:47:39.256+0000] {docker.py:69} INFO -   }
[2025-03-26T13:47:39.257+0000] {docker.py:69} INFO -   [10]=>
[2025-03-26T13:47:39.257+0000] {docker.py:69} INFO -   object(stdClass)#12 (3) {
[2025-03-26T13:47:39.258+0000] {docker.py:69} INFO -     ["contador"]=>
[2025-03-26T13:47:39.258+0000] {docker.py:69} INFO -     int(1)
[2025-03-26T13:47:39.259+0000] {docker.py:69} INFO -     ["container"]=>
[2025-03-26T13:47:39.259+0000] {docker.py:69} INFO -     string(8) "php-app2"
[2025-03-26T13:47:39.260+0000] {docker.py:69} INFO -     ["timestamp"]=>
[2025-03-26T13:47:39.260+0000] {docker.py:69} INFO -     int(1742996305)
[2025-03-26T13:47:39.261+0000] {docker.py:69} INFO -   }
[2025-03-26T13:47:39.261+0000] {docker.py:69} INFO -   [11]=>
[2025-03-26T13:47:39.262+0000] {docker.py:69} INFO -   object(stdClass)#13 (3) {
[2025-03-26T13:47:39.262+0000] {docker.py:69} INFO -     ["contador"]=>
[2025-03-26T13:47:39.263+0000] {docker.py:69} INFO -     int(1)
[2025-03-26T13:47:39.263+0000] {docker.py:69} INFO -     ["container"]=>
[2025-03-26T13:47:39.264+0000] {docker.py:69} INFO -     string(8) "php-app1"
[2025-03-26T13:47:39.265+0000] {docker.py:69} INFO -     ["timestamp"]=>
[2025-03-26T13:47:39.265+0000] {docker.py:69} INFO -     int(1742996305)
[2025-03-26T13:47:39.266+0000] {docker.py:69} INFO -   }
[2025-03-26T13:47:39.267+0000] {docker.py:69} INFO -   [12]=>
[2025-03-26T13:47:39.267+0000] {docker.py:69} INFO -   object(stdClass)#14 (3) {
[2025-03-26T13:47:39.268+0000] {docker.py:69} INFO -     ["contador"]=>
[2025-03-26T13:47:39.268+0000] {docker.py:69} INFO -     int(1)
[2025-03-26T13:47:39.269+0000] {docker.py:69} INFO -     ["container"]=>
[2025-03-26T13:47:39.269+0000] {docker.py:69} INFO -     string(8) "php-app1"
[2025-03-26T13:47:39.270+0000] {docker.py:69} INFO -     ["timestamp"]=>
[2025-03-26T13:47:39.270+0000] {docker.py:69} INFO -     int(1742996309)
[2025-03-26T13:47:39.271+0000] {docker.py:69} INFO -   }
[2025-03-26T13:47:39.271+0000] {docker.py:69} INFO -   [13]=>
[2025-03-26T13:47:39.272+0000] {docker.py:69} INFO -   object(stdClass)#15 (3) {
[2025-03-26T13:47:39.272+0000] {docker.py:69} INFO -     ["contador"]=>
[2025-03-26T13:47:39.273+0000] {docker.py:69} INFO -     int(1)
[2025-03-26T13:47:39.273+0000] {docker.py:69} INFO -     ["container"]=>
[2025-03-26T13:47:39.273+0000] {docker.py:69} INFO -     string(8) "php-app1"
[2025-03-26T13:47:39.274+0000] {docker.py:69} INFO -     ["timestamp"]=>
[2025-03-26T13:47:39.274+0000] {docker.py:69} INFO -     int(1742996309)
[2025-03-26T13:47:39.275+0000] {docker.py:69} INFO -   }
[2025-03-26T13:47:39.275+0000] {docker.py:69} INFO -   [14]=>
[2025-03-26T13:47:39.275+0000] {docker.py:69} INFO -   object(stdClass)#16 (3) {
[2025-03-26T13:47:39.276+0000] {docker.py:69} INFO -     ["contador"]=>
[2025-03-26T13:47:39.276+0000] {docker.py:69} INFO -     int(1)
[2025-03-26T13:47:39.277+0000] {docker.py:69} INFO -     ["container"]=>
[2025-03-26T13:47:39.277+0000] {docker.py:69} INFO -     string(8) "php-app2"
[2025-03-26T13:47:39.278+0000] {docker.py:69} INFO -     ["timestamp"]=>
[2025-03-26T13:47:39.278+0000] {docker.py:69} INFO -     int(1742996309)
[2025-03-26T13:47:39.279+0000] {docker.py:69} INFO -   }
[2025-03-26T13:47:39.279+0000] {docker.py:69} INFO -   [15]=>
[2025-03-26T13:47:39.280+0000] {docker.py:69} INFO -   object(stdClass)#17 (3) {
[2025-03-26T13:47:39.280+0000] {docker.py:69} INFO -     ["contador"]=>
[2025-03-26T13:47:39.281+0000] {docker.py:69} INFO -     int(1)
[2025-03-26T13:47:39.282+0000] {docker.py:69} INFO -     ["container"]=>
[2025-03-26T13:47:39.282+0000] {docker.py:69} INFO -     string(8) "php-app2"
[2025-03-26T13:47:39.283+0000] {docker.py:69} INFO -     ["timestamp"]=>
[2025-03-26T13:47:39.283+0000] {docker.py:69} INFO -     int(1742996309)
[2025-03-26T13:47:39.284+0000] {docker.py:69} INFO -   }
[2025-03-26T13:47:39.284+0000] {docker.py:69} INFO -   [16]=>
[2025-03-26T13:47:39.285+0000] {docker.py:69} INFO -   object(stdClass)#18 (3) {
[2025-03-26T13:47:39.285+0000] {docker.py:69} INFO -     ["contador"]=>
[2025-03-26T13:47:39.286+0000] {docker.py:69} INFO -     int(1)
[2025-03-26T13:47:39.287+0000] {docker.py:69} INFO -     ["container"]=>
[2025-03-26T13:47:39.287+0000] {docker.py:69} INFO -     string(8) "php-app1"
[2025-03-26T13:47:39.288+0000] {docker.py:69} INFO -     ["timestamp"]=>
[2025-03-26T13:47:39.288+0000] {docker.py:69} INFO -     int(1742996310)
[2025-03-26T13:47:39.288+0000] {docker.py:69} INFO -   }
[2025-03-26T13:47:39.289+0000] {docker.py:69} INFO -   [17]=>
[2025-03-26T13:47:39.289+0000] {docker.py:69} INFO -   object(stdClass)#19 (3) {
[2025-03-26T13:47:39.290+0000] {docker.py:69} INFO -     ["contador"]=>
[2025-03-26T13:47:39.290+0000] {docker.py:69} INFO -     int(1)
[2025-03-26T13:47:39.291+0000] {docker.py:69} INFO -     ["container"]=>
[2025-03-26T13:47:39.291+0000] {docker.py:69} INFO -     string(8) "php-app2"
[2025-03-26T13:47:39.292+0000] {docker.py:69} INFO -     ["timestamp"]=>
[2025-03-26T13:47:39.292+0000] {docker.py:69} INFO -     int(1742996310)
[2025-03-26T13:47:39.293+0000] {docker.py:69} INFO -   }
[2025-03-26T13:47:39.293+0000] {docker.py:69} INFO -   [18]=>
[2025-03-26T13:47:39.294+0000] {docker.py:69} INFO -   object(stdClass)#20 (3) {
[2025-03-26T13:47:39.294+0000] {docker.py:69} INFO -     ["contador"]=>
[2025-03-26T13:47:39.295+0000] {docker.py:69} INFO -     int(1)
[2025-03-26T13:47:39.295+0000] {docker.py:69} INFO -     ["container"]=>
[2025-03-26T13:47:39.296+0000] {docker.py:69} INFO -     string(8) "php-app2"
[2025-03-26T13:47:39.296+0000] {docker.py:69} INFO -     ["timestamp"]=>
[2025-03-26T13:47:39.297+0000] {docker.py:69} INFO -     int(1742996310)
[2025-03-26T13:47:39.297+0000] {docker.py:69} INFO -   }
[2025-03-26T13:47:39.298+0000] {docker.py:69} INFO -   [19]=>
[2025-03-26T13:47:39.298+0000] {docker.py:69} INFO -   object(stdClass)#21 (3) {
[2025-03-26T13:47:39.299+0000] {docker.py:69} INFO -     ["contador"]=>
[2025-03-26T13:47:39.299+0000] {docker.py:69} INFO -     int(1)
[2025-03-26T13:47:39.300+0000] {docker.py:69} INFO -     ["container"]=>
[2025-03-26T13:47:39.301+0000] {docker.py:69} INFO -     string(8) "php-app1"
[2025-03-26T13:47:39.301+0000] {docker.py:69} INFO -     ["timestamp"]=>
[2025-03-26T13:47:39.302+0000] {docker.py:69} INFO -     int(1742996311)
[2025-03-26T13:47:39.302+0000] {docker.py:69} INFO -   }
[2025-03-26T13:47:39.303+0000] {docker.py:69} INFO -   [20]=>
[2025-03-26T13:47:39.303+0000] {docker.py:69} INFO -   object(stdClass)#22 (3) {
[2025-03-26T13:47:39.304+0000] {docker.py:69} INFO -     ["contador"]=>
[2025-03-26T13:47:39.304+0000] {docker.py:69} INFO -     int(1)
[2025-03-26T13:47:39.305+0000] {docker.py:69} INFO -     ["container"]=>
[2025-03-26T13:47:39.305+0000] {docker.py:69} INFO -     string(8) "php-app1"
[2025-03-26T13:47:39.306+0000] {docker.py:69} INFO -     ["timestamp"]=>
[2025-03-26T13:47:39.306+0000] {docker.py:69} INFO -     int(1742996311)
[2025-03-26T13:47:39.307+0000] {docker.py:69} INFO -   }
[2025-03-26T13:47:39.307+0000] {docker.py:69} INFO -   [21]=>
[2025-03-26T13:47:39.308+0000] {docker.py:69} INFO -   object(stdClass)#23 (3) {
[2025-03-26T13:47:39.308+0000] {docker.py:69} INFO -     ["contador"]=>
[2025-03-26T13:47:39.309+0000] {docker.py:69} INFO -     int(1)
[2025-03-26T13:47:39.309+0000] {docker.py:69} INFO -     ["container"]=>
[2025-03-26T13:47:39.310+0000] {docker.py:69} INFO -     string(8) "php-app2"
[2025-03-26T13:47:39.310+0000] {docker.py:69} INFO -     ["timestamp"]=>
[2025-03-26T13:47:39.311+0000] {docker.py:69} INFO -     int(1742996312)
[2025-03-26T13:47:39.311+0000] {docker.py:69} INFO -   }
[2025-03-26T13:47:39.311+0000] {docker.py:69} INFO -   [22]=>
[2025-03-26T13:47:39.312+0000] {docker.py:69} INFO -   object(stdClass)#24 (3) {
[2025-03-26T13:47:39.312+0000] {docker.py:69} INFO -     ["contador"]=>
[2025-03-26T13:47:39.313+0000] {docker.py:69} INFO -     int(1)
[2025-03-26T13:47:39.313+0000] {docker.py:69} INFO -     ["container"]=>
[2025-03-26T13:47:39.314+0000] {docker.py:69} INFO -     string(8) "php-app1"
[2025-03-26T13:47:39.314+0000] {docker.py:69} INFO -     ["timestamp"]=>
[2025-03-26T13:47:39.316+0000] {docker.py:69} INFO -     int(1742996313)
[2025-03-26T13:47:39.316+0000] {docker.py:69} INFO -   }
[2025-03-26T13:47:39.317+0000] {docker.py:69} INFO -   [23]=>
[2025-03-26T13:47:39.317+0000] {docker.py:69} INFO -   object(stdClass)#25 (3) {
[2025-03-26T13:47:39.318+0000] {docker.py:69} INFO -     ["contador"]=>
[2025-03-26T13:47:39.318+0000] {docker.py:69} INFO -     int(1)
[2025-03-26T13:47:39.319+0000] {docker.py:69} INFO -     ["container"]=>
[2025-03-26T13:47:39.319+0000] {docker.py:69} INFO -     string(8) "php-app1"
[2025-03-26T13:47:39.319+0000] {docker.py:69} INFO -     ["timestamp"]=>
[2025-03-26T13:47:39.320+0000] {docker.py:69} INFO -     int(1742996751)
[2025-03-26T13:47:39.320+0000] {docker.py:69} INFO -   }
[2025-03-26T13:47:39.321+0000] {docker.py:69} INFO -   [24]=>
[2025-03-26T13:47:39.321+0000] {docker.py:69} INFO -   object(stdClass)#26 (3) {
[2025-03-26T13:47:39.322+0000] {docker.py:69} INFO -     ["contador"]=>
[2025-03-26T13:47:39.322+0000] {docker.py:69} INFO -     int(1)
[2025-03-26T13:47:39.323+0000] {docker.py:69} INFO -     ["container"]=>
[2025-03-26T13:47:39.323+0000] {docker.py:69} INFO -     string(8) "php-app2"
[2025-03-26T13:47:39.323+0000] {docker.py:69} INFO -     ["timestamp"]=>
[2025-03-26T13:47:39.324+0000] {docker.py:69} INFO -     int(1742996751)
[2025-03-26T13:47:39.324+0000] {docker.py:69} INFO -   }
[2025-03-26T13:47:39.325+0000] {docker.py:69} INFO -   [25]=>
[2025-03-26T13:47:39.325+0000] {docker.py:69} INFO -   object(stdClass)#27 (3) {
[2025-03-26T13:47:39.326+0000] {docker.py:69} INFO -     ["contador"]=>
[2025-03-26T13:47:39.326+0000] {docker.py:69} INFO -     int(1)
[2025-03-26T13:47:39.327+0000] {docker.py:69} INFO -     ["container"]=>
[2025-03-26T13:47:39.328+0000] {docker.py:69} INFO -     string(8) "php-app2"
[2025-03-26T13:47:39.328+0000] {docker.py:69} INFO -     ["timestamp"]=>
[2025-03-26T13:47:39.329+0000] {docker.py:69} INFO -     int(1742996756)
[2025-03-26T13:47:39.330+0000] {docker.py:69} INFO -   }
[2025-03-26T13:47:39.333+0000] {docker.py:69} INFO -   [26]=>
[2025-03-26T13:47:39.334+0000] {docker.py:69} INFO -   object(stdClass)#28 (3) {
[2025-03-26T13:47:39.334+0000] {docker.py:69} INFO -     ["contador"]=>
[2025-03-26T13:47:39.335+0000] {docker.py:69} INFO -     int(1)
[2025-03-26T13:47:39.335+0000] {docker.py:69} INFO -     ["container"]=>
[2025-03-26T13:47:39.336+0000] {docker.py:69} INFO -     string(8) "php-app1"
[2025-03-26T13:47:39.346+0000] {docker.py:69} INFO -     ["timestamp"]=>
[2025-03-26T13:47:39.356+0000] {docker.py:69} INFO -     int(1742996756)
[2025-03-26T13:47:39.364+0000] {docker.py:69} INFO -   }
[2025-03-26T13:47:39.367+0000] {docker.py:69} INFO -   [27]=>
[2025-03-26T13:47:39.368+0000] {docker.py:69} INFO -   object(stdClass)#29 (3) {
[2025-03-26T13:47:39.383+0000] {docker.py:69} INFO -     ["contador"]=>
[2025-03-26T13:47:39.384+0000] {docker.py:69} INFO -     int(1)
[2025-03-26T13:47:39.384+0000] {docker.py:69} INFO -     ["container"]=>
[2025-03-26T13:47:39.385+0000] {docker.py:69} INFO -     string(8) "php-app1"
[2025-03-26T13:47:39.385+0000] {docker.py:69} INFO -     ["timestamp"]=>
[2025-03-26T13:47:39.386+0000] {docker.py:69} INFO -     int(1742996757)
[2025-03-26T13:47:39.390+0000] {docker.py:69} INFO -   }
[2025-03-26T13:47:39.391+0000] {docker.py:69} INFO -   [28]=>
[2025-03-26T13:47:39.395+0000] {docker.py:69} INFO -   object(stdClass)#30 (3) {
[2025-03-26T13:47:39.396+0000] {docker.py:69} INFO -     ["contador"]=>
[2025-03-26T13:47:39.398+0000] {docker.py:69} INFO -     int(1)
[2025-03-26T13:47:39.398+0000] {docker.py:69} INFO -     ["container"]=>
[2025-03-26T13:47:39.399+0000] {docker.py:69} INFO -     string(8) "php-app2"
[2025-03-26T13:47:39.399+0000] {docker.py:69} INFO -     ["timestamp"]=>
[2025-03-26T13:47:39.400+0000] {docker.py:69} INFO -     int(1742996757)
[2025-03-26T13:47:39.404+0000] {docker.py:69} INFO -   }
[2025-03-26T13:47:39.404+0000] {docker.py:69} INFO -   [29]=>
[2025-03-26T13:47:39.404+0000] {docker.py:69} INFO -   object(stdClass)#31 (3) {
[2025-03-26T13:47:39.405+0000] {docker.py:69} INFO -     ["contador"]=>
[2025-03-26T13:47:39.405+0000] {docker.py:69} INFO -     int(1)
[2025-03-26T13:47:39.406+0000] {docker.py:69} INFO -     ["container"]=>
[2025-03-26T13:47:39.407+0000] {docker.py:69} INFO -     string(8) "php-app2"
[2025-03-26T13:47:39.407+0000] {docker.py:69} INFO -     ["timestamp"]=>
[2025-03-26T13:47:39.408+0000] {docker.py:69} INFO -     int(1742996758)
[2025-03-26T13:47:39.408+0000] {docker.py:69} INFO -   }
[2025-03-26T13:47:39.408+0000] {docker.py:69} INFO -   [30]=>
[2025-03-26T13:47:39.409+0000] {docker.py:69} INFO -   object(stdClass)#32 (3) {
[2025-03-26T13:47:39.409+0000] {docker.py:69} INFO -     ["contador"]=>
[2025-03-26T13:47:39.410+0000] {docker.py:69} INFO -     int(1)
[2025-03-26T13:47:39.410+0000] {docker.py:69} INFO -     ["container"]=>
[2025-03-26T13:47:39.411+0000] {docker.py:69} INFO -     string(8) "php-app1"
[2025-03-26T13:47:39.411+0000] {docker.py:69} INFO -     ["timestamp"]=>
[2025-03-26T13:47:39.411+0000] {docker.py:69} INFO -     int(1742996760)
[2025-03-26T13:47:39.412+0000] {docker.py:69} INFO -   }
[2025-03-26T13:47:39.412+0000] {docker.py:69} INFO -   [31]=>
[2025-03-26T13:47:39.412+0000] {docker.py:69} INFO -   object(stdClass)#33 (3) {
[2025-03-26T13:47:39.415+0000] {docker.py:69} INFO -     ["contador"]=>
[2025-03-26T13:47:39.416+0000] {docker.py:69} INFO -     int(1)
[2025-03-26T13:47:39.416+0000] {docker.py:69} INFO -     ["container"]=>
[2025-03-26T13:47:39.416+0000] {docker.py:69} INFO -     string(8) "php-app2"
[2025-03-26T13:47:39.417+0000] {docker.py:69} INFO -     ["timestamp"]=>
[2025-03-26T13:47:39.419+0000] {docker.py:69} INFO -     int(1742996760)
[2025-03-26T13:47:39.419+0000] {docker.py:69} INFO -   }
[2025-03-26T13:47:39.419+0000] {docker.py:69} INFO -   [32]=>
[2025-03-26T13:47:39.420+0000] {docker.py:69} INFO -   object(stdClass)#34 (3) {
[2025-03-26T13:47:39.420+0000] {docker.py:69} INFO -     ["contador"]=>
[2025-03-26T13:47:39.421+0000] {docker.py:69} INFO -     int(1)
[2025-03-26T13:47:39.421+0000] {docker.py:69} INFO -     ["container"]=>
[2025-03-26T13:47:39.421+0000] {docker.py:69} INFO -     string(8) "php-app2"
[2025-03-26T13:47:39.422+0000] {docker.py:69} INFO -     ["timestamp"]=>
[2025-03-26T13:47:39.422+0000] {docker.py:69} INFO -     int(1742996761)
[2025-03-26T13:47:39.422+0000] {docker.py:69} INFO -   }
[2025-03-26T13:47:39.423+0000] {docker.py:69} INFO -   [33]=>
[2025-03-26T13:47:39.423+0000] {docker.py:69} INFO -   object(stdClass)#35 (3) {
[2025-03-26T13:47:39.424+0000] {docker.py:69} INFO -     ["contador"]=>
[2025-03-26T13:47:39.424+0000] {docker.py:69} INFO -     int(1)
[2025-03-26T13:47:39.424+0000] {docker.py:69} INFO -     ["container"]=>
[2025-03-26T13:47:39.425+0000] {docker.py:69} INFO -     string(8) "php-app1"
[2025-03-26T13:47:39.425+0000] {docker.py:69} INFO -     ["timestamp"]=>
[2025-03-26T13:47:39.426+0000] {docker.py:69} INFO -     int(1742996762)
[2025-03-26T13:47:39.426+0000] {docker.py:69} INFO -   }
[2025-03-26T13:47:39.426+0000] {docker.py:69} INFO -   [34]=>
[2025-03-26T13:47:39.427+0000] {docker.py:69} INFO -   object(stdClass)#36 (3) {
[2025-03-26T13:47:39.427+0000] {docker.py:69} INFO -     ["contador"]=>
[2025-03-26T13:47:39.428+0000] {docker.py:69} INFO -     int(1)
[2025-03-26T13:47:39.428+0000] {docker.py:69} INFO -     ["container"]=>
[2025-03-26T13:47:39.428+0000] {docker.py:69} INFO -     string(8) "php-app2"
[2025-03-26T13:47:39.429+0000] {docker.py:69} INFO -     ["timestamp"]=>
[2025-03-26T13:47:39.429+0000] {docker.py:69} INFO -     int(1742996762)
[2025-03-26T13:47:39.430+0000] {docker.py:69} INFO -   }
[2025-03-26T13:47:39.431+0000] {docker.py:69} INFO -   [35]=>
[2025-03-26T13:47:39.431+0000] {docker.py:69} INFO -   object(stdClass)#37 (3) {
[2025-03-26T13:47:39.432+0000] {docker.py:69} INFO -     ["contador"]=>
[2025-03-26T13:47:39.432+0000] {docker.py:69} INFO -     int(1)
[2025-03-26T13:47:39.432+0000] {docker.py:69} INFO -     ["container"]=>
[2025-03-26T13:47:39.433+0000] {docker.py:69} INFO -     string(8) "php-app1"
[2025-03-26T13:47:39.433+0000] {docker.py:69} INFO -     ["timestamp"]=>
[2025-03-26T13:47:39.434+0000] {docker.py:69} INFO -     int(1742996763)
[2025-03-26T13:47:39.436+0000] {docker.py:69} INFO -   }
[2025-03-26T13:47:39.436+0000] {docker.py:69} INFO -   [36]=>
[2025-03-26T13:47:39.437+0000] {docker.py:69} INFO -   object(stdClass)#38 (3) {
[2025-03-26T13:47:39.437+0000] {docker.py:69} INFO -     ["contador"]=>
[2025-03-26T13:47:39.437+0000] {docker.py:69} INFO -     int(1)
[2025-03-26T13:47:39.438+0000] {docker.py:69} INFO -     ["container"]=>
[2025-03-26T13:47:39.438+0000] {docker.py:69} INFO -     string(8) "php-app1"
[2025-03-26T13:47:39.438+0000] {docker.py:69} INFO -     ["timestamp"]=>
[2025-03-26T13:47:39.439+0000] {docker.py:69} INFO -     int(1742996763)
[2025-03-26T13:47:39.439+0000] {docker.py:69} INFO -   }
[2025-03-26T13:47:39.440+0000] {docker.py:69} INFO -   [37]=>
[2025-03-26T13:47:39.440+0000] {docker.py:69} INFO -   object(stdClass)#39 (3) {
[2025-03-26T13:47:39.440+0000] {docker.py:69} INFO -     ["contador"]=>
[2025-03-26T13:47:39.441+0000] {docker.py:69} INFO -     int(1)
[2025-03-26T13:47:39.441+0000] {docker.py:69} INFO -     ["container"]=>
[2025-03-26T13:47:39.442+0000] {docker.py:69} INFO -     string(8) "php-app2"
[2025-03-26T13:47:39.443+0000] {docker.py:69} INFO -     ["timestamp"]=>
[2025-03-26T13:47:39.455+0000] {docker.py:69} INFO -     int(1742996771)
[2025-03-26T13:47:39.465+0000] {docker.py:69} INFO -   }
[2025-03-26T13:47:39.466+0000] {docker.py:69} INFO -   [38]=>
[2025-03-26T13:47:39.467+0000] {docker.py:69} INFO -   object(stdClass)#40 (3) {
[2025-03-26T13:47:39.468+0000] {docker.py:69} INFO -     ["contador"]=>
[2025-03-26T13:47:39.474+0000] {docker.py:69} INFO -     int(1)
[2025-03-26T13:47:39.481+0000] {docker.py:69} INFO -     ["container"]=>
[2025-03-26T13:47:39.482+0000] {docker.py:69} INFO -     string(8) "php-app2"
[2025-03-26T13:47:39.482+0000] {docker.py:69} INFO -     ["timestamp"]=>
[2025-03-26T13:47:39.483+0000] {docker.py:69} INFO -     int(1742996773)
[2025-03-26T13:47:39.483+0000] {docker.py:69} INFO -   }
[2025-03-26T13:47:39.483+0000] {docker.py:69} INFO -   [39]=>
[2025-03-26T13:47:39.484+0000] {docker.py:69} INFO -   object(stdClass)#41 (3) {
[2025-03-26T13:47:39.484+0000] {docker.py:69} INFO -     ["contador"]=>
[2025-03-26T13:47:39.485+0000] {docker.py:69} INFO -     int(1)
[2025-03-26T13:47:39.485+0000] {docker.py:69} INFO -     ["container"]=>
[2025-03-26T13:47:39.486+0000] {docker.py:69} INFO -     string(8) "php-app1"
[2025-03-26T13:47:39.486+0000] {docker.py:69} INFO -     ["timestamp"]=>
[2025-03-26T13:47:39.486+0000] {docker.py:69} INFO -     int(1742996773)
[2025-03-26T13:47:39.487+0000] {docker.py:69} INFO -   }
[2025-03-26T13:47:39.487+0000] {docker.py:69} INFO -   [40]=>
[2025-03-26T13:47:39.488+0000] {docker.py:69} INFO -   object(stdClass)#42 (3) {
[2025-03-26T13:47:39.488+0000] {docker.py:69} INFO -     ["contador"]=>
[2025-03-26T13:47:39.489+0000] {docker.py:69} INFO -     int(1)
[2025-03-26T13:47:39.489+0000] {docker.py:69} INFO -     ["container"]=>
[2025-03-26T13:47:39.489+0000] {docker.py:69} INFO -     string(8) "php-app1"
[2025-03-26T13:47:39.490+0000] {docker.py:69} INFO -     ["timestamp"]=>
[2025-03-26T13:47:39.490+0000] {docker.py:69} INFO -     int(1742996775)
[2025-03-26T13:47:39.491+0000] {docker.py:69} INFO -   }
[2025-03-26T13:47:39.491+0000] {docker.py:69} INFO -   [41]=>
[2025-03-26T13:47:39.492+0000] {docker.py:69} INFO -   object(stdClass)#43 (3) {
[2025-03-26T13:47:39.492+0000] {docker.py:69} INFO -     ["contador"]=>
[2025-03-26T13:47:39.492+0000] {docker.py:69} INFO -     int(1)
[2025-03-26T13:47:39.493+0000] {docker.py:69} INFO -     ["container"]=>
[2025-03-26T13:47:39.494+0000] {docker.py:69} INFO -     string(8) "php-app2"
[2025-03-26T13:47:39.494+0000] {docker.py:69} INFO -     ["timestamp"]=>
[2025-03-26T13:47:39.495+0000] {docker.py:69} INFO -     int(1742996775)
[2025-03-26T13:47:39.495+0000] {docker.py:69} INFO -   }
[2025-03-26T13:47:39.496+0000] {docker.py:69} INFO -   [42]=>
[2025-03-26T13:47:39.496+0000] {docker.py:69} INFO -   object(stdClass)#44 (3) {
[2025-03-26T13:47:39.497+0000] {docker.py:69} INFO -     ["contador"]=>
[2025-03-26T13:47:39.497+0000] {docker.py:69} INFO -     int(1)
[2025-03-26T13:47:39.498+0000] {docker.py:69} INFO -     ["container"]=>
[2025-03-26T13:47:39.498+0000] {docker.py:69} INFO -     string(8) "php-app2"
[2025-03-26T13:47:39.499+0000] {docker.py:69} INFO -     ["timestamp"]=>
[2025-03-26T13:47:39.499+0000] {docker.py:69} INFO -     int(1742996775)
[2025-03-26T13:47:39.500+0000] {docker.py:69} INFO -   }
[2025-03-26T13:47:39.501+0000] {docker.py:69} INFO -   [43]=>
[2025-03-26T13:47:39.502+0000] {docker.py:69} INFO -   object(stdClass)#45 (3) {
[2025-03-26T13:47:39.502+0000] {docker.py:69} INFO -     ["contador"]=>
[2025-03-26T13:47:39.503+0000] {docker.py:69} INFO -     int(1)
[2025-03-26T13:47:39.503+0000] {docker.py:69} INFO -     ["container"]=>
[2025-03-26T13:47:39.504+0000] {docker.py:69} INFO -     string(8) "php-app1"
[2025-03-26T13:47:39.504+0000] {docker.py:69} INFO -     ["timestamp"]=>
[2025-03-26T13:47:39.505+0000] {docker.py:69} INFO -     int(1742996777)
[2025-03-26T13:47:39.508+0000] {docker.py:69} INFO -   }
[2025-03-26T13:47:39.526+0000] {docker.py:69} INFO -   [44]=>
[2025-03-26T13:47:39.533+0000] {docker.py:69} INFO -   object(stdClass)#46 (3) {
[2025-03-26T13:47:39.553+0000] {docker.py:69} INFO -     ["contador"]=>
[2025-03-26T13:47:39.554+0000] {docker.py:69} INFO -     int(1)
[2025-03-26T13:47:39.567+0000] {docker.py:69} INFO -     ["container"]=>
[2025-03-26T13:47:39.568+0000] {docker.py:69} INFO -     string(8) "php-app1"
[2025-03-26T13:47:39.569+0000] {docker.py:69} INFO -     ["timestamp"]=>
[2025-03-26T13:47:39.570+0000] {docker.py:69} INFO -     int(1742996779)
[2025-03-26T13:47:39.570+0000] {docker.py:69} INFO -   }
[2025-03-26T13:47:39.571+0000] {docker.py:69} INFO -   [45]=>
[2025-03-26T13:47:39.677+0000] {docker.py:69} INFO -   object(stdClass)#47 (3) {
[2025-03-26T13:47:39.678+0000] {docker.py:69} INFO -     ["contador"]=>
[2025-03-26T13:47:39.685+0000] {docker.py:69} INFO -     int(1)
[2025-03-26T13:47:39.706+0000] {docker.py:69} INFO -     ["container"]=>
[2025-03-26T13:47:39.707+0000] {docker.py:69} INFO -     string(8) "php-app2"
[2025-03-26T13:47:39.728+0000] {docker.py:69} INFO -     ["timestamp"]=>
[2025-03-26T13:47:39.737+0000] {docker.py:69} INFO -     int(1742996779)
[2025-03-26T13:47:39.738+0000] {docker.py:69} INFO -   }
[2025-03-26T13:47:39.761+0000] {docker.py:69} INFO -   [46]=>
[2025-03-26T13:47:39.774+0000] {docker.py:69} INFO -   object(stdClass)#48 (3) {
[2025-03-26T13:47:39.775+0000] {docker.py:69} INFO -     ["contador"]=>
[2025-03-26T13:47:39.775+0000] {docker.py:69} INFO -     int(1)
[2025-03-26T13:47:39.776+0000] {docker.py:69} INFO -     ["container"]=>
[2025-03-26T13:47:39.799+0000] {docker.py:69} INFO -     string(8) "php-app1"
[2025-03-26T13:47:39.801+0000] {docker.py:69} INFO -     ["timestamp"]=>
[2025-03-26T13:47:39.804+0000] {docker.py:69} INFO -     int(1742996781)
[2025-03-26T13:47:39.816+0000] {docker.py:69} INFO -   }
[2025-03-26T13:47:39.819+0000] {docker.py:69} INFO -   [47]=>
[2025-03-26T13:47:39.825+0000] {docker.py:69} INFO -   object(stdClass)#49 (3) {
[2025-03-26T13:47:39.832+0000] {docker.py:69} INFO -     ["contador"]=>
[2025-03-26T13:47:39.832+0000] {docker.py:69} INFO -     int(1)
[2025-03-26T13:47:39.835+0000] {docker.py:69} INFO -     ["container"]=>
[2025-03-26T13:47:39.836+0000] {docker.py:69} INFO -     string(8) "php-app1"
[2025-03-26T13:47:39.837+0000] {docker.py:69} INFO -     ["timestamp"]=>
[2025-03-26T13:47:39.843+0000] {docker.py:69} INFO -     int(1742996781)
[2025-03-26T13:47:39.844+0000] {docker.py:69} INFO -   }
[2025-03-26T13:47:39.844+0000] {docker.py:69} INFO -   [48]=>
[2025-03-26T13:47:39.848+0000] {docker.py:69} INFO -   object(stdClass)#50 (3) {
[2025-03-26T13:47:39.849+0000] {docker.py:69} INFO -     ["contador"]=>
[2025-03-26T13:47:39.849+0000] {docker.py:69} INFO -     int(1)
[2025-03-26T13:47:39.850+0000] {docker.py:69} INFO -     ["container"]=>
[2025-03-26T13:47:39.850+0000] {docker.py:69} INFO -     string(8) "php-app2"
[2025-03-26T13:47:39.851+0000] {docker.py:69} INFO -     ["timestamp"]=>
[2025-03-26T13:47:39.851+0000] {docker.py:69} INFO -     int(1742996781)
[2025-03-26T13:47:39.852+0000] {docker.py:69} INFO -   }
[2025-03-26T13:47:39.853+0000] {docker.py:69} INFO -   [49]=>
[2025-03-26T13:47:39.853+0000] {docker.py:69} INFO -   object(stdClass)#51 (3) {
[2025-03-26T13:47:39.854+0000] {docker.py:69} INFO -     ["contador"]=>
[2025-03-26T13:47:39.854+0000] {docker.py:69} INFO -     int(1)
[2025-03-26T13:47:39.855+0000] {docker.py:69} INFO -     ["container"]=>
[2025-03-26T13:47:39.855+0000] {docker.py:69} INFO -     string(8) "php-app1"
[2025-03-26T13:47:39.855+0000] {docker.py:69} INFO -     ["timestamp"]=>
[2025-03-26T13:47:39.856+0000] {docker.py:69} INFO -     int(1742996783)
[2025-03-26T13:47:39.856+0000] {docker.py:69} INFO -   }
[2025-03-26T13:47:39.857+0000] {docker.py:69} INFO -   [50]=>
[2025-03-26T13:47:39.857+0000] {docker.py:69} INFO -   object(stdClass)#52 (3) {
[2025-03-26T13:47:39.857+0000] {docker.py:69} INFO -     ["contador"]=>
[2025-03-26T13:47:39.858+0000] {docker.py:69} INFO -     int(1)
[2025-03-26T13:47:39.858+0000] {docker.py:69} INFO -     ["container"]=>
[2025-03-26T13:47:39.859+0000] {docker.py:69} INFO -     string(8) "php-app2"
[2025-03-26T13:47:39.859+0000] {docker.py:69} INFO -     ["timestamp"]=>
[2025-03-26T13:47:39.859+0000] {docker.py:69} INFO -     int(1742996783)
[2025-03-26T13:47:39.860+0000] {docker.py:69} INFO -   }
[2025-03-26T13:47:39.862+0000] {docker.py:69} INFO -   [51]=>
[2025-03-26T13:47:39.862+0000] {docker.py:69} INFO -   object(stdClass)#53 (3) {
[2025-03-26T13:47:39.863+0000] {docker.py:69} INFO -     ["contador"]=>
[2025-03-26T13:47:39.863+0000] {docker.py:69} INFO -     int(1)
[2025-03-26T13:47:39.864+0000] {docker.py:69} INFO -     ["container"]=>
[2025-03-26T13:47:39.864+0000] {docker.py:69} INFO -     string(8) "php-app1"
[2025-03-26T13:47:39.864+0000] {docker.py:69} INFO -     ["timestamp"]=>
[2025-03-26T13:47:39.865+0000] {docker.py:69} INFO -     int(1742996783)
[2025-03-26T13:47:39.865+0000] {docker.py:69} INFO -   }
[2025-03-26T13:47:39.866+0000] {docker.py:69} INFO -   [52]=>
[2025-03-26T13:47:39.866+0000] {docker.py:69} INFO -   object(stdClass)#54 (3) {
[2025-03-26T13:47:39.866+0000] {docker.py:69} INFO -     ["contador"]=>
[2025-03-26T13:47:39.922+0000] {docker.py:69} INFO -     int(1)
[2025-03-26T13:47:39.923+0000] {docker.py:69} INFO -     ["container"]=>
[2025-03-26T13:47:39.952+0000] {docker.py:69} INFO -     string(8) "php-app2"
[2025-03-26T13:47:39.952+0000] {docker.py:69} INFO -     ["timestamp"]=>
[2025-03-26T13:47:39.953+0000] {docker.py:69} INFO -     int(1742996785)
[2025-03-26T13:47:39.953+0000] {docker.py:69} INFO -   }
[2025-03-26T13:47:39.953+0000] {docker.py:69} INFO -   [53]=>
[2025-03-26T13:47:39.954+0000] {docker.py:69} INFO -   object(stdClass)#55 (3) {
[2025-03-26T13:47:39.963+0000] {docker.py:69} INFO -     ["contador"]=>
[2025-03-26T13:47:39.976+0000] {docker.py:69} INFO -     int(1)
[2025-03-26T13:47:39.976+0000] {docker.py:69} INFO -     ["container"]=>
[2025-03-26T13:47:39.976+0000] {docker.py:69} INFO -     string(8) "php-app2"
[2025-03-26T13:47:39.991+0000] {docker.py:69} INFO -     ["timestamp"]=>
[2025-03-26T13:47:39.992+0000] {docker.py:69} INFO -     int(1742996789)
[2025-03-26T13:47:39.994+0000] {docker.py:69} INFO -   }
[2025-03-26T13:47:39.994+0000] {docker.py:69} INFO -   [54]=>
[2025-03-26T13:47:39.995+0000] {docker.py:69} INFO -   object(stdClass)#56 (3) {
[2025-03-26T13:47:39.995+0000] {docker.py:69} INFO -     ["contador"]=>
[2025-03-26T13:47:39.996+0000] {docker.py:69} INFO -     int(1)
[2025-03-26T13:47:39.996+0000] {docker.py:69} INFO -     ["container"]=>
[2025-03-26T13:47:39.997+0000] {docker.py:69} INFO -     string(8) "php-app1"
[2025-03-26T13:47:39.997+0000] {docker.py:69} INFO -     ["timestamp"]=>
[2025-03-26T13:47:39.997+0000] {docker.py:69} INFO -     int(1742996790)
[2025-03-26T13:47:39.998+0000] {docker.py:69} INFO -   }
[2025-03-26T13:47:39.998+0000] {docker.py:69} INFO -   [55]=>
[2025-03-26T13:47:39.999+0000] {docker.py:69} INFO -   object(stdClass)#57 (3) {
[2025-03-26T13:47:39.999+0000] {docker.py:69} INFO -     ["contador"]=>
[2025-03-26T13:47:40.000+0000] {docker.py:69} INFO -     int(1)
[2025-03-26T13:47:40.000+0000] {docker.py:69} INFO -     ["container"]=>
[2025-03-26T13:47:40.001+0000] {docker.py:69} INFO -     string(8) "php-app1"
[2025-03-26T13:47:40.001+0000] {docker.py:69} INFO -     ["timestamp"]=>
[2025-03-26T13:47:40.001+0000] {docker.py:69} INFO -     int(1742996790)
[2025-03-26T13:47:40.002+0000] {docker.py:69} INFO -   }
[2025-03-26T13:47:40.002+0000] {docker.py:69} INFO -   [56]=>
[2025-03-26T13:47:40.003+0000] {docker.py:69} INFO -   object(stdClass)#58 (3) {
[2025-03-26T13:47:40.003+0000] {docker.py:69} INFO -     ["contador"]=>
[2025-03-26T13:47:40.004+0000] {docker.py:69} INFO -     int(1)
[2025-03-26T13:47:40.004+0000] {docker.py:69} INFO -     ["container"]=>
[2025-03-26T13:47:40.004+0000] {docker.py:69} INFO -     string(8) "php-app2"
[2025-03-26T13:47:40.005+0000] {docker.py:69} INFO -     ["timestamp"]=>
[2025-03-26T13:47:40.005+0000] {docker.py:69} INFO -     int(1742996790)
[2025-03-26T13:47:40.006+0000] {docker.py:69} INFO -   }
[2025-03-26T13:47:40.006+0000] {docker.py:69} INFO -   [57]=>
[2025-03-26T13:47:40.006+0000] {docker.py:69} INFO -   object(stdClass)#59 (3) {
[2025-03-26T13:47:40.007+0000] {docker.py:69} INFO -     ["contador"]=>
[2025-03-26T13:47:40.007+0000] {docker.py:69} INFO -     int(1)
[2025-03-26T13:47:40.007+0000] {docker.py:69} INFO -     ["container"]=>
[2025-03-26T13:47:40.008+0000] {docker.py:69} INFO -     string(8) "php-app2"
[2025-03-26T13:47:40.008+0000] {docker.py:69} INFO -     ["timestamp"]=>
[2025-03-26T13:47:40.008+0000] {docker.py:69} INFO -     int(1742996791)
[2025-03-26T13:47:40.009+0000] {docker.py:69} INFO -   }
[2025-03-26T13:47:40.009+0000] {docker.py:69} INFO -   [58]=>
[2025-03-26T13:47:40.010+0000] {docker.py:69} INFO -   object(stdClass)#60 (3) {
[2025-03-26T13:47:40.010+0000] {docker.py:69} INFO -     ["contador"]=>
[2025-03-26T13:47:40.010+0000] {docker.py:69} INFO -     int(1)
[2025-03-26T13:47:40.013+0000] {docker.py:69} INFO -     ["container"]=>
[2025-03-26T13:47:40.016+0000] {docker.py:69} INFO -     string(8) "php-app1"
[2025-03-26T13:47:40.017+0000] {docker.py:69} INFO -     ["timestamp"]=>
[2025-03-26T13:47:40.018+0000] {docker.py:69} INFO -     int(1742996792)
[2025-03-26T13:47:40.018+0000] {docker.py:69} INFO -   }
[2025-03-26T13:47:40.019+0000] {docker.py:69} INFO -   [59]=>
[2025-03-26T13:47:40.019+0000] {docker.py:69} INFO -   object(stdClass)#61 (3) {
[2025-03-26T13:47:40.019+0000] {docker.py:69} INFO -     ["contador"]=>
[2025-03-26T13:47:40.020+0000] {docker.py:69} INFO -     int(1)
[2025-03-26T13:47:40.020+0000] {docker.py:69} INFO -     ["container"]=>
[2025-03-26T13:47:40.022+0000] {docker.py:69} INFO -     string(8) "php-app1"
[2025-03-26T13:47:40.022+0000] {docker.py:69} INFO -     ["timestamp"]=>
[2025-03-26T13:47:40.023+0000] {docker.py:69} INFO -     int(1742996793)
[2025-03-26T13:47:40.024+0000] {docker.py:69} INFO -   }
[2025-03-26T13:47:40.025+0000] {docker.py:69} INFO -   [60]=>
[2025-03-26T13:47:40.025+0000] {docker.py:69} INFO -   object(stdClass)#62 (3) {
[2025-03-26T13:47:40.026+0000] {docker.py:69} INFO -     ["contador"]=>
[2025-03-26T13:47:40.026+0000] {docker.py:69} INFO -     int(1)
[2025-03-26T13:47:40.027+0000] {docker.py:69} INFO -     ["container"]=>
[2025-03-26T13:47:40.027+0000] {docker.py:69} INFO -     string(8) "php-app2"
[2025-03-26T13:47:40.028+0000] {docker.py:69} INFO -     ["timestamp"]=>
[2025-03-26T13:47:40.028+0000] {docker.py:69} INFO -     int(1742996794)
[2025-03-26T13:47:40.028+0000] {docker.py:69} INFO -   }
[2025-03-26T13:47:40.029+0000] {docker.py:69} INFO -   [61]=>
[2025-03-26T13:47:40.030+0000] {docker.py:69} INFO -   object(stdClass)#63 (3) {
[2025-03-26T13:47:40.030+0000] {docker.py:69} INFO -     ["contador"]=>
[2025-03-26T13:47:40.031+0000] {docker.py:69} INFO -     int(1)
[2025-03-26T13:47:40.033+0000] {docker.py:69} INFO -     ["container"]=>
[2025-03-26T13:47:40.033+0000] {docker.py:69} INFO -     string(8) "php-app1"
[2025-03-26T13:47:40.034+0000] {docker.py:69} INFO -     ["timestamp"]=>
[2025-03-26T13:47:40.034+0000] {docker.py:69} INFO -     int(1742996795)
[2025-03-26T13:47:40.034+0000] {docker.py:69} INFO -   }
[2025-03-26T13:47:40.035+0000] {docker.py:69} INFO -   [62]=>
[2025-03-26T13:47:40.037+0000] {docker.py:69} INFO -   object(stdClass)#64 (3) {
[2025-03-26T13:47:40.038+0000] {docker.py:69} INFO -     ["contador"]=>
[2025-03-26T13:47:40.038+0000] {docker.py:69} INFO -     int(1)
[2025-03-26T13:47:40.039+0000] {docker.py:69} INFO -     ["container"]=>
[2025-03-26T13:47:40.040+0000] {docker.py:69} INFO -     string(8) "php-app1"
[2025-03-26T13:47:40.041+0000] {docker.py:69} INFO -     ["timestamp"]=>
[2025-03-26T13:47:40.089+0000] {docker.py:69} INFO -     int(1742996797)
[2025-03-26T13:47:40.090+0000] {docker.py:69} INFO -   }
[2025-03-26T13:47:40.092+0000] {docker.py:69} INFO -   [63]=>
[2025-03-26T13:47:40.093+0000] {docker.py:69} INFO -   object(stdClass)#65 (3) {
[2025-03-26T13:47:40.094+0000] {docker.py:69} INFO -     ["contador"]=>
[2025-03-26T13:47:40.102+0000] {docker.py:69} INFO -     int(1)
[2025-03-26T13:47:40.104+0000] {docker.py:69} INFO -     ["container"]=>
[2025-03-26T13:47:40.111+0000] {docker.py:69} INFO -     string(8) "php-app2"
[2025-03-26T13:47:40.112+0000] {docker.py:69} INFO -     ["timestamp"]=>
[2025-03-26T13:47:40.113+0000] {docker.py:69} INFO -     int(1742996797)
[2025-03-26T13:47:40.114+0000] {docker.py:69} INFO -   }
[2025-03-26T13:47:40.115+0000] {docker.py:69} INFO -   [64]=>
[2025-03-26T13:47:40.116+0000] {docker.py:69} INFO -   object(stdClass)#66 (3) {
[2025-03-26T13:47:40.117+0000] {docker.py:69} INFO -     ["contador"]=>
[2025-03-26T13:47:40.118+0000] {docker.py:69} INFO -     int(1)
[2025-03-26T13:47:40.119+0000] {docker.py:69} INFO -     ["container"]=>
[2025-03-26T13:47:40.120+0000] {docker.py:69} INFO -     string(8) "php-app2"
[2025-03-26T13:47:40.120+0000] {docker.py:69} INFO -     ["timestamp"]=>
[2025-03-26T13:47:40.121+0000] {docker.py:69} INFO -     int(1742996797)
[2025-03-26T13:47:40.121+0000] {docker.py:69} INFO -   }
[2025-03-26T13:47:40.122+0000] {docker.py:69} INFO -   [65]=>
[2025-03-26T13:47:40.122+0000] {docker.py:69} INFO -   object(stdClass)#67 (3) {
[2025-03-26T13:47:40.123+0000] {docker.py:69} INFO -     ["contador"]=>
[2025-03-26T13:47:40.125+0000] {docker.py:69} INFO -     int(1)
[2025-03-26T13:47:40.126+0000] {docker.py:69} INFO -     ["container"]=>
[2025-03-26T13:47:40.127+0000] {docker.py:69} INFO -     string(8) "php-app1"
[2025-03-26T13:47:40.127+0000] {docker.py:69} INFO -     ["timestamp"]=>
[2025-03-26T13:47:40.128+0000] {docker.py:69} INFO -     int(1742996804)
[2025-03-26T13:47:40.129+0000] {docker.py:69} INFO -   }
[2025-03-26T13:47:40.130+0000] {docker.py:69} INFO -   [66]=>
[2025-03-26T13:47:40.130+0000] {docker.py:69} INFO -   object(stdClass)#68 (3) {
[2025-03-26T13:47:40.131+0000] {docker.py:69} INFO -     ["contador"]=>
[2025-03-26T13:47:40.132+0000] {docker.py:69} INFO -     int(1)
[2025-03-26T13:47:40.133+0000] {docker.py:69} INFO -     ["container"]=>
[2025-03-26T13:47:40.135+0000] {docker.py:69} INFO -     string(8) "php-app2"
[2025-03-26T13:47:40.135+0000] {docker.py:69} INFO -     ["timestamp"]=>
[2025-03-26T13:47:40.136+0000] {docker.py:69} INFO -     int(1742996806)
[2025-03-26T13:47:40.137+0000] {docker.py:69} INFO -   }
[2025-03-26T13:47:40.137+0000] {docker.py:69} INFO -   [67]=>
[2025-03-26T13:47:40.138+0000] {docker.py:69} INFO -   object(stdClass)#69 (3) {
[2025-03-26T13:47:40.138+0000] {docker.py:69} INFO -     ["contador"]=>
[2025-03-26T13:47:40.140+0000] {docker.py:69} INFO -     int(1)
[2025-03-26T13:47:40.141+0000] {docker.py:69} INFO -     ["container"]=>
[2025-03-26T13:47:40.141+0000] {docker.py:69} INFO -     string(8) "php-app2"
[2025-03-26T13:47:40.142+0000] {docker.py:69} INFO -     ["timestamp"]=>
[2025-03-26T13:47:40.142+0000] {docker.py:69} INFO -     int(1742996807)
[2025-03-26T13:47:40.142+0000] {docker.py:69} INFO -   }
[2025-03-26T13:47:40.143+0000] {docker.py:69} INFO -   [68]=>
[2025-03-26T13:47:40.143+0000] {docker.py:69} INFO -   object(stdClass)#70 (3) {
[2025-03-26T13:47:40.143+0000] {docker.py:69} INFO -     ["contador"]=>
[2025-03-26T13:47:40.144+0000] {docker.py:69} INFO -     int(1)
[2025-03-26T13:47:40.144+0000] {docker.py:69} INFO -     ["container"]=>
[2025-03-26T13:47:40.145+0000] {docker.py:69} INFO -     string(8) "php-app1"
[2025-03-26T13:47:40.145+0000] {docker.py:69} INFO -     ["timestamp"]=>
[2025-03-26T13:47:40.146+0000] {docker.py:69} INFO -     int(1742996807)
[2025-03-26T13:47:40.146+0000] {docker.py:69} INFO -   }
[2025-03-26T13:47:40.147+0000] {docker.py:69} INFO -   [69]=>
[2025-03-26T13:47:40.147+0000] {docker.py:69} INFO -   object(stdClass)#71 (3) {
[2025-03-26T13:47:40.147+0000] {docker.py:69} INFO -     ["contador"]=>
[2025-03-26T13:47:40.148+0000] {docker.py:69} INFO -     int(1)
[2025-03-26T13:47:40.148+0000] {docker.py:69} INFO -     ["container"]=>
[2025-03-26T13:47:40.149+0000] {docker.py:69} INFO -     string(8) "php-app2"
[2025-03-26T13:47:40.150+0000] {docker.py:69} INFO -     ["timestamp"]=>
[2025-03-26T13:47:40.150+0000] {docker.py:69} INFO -     int(1742996809)
[2025-03-26T13:47:40.151+0000] {docker.py:69} INFO -   }
[2025-03-26T13:47:40.151+0000] {docker.py:69} INFO -   [70]=>
[2025-03-26T13:47:40.152+0000] {docker.py:69} INFO -   object(stdClass)#72 (3) {
[2025-03-26T13:47:40.153+0000] {docker.py:69} INFO -     ["contador"]=>
[2025-03-26T13:47:40.153+0000] {docker.py:69} INFO -     int(1)
[2025-03-26T13:47:40.154+0000] {docker.py:69} INFO -     ["container"]=>
[2025-03-26T13:47:40.154+0000] {docker.py:69} INFO -     string(8) "php-app1"
[2025-03-26T13:47:40.154+0000] {docker.py:69} INFO -     ["timestamp"]=>
[2025-03-26T13:47:40.155+0000] {docker.py:69} INFO -     int(1742996810)
[2025-03-26T13:47:40.155+0000] {docker.py:69} INFO -   }
[2025-03-26T13:47:40.156+0000] {docker.py:69} INFO -   [71]=>
[2025-03-26T13:47:40.156+0000] {docker.py:69} INFO -   object(stdClass)#73 (3) {
[2025-03-26T13:47:40.156+0000] {docker.py:69} INFO -     ["contador"]=>
[2025-03-26T13:47:40.157+0000] {docker.py:69} INFO -     int(1)
[2025-03-26T13:47:40.157+0000] {docker.py:69} INFO -     ["container"]=>
[2025-03-26T13:47:40.157+0000] {docker.py:69} INFO -     string(8) "php-app1"
[2025-03-26T13:47:40.158+0000] {docker.py:69} INFO -     ["timestamp"]=>
[2025-03-26T13:47:40.158+0000] {docker.py:69} INFO -     int(1742996812)
[2025-03-26T13:47:40.159+0000] {docker.py:69} INFO -   }
[2025-03-26T13:47:40.159+0000] {docker.py:69} INFO -   [72]=>
[2025-03-26T13:47:40.159+0000] {docker.py:69} INFO -   object(stdClass)#74 (3) {
[2025-03-26T13:47:40.160+0000] {docker.py:69} INFO -     ["contador"]=>
[2025-03-26T13:47:40.160+0000] {docker.py:69} INFO -     int(1)
[2025-03-26T13:47:40.161+0000] {docker.py:69} INFO -     ["container"]=>
[2025-03-26T13:47:40.161+0000] {docker.py:69} INFO -     string(8) "php-app2"
[2025-03-26T13:47:40.162+0000] {docker.py:69} INFO -     ["timestamp"]=>
[2025-03-26T13:47:40.162+0000] {docker.py:69} INFO -     int(1742996813)
[2025-03-26T13:47:40.163+0000] {docker.py:69} INFO -   }
[2025-03-26T13:47:40.163+0000] {docker.py:69} INFO -   [73]=>
[2025-03-26T13:47:40.164+0000] {docker.py:69} INFO -   object(stdClass)#75 (3) {
[2025-03-26T13:47:40.164+0000] {docker.py:69} INFO -     ["contador"]=>
[2025-03-26T13:47:40.165+0000] {docker.py:69} INFO -     int(1)
[2025-03-26T13:47:40.165+0000] {docker.py:69} INFO -     ["container"]=>
[2025-03-26T13:47:40.166+0000] {docker.py:69} INFO -     string(8) "php-app1"
[2025-03-26T13:47:40.166+0000] {docker.py:69} INFO -     ["timestamp"]=>
[2025-03-26T13:47:40.167+0000] {docker.py:69} INFO -     int(1742996813)
[2025-03-26T13:47:40.168+0000] {docker.py:69} INFO -   }
[2025-03-26T13:47:40.169+0000] {docker.py:69} INFO -   [74]=>
[2025-03-26T13:47:40.170+0000] {docker.py:69} INFO -   object(stdClass)#76 (3) {
[2025-03-26T13:47:40.170+0000] {docker.py:69} INFO -     ["contador"]=>
[2025-03-26T13:47:40.171+0000] {docker.py:69} INFO -     int(1)
[2025-03-26T13:47:40.171+0000] {docker.py:69} INFO -     ["container"]=>
[2025-03-26T13:47:40.172+0000] {docker.py:69} INFO -     string(8) "php-app2"
[2025-03-26T13:47:40.174+0000] {docker.py:69} INFO -     ["timestamp"]=>
[2025-03-26T13:47:40.175+0000] {docker.py:69} INFO -     int(1742996815)
[2025-03-26T13:47:40.175+0000] {docker.py:69} INFO -   }
[2025-03-26T13:47:40.175+0000] {docker.py:69} INFO -   [75]=>
[2025-03-26T13:47:40.176+0000] {docker.py:69} INFO -   object(stdClass)#77 (3) {
[2025-03-26T13:47:40.176+0000] {docker.py:69} INFO -     ["contador"]=>
[2025-03-26T13:47:40.177+0000] {docker.py:69} INFO -     int(1)
[2025-03-26T13:47:40.177+0000] {docker.py:69} INFO -     ["container"]=>
[2025-03-26T13:47:40.178+0000] {docker.py:69} INFO -     string(8) "php-app1"
[2025-03-26T13:47:40.179+0000] {docker.py:69} INFO -     ["timestamp"]=>
[2025-03-26T13:47:40.179+0000] {docker.py:69} INFO -     int(1742996816)
[2025-03-26T13:47:40.180+0000] {docker.py:69} INFO -   }
[2025-03-26T13:47:40.181+0000] {docker.py:69} INFO -   [76]=>
[2025-03-26T13:47:40.184+0000] {docker.py:69} INFO -   object(stdClass)#78 (3) {
[2025-03-26T13:47:40.185+0000] {docker.py:69} INFO -     ["contador"]=>
[2025-03-26T13:47:40.185+0000] {docker.py:69} INFO -     int(1)
[2025-03-26T13:47:40.186+0000] {docker.py:69} INFO -     ["container"]=>
[2025-03-26T13:47:40.186+0000] {docker.py:69} INFO -     string(8) "php-app2"
[2025-03-26T13:47:40.187+0000] {docker.py:69} INFO -     ["timestamp"]=>
[2025-03-26T13:47:40.187+0000] {docker.py:69} INFO -     int(1742996816)
[2025-03-26T13:47:40.188+0000] {docker.py:69} INFO -   }
[2025-03-26T13:47:40.188+0000] {docker.py:69} INFO -   [77]=>
[2025-03-26T13:47:40.189+0000] {docker.py:69} INFO -   object(stdClass)#79 (3) {
[2025-03-26T13:47:40.189+0000] {docker.py:69} INFO -     ["contador"]=>
[2025-03-26T13:47:40.190+0000] {docker.py:69} INFO -     int(1)
[2025-03-26T13:47:40.190+0000] {docker.py:69} INFO -     ["container"]=>
[2025-03-26T13:47:40.191+0000] {docker.py:69} INFO -     string(8) "php-app1"
[2025-03-26T13:47:40.192+0000] {docker.py:69} INFO -     ["timestamp"]=>
[2025-03-26T13:47:40.192+0000] {docker.py:69} INFO -     int(1742996816)
[2025-03-26T13:47:40.193+0000] {docker.py:69} INFO -   }
[2025-03-26T13:47:40.194+0000] {docker.py:69} INFO -   [78]=>
[2025-03-26T13:47:40.194+0000] {docker.py:69} INFO -   object(stdClass)#80 (3) {
[2025-03-26T13:47:40.195+0000] {docker.py:69} INFO -     ["contador"]=>
[2025-03-26T13:47:40.196+0000] {docker.py:69} INFO -     int(1)
[2025-03-26T13:47:40.197+0000] {docker.py:69} INFO -     ["container"]=>
[2025-03-26T13:47:40.198+0000] {docker.py:69} INFO -     string(8) "php-app1"
[2025-03-26T13:47:40.199+0000] {docker.py:69} INFO -     ["timestamp"]=>
[2025-03-26T13:47:40.200+0000] {docker.py:69} INFO -     int(1742996817)
[2025-03-26T13:47:40.200+0000] {docker.py:69} INFO -   }
[2025-03-26T13:47:40.202+0000] {docker.py:69} INFO -   [79]=>
[2025-03-26T13:47:40.203+0000] {docker.py:69} INFO -   object(stdClass)#81 (3) {
[2025-03-26T13:47:40.204+0000] {docker.py:69} INFO -     ["contador"]=>
[2025-03-26T13:47:40.204+0000] {docker.py:69} INFO -     int(1)
[2025-03-26T13:47:40.205+0000] {docker.py:69} INFO -     ["container"]=>
[2025-03-26T13:47:40.206+0000] {docker.py:69} INFO -     string(8) "php-app2"
[2025-03-26T13:47:40.206+0000] {docker.py:69} INFO -     ["timestamp"]=>
[2025-03-26T13:47:40.207+0000] {docker.py:69} INFO -     int(1742996817)
[2025-03-26T13:47:40.207+0000] {docker.py:69} INFO -   }
[2025-03-26T13:47:40.208+0000] {docker.py:69} INFO -   [80]=>
[2025-03-26T13:47:40.208+0000] {docker.py:69} INFO -   object(stdClass)#82 (3) {
[2025-03-26T13:47:40.209+0000] {docker.py:69} INFO -     ["contador"]=>
[2025-03-26T13:47:40.209+0000] {docker.py:69} INFO -     int(1)
[2025-03-26T13:47:40.210+0000] {docker.py:69} INFO -     ["container"]=>
[2025-03-26T13:47:40.210+0000] {docker.py:69} INFO -     string(8) "php-app2"
[2025-03-26T13:47:40.211+0000] {docker.py:69} INFO -     ["timestamp"]=>
[2025-03-26T13:47:40.212+0000] {docker.py:69} INFO -     int(1742996818)
[2025-03-26T13:47:40.213+0000] {docker.py:69} INFO -   }
[2025-03-26T13:47:40.213+0000] {docker.py:69} INFO -   [81]=>
[2025-03-26T13:47:40.214+0000] {docker.py:69} INFO -   object(stdClass)#83 (3) {
[2025-03-26T13:47:40.214+0000] {docker.py:69} INFO -     ["contador"]=>
[2025-03-26T13:47:40.215+0000] {docker.py:69} INFO -     int(1)
[2025-03-26T13:47:40.215+0000] {docker.py:69} INFO -     ["container"]=>
[2025-03-26T13:47:40.215+0000] {docker.py:69} INFO -     string(8) "php-app1"
[2025-03-26T13:47:40.216+0000] {docker.py:69} INFO -     ["timestamp"]=>
[2025-03-26T13:47:40.217+0000] {docker.py:69} INFO -     int(1742996821)
[2025-03-26T13:47:40.218+0000] {docker.py:69} INFO -   }
[2025-03-26T13:47:40.218+0000] {docker.py:69} INFO -   [82]=>
[2025-03-26T13:47:40.218+0000] {docker.py:69} INFO -   object(stdClass)#84 (3) {
[2025-03-26T13:47:40.218+0000] {docker.py:69} INFO -     ["contador"]=>
[2025-03-26T13:47:40.218+0000] {docker.py:69} INFO -     int(1)
[2025-03-26T13:47:40.219+0000] {docker.py:69} INFO -     ["container"]=>
[2025-03-26T13:47:40.219+0000] {docker.py:69} INFO -     string(8) "php-app1"
[2025-03-26T13:47:40.219+0000] {docker.py:69} INFO -     ["timestamp"]=>
[2025-03-26T13:47:40.219+0000] {docker.py:69} INFO -     int(1742996824)
[2025-03-26T13:47:40.220+0000] {docker.py:69} INFO -   }
[2025-03-26T13:47:40.220+0000] {docker.py:69} INFO -   [83]=>
[2025-03-26T13:47:40.220+0000] {docker.py:69} INFO -   object(stdClass)#85 (3) {
[2025-03-26T13:47:40.220+0000] {docker.py:69} INFO -     ["contador"]=>
[2025-03-26T13:47:40.220+0000] {docker.py:69} INFO -     int(1)
[2025-03-26T13:47:40.221+0000] {docker.py:69} INFO -     ["container"]=>
[2025-03-26T13:47:40.221+0000] {docker.py:69} INFO -     string(8) "php-app2"
[2025-03-26T13:47:40.221+0000] {docker.py:69} INFO -     ["timestamp"]=>
[2025-03-26T13:47:40.221+0000] {docker.py:69} INFO -     int(1742996825)
[2025-03-26T13:47:40.222+0000] {docker.py:69} INFO -   }
[2025-03-26T13:47:40.222+0000] {docker.py:69} INFO -   [84]=>
[2025-03-26T13:47:40.222+0000] {docker.py:69} INFO -   object(stdClass)#86 (3) {
[2025-03-26T13:47:40.223+0000] {docker.py:69} INFO -     ["contador"]=>
[2025-03-26T13:47:40.223+0000] {docker.py:69} INFO -     int(1)
[2025-03-26T13:47:40.224+0000] {docker.py:69} INFO -     ["container"]=>
[2025-03-26T13:47:40.224+0000] {docker.py:69} INFO -     string(8) "php-app2"
[2025-03-26T13:47:40.225+0000] {docker.py:69} INFO -     ["timestamp"]=>
[2025-03-26T13:47:40.225+0000] {docker.py:69} INFO -     int(1742996826)
[2025-03-26T13:47:40.225+0000] {docker.py:69} INFO -   }
[2025-03-26T13:47:40.226+0000] {docker.py:69} INFO -   [85]=>
[2025-03-26T13:47:40.226+0000] {docker.py:69} INFO -   object(stdClass)#87 (3) {
[2025-03-26T13:47:40.226+0000] {docker.py:69} INFO -     ["contador"]=>
[2025-03-26T13:47:40.227+0000] {docker.py:69} INFO -     int(1)
[2025-03-26T13:47:40.227+0000] {docker.py:69} INFO -     ["container"]=>
[2025-03-26T13:47:40.227+0000] {docker.py:69} INFO -     string(8) "php-app2"
[2025-03-26T13:47:40.227+0000] {docker.py:69} INFO -     ["timestamp"]=>
[2025-03-26T13:47:40.227+0000] {docker.py:69} INFO -     int(1742996826)
[2025-03-26T13:47:40.228+0000] {docker.py:69} INFO -   }
[2025-03-26T13:47:40.228+0000] {docker.py:69} INFO -   [86]=>
[2025-03-26T13:47:40.229+0000] {docker.py:69} INFO -   object(stdClass)#88 (3) {
[2025-03-26T13:47:40.229+0000] {docker.py:69} INFO -     ["contador"]=>
[2025-03-26T13:47:40.229+0000] {docker.py:69} INFO -     int(1)
[2025-03-26T13:47:40.230+0000] {docker.py:69} INFO -     ["container"]=>
[2025-03-26T13:47:40.230+0000] {docker.py:69} INFO -     string(8) "php-app1"
[2025-03-26T13:47:40.231+0000] {docker.py:69} INFO -     ["timestamp"]=>
[2025-03-26T13:47:40.232+0000] {docker.py:69} INFO -     int(1742996827)
[2025-03-26T13:47:40.233+0000] {docker.py:69} INFO -   }
[2025-03-26T13:47:40.234+0000] {docker.py:69} INFO -   [87]=>
[2025-03-26T13:47:40.237+0000] {docker.py:69} INFO -   object(stdClass)#89 (3) {
[2025-03-26T13:47:40.238+0000] {docker.py:69} INFO -     ["contador"]=>
[2025-03-26T13:47:40.238+0000] {docker.py:69} INFO -     int(1)
[2025-03-26T13:47:40.239+0000] {docker.py:69} INFO -     ["container"]=>
[2025-03-26T13:47:40.240+0000] {docker.py:69} INFO -     string(8) "php-app2"
[2025-03-26T13:47:40.240+0000] {docker.py:69} INFO -     ["timestamp"]=>
[2025-03-26T13:47:40.241+0000] {docker.py:69} INFO -     int(1742996828)
[2025-03-26T13:47:40.241+0000] {docker.py:69} INFO -   }
[2025-03-26T13:47:40.242+0000] {docker.py:69} INFO -   [88]=>
[2025-03-26T13:47:40.242+0000] {docker.py:69} INFO -   object(stdClass)#90 (3) {
[2025-03-26T13:47:40.242+0000] {docker.py:69} INFO -     ["contador"]=>
[2025-03-26T13:47:40.243+0000] {docker.py:69} INFO -     int(1)
[2025-03-26T13:47:40.243+0000] {docker.py:69} INFO -     ["container"]=>
[2025-03-26T13:47:40.243+0000] {docker.py:69} INFO -     string(8) "php-app1"
[2025-03-26T13:47:40.244+0000] {docker.py:69} INFO -     ["timestamp"]=>
[2025-03-26T13:47:40.244+0000] {docker.py:69} INFO -     int(1742996828)
[2025-03-26T13:47:40.245+0000] {docker.py:69} INFO -   }
[2025-03-26T13:47:40.245+0000] {docker.py:69} INFO -   [89]=>
[2025-03-26T13:47:40.246+0000] {docker.py:69} INFO -   object(stdClass)#91 (3) {
[2025-03-26T13:47:40.246+0000] {docker.py:69} INFO -     ["contador"]=>
[2025-03-26T13:47:40.247+0000] {docker.py:69} INFO -     int(1)
[2025-03-26T13:47:40.247+0000] {docker.py:69} INFO -     ["container"]=>
[2025-03-26T13:47:40.248+0000] {docker.py:69} INFO -     string(8) "php-app2"
[2025-03-26T13:47:40.249+0000] {docker.py:69} INFO -     ["timestamp"]=>
[2025-03-26T13:47:40.250+0000] {docker.py:69} INFO -     int(1742996829)
[2025-03-26T13:47:40.252+0000] {docker.py:69} INFO -   }
[2025-03-26T13:47:40.253+0000] {docker.py:69} INFO -   [90]=>
[2025-03-26T13:47:40.253+0000] {docker.py:69} INFO -   object(stdClass)#92 (3) {
[2025-03-26T13:47:40.253+0000] {docker.py:69} INFO -     ["contador"]=>
[2025-03-26T13:47:40.254+0000] {docker.py:69} INFO -     int(1)
[2025-03-26T13:47:40.254+0000] {docker.py:69} INFO -     ["container"]=>
[2025-03-26T13:47:40.255+0000] {docker.py:69} INFO -     string(8) "php-app1"
[2025-03-26T13:47:40.255+0000] {docker.py:69} INFO -     ["timestamp"]=>
[2025-03-26T13:47:40.255+0000] {docker.py:69} INFO -     int(1742996829)
[2025-03-26T13:47:40.256+0000] {docker.py:69} INFO -   }
[2025-03-26T13:47:40.257+0000] {docker.py:69} INFO -   [91]=>
[2025-03-26T13:47:40.257+0000] {docker.py:69} INFO -   object(stdClass)#93 (3) {
[2025-03-26T13:47:40.257+0000] {docker.py:69} INFO -     ["contador"]=>
[2025-03-26T13:47:40.258+0000] {docker.py:69} INFO -     int(1)
[2025-03-26T13:47:40.258+0000] {docker.py:69} INFO -     ["container"]=>
[2025-03-26T13:47:40.259+0000] {docker.py:69} INFO -     string(8) "php-app2"
[2025-03-26T13:47:40.259+0000] {docker.py:69} INFO -     ["timestamp"]=>
[2025-03-26T13:47:40.259+0000] {docker.py:69} INFO -     int(1742996838)
[2025-03-26T13:47:40.260+0000] {docker.py:69} INFO -   }
[2025-03-26T13:47:40.260+0000] {docker.py:69} INFO -   [92]=>
[2025-03-26T13:47:40.260+0000] {docker.py:69} INFO -   object(stdClass)#94 (3) {
[2025-03-26T13:47:40.261+0000] {docker.py:69} INFO -     ["contador"]=>
[2025-03-26T13:47:40.261+0000] {docker.py:69} INFO -     int(1)
[2025-03-26T13:47:40.261+0000] {docker.py:69} INFO -     ["container"]=>
[2025-03-26T13:47:40.262+0000] {docker.py:69} INFO -     string(8) "php-app1"
[2025-03-26T13:47:40.262+0000] {docker.py:69} INFO -     ["timestamp"]=>
[2025-03-26T13:47:40.263+0000] {docker.py:69} INFO -     int(1742996841)
[2025-03-26T13:47:40.263+0000] {docker.py:69} INFO -   }
[2025-03-26T13:47:40.264+0000] {docker.py:69} INFO -   [93]=>
[2025-03-26T13:47:40.265+0000] {docker.py:69} INFO -   object(stdClass)#95 (3) {
[2025-03-26T13:47:40.265+0000] {docker.py:69} INFO -     ["contador"]=>
[2025-03-26T13:47:40.266+0000] {docker.py:69} INFO -     int(1)
[2025-03-26T13:47:40.266+0000] {docker.py:69} INFO -     ["container"]=>
[2025-03-26T13:47:40.267+0000] {docker.py:69} INFO -     string(8) "php-app2"
[2025-03-26T13:47:40.267+0000] {docker.py:69} INFO -     ["timestamp"]=>
[2025-03-26T13:47:40.268+0000] {docker.py:69} INFO -     int(1742996842)
[2025-03-26T13:47:40.269+0000] {docker.py:69} INFO -   }
[2025-03-26T13:47:40.269+0000] {docker.py:69} INFO -   [94]=>
[2025-03-26T13:47:40.270+0000] {docker.py:69} INFO -   object(stdClass)#96 (3) {
[2025-03-26T13:47:40.270+0000] {docker.py:69} INFO -     ["contador"]=>
[2025-03-26T13:47:40.271+0000] {docker.py:69} INFO -     int(1)
[2025-03-26T13:47:40.271+0000] {docker.py:69} INFO -     ["container"]=>
[2025-03-26T13:47:40.272+0000] {docker.py:69} INFO -     string(8) "php-app1"
[2025-03-26T13:47:40.272+0000] {docker.py:69} INFO -     ["timestamp"]=>
[2025-03-26T13:47:40.272+0000] {docker.py:69} INFO -     int(1742996843)
[2025-03-26T13:47:40.273+0000] {docker.py:69} INFO -   }
[2025-03-26T13:47:40.273+0000] {docker.py:69} INFO -   [95]=>
[2025-03-26T13:47:40.274+0000] {docker.py:69} INFO -   object(stdClass)#97 (3) {
[2025-03-26T13:47:40.274+0000] {docker.py:69} INFO -     ["contador"]=>
[2025-03-26T13:47:40.274+0000] {docker.py:69} INFO -     int(1)
[2025-03-26T13:47:40.275+0000] {docker.py:69} INFO -     ["container"]=>
[2025-03-26T13:47:40.275+0000] {docker.py:69} INFO -     string(8) "php-app2"
[2025-03-26T13:47:40.275+0000] {docker.py:69} INFO -     ["timestamp"]=>
[2025-03-26T13:47:40.276+0000] {docker.py:69} INFO -     int(1742996843)
[2025-03-26T13:47:40.276+0000] {docker.py:69} INFO -   }
[2025-03-26T13:47:40.276+0000] {docker.py:69} INFO -   [96]=>
[2025-03-26T13:47:40.277+0000] {docker.py:69} INFO -   object(stdClass)#98 (3) {
[2025-03-26T13:47:40.277+0000] {docker.py:69} INFO -     ["contador"]=>
[2025-03-26T13:47:40.278+0000] {docker.py:69} INFO -     int(1)
[2025-03-26T13:47:40.280+0000] {docker.py:69} INFO -     ["container"]=>
[2025-03-26T13:47:40.280+0000] {docker.py:69} INFO -     string(8) "php-app1"
[2025-03-26T13:47:40.281+0000] {docker.py:69} INFO -     ["timestamp"]=>
[2025-03-26T13:47:40.281+0000] {docker.py:69} INFO -     int(1742996844)
[2025-03-26T13:47:40.281+0000] {docker.py:69} INFO -   }
[2025-03-26T13:47:40.282+0000] {docker.py:69} INFO -   [97]=>
[2025-03-26T13:47:40.283+0000] {docker.py:69} INFO -   object(stdClass)#99 (3) {
[2025-03-26T13:47:40.284+0000] {docker.py:69} INFO -     ["contador"]=>
[2025-03-26T13:47:40.284+0000] {docker.py:69} INFO -     int(1)
[2025-03-26T13:47:40.285+0000] {docker.py:69} INFO -     ["container"]=>
[2025-03-26T13:47:40.285+0000] {docker.py:69} INFO -     string(8) "php-app1"
[2025-03-26T13:47:40.285+0000] {docker.py:69} INFO -     ["timestamp"]=>
[2025-03-26T13:47:40.296+0000] {docker.py:69} INFO -     int(1742996849)
[2025-03-26T13:47:40.297+0000] {docker.py:69} INFO -   }
[2025-03-26T13:47:40.298+0000] {docker.py:69} INFO -   [98]=>
[2025-03-26T13:47:40.298+0000] {docker.py:69} INFO -   object(stdClass)#100 (3) {
[2025-03-26T13:47:40.299+0000] {docker.py:69} INFO -     ["contador"]=>
[2025-03-26T13:47:40.299+0000] {docker.py:69} INFO -     int(1)
[2025-03-26T13:47:40.300+0000] {docker.py:69} INFO -     ["container"]=>
[2025-03-26T13:47:40.300+0000] {docker.py:69} INFO -     string(8) "php-app2"
[2025-03-26T13:47:40.301+0000] {docker.py:69} INFO -     ["timestamp"]=>
[2025-03-26T13:47:40.301+0000] {docker.py:69} INFO -     int(1742996849)
[2025-03-26T13:47:40.301+0000] {docker.py:69} INFO -   }
[2025-03-26T13:47:40.302+0000] {docker.py:69} INFO -   [99]=>
[2025-03-26T13:47:40.302+0000] {docker.py:69} INFO -   object(stdClass)#101 (3) {
[2025-03-26T13:47:40.303+0000] {docker.py:69} INFO -     ["contador"]=>
[2025-03-26T13:47:40.303+0000] {docker.py:69} INFO -     int(1)
[2025-03-26T13:47:40.304+0000] {docker.py:69} INFO -     ["container"]=>
[2025-03-26T13:47:40.304+0000] {docker.py:69} INFO -     string(8) "php-app2"
[2025-03-26T13:47:40.304+0000] {docker.py:69} INFO -     ["timestamp"]=>
[2025-03-26T13:47:40.305+0000] {docker.py:69} INFO -     int(1742996849)
[2025-03-26T13:47:40.305+0000] {docker.py:69} INFO -   }
[2025-03-26T13:47:40.306+0000] {docker.py:69} INFO -   [100]=>
[2025-03-26T13:47:40.306+0000] {docker.py:69} INFO -   object(stdClass)#102 (3) {
[2025-03-26T13:47:40.307+0000] {docker.py:69} INFO -     ["contador"]=>
[2025-03-26T13:47:40.307+0000] {docker.py:69} INFO -     int(1)
[2025-03-26T13:47:40.308+0000] {docker.py:69} INFO -     ["container"]=>
[2025-03-26T13:47:40.308+0000] {docker.py:69} INFO -     string(8) "php-app2"
[2025-03-26T13:47:40.314+0000] {docker.py:69} INFO -     ["timestamp"]=>
[2025-03-26T13:47:40.318+0000] {docker.py:69} INFO -     int(1742996850)
[2025-03-26T13:47:40.322+0000] {docker.py:69} INFO -   }
[2025-03-26T13:47:40.324+0000] {docker.py:69} INFO -   [101]=>
[2025-03-26T13:47:40.325+0000] {docker.py:69} INFO -   object(stdClass)#103 (3) {
[2025-03-26T13:47:40.325+0000] {docker.py:69} INFO -     ["contador"]=>
[2025-03-26T13:47:40.326+0000] {docker.py:69} INFO -     int(1)
[2025-03-26T13:47:40.327+0000] {docker.py:69} INFO -     ["container"]=>
[2025-03-26T13:47:40.327+0000] {docker.py:69} INFO -     string(8) "php-app1"
[2025-03-26T13:47:40.328+0000] {docker.py:69} INFO -     ["timestamp"]=>
[2025-03-26T13:47:40.328+0000] {docker.py:69} INFO -     int(1742996850)
[2025-03-26T13:47:40.329+0000] {docker.py:69} INFO -   }
[2025-03-26T13:47:40.329+0000] {docker.py:69} INFO -   [102]=>
[2025-03-26T13:47:40.330+0000] {docker.py:69} INFO -   object(stdClass)#104 (3) {
[2025-03-26T13:47:40.330+0000] {docker.py:69} INFO -     ["contador"]=>
[2025-03-26T13:47:40.330+0000] {docker.py:69} INFO -     int(1)
[2025-03-26T13:47:40.331+0000] {docker.py:69} INFO -     ["container"]=>
[2025-03-26T13:47:40.332+0000] {docker.py:69} INFO -     string(8) "php-app1"
[2025-03-26T13:47:40.333+0000] {docker.py:69} INFO -     ["timestamp"]=>
[2025-03-26T13:47:40.333+0000] {docker.py:69} INFO -     int(1742996851)
[2025-03-26T13:47:40.334+0000] {docker.py:69} INFO -   }
[2025-03-26T13:47:40.334+0000] {docker.py:69} INFO -   [103]=>
[2025-03-26T13:47:40.335+0000] {docker.py:69} INFO -   object(stdClass)#105 (3) {
[2025-03-26T13:47:40.335+0000] {docker.py:69} INFO -     ["contador"]=>
[2025-03-26T13:47:40.336+0000] {docker.py:69} INFO -     int(1)
[2025-03-26T13:47:40.336+0000] {docker.py:69} INFO -     ["container"]=>
[2025-03-26T13:47:40.337+0000] {docker.py:69} INFO -     string(8) "php-app2"
[2025-03-26T13:47:40.338+0000] {docker.py:69} INFO -     ["timestamp"]=>
[2025-03-26T13:47:40.338+0000] {docker.py:69} INFO -     int(1742996854)
[2025-03-26T13:47:40.339+0000] {docker.py:69} INFO -   }
[2025-03-26T13:47:40.340+0000] {docker.py:69} INFO -   [104]=>
[2025-03-26T13:47:40.340+0000] {docker.py:69} INFO -   object(stdClass)#106 (3) {
[2025-03-26T13:47:40.341+0000] {docker.py:69} INFO -     ["contador"]=>
[2025-03-26T13:47:40.342+0000] {docker.py:69} INFO -     int(1)
[2025-03-26T13:47:40.342+0000] {docker.py:69} INFO -     ["container"]=>
[2025-03-26T13:47:40.343+0000] {docker.py:69} INFO -     string(8) "php-app2"
[2025-03-26T13:47:40.343+0000] {docker.py:69} INFO -     ["timestamp"]=>
[2025-03-26T13:47:40.344+0000] {docker.py:69} INFO -     int(1742996855)
[2025-03-26T13:47:40.344+0000] {docker.py:69} INFO -   }
[2025-03-26T13:47:40.345+0000] {docker.py:69} INFO -   [105]=>
[2025-03-26T13:47:40.345+0000] {docker.py:69} INFO -   object(stdClass)#107 (3) {
[2025-03-26T13:47:40.345+0000] {docker.py:69} INFO -     ["contador"]=>
[2025-03-26T13:47:40.346+0000] {docker.py:69} INFO -     int(1)
[2025-03-26T13:47:40.346+0000] {docker.py:69} INFO -     ["container"]=>
[2025-03-26T13:47:40.347+0000] {docker.py:69} INFO -     string(8) "php-app1"
[2025-03-26T13:47:40.347+0000] {docker.py:69} INFO -     ["timestamp"]=>
[2025-03-26T13:47:40.347+0000] {docker.py:69} INFO -     int(1742996856)
[2025-03-26T13:47:40.348+0000] {docker.py:69} INFO -   }
[2025-03-26T13:47:40.348+0000] {docker.py:69} INFO -   [106]=>
[2025-03-26T13:47:40.349+0000] {docker.py:69} INFO -   object(stdClass)#108 (3) {
[2025-03-26T13:47:40.349+0000] {docker.py:69} INFO -     ["contador"]=>
[2025-03-26T13:47:40.350+0000] {docker.py:69} INFO -     int(1)
[2025-03-26T13:47:40.350+0000] {docker.py:69} INFO -     ["container"]=>
[2025-03-26T13:47:40.351+0000] {docker.py:69} INFO -     string(8) "php-app1"
[2025-03-26T13:47:40.351+0000] {docker.py:69} INFO -     ["timestamp"]=>
[2025-03-26T13:47:40.351+0000] {docker.py:69} INFO -     int(1742996856)
[2025-03-26T13:47:40.352+0000] {docker.py:69} INFO -   }
[2025-03-26T13:47:40.352+0000] {docker.py:69} INFO -   [107]=>
[2025-03-26T13:47:40.353+0000] {docker.py:69} INFO -   array(3) {
[2025-03-26T13:47:40.353+0000] {docker.py:69} INFO -     ["contador"]=>
[2025-03-26T13:47:40.354+0000] {docker.py:69} INFO -     int(1)
[2025-03-26T13:47:40.354+0000] {docker.py:69} INFO -     ["container"]=>
[2025-03-26T13:47:40.355+0000] {docker.py:69} INFO -     string(8) "php-app2"
[2025-03-26T13:47:40.355+0000] {docker.py:69} INFO -     ["timestamp"]=>
[2025-03-26T13:47:40.355+0000] {docker.py:69} INFO -     int(1742996859)
[2025-03-26T13:47:40.356+0000] {docker.py:69} INFO -   }
[2025-03-26T13:47:40.357+0000] {docker.py:69} INFO - }
[2025-03-26T13:47:41.399+0000] {taskinstance.py:341} INFO - ::group::Post task execution logs
[2025-03-26T13:47:41.401+0000] {taskinstance.py:353} INFO - Marking task as SUCCESS. dag_id=containers1_dag, task_id=php_app2, run_id=scheduled__2025-03-25T03:30:00+00:00, execution_date=20250325T033000, start_date=20250326T134733, end_date=20250326T134741
[2025-03-26T13:47:41.777+0000] {local_task_job_runner.py:266} INFO - Task exited with return code 0
[2025-03-26T13:47:41.944+0000] {taskinstance.py:3901} INFO - 0 downstream tasks scheduled from follow-on schedule check
[2025-03-26T13:47:41.959+0000] {local_task_job_runner.py:245} INFO - ::endgroup::
