[2025-03-26T13:47:51.065+0000] {local_task_job_runner.py:123} INFO - ::group::Pre task execution logs
[2025-03-26T13:47:51.500+0000] {taskinstance.py:2614} INFO - Dependencies all met for dep_context=non-requeueable deps ti=<TaskInstance: containers1_dag.php_app2 scheduled__2025-03-25T04:00:00+00:00 [queued]>
[2025-03-26T13:47:51.535+0000] {taskinstance.py:2614} INFO - Dependencies all met for dep_context=requeueable deps ti=<TaskInstance: containers1_dag.php_app2 scheduled__2025-03-25T04:00:00+00:00 [queued]>
[2025-03-26T13:47:51.537+0000] {taskinstance.py:2867} INFO - Starting attempt 1 of 6
[2025-03-26T13:47:51.856+0000] {taskinstance.py:2890} INFO - Executing <Task(DockerOperator): php_app2> on 2025-03-25 04:00:00+00:00
[2025-03-26T13:47:51.902+0000] {logging_mixin.py:190} WARNING - /home/***/.local/lib/python3.12/site-packages/***/task/task_runner/standard_task_runner.py:70 DeprecationWarning: This process (pid=893) is multi-threaded, use of fork() may lead to deadlocks in the child.
[2025-03-26T13:47:51.918+0000] {standard_task_runner.py:72} INFO - Started process 911 to run task
[2025-03-26T13:47:51.913+0000] {standard_task_runner.py:104} INFO - Running: ['***', 'tasks', 'run', 'containers1_dag', 'php_app2', 'scheduled__2025-03-25T04:00:00+00:00', '--job-id', '118', '--raw', '--subdir', 'DAGS_FOLDER/containers1_dag.py', '--cfg-path', '/tmp/tmprveiqk4e']
[2025-03-26T13:47:51.950+0000] {standard_task_runner.py:105} INFO - Job 118: Subtask php_app2
[2025-03-26T13:47:52.634+0000] {task_command.py:467} INFO - Running <TaskInstance: containers1_dag.php_app2 scheduled__2025-03-25T04:00:00+00:00 [running]> on host 3d581a580455
[2025-03-26T13:47:53.391+0000] {taskinstance.py:3134} INFO - Exporting env vars: AIRFLOW_CTX_DAG_OWNER='andre' AIRFLOW_CTX_DAG_ID='containers1_dag' AIRFLOW_CTX_TASK_ID='php_app2' AIRFLOW_CTX_EXECUTION_DATE='2025-03-25T04:00:00+00:00' AIRFLOW_CTX_TRY_NUMBER='1' AIRFLOW_CTX_DAG_RUN_ID='scheduled__2025-03-25T04:00:00+00:00'
[2025-03-26T13:47:53.392+0000] {taskinstance.py:732} INFO - ::endgroup::
[2025-03-26T13:47:53.569+0000] {docker.py:345} INFO - Starting docker container from image php-app2
[2025-03-26T13:47:53.704+0000] {docker.py:353} WARNING - Using remote engine or docker-in-docker and mounting temporary volume from host is not supported. Falling back to `mount_tmp_dir=False` mode. You can set `mount_tmp_dir` parameter to False to disable mounting and remove the warning
[2025-03-26T13:47:56.968+0000] {docker.py:69} INFO - array(119) {
[2025-03-26T13:47:56.969+0000] {docker.py:69} INFO -   [0]=>
[2025-03-26T13:47:56.970+0000] {docker.py:69} INFO -   object(stdClass)#2 (3) {
[2025-03-26T13:47:56.971+0000] {docker.py:69} INFO -     ["contador"]=>
[2025-03-26T13:47:56.971+0000] {docker.py:69} INFO -     int(0)
[2025-03-26T13:47:56.971+0000] {docker.py:69} INFO -     ["container"]=>
[2025-03-26T13:47:56.972+0000] {docker.py:69} INFO -     string(8) "php-app1"
[2025-03-26T13:47:56.972+0000] {docker.py:69} INFO -     ["timestamp"]=>
[2025-03-26T13:47:56.973+0000] {docker.py:69} INFO -     int(1742852307)
[2025-03-26T13:47:56.973+0000] {docker.py:69} INFO -   }
[2025-03-26T13:47:56.973+0000] {docker.py:69} INFO -   [1]=>
[2025-03-26T13:47:56.974+0000] {docker.py:69} INFO -   object(stdClass)#3 (3) {
[2025-03-26T13:47:56.974+0000] {docker.py:69} INFO -     ["contador"]=>
[2025-03-26T13:47:56.975+0000] {docker.py:69} INFO -     int(1)
[2025-03-26T13:47:56.975+0000] {docker.py:69} INFO -     ["container"]=>
[2025-03-26T13:47:56.975+0000] {docker.py:69} INFO -     string(8) "php-app2"
[2025-03-26T13:47:56.976+0000] {docker.py:69} INFO -     ["timestamp"]=>
[2025-03-26T13:47:56.981+0000] {docker.py:69} INFO -     int(1742852309)
[2025-03-26T13:47:56.983+0000] {docker.py:69} INFO -   }
[2025-03-26T13:47:56.984+0000] {docker.py:69} INFO -   [2]=>
[2025-03-26T13:47:56.988+0000] {docker.py:69} INFO -   object(stdClass)#4 (3) {
[2025-03-26T13:47:56.989+0000] {docker.py:69} INFO -     ["contador"]=>
[2025-03-26T13:47:56.989+0000] {docker.py:69} INFO -     int(1)
[2025-03-26T13:47:56.998+0000] {docker.py:69} INFO -     ["container"]=>
[2025-03-26T13:47:56.998+0000] {docker.py:69} INFO -     string(8) "php-app1"
[2025-03-26T13:47:56.999+0000] {docker.py:69} INFO -     ["timestamp"]=>
[2025-03-26T13:47:56.999+0000] {docker.py:69} INFO -     int(1742852311)
[2025-03-26T13:47:56.999+0000] {docker.py:69} INFO -   }
[2025-03-26T13:47:57.000+0000] {docker.py:69} INFO -   [3]=>
[2025-03-26T13:47:57.002+0000] {docker.py:69} INFO -   object(stdClass)#5 (3) {
[2025-03-26T13:47:57.002+0000] {docker.py:69} INFO -     ["contador"]=>
[2025-03-26T13:47:57.002+0000] {docker.py:69} INFO -     int(1)
[2025-03-26T13:47:57.003+0000] {docker.py:69} INFO -     ["container"]=>
[2025-03-26T13:47:57.006+0000] {docker.py:69} INFO -     string(8) "php-app2"
[2025-03-26T13:47:57.007+0000] {docker.py:69} INFO -     ["timestamp"]=>
[2025-03-26T13:47:57.007+0000] {docker.py:69} INFO -     int(1742852314)
[2025-03-26T13:47:57.008+0000] {docker.py:69} INFO -   }
[2025-03-26T13:47:57.008+0000] {docker.py:69} INFO -   [4]=>
[2025-03-26T13:47:57.008+0000] {docker.py:69} INFO -   object(stdClass)#6 (3) {
[2025-03-26T13:47:57.009+0000] {docker.py:69} INFO -     ["contador"]=>
[2025-03-26T13:47:57.009+0000] {docker.py:69} INFO -     int(1)
[2025-03-26T13:47:57.009+0000] {docker.py:69} INFO -     ["container"]=>
[2025-03-26T13:47:57.010+0000] {docker.py:69} INFO -     string(8) "php-app2"
[2025-03-26T13:47:57.010+0000] {docker.py:69} INFO -     ["timestamp"]=>
[2025-03-26T13:47:57.010+0000] {docker.py:69} INFO -     int(1742996301)
[2025-03-26T13:47:57.011+0000] {docker.py:69} INFO -   }
[2025-03-26T13:47:57.011+0000] {docker.py:69} INFO -   [5]=>
[2025-03-26T13:47:57.011+0000] {docker.py:69} INFO -   object(stdClass)#7 (3) {
[2025-03-26T13:47:57.012+0000] {docker.py:69} INFO -     ["contador"]=>
[2025-03-26T13:47:57.012+0000] {docker.py:69} INFO -     int(1)
[2025-03-26T13:47:57.012+0000] {docker.py:69} INFO -     ["container"]=>
[2025-03-26T13:47:57.013+0000] {docker.py:69} INFO -     string(8) "php-app1"
[2025-03-26T13:47:57.013+0000] {docker.py:69} INFO -     ["timestamp"]=>
[2025-03-26T13:47:57.014+0000] {docker.py:69} INFO -     int(1742996302)
[2025-03-26T13:47:57.014+0000] {docker.py:69} INFO -   }
[2025-03-26T13:47:57.014+0000] {docker.py:69} INFO -   [6]=>
[2025-03-26T13:47:57.015+0000] {docker.py:69} INFO -   object(stdClass)#8 (3) {
[2025-03-26T13:47:57.015+0000] {docker.py:69} INFO -     ["contador"]=>
[2025-03-26T13:47:57.015+0000] {docker.py:69} INFO -     int(1)
[2025-03-26T13:47:57.016+0000] {docker.py:69} INFO -     ["container"]=>
[2025-03-26T13:47:57.016+0000] {docker.py:69} INFO -     string(8) "php-app1"
[2025-03-26T13:47:57.016+0000] {docker.py:69} INFO -     ["timestamp"]=>
[2025-03-26T13:47:57.017+0000] {docker.py:69} INFO -     int(1742996302)
[2025-03-26T13:47:57.017+0000] {docker.py:69} INFO -   }
[2025-03-26T13:47:57.017+0000] {docker.py:69} INFO -   [7]=>
[2025-03-26T13:47:57.018+0000] {docker.py:69} INFO -   object(stdClass)#9 (3) {
[2025-03-26T13:47:57.018+0000] {docker.py:69} INFO -     ["contador"]=>
[2025-03-26T13:47:57.019+0000] {docker.py:69} INFO -     int(1)
[2025-03-26T13:47:57.019+0000] {docker.py:69} INFO -     ["container"]=>
[2025-03-26T13:47:57.019+0000] {docker.py:69} INFO -     string(8) "php-app2"
[2025-03-26T13:47:57.019+0000] {docker.py:69} INFO -     ["timestamp"]=>
[2025-03-26T13:47:57.020+0000] {docker.py:69} INFO -     int(1742996303)
[2025-03-26T13:47:57.020+0000] {docker.py:69} INFO -   }
[2025-03-26T13:47:57.020+0000] {docker.py:69} INFO -   [8]=>
[2025-03-26T13:47:57.021+0000] {docker.py:69} INFO -   object(stdClass)#10 (3) {
[2025-03-26T13:47:57.021+0000] {docker.py:69} INFO -     ["contador"]=>
[2025-03-26T13:47:57.021+0000] {docker.py:69} INFO -     int(1)
[2025-03-26T13:47:57.022+0000] {docker.py:69} INFO -     ["container"]=>
[2025-03-26T13:47:57.022+0000] {docker.py:69} INFO -     string(8) "php-app1"
[2025-03-26T13:47:57.022+0000] {docker.py:69} INFO -     ["timestamp"]=>
[2025-03-26T13:47:57.023+0000] {docker.py:69} INFO -     int(1742996304)
[2025-03-26T13:47:57.023+0000] {docker.py:69} INFO -   }
[2025-03-26T13:47:57.023+0000] {docker.py:69} INFO -   [9]=>
[2025-03-26T13:47:57.023+0000] {docker.py:69} INFO -   object(stdClass)#11 (3) {
[2025-03-26T13:47:57.024+0000] {docker.py:69} INFO -     ["contador"]=>
[2025-03-26T13:47:57.024+0000] {docker.py:69} INFO -     int(1)
[2025-03-26T13:47:57.024+0000] {docker.py:69} INFO -     ["container"]=>
[2025-03-26T13:47:57.025+0000] {docker.py:69} INFO -     string(8) "php-app2"
[2025-03-26T13:47:57.025+0000] {docker.py:69} INFO -     ["timestamp"]=>
[2025-03-26T13:47:57.026+0000] {docker.py:69} INFO -     int(1742996305)
[2025-03-26T13:47:57.026+0000] {docker.py:69} INFO -   }
[2025-03-26T13:47:57.026+0000] {docker.py:69} INFO -   [10]=>
[2025-03-26T13:47:57.027+0000] {docker.py:69} INFO -   object(stdClass)#12 (3) {
[2025-03-26T13:47:57.027+0000] {docker.py:69} INFO -     ["contador"]=>
[2025-03-26T13:47:57.027+0000] {docker.py:69} INFO -     int(1)
[2025-03-26T13:47:57.028+0000] {docker.py:69} INFO -     ["container"]=>
[2025-03-26T13:47:57.028+0000] {docker.py:69} INFO -     string(8) "php-app2"
[2025-03-26T13:47:57.028+0000] {docker.py:69} INFO -     ["timestamp"]=>
[2025-03-26T13:47:57.029+0000] {docker.py:69} INFO -     int(1742996305)
[2025-03-26T13:47:57.029+0000] {docker.py:69} INFO -   }
[2025-03-26T13:47:57.029+0000] {docker.py:69} INFO -   [11]=>
[2025-03-26T13:47:57.030+0000] {docker.py:69} INFO -   object(stdClass)#13 (3) {
[2025-03-26T13:47:57.030+0000] {docker.py:69} INFO -     ["contador"]=>
[2025-03-26T13:47:57.030+0000] {docker.py:69} INFO -     int(1)
[2025-03-26T13:47:57.031+0000] {docker.py:69} INFO -     ["container"]=>
[2025-03-26T13:47:57.031+0000] {docker.py:69} INFO -     string(8) "php-app1"
[2025-03-26T13:47:57.032+0000] {docker.py:69} INFO -     ["timestamp"]=>
[2025-03-26T13:47:57.032+0000] {docker.py:69} INFO -     int(1742996305)
[2025-03-26T13:47:57.032+0000] {docker.py:69} INFO -   }
[2025-03-26T13:47:57.033+0000] {docker.py:69} INFO -   [12]=>
[2025-03-26T13:47:57.033+0000] {docker.py:69} INFO -   object(stdClass)#14 (3) {
[2025-03-26T13:47:57.034+0000] {docker.py:69} INFO -     ["contador"]=>
[2025-03-26T13:47:57.034+0000] {docker.py:69} INFO -     int(1)
[2025-03-26T13:47:57.034+0000] {docker.py:69} INFO -     ["container"]=>
[2025-03-26T13:47:57.034+0000] {docker.py:69} INFO -     string(8) "php-app1"
[2025-03-26T13:47:57.035+0000] {docker.py:69} INFO -     ["timestamp"]=>
[2025-03-26T13:47:57.035+0000] {docker.py:69} INFO -     int(1742996309)
[2025-03-26T13:47:57.035+0000] {docker.py:69} INFO -   }
[2025-03-26T13:47:57.036+0000] {docker.py:69} INFO -   [13]=>
[2025-03-26T13:47:57.036+0000] {docker.py:69} INFO -   object(stdClass)#15 (3) {
[2025-03-26T13:47:57.037+0000] {docker.py:69} INFO -     ["contador"]=>
[2025-03-26T13:47:57.037+0000] {docker.py:69} INFO -     int(1)
[2025-03-26T13:47:57.037+0000] {docker.py:69} INFO -     ["container"]=>
[2025-03-26T13:47:57.037+0000] {docker.py:69} INFO -     string(8) "php-app1"
[2025-03-26T13:47:57.039+0000] {docker.py:69} INFO -     ["timestamp"]=>
[2025-03-26T13:47:57.040+0000] {docker.py:69} INFO -     int(1742996309)
[2025-03-26T13:47:57.040+0000] {docker.py:69} INFO -   }
[2025-03-26T13:47:57.040+0000] {docker.py:69} INFO -   [14]=>
[2025-03-26T13:47:57.041+0000] {docker.py:69} INFO -   object(stdClass)#16 (3) {
[2025-03-26T13:47:57.041+0000] {docker.py:69} INFO -     ["contador"]=>
[2025-03-26T13:47:57.041+0000] {docker.py:69} INFO -     int(1)
[2025-03-26T13:47:57.042+0000] {docker.py:69} INFO -     ["container"]=>
[2025-03-26T13:47:57.042+0000] {docker.py:69} INFO -     string(8) "php-app2"
[2025-03-26T13:47:57.042+0000] {docker.py:69} INFO -     ["timestamp"]=>
[2025-03-26T13:47:57.043+0000] {docker.py:69} INFO -     int(1742996309)
[2025-03-26T13:47:57.043+0000] {docker.py:69} INFO -   }
[2025-03-26T13:47:57.043+0000] {docker.py:69} INFO -   [15]=>
[2025-03-26T13:47:57.044+0000] {docker.py:69} INFO -   object(stdClass)#17 (3) {
[2025-03-26T13:47:57.044+0000] {docker.py:69} INFO -     ["contador"]=>
[2025-03-26T13:47:57.044+0000] {docker.py:69} INFO -     int(1)
[2025-03-26T13:47:57.045+0000] {docker.py:69} INFO -     ["container"]=>
[2025-03-26T13:47:57.050+0000] {docker.py:69} INFO -     string(8) "php-app2"
[2025-03-26T13:47:57.050+0000] {docker.py:69} INFO -     ["timestamp"]=>
[2025-03-26T13:47:57.052+0000] {docker.py:69} INFO -     int(1742996309)
[2025-03-26T13:47:57.052+0000] {docker.py:69} INFO -   }
[2025-03-26T13:47:57.052+0000] {docker.py:69} INFO -   [16]=>
[2025-03-26T13:47:57.053+0000] {docker.py:69} INFO -   object(stdClass)#18 (3) {
[2025-03-26T13:47:57.053+0000] {docker.py:69} INFO -     ["contador"]=>
[2025-03-26T13:47:57.053+0000] {docker.py:69} INFO -     int(1)
[2025-03-26T13:47:57.054+0000] {docker.py:69} INFO -     ["container"]=>
[2025-03-26T13:47:57.055+0000] {docker.py:69} INFO -     string(8) "php-app1"
[2025-03-26T13:47:57.055+0000] {docker.py:69} INFO -     ["timestamp"]=>
[2025-03-26T13:47:57.056+0000] {docker.py:69} INFO -     int(1742996310)
[2025-03-26T13:47:57.056+0000] {docker.py:69} INFO -   }
[2025-03-26T13:47:57.056+0000] {docker.py:69} INFO -   [17]=>
[2025-03-26T13:47:57.057+0000] {docker.py:69} INFO -   object(stdClass)#19 (3) {
[2025-03-26T13:47:57.057+0000] {docker.py:69} INFO -     ["contador"]=>
[2025-03-26T13:47:57.057+0000] {docker.py:69} INFO -     int(1)
[2025-03-26T13:47:57.058+0000] {docker.py:69} INFO -     ["container"]=>
[2025-03-26T13:47:57.058+0000] {docker.py:69} INFO -     string(8) "php-app2"
[2025-03-26T13:47:57.058+0000] {docker.py:69} INFO -     ["timestamp"]=>
[2025-03-26T13:47:57.059+0000] {docker.py:69} INFO -     int(1742996310)
[2025-03-26T13:47:57.059+0000] {docker.py:69} INFO -   }
[2025-03-26T13:47:57.059+0000] {docker.py:69} INFO -   [18]=>
[2025-03-26T13:47:57.060+0000] {docker.py:69} INFO -   object(stdClass)#20 (3) {
[2025-03-26T13:47:57.064+0000] {docker.py:69} INFO -     ["contador"]=>
[2025-03-26T13:47:57.064+0000] {docker.py:69} INFO -     int(1)
[2025-03-26T13:47:57.065+0000] {docker.py:69} INFO -     ["container"]=>
[2025-03-26T13:47:57.065+0000] {docker.py:69} INFO -     string(8) "php-app2"
[2025-03-26T13:47:57.066+0000] {docker.py:69} INFO -     ["timestamp"]=>
[2025-03-26T13:47:57.066+0000] {docker.py:69} INFO -     int(1742996310)
[2025-03-26T13:47:57.066+0000] {docker.py:69} INFO -   }
[2025-03-26T13:47:57.067+0000] {docker.py:69} INFO -   [19]=>
[2025-03-26T13:47:57.067+0000] {docker.py:69} INFO -   object(stdClass)#21 (3) {
[2025-03-26T13:47:57.067+0000] {docker.py:69} INFO -     ["contador"]=>
[2025-03-26T13:47:57.068+0000] {docker.py:69} INFO -     int(1)
[2025-03-26T13:47:57.070+0000] {docker.py:69} INFO -     ["container"]=>
[2025-03-26T13:47:57.070+0000] {docker.py:69} INFO -     string(8) "php-app1"
[2025-03-26T13:47:57.071+0000] {docker.py:69} INFO -     ["timestamp"]=>
[2025-03-26T13:47:57.072+0000] {docker.py:69} INFO -     int(1742996311)
[2025-03-26T13:47:57.072+0000] {docker.py:69} INFO -   }
[2025-03-26T13:47:57.073+0000] {docker.py:69} INFO -   [20]=>
[2025-03-26T13:47:57.073+0000] {docker.py:69} INFO -   object(stdClass)#22 (3) {
[2025-03-26T13:47:57.074+0000] {docker.py:69} INFO -     ["contador"]=>
[2025-03-26T13:47:57.074+0000] {docker.py:69} INFO -     int(1)
[2025-03-26T13:47:57.075+0000] {docker.py:69} INFO -     ["container"]=>
[2025-03-26T13:47:57.075+0000] {docker.py:69} INFO -     string(8) "php-app1"
[2025-03-26T13:47:57.075+0000] {docker.py:69} INFO -     ["timestamp"]=>
[2025-03-26T13:47:57.076+0000] {docker.py:69} INFO -     int(1742996311)
[2025-03-26T13:47:57.076+0000] {docker.py:69} INFO -   }
[2025-03-26T13:47:57.076+0000] {docker.py:69} INFO -   [21]=>
[2025-03-26T13:47:57.134+0000] {docker.py:69} INFO -   object(stdClass)#23 (3) {
[2025-03-26T13:47:57.134+0000] {docker.py:69} INFO -     ["contador"]=>
[2025-03-26T13:47:57.135+0000] {docker.py:69} INFO -     int(1)
[2025-03-26T13:47:57.135+0000] {docker.py:69} INFO -     ["container"]=>
[2025-03-26T13:47:57.135+0000] {docker.py:69} INFO -     string(8) "php-app2"
[2025-03-26T13:47:57.136+0000] {docker.py:69} INFO -     ["timestamp"]=>
[2025-03-26T13:47:57.136+0000] {docker.py:69} INFO -     int(1742996312)
[2025-03-26T13:47:57.152+0000] {docker.py:69} INFO -   }
[2025-03-26T13:47:57.160+0000] {docker.py:69} INFO -   [22]=>
[2025-03-26T13:47:57.161+0000] {docker.py:69} INFO -   object(stdClass)#24 (3) {
[2025-03-26T13:47:57.169+0000] {docker.py:69} INFO -     ["contador"]=>
[2025-03-26T13:47:57.169+0000] {docker.py:69} INFO -     int(1)
[2025-03-26T13:47:57.170+0000] {docker.py:69} INFO -     ["container"]=>
[2025-03-26T13:47:57.175+0000] {docker.py:69} INFO -     string(8) "php-app1"
[2025-03-26T13:47:57.176+0000] {docker.py:69} INFO -     ["timestamp"]=>
[2025-03-26T13:47:57.177+0000] {docker.py:69} INFO -     int(1742996313)
[2025-03-26T13:47:57.178+0000] {docker.py:69} INFO -   }
[2025-03-26T13:47:57.178+0000] {docker.py:69} INFO -   [23]=>
[2025-03-26T13:47:57.179+0000] {docker.py:69} INFO -   object(stdClass)#25 (3) {
[2025-03-26T13:47:57.180+0000] {docker.py:69} INFO -     ["contador"]=>
[2025-03-26T13:47:57.184+0000] {docker.py:69} INFO -     int(1)
[2025-03-26T13:47:57.187+0000] {docker.py:69} INFO -     ["container"]=>
[2025-03-26T13:47:57.192+0000] {docker.py:69} INFO -     string(8) "php-app1"
[2025-03-26T13:47:57.194+0000] {docker.py:69} INFO -     ["timestamp"]=>
[2025-03-26T13:47:57.195+0000] {docker.py:69} INFO -     int(1742996751)
[2025-03-26T13:47:57.210+0000] {docker.py:69} INFO -   }
[2025-03-26T13:47:57.254+0000] {docker.py:69} INFO -   [24]=>
[2025-03-26T13:47:57.255+0000] {docker.py:69} INFO -   object(stdClass)#26 (3) {
[2025-03-26T13:47:57.255+0000] {docker.py:69} INFO -     ["contador"]=>
[2025-03-26T13:47:57.256+0000] {docker.py:69} INFO -     int(1)
[2025-03-26T13:47:57.257+0000] {docker.py:69} INFO -     ["container"]=>
[2025-03-26T13:47:57.259+0000] {docker.py:69} INFO -     string(8) "php-app2"
[2025-03-26T13:47:57.259+0000] {docker.py:69} INFO -     ["timestamp"]=>
[2025-03-26T13:47:57.260+0000] {docker.py:69} INFO -     int(1742996751)
[2025-03-26T13:47:57.260+0000] {docker.py:69} INFO -   }
[2025-03-26T13:47:57.261+0000] {docker.py:69} INFO -   [25]=>
[2025-03-26T13:47:57.261+0000] {docker.py:69} INFO -   object(stdClass)#27 (3) {
[2025-03-26T13:47:57.261+0000] {docker.py:69} INFO -     ["contador"]=>
[2025-03-26T13:47:57.262+0000] {docker.py:69} INFO -     int(1)
[2025-03-26T13:47:57.263+0000] {docker.py:69} INFO -     ["container"]=>
[2025-03-26T13:47:57.263+0000] {docker.py:69} INFO -     string(8) "php-app2"
[2025-03-26T13:47:57.263+0000] {docker.py:69} INFO -     ["timestamp"]=>
[2025-03-26T13:47:57.264+0000] {docker.py:69} INFO -     int(1742996756)
[2025-03-26T13:47:57.264+0000] {docker.py:69} INFO -   }
[2025-03-26T13:47:57.264+0000] {docker.py:69} INFO -   [26]=>
[2025-03-26T13:47:57.265+0000] {docker.py:69} INFO -   object(stdClass)#28 (3) {
[2025-03-26T13:47:57.265+0000] {docker.py:69} INFO -     ["contador"]=>
[2025-03-26T13:47:57.266+0000] {docker.py:69} INFO -     int(1)
[2025-03-26T13:47:57.266+0000] {docker.py:69} INFO -     ["container"]=>
[2025-03-26T13:47:57.267+0000] {docker.py:69} INFO -     string(8) "php-app1"
[2025-03-26T13:47:57.267+0000] {docker.py:69} INFO -     ["timestamp"]=>
[2025-03-26T13:47:57.268+0000] {docker.py:69} INFO -     int(1742996756)
[2025-03-26T13:47:57.268+0000] {docker.py:69} INFO -   }
[2025-03-26T13:47:57.268+0000] {docker.py:69} INFO -   [27]=>
[2025-03-26T13:47:57.269+0000] {docker.py:69} INFO -   object(stdClass)#29 (3) {
[2025-03-26T13:47:57.269+0000] {docker.py:69} INFO -     ["contador"]=>
[2025-03-26T13:47:57.270+0000] {docker.py:69} INFO -     int(1)
[2025-03-26T13:47:57.270+0000] {docker.py:69} INFO -     ["container"]=>
[2025-03-26T13:47:57.271+0000] {docker.py:69} INFO -     string(8) "php-app1"
[2025-03-26T13:47:57.305+0000] {docker.py:69} INFO -     ["timestamp"]=>
[2025-03-26T13:47:57.306+0000] {docker.py:69} INFO -     int(1742996757)
[2025-03-26T13:47:57.306+0000] {docker.py:69} INFO -   }
[2025-03-26T13:47:57.306+0000] {docker.py:69} INFO -   [28]=>
[2025-03-26T13:47:57.307+0000] {docker.py:69} INFO -   object(stdClass)#30 (3) {
[2025-03-26T13:47:57.307+0000] {docker.py:69} INFO -     ["contador"]=>
[2025-03-26T13:47:57.307+0000] {docker.py:69} INFO -     int(1)
[2025-03-26T13:47:57.308+0000] {docker.py:69} INFO -     ["container"]=>
[2025-03-26T13:47:57.308+0000] {docker.py:69} INFO -     string(8) "php-app2"
[2025-03-26T13:47:57.309+0000] {docker.py:69} INFO -     ["timestamp"]=>
[2025-03-26T13:47:57.309+0000] {docker.py:69} INFO -     int(1742996757)
[2025-03-26T13:47:57.309+0000] {docker.py:69} INFO -   }
[2025-03-26T13:47:57.310+0000] {docker.py:69} INFO -   [29]=>
[2025-03-26T13:47:57.310+0000] {docker.py:69} INFO -   object(stdClass)#31 (3) {
[2025-03-26T13:47:57.311+0000] {docker.py:69} INFO -     ["contador"]=>
[2025-03-26T13:47:57.311+0000] {docker.py:69} INFO -     int(1)
[2025-03-26T13:47:57.311+0000] {docker.py:69} INFO -     ["container"]=>
[2025-03-26T13:47:57.312+0000] {docker.py:69} INFO -     string(8) "php-app2"
[2025-03-26T13:47:57.312+0000] {docker.py:69} INFO -     ["timestamp"]=>
[2025-03-26T13:47:57.312+0000] {docker.py:69} INFO -     int(1742996758)
[2025-03-26T13:47:57.313+0000] {docker.py:69} INFO -   }
[2025-03-26T13:47:57.316+0000] {docker.py:69} INFO -   [30]=>
[2025-03-26T13:47:57.317+0000] {docker.py:69} INFO -   object(stdClass)#32 (3) {
[2025-03-26T13:47:57.317+0000] {docker.py:69} INFO -     ["contador"]=>
[2025-03-26T13:47:57.317+0000] {docker.py:69} INFO -     int(1)
[2025-03-26T13:47:57.318+0000] {docker.py:69} INFO -     ["container"]=>
[2025-03-26T13:47:57.320+0000] {docker.py:69} INFO -     string(8) "php-app1"
[2025-03-26T13:47:57.322+0000] {docker.py:69} INFO -     ["timestamp"]=>
[2025-03-26T13:47:57.323+0000] {docker.py:69} INFO -     int(1742996760)
[2025-03-26T13:47:57.323+0000] {docker.py:69} INFO -   }
[2025-03-26T13:47:57.323+0000] {docker.py:69} INFO -   [31]=>
[2025-03-26T13:47:57.324+0000] {docker.py:69} INFO -   object(stdClass)#33 (3) {
[2025-03-26T13:47:57.324+0000] {docker.py:69} INFO -     ["contador"]=>
[2025-03-26T13:47:57.325+0000] {docker.py:69} INFO -     int(1)
[2025-03-26T13:47:57.329+0000] {docker.py:69} INFO -     ["container"]=>
[2025-03-26T13:47:57.329+0000] {docker.py:69} INFO -     string(8) "php-app2"
[2025-03-26T13:47:57.330+0000] {docker.py:69} INFO -     ["timestamp"]=>
[2025-03-26T13:47:57.330+0000] {docker.py:69} INFO -     int(1742996760)
[2025-03-26T13:47:57.330+0000] {docker.py:69} INFO -   }
[2025-03-26T13:47:57.331+0000] {docker.py:69} INFO -   [32]=>
[2025-03-26T13:47:57.331+0000] {docker.py:69} INFO -   object(stdClass)#34 (3) {
[2025-03-26T13:47:57.331+0000] {docker.py:69} INFO -     ["contador"]=>
[2025-03-26T13:47:57.332+0000] {docker.py:69} INFO -     int(1)
[2025-03-26T13:47:57.335+0000] {docker.py:69} INFO -     ["container"]=>
[2025-03-26T13:47:57.336+0000] {docker.py:69} INFO -     string(8) "php-app2"
[2025-03-26T13:47:57.336+0000] {docker.py:69} INFO -     ["timestamp"]=>
[2025-03-26T13:47:57.336+0000] {docker.py:69} INFO -     int(1742996761)
[2025-03-26T13:47:57.337+0000] {docker.py:69} INFO -   }
[2025-03-26T13:47:57.337+0000] {docker.py:69} INFO -   [33]=>
[2025-03-26T13:47:57.337+0000] {docker.py:69} INFO -   object(stdClass)#35 (3) {
[2025-03-26T13:47:57.338+0000] {docker.py:69} INFO -     ["contador"]=>
[2025-03-26T13:47:57.338+0000] {docker.py:69} INFO -     int(1)
[2025-03-26T13:47:57.338+0000] {docker.py:69} INFO -     ["container"]=>
[2025-03-26T13:47:57.339+0000] {docker.py:69} INFO -     string(8) "php-app1"
[2025-03-26T13:47:57.339+0000] {docker.py:69} INFO -     ["timestamp"]=>
[2025-03-26T13:47:57.340+0000] {docker.py:69} INFO -     int(1742996762)
[2025-03-26T13:47:57.340+0000] {docker.py:69} INFO -   }
[2025-03-26T13:47:57.340+0000] {docker.py:69} INFO -   [34]=>
[2025-03-26T13:47:57.341+0000] {docker.py:69} INFO -   object(stdClass)#36 (3) {
[2025-03-26T13:47:57.341+0000] {docker.py:69} INFO -     ["contador"]=>
[2025-03-26T13:47:57.342+0000] {docker.py:69} INFO -     int(1)
[2025-03-26T13:47:57.342+0000] {docker.py:69} INFO -     ["container"]=>
[2025-03-26T13:47:57.342+0000] {docker.py:69} INFO -     string(8) "php-app2"
[2025-03-26T13:47:57.343+0000] {docker.py:69} INFO -     ["timestamp"]=>
[2025-03-26T13:47:57.343+0000] {docker.py:69} INFO -     int(1742996762)
[2025-03-26T13:47:57.343+0000] {docker.py:69} INFO -   }
[2025-03-26T13:47:57.344+0000] {docker.py:69} INFO -   [35]=>
[2025-03-26T13:47:57.344+0000] {docker.py:69} INFO -   object(stdClass)#37 (3) {
[2025-03-26T13:47:57.344+0000] {docker.py:69} INFO -     ["contador"]=>
[2025-03-26T13:47:57.345+0000] {docker.py:69} INFO -     int(1)
[2025-03-26T13:47:57.345+0000] {docker.py:69} INFO -     ["container"]=>
[2025-03-26T13:47:57.346+0000] {docker.py:69} INFO -     string(8) "php-app1"
[2025-03-26T13:47:57.346+0000] {docker.py:69} INFO -     ["timestamp"]=>
[2025-03-26T13:47:57.347+0000] {docker.py:69} INFO -     int(1742996763)
[2025-03-26T13:47:57.347+0000] {docker.py:69} INFO -   }
[2025-03-26T13:47:57.348+0000] {docker.py:69} INFO -   [36]=>
[2025-03-26T13:47:57.348+0000] {docker.py:69} INFO -   object(stdClass)#38 (3) {
[2025-03-26T13:47:57.348+0000] {docker.py:69} INFO -     ["contador"]=>
[2025-03-26T13:47:57.349+0000] {docker.py:69} INFO -     int(1)
[2025-03-26T13:47:57.349+0000] {docker.py:69} INFO -     ["container"]=>
[2025-03-26T13:47:57.349+0000] {docker.py:69} INFO -     string(8) "php-app1"
[2025-03-26T13:47:57.350+0000] {docker.py:69} INFO -     ["timestamp"]=>
[2025-03-26T13:47:57.350+0000] {docker.py:69} INFO -     int(1742996763)
[2025-03-26T13:47:57.350+0000] {docker.py:69} INFO -   }
[2025-03-26T13:47:57.351+0000] {docker.py:69} INFO -   [37]=>
[2025-03-26T13:47:57.351+0000] {docker.py:69} INFO -   object(stdClass)#39 (3) {
[2025-03-26T13:47:57.352+0000] {docker.py:69} INFO -     ["contador"]=>
[2025-03-26T13:47:57.352+0000] {docker.py:69} INFO -     int(1)
[2025-03-26T13:47:57.353+0000] {docker.py:69} INFO -     ["container"]=>
[2025-03-26T13:47:57.353+0000] {docker.py:69} INFO -     string(8) "php-app2"
[2025-03-26T13:47:57.353+0000] {docker.py:69} INFO -     ["timestamp"]=>
[2025-03-26T13:47:57.354+0000] {docker.py:69} INFO -     int(1742996771)
[2025-03-26T13:47:57.354+0000] {docker.py:69} INFO -   }
[2025-03-26T13:47:57.354+0000] {docker.py:69} INFO -   [38]=>
[2025-03-26T13:47:57.355+0000] {docker.py:69} INFO -   object(stdClass)#40 (3) {
[2025-03-26T13:47:57.355+0000] {docker.py:69} INFO -     ["contador"]=>
[2025-03-26T13:47:57.355+0000] {docker.py:69} INFO -     int(1)
[2025-03-26T13:47:57.356+0000] {docker.py:69} INFO -     ["container"]=>
[2025-03-26T13:47:57.356+0000] {docker.py:69} INFO -     string(8) "php-app2"
[2025-03-26T13:47:57.356+0000] {docker.py:69} INFO -     ["timestamp"]=>
[2025-03-26T13:47:57.357+0000] {docker.py:69} INFO -     int(1742996773)
[2025-03-26T13:47:57.357+0000] {docker.py:69} INFO -   }
[2025-03-26T13:47:57.357+0000] {docker.py:69} INFO -   [39]=>
[2025-03-26T13:47:57.358+0000] {docker.py:69} INFO -   object(stdClass)#41 (3) {
[2025-03-26T13:47:57.358+0000] {docker.py:69} INFO -     ["contador"]=>
[2025-03-26T13:47:57.359+0000] {docker.py:69} INFO -     int(1)
[2025-03-26T13:47:57.359+0000] {docker.py:69} INFO -     ["container"]=>
[2025-03-26T13:47:57.359+0000] {docker.py:69} INFO -     string(8) "php-app1"
[2025-03-26T13:47:57.360+0000] {docker.py:69} INFO -     ["timestamp"]=>
[2025-03-26T13:47:57.360+0000] {docker.py:69} INFO -     int(1742996773)
[2025-03-26T13:47:57.360+0000] {docker.py:69} INFO -   }
[2025-03-26T13:47:57.361+0000] {docker.py:69} INFO -   [40]=>
[2025-03-26T13:47:57.361+0000] {docker.py:69} INFO -   object(stdClass)#42 (3) {
[2025-03-26T13:47:57.361+0000] {docker.py:69} INFO -     ["contador"]=>
[2025-03-26T13:47:57.362+0000] {docker.py:69} INFO -     int(1)
[2025-03-26T13:47:57.362+0000] {docker.py:69} INFO -     ["container"]=>
[2025-03-26T13:47:57.362+0000] {docker.py:69} INFO -     string(8) "php-app1"
[2025-03-26T13:47:57.363+0000] {docker.py:69} INFO -     ["timestamp"]=>
[2025-03-26T13:47:57.363+0000] {docker.py:69} INFO -     int(1742996775)
[2025-03-26T13:47:57.363+0000] {docker.py:69} INFO -   }
[2025-03-26T13:47:57.364+0000] {docker.py:69} INFO -   [41]=>
[2025-03-26T13:47:57.364+0000] {docker.py:69} INFO -   object(stdClass)#43 (3) {
[2025-03-26T13:47:57.365+0000] {docker.py:69} INFO -     ["contador"]=>
[2025-03-26T13:47:57.365+0000] {docker.py:69} INFO -     int(1)
[2025-03-26T13:47:57.366+0000] {docker.py:69} INFO -     ["container"]=>
[2025-03-26T13:47:57.366+0000] {docker.py:69} INFO -     string(8) "php-app2"
[2025-03-26T13:47:57.366+0000] {docker.py:69} INFO -     ["timestamp"]=>
[2025-03-26T13:47:57.367+0000] {docker.py:69} INFO -     int(1742996775)
[2025-03-26T13:47:57.368+0000] {docker.py:69} INFO -   }
[2025-03-26T13:47:57.370+0000] {docker.py:69} INFO -   [42]=>
[2025-03-26T13:47:57.373+0000] {docker.py:69} INFO -   object(stdClass)#44 (3) {
[2025-03-26T13:47:57.373+0000] {docker.py:69} INFO -     ["contador"]=>
[2025-03-26T13:47:57.374+0000] {docker.py:69} INFO -     int(1)
[2025-03-26T13:47:57.374+0000] {docker.py:69} INFO -     ["container"]=>
[2025-03-26T13:47:57.374+0000] {docker.py:69} INFO -     string(8) "php-app2"
[2025-03-26T13:47:57.375+0000] {docker.py:69} INFO -     ["timestamp"]=>
[2025-03-26T13:47:57.375+0000] {docker.py:69} INFO -     int(1742996775)
[2025-03-26T13:47:57.375+0000] {docker.py:69} INFO -   }
[2025-03-26T13:47:57.376+0000] {docker.py:69} INFO -   [43]=>
[2025-03-26T13:47:57.376+0000] {docker.py:69} INFO -   object(stdClass)#45 (3) {
[2025-03-26T13:47:57.377+0000] {docker.py:69} INFO -     ["contador"]=>
[2025-03-26T13:47:57.377+0000] {docker.py:69} INFO -     int(1)
[2025-03-26T13:47:57.378+0000] {docker.py:69} INFO -     ["container"]=>
[2025-03-26T13:47:57.378+0000] {docker.py:69} INFO -     string(8) "php-app1"
[2025-03-26T13:47:57.379+0000] {docker.py:69} INFO -     ["timestamp"]=>
[2025-03-26T13:47:57.379+0000] {docker.py:69} INFO -     int(1742996777)
[2025-03-26T13:47:57.379+0000] {docker.py:69} INFO -   }
[2025-03-26T13:47:57.380+0000] {docker.py:69} INFO -   [44]=>
[2025-03-26T13:47:57.380+0000] {docker.py:69} INFO -   object(stdClass)#46 (3) {
[2025-03-26T13:47:57.380+0000] {docker.py:69} INFO -     ["contador"]=>
[2025-03-26T13:47:57.381+0000] {docker.py:69} INFO -     int(1)
[2025-03-26T13:47:57.381+0000] {docker.py:69} INFO -     ["container"]=>
[2025-03-26T13:47:57.382+0000] {docker.py:69} INFO -     string(8) "php-app1"
[2025-03-26T13:47:57.382+0000] {docker.py:69} INFO -     ["timestamp"]=>
[2025-03-26T13:47:57.383+0000] {docker.py:69} INFO -     int(1742996779)
[2025-03-26T13:47:57.383+0000] {docker.py:69} INFO -   }
[2025-03-26T13:47:57.383+0000] {docker.py:69} INFO -   [45]=>
[2025-03-26T13:47:57.384+0000] {docker.py:69} INFO -   object(stdClass)#47 (3) {
[2025-03-26T13:47:57.384+0000] {docker.py:69} INFO -     ["contador"]=>
[2025-03-26T13:47:57.385+0000] {docker.py:69} INFO -     int(1)
[2025-03-26T13:47:57.385+0000] {docker.py:69} INFO -     ["container"]=>
[2025-03-26T13:47:57.385+0000] {docker.py:69} INFO -     string(8) "php-app2"
[2025-03-26T13:47:57.386+0000] {docker.py:69} INFO -     ["timestamp"]=>
[2025-03-26T13:47:57.386+0000] {docker.py:69} INFO -     int(1742996779)
[2025-03-26T13:47:57.387+0000] {docker.py:69} INFO -   }
[2025-03-26T13:47:57.387+0000] {docker.py:69} INFO -   [46]=>
[2025-03-26T13:47:57.387+0000] {docker.py:69} INFO -   object(stdClass)#48 (3) {
[2025-03-26T13:47:57.388+0000] {docker.py:69} INFO -     ["contador"]=>
[2025-03-26T13:47:57.388+0000] {docker.py:69} INFO -     int(1)
[2025-03-26T13:47:57.389+0000] {docker.py:69} INFO -     ["container"]=>
[2025-03-26T13:47:57.389+0000] {docker.py:69} INFO -     string(8) "php-app1"
[2025-03-26T13:47:57.390+0000] {docker.py:69} INFO -     ["timestamp"]=>
[2025-03-26T13:47:57.390+0000] {docker.py:69} INFO -     int(1742996781)
[2025-03-26T13:47:57.390+0000] {docker.py:69} INFO -   }
[2025-03-26T13:47:57.391+0000] {docker.py:69} INFO -   [47]=>
[2025-03-26T13:47:57.391+0000] {docker.py:69} INFO -   object(stdClass)#49 (3) {
[2025-03-26T13:47:57.392+0000] {docker.py:69} INFO -     ["contador"]=>
[2025-03-26T13:47:57.392+0000] {docker.py:69} INFO -     int(1)
[2025-03-26T13:47:57.393+0000] {docker.py:69} INFO -     ["container"]=>
[2025-03-26T13:47:57.393+0000] {docker.py:69} INFO -     string(8) "php-app1"
[2025-03-26T13:47:57.393+0000] {docker.py:69} INFO -     ["timestamp"]=>
[2025-03-26T13:47:57.394+0000] {docker.py:69} INFO -     int(1742996781)
[2025-03-26T13:47:57.394+0000] {docker.py:69} INFO -   }
[2025-03-26T13:47:57.395+0000] {docker.py:69} INFO -   [48]=>
[2025-03-26T13:47:57.395+0000] {docker.py:69} INFO -   object(stdClass)#50 (3) {
[2025-03-26T13:47:57.395+0000] {docker.py:69} INFO -     ["contador"]=>
[2025-03-26T13:47:57.396+0000] {docker.py:69} INFO -     int(1)
[2025-03-26T13:47:57.396+0000] {docker.py:69} INFO -     ["container"]=>
[2025-03-26T13:47:57.397+0000] {docker.py:69} INFO -     string(8) "php-app2"
[2025-03-26T13:47:57.397+0000] {docker.py:69} INFO -     ["timestamp"]=>
[2025-03-26T13:47:57.398+0000] {docker.py:69} INFO -     int(1742996781)
[2025-03-26T13:47:57.401+0000] {docker.py:69} INFO -   }
[2025-03-26T13:47:57.402+0000] {docker.py:69} INFO -   [49]=>
[2025-03-26T13:47:57.402+0000] {docker.py:69} INFO -   object(stdClass)#51 (3) {
[2025-03-26T13:47:57.403+0000] {docker.py:69} INFO -     ["contador"]=>
[2025-03-26T13:47:57.408+0000] {docker.py:69} INFO -     int(1)
[2025-03-26T13:47:57.409+0000] {docker.py:69} INFO -     ["container"]=>
[2025-03-26T13:47:57.409+0000] {docker.py:69} INFO -     string(8) "php-app1"
[2025-03-26T13:47:57.409+0000] {docker.py:69} INFO -     ["timestamp"]=>
[2025-03-26T13:47:57.410+0000] {docker.py:69} INFO -     int(1742996783)
[2025-03-26T13:47:57.417+0000] {docker.py:69} INFO -   }
[2025-03-26T13:47:57.420+0000] {docker.py:69} INFO -   [50]=>
[2025-03-26T13:47:57.420+0000] {docker.py:69} INFO -   object(stdClass)#52 (3) {
[2025-03-26T13:47:57.421+0000] {docker.py:69} INFO -     ["contador"]=>
[2025-03-26T13:47:57.424+0000] {docker.py:69} INFO -     int(1)
[2025-03-26T13:47:57.426+0000] {docker.py:69} INFO -     ["container"]=>
[2025-03-26T13:47:57.426+0000] {docker.py:69} INFO -     string(8) "php-app2"
[2025-03-26T13:47:57.428+0000] {docker.py:69} INFO -     ["timestamp"]=>
[2025-03-26T13:47:57.430+0000] {docker.py:69} INFO -     int(1742996783)
[2025-03-26T13:47:57.431+0000] {docker.py:69} INFO -   }
[2025-03-26T13:47:57.431+0000] {docker.py:69} INFO -   [51]=>
[2025-03-26T13:47:57.431+0000] {docker.py:69} INFO -   object(stdClass)#53 (3) {
[2025-03-26T13:47:57.432+0000] {docker.py:69} INFO -     ["contador"]=>
[2025-03-26T13:47:57.438+0000] {docker.py:69} INFO -     int(1)
[2025-03-26T13:47:57.438+0000] {docker.py:69} INFO -     ["container"]=>
[2025-03-26T13:47:57.439+0000] {docker.py:69} INFO -     string(8) "php-app1"
[2025-03-26T13:47:57.439+0000] {docker.py:69} INFO -     ["timestamp"]=>
[2025-03-26T13:47:57.439+0000] {docker.py:69} INFO -     int(1742996783)
[2025-03-26T13:47:57.440+0000] {docker.py:69} INFO -   }
[2025-03-26T13:47:57.445+0000] {docker.py:69} INFO -   [52]=>
[2025-03-26T13:47:57.446+0000] {docker.py:69} INFO -   object(stdClass)#54 (3) {
[2025-03-26T13:47:57.447+0000] {docker.py:69} INFO -     [
[2025-03-26T13:47:57.447+0000] {docker.py:69} INFO - "
[2025-03-26T13:47:57.448+0000] {docker.py:69} INFO - contador
[2025-03-26T13:47:57.448+0000] {docker.py:69} INFO - "
[2025-03-26T13:47:57.449+0000] {docker.py:69} INFO - ]=>
[2025-03-26T13:47:57.449+0000] {docker.py:69} INFO - 
[2025-03-26T13:47:57.450+0000] {docker.py:69} INFO - int(1)
[2025-03-26T13:47:57.451+0000] {docker.py:69} INFO -     [
[2025-03-26T13:47:57.451+0000] {docker.py:69} INFO - "
[2025-03-26T13:47:57.452+0000] {docker.py:69} INFO - container
[2025-03-26T13:47:57.452+0000] {docker.py:69} INFO - "
[2025-03-26T13:47:57.453+0000] {docker.py:69} INFO - ]=>
[2025-03-26T13:47:57.453+0000] {docker.py:69} INFO - 
[2025-03-26T13:47:57.454+0000] {docker.py:69} INFO - string(8) "
[2025-03-26T13:47:57.454+0000] {docker.py:69} INFO - php-app2
[2025-03-26T13:47:57.455+0000] {docker.py:69} INFO - "
[2025-03-26T13:47:57.455+0000] {docker.py:69} INFO -     [
[2025-03-26T13:47:57.456+0000] {docker.py:69} INFO - "
[2025-03-26T13:47:57.456+0000] {docker.py:69} INFO - timestamp"]=>
[2025-03-26T13:47:57.457+0000] {docker.py:69} INFO -     int(1742996785)
[2025-03-26T13:47:57.457+0000] {docker.py:69} INFO -   }
[2025-03-26T13:47:57.458+0000] {docker.py:69} INFO -   [53]=>
[2025-03-26T13:47:57.460+0000] {docker.py:69} INFO -   object(stdClass)#55 (3) {
[2025-03-26T13:47:57.461+0000] {docker.py:69} INFO -     ["contador"]=>
[2025-03-26T13:47:57.461+0000] {docker.py:69} INFO -     int(1)
[2025-03-26T13:47:57.462+0000] {docker.py:69} INFO -     ["container"]=>
[2025-03-26T13:47:57.462+0000] {docker.py:69} INFO -     string(8) "php-app2"
[2025-03-26T13:47:57.462+0000] {docker.py:69} INFO -     ["timestamp"]=>
[2025-03-26T13:47:57.463+0000] {docker.py:69} INFO -     int(1742996789)
[2025-03-26T13:47:57.463+0000] {docker.py:69} INFO -   }
[2025-03-26T13:47:57.464+0000] {docker.py:69} INFO -   [54]=>
[2025-03-26T13:47:57.464+0000] {docker.py:69} INFO -   object(stdClass)#56 (3) {
[2025-03-26T13:47:57.465+0000] {docker.py:69} INFO -     ["contador"]=>
[2025-03-26T13:47:57.465+0000] {docker.py:69} INFO -     int(1)
[2025-03-26T13:47:57.466+0000] {docker.py:69} INFO -     ["container"]=>
[2025-03-26T13:47:57.466+0000] {docker.py:69} INFO -     string(8) "php-app1"
[2025-03-26T13:47:57.467+0000] {docker.py:69} INFO -     ["timestamp"]=>
[2025-03-26T13:47:57.467+0000] {docker.py:69} INFO -     int(1742996790)
[2025-03-26T13:47:57.468+0000] {docker.py:69} INFO -   }
[2025-03-26T13:47:57.470+0000] {docker.py:69} INFO -   [55]=>
[2025-03-26T13:47:57.471+0000] {docker.py:69} INFO -   object(stdClass)#57 (3) {
[2025-03-26T13:47:57.471+0000] {docker.py:69} INFO -     ["contador"]=>
[2025-03-26T13:47:57.472+0000] {docker.py:69} INFO -     int(1)
[2025-03-26T13:47:57.472+0000] {docker.py:69} INFO -     ["container"]=>
[2025-03-26T13:47:57.473+0000] {docker.py:69} INFO -     string(8) "php-app1"
[2025-03-26T13:47:57.473+0000] {docker.py:69} INFO -     ["timestamp"]=>
[2025-03-26T13:47:57.474+0000] {docker.py:69} INFO -     int(1742996790)
[2025-03-26T13:47:57.474+0000] {docker.py:69} INFO -   }
[2025-03-26T13:47:57.474+0000] {docker.py:69} INFO -   [56]=>
[2025-03-26T13:47:57.475+0000] {docker.py:69} INFO -   object(stdClass)#58 (3) {
[2025-03-26T13:47:57.475+0000] {docker.py:69} INFO -     ["contador"]=>
[2025-03-26T13:47:57.476+0000] {docker.py:69} INFO -     int(1)
[2025-03-26T13:47:57.477+0000] {docker.py:69} INFO -     ["container"]=>
[2025-03-26T13:47:57.477+0000] {docker.py:69} INFO -     string(8) "php-app2"
[2025-03-26T13:47:57.478+0000] {docker.py:69} INFO -     ["timestamp"]=>
[2025-03-26T13:47:57.478+0000] {docker.py:69} INFO -     int(1742996790)
[2025-03-26T13:47:57.478+0000] {docker.py:69} INFO -   }
[2025-03-26T13:47:57.479+0000] {docker.py:69} INFO -   [57]=>
[2025-03-26T13:47:57.479+0000] {docker.py:69} INFO -   object(stdClass)#59 (3) {
[2025-03-26T13:47:57.479+0000] {docker.py:69} INFO -     ["contador"]=>
[2025-03-26T13:47:57.480+0000] {docker.py:69} INFO -     int(1)
[2025-03-26T13:47:57.480+0000] {docker.py:69} INFO -     ["container"]=>
[2025-03-26T13:47:57.481+0000] {docker.py:69} INFO -     string(8) "php-app2"
[2025-03-26T13:47:57.481+0000] {docker.py:69} INFO -     ["timestamp"]=>
[2025-03-26T13:47:57.481+0000] {docker.py:69} INFO -     int(1742996791)
[2025-03-26T13:47:57.482+0000] {docker.py:69} INFO -   }
[2025-03-26T13:47:57.482+0000] {docker.py:69} INFO -   [58]=>
[2025-03-26T13:47:57.483+0000] {docker.py:69} INFO -   object(stdClass)#60 (3) {
[2025-03-26T13:47:57.483+0000] {docker.py:69} INFO -     ["contador"]=>
[2025-03-26T13:47:57.483+0000] {docker.py:69} INFO -     int(1)
[2025-03-26T13:47:57.484+0000] {docker.py:69} INFO -     ["container"]=>
[2025-03-26T13:47:57.484+0000] {docker.py:69} INFO -     string(8) "php-app1"
[2025-03-26T13:47:57.485+0000] {docker.py:69} INFO -     ["timestamp"]=>
[2025-03-26T13:47:57.485+0000] {docker.py:69} INFO -     int(1742996792)
[2025-03-26T13:47:57.485+0000] {docker.py:69} INFO -   }
[2025-03-26T13:47:57.486+0000] {docker.py:69} INFO -   [59]=>
[2025-03-26T13:47:57.486+0000] {docker.py:69} INFO -   object(stdClass)#61 (3) {
[2025-03-26T13:47:57.487+0000] {docker.py:69} INFO -     ["contador"]=>
[2025-03-26T13:47:57.487+0000] {docker.py:69} INFO -     int(1)
[2025-03-26T13:47:57.487+0000] {docker.py:69} INFO -     ["container"]=>
[2025-03-26T13:47:57.488+0000] {docker.py:69} INFO -     string(8) "php-app1"
[2025-03-26T13:47:57.488+0000] {docker.py:69} INFO -     ["timestamp"]=>
[2025-03-26T13:47:57.489+0000] {docker.py:69} INFO -     int(1742996793)
[2025-03-26T13:47:57.489+0000] {docker.py:69} INFO -   }
[2025-03-26T13:47:57.489+0000] {docker.py:69} INFO -   [60]=>
[2025-03-26T13:47:57.490+0000] {docker.py:69} INFO -   object(stdClass)#62 (3) {
[2025-03-26T13:47:57.490+0000] {docker.py:69} INFO -     ["contador"]=>
[2025-03-26T13:47:57.491+0000] {docker.py:69} INFO -     int(1)
[2025-03-26T13:47:57.491+0000] {docker.py:69} INFO -     ["container"]=>
[2025-03-26T13:47:57.492+0000] {docker.py:69} INFO -     string(8) "php-app2"
[2025-03-26T13:47:57.492+0000] {docker.py:69} INFO -     ["timestamp"]=>
[2025-03-26T13:47:57.492+0000] {docker.py:69} INFO -     int(1742996794)
[2025-03-26T13:47:57.493+0000] {docker.py:69} INFO -   }
[2025-03-26T13:47:57.493+0000] {docker.py:69} INFO -   [61]=>
[2025-03-26T13:47:57.494+0000] {docker.py:69} INFO -   object(stdClass)#63 (3) {
[2025-03-26T13:47:57.494+0000] {docker.py:69} INFO -     ["contador"]=>
[2025-03-26T13:47:57.494+0000] {docker.py:69} INFO -     int(1)
[2025-03-26T13:47:57.495+0000] {docker.py:69} INFO -     ["container"]=>
[2025-03-26T13:47:57.495+0000] {docker.py:69} INFO -     string(8) "php-app1"
[2025-03-26T13:47:57.496+0000] {docker.py:69} INFO -     ["timestamp"]=>
[2025-03-26T13:47:57.496+0000] {docker.py:69} INFO -     int(1742996795)
[2025-03-26T13:47:57.496+0000] {docker.py:69} INFO -   }
[2025-03-26T13:47:57.497+0000] {docker.py:69} INFO -   [62]=>
[2025-03-26T13:47:57.497+0000] {docker.py:69} INFO -   object(stdClass)#64 (3) {
[2025-03-26T13:47:57.497+0000] {docker.py:69} INFO -     ["contador"]=>
[2025-03-26T13:47:57.498+0000] {docker.py:69} INFO -     int(1)
[2025-03-26T13:47:57.498+0000] {docker.py:69} INFO -     ["container"]=>
[2025-03-26T13:47:57.499+0000] {docker.py:69} INFO -     string(8) "php-app1"
[2025-03-26T13:47:57.499+0000] {docker.py:69} INFO -     ["timestamp"]=>
[2025-03-26T13:47:57.501+0000] {docker.py:69} INFO -     int(1742996797)
[2025-03-26T13:47:57.502+0000] {docker.py:69} INFO -   }
[2025-03-26T13:47:57.505+0000] {docker.py:69} INFO -   [63]=>
[2025-03-26T13:47:57.505+0000] {docker.py:69} INFO -   object(stdClass)#65 (3) {
[2025-03-26T13:47:57.506+0000] {docker.py:69} INFO -     ["contador"]=>
[2025-03-26T13:47:57.506+0000] {docker.py:69} INFO -     int(1)
[2025-03-26T13:47:57.507+0000] {docker.py:69} INFO -     ["container"]=>
[2025-03-26T13:47:57.507+0000] {docker.py:69} INFO -     string(8) "php-app2"
[2025-03-26T13:47:57.508+0000] {docker.py:69} INFO -     ["timestamp"]=>
[2025-03-26T13:47:57.508+0000] {docker.py:69} INFO -     int(1742996797)
[2025-03-26T13:47:57.509+0000] {docker.py:69} INFO -   }
[2025-03-26T13:47:57.509+0000] {docker.py:69} INFO -   [64]=>
[2025-03-26T13:47:57.509+0000] {docker.py:69} INFO -   object(stdClass)#66 (3) {
[2025-03-26T13:47:57.510+0000] {docker.py:69} INFO -     ["contador"]=>
[2025-03-26T13:47:57.510+0000] {docker.py:69} INFO -     int(1)
[2025-03-26T13:47:57.511+0000] {docker.py:69} INFO -     ["container"]=>
[2025-03-26T13:47:57.511+0000] {docker.py:69} INFO -     string(8) "php-app2"
[2025-03-26T13:47:57.512+0000] {docker.py:69} INFO -     ["timestamp"]=>
[2025-03-26T13:47:57.512+0000] {docker.py:69} INFO -     int(1742996797)
[2025-03-26T13:47:57.512+0000] {docker.py:69} INFO -   }
[2025-03-26T13:47:57.513+0000] {docker.py:69} INFO -   [65]=>
[2025-03-26T13:47:57.513+0000] {docker.py:69} INFO -   object(stdClass)#67 (3) {
[2025-03-26T13:47:57.514+0000] {docker.py:69} INFO -     ["contador"]=>
[2025-03-26T13:47:57.514+0000] {docker.py:69} INFO -     int(1)
[2025-03-26T13:47:57.514+0000] {docker.py:69} INFO -     ["container"]=>
[2025-03-26T13:47:57.515+0000] {docker.py:69} INFO -     string(8) "php-app1"
[2025-03-26T13:47:57.515+0000] {docker.py:69} INFO -     ["timestamp"]=>
[2025-03-26T13:47:57.516+0000] {docker.py:69} INFO -     int(1742996804)
[2025-03-26T13:47:57.516+0000] {docker.py:69} INFO -   }
[2025-03-26T13:47:57.517+0000] {docker.py:69} INFO -   [66]=>
[2025-03-26T13:47:57.519+0000] {docker.py:69} INFO -   object(stdClass)#68 (3) {
[2025-03-26T13:47:57.520+0000] {docker.py:69} INFO -     ["contador"]=>
[2025-03-26T13:47:57.521+0000] {docker.py:69} INFO -     int(1)
[2025-03-26T13:47:57.522+0000] {docker.py:69} INFO -     ["container"]=>
[2025-03-26T13:47:57.522+0000] {docker.py:69} INFO -     string(8) "php-app2"
[2025-03-26T13:47:57.523+0000] {docker.py:69} INFO -     ["timestamp"]=>
[2025-03-26T13:47:57.523+0000] {docker.py:69} INFO -     int(1742996806)
[2025-03-26T13:47:57.524+0000] {docker.py:69} INFO -   }
[2025-03-26T13:47:57.524+0000] {docker.py:69} INFO -   [67]=>
[2025-03-26T13:47:57.524+0000] {docker.py:69} INFO -   object(stdClass)#69 (3) {
[2025-03-26T13:47:57.525+0000] {docker.py:69} INFO -     ["contador"]=>
[2025-03-26T13:47:57.525+0000] {docker.py:69} INFO -     int(1)
[2025-03-26T13:47:57.526+0000] {docker.py:69} INFO -     ["container"]=>
[2025-03-26T13:47:57.526+0000] {docker.py:69} INFO -     string(8) "php-app2"
[2025-03-26T13:47:57.527+0000] {docker.py:69} INFO -     ["timestamp"]=>
[2025-03-26T13:47:57.527+0000] {docker.py:69} INFO -     int(1742996807)
[2025-03-26T13:47:57.527+0000] {docker.py:69} INFO -   }
[2025-03-26T13:47:57.528+0000] {docker.py:69} INFO -   [68]=>
[2025-03-26T13:47:57.528+0000] {docker.py:69} INFO -   object(stdClass)#70 (3) {
[2025-03-26T13:47:57.529+0000] {docker.py:69} INFO -     ["contador"]=>
[2025-03-26T13:47:57.529+0000] {docker.py:69} INFO -     int(1)
[2025-03-26T13:47:57.529+0000] {docker.py:69} INFO -     ["container"]=>
[2025-03-26T13:47:57.530+0000] {docker.py:69} INFO -     string(8) "php-app1"
[2025-03-26T13:47:57.531+0000] {docker.py:69} INFO -     ["timestamp"]=>
[2025-03-26T13:47:57.534+0000] {docker.py:69} INFO -     int(1742996807)
[2025-03-26T13:47:57.540+0000] {docker.py:69} INFO -   }
[2025-03-26T13:47:57.541+0000] {docker.py:69} INFO -   [69]=>
[2025-03-26T13:47:57.541+0000] {docker.py:69} INFO -   object(stdClass)#71 (3) {
[2025-03-26T13:47:57.542+0000] {docker.py:69} INFO -     ["contador"]=>
[2025-03-26T13:47:57.543+0000] {docker.py:69} INFO -     int(1)
[2025-03-26T13:47:57.554+0000] {docker.py:69} INFO -     ["container"]=>
[2025-03-26T13:47:57.554+0000] {docker.py:69} INFO -     string(8) "php-app2"
[2025-03-26T13:47:57.555+0000] {docker.py:69} INFO -     ["timestamp"]=>
[2025-03-26T13:47:57.555+0000] {docker.py:69} INFO -     int(1742996809)
[2025-03-26T13:47:57.556+0000] {docker.py:69} INFO -   }
[2025-03-26T13:47:57.558+0000] {docker.py:69} INFO -   [70]=>
[2025-03-26T13:47:57.558+0000] {docker.py:69} INFO -   object(stdClass)#72 (3) {
[2025-03-26T13:47:57.559+0000] {docker.py:69} INFO -     ["contador"]=>
[2025-03-26T13:47:57.559+0000] {docker.py:69} INFO -     int(1)
[2025-03-26T13:47:57.559+0000] {docker.py:69} INFO -     ["container"]=>
[2025-03-26T13:47:57.560+0000] {docker.py:69} INFO -     string(8) "php-app1"
[2025-03-26T13:47:57.561+0000] {docker.py:69} INFO -     ["timestamp"]=>
[2025-03-26T13:47:57.561+0000] {docker.py:69} INFO -     int(1742996810)
[2025-03-26T13:47:57.561+0000] {docker.py:69} INFO -   }
[2025-03-26T13:47:57.562+0000] {docker.py:69} INFO -   [71]=>
[2025-03-26T13:47:57.562+0000] {docker.py:69} INFO -   object(stdClass)#73 (3) {
[2025-03-26T13:47:57.563+0000] {docker.py:69} INFO -     ["contador"]=>
[2025-03-26T13:47:57.563+0000] {docker.py:69} INFO -     int(1)
[2025-03-26T13:47:57.563+0000] {docker.py:69} INFO -     ["container"]=>
[2025-03-26T13:47:57.564+0000] {docker.py:69} INFO -     string(8) "php-app1"
[2025-03-26T13:47:57.564+0000] {docker.py:69} INFO -     ["timestamp"]=>
[2025-03-26T13:47:57.564+0000] {docker.py:69} INFO -     int(1742996812)
[2025-03-26T13:47:57.565+0000] {docker.py:69} INFO -   }
[2025-03-26T13:47:57.565+0000] {docker.py:69} INFO -   [72]=>
[2025-03-26T13:47:57.566+0000] {docker.py:69} INFO -   object(stdClass)#74 (3) {
[2025-03-26T13:47:57.566+0000] {docker.py:69} INFO -     ["contador"]=>
[2025-03-26T13:47:57.566+0000] {docker.py:69} INFO -     int(1)
[2025-03-26T13:47:57.567+0000] {docker.py:69} INFO -     ["container"]=>
[2025-03-26T13:47:57.567+0000] {docker.py:69} INFO -     string(8) "php-app2"
[2025-03-26T13:47:57.568+0000] {docker.py:69} INFO -     ["timestamp"]=>
[2025-03-26T13:47:57.568+0000] {docker.py:69} INFO -     int(1742996813)
[2025-03-26T13:47:57.568+0000] {docker.py:69} INFO -   }
[2025-03-26T13:47:57.569+0000] {docker.py:69} INFO -   [73]=>
[2025-03-26T13:47:57.569+0000] {docker.py:69} INFO -   object(stdClass)#75 (3) {
[2025-03-26T13:47:57.570+0000] {docker.py:69} INFO -     ["contador"]=>
[2025-03-26T13:47:57.570+0000] {docker.py:69} INFO -     int(1)
[2025-03-26T13:47:57.570+0000] {docker.py:69} INFO -     ["container"]=>
[2025-03-26T13:47:57.571+0000] {docker.py:69} INFO -     string(8) "php-app1"
[2025-03-26T13:47:57.571+0000] {docker.py:69} INFO -     ["timestamp"]=>
[2025-03-26T13:47:57.571+0000] {docker.py:69} INFO -     int(1742996813)
[2025-03-26T13:47:57.572+0000] {docker.py:69} INFO -   }
[2025-03-26T13:47:57.572+0000] {docker.py:69} INFO -   [74]=>
[2025-03-26T13:47:57.573+0000] {docker.py:69} INFO -   object(stdClass)#76 (3) {
[2025-03-26T13:47:57.573+0000] {docker.py:69} INFO -     ["contador"]=>
[2025-03-26T13:47:57.573+0000] {docker.py:69} INFO -     int(1)
[2025-03-26T13:47:57.574+0000] {docker.py:69} INFO -     ["container"]=>
[2025-03-26T13:47:57.574+0000] {docker.py:69} INFO -     string(8) "php-app2"
[2025-03-26T13:47:57.575+0000] {docker.py:69} INFO -     ["timestamp"]=>
[2025-03-26T13:47:57.575+0000] {docker.py:69} INFO -     int(1742996815)
[2025-03-26T13:47:57.575+0000] {docker.py:69} INFO -   }
[2025-03-26T13:47:57.576+0000] {docker.py:69} INFO -   [75]=>
[2025-03-26T13:47:57.576+0000] {docker.py:69} INFO -   object(stdClass)#77 (3) {
[2025-03-26T13:47:57.576+0000] {docker.py:69} INFO -     ["contador"]=>
[2025-03-26T13:47:57.577+0000] {docker.py:69} INFO -     int(1)
[2025-03-26T13:47:57.577+0000] {docker.py:69} INFO -     ["container"]=>
[2025-03-26T13:47:57.578+0000] {docker.py:69} INFO -     string(8) "php-app1"
[2025-03-26T13:47:57.578+0000] {docker.py:69} INFO -     ["timestamp"]=>
[2025-03-26T13:47:57.578+0000] {docker.py:69} INFO -     int(1742996816)
[2025-03-26T13:47:57.579+0000] {docker.py:69} INFO -   }
[2025-03-26T13:47:57.579+0000] {docker.py:69} INFO -   [76]=>
[2025-03-26T13:47:57.580+0000] {docker.py:69} INFO - 
[2025-03-26T13:47:57.580+0000] {docker.py:69} INFO - object(stdClass)#78 (3) {
[2025-03-26T13:47:57.581+0000] {docker.py:69} INFO -     [
[2025-03-26T13:47:57.581+0000] {docker.py:69} INFO - "
[2025-03-26T13:47:57.582+0000] {docker.py:69} INFO - contador
[2025-03-26T13:47:57.582+0000] {docker.py:69} INFO - "
[2025-03-26T13:47:57.583+0000] {docker.py:69} INFO - ]=>
[2025-03-26T13:47:57.583+0000] {docker.py:69} INFO - 
[2025-03-26T13:47:57.584+0000] {docker.py:69} INFO - int(1)
[2025-03-26T13:47:57.584+0000] {docker.py:69} INFO -     [
[2025-03-26T13:47:57.585+0000] {docker.py:69} INFO - "
[2025-03-26T13:47:57.585+0000] {docker.py:69} INFO - container
[2025-03-26T13:47:57.586+0000] {docker.py:69} INFO - "
[2025-03-26T13:47:57.586+0000] {docker.py:69} INFO - ]=>
[2025-03-26T13:47:57.587+0000] {docker.py:69} INFO - 
[2025-03-26T13:47:57.587+0000] {docker.py:69} INFO - string(8) "
[2025-03-26T13:47:57.588+0000] {docker.py:69} INFO - php-app2
[2025-03-26T13:47:57.588+0000] {docker.py:69} INFO - "
[2025-03-26T13:47:57.589+0000] {docker.py:69} INFO -     [
[2025-03-26T13:47:57.589+0000] {docker.py:69} INFO - "
[2025-03-26T13:47:57.590+0000] {docker.py:69} INFO - timestamp
[2025-03-26T13:47:57.590+0000] {docker.py:69} INFO - "
[2025-03-26T13:47:57.591+0000] {docker.py:69} INFO - ]=>
[2025-03-26T13:47:57.593+0000] {docker.py:69} INFO - 
[2025-03-26T13:47:57.594+0000] {docker.py:69} INFO - int(1742996816)
[2025-03-26T13:47:57.594+0000] {docker.py:69} INFO - 
[2025-03-26T13:47:57.595+0000] {docker.py:69} INFO - }
[2025-03-26T13:47:57.596+0000] {docker.py:69} INFO -   [77]=>
[2025-03-26T13:47:57.596+0000] {docker.py:69} INFO - 
[2025-03-26T13:47:57.597+0000] {docker.py:69} INFO - object(stdClass)#79 (3) {
[2025-03-26T13:47:57.598+0000] {docker.py:69} INFO -     [
[2025-03-26T13:47:57.599+0000] {docker.py:69} INFO - "
[2025-03-26T13:47:57.600+0000] {docker.py:69} INFO - contador
[2025-03-26T13:47:57.601+0000] {docker.py:69} INFO - "
[2025-03-26T13:47:57.601+0000] {docker.py:69} INFO - ]=>
[2025-03-26T13:47:57.603+0000] {docker.py:69} INFO - 
[2025-03-26T13:47:57.604+0000] {docker.py:69} INFO - int(1)
[2025-03-26T13:47:57.605+0000] {docker.py:69} INFO -     [
[2025-03-26T13:47:57.605+0000] {docker.py:69} INFO - "
[2025-03-26T13:47:57.606+0000] {docker.py:69} INFO - container
[2025-03-26T13:47:57.608+0000] {docker.py:69} INFO - "
[2025-03-26T13:47:57.609+0000] {docker.py:69} INFO - ]=>
[2025-03-26T13:47:57.610+0000] {docker.py:69} INFO - 
[2025-03-26T13:47:57.610+0000] {docker.py:69} INFO - string(8) "
[2025-03-26T13:47:57.611+0000] {docker.py:69} INFO - php-app1
[2025-03-26T13:47:57.612+0000] {docker.py:69} INFO - "
[2025-03-26T13:47:57.613+0000] {docker.py:69} INFO -     [
[2025-03-26T13:47:57.613+0000] {docker.py:69} INFO - "
[2025-03-26T13:47:57.614+0000] {docker.py:69} INFO - timestamp
[2025-03-26T13:47:57.614+0000] {docker.py:69} INFO - "
[2025-03-26T13:47:57.615+0000] {docker.py:69} INFO - ]=>
[2025-03-26T13:47:57.616+0000] {docker.py:69} INFO - 
[2025-03-26T13:47:57.616+0000] {docker.py:69} INFO - int(1742996816)
[2025-03-26T13:47:57.617+0000] {docker.py:69} INFO - 
[2025-03-26T13:47:57.617+0000] {docker.py:69} INFO - }
[2025-03-26T13:47:57.618+0000] {docker.py:69} INFO -   [78]=>
[2025-03-26T13:47:57.619+0000] {docker.py:69} INFO - 
[2025-03-26T13:47:57.620+0000] {docker.py:69} INFO - object(stdClass)#80 (3) {
[2025-03-26T13:47:57.621+0000] {docker.py:69} INFO -     [
[2025-03-26T13:47:57.621+0000] {docker.py:69} INFO - "
[2025-03-26T13:47:57.622+0000] {docker.py:69} INFO - contador
[2025-03-26T13:47:57.623+0000] {docker.py:69} INFO - "
[2025-03-26T13:47:57.623+0000] {docker.py:69} INFO - ]=>
[2025-03-26T13:47:57.624+0000] {docker.py:69} INFO - 
[2025-03-26T13:47:57.624+0000] {docker.py:69} INFO - int(1)
[2025-03-26T13:47:57.625+0000] {docker.py:69} INFO -     [
[2025-03-26T13:47:57.627+0000] {docker.py:69} INFO - "
[2025-03-26T13:47:57.628+0000] {docker.py:69} INFO - container
[2025-03-26T13:47:57.629+0000] {docker.py:69} INFO - "
[2025-03-26T13:47:57.629+0000] {docker.py:69} INFO - ]=>
[2025-03-26T13:47:57.630+0000] {docker.py:69} INFO - 
[2025-03-26T13:47:57.631+0000] {docker.py:69} INFO - string(8) "
[2025-03-26T13:47:57.632+0000] {docker.py:69} INFO - php-app1
[2025-03-26T13:47:57.632+0000] {docker.py:69} INFO - "
[2025-03-26T13:47:57.633+0000] {docker.py:69} INFO -     [
[2025-03-26T13:47:57.633+0000] {docker.py:69} INFO - "
[2025-03-26T13:47:57.634+0000] {docker.py:69} INFO - timestamp
[2025-03-26T13:47:57.635+0000] {docker.py:69} INFO - "
[2025-03-26T13:47:57.636+0000] {docker.py:69} INFO - ]=>
[2025-03-26T13:47:57.637+0000] {docker.py:69} INFO - 
[2025-03-26T13:47:57.637+0000] {docker.py:69} INFO - int(1742996817)
[2025-03-26T13:47:57.638+0000] {docker.py:69} INFO - 
[2025-03-26T13:47:57.639+0000] {docker.py:69} INFO - }
[2025-03-26T13:47:57.640+0000] {docker.py:69} INFO -   [79]=>
[2025-03-26T13:47:57.641+0000] {docker.py:69} INFO - 
[2025-03-26T13:47:57.641+0000] {docker.py:69} INFO - object(stdClass)#81 (3) {
[2025-03-26T13:47:57.642+0000] {docker.py:69} INFO -     [
[2025-03-26T13:47:57.643+0000] {docker.py:69} INFO - "
[2025-03-26T13:47:57.643+0000] {docker.py:69} INFO - contador
[2025-03-26T13:47:57.644+0000] {docker.py:69} INFO - "
[2025-03-26T13:47:57.645+0000] {docker.py:69} INFO - ]=>
[2025-03-26T13:47:57.646+0000] {docker.py:69} INFO - 
[2025-03-26T13:47:57.646+0000] {docker.py:69} INFO - int(1)
[2025-03-26T13:47:57.647+0000] {docker.py:69} INFO -     [
[2025-03-26T13:47:57.647+0000] {docker.py:69} INFO - "
[2025-03-26T13:47:57.648+0000] {docker.py:69} INFO - container
[2025-03-26T13:47:57.649+0000] {docker.py:69} INFO - "
[2025-03-26T13:47:57.649+0000] {docker.py:69} INFO - ]=>
[2025-03-26T13:47:57.650+0000] {docker.py:69} INFO - 
[2025-03-26T13:47:57.651+0000] {docker.py:69} INFO - string(8) "
[2025-03-26T13:47:57.651+0000] {docker.py:69} INFO - php-app2
[2025-03-26T13:47:57.652+0000] {docker.py:69} INFO - "
[2025-03-26T13:47:57.653+0000] {docker.py:69} INFO -     [
[2025-03-26T13:47:57.653+0000] {docker.py:69} INFO - "
[2025-03-26T13:47:57.654+0000] {docker.py:69} INFO - timestamp
[2025-03-26T13:47:57.655+0000] {docker.py:69} INFO - "
[2025-03-26T13:47:57.656+0000] {docker.py:69} INFO - ]=>
[2025-03-26T13:47:57.656+0000] {docker.py:69} INFO - 
[2025-03-26T13:47:57.657+0000] {docker.py:69} INFO - int(1742996817)
[2025-03-26T13:47:57.658+0000] {docker.py:69} INFO - 
[2025-03-26T13:47:57.658+0000] {docker.py:69} INFO - }
[2025-03-26T13:47:57.659+0000] {docker.py:69} INFO -   [80]=>
[2025-03-26T13:47:57.659+0000] {docker.py:69} INFO - 
[2025-03-26T13:47:57.660+0000] {docker.py:69} INFO - object(stdClass)#82 (3) {
[2025-03-26T13:47:57.660+0000] {docker.py:69} INFO -     [
[2025-03-26T13:47:57.660+0000] {docker.py:69} INFO - "
[2025-03-26T13:47:57.661+0000] {docker.py:69} INFO - contador
[2025-03-26T13:47:57.662+0000] {docker.py:69} INFO - "
[2025-03-26T13:47:57.663+0000] {docker.py:69} INFO - ]=>
[2025-03-26T13:47:57.663+0000] {docker.py:69} INFO - 
[2025-03-26T13:47:57.664+0000] {docker.py:69} INFO - int(1)
[2025-03-26T13:47:57.664+0000] {docker.py:69} INFO -     [
[2025-03-26T13:47:57.665+0000] {docker.py:69} INFO - "
[2025-03-26T13:47:57.665+0000] {docker.py:69} INFO - container
[2025-03-26T13:47:57.666+0000] {docker.py:69} INFO - "
[2025-03-26T13:47:57.666+0000] {docker.py:69} INFO - ]=>
[2025-03-26T13:47:57.666+0000] {docker.py:69} INFO - 
[2025-03-26T13:47:57.667+0000] {docker.py:69} INFO - string(8) "
[2025-03-26T13:47:57.667+0000] {docker.py:69} INFO - php-app2
[2025-03-26T13:47:57.668+0000] {docker.py:69} INFO - "
[2025-03-26T13:47:57.669+0000] {docker.py:69} INFO -     [
[2025-03-26T13:47:57.669+0000] {docker.py:69} INFO - "
[2025-03-26T13:47:57.670+0000] {docker.py:69} INFO - timestamp
[2025-03-26T13:47:57.670+0000] {docker.py:69} INFO - "
[2025-03-26T13:47:57.671+0000] {docker.py:69} INFO - ]=>
[2025-03-26T13:47:57.672+0000] {docker.py:69} INFO - 
[2025-03-26T13:47:57.673+0000] {docker.py:69} INFO - int(1742996818)
[2025-03-26T13:47:57.674+0000] {docker.py:69} INFO - 
[2025-03-26T13:47:57.674+0000] {docker.py:69} INFO - }
[2025-03-26T13:47:57.675+0000] {docker.py:69} INFO -   [81]=>
[2025-03-26T13:47:57.675+0000] {docker.py:69} INFO - 
[2025-03-26T13:47:57.676+0000] {docker.py:69} INFO - object(stdClass)#83 (3) {
[2025-03-26T13:47:57.677+0000] {docker.py:69} INFO -     [
[2025-03-26T13:47:57.677+0000] {docker.py:69} INFO - "
[2025-03-26T13:47:57.678+0000] {docker.py:69} INFO - contador
[2025-03-26T13:47:57.678+0000] {docker.py:69} INFO - "
[2025-03-26T13:47:57.679+0000] {docker.py:69} INFO - ]=>
[2025-03-26T13:47:57.679+0000] {docker.py:69} INFO - 
[2025-03-26T13:47:57.680+0000] {docker.py:69} INFO - int(1)
[2025-03-26T13:47:57.680+0000] {docker.py:69} INFO -     [
[2025-03-26T13:47:57.681+0000] {docker.py:69} INFO - "container"]=>
[2025-03-26T13:47:57.682+0000] {docker.py:69} INFO -     string(8) "php-app1"
[2025-03-26T13:47:57.683+0000] {docker.py:69} INFO -     ["timestamp"]=>
[2025-03-26T13:47:57.683+0000] {docker.py:69} INFO -     int(1742996821)
[2025-03-26T13:47:57.684+0000] {docker.py:69} INFO - }
[2025-03-26T13:47:57.684+0000] {docker.py:69} INFO -   [82]=>
[2025-03-26T13:47:57.684+0000] {docker.py:69} INFO -   object(stdClass)#84 (3) {
[2025-03-26T13:47:57.685+0000] {docker.py:69} INFO -     ["contador"]=>
[2025-03-26T13:47:57.686+0000] {docker.py:69} INFO -     int(1)
[2025-03-26T13:47:57.686+0000] {docker.py:69} INFO -     ["container"]=>
[2025-03-26T13:47:57.687+0000] {docker.py:69} INFO -     string(8) "php-app1"
[2025-03-26T13:47:57.687+0000] {docker.py:69} INFO -     ["timestamp"]=>
[2025-03-26T13:47:57.703+0000] {docker.py:69} INFO -     int(1742996824)
[2025-03-26T13:47:57.704+0000] {docker.py:69} INFO -   }
[2025-03-26T13:47:57.704+0000] {docker.py:69} INFO -   [83]=>
[2025-03-26T13:47:57.705+0000] {docker.py:69} INFO -   object(stdClass)#85 (3) {
[2025-03-26T13:47:57.705+0000] {docker.py:69} INFO -     ["contador"]=>
[2025-03-26T13:47:57.706+0000] {docker.py:69} INFO -     int(1)
[2025-03-26T13:47:57.707+0000] {docker.py:69} INFO -     ["container"]=>
[2025-03-26T13:47:57.708+0000] {docker.py:69} INFO -     string(8) "php-app2"
[2025-03-26T13:47:57.708+0000] {docker.py:69} INFO -     ["timestamp"]=>
[2025-03-26T13:47:57.709+0000] {docker.py:69} INFO -     int(1742996825)
[2025-03-26T13:47:57.709+0000] {docker.py:69} INFO -   }
[2025-03-26T13:47:57.710+0000] {docker.py:69} INFO -   [84]=>
[2025-03-26T13:47:57.710+0000] {docker.py:69} INFO -   object(stdClass)#86 (3) {
[2025-03-26T13:47:57.711+0000] {docker.py:69} INFO -     ["contador"]=>
[2025-03-26T13:47:57.712+0000] {docker.py:69} INFO -     int(1)
[2025-03-26T13:47:57.712+0000] {docker.py:69} INFO -     ["container"]=>
[2025-03-26T13:47:57.713+0000] {docker.py:69} INFO -     string(8) "php-app2"
[2025-03-26T13:47:57.713+0000] {docker.py:69} INFO -     ["timestamp"]=>
[2025-03-26T13:47:57.714+0000] {docker.py:69} INFO -     int(1742996826)
[2025-03-26T13:47:57.714+0000] {docker.py:69} INFO -   }
[2025-03-26T13:47:57.715+0000] {docker.py:69} INFO -   [85]=>
[2025-03-26T13:47:57.716+0000] {docker.py:69} INFO -   object(stdClass)#87 (3) {
[2025-03-26T13:47:57.716+0000] {docker.py:69} INFO -     ["contador"]=>
[2025-03-26T13:47:57.717+0000] {docker.py:69} INFO -     int(1)
[2025-03-26T13:47:57.717+0000] {docker.py:69} INFO -     ["container"]=>
[2025-03-26T13:47:57.718+0000] {docker.py:69} INFO -     string(8) "php-app2"
[2025-03-26T13:47:57.719+0000] {docker.py:69} INFO -     ["timestamp"]=>
[2025-03-26T13:47:57.720+0000] {docker.py:69} INFO -     int(1742996826)
[2025-03-26T13:47:57.721+0000] {docker.py:69} INFO -   }
[2025-03-26T13:47:57.721+0000] {docker.py:69} INFO -   [86]=>
[2025-03-26T13:47:57.721+0000] {docker.py:69} INFO -   object(stdClass)#88 (3) {
[2025-03-26T13:47:57.722+0000] {docker.py:69} INFO -     ["contador"]=>
[2025-03-26T13:47:57.723+0000] {docker.py:69} INFO -     int(1)
[2025-03-26T13:47:57.723+0000] {docker.py:69} INFO -     ["container"]=>
[2025-03-26T13:47:57.724+0000] {docker.py:69} INFO -     string(8) "php-app1"
[2025-03-26T13:47:57.725+0000] {docker.py:69} INFO -     ["timestamp"]=>
[2025-03-26T13:47:57.726+0000] {docker.py:69} INFO -     int(1742996827)
[2025-03-26T13:47:57.726+0000] {docker.py:69} INFO -   }
[2025-03-26T13:47:57.727+0000] {docker.py:69} INFO -   [87]=>
[2025-03-26T13:47:57.728+0000] {docker.py:69} INFO -   object(stdClass)#89 (3) {
[2025-03-26T13:47:57.728+0000] {docker.py:69} INFO -     ["contador"]=>
[2025-03-26T13:47:57.729+0000] {docker.py:69} INFO -     int(1)
[2025-03-26T13:47:57.729+0000] {docker.py:69} INFO -     ["container"]=>
[2025-03-26T13:47:57.731+0000] {docker.py:69} INFO -     string(8) "php-app2"
[2025-03-26T13:47:57.731+0000] {docker.py:69} INFO -     ["timestamp"]=>
[2025-03-26T13:47:57.732+0000] {docker.py:69} INFO -     int(1742996828)
[2025-03-26T13:47:57.736+0000] {docker.py:69} INFO -   }
[2025-03-26T13:47:57.737+0000] {docker.py:69} INFO -   [88]=>
[2025-03-26T13:47:57.737+0000] {docker.py:69} INFO -   object(stdClass)#90 (3) {
[2025-03-26T13:47:57.738+0000] {docker.py:69} INFO -     ["contador"]=>
[2025-03-26T13:47:57.738+0000] {docker.py:69} INFO -     int(1)
[2025-03-26T13:47:57.739+0000] {docker.py:69} INFO -     ["container"]=>
[2025-03-26T13:47:57.739+0000] {docker.py:69} INFO -     string(8) "php-app1"
[2025-03-26T13:47:57.744+0000] {docker.py:69} INFO -     ["timestamp"]=>
[2025-03-26T13:47:57.744+0000] {docker.py:69} INFO -     int(1742996828)
[2025-03-26T13:47:57.745+0000] {docker.py:69} INFO -   }
[2025-03-26T13:47:57.745+0000] {docker.py:69} INFO -   [89]=>
[2025-03-26T13:47:57.745+0000] {docker.py:69} INFO -   object(stdClass)#91 (3) {
[2025-03-26T13:47:57.746+0000] {docker.py:69} INFO -     ["contador"]=>
[2025-03-26T13:47:57.746+0000] {docker.py:69} INFO -     int(1)
[2025-03-26T13:47:57.746+0000] {docker.py:69} INFO -     ["container"]=>
[2025-03-26T13:47:57.747+0000] {docker.py:69} INFO -     string(8) "php-app2"
[2025-03-26T13:47:57.747+0000] {docker.py:69} INFO -     ["timestamp"]=>
[2025-03-26T13:47:57.749+0000] {docker.py:69} INFO -     int(1742996829)
[2025-03-26T13:47:57.749+0000] {docker.py:69} INFO -   }
[2025-03-26T13:47:57.756+0000] {docker.py:69} INFO -   [90]=>
[2025-03-26T13:47:57.757+0000] {docker.py:69} INFO -   object(stdClass)#92 (3) {
[2025-03-26T13:47:57.758+0000] {docker.py:69} INFO -     ["contador"]=>
[2025-03-26T13:47:57.758+0000] {docker.py:69} INFO -     int(1)
[2025-03-26T13:47:57.758+0000] {docker.py:69} INFO -     ["container"]=>
[2025-03-26T13:47:57.759+0000] {docker.py:69} INFO -     string(8) "php-app1"
[2025-03-26T13:47:57.759+0000] {docker.py:69} INFO -     ["timestamp"]=>
[2025-03-26T13:47:57.759+0000] {docker.py:69} INFO -     int(1742996829)
[2025-03-26T13:47:57.760+0000] {docker.py:69} INFO -   }
[2025-03-26T13:47:57.760+0000] {docker.py:69} INFO -   [91]=>
[2025-03-26T13:47:57.761+0000] {docker.py:69} INFO -   object(stdClass)#93 (3) {
[2025-03-26T13:47:57.761+0000] {docker.py:69} INFO -     ["contador"]=>
[2025-03-26T13:47:57.761+0000] {docker.py:69} INFO -     int(1)
[2025-03-26T13:47:57.762+0000] {docker.py:69} INFO -     ["container"]=>
[2025-03-26T13:47:57.762+0000] {docker.py:69} INFO -     string(8) "php-app2"
[2025-03-26T13:47:57.762+0000] {docker.py:69} INFO -     ["timestamp"]=>
[2025-03-26T13:47:57.763+0000] {docker.py:69} INFO -     int(1742996838)
[2025-03-26T13:47:57.763+0000] {docker.py:69} INFO -   }
[2025-03-26T13:47:57.763+0000] {docker.py:69} INFO -   [92]=>
[2025-03-26T13:47:57.764+0000] {docker.py:69} INFO -   object(stdClass)#94 (3) {
[2025-03-26T13:47:57.764+0000] {docker.py:69} INFO -     ["contador"]=>
[2025-03-26T13:47:57.764+0000] {docker.py:69} INFO -     int(1)
[2025-03-26T13:47:57.765+0000] {docker.py:69} INFO -     ["container"]=>
[2025-03-26T13:47:57.765+0000] {docker.py:69} INFO -     string(8) "php-app1"
[2025-03-26T13:47:57.765+0000] {docker.py:69} INFO -     ["timestamp"]=>
[2025-03-26T13:47:57.766+0000] {docker.py:69} INFO -     int(1742996841)
[2025-03-26T13:47:57.766+0000] {docker.py:69} INFO -   }
[2025-03-26T13:47:57.766+0000] {docker.py:69} INFO -   [93]=>
[2025-03-26T13:47:57.767+0000] {docker.py:69} INFO -   object(stdClass)#95 (3) {
[2025-03-26T13:47:57.767+0000] {docker.py:69} INFO -     ["contador"]=>
[2025-03-26T13:47:57.767+0000] {docker.py:69} INFO -     int(1)
[2025-03-26T13:47:57.768+0000] {docker.py:69} INFO -     ["container"]=>
[2025-03-26T13:47:57.768+0000] {docker.py:69} INFO -     string(8) "php-app2"
[2025-03-26T13:47:57.768+0000] {docker.py:69} INFO -     ["timestamp"]=>
[2025-03-26T13:47:57.769+0000] {docker.py:69} INFO -     int(1742996842)
[2025-03-26T13:47:57.769+0000] {docker.py:69} INFO -   }
[2025-03-26T13:47:57.770+0000] {docker.py:69} INFO -   [94]=>
[2025-03-26T13:47:57.770+0000] {docker.py:69} INFO -   object(stdClass)#96 (3) {
[2025-03-26T13:47:57.770+0000] {docker.py:69} INFO -     ["contador"]=>
[2025-03-26T13:47:57.770+0000] {docker.py:69} INFO -     int(1)
[2025-03-26T13:47:57.771+0000] {docker.py:69} INFO -     ["container"]=>
[2025-03-26T13:47:57.771+0000] {docker.py:69} INFO -     string(8) "php-app1"
[2025-03-26T13:47:57.771+0000] {docker.py:69} INFO -     ["timestamp"]=>
[2025-03-26T13:47:57.772+0000] {docker.py:69} INFO -     int(1742996843)
[2025-03-26T13:47:57.772+0000] {docker.py:69} INFO -   }
[2025-03-26T13:47:57.772+0000] {docker.py:69} INFO -   [95]=>
[2025-03-26T13:47:57.773+0000] {docker.py:69} INFO -   object(stdClass)#97 (3) {
[2025-03-26T13:47:57.773+0000] {docker.py:69} INFO -     ["contador"]=>
[2025-03-26T13:47:57.773+0000] {docker.py:69} INFO -     int(1)
[2025-03-26T13:47:57.774+0000] {docker.py:69} INFO -     ["container"]=>
[2025-03-26T13:47:57.774+0000] {docker.py:69} INFO -     string(8) "php-app2"
[2025-03-26T13:47:57.775+0000] {docker.py:69} INFO -     ["timestamp"]=>
[2025-03-26T13:47:57.775+0000] {docker.py:69} INFO -     int(1742996843)
[2025-03-26T13:47:57.775+0000] {docker.py:69} INFO -   }
[2025-03-26T13:47:57.776+0000] {docker.py:69} INFO -   [96]=>
[2025-03-26T13:47:57.776+0000] {docker.py:69} INFO -   object(stdClass)#98 (3) {
[2025-03-26T13:47:57.776+0000] {docker.py:69} INFO -     ["contador"]=>
[2025-03-26T13:47:57.779+0000] {docker.py:69} INFO -     int(1)
[2025-03-26T13:47:57.779+0000] {docker.py:69} INFO -     ["container"]=>
[2025-03-26T13:47:57.860+0000] {docker.py:69} INFO -     string(8) "php-app1"
[2025-03-26T13:47:57.860+0000] {docker.py:69} INFO -     ["timestamp"]=>
[2025-03-26T13:47:57.861+0000] {docker.py:69} INFO -     int(1742996844)
[2025-03-26T13:47:57.861+0000] {docker.py:69} INFO -   }
[2025-03-26T13:47:57.862+0000] {docker.py:69} INFO -   [97]=>
[2025-03-26T13:47:57.877+0000] {docker.py:69} INFO -   object(stdClass)#99 (3) {
[2025-03-26T13:47:57.877+0000] {docker.py:69} INFO -     ["contador"]=>
[2025-03-26T13:47:57.878+0000] {docker.py:69} INFO -     int(1)
[2025-03-26T13:47:57.904+0000] {docker.py:69} INFO -     ["container"]=>
[2025-03-26T13:47:57.904+0000] {docker.py:69} INFO -     string(8) "php-app1"
[2025-03-26T13:47:57.910+0000] {docker.py:69} INFO -     ["timestamp"]=>
[2025-03-26T13:47:57.910+0000] {docker.py:69} INFO -     int(1742996849)
[2025-03-26T13:47:57.911+0000] {docker.py:69} INFO -   }
[2025-03-26T13:47:57.940+0000] {docker.py:69} INFO -   [98]=>
[2025-03-26T13:47:57.941+0000] {docker.py:69} INFO -   object(stdClass)#100 (3) {
[2025-03-26T13:47:57.941+0000] {docker.py:69} INFO -     ["contador"]=>
[2025-03-26T13:47:57.941+0000] {docker.py:69} INFO -     int(1)
[2025-03-26T13:47:57.942+0000] {docker.py:69} INFO -     ["container"]=>
[2025-03-26T13:47:57.948+0000] {docker.py:69} INFO -     string(8) "php-app2"
[2025-03-26T13:47:57.949+0000] {docker.py:69} INFO -     ["timestamp"]=>
[2025-03-26T13:47:57.992+0000] {docker.py:69} INFO -     int(1742996849)
[2025-03-26T13:47:57.993+0000] {docker.py:69} INFO -   }
[2025-03-26T13:47:57.993+0000] {docker.py:69} INFO -   [99]=>
[2025-03-26T13:47:57.996+0000] {docker.py:69} INFO -   object(stdClass)#101 (3) {
[2025-03-26T13:47:57.996+0000] {docker.py:69} INFO -     ["contador"]=>
[2025-03-26T13:47:57.997+0000] {docker.py:69} INFO -     int(1)
[2025-03-26T13:47:58.014+0000] {docker.py:69} INFO -     ["container"]=>
[2025-03-26T13:47:58.015+0000] {docker.py:69} INFO -     string(8) "php-app2"
[2025-03-26T13:47:58.041+0000] {docker.py:69} INFO -     ["timestamp"]=>
[2025-03-26T13:47:58.041+0000] {docker.py:69} INFO -     int(1742996849)
[2025-03-26T13:47:58.042+0000] {docker.py:69} INFO -   }
[2025-03-26T13:47:58.080+0000] {docker.py:69} INFO -   [100]=>
[2025-03-26T13:47:58.081+0000] {docker.py:69} INFO -   object(stdClass)#102 (3) {
[2025-03-26T13:47:58.176+0000] {docker.py:69} INFO -     ["contador"]=>
[2025-03-26T13:47:58.177+0000] {docker.py:69} INFO -     int(1)
[2025-03-26T13:47:58.177+0000] {docker.py:69} INFO -     ["container"]=>
[2025-03-26T13:47:58.178+0000] {docker.py:69} INFO -     string(8) "php-app2"
[2025-03-26T13:47:58.178+0000] {docker.py:69} INFO -     ["timestamp"]=>
[2025-03-26T13:47:58.250+0000] {docker.py:69} INFO -     int(1742996850)
[2025-03-26T13:47:58.251+0000] {docker.py:69} INFO -   }
[2025-03-26T13:47:58.251+0000] {docker.py:69} INFO -   [101]=>
[2025-03-26T13:47:58.252+0000] {docker.py:69} INFO -   object(stdClass)#103 (3) {
[2025-03-26T13:47:58.252+0000] {docker.py:69} INFO -     ["contador"]=>
[2025-03-26T13:47:58.253+0000] {docker.py:69} INFO -     int(1)
[2025-03-26T13:47:58.264+0000] {docker.py:69} INFO -     ["container"]=>
[2025-03-26T13:47:58.264+0000] {docker.py:69} INFO -     string(8) "php-app1"
[2025-03-26T13:47:58.265+0000] {docker.py:69} INFO -     ["timestamp"]=>
[2025-03-26T13:47:58.265+0000] {docker.py:69} INFO -     int(1742996850)
[2025-03-26T13:47:58.266+0000] {docker.py:69} INFO -   }
[2025-03-26T13:47:58.375+0000] {docker.py:69} INFO -   [102]=>
[2025-03-26T13:47:58.377+0000] {docker.py:69} INFO -   object(stdClass)#104 (3) {
[2025-03-26T13:47:58.377+0000] {docker.py:69} INFO -     ["contador"]=>
[2025-03-26T13:47:58.378+0000] {docker.py:69} INFO -     int(1)
[2025-03-26T13:47:58.444+0000] {docker.py:69} INFO -     ["container"]=>
[2025-03-26T13:47:58.459+0000] {docker.py:69} INFO -     string(8) "php-app1"
[2025-03-26T13:47:58.460+0000] {docker.py:69} INFO -     ["timestamp"]=>
[2025-03-26T13:47:58.466+0000] {docker.py:69} INFO -     int(1742996851)
[2025-03-26T13:47:58.466+0000] {docker.py:69} INFO -   }
[2025-03-26T13:47:58.467+0000] {docker.py:69} INFO -   [103]=>
[2025-03-26T13:47:58.478+0000] {docker.py:69} INFO -   object(stdClass)#105 (3) {
[2025-03-26T13:47:58.479+0000] {docker.py:69} INFO -     ["contador"]=>
[2025-03-26T13:47:58.479+0000] {docker.py:69} INFO -     int(1)
[2025-03-26T13:47:58.480+0000] {docker.py:69} INFO -     ["container"]=>
[2025-03-26T13:47:58.482+0000] {docker.py:69} INFO -     string(8) "php-app2"
[2025-03-26T13:47:58.482+0000] {docker.py:69} INFO -     ["timestamp"]=>
[2025-03-26T13:47:58.524+0000] {docker.py:69} INFO -     int(1742996854)
[2025-03-26T13:47:58.527+0000] {docker.py:69} INFO -   }
[2025-03-26T13:47:58.527+0000] {docker.py:69} INFO -   [104]=>
[2025-03-26T13:47:58.527+0000] {docker.py:69} INFO -   object(stdClass)#106 (3) {
[2025-03-26T13:47:58.528+0000] {docker.py:69} INFO -     ["contador"]=>
[2025-03-26T13:47:58.528+0000] {docker.py:69} INFO -     int(1)
[2025-03-26T13:47:58.549+0000] {docker.py:69} INFO -     ["container"]=>
[2025-03-26T13:47:58.550+0000] {docker.py:69} INFO -     string(8) "php-app2"
[2025-03-26T13:47:58.615+0000] {docker.py:69} INFO -     ["timestamp"]=>
[2025-03-26T13:47:58.616+0000] {docker.py:69} INFO -     int(1742996855)
[2025-03-26T13:47:58.702+0000] {docker.py:69} INFO -   }
[2025-03-26T13:47:58.720+0000] {docker.py:69} INFO -   [105]=>
[2025-03-26T13:47:58.721+0000] {docker.py:69} INFO -   object(stdClass)#107 (3) {
[2025-03-26T13:47:58.818+0000] {docker.py:69} INFO -     ["contador"]=>
[2025-03-26T13:47:58.819+0000] {docker.py:69} INFO -     int(1)
[2025-03-26T13:47:58.819+0000] {docker.py:69} INFO -     ["container"]=>
[2025-03-26T13:47:58.819+0000] {docker.py:69} INFO -     string(8) "php-app1"
[2025-03-26T13:47:58.820+0000] {docker.py:69} INFO -     ["timestamp"]=>
[2025-03-26T13:47:58.820+0000] {docker.py:69} INFO -     int(1742996856)
[2025-03-26T13:47:58.821+0000] {docker.py:69} INFO -   }
[2025-03-26T13:47:58.834+0000] {docker.py:69} INFO -   [106]=>
[2025-03-26T13:47:58.834+0000] {docker.py:69} INFO -   object(stdClass)#108 (3) {
[2025-03-26T13:47:58.835+0000] {docker.py:69} INFO -     ["contador"]=>
[2025-03-26T13:47:58.835+0000] {docker.py:69} INFO -     int(1)
[2025-03-26T13:47:58.836+0000] {docker.py:69} INFO -     ["container"]=>
[2025-03-26T13:47:58.836+0000] {docker.py:69} INFO -     string(8) "php-app1"
[2025-03-26T13:47:58.836+0000] {docker.py:69} INFO -     ["timestamp"]=>
[2025-03-26T13:47:58.837+0000] {docker.py:69} INFO -     int(1742996856)
[2025-03-26T13:47:58.924+0000] {docker.py:69} INFO -   }
[2025-03-26T13:47:58.925+0000] {docker.py:69} INFO -   [107]=>
[2025-03-26T13:47:59.015+0000] {docker.py:69} INFO -   object(stdClass)#109 (3) {
[2025-03-26T13:47:59.016+0000] {docker.py:69} INFO -     ["contador"]=>
[2025-03-26T13:47:59.112+0000] {docker.py:69} INFO -     int(1)
[2025-03-26T13:47:59.179+0000] {docker.py:69} INFO -     ["container"]=>
[2025-03-26T13:47:59.180+0000] {docker.py:69} INFO -     string(8) "php-app2"
[2025-03-26T13:47:59.180+0000] {docker.py:69} INFO -     ["timestamp"]=>
[2025-03-26T13:47:59.180+0000] {docker.py:69} INFO -     int(1742996859)
[2025-03-26T13:47:59.181+0000] {docker.py:69} INFO -   }
[2025-03-26T13:47:59.181+0000] {docker.py:69} INFO -   [108]=>
[2025-03-26T13:47:59.181+0000] {docker.py:69} INFO -   object(stdClass)#110 (3) {
[2025-03-26T13:47:59.182+0000] {docker.py:69} INFO -     ["contador"]=>
[2025-03-26T13:47:59.182+0000] {docker.py:69} INFO -     int(1)
[2025-03-26T13:47:59.182+0000] {docker.py:69} INFO -     ["container"]=>
[2025-03-26T13:47:59.183+0000] {docker.py:69} INFO -     string(8) "php-app2"
[2025-03-26T13:47:59.183+0000] {docker.py:69} INFO -     ["timestamp"]=>
[2025-03-26T13:47:59.183+0000] {docker.py:69} INFO -     int(1742996860)
[2025-03-26T13:47:59.184+0000] {docker.py:69} INFO -   }
[2025-03-26T13:47:59.184+0000] {docker.py:69} INFO -   [109]=>
[2025-03-26T13:47:59.185+0000] {docker.py:69} INFO -   object(stdClass)#111 (3) {
[2025-03-26T13:47:59.185+0000] {docker.py:69} INFO -     ["contador"]=>
[2025-03-26T13:47:59.185+0000] {docker.py:69} INFO -     int(1)
[2025-03-26T13:47:59.186+0000] {docker.py:69} INFO -     ["container"]=>
[2025-03-26T13:47:59.186+0000] {docker.py:69} INFO -     string(8) "php-app2"
[2025-03-26T13:47:59.186+0000] {docker.py:69} INFO -     ["timestamp"]=>
[2025-03-26T13:47:59.187+0000] {docker.py:69} INFO -     int(1742996861)
[2025-03-26T13:47:59.187+0000] {docker.py:69} INFO -   }
[2025-03-26T13:47:59.187+0000] {docker.py:69} INFO -   [110]=>
[2025-03-26T13:47:59.187+0000] {docker.py:69} INFO -   object(stdClass)#112 (3) {
[2025-03-26T13:47:59.188+0000] {docker.py:69} INFO -     ["contador"]=>
[2025-03-26T13:47:59.188+0000] {docker.py:69} INFO -     int(1)
[2025-03-26T13:47:59.189+0000] {docker.py:69} INFO -     ["container"]=>
[2025-03-26T13:47:59.189+0000] {docker.py:69} INFO -     string(8) "php-app1"
[2025-03-26T13:47:59.189+0000] {docker.py:69} INFO -     ["timestamp"]=>
[2025-03-26T13:47:59.190+0000] {docker.py:69} INFO -     int(1742996861)
[2025-03-26T13:47:59.190+0000] {docker.py:69} INFO -   }
[2025-03-26T13:47:59.190+0000] {docker.py:69} INFO -   [111]=>
[2025-03-26T13:47:59.191+0000] {docker.py:69} INFO -   object(stdClass)#113 (3) {
[2025-03-26T13:47:59.191+0000] {docker.py:69} INFO -     ["contador"]=>
[2025-03-26T13:47:59.191+0000] {docker.py:69} INFO -     int(1)
[2025-03-26T13:47:59.192+0000] {docker.py:69} INFO -     ["container"]=>
[2025-03-26T13:47:59.192+0000] {docker.py:69} INFO -     string(8) "php-app1"
[2025-03-26T13:47:59.192+0000] {docker.py:69} INFO -     ["timestamp"]=>
[2025-03-26T13:47:59.193+0000] {docker.py:69} INFO -     int(1742996862)
[2025-03-26T13:47:59.193+0000] {docker.py:69} INFO -   }
[2025-03-26T13:47:59.193+0000] {docker.py:69} INFO -   [112]=>
[2025-03-26T13:47:59.194+0000] {docker.py:69} INFO -   object(stdClass)#114 (3) {
[2025-03-26T13:47:59.194+0000] {docker.py:69} INFO -     ["contador"]=>
[2025-03-26T13:47:59.195+0000] {docker.py:69} INFO -     int(1)
[2025-03-26T13:47:59.195+0000] {docker.py:69} INFO -     ["container"]=>
[2025-03-26T13:47:59.196+0000] {docker.py:69} INFO -     string(8) "php-app1"
[2025-03-26T13:47:59.196+0000] {docker.py:69} INFO -     ["timestamp"]=>
[2025-03-26T13:47:59.196+0000] {docker.py:69} INFO -     int(1742996863)
[2025-03-26T13:47:59.196+0000] {docker.py:69} INFO -   }
[2025-03-26T13:47:59.197+0000] {docker.py:69} INFO -   [113]=>
[2025-03-26T13:47:59.197+0000] {docker.py:69} INFO -   object(stdClass)#115 (3) {
[2025-03-26T13:47:59.197+0000] {docker.py:69} INFO -     ["contador"]=>
[2025-03-26T13:47:59.198+0000] {docker.py:69} INFO -     int(1)
[2025-03-26T13:47:59.198+0000] {docker.py:69} INFO -     ["container"]=>
[2025-03-26T13:47:59.198+0000] {docker.py:69} INFO -     string(8) "php-app1"
[2025-03-26T13:47:59.199+0000] {docker.py:69} INFO -     ["timestamp"]=>
[2025-03-26T13:47:59.199+0000] {docker.py:69} INFO -     int(1742996873)
[2025-03-26T13:47:59.199+0000] {docker.py:69} INFO -   }
[2025-03-26T13:47:59.200+0000] {docker.py:69} INFO -   [114]=>
[2025-03-26T13:47:59.200+0000] {docker.py:69} INFO -   object(stdClass)#116 (3) {
[2025-03-26T13:47:59.200+0000] {docker.py:69} INFO -     ["contador"]=>
[2025-03-26T13:47:59.201+0000] {docker.py:69} INFO -     int(1)
[2025-03-26T13:47:59.201+0000] {docker.py:69} INFO -     ["container"]=>
[2025-03-26T13:47:59.201+0000] {docker.py:69} INFO -     string(8) "php-app1"
[2025-03-26T13:47:59.202+0000] {docker.py:69} INFO -     ["timestamp"]=>
[2025-03-26T13:47:59.202+0000] {docker.py:69} INFO -     int(1742996874)
[2025-03-26T13:47:59.202+0000] {docker.py:69} INFO -   }
[2025-03-26T13:47:59.203+0000] {docker.py:69} INFO -   [115]=>
[2025-03-26T13:47:59.203+0000] {docker.py:69} INFO -   object(stdClass)#117 (3) {
[2025-03-26T13:47:59.203+0000] {docker.py:69} INFO -     ["contador"]=>
[2025-03-26T13:47:59.204+0000] {docker.py:69} INFO -     int(1)
[2025-03-26T13:47:59.204+0000] {docker.py:69} INFO -     ["container"]=>
[2025-03-26T13:47:59.204+0000] {docker.py:69} INFO -     string(8) "php-app2"
[2025-03-26T13:47:59.205+0000] {docker.py:69} INFO -     ["timestamp"]=>
[2025-03-26T13:47:59.205+0000] {docker.py:69} INFO -     int(1742996875)
[2025-03-26T13:47:59.205+0000] {docker.py:69} INFO -   }
[2025-03-26T13:47:59.206+0000] {docker.py:69} INFO -   [116]=>
[2025-03-26T13:47:59.206+0000] {docker.py:69} INFO -   object(stdClass)#118 (3) {
[2025-03-26T13:47:59.206+0000] {docker.py:69} INFO -     ["contador"]=>
[2025-03-26T13:47:59.207+0000] {docker.py:69} INFO -     int(1)
[2025-03-26T13:47:59.207+0000] {docker.py:69} INFO -     ["container"]=>
[2025-03-26T13:47:59.207+0000] {docker.py:69} INFO -     string(8) "php-app2"
[2025-03-26T13:47:59.208+0000] {docker.py:69} INFO -     ["timestamp"]=>
[2025-03-26T13:47:59.208+0000] {docker.py:69} INFO -     int(1742996876)
[2025-03-26T13:47:59.208+0000] {docker.py:69} INFO -   }
[2025-03-26T13:47:59.209+0000] {docker.py:69} INFO -   [117]=>
[2025-03-26T13:47:59.209+0000] {docker.py:69} INFO -   object(stdClass)#119 (3) {
[2025-03-26T13:47:59.209+0000] {docker.py:69} INFO -     ["contador"]=>
[2025-03-26T13:47:59.210+0000] {docker.py:69} INFO -     int(1)
[2025-03-26T13:47:59.210+0000] {docker.py:69} INFO -     ["container"]=>
[2025-03-26T13:47:59.210+0000] {docker.py:69} INFO -     string(8) "php-app2"
[2025-03-26T13:47:59.211+0000] {docker.py:69} INFO -     ["timestamp"]=>
[2025-03-26T13:47:59.211+0000] {docker.py:69} INFO -     int(1742996876)
[2025-03-26T13:47:59.211+0000] {docker.py:69} INFO -   }
[2025-03-26T13:47:59.212+0000] {docker.py:69} INFO -   [118]=>
[2025-03-26T13:47:59.212+0000] {docker.py:69} INFO -   array(3) {
[2025-03-26T13:47:59.212+0000] {docker.py:69} INFO -     ["contador"]=>
[2025-03-26T13:47:59.213+0000] {docker.py:69} INFO -     int(1)
[2025-03-26T13:47:59.213+0000] {docker.py:69} INFO -     ["container"]=>
[2025-03-26T13:47:59.214+0000] {docker.py:69} INFO -     string(8) "php-app2"
[2025-03-26T13:47:59.214+0000] {docker.py:69} INFO -     ["timestamp"]=>
[2025-03-26T13:47:59.214+0000] {docker.py:69} INFO -     int(1742996876)
[2025-03-26T13:47:59.215+0000] {docker.py:69} INFO -   }
[2025-03-26T13:47:59.215+0000] {docker.py:69} INFO - }
[2025-03-26T13:48:00.046+0000] {taskinstance.py:341} INFO - ::group::Post task execution logs
[2025-03-26T13:48:00.047+0000] {taskinstance.py:353} INFO - Marking task as SUCCESS. dag_id=containers1_dag, task_id=php_app2, run_id=scheduled__2025-03-25T04:00:00+00:00, execution_date=20250325T040000, start_date=20250326T134751, end_date=20250326T134800
[2025-03-26T13:48:02.682+0000] {local_task_job_runner.py:266} INFO - Task exited with return code 0
[2025-03-26T13:48:03.132+0000] {taskinstance.py:3901} INFO - 0 downstream tasks scheduled from follow-on schedule check
[2025-03-26T13:48:03.423+0000] {local_task_job_runner.py:245} INFO - ::endgroup::
